[2025-11-28T15:01:52.743+0300] {taskinstance.py:1090} INFO - Dependencies all met for dep_context=non-requeueable deps ti=<TaskInstance: sql_pipeline.display_results manual__2025-11-28T12:01:34.246528+00:00 [queued]>
[2025-11-28T15:01:52.754+0300] {taskinstance.py:1090} INFO - Dependencies all met for dep_context=requeueable deps ti=<TaskInstance: sql_pipeline.display_results manual__2025-11-28T12:01:34.246528+00:00 [queued]>
[2025-11-28T15:01:52.754+0300] {taskinstance.py:1288} INFO - 
--------------------------------------------------------------------------------
[2025-11-28T15:01:52.755+0300] {taskinstance.py:1289} INFO - Starting attempt 1 of 1
[2025-11-28T15:01:52.755+0300] {taskinstance.py:1290} INFO - 
--------------------------------------------------------------------------------
[2025-11-28T15:01:52.779+0300] {taskinstance.py:1309} INFO - Executing <Task(SqliteOperator): display_results> on 2025-11-28 12:01:34.246528+00:00
[2025-11-28T15:01:52.783+0300] {standard_task_runner.py:55} INFO - Started process 497839 to run task
[2025-11-28T15:01:52.788+0300] {standard_task_runner.py:82} INFO - Running: ['airflow', 'tasks', 'run', 'sql_pipeline', 'display_results', 'manual__2025-11-28T12:01:34.246528+00:00', '--job-id', '126', '--raw', '--subdir', 'DAGS_FOLDER/sql_pipeline.py', '--cfg-path', '/tmp/tmp2k4ly2vs']
[2025-11-28T15:01:52.790+0300] {standard_task_runner.py:83} INFO - Job 126: Subtask display_results
[2025-11-28T15:01:52.850+0300] {task_command.py:389} INFO - Running <TaskInstance: sql_pipeline.display_results manual__2025-11-28T12:01:34.246528+00:00 [running]> on host DESKTOP-P0U82UP.
[2025-11-28T15:01:52.924+0300] {taskinstance.py:1518} INFO - Exporting the following env vars:
AIRFLOW_CTX_DAG_OWNER=pker
AIRFLOW_CTX_DAG_ID=sql_pipeline
AIRFLOW_CTX_TASK_ID=display_results
AIRFLOW_CTX_EXECUTION_DATE=2025-11-28T12:01:34.246528+00:00
AIRFLOW_CTX_TRY_NUMBER=1
AIRFLOW_CTX_DAG_RUN_ID=manual__2025-11-28T12:01:34.246528+00:00
[2025-11-28T15:01:52.925+0300] {sql.py:254} INFO - Executing: 
        SELECT * FROM users;
        
[2025-11-28T15:01:52.929+0300] {base.py:73} INFO - Using connection ID 'my_sqlite_conn' for task execution.
[2025-11-28T15:01:53.027+0300] {base.py:73} INFO - Using connection ID 'my_sqlite_conn' for task execution.
[2025-11-28T15:01:53.027+0300] {sql.py:375} INFO - Running statement: 
        SELECT * FROM users;
        , parameters: None
[2025-11-28T15:01:53.075+0300] {taskinstance.py:1332} INFO - Marking task as SUCCESS. dag_id=sql_pipeline, task_id=display_results, execution_date=20251128T120134, start_date=20251128T120152, end_date=20251128T120153
[2025-11-28T15:01:53.100+0300] {local_task_job.py:212} INFO - Task exited with return code 0
[2025-11-28T15:01:53.119+0300] {taskinstance.py:2596} INFO - 0 downstream tasks scheduled from follow-on schedule check
