[2025-11-21T12:20:04.515+0300] {taskinstance.py:1090} INFO - Dependencies all met for dep_context=non-requeueable deps ti=<TaskInstance: hello_world.hello_world_task manual__2025-11-21T09:20:01.369460+00:00 [queued]>
[2025-11-21T12:20:04.523+0300] {taskinstance.py:1090} INFO - Dependencies all met for dep_context=requeueable deps ti=<TaskInstance: hello_world.hello_world_task manual__2025-11-21T09:20:01.369460+00:00 [queued]>
[2025-11-21T12:20:04.523+0300] {taskinstance.py:1288} INFO - 
--------------------------------------------------------------------------------
[2025-11-21T12:20:04.524+0300] {taskinstance.py:1289} INFO - Starting attempt 1 of 1
[2025-11-21T12:20:04.524+0300] {taskinstance.py:1290} INFO - 
--------------------------------------------------------------------------------
[2025-11-21T12:20:04.552+0300] {taskinstance.py:1309} INFO - Executing <Task(BashOperator): hello_world_task> on 2025-11-21 09:20:01.369460+00:00
[2025-11-21T12:20:04.555+0300] {standard_task_runner.py:55} INFO - Started process 33589 to run task
[2025-11-21T12:20:04.563+0300] {standard_task_runner.py:82} INFO - Running: ['airflow', 'tasks', 'run', 'hello_world', 'hello_world_task', 'manual__2025-11-21T09:20:01.369460+00:00', '--job-id', '8', '--raw', '--subdir', 'DAGS_FOLDER/weather_dag.py', '--cfg-path', '/tmp/tmp_xy6k0ps']
[2025-11-21T12:20:04.565+0300] {standard_task_runner.py:83} INFO - Job 8: Subtask hello_world_task
[2025-11-21T12:20:04.654+0300] {task_command.py:389} INFO - Running <TaskInstance: hello_world.hello_world_task manual__2025-11-21T09:20:01.369460+00:00 [running]> on host DESKTOP-P0U82UP.
[2025-11-21T12:20:04.764+0300] {taskinstance.py:1518} INFO - Exporting the following env vars:
AIRFLOW_CTX_DAG_OWNER=pker
AIRFLOW_CTX_DAG_ID=hello_world
AIRFLOW_CTX_TASK_ID=hello_world_task
AIRFLOW_CTX_EXECUTION_DATE=2025-11-21T09:20:01.369460+00:00
AIRFLOW_CTX_TRY_NUMBER=1
AIRFLOW_CTX_DAG_RUN_ID=manual__2025-11-21T09:20:01.369460+00:00
[2025-11-21T12:20:04.767+0300] {subprocess.py:63} INFO - Tmp dir root location: 
 /tmp
[2025-11-21T12:20:04.768+0300] {subprocess.py:75} INFO - Running command: ['/usr/bin/bash', '-c', 'echo Hello World']
[2025-11-21T12:20:04.778+0300] {subprocess.py:86} INFO - Output:
[2025-11-21T12:20:04.780+0300] {subprocess.py:93} INFO - Hello World
[2025-11-21T12:20:04.780+0300] {subprocess.py:97} INFO - Command exited with return code 0
[2025-11-21T12:20:04.819+0300] {taskinstance.py:1332} INFO - Marking task as SUCCESS. dag_id=hello_world, task_id=hello_world_task, execution_date=20251121T092001, start_date=20251121T092004, end_date=20251121T092004
[2025-11-21T12:20:04.869+0300] {local_task_job.py:212} INFO - Task exited with return code 0
[2025-11-21T12:20:04.897+0300] {taskinstance.py:2596} INFO - 0 downstream tasks scheduled from follow-on schedule check
