[2025-12-01T20:15:26.510+0300] {processor.py:153} INFO - Started process (PID=919681) to work on /home/pker/airflow_env/lib/python3.7/site-packages/airflow/example_dags/plugins/event_listener.py
[2025-12-01T20:15:26.511+0300] {processor.py:743} INFO - Processing file /home/pker/airflow_env/lib/python3.7/site-packages/airflow/example_dags/plugins/event_listener.py for tasks to queue
[2025-12-01T20:15:26.512+0300] {logging_mixin.py:137} INFO - [2025-12-01T20:15:26.512+0300] {dagbag.py:532} INFO - Filling up the DagBag from /home/pker/airflow_env/lib/python3.7/site-packages/airflow/example_dags/plugins/event_listener.py
[2025-12-01T20:15:26.515+0300] {processor.py:755} WARNING - No viable dags retrieved from /home/pker/airflow_env/lib/python3.7/site-packages/airflow/example_dags/plugins/event_listener.py
[2025-12-01T20:15:26.532+0300] {processor.py:175} INFO - Processing /home/pker/airflow_env/lib/python3.7/site-packages/airflow/example_dags/plugins/event_listener.py took 0.027 seconds
[2025-12-01T20:16:21.455+0300] {processor.py:153} INFO - Started process (PID=919879) to work on /home/pker/airflow_env/lib/python3.7/site-packages/airflow/example_dags/plugins/event_listener.py
[2025-12-01T20:16:21.467+0300] {processor.py:743} INFO - Processing file /home/pker/airflow_env/lib/python3.7/site-packages/airflow/example_dags/plugins/event_listener.py for tasks to queue
[2025-12-01T20:16:21.470+0300] {logging_mixin.py:137} INFO - [2025-12-01T20:16:21.469+0300] {dagbag.py:532} INFO - Filling up the DagBag from /home/pker/airflow_env/lib/python3.7/site-packages/airflow/example_dags/plugins/event_listener.py
[2025-12-01T20:16:21.473+0300] {processor.py:755} WARNING - No viable dags retrieved from /home/pker/airflow_env/lib/python3.7/site-packages/airflow/example_dags/plugins/event_listener.py
[2025-12-01T20:16:21.489+0300] {processor.py:175} INFO - Processing /home/pker/airflow_env/lib/python3.7/site-packages/airflow/example_dags/plugins/event_listener.py took 0.040 seconds
[2025-12-01T20:17:39.113+0300] {processor.py:153} INFO - Started process (PID=920151) to work on /home/pker/airflow_env/lib/python3.7/site-packages/airflow/example_dags/plugins/event_listener.py
[2025-12-01T20:17:39.131+0300] {processor.py:743} INFO - Processing file /home/pker/airflow_env/lib/python3.7/site-packages/airflow/example_dags/plugins/event_listener.py for tasks to queue
[2025-12-01T20:17:39.133+0300] {logging_mixin.py:137} INFO - [2025-12-01T20:17:39.133+0300] {dagbag.py:532} INFO - Filling up the DagBag from /home/pker/airflow_env/lib/python3.7/site-packages/airflow/example_dags/plugins/event_listener.py
[2025-12-01T20:17:39.137+0300] {processor.py:755} WARNING - No viable dags retrieved from /home/pker/airflow_env/lib/python3.7/site-packages/airflow/example_dags/plugins/event_listener.py
[2025-12-01T20:17:39.156+0300] {processor.py:175} INFO - Processing /home/pker/airflow_env/lib/python3.7/site-packages/airflow/example_dags/plugins/event_listener.py took 0.049 seconds
[2025-12-01T20:18:51.220+0300] {processor.py:153} INFO - Started process (PID=920417) to work on /home/pker/airflow_env/lib/python3.7/site-packages/airflow/example_dags/plugins/event_listener.py
[2025-12-01T20:18:51.245+0300] {processor.py:743} INFO - Processing file /home/pker/airflow_env/lib/python3.7/site-packages/airflow/example_dags/plugins/event_listener.py for tasks to queue
[2025-12-01T20:18:51.247+0300] {logging_mixin.py:137} INFO - [2025-12-01T20:18:51.247+0300] {dagbag.py:532} INFO - Filling up the DagBag from /home/pker/airflow_env/lib/python3.7/site-packages/airflow/example_dags/plugins/event_listener.py
[2025-12-01T20:18:51.252+0300] {processor.py:755} WARNING - No viable dags retrieved from /home/pker/airflow_env/lib/python3.7/site-packages/airflow/example_dags/plugins/event_listener.py
[2025-12-01T20:18:51.271+0300] {processor.py:175} INFO - Processing /home/pker/airflow_env/lib/python3.7/site-packages/airflow/example_dags/plugins/event_listener.py took 0.057 seconds
[2025-12-01T20:20:02.353+0300] {processor.py:153} INFO - Started process (PID=920689) to work on /home/pker/airflow_env/lib/python3.7/site-packages/airflow/example_dags/plugins/event_listener.py
[2025-12-01T20:20:02.376+0300] {processor.py:743} INFO - Processing file /home/pker/airflow_env/lib/python3.7/site-packages/airflow/example_dags/plugins/event_listener.py for tasks to queue
[2025-12-01T20:20:02.378+0300] {logging_mixin.py:137} INFO - [2025-12-01T20:20:02.378+0300] {dagbag.py:532} INFO - Filling up the DagBag from /home/pker/airflow_env/lib/python3.7/site-packages/airflow/example_dags/plugins/event_listener.py
[2025-12-01T20:20:02.382+0300] {processor.py:755} WARNING - No viable dags retrieved from /home/pker/airflow_env/lib/python3.7/site-packages/airflow/example_dags/plugins/event_listener.py
[2025-12-01T20:20:02.398+0300] {processor.py:175} INFO - Processing /home/pker/airflow_env/lib/python3.7/site-packages/airflow/example_dags/plugins/event_listener.py took 0.051 seconds
[2025-12-01T20:21:14.192+0300] {processor.py:153} INFO - Started process (PID=920944) to work on /home/pker/airflow_env/lib/python3.7/site-packages/airflow/example_dags/plugins/event_listener.py
[2025-12-01T20:21:14.195+0300] {processor.py:743} INFO - Processing file /home/pker/airflow_env/lib/python3.7/site-packages/airflow/example_dags/plugins/event_listener.py for tasks to queue
[2025-12-01T20:21:14.196+0300] {logging_mixin.py:137} INFO - [2025-12-01T20:21:14.196+0300] {dagbag.py:532} INFO - Filling up the DagBag from /home/pker/airflow_env/lib/python3.7/site-packages/airflow/example_dags/plugins/event_listener.py
[2025-12-01T20:21:14.199+0300] {processor.py:755} WARNING - No viable dags retrieved from /home/pker/airflow_env/lib/python3.7/site-packages/airflow/example_dags/plugins/event_listener.py
[2025-12-01T20:21:14.216+0300] {processor.py:175} INFO - Processing /home/pker/airflow_env/lib/python3.7/site-packages/airflow/example_dags/plugins/event_listener.py took 0.029 seconds
[2025-12-01T20:22:25.608+0300] {processor.py:153} INFO - Started process (PID=921203) to work on /home/pker/airflow_env/lib/python3.7/site-packages/airflow/example_dags/plugins/event_listener.py
[2025-12-01T20:22:25.633+0300] {processor.py:743} INFO - Processing file /home/pker/airflow_env/lib/python3.7/site-packages/airflow/example_dags/plugins/event_listener.py for tasks to queue
[2025-12-01T20:22:25.636+0300] {logging_mixin.py:137} INFO - [2025-12-01T20:22:25.636+0300] {dagbag.py:532} INFO - Filling up the DagBag from /home/pker/airflow_env/lib/python3.7/site-packages/airflow/example_dags/plugins/event_listener.py
[2025-12-01T20:22:25.639+0300] {processor.py:755} WARNING - No viable dags retrieved from /home/pker/airflow_env/lib/python3.7/site-packages/airflow/example_dags/plugins/event_listener.py
[2025-12-01T20:22:25.651+0300] {processor.py:175} INFO - Processing /home/pker/airflow_env/lib/python3.7/site-packages/airflow/example_dags/plugins/event_listener.py took 0.048 seconds
[2025-12-01T20:23:44.659+0300] {processor.py:153} INFO - Started process (PID=921481) to work on /home/pker/airflow_env/lib/python3.7/site-packages/airflow/example_dags/plugins/event_listener.py
[2025-12-01T20:23:44.682+0300] {processor.py:743} INFO - Processing file /home/pker/airflow_env/lib/python3.7/site-packages/airflow/example_dags/plugins/event_listener.py for tasks to queue
[2025-12-01T20:23:44.684+0300] {logging_mixin.py:137} INFO - [2025-12-01T20:23:44.684+0300] {dagbag.py:532} INFO - Filling up the DagBag from /home/pker/airflow_env/lib/python3.7/site-packages/airflow/example_dags/plugins/event_listener.py
[2025-12-01T20:23:44.688+0300] {processor.py:755} WARNING - No viable dags retrieved from /home/pker/airflow_env/lib/python3.7/site-packages/airflow/example_dags/plugins/event_listener.py
[2025-12-01T20:23:44.704+0300] {processor.py:175} INFO - Processing /home/pker/airflow_env/lib/python3.7/site-packages/airflow/example_dags/plugins/event_listener.py took 0.052 seconds
[2025-12-01T20:25:00.652+0300] {processor.py:153} INFO - Started process (PID=921773) to work on /home/pker/airflow_env/lib/python3.7/site-packages/airflow/example_dags/plugins/event_listener.py
[2025-12-01T20:25:00.674+0300] {processor.py:743} INFO - Processing file /home/pker/airflow_env/lib/python3.7/site-packages/airflow/example_dags/plugins/event_listener.py for tasks to queue
[2025-12-01T20:25:00.676+0300] {logging_mixin.py:137} INFO - [2025-12-01T20:25:00.675+0300] {dagbag.py:532} INFO - Filling up the DagBag from /home/pker/airflow_env/lib/python3.7/site-packages/airflow/example_dags/plugins/event_listener.py
[2025-12-01T20:25:00.678+0300] {processor.py:755} WARNING - No viable dags retrieved from /home/pker/airflow_env/lib/python3.7/site-packages/airflow/example_dags/plugins/event_listener.py
[2025-12-01T20:25:00.701+0300] {processor.py:175} INFO - Processing /home/pker/airflow_env/lib/python3.7/site-packages/airflow/example_dags/plugins/event_listener.py took 0.055 seconds
[2025-12-01T20:26:10.832+0300] {processor.py:153} INFO - Started process (PID=922025) to work on /home/pker/airflow_env/lib/python3.7/site-packages/airflow/example_dags/plugins/event_listener.py
[2025-12-01T20:26:10.836+0300] {processor.py:743} INFO - Processing file /home/pker/airflow_env/lib/python3.7/site-packages/airflow/example_dags/plugins/event_listener.py for tasks to queue
[2025-12-01T20:26:10.838+0300] {logging_mixin.py:137} INFO - [2025-12-01T20:26:10.837+0300] {dagbag.py:532} INFO - Filling up the DagBag from /home/pker/airflow_env/lib/python3.7/site-packages/airflow/example_dags/plugins/event_listener.py
[2025-12-01T20:26:10.841+0300] {processor.py:755} WARNING - No viable dags retrieved from /home/pker/airflow_env/lib/python3.7/site-packages/airflow/example_dags/plugins/event_listener.py
[2025-12-01T20:26:10.857+0300] {processor.py:175} INFO - Processing /home/pker/airflow_env/lib/python3.7/site-packages/airflow/example_dags/plugins/event_listener.py took 0.030 seconds
[2025-12-01T20:27:21.418+0300] {processor.py:153} INFO - Started process (PID=922279) to work on /home/pker/airflow_env/lib/python3.7/site-packages/airflow/example_dags/plugins/event_listener.py
[2025-12-01T20:27:21.438+0300] {processor.py:743} INFO - Processing file /home/pker/airflow_env/lib/python3.7/site-packages/airflow/example_dags/plugins/event_listener.py for tasks to queue
[2025-12-01T20:27:21.440+0300] {logging_mixin.py:137} INFO - [2025-12-01T20:27:21.440+0300] {dagbag.py:532} INFO - Filling up the DagBag from /home/pker/airflow_env/lib/python3.7/site-packages/airflow/example_dags/plugins/event_listener.py
[2025-12-01T20:27:21.443+0300] {processor.py:755} WARNING - No viable dags retrieved from /home/pker/airflow_env/lib/python3.7/site-packages/airflow/example_dags/plugins/event_listener.py
[2025-12-01T20:27:21.460+0300] {processor.py:175} INFO - Processing /home/pker/airflow_env/lib/python3.7/site-packages/airflow/example_dags/plugins/event_listener.py took 0.048 seconds
[2025-12-01T20:28:31.731+0300] {processor.py:153} INFO - Started process (PID=922531) to work on /home/pker/airflow_env/lib/python3.7/site-packages/airflow/example_dags/plugins/event_listener.py
[2025-12-01T20:28:31.752+0300] {processor.py:743} INFO - Processing file /home/pker/airflow_env/lib/python3.7/site-packages/airflow/example_dags/plugins/event_listener.py for tasks to queue
[2025-12-01T20:28:31.754+0300] {logging_mixin.py:137} INFO - [2025-12-01T20:28:31.754+0300] {dagbag.py:532} INFO - Filling up the DagBag from /home/pker/airflow_env/lib/python3.7/site-packages/airflow/example_dags/plugins/event_listener.py
[2025-12-01T20:28:31.758+0300] {processor.py:755} WARNING - No viable dags retrieved from /home/pker/airflow_env/lib/python3.7/site-packages/airflow/example_dags/plugins/event_listener.py
[2025-12-01T20:28:31.781+0300] {processor.py:175} INFO - Processing /home/pker/airflow_env/lib/python3.7/site-packages/airflow/example_dags/plugins/event_listener.py took 0.055 seconds
[2025-12-01T20:29:39.652+0300] {processor.py:153} INFO - Started process (PID=922807) to work on /home/pker/airflow_env/lib/python3.7/site-packages/airflow/example_dags/plugins/event_listener.py
[2025-12-01T20:29:39.676+0300] {processor.py:743} INFO - Processing file /home/pker/airflow_env/lib/python3.7/site-packages/airflow/example_dags/plugins/event_listener.py for tasks to queue
[2025-12-01T20:29:39.678+0300] {logging_mixin.py:137} INFO - [2025-12-01T20:29:39.678+0300] {dagbag.py:532} INFO - Filling up the DagBag from /home/pker/airflow_env/lib/python3.7/site-packages/airflow/example_dags/plugins/event_listener.py
[2025-12-01T20:29:39.682+0300] {processor.py:755} WARNING - No viable dags retrieved from /home/pker/airflow_env/lib/python3.7/site-packages/airflow/example_dags/plugins/event_listener.py
[2025-12-01T20:29:39.699+0300] {processor.py:175} INFO - Processing /home/pker/airflow_env/lib/python3.7/site-packages/airflow/example_dags/plugins/event_listener.py took 0.052 seconds
[2025-12-01T20:30:58.290+0300] {processor.py:153} INFO - Started process (PID=923082) to work on /home/pker/airflow_env/lib/python3.7/site-packages/airflow/example_dags/plugins/event_listener.py
[2025-12-01T20:30:58.313+0300] {processor.py:743} INFO - Processing file /home/pker/airflow_env/lib/python3.7/site-packages/airflow/example_dags/plugins/event_listener.py for tasks to queue
[2025-12-01T20:30:58.316+0300] {logging_mixin.py:137} INFO - [2025-12-01T20:30:58.316+0300] {dagbag.py:532} INFO - Filling up the DagBag from /home/pker/airflow_env/lib/python3.7/site-packages/airflow/example_dags/plugins/event_listener.py
[2025-12-01T20:30:58.319+0300] {processor.py:755} WARNING - No viable dags retrieved from /home/pker/airflow_env/lib/python3.7/site-packages/airflow/example_dags/plugins/event_listener.py
[2025-12-01T20:30:58.335+0300] {processor.py:175} INFO - Processing /home/pker/airflow_env/lib/python3.7/site-packages/airflow/example_dags/plugins/event_listener.py took 0.050 seconds
