[2025-12-01T20:15:25.553+0300] {processor.py:153} INFO - Started process (PID=919680) to work on /home/pker/airflow_env/lib/python3.7/site-packages/airflow/example_dags/plugins/listener_plugin.py
[2025-12-01T20:15:25.554+0300] {processor.py:743} INFO - Processing file /home/pker/airflow_env/lib/python3.7/site-packages/airflow/example_dags/plugins/listener_plugin.py for tasks to queue
[2025-12-01T20:15:25.556+0300] {logging_mixin.py:137} INFO - [2025-12-01T20:15:25.556+0300] {dagbag.py:532} INFO - Filling up the DagBag from /home/pker/airflow_env/lib/python3.7/site-packages/airflow/example_dags/plugins/listener_plugin.py
[2025-12-01T20:15:25.560+0300] {processor.py:755} WARNING - No viable dags retrieved from /home/pker/airflow_env/lib/python3.7/site-packages/airflow/example_dags/plugins/listener_plugin.py
[2025-12-01T20:15:25.575+0300] {processor.py:175} INFO - Processing /home/pker/airflow_env/lib/python3.7/site-packages/airflow/example_dags/plugins/listener_plugin.py took 0.028 seconds
[2025-12-01T20:16:20.243+0300] {processor.py:153} INFO - Started process (PID=919870) to work on /home/pker/airflow_env/lib/python3.7/site-packages/airflow/example_dags/plugins/listener_plugin.py
[2025-12-01T20:16:20.267+0300] {processor.py:743} INFO - Processing file /home/pker/airflow_env/lib/python3.7/site-packages/airflow/example_dags/plugins/listener_plugin.py for tasks to queue
[2025-12-01T20:16:20.270+0300] {logging_mixin.py:137} INFO - [2025-12-01T20:16:20.269+0300] {dagbag.py:532} INFO - Filling up the DagBag from /home/pker/airflow_env/lib/python3.7/site-packages/airflow/example_dags/plugins/listener_plugin.py
[2025-12-01T20:16:20.274+0300] {processor.py:755} WARNING - No viable dags retrieved from /home/pker/airflow_env/lib/python3.7/site-packages/airflow/example_dags/plugins/listener_plugin.py
[2025-12-01T20:16:20.294+0300] {processor.py:175} INFO - Processing /home/pker/airflow_env/lib/python3.7/site-packages/airflow/example_dags/plugins/listener_plugin.py took 0.055 seconds
[2025-12-01T20:17:37.912+0300] {processor.py:153} INFO - Started process (PID=920145) to work on /home/pker/airflow_env/lib/python3.7/site-packages/airflow/example_dags/plugins/listener_plugin.py
[2025-12-01T20:17:37.915+0300] {processor.py:743} INFO - Processing file /home/pker/airflow_env/lib/python3.7/site-packages/airflow/example_dags/plugins/listener_plugin.py for tasks to queue
[2025-12-01T20:17:37.917+0300] {logging_mixin.py:137} INFO - [2025-12-01T20:17:37.916+0300] {dagbag.py:532} INFO - Filling up the DagBag from /home/pker/airflow_env/lib/python3.7/site-packages/airflow/example_dags/plugins/listener_plugin.py
[2025-12-01T20:17:37.921+0300] {processor.py:755} WARNING - No viable dags retrieved from /home/pker/airflow_env/lib/python3.7/site-packages/airflow/example_dags/plugins/listener_plugin.py
[2025-12-01T20:17:37.938+0300] {processor.py:175} INFO - Processing /home/pker/airflow_env/lib/python3.7/site-packages/airflow/example_dags/plugins/listener_plugin.py took 0.032 seconds
[2025-12-01T20:18:50.054+0300] {processor.py:153} INFO - Started process (PID=920410) to work on /home/pker/airflow_env/lib/python3.7/site-packages/airflow/example_dags/plugins/listener_plugin.py
[2025-12-01T20:18:50.078+0300] {processor.py:743} INFO - Processing file /home/pker/airflow_env/lib/python3.7/site-packages/airflow/example_dags/plugins/listener_plugin.py for tasks to queue
[2025-12-01T20:18:50.081+0300] {logging_mixin.py:137} INFO - [2025-12-01T20:18:50.080+0300] {dagbag.py:532} INFO - Filling up the DagBag from /home/pker/airflow_env/lib/python3.7/site-packages/airflow/example_dags/plugins/listener_plugin.py
[2025-12-01T20:18:50.085+0300] {processor.py:755} WARNING - No viable dags retrieved from /home/pker/airflow_env/lib/python3.7/site-packages/airflow/example_dags/plugins/listener_plugin.py
[2025-12-01T20:18:50.102+0300] {processor.py:175} INFO - Processing /home/pker/airflow_env/lib/python3.7/site-packages/airflow/example_dags/plugins/listener_plugin.py took 0.053 seconds
[2025-12-01T20:20:01.186+0300] {processor.py:153} INFO - Started process (PID=920688) to work on /home/pker/airflow_env/lib/python3.7/site-packages/airflow/example_dags/plugins/listener_plugin.py
[2025-12-01T20:20:01.189+0300] {processor.py:743} INFO - Processing file /home/pker/airflow_env/lib/python3.7/site-packages/airflow/example_dags/plugins/listener_plugin.py for tasks to queue
[2025-12-01T20:20:01.191+0300] {logging_mixin.py:137} INFO - [2025-12-01T20:20:01.191+0300] {dagbag.py:532} INFO - Filling up the DagBag from /home/pker/airflow_env/lib/python3.7/site-packages/airflow/example_dags/plugins/listener_plugin.py
[2025-12-01T20:20:01.196+0300] {processor.py:755} WARNING - No viable dags retrieved from /home/pker/airflow_env/lib/python3.7/site-packages/airflow/example_dags/plugins/listener_plugin.py
[2025-12-01T20:20:01.217+0300] {processor.py:175} INFO - Processing /home/pker/airflow_env/lib/python3.7/site-packages/airflow/example_dags/plugins/listener_plugin.py took 0.036 seconds
[2025-12-01T20:21:13.702+0300] {processor.py:153} INFO - Started process (PID=920943) to work on /home/pker/airflow_env/lib/python3.7/site-packages/airflow/example_dags/plugins/listener_plugin.py
[2025-12-01T20:21:13.725+0300] {processor.py:743} INFO - Processing file /home/pker/airflow_env/lib/python3.7/site-packages/airflow/example_dags/plugins/listener_plugin.py for tasks to queue
[2025-12-01T20:21:13.727+0300] {logging_mixin.py:137} INFO - [2025-12-01T20:21:13.727+0300] {dagbag.py:532} INFO - Filling up the DagBag from /home/pker/airflow_env/lib/python3.7/site-packages/airflow/example_dags/plugins/listener_plugin.py
[2025-12-01T20:21:13.732+0300] {processor.py:755} WARNING - No viable dags retrieved from /home/pker/airflow_env/lib/python3.7/site-packages/airflow/example_dags/plugins/listener_plugin.py
[2025-12-01T20:21:13.750+0300] {processor.py:175} INFO - Processing /home/pker/airflow_env/lib/python3.7/site-packages/airflow/example_dags/plugins/listener_plugin.py took 0.053 seconds
[2025-12-01T20:22:24.397+0300] {processor.py:153} INFO - Started process (PID=921196) to work on /home/pker/airflow_env/lib/python3.7/site-packages/airflow/example_dags/plugins/listener_plugin.py
[2025-12-01T20:22:24.400+0300] {processor.py:743} INFO - Processing file /home/pker/airflow_env/lib/python3.7/site-packages/airflow/example_dags/plugins/listener_plugin.py for tasks to queue
[2025-12-01T20:22:24.401+0300] {logging_mixin.py:137} INFO - [2025-12-01T20:22:24.401+0300] {dagbag.py:532} INFO - Filling up the DagBag from /home/pker/airflow_env/lib/python3.7/site-packages/airflow/example_dags/plugins/listener_plugin.py
[2025-12-01T20:22:24.405+0300] {processor.py:755} WARNING - No viable dags retrieved from /home/pker/airflow_env/lib/python3.7/site-packages/airflow/example_dags/plugins/listener_plugin.py
[2025-12-01T20:22:24.424+0300] {processor.py:175} INFO - Processing /home/pker/airflow_env/lib/python3.7/site-packages/airflow/example_dags/plugins/listener_plugin.py took 0.032 seconds
[2025-12-01T20:23:43.433+0300] {processor.py:153} INFO - Started process (PID=921477) to work on /home/pker/airflow_env/lib/python3.7/site-packages/airflow/example_dags/plugins/listener_plugin.py
[2025-12-01T20:23:43.454+0300] {processor.py:743} INFO - Processing file /home/pker/airflow_env/lib/python3.7/site-packages/airflow/example_dags/plugins/listener_plugin.py for tasks to queue
[2025-12-01T20:23:43.455+0300] {logging_mixin.py:137} INFO - [2025-12-01T20:23:43.455+0300] {dagbag.py:532} INFO - Filling up the DagBag from /home/pker/airflow_env/lib/python3.7/site-packages/airflow/example_dags/plugins/listener_plugin.py
[2025-12-01T20:23:43.459+0300] {processor.py:755} WARNING - No viable dags retrieved from /home/pker/airflow_env/lib/python3.7/site-packages/airflow/example_dags/plugins/listener_plugin.py
[2025-12-01T20:23:43.475+0300] {processor.py:175} INFO - Processing /home/pker/airflow_env/lib/python3.7/site-packages/airflow/example_dags/plugins/listener_plugin.py took 0.048 seconds
[2025-12-01T20:25:00.444+0300] {processor.py:153} INFO - Started process (PID=921772) to work on /home/pker/airflow_env/lib/python3.7/site-packages/airflow/example_dags/plugins/listener_plugin.py
[2025-12-01T20:25:00.466+0300] {processor.py:743} INFO - Processing file /home/pker/airflow_env/lib/python3.7/site-packages/airflow/example_dags/plugins/listener_plugin.py for tasks to queue
[2025-12-01T20:25:00.467+0300] {logging_mixin.py:137} INFO - [2025-12-01T20:25:00.467+0300] {dagbag.py:532} INFO - Filling up the DagBag from /home/pker/airflow_env/lib/python3.7/site-packages/airflow/example_dags/plugins/listener_plugin.py
[2025-12-01T20:25:00.471+0300] {processor.py:755} WARNING - No viable dags retrieved from /home/pker/airflow_env/lib/python3.7/site-packages/airflow/example_dags/plugins/listener_plugin.py
[2025-12-01T20:25:00.494+0300] {processor.py:175} INFO - Processing /home/pker/airflow_env/lib/python3.7/site-packages/airflow/example_dags/plugins/listener_plugin.py took 0.060 seconds
[2025-12-01T20:26:09.600+0300] {processor.py:153} INFO - Started process (PID=922024) to work on /home/pker/airflow_env/lib/python3.7/site-packages/airflow/example_dags/plugins/listener_plugin.py
[2025-12-01T20:26:09.624+0300] {processor.py:743} INFO - Processing file /home/pker/airflow_env/lib/python3.7/site-packages/airflow/example_dags/plugins/listener_plugin.py for tasks to queue
[2025-12-01T20:26:09.626+0300] {logging_mixin.py:137} INFO - [2025-12-01T20:26:09.626+0300] {dagbag.py:532} INFO - Filling up the DagBag from /home/pker/airflow_env/lib/python3.7/site-packages/airflow/example_dags/plugins/listener_plugin.py
[2025-12-01T20:26:09.632+0300] {processor.py:755} WARNING - No viable dags retrieved from /home/pker/airflow_env/lib/python3.7/site-packages/airflow/example_dags/plugins/listener_plugin.py
[2025-12-01T20:26:09.648+0300] {processor.py:175} INFO - Processing /home/pker/airflow_env/lib/python3.7/site-packages/airflow/example_dags/plugins/listener_plugin.py took 0.052 seconds
[2025-12-01T20:27:20.243+0300] {processor.py:153} INFO - Started process (PID=922272) to work on /home/pker/airflow_env/lib/python3.7/site-packages/airflow/example_dags/plugins/listener_plugin.py
[2025-12-01T20:27:20.265+0300] {processor.py:743} INFO - Processing file /home/pker/airflow_env/lib/python3.7/site-packages/airflow/example_dags/plugins/listener_plugin.py for tasks to queue
[2025-12-01T20:27:20.268+0300] {logging_mixin.py:137} INFO - [2025-12-01T20:27:20.267+0300] {dagbag.py:532} INFO - Filling up the DagBag from /home/pker/airflow_env/lib/python3.7/site-packages/airflow/example_dags/plugins/listener_plugin.py
[2025-12-01T20:27:20.273+0300] {processor.py:755} WARNING - No viable dags retrieved from /home/pker/airflow_env/lib/python3.7/site-packages/airflow/example_dags/plugins/listener_plugin.py
[2025-12-01T20:27:20.287+0300] {processor.py:175} INFO - Processing /home/pker/airflow_env/lib/python3.7/site-packages/airflow/example_dags/plugins/listener_plugin.py took 0.049 seconds
[2025-12-01T20:28:30.549+0300] {processor.py:153} INFO - Started process (PID=922530) to work on /home/pker/airflow_env/lib/python3.7/site-packages/airflow/example_dags/plugins/listener_plugin.py
[2025-12-01T20:28:30.551+0300] {processor.py:743} INFO - Processing file /home/pker/airflow_env/lib/python3.7/site-packages/airflow/example_dags/plugins/listener_plugin.py for tasks to queue
[2025-12-01T20:28:30.553+0300] {logging_mixin.py:137} INFO - [2025-12-01T20:28:30.552+0300] {dagbag.py:532} INFO - Filling up the DagBag from /home/pker/airflow_env/lib/python3.7/site-packages/airflow/example_dags/plugins/listener_plugin.py
[2025-12-01T20:28:30.556+0300] {processor.py:755} WARNING - No viable dags retrieved from /home/pker/airflow_env/lib/python3.7/site-packages/airflow/example_dags/plugins/listener_plugin.py
[2025-12-01T20:28:30.571+0300] {processor.py:175} INFO - Processing /home/pker/airflow_env/lib/python3.7/site-packages/airflow/example_dags/plugins/listener_plugin.py took 0.027 seconds
[2025-12-01T20:29:38.481+0300] {processor.py:153} INFO - Started process (PID=922800) to work on /home/pker/airflow_env/lib/python3.7/site-packages/airflow/example_dags/plugins/listener_plugin.py
[2025-12-01T20:29:38.504+0300] {processor.py:743} INFO - Processing file /home/pker/airflow_env/lib/python3.7/site-packages/airflow/example_dags/plugins/listener_plugin.py for tasks to queue
[2025-12-01T20:29:38.506+0300] {logging_mixin.py:137} INFO - [2025-12-01T20:29:38.506+0300] {dagbag.py:532} INFO - Filling up the DagBag from /home/pker/airflow_env/lib/python3.7/site-packages/airflow/example_dags/plugins/listener_plugin.py
[2025-12-01T20:29:38.512+0300] {processor.py:755} WARNING - No viable dags retrieved from /home/pker/airflow_env/lib/python3.7/site-packages/airflow/example_dags/plugins/listener_plugin.py
[2025-12-01T20:29:38.528+0300] {processor.py:175} INFO - Processing /home/pker/airflow_env/lib/python3.7/site-packages/airflow/example_dags/plugins/listener_plugin.py took 0.052 seconds
[2025-12-01T20:30:57.114+0300] {processor.py:153} INFO - Started process (PID=923081) to work on /home/pker/airflow_env/lib/python3.7/site-packages/airflow/example_dags/plugins/listener_plugin.py
[2025-12-01T20:30:57.137+0300] {processor.py:743} INFO - Processing file /home/pker/airflow_env/lib/python3.7/site-packages/airflow/example_dags/plugins/listener_plugin.py for tasks to queue
[2025-12-01T20:30:57.139+0300] {logging_mixin.py:137} INFO - [2025-12-01T20:30:57.139+0300] {dagbag.py:532} INFO - Filling up the DagBag from /home/pker/airflow_env/lib/python3.7/site-packages/airflow/example_dags/plugins/listener_plugin.py
[2025-12-01T20:30:57.144+0300] {processor.py:755} WARNING - No viable dags retrieved from /home/pker/airflow_env/lib/python3.7/site-packages/airflow/example_dags/plugins/listener_plugin.py
[2025-12-01T20:30:57.160+0300] {processor.py:175} INFO - Processing /home/pker/airflow_env/lib/python3.7/site-packages/airflow/example_dags/plugins/listener_plugin.py took 0.052 seconds
