[2025-12-24T13:16:05.403+0300] {taskinstance.py:1090} INFO - Dependencies all met for dep_context=non-requeueable deps ti=<TaskInstance: weather_dag.transform_weather_data manual__2025-12-24T10:15:55.474344+00:00 [queued]>
[2025-12-24T13:16:05.419+0300] {taskinstance.py:1090} INFO - Dependencies all met for dep_context=requeueable deps ti=<TaskInstance: weather_dag.transform_weather_data manual__2025-12-24T10:15:55.474344+00:00 [queued]>
[2025-12-24T13:16:05.420+0300] {taskinstance.py:1288} INFO - 
--------------------------------------------------------------------------------
[2025-12-24T13:16:05.420+0300] {taskinstance.py:1289} INFO - Starting attempt 1 of 1
[2025-12-24T13:16:05.420+0300] {taskinstance.py:1290} INFO - 
--------------------------------------------------------------------------------
[2025-12-24T13:16:05.463+0300] {taskinstance.py:1309} INFO - Executing <Task(PythonOperator): transform_weather_data> on 2025-12-24 10:15:55.474344+00:00
[2025-12-24T13:16:05.468+0300] {standard_task_runner.py:55} INFO - Started process 201678 to run task
[2025-12-24T13:16:05.474+0300] {standard_task_runner.py:82} INFO - Running: ['airflow', 'tasks', 'run', 'weather_dag', 'transform_weather_data', 'manual__2025-12-24T10:15:55.474344+00:00', '--job-id', '9', '--raw', '--subdir', 'DAGS_FOLDER/weather_dag.py', '--cfg-path', '/tmp/tmp8p5jfu_4']
[2025-12-24T13:16:05.475+0300] {standard_task_runner.py:83} INFO - Job 9: Subtask transform_weather_data
[2025-12-24T13:16:05.848+0300] {task_command.py:389} INFO - Running <TaskInstance: weather_dag.transform_weather_data manual__2025-12-24T10:15:55.474344+00:00 [running]> on host DESKTOP-P0U82UP.
[2025-12-24T13:16:06.357+0300] {taskinstance.py:1518} INFO - Exporting the following env vars:
AIRFLOW_CTX_DAG_OWNER=pker
AIRFLOW_CTX_DAG_ID=weather_dag
AIRFLOW_CTX_TASK_ID=transform_weather_data
AIRFLOW_CTX_EXECUTION_DATE=2025-12-24T10:15:55.474344+00:00
AIRFLOW_CTX_TRY_NUMBER=1
AIRFLOW_CTX_DAG_RUN_ID=manual__2025-12-24T10:15:55.474344+00:00
[2025-12-24T13:16:06.359+0300] {python.py:177} INFO - Done. Returned value was: [{'city': 'Nairobi', 'weather_description': 'broken clouds', 'temperature': 25.68, 'feels_like': 25.37, 'min_temperature': 25.68, 'max_temperature': 25.68, 'pressure': 1011, 'humidity': 41, 'wind_speed': 5.74, 'time_recorded': '2025-12-24T13:13:54+03:00', 'sunrise': '2025-12-24T06:26:23+03:00', 'sunset': '2025-12-24T18:38:04+03:00'}]
[2025-12-24T13:16:06.546+0300] {taskinstance.py:1332} INFO - Marking task as SUCCESS. dag_id=weather_dag, task_id=transform_weather_data, execution_date=20251224T101555, start_date=20251224T101605, end_date=20251224T101606
[2025-12-24T13:16:06.603+0300] {local_task_job.py:212} INFO - Task exited with return code 0
[2025-12-24T13:16:06.717+0300] {taskinstance.py:2596} INFO - 1 downstream tasks scheduled from follow-on schedule check
