[2025-11-21T10:44:45.669+0300] {processor.py:153} INFO - Started process (PID=30125) to work on /home/pker/airflow_env/lib/python3.7/site-packages/airflow/example_dags/plugins/listener_plugin.py
[2025-11-21T10:44:45.670+0300] {processor.py:743} INFO - Processing file /home/pker/airflow_env/lib/python3.7/site-packages/airflow/example_dags/plugins/listener_plugin.py for tasks to queue
[2025-11-21T10:44:45.671+0300] {logging_mixin.py:137} INFO - [2025-11-21T10:44:45.671+0300] {dagbag.py:532} INFO - Filling up the DagBag from /home/pker/airflow_env/lib/python3.7/site-packages/airflow/example_dags/plugins/listener_plugin.py
[2025-11-21T10:44:45.675+0300] {processor.py:755} WARNING - No viable dags retrieved from /home/pker/airflow_env/lib/python3.7/site-packages/airflow/example_dags/plugins/listener_plugin.py
[2025-11-21T10:44:45.703+0300] {processor.py:175} INFO - Processing /home/pker/airflow_env/lib/python3.7/site-packages/airflow/example_dags/plugins/listener_plugin.py took 0.039 seconds
[2025-11-21T10:45:34.300+0300] {processor.py:153} INFO - Started process (PID=30189) to work on /home/pker/airflow_env/lib/python3.7/site-packages/airflow/example_dags/plugins/listener_plugin.py
[2025-11-21T10:45:34.321+0300] {processor.py:743} INFO - Processing file /home/pker/airflow_env/lib/python3.7/site-packages/airflow/example_dags/plugins/listener_plugin.py for tasks to queue
[2025-11-21T10:45:34.324+0300] {logging_mixin.py:137} INFO - [2025-11-21T10:45:34.323+0300] {dagbag.py:532} INFO - Filling up the DagBag from /home/pker/airflow_env/lib/python3.7/site-packages/airflow/example_dags/plugins/listener_plugin.py
[2025-11-21T10:45:34.329+0300] {processor.py:755} WARNING - No viable dags retrieved from /home/pker/airflow_env/lib/python3.7/site-packages/airflow/example_dags/plugins/listener_plugin.py
[2025-11-21T10:45:34.352+0300] {processor.py:175} INFO - Processing /home/pker/airflow_env/lib/python3.7/site-packages/airflow/example_dags/plugins/listener_plugin.py took 0.059 seconds
[2025-11-21T10:46:21.507+0300] {processor.py:153} INFO - Started process (PID=30238) to work on /home/pker/airflow_env/lib/python3.7/site-packages/airflow/example_dags/plugins/listener_plugin.py
[2025-11-21T10:46:21.530+0300] {processor.py:743} INFO - Processing file /home/pker/airflow_env/lib/python3.7/site-packages/airflow/example_dags/plugins/listener_plugin.py for tasks to queue
[2025-11-21T10:46:21.532+0300] {logging_mixin.py:137} INFO - [2025-11-21T10:46:21.532+0300] {dagbag.py:532} INFO - Filling up the DagBag from /home/pker/airflow_env/lib/python3.7/site-packages/airflow/example_dags/plugins/listener_plugin.py
[2025-11-21T10:46:21.537+0300] {processor.py:755} WARNING - No viable dags retrieved from /home/pker/airflow_env/lib/python3.7/site-packages/airflow/example_dags/plugins/listener_plugin.py
[2025-11-21T10:46:21.556+0300] {processor.py:175} INFO - Processing /home/pker/airflow_env/lib/python3.7/site-packages/airflow/example_dags/plugins/listener_plugin.py took 0.055 seconds
[2025-11-21T10:47:10.737+0300] {processor.py:153} INFO - Started process (PID=30283) to work on /home/pker/airflow_env/lib/python3.7/site-packages/airflow/example_dags/plugins/listener_plugin.py
[2025-11-21T10:47:10.759+0300] {processor.py:743} INFO - Processing file /home/pker/airflow_env/lib/python3.7/site-packages/airflow/example_dags/plugins/listener_plugin.py for tasks to queue
[2025-11-21T10:47:10.762+0300] {logging_mixin.py:137} INFO - [2025-11-21T10:47:10.761+0300] {dagbag.py:532} INFO - Filling up the DagBag from /home/pker/airflow_env/lib/python3.7/site-packages/airflow/example_dags/plugins/listener_plugin.py
[2025-11-21T10:47:10.768+0300] {processor.py:755} WARNING - No viable dags retrieved from /home/pker/airflow_env/lib/python3.7/site-packages/airflow/example_dags/plugins/listener_plugin.py
[2025-11-21T10:47:10.787+0300] {processor.py:175} INFO - Processing /home/pker/airflow_env/lib/python3.7/site-packages/airflow/example_dags/plugins/listener_plugin.py took 0.059 seconds
[2025-11-21T10:47:57.146+0300] {processor.py:153} INFO - Started process (PID=30327) to work on /home/pker/airflow_env/lib/python3.7/site-packages/airflow/example_dags/plugins/listener_plugin.py
[2025-11-21T10:47:57.149+0300] {processor.py:743} INFO - Processing file /home/pker/airflow_env/lib/python3.7/site-packages/airflow/example_dags/plugins/listener_plugin.py for tasks to queue
[2025-11-21T10:47:57.151+0300] {logging_mixin.py:137} INFO - [2025-11-21T10:47:57.150+0300] {dagbag.py:532} INFO - Filling up the DagBag from /home/pker/airflow_env/lib/python3.7/site-packages/airflow/example_dags/plugins/listener_plugin.py
[2025-11-21T10:47:57.154+0300] {processor.py:755} WARNING - No viable dags retrieved from /home/pker/airflow_env/lib/python3.7/site-packages/airflow/example_dags/plugins/listener_plugin.py
[2025-11-21T10:47:57.171+0300] {processor.py:175} INFO - Processing /home/pker/airflow_env/lib/python3.7/site-packages/airflow/example_dags/plugins/listener_plugin.py took 0.030 seconds
[2025-11-21T10:48:45.908+0300] {processor.py:153} INFO - Started process (PID=30371) to work on /home/pker/airflow_env/lib/python3.7/site-packages/airflow/example_dags/plugins/listener_plugin.py
[2025-11-21T10:48:45.932+0300] {processor.py:743} INFO - Processing file /home/pker/airflow_env/lib/python3.7/site-packages/airflow/example_dags/plugins/listener_plugin.py for tasks to queue
[2025-11-21T10:48:45.934+0300] {logging_mixin.py:137} INFO - [2025-11-21T10:48:45.933+0300] {dagbag.py:532} INFO - Filling up the DagBag from /home/pker/airflow_env/lib/python3.7/site-packages/airflow/example_dags/plugins/listener_plugin.py
[2025-11-21T10:48:45.939+0300] {processor.py:755} WARNING - No viable dags retrieved from /home/pker/airflow_env/lib/python3.7/site-packages/airflow/example_dags/plugins/listener_plugin.py
[2025-11-21T10:48:45.956+0300] {processor.py:175} INFO - Processing /home/pker/airflow_env/lib/python3.7/site-packages/airflow/example_dags/plugins/listener_plugin.py took 0.053 seconds
[2025-11-21T10:49:32.822+0300] {processor.py:153} INFO - Started process (PID=30426) to work on /home/pker/airflow_env/lib/python3.7/site-packages/airflow/example_dags/plugins/listener_plugin.py
[2025-11-21T10:49:32.847+0300] {processor.py:743} INFO - Processing file /home/pker/airflow_env/lib/python3.7/site-packages/airflow/example_dags/plugins/listener_plugin.py for tasks to queue
[2025-11-21T10:49:32.849+0300] {logging_mixin.py:137} INFO - [2025-11-21T10:49:32.848+0300] {dagbag.py:532} INFO - Filling up the DagBag from /home/pker/airflow_env/lib/python3.7/site-packages/airflow/example_dags/plugins/listener_plugin.py
[2025-11-21T10:49:32.856+0300] {processor.py:755} WARNING - No viable dags retrieved from /home/pker/airflow_env/lib/python3.7/site-packages/airflow/example_dags/plugins/listener_plugin.py
[2025-11-21T10:49:32.883+0300] {processor.py:175} INFO - Processing /home/pker/airflow_env/lib/python3.7/site-packages/airflow/example_dags/plugins/listener_plugin.py took 0.068 seconds
[2025-11-21T10:50:19.609+0300] {processor.py:153} INFO - Started process (PID=30471) to work on /home/pker/airflow_env/lib/python3.7/site-packages/airflow/example_dags/plugins/listener_plugin.py
[2025-11-21T10:50:19.631+0300] {processor.py:743} INFO - Processing file /home/pker/airflow_env/lib/python3.7/site-packages/airflow/example_dags/plugins/listener_plugin.py for tasks to queue
[2025-11-21T10:50:19.632+0300] {logging_mixin.py:137} INFO - [2025-11-21T10:50:19.632+0300] {dagbag.py:532} INFO - Filling up the DagBag from /home/pker/airflow_env/lib/python3.7/site-packages/airflow/example_dags/plugins/listener_plugin.py
[2025-11-21T10:50:19.639+0300] {processor.py:755} WARNING - No viable dags retrieved from /home/pker/airflow_env/lib/python3.7/site-packages/airflow/example_dags/plugins/listener_plugin.py
[2025-11-21T10:50:19.664+0300] {processor.py:175} INFO - Processing /home/pker/airflow_env/lib/python3.7/site-packages/airflow/example_dags/plugins/listener_plugin.py took 0.063 seconds
[2025-11-21T10:51:08.443+0300] {processor.py:153} INFO - Started process (PID=30516) to work on /home/pker/airflow_env/lib/python3.7/site-packages/airflow/example_dags/plugins/listener_plugin.py
[2025-11-21T10:51:08.465+0300] {processor.py:743} INFO - Processing file /home/pker/airflow_env/lib/python3.7/site-packages/airflow/example_dags/plugins/listener_plugin.py for tasks to queue
[2025-11-21T10:51:08.467+0300] {logging_mixin.py:137} INFO - [2025-11-21T10:51:08.467+0300] {dagbag.py:532} INFO - Filling up the DagBag from /home/pker/airflow_env/lib/python3.7/site-packages/airflow/example_dags/plugins/listener_plugin.py
[2025-11-21T10:51:08.474+0300] {processor.py:755} WARNING - No viable dags retrieved from /home/pker/airflow_env/lib/python3.7/site-packages/airflow/example_dags/plugins/listener_plugin.py
[2025-11-21T10:51:07.069+0300] {processor.py:175} INFO - Processing /home/pker/airflow_env/lib/python3.7/site-packages/airflow/example_dags/plugins/listener_plugin.py took 0.059 seconds
[2025-11-21T10:51:54.158+0300] {processor.py:153} INFO - Started process (PID=30560) to work on /home/pker/airflow_env/lib/python3.7/site-packages/airflow/example_dags/plugins/listener_plugin.py
[2025-11-21T10:51:54.179+0300] {processor.py:743} INFO - Processing file /home/pker/airflow_env/lib/python3.7/site-packages/airflow/example_dags/plugins/listener_plugin.py for tasks to queue
[2025-11-21T10:51:54.180+0300] {logging_mixin.py:137} INFO - [2025-11-21T10:51:54.179+0300] {dagbag.py:532} INFO - Filling up the DagBag from /home/pker/airflow_env/lib/python3.7/site-packages/airflow/example_dags/plugins/listener_plugin.py
[2025-11-21T10:51:54.184+0300] {processor.py:755} WARNING - No viable dags retrieved from /home/pker/airflow_env/lib/python3.7/site-packages/airflow/example_dags/plugins/listener_plugin.py
[2025-11-21T10:51:54.201+0300] {processor.py:175} INFO - Processing /home/pker/airflow_env/lib/python3.7/site-packages/airflow/example_dags/plugins/listener_plugin.py took 0.048 seconds
[2025-11-21T10:52:38.133+0300] {processor.py:153} INFO - Started process (PID=30605) to work on /home/pker/airflow_env/lib/python3.7/site-packages/airflow/example_dags/plugins/listener_plugin.py
[2025-11-21T10:52:38.157+0300] {processor.py:743} INFO - Processing file /home/pker/airflow_env/lib/python3.7/site-packages/airflow/example_dags/plugins/listener_plugin.py for tasks to queue
[2025-11-21T10:52:38.160+0300] {logging_mixin.py:137} INFO - [2025-11-21T10:52:38.160+0300] {dagbag.py:532} INFO - Filling up the DagBag from /home/pker/airflow_env/lib/python3.7/site-packages/airflow/example_dags/plugins/listener_plugin.py
[2025-11-21T10:52:38.166+0300] {processor.py:755} WARNING - No viable dags retrieved from /home/pker/airflow_env/lib/python3.7/site-packages/airflow/example_dags/plugins/listener_plugin.py
[2025-11-21T10:52:38.193+0300] {processor.py:175} INFO - Processing /home/pker/airflow_env/lib/python3.7/site-packages/airflow/example_dags/plugins/listener_plugin.py took 0.065 seconds
[2025-11-21T10:53:26.805+0300] {processor.py:153} INFO - Started process (PID=30650) to work on /home/pker/airflow_env/lib/python3.7/site-packages/airflow/example_dags/plugins/listener_plugin.py
[2025-11-21T10:53:26.828+0300] {processor.py:743} INFO - Processing file /home/pker/airflow_env/lib/python3.7/site-packages/airflow/example_dags/plugins/listener_plugin.py for tasks to queue
[2025-11-21T10:53:26.830+0300] {logging_mixin.py:137} INFO - [2025-11-21T10:53:26.830+0300] {dagbag.py:532} INFO - Filling up the DagBag from /home/pker/airflow_env/lib/python3.7/site-packages/airflow/example_dags/plugins/listener_plugin.py
[2025-11-21T10:53:26.835+0300] {processor.py:755} WARNING - No viable dags retrieved from /home/pker/airflow_env/lib/python3.7/site-packages/airflow/example_dags/plugins/listener_plugin.py
[2025-11-21T10:53:26.854+0300] {processor.py:175} INFO - Processing /home/pker/airflow_env/lib/python3.7/site-packages/airflow/example_dags/plugins/listener_plugin.py took 0.055 seconds
[2025-11-21T10:54:14.113+0300] {processor.py:153} INFO - Started process (PID=30694) to work on /home/pker/airflow_env/lib/python3.7/site-packages/airflow/example_dags/plugins/listener_plugin.py
[2025-11-21T10:54:14.118+0300] {processor.py:743} INFO - Processing file /home/pker/airflow_env/lib/python3.7/site-packages/airflow/example_dags/plugins/listener_plugin.py for tasks to queue
[2025-11-21T10:54:14.120+0300] {logging_mixin.py:137} INFO - [2025-11-21T10:54:14.119+0300] {dagbag.py:532} INFO - Filling up the DagBag from /home/pker/airflow_env/lib/python3.7/site-packages/airflow/example_dags/plugins/listener_plugin.py
[2025-11-21T10:54:14.124+0300] {processor.py:755} WARNING - No viable dags retrieved from /home/pker/airflow_env/lib/python3.7/site-packages/airflow/example_dags/plugins/listener_plugin.py
[2025-11-21T10:54:14.148+0300] {processor.py:175} INFO - Processing /home/pker/airflow_env/lib/python3.7/site-packages/airflow/example_dags/plugins/listener_plugin.py took 0.043 seconds
[2025-11-21T10:55:02.449+0300] {processor.py:153} INFO - Started process (PID=30741) to work on /home/pker/airflow_env/lib/python3.7/site-packages/airflow/example_dags/plugins/listener_plugin.py
[2025-11-21T10:55:02.473+0300] {processor.py:743} INFO - Processing file /home/pker/airflow_env/lib/python3.7/site-packages/airflow/example_dags/plugins/listener_plugin.py for tasks to queue
[2025-11-21T10:55:02.475+0300] {logging_mixin.py:137} INFO - [2025-11-21T10:55:02.475+0300] {dagbag.py:532} INFO - Filling up the DagBag from /home/pker/airflow_env/lib/python3.7/site-packages/airflow/example_dags/plugins/listener_plugin.py
[2025-11-21T10:55:02.480+0300] {processor.py:755} WARNING - No viable dags retrieved from /home/pker/airflow_env/lib/python3.7/site-packages/airflow/example_dags/plugins/listener_plugin.py
[2025-11-21T10:55:02.503+0300] {processor.py:175} INFO - Processing /home/pker/airflow_env/lib/python3.7/site-packages/airflow/example_dags/plugins/listener_plugin.py took 0.061 seconds
[2025-11-21T10:55:50.087+0300] {processor.py:153} INFO - Started process (PID=30790) to work on /home/pker/airflow_env/lib/python3.7/site-packages/airflow/example_dags/plugins/listener_plugin.py
[2025-11-21T10:55:50.090+0300] {processor.py:743} INFO - Processing file /home/pker/airflow_env/lib/python3.7/site-packages/airflow/example_dags/plugins/listener_plugin.py for tasks to queue
[2025-11-21T10:55:50.091+0300] {logging_mixin.py:137} INFO - [2025-11-21T10:55:50.090+0300] {dagbag.py:532} INFO - Filling up the DagBag from /home/pker/airflow_env/lib/python3.7/site-packages/airflow/example_dags/plugins/listener_plugin.py
[2025-11-21T10:55:50.094+0300] {processor.py:755} WARNING - No viable dags retrieved from /home/pker/airflow_env/lib/python3.7/site-packages/airflow/example_dags/plugins/listener_plugin.py
[2025-11-21T10:55:50.115+0300] {processor.py:175} INFO - Processing /home/pker/airflow_env/lib/python3.7/site-packages/airflow/example_dags/plugins/listener_plugin.py took 0.033 seconds
[2025-11-21T10:56:39.711+0300] {processor.py:153} INFO - Started process (PID=30832) to work on /home/pker/airflow_env/lib/python3.7/site-packages/airflow/example_dags/plugins/listener_plugin.py
[2025-11-21T10:56:39.716+0300] {processor.py:743} INFO - Processing file /home/pker/airflow_env/lib/python3.7/site-packages/airflow/example_dags/plugins/listener_plugin.py for tasks to queue
[2025-11-21T10:56:39.717+0300] {logging_mixin.py:137} INFO - [2025-11-21T10:56:39.717+0300] {dagbag.py:532} INFO - Filling up the DagBag from /home/pker/airflow_env/lib/python3.7/site-packages/airflow/example_dags/plugins/listener_plugin.py
[2025-11-21T10:56:39.724+0300] {processor.py:755} WARNING - No viable dags retrieved from /home/pker/airflow_env/lib/python3.7/site-packages/airflow/example_dags/plugins/listener_plugin.py
[2025-11-21T10:56:39.741+0300] {processor.py:175} INFO - Processing /home/pker/airflow_env/lib/python3.7/site-packages/airflow/example_dags/plugins/listener_plugin.py took 0.034 seconds
[2025-11-21T10:57:26.904+0300] {processor.py:153} INFO - Started process (PID=30876) to work on /home/pker/airflow_env/lib/python3.7/site-packages/airflow/example_dags/plugins/listener_plugin.py
[2025-11-21T10:57:26.906+0300] {processor.py:743} INFO - Processing file /home/pker/airflow_env/lib/python3.7/site-packages/airflow/example_dags/plugins/listener_plugin.py for tasks to queue
[2025-11-21T10:57:26.907+0300] {logging_mixin.py:137} INFO - [2025-11-21T10:57:26.907+0300] {dagbag.py:532} INFO - Filling up the DagBag from /home/pker/airflow_env/lib/python3.7/site-packages/airflow/example_dags/plugins/listener_plugin.py
[2025-11-21T10:57:26.910+0300] {processor.py:755} WARNING - No viable dags retrieved from /home/pker/airflow_env/lib/python3.7/site-packages/airflow/example_dags/plugins/listener_plugin.py
[2025-11-21T10:57:26.931+0300] {processor.py:175} INFO - Processing /home/pker/airflow_env/lib/python3.7/site-packages/airflow/example_dags/plugins/listener_plugin.py took 0.036 seconds
[2025-11-21T10:58:15.498+0300] {processor.py:153} INFO - Started process (PID=30920) to work on /home/pker/airflow_env/lib/python3.7/site-packages/airflow/example_dags/plugins/listener_plugin.py
[2025-11-21T10:58:15.501+0300] {processor.py:743} INFO - Processing file /home/pker/airflow_env/lib/python3.7/site-packages/airflow/example_dags/plugins/listener_plugin.py for tasks to queue
[2025-11-21T10:58:15.503+0300] {logging_mixin.py:137} INFO - [2025-11-21T10:58:15.503+0300] {dagbag.py:532} INFO - Filling up the DagBag from /home/pker/airflow_env/lib/python3.7/site-packages/airflow/example_dags/plugins/listener_plugin.py
[2025-11-21T10:58:15.510+0300] {processor.py:755} WARNING - No viable dags retrieved from /home/pker/airflow_env/lib/python3.7/site-packages/airflow/example_dags/plugins/listener_plugin.py
[2025-11-21T10:58:15.533+0300] {processor.py:175} INFO - Processing /home/pker/airflow_env/lib/python3.7/site-packages/airflow/example_dags/plugins/listener_plugin.py took 0.043 seconds
[2025-11-21T10:59:04.407+0300] {processor.py:153} INFO - Started process (PID=30981) to work on /home/pker/airflow_env/lib/python3.7/site-packages/airflow/example_dags/plugins/listener_plugin.py
[2025-11-21T10:59:04.422+0300] {processor.py:743} INFO - Processing file /home/pker/airflow_env/lib/python3.7/site-packages/airflow/example_dags/plugins/listener_plugin.py for tasks to queue
[2025-11-21T10:59:04.424+0300] {logging_mixin.py:137} INFO - [2025-11-21T10:59:04.423+0300] {dagbag.py:532} INFO - Filling up the DagBag from /home/pker/airflow_env/lib/python3.7/site-packages/airflow/example_dags/plugins/listener_plugin.py
[2025-11-21T10:59:04.430+0300] {processor.py:755} WARNING - No viable dags retrieved from /home/pker/airflow_env/lib/python3.7/site-packages/airflow/example_dags/plugins/listener_plugin.py
[2025-11-21T10:59:04.457+0300] {processor.py:175} INFO - Processing /home/pker/airflow_env/lib/python3.7/site-packages/airflow/example_dags/plugins/listener_plugin.py took 0.058 seconds
[2025-11-21T10:59:52.113+0300] {processor.py:153} INFO - Started process (PID=31029) to work on /home/pker/airflow_env/lib/python3.7/site-packages/airflow/example_dags/plugins/listener_plugin.py
[2025-11-21T10:59:52.135+0300] {processor.py:743} INFO - Processing file /home/pker/airflow_env/lib/python3.7/site-packages/airflow/example_dags/plugins/listener_plugin.py for tasks to queue
[2025-11-21T10:59:52.137+0300] {logging_mixin.py:137} INFO - [2025-11-21T10:59:52.137+0300] {dagbag.py:532} INFO - Filling up the DagBag from /home/pker/airflow_env/lib/python3.7/site-packages/airflow/example_dags/plugins/listener_plugin.py
[2025-11-21T10:59:52.144+0300] {processor.py:755} WARNING - No viable dags retrieved from /home/pker/airflow_env/lib/python3.7/site-packages/airflow/example_dags/plugins/listener_plugin.py
[2025-11-21T10:59:52.169+0300] {processor.py:175} INFO - Processing /home/pker/airflow_env/lib/python3.7/site-packages/airflow/example_dags/plugins/listener_plugin.py took 0.062 seconds
[2025-11-21T11:00:44.634+0300] {processor.py:153} INFO - Started process (PID=31087) to work on /home/pker/airflow_env/lib/python3.7/site-packages/airflow/example_dags/plugins/listener_plugin.py
[2025-11-21T11:00:44.638+0300] {processor.py:743} INFO - Processing file /home/pker/airflow_env/lib/python3.7/site-packages/airflow/example_dags/plugins/listener_plugin.py for tasks to queue
[2025-11-21T11:00:44.639+0300] {logging_mixin.py:137} INFO - [2025-11-21T11:00:44.639+0300] {dagbag.py:532} INFO - Filling up the DagBag from /home/pker/airflow_env/lib/python3.7/site-packages/airflow/example_dags/plugins/listener_plugin.py
[2025-11-21T11:00:44.643+0300] {processor.py:755} WARNING - No viable dags retrieved from /home/pker/airflow_env/lib/python3.7/site-packages/airflow/example_dags/plugins/listener_plugin.py
[2025-11-21T11:00:44.665+0300] {processor.py:175} INFO - Processing /home/pker/airflow_env/lib/python3.7/site-packages/airflow/example_dags/plugins/listener_plugin.py took 0.039 seconds
[2025-11-21T11:01:34.114+0300] {processor.py:153} INFO - Started process (PID=31131) to work on /home/pker/airflow_env/lib/python3.7/site-packages/airflow/example_dags/plugins/listener_plugin.py
[2025-11-21T11:01:34.120+0300] {processor.py:743} INFO - Processing file /home/pker/airflow_env/lib/python3.7/site-packages/airflow/example_dags/plugins/listener_plugin.py for tasks to queue
[2025-11-21T11:01:34.123+0300] {logging_mixin.py:137} INFO - [2025-11-21T11:01:34.123+0300] {dagbag.py:532} INFO - Filling up the DagBag from /home/pker/airflow_env/lib/python3.7/site-packages/airflow/example_dags/plugins/listener_plugin.py
[2025-11-21T11:01:34.130+0300] {processor.py:755} WARNING - No viable dags retrieved from /home/pker/airflow_env/lib/python3.7/site-packages/airflow/example_dags/plugins/listener_plugin.py
[2025-11-21T11:01:34.158+0300] {processor.py:175} INFO - Processing /home/pker/airflow_env/lib/python3.7/site-packages/airflow/example_dags/plugins/listener_plugin.py took 0.053 seconds
[2025-11-21T11:02:21.444+0300] {processor.py:153} INFO - Started process (PID=31177) to work on /home/pker/airflow_env/lib/python3.7/site-packages/airflow/example_dags/plugins/listener_plugin.py
[2025-11-21T11:02:21.465+0300] {processor.py:743} INFO - Processing file /home/pker/airflow_env/lib/python3.7/site-packages/airflow/example_dags/plugins/listener_plugin.py for tasks to queue
[2025-11-21T11:02:21.467+0300] {logging_mixin.py:137} INFO - [2025-11-21T11:02:21.467+0300] {dagbag.py:532} INFO - Filling up the DagBag from /home/pker/airflow_env/lib/python3.7/site-packages/airflow/example_dags/plugins/listener_plugin.py
[2025-11-21T11:02:21.471+0300] {processor.py:755} WARNING - No viable dags retrieved from /home/pker/airflow_env/lib/python3.7/site-packages/airflow/example_dags/plugins/listener_plugin.py
[2025-11-21T11:02:21.490+0300] {processor.py:175} INFO - Processing /home/pker/airflow_env/lib/python3.7/site-packages/airflow/example_dags/plugins/listener_plugin.py took 0.054 seconds
[2025-11-21T11:03:08.019+0300] {processor.py:153} INFO - Started process (PID=31224) to work on /home/pker/airflow_env/lib/python3.7/site-packages/airflow/example_dags/plugins/listener_plugin.py
[2025-11-21T11:03:08.042+0300] {processor.py:743} INFO - Processing file /home/pker/airflow_env/lib/python3.7/site-packages/airflow/example_dags/plugins/listener_plugin.py for tasks to queue
[2025-11-21T11:03:08.044+0300] {logging_mixin.py:137} INFO - [2025-11-21T11:03:08.043+0300] {dagbag.py:532} INFO - Filling up the DagBag from /home/pker/airflow_env/lib/python3.7/site-packages/airflow/example_dags/plugins/listener_plugin.py
[2025-11-21T11:03:08.048+0300] {processor.py:755} WARNING - No viable dags retrieved from /home/pker/airflow_env/lib/python3.7/site-packages/airflow/example_dags/plugins/listener_plugin.py
[2025-11-21T11:03:08.070+0300] {processor.py:175} INFO - Processing /home/pker/airflow_env/lib/python3.7/site-packages/airflow/example_dags/plugins/listener_plugin.py took 0.058 seconds
[2025-11-21T11:03:54.603+0300] {processor.py:153} INFO - Started process (PID=31269) to work on /home/pker/airflow_env/lib/python3.7/site-packages/airflow/example_dags/plugins/listener_plugin.py
[2025-11-21T11:03:54.625+0300] {processor.py:743} INFO - Processing file /home/pker/airflow_env/lib/python3.7/site-packages/airflow/example_dags/plugins/listener_plugin.py for tasks to queue
[2025-11-21T11:03:54.626+0300] {logging_mixin.py:137} INFO - [2025-11-21T11:03:54.626+0300] {dagbag.py:532} INFO - Filling up the DagBag from /home/pker/airflow_env/lib/python3.7/site-packages/airflow/example_dags/plugins/listener_plugin.py
[2025-11-21T11:03:54.630+0300] {processor.py:755} WARNING - No viable dags retrieved from /home/pker/airflow_env/lib/python3.7/site-packages/airflow/example_dags/plugins/listener_plugin.py
[2025-11-21T11:03:54.648+0300] {processor.py:175} INFO - Processing /home/pker/airflow_env/lib/python3.7/site-packages/airflow/example_dags/plugins/listener_plugin.py took 0.060 seconds
[2025-11-21T11:04:42.441+0300] {processor.py:153} INFO - Started process (PID=31311) to work on /home/pker/airflow_env/lib/python3.7/site-packages/airflow/example_dags/plugins/listener_plugin.py
[2025-11-21T11:04:42.465+0300] {processor.py:743} INFO - Processing file /home/pker/airflow_env/lib/python3.7/site-packages/airflow/example_dags/plugins/listener_plugin.py for tasks to queue
[2025-11-21T11:04:42.467+0300] {logging_mixin.py:137} INFO - [2025-11-21T11:04:42.467+0300] {dagbag.py:532} INFO - Filling up the DagBag from /home/pker/airflow_env/lib/python3.7/site-packages/airflow/example_dags/plugins/listener_plugin.py
[2025-11-21T11:04:42.475+0300] {processor.py:755} WARNING - No viable dags retrieved from /home/pker/airflow_env/lib/python3.7/site-packages/airflow/example_dags/plugins/listener_plugin.py
[2025-11-21T11:04:42.501+0300] {processor.py:175} INFO - Processing /home/pker/airflow_env/lib/python3.7/site-packages/airflow/example_dags/plugins/listener_plugin.py took 0.073 seconds
[2025-11-21T11:05:32.811+0300] {processor.py:153} INFO - Started process (PID=31358) to work on /home/pker/airflow_env/lib/python3.7/site-packages/airflow/example_dags/plugins/listener_plugin.py
[2025-11-21T11:05:32.833+0300] {processor.py:743} INFO - Processing file /home/pker/airflow_env/lib/python3.7/site-packages/airflow/example_dags/plugins/listener_plugin.py for tasks to queue
[2025-11-21T11:05:32.836+0300] {logging_mixin.py:137} INFO - [2025-11-21T11:05:32.835+0300] {dagbag.py:532} INFO - Filling up the DagBag from /home/pker/airflow_env/lib/python3.7/site-packages/airflow/example_dags/plugins/listener_plugin.py
[2025-11-21T11:05:32.841+0300] {processor.py:755} WARNING - No viable dags retrieved from /home/pker/airflow_env/lib/python3.7/site-packages/airflow/example_dags/plugins/listener_plugin.py
[2025-11-21T11:05:32.863+0300] {processor.py:175} INFO - Processing /home/pker/airflow_env/lib/python3.7/site-packages/airflow/example_dags/plugins/listener_plugin.py took 0.059 seconds
[2025-11-21T11:06:19.871+0300] {processor.py:153} INFO - Started process (PID=31409) to work on /home/pker/airflow_env/lib/python3.7/site-packages/airflow/example_dags/plugins/listener_plugin.py
[2025-11-21T11:06:19.894+0300] {processor.py:743} INFO - Processing file /home/pker/airflow_env/lib/python3.7/site-packages/airflow/example_dags/plugins/listener_plugin.py for tasks to queue
[2025-11-21T11:06:19.896+0300] {logging_mixin.py:137} INFO - [2025-11-21T11:06:19.895+0300] {dagbag.py:532} INFO - Filling up the DagBag from /home/pker/airflow_env/lib/python3.7/site-packages/airflow/example_dags/plugins/listener_plugin.py
[2025-11-21T11:06:19.900+0300] {processor.py:755} WARNING - No viable dags retrieved from /home/pker/airflow_env/lib/python3.7/site-packages/airflow/example_dags/plugins/listener_plugin.py
[2025-11-21T11:06:19.918+0300] {processor.py:175} INFO - Processing /home/pker/airflow_env/lib/python3.7/site-packages/airflow/example_dags/plugins/listener_plugin.py took 0.053 seconds
[2025-11-21T11:07:07.304+0300] {processor.py:153} INFO - Started process (PID=31457) to work on /home/pker/airflow_env/lib/python3.7/site-packages/airflow/example_dags/plugins/listener_plugin.py
[2025-11-21T11:07:07.327+0300] {processor.py:743} INFO - Processing file /home/pker/airflow_env/lib/python3.7/site-packages/airflow/example_dags/plugins/listener_plugin.py for tasks to queue
[2025-11-21T11:07:07.331+0300] {logging_mixin.py:137} INFO - [2025-11-21T11:07:07.330+0300] {dagbag.py:532} INFO - Filling up the DagBag from /home/pker/airflow_env/lib/python3.7/site-packages/airflow/example_dags/plugins/listener_plugin.py
[2025-11-21T11:07:07.337+0300] {processor.py:755} WARNING - No viable dags retrieved from /home/pker/airflow_env/lib/python3.7/site-packages/airflow/example_dags/plugins/listener_plugin.py
[2025-11-21T11:07:07.362+0300] {processor.py:175} INFO - Processing /home/pker/airflow_env/lib/python3.7/site-packages/airflow/example_dags/plugins/listener_plugin.py took 0.065 seconds
[2025-11-21T11:07:56.083+0300] {processor.py:153} INFO - Started process (PID=31527) to work on /home/pker/airflow_env/lib/python3.7/site-packages/airflow/example_dags/plugins/listener_plugin.py
[2025-11-21T11:07:56.105+0300] {processor.py:743} INFO - Processing file /home/pker/airflow_env/lib/python3.7/site-packages/airflow/example_dags/plugins/listener_plugin.py for tasks to queue
[2025-11-21T11:07:56.108+0300] {logging_mixin.py:137} INFO - [2025-11-21T11:07:56.107+0300] {dagbag.py:532} INFO - Filling up the DagBag from /home/pker/airflow_env/lib/python3.7/site-packages/airflow/example_dags/plugins/listener_plugin.py
[2025-11-21T11:07:56.112+0300] {processor.py:755} WARNING - No viable dags retrieved from /home/pker/airflow_env/lib/python3.7/site-packages/airflow/example_dags/plugins/listener_plugin.py
[2025-11-21T11:07:56.129+0300] {processor.py:175} INFO - Processing /home/pker/airflow_env/lib/python3.7/site-packages/airflow/example_dags/plugins/listener_plugin.py took 0.052 seconds
[2025-11-21T11:08:43.486+0300] {processor.py:153} INFO - Started process (PID=31574) to work on /home/pker/airflow_env/lib/python3.7/site-packages/airflow/example_dags/plugins/listener_plugin.py
[2025-11-21T11:08:43.509+0300] {processor.py:743} INFO - Processing file /home/pker/airflow_env/lib/python3.7/site-packages/airflow/example_dags/plugins/listener_plugin.py for tasks to queue
[2025-11-21T11:08:43.511+0300] {logging_mixin.py:137} INFO - [2025-11-21T11:08:43.511+0300] {dagbag.py:532} INFO - Filling up the DagBag from /home/pker/airflow_env/lib/python3.7/site-packages/airflow/example_dags/plugins/listener_plugin.py
[2025-11-21T11:08:43.517+0300] {processor.py:755} WARNING - No viable dags retrieved from /home/pker/airflow_env/lib/python3.7/site-packages/airflow/example_dags/plugins/listener_plugin.py
[2025-11-21T11:08:43.534+0300] {processor.py:175} INFO - Processing /home/pker/airflow_env/lib/python3.7/site-packages/airflow/example_dags/plugins/listener_plugin.py took 0.053 seconds
