[2025-11-21T10:44:44.452+0300] {processor.py:153} INFO - Started process (PID=30124) to work on /home/pker/airflow_env/lib/python3.7/site-packages/airflow/example_dags/plugins/workday.py
[2025-11-21T10:44:44.454+0300] {processor.py:743} INFO - Processing file /home/pker/airflow_env/lib/python3.7/site-packages/airflow/example_dags/plugins/workday.py for tasks to queue
[2025-11-21T10:44:44.455+0300] {logging_mixin.py:137} INFO - [2025-11-21T10:44:44.454+0300] {dagbag.py:532} INFO - Filling up the DagBag from /home/pker/airflow_env/lib/python3.7/site-packages/airflow/example_dags/plugins/workday.py
[2025-11-21T10:44:44.461+0300] {logging_mixin.py:137} INFO - [2025-11-21T10:44:44.458+0300] {dagbag.py:341} ERROR - Failed to import: /home/pker/airflow_env/lib/python3.7/site-packages/airflow/example_dags/plugins/workday.py
Traceback (most recent call last):
  File "/home/pker/airflow_env/lib/python3.7/site-packages/airflow/models/dagbag.py", line 337, in parse
    loader.exec_module(new_module)
  File "<frozen importlib._bootstrap_external>", line 728, in exec_module
  File "<frozen importlib._bootstrap>", line 219, in _call_with_frames_removed
  File "/home/pker/airflow_env/lib/python3.7/site-packages/airflow/example_dags/plugins/workday.py", line 24, in <module>
    from pandas.tseries.holiday import USFederalHolidayCalendar
ModuleNotFoundError: No module named 'pandas'
[2025-11-21T10:44:44.462+0300] {processor.py:755} WARNING - No viable dags retrieved from /home/pker/airflow_env/lib/python3.7/site-packages/airflow/example_dags/plugins/workday.py
[2025-11-21T10:44:44.503+0300] {processor.py:175} INFO - Processing /home/pker/airflow_env/lib/python3.7/site-packages/airflow/example_dags/plugins/workday.py took 0.057 seconds
[2025-11-21T10:45:33.076+0300] {processor.py:153} INFO - Started process (PID=30188) to work on /home/pker/airflow_env/lib/python3.7/site-packages/airflow/example_dags/plugins/workday.py
[2025-11-21T10:45:33.080+0300] {processor.py:743} INFO - Processing file /home/pker/airflow_env/lib/python3.7/site-packages/airflow/example_dags/plugins/workday.py for tasks to queue
[2025-11-21T10:45:33.083+0300] {logging_mixin.py:137} INFO - [2025-11-21T10:45:33.082+0300] {dagbag.py:532} INFO - Filling up the DagBag from /home/pker/airflow_env/lib/python3.7/site-packages/airflow/example_dags/plugins/workday.py
[2025-11-21T10:45:33.090+0300] {logging_mixin.py:137} INFO - [2025-11-21T10:45:33.088+0300] {dagbag.py:341} ERROR - Failed to import: /home/pker/airflow_env/lib/python3.7/site-packages/airflow/example_dags/plugins/workday.py
Traceback (most recent call last):
  File "/home/pker/airflow_env/lib/python3.7/site-packages/airflow/models/dagbag.py", line 337, in parse
    loader.exec_module(new_module)
  File "<frozen importlib._bootstrap_external>", line 728, in exec_module
  File "<frozen importlib._bootstrap>", line 219, in _call_with_frames_removed
  File "/home/pker/airflow_env/lib/python3.7/site-packages/airflow/example_dags/plugins/workday.py", line 24, in <module>
    from pandas.tseries.holiday import USFederalHolidayCalendar
ModuleNotFoundError: No module named 'pandas'
[2025-11-21T10:45:33.090+0300] {processor.py:755} WARNING - No viable dags retrieved from /home/pker/airflow_env/lib/python3.7/site-packages/airflow/example_dags/plugins/workday.py
[2025-11-21T10:45:33.138+0300] {processor.py:175} INFO - Processing /home/pker/airflow_env/lib/python3.7/site-packages/airflow/example_dags/plugins/workday.py took 0.071 seconds
[2025-11-21T10:46:21.260+0300] {processor.py:153} INFO - Started process (PID=30237) to work on /home/pker/airflow_env/lib/python3.7/site-packages/airflow/example_dags/plugins/workday.py
[2025-11-21T10:46:21.274+0300] {processor.py:743} INFO - Processing file /home/pker/airflow_env/lib/python3.7/site-packages/airflow/example_dags/plugins/workday.py for tasks to queue
[2025-11-21T10:46:21.276+0300] {logging_mixin.py:137} INFO - [2025-11-21T10:46:21.275+0300] {dagbag.py:532} INFO - Filling up the DagBag from /home/pker/airflow_env/lib/python3.7/site-packages/airflow/example_dags/plugins/workday.py
[2025-11-21T10:46:21.282+0300] {logging_mixin.py:137} INFO - [2025-11-21T10:46:21.281+0300] {dagbag.py:341} ERROR - Failed to import: /home/pker/airflow_env/lib/python3.7/site-packages/airflow/example_dags/plugins/workday.py
Traceback (most recent call last):
  File "/home/pker/airflow_env/lib/python3.7/site-packages/airflow/models/dagbag.py", line 337, in parse
    loader.exec_module(new_module)
  File "<frozen importlib._bootstrap_external>", line 728, in exec_module
  File "<frozen importlib._bootstrap>", line 219, in _call_with_frames_removed
  File "/home/pker/airflow_env/lib/python3.7/site-packages/airflow/example_dags/plugins/workday.py", line 24, in <module>
    from pandas.tseries.holiday import USFederalHolidayCalendar
ModuleNotFoundError: No module named 'pandas'
[2025-11-21T10:46:21.283+0300] {processor.py:755} WARNING - No viable dags retrieved from /home/pker/airflow_env/lib/python3.7/site-packages/airflow/example_dags/plugins/workday.py
[2025-11-21T10:46:21.320+0300] {processor.py:175} INFO - Processing /home/pker/airflow_env/lib/python3.7/site-packages/airflow/example_dags/plugins/workday.py took 0.065 seconds
[2025-11-21T10:47:09.496+0300] {processor.py:153} INFO - Started process (PID=30282) to work on /home/pker/airflow_env/lib/python3.7/site-packages/airflow/example_dags/plugins/workday.py
[2025-11-21T10:47:09.521+0300] {processor.py:743} INFO - Processing file /home/pker/airflow_env/lib/python3.7/site-packages/airflow/example_dags/plugins/workday.py for tasks to queue
[2025-11-21T10:47:09.523+0300] {logging_mixin.py:137} INFO - [2025-11-21T10:47:09.523+0300] {dagbag.py:532} INFO - Filling up the DagBag from /home/pker/airflow_env/lib/python3.7/site-packages/airflow/example_dags/plugins/workday.py
[2025-11-21T10:47:09.529+0300] {logging_mixin.py:137} INFO - [2025-11-21T10:47:09.527+0300] {dagbag.py:341} ERROR - Failed to import: /home/pker/airflow_env/lib/python3.7/site-packages/airflow/example_dags/plugins/workday.py
Traceback (most recent call last):
  File "/home/pker/airflow_env/lib/python3.7/site-packages/airflow/models/dagbag.py", line 337, in parse
    loader.exec_module(new_module)
  File "<frozen importlib._bootstrap_external>", line 728, in exec_module
  File "<frozen importlib._bootstrap>", line 219, in _call_with_frames_removed
  File "/home/pker/airflow_env/lib/python3.7/site-packages/airflow/example_dags/plugins/workday.py", line 24, in <module>
    from pandas.tseries.holiday import USFederalHolidayCalendar
ModuleNotFoundError: No module named 'pandas'
[2025-11-21T10:47:09.530+0300] {processor.py:755} WARNING - No viable dags retrieved from /home/pker/airflow_env/lib/python3.7/site-packages/airflow/example_dags/plugins/workday.py
[2025-11-21T10:47:09.572+0300] {processor.py:175} INFO - Processing /home/pker/airflow_env/lib/python3.7/site-packages/airflow/example_dags/plugins/workday.py took 0.085 seconds
[2025-11-21T10:47:55.961+0300] {processor.py:153} INFO - Started process (PID=30326) to work on /home/pker/airflow_env/lib/python3.7/site-packages/airflow/example_dags/plugins/workday.py
[2025-11-21T10:47:55.984+0300] {processor.py:743} INFO - Processing file /home/pker/airflow_env/lib/python3.7/site-packages/airflow/example_dags/plugins/workday.py for tasks to queue
[2025-11-21T10:47:55.987+0300] {logging_mixin.py:137} INFO - [2025-11-21T10:47:55.986+0300] {dagbag.py:532} INFO - Filling up the DagBag from /home/pker/airflow_env/lib/python3.7/site-packages/airflow/example_dags/plugins/workday.py
[2025-11-21T10:47:55.992+0300] {logging_mixin.py:137} INFO - [2025-11-21T10:47:55.991+0300] {dagbag.py:341} ERROR - Failed to import: /home/pker/airflow_env/lib/python3.7/site-packages/airflow/example_dags/plugins/workday.py
Traceback (most recent call last):
  File "/home/pker/airflow_env/lib/python3.7/site-packages/airflow/models/dagbag.py", line 337, in parse
    loader.exec_module(new_module)
  File "<frozen importlib._bootstrap_external>", line 728, in exec_module
  File "<frozen importlib._bootstrap>", line 219, in _call_with_frames_removed
  File "/home/pker/airflow_env/lib/python3.7/site-packages/airflow/example_dags/plugins/workday.py", line 24, in <module>
    from pandas.tseries.holiday import USFederalHolidayCalendar
ModuleNotFoundError: No module named 'pandas'
[2025-11-21T10:47:55.993+0300] {processor.py:755} WARNING - No viable dags retrieved from /home/pker/airflow_env/lib/python3.7/site-packages/airflow/example_dags/plugins/workday.py
[2025-11-21T10:47:56.028+0300] {processor.py:175} INFO - Processing /home/pker/airflow_env/lib/python3.7/site-packages/airflow/example_dags/plugins/workday.py took 0.073 seconds
[2025-11-21T10:48:44.600+0300] {processor.py:153} INFO - Started process (PID=30370) to work on /home/pker/airflow_env/lib/python3.7/site-packages/airflow/example_dags/plugins/workday.py
[2025-11-21T10:48:44.622+0300] {processor.py:743} INFO - Processing file /home/pker/airflow_env/lib/python3.7/site-packages/airflow/example_dags/plugins/workday.py for tasks to queue
[2025-11-21T10:48:44.624+0300] {logging_mixin.py:137} INFO - [2025-11-21T10:48:44.624+0300] {dagbag.py:532} INFO - Filling up the DagBag from /home/pker/airflow_env/lib/python3.7/site-packages/airflow/example_dags/plugins/workday.py
[2025-11-21T10:48:44.633+0300] {logging_mixin.py:137} INFO - [2025-11-21T10:48:44.629+0300] {dagbag.py:341} ERROR - Failed to import: /home/pker/airflow_env/lib/python3.7/site-packages/airflow/example_dags/plugins/workday.py
Traceback (most recent call last):
  File "/home/pker/airflow_env/lib/python3.7/site-packages/airflow/models/dagbag.py", line 337, in parse
    loader.exec_module(new_module)
  File "<frozen importlib._bootstrap_external>", line 728, in exec_module
  File "<frozen importlib._bootstrap>", line 219, in _call_with_frames_removed
  File "/home/pker/airflow_env/lib/python3.7/site-packages/airflow/example_dags/plugins/workday.py", line 24, in <module>
    from pandas.tseries.holiday import USFederalHolidayCalendar
ModuleNotFoundError: No module named 'pandas'
[2025-11-21T10:48:44.636+0300] {processor.py:755} WARNING - No viable dags retrieved from /home/pker/airflow_env/lib/python3.7/site-packages/airflow/example_dags/plugins/workday.py
[2025-11-21T10:48:44.694+0300] {processor.py:175} INFO - Processing /home/pker/airflow_env/lib/python3.7/site-packages/airflow/example_dags/plugins/workday.py took 0.099 seconds
[2025-11-21T10:49:31.609+0300] {processor.py:153} INFO - Started process (PID=30425) to work on /home/pker/airflow_env/lib/python3.7/site-packages/airflow/example_dags/plugins/workday.py
[2025-11-21T10:49:31.628+0300] {processor.py:743} INFO - Processing file /home/pker/airflow_env/lib/python3.7/site-packages/airflow/example_dags/plugins/workday.py for tasks to queue
[2025-11-21T10:49:31.629+0300] {logging_mixin.py:137} INFO - [2025-11-21T10:49:31.629+0300] {dagbag.py:532} INFO - Filling up the DagBag from /home/pker/airflow_env/lib/python3.7/site-packages/airflow/example_dags/plugins/workday.py
[2025-11-21T10:49:31.632+0300] {logging_mixin.py:137} INFO - [2025-11-21T10:49:31.631+0300] {dagbag.py:341} ERROR - Failed to import: /home/pker/airflow_env/lib/python3.7/site-packages/airflow/example_dags/plugins/workday.py
Traceback (most recent call last):
  File "/home/pker/airflow_env/lib/python3.7/site-packages/airflow/models/dagbag.py", line 337, in parse
    loader.exec_module(new_module)
  File "<frozen importlib._bootstrap_external>", line 728, in exec_module
  File "<frozen importlib._bootstrap>", line 219, in _call_with_frames_removed
  File "/home/pker/airflow_env/lib/python3.7/site-packages/airflow/example_dags/plugins/workday.py", line 24, in <module>
    from pandas.tseries.holiday import USFederalHolidayCalendar
ModuleNotFoundError: No module named 'pandas'
[2025-11-21T10:49:31.632+0300] {processor.py:755} WARNING - No viable dags retrieved from /home/pker/airflow_env/lib/python3.7/site-packages/airflow/example_dags/plugins/workday.py
[2025-11-21T10:49:31.657+0300] {processor.py:175} INFO - Processing /home/pker/airflow_env/lib/python3.7/site-packages/airflow/example_dags/plugins/workday.py took 0.051 seconds
[2025-11-21T10:50:18.554+0300] {processor.py:153} INFO - Started process (PID=30470) to work on /home/pker/airflow_env/lib/python3.7/site-packages/airflow/example_dags/plugins/workday.py
[2025-11-21T10:50:18.563+0300] {processor.py:743} INFO - Processing file /home/pker/airflow_env/lib/python3.7/site-packages/airflow/example_dags/plugins/workday.py for tasks to queue
[2025-11-21T10:50:18.565+0300] {logging_mixin.py:137} INFO - [2025-11-21T10:50:18.565+0300] {dagbag.py:532} INFO - Filling up the DagBag from /home/pker/airflow_env/lib/python3.7/site-packages/airflow/example_dags/plugins/workday.py
[2025-11-21T10:50:18.572+0300] {logging_mixin.py:137} INFO - [2025-11-21T10:50:18.569+0300] {dagbag.py:341} ERROR - Failed to import: /home/pker/airflow_env/lib/python3.7/site-packages/airflow/example_dags/plugins/workday.py
Traceback (most recent call last):
  File "/home/pker/airflow_env/lib/python3.7/site-packages/airflow/models/dagbag.py", line 337, in parse
    loader.exec_module(new_module)
  File "<frozen importlib._bootstrap_external>", line 728, in exec_module
  File "<frozen importlib._bootstrap>", line 219, in _call_with_frames_removed
  File "/home/pker/airflow_env/lib/python3.7/site-packages/airflow/example_dags/plugins/workday.py", line 24, in <module>
    from pandas.tseries.holiday import USFederalHolidayCalendar
ModuleNotFoundError: No module named 'pandas'
[2025-11-21T10:50:18.573+0300] {processor.py:755} WARNING - No viable dags retrieved from /home/pker/airflow_env/lib/python3.7/site-packages/airflow/example_dags/plugins/workday.py
[2025-11-21T10:50:18.618+0300] {processor.py:175} INFO - Processing /home/pker/airflow_env/lib/python3.7/site-packages/airflow/example_dags/plugins/workday.py took 0.070 seconds
[2025-11-21T10:51:07.235+0300] {processor.py:153} INFO - Started process (PID=30515) to work on /home/pker/airflow_env/lib/python3.7/site-packages/airflow/example_dags/plugins/workday.py
[2025-11-21T10:51:07.257+0300] {processor.py:743} INFO - Processing file /home/pker/airflow_env/lib/python3.7/site-packages/airflow/example_dags/plugins/workday.py for tasks to queue
[2025-11-21T10:51:07.259+0300] {logging_mixin.py:137} INFO - [2025-11-21T10:51:07.259+0300] {dagbag.py:532} INFO - Filling up the DagBag from /home/pker/airflow_env/lib/python3.7/site-packages/airflow/example_dags/plugins/workday.py
[2025-11-21T10:51:07.265+0300] {logging_mixin.py:137} INFO - [2025-11-21T10:51:07.263+0300] {dagbag.py:341} ERROR - Failed to import: /home/pker/airflow_env/lib/python3.7/site-packages/airflow/example_dags/plugins/workday.py
Traceback (most recent call last):
  File "/home/pker/airflow_env/lib/python3.7/site-packages/airflow/models/dagbag.py", line 337, in parse
    loader.exec_module(new_module)
  File "<frozen importlib._bootstrap_external>", line 728, in exec_module
  File "<frozen importlib._bootstrap>", line 219, in _call_with_frames_removed
  File "/home/pker/airflow_env/lib/python3.7/site-packages/airflow/example_dags/plugins/workday.py", line 24, in <module>
    from pandas.tseries.holiday import USFederalHolidayCalendar
ModuleNotFoundError: No module named 'pandas'
[2025-11-21T10:51:07.266+0300] {processor.py:755} WARNING - No viable dags retrieved from /home/pker/airflow_env/lib/python3.7/site-packages/airflow/example_dags/plugins/workday.py
[2025-11-21T10:51:07.310+0300] {processor.py:175} INFO - Processing /home/pker/airflow_env/lib/python3.7/site-packages/airflow/example_dags/plugins/workday.py took 0.081 seconds
[2025-11-21T10:51:52.965+0300] {processor.py:153} INFO - Started process (PID=30559) to work on /home/pker/airflow_env/lib/python3.7/site-packages/airflow/example_dags/plugins/workday.py
[2025-11-21T10:51:52.969+0300] {processor.py:743} INFO - Processing file /home/pker/airflow_env/lib/python3.7/site-packages/airflow/example_dags/plugins/workday.py for tasks to queue
[2025-11-21T10:51:52.970+0300] {logging_mixin.py:137} INFO - [2025-11-21T10:51:52.970+0300] {dagbag.py:532} INFO - Filling up the DagBag from /home/pker/airflow_env/lib/python3.7/site-packages/airflow/example_dags/plugins/workday.py
[2025-11-21T10:51:52.976+0300] {logging_mixin.py:137} INFO - [2025-11-21T10:51:52.974+0300] {dagbag.py:341} ERROR - Failed to import: /home/pker/airflow_env/lib/python3.7/site-packages/airflow/example_dags/plugins/workday.py
Traceback (most recent call last):
  File "/home/pker/airflow_env/lib/python3.7/site-packages/airflow/models/dagbag.py", line 337, in parse
    loader.exec_module(new_module)
  File "<frozen importlib._bootstrap_external>", line 728, in exec_module
  File "<frozen importlib._bootstrap>", line 219, in _call_with_frames_removed
  File "/home/pker/airflow_env/lib/python3.7/site-packages/airflow/example_dags/plugins/workday.py", line 24, in <module>
    from pandas.tseries.holiday import USFederalHolidayCalendar
ModuleNotFoundError: No module named 'pandas'
[2025-11-21T10:51:52.977+0300] {processor.py:755} WARNING - No viable dags retrieved from /home/pker/airflow_env/lib/python3.7/site-packages/airflow/example_dags/plugins/workday.py
[2025-11-21T10:51:53.014+0300] {processor.py:175} INFO - Processing /home/pker/airflow_env/lib/python3.7/site-packages/airflow/example_dags/plugins/workday.py took 0.055 seconds
[2025-11-21T10:52:36.918+0300] {processor.py:153} INFO - Started process (PID=30604) to work on /home/pker/airflow_env/lib/python3.7/site-packages/airflow/example_dags/plugins/workday.py
[2025-11-21T10:52:36.942+0300] {processor.py:743} INFO - Processing file /home/pker/airflow_env/lib/python3.7/site-packages/airflow/example_dags/plugins/workday.py for tasks to queue
[2025-11-21T10:52:36.944+0300] {logging_mixin.py:137} INFO - [2025-11-21T10:52:36.943+0300] {dagbag.py:532} INFO - Filling up the DagBag from /home/pker/airflow_env/lib/python3.7/site-packages/airflow/example_dags/plugins/workday.py
[2025-11-21T10:52:36.949+0300] {logging_mixin.py:137} INFO - [2025-11-21T10:52:36.947+0300] {dagbag.py:341} ERROR - Failed to import: /home/pker/airflow_env/lib/python3.7/site-packages/airflow/example_dags/plugins/workday.py
Traceback (most recent call last):
  File "/home/pker/airflow_env/lib/python3.7/site-packages/airflow/models/dagbag.py", line 337, in parse
    loader.exec_module(new_module)
  File "<frozen importlib._bootstrap_external>", line 728, in exec_module
  File "<frozen importlib._bootstrap>", line 219, in _call_with_frames_removed
  File "/home/pker/airflow_env/lib/python3.7/site-packages/airflow/example_dags/plugins/workday.py", line 24, in <module>
    from pandas.tseries.holiday import USFederalHolidayCalendar
ModuleNotFoundError: No module named 'pandas'
[2025-11-21T10:52:36.950+0300] {processor.py:755} WARNING - No viable dags retrieved from /home/pker/airflow_env/lib/python3.7/site-packages/airflow/example_dags/plugins/workday.py
[2025-11-21T10:52:36.986+0300] {processor.py:175} INFO - Processing /home/pker/airflow_env/lib/python3.7/site-packages/airflow/example_dags/plugins/workday.py took 0.074 seconds
[2025-11-21T10:53:25.567+0300] {processor.py:153} INFO - Started process (PID=30649) to work on /home/pker/airflow_env/lib/python3.7/site-packages/airflow/example_dags/plugins/workday.py
[2025-11-21T10:53:25.590+0300] {processor.py:743} INFO - Processing file /home/pker/airflow_env/lib/python3.7/site-packages/airflow/example_dags/plugins/workday.py for tasks to queue
[2025-11-21T10:53:25.592+0300] {logging_mixin.py:137} INFO - [2025-11-21T10:53:25.592+0300] {dagbag.py:532} INFO - Filling up the DagBag from /home/pker/airflow_env/lib/python3.7/site-packages/airflow/example_dags/plugins/workday.py
[2025-11-21T10:53:25.597+0300] {logging_mixin.py:137} INFO - [2025-11-21T10:53:25.596+0300] {dagbag.py:341} ERROR - Failed to import: /home/pker/airflow_env/lib/python3.7/site-packages/airflow/example_dags/plugins/workday.py
Traceback (most recent call last):
  File "/home/pker/airflow_env/lib/python3.7/site-packages/airflow/models/dagbag.py", line 337, in parse
    loader.exec_module(new_module)
  File "<frozen importlib._bootstrap_external>", line 728, in exec_module
  File "<frozen importlib._bootstrap>", line 219, in _call_with_frames_removed
  File "/home/pker/airflow_env/lib/python3.7/site-packages/airflow/example_dags/plugins/workday.py", line 24, in <module>
    from pandas.tseries.holiday import USFederalHolidayCalendar
ModuleNotFoundError: No module named 'pandas'
[2025-11-21T10:53:25.598+0300] {processor.py:755} WARNING - No viable dags retrieved from /home/pker/airflow_env/lib/python3.7/site-packages/airflow/example_dags/plugins/workday.py
[2025-11-21T10:53:25.637+0300] {processor.py:175} INFO - Processing /home/pker/airflow_env/lib/python3.7/site-packages/airflow/example_dags/plugins/workday.py took 0.077 seconds
[2025-11-21T10:54:13.479+0300] {processor.py:153} INFO - Started process (PID=30693) to work on /home/pker/airflow_env/lib/python3.7/site-packages/airflow/example_dags/plugins/workday.py
[2025-11-21T10:54:13.500+0300] {processor.py:743} INFO - Processing file /home/pker/airflow_env/lib/python3.7/site-packages/airflow/example_dags/plugins/workday.py for tasks to queue
[2025-11-21T10:54:13.502+0300] {logging_mixin.py:137} INFO - [2025-11-21T10:54:13.501+0300] {dagbag.py:532} INFO - Filling up the DagBag from /home/pker/airflow_env/lib/python3.7/site-packages/airflow/example_dags/plugins/workday.py
[2025-11-21T10:54:13.507+0300] {logging_mixin.py:137} INFO - [2025-11-21T10:54:13.505+0300] {dagbag.py:341} ERROR - Failed to import: /home/pker/airflow_env/lib/python3.7/site-packages/airflow/example_dags/plugins/workday.py
Traceback (most recent call last):
  File "/home/pker/airflow_env/lib/python3.7/site-packages/airflow/models/dagbag.py", line 337, in parse
    loader.exec_module(new_module)
  File "<frozen importlib._bootstrap_external>", line 728, in exec_module
  File "<frozen importlib._bootstrap>", line 219, in _call_with_frames_removed
  File "/home/pker/airflow_env/lib/python3.7/site-packages/airflow/example_dags/plugins/workday.py", line 24, in <module>
    from pandas.tseries.holiday import USFederalHolidayCalendar
ModuleNotFoundError: No module named 'pandas'
[2025-11-21T10:54:13.508+0300] {processor.py:755} WARNING - No viable dags retrieved from /home/pker/airflow_env/lib/python3.7/site-packages/airflow/example_dags/plugins/workday.py
[2025-11-21T10:54:13.544+0300] {processor.py:175} INFO - Processing /home/pker/airflow_env/lib/python3.7/site-packages/airflow/example_dags/plugins/workday.py took 0.071 seconds
[2025-11-21T10:55:01.245+0300] {processor.py:153} INFO - Started process (PID=30740) to work on /home/pker/airflow_env/lib/python3.7/site-packages/airflow/example_dags/plugins/workday.py
[2025-11-21T10:55:01.268+0300] {processor.py:743} INFO - Processing file /home/pker/airflow_env/lib/python3.7/site-packages/airflow/example_dags/plugins/workday.py for tasks to queue
[2025-11-21T10:55:01.271+0300] {logging_mixin.py:137} INFO - [2025-11-21T10:55:01.270+0300] {dagbag.py:532} INFO - Filling up the DagBag from /home/pker/airflow_env/lib/python3.7/site-packages/airflow/example_dags/plugins/workday.py
[2025-11-21T10:55:01.277+0300] {logging_mixin.py:137} INFO - [2025-11-21T10:55:01.275+0300] {dagbag.py:341} ERROR - Failed to import: /home/pker/airflow_env/lib/python3.7/site-packages/airflow/example_dags/plugins/workday.py
Traceback (most recent call last):
  File "/home/pker/airflow_env/lib/python3.7/site-packages/airflow/models/dagbag.py", line 337, in parse
    loader.exec_module(new_module)
  File "<frozen importlib._bootstrap_external>", line 728, in exec_module
  File "<frozen importlib._bootstrap>", line 219, in _call_with_frames_removed
  File "/home/pker/airflow_env/lib/python3.7/site-packages/airflow/example_dags/plugins/workday.py", line 24, in <module>
    from pandas.tseries.holiday import USFederalHolidayCalendar
ModuleNotFoundError: No module named 'pandas'
[2025-11-21T10:55:01.278+0300] {processor.py:755} WARNING - No viable dags retrieved from /home/pker/airflow_env/lib/python3.7/site-packages/airflow/example_dags/plugins/workday.py
[2025-11-21T10:55:01.320+0300] {processor.py:175} INFO - Processing /home/pker/airflow_env/lib/python3.7/site-packages/airflow/example_dags/plugins/workday.py took 0.081 seconds
[2025-11-21T10:55:48.901+0300] {processor.py:153} INFO - Started process (PID=30789) to work on /home/pker/airflow_env/lib/python3.7/site-packages/airflow/example_dags/plugins/workday.py
[2025-11-21T10:55:48.924+0300] {processor.py:743} INFO - Processing file /home/pker/airflow_env/lib/python3.7/site-packages/airflow/example_dags/plugins/workday.py for tasks to queue
[2025-11-21T10:55:48.926+0300] {logging_mixin.py:137} INFO - [2025-11-21T10:55:48.926+0300] {dagbag.py:532} INFO - Filling up the DagBag from /home/pker/airflow_env/lib/python3.7/site-packages/airflow/example_dags/plugins/workday.py
[2025-11-21T10:55:48.932+0300] {logging_mixin.py:137} INFO - [2025-11-21T10:55:48.930+0300] {dagbag.py:341} ERROR - Failed to import: /home/pker/airflow_env/lib/python3.7/site-packages/airflow/example_dags/plugins/workday.py
Traceback (most recent call last):
  File "/home/pker/airflow_env/lib/python3.7/site-packages/airflow/models/dagbag.py", line 337, in parse
    loader.exec_module(new_module)
  File "<frozen importlib._bootstrap_external>", line 728, in exec_module
  File "<frozen importlib._bootstrap>", line 219, in _call_with_frames_removed
  File "/home/pker/airflow_env/lib/python3.7/site-packages/airflow/example_dags/plugins/workday.py", line 24, in <module>
    from pandas.tseries.holiday import USFederalHolidayCalendar
ModuleNotFoundError: No module named 'pandas'
[2025-11-21T10:55:48.932+0300] {processor.py:755} WARNING - No viable dags retrieved from /home/pker/airflow_env/lib/python3.7/site-packages/airflow/example_dags/plugins/workday.py
[2025-11-21T10:55:48.968+0300] {processor.py:175} INFO - Processing /home/pker/airflow_env/lib/python3.7/site-packages/airflow/example_dags/plugins/workday.py took 0.072 seconds
[2025-11-21T10:56:38.487+0300] {processor.py:153} INFO - Started process (PID=30831) to work on /home/pker/airflow_env/lib/python3.7/site-packages/airflow/example_dags/plugins/workday.py
[2025-11-21T10:56:38.509+0300] {processor.py:743} INFO - Processing file /home/pker/airflow_env/lib/python3.7/site-packages/airflow/example_dags/plugins/workday.py for tasks to queue
[2025-11-21T10:56:38.511+0300] {logging_mixin.py:137} INFO - [2025-11-21T10:56:38.511+0300] {dagbag.py:532} INFO - Filling up the DagBag from /home/pker/airflow_env/lib/python3.7/site-packages/airflow/example_dags/plugins/workday.py
[2025-11-21T10:56:38.518+0300] {logging_mixin.py:137} INFO - [2025-11-21T10:56:38.516+0300] {dagbag.py:341} ERROR - Failed to import: /home/pker/airflow_env/lib/python3.7/site-packages/airflow/example_dags/plugins/workday.py
Traceback (most recent call last):
  File "/home/pker/airflow_env/lib/python3.7/site-packages/airflow/models/dagbag.py", line 337, in parse
    loader.exec_module(new_module)
  File "<frozen importlib._bootstrap_external>", line 728, in exec_module
  File "<frozen importlib._bootstrap>", line 219, in _call_with_frames_removed
  File "/home/pker/airflow_env/lib/python3.7/site-packages/airflow/example_dags/plugins/workday.py", line 24, in <module>
    from pandas.tseries.holiday import USFederalHolidayCalendar
ModuleNotFoundError: No module named 'pandas'
[2025-11-21T10:56:38.518+0300] {processor.py:755} WARNING - No viable dags retrieved from /home/pker/airflow_env/lib/python3.7/site-packages/airflow/example_dags/plugins/workday.py
[2025-11-21T10:56:38.557+0300] {processor.py:175} INFO - Processing /home/pker/airflow_env/lib/python3.7/site-packages/airflow/example_dags/plugins/workday.py took 0.075 seconds
[2025-11-21T10:57:25.713+0300] {processor.py:153} INFO - Started process (PID=30875) to work on /home/pker/airflow_env/lib/python3.7/site-packages/airflow/example_dags/plugins/workday.py
[2025-11-21T10:57:25.726+0300] {processor.py:743} INFO - Processing file /home/pker/airflow_env/lib/python3.7/site-packages/airflow/example_dags/plugins/workday.py for tasks to queue
[2025-11-21T10:57:25.729+0300] {logging_mixin.py:137} INFO - [2025-11-21T10:57:25.728+0300] {dagbag.py:532} INFO - Filling up the DagBag from /home/pker/airflow_env/lib/python3.7/site-packages/airflow/example_dags/plugins/workday.py
[2025-11-21T10:57:25.736+0300] {logging_mixin.py:137} INFO - [2025-11-21T10:57:25.734+0300] {dagbag.py:341} ERROR - Failed to import: /home/pker/airflow_env/lib/python3.7/site-packages/airflow/example_dags/plugins/workday.py
Traceback (most recent call last):
  File "/home/pker/airflow_env/lib/python3.7/site-packages/airflow/models/dagbag.py", line 337, in parse
    loader.exec_module(new_module)
  File "<frozen importlib._bootstrap_external>", line 728, in exec_module
  File "<frozen importlib._bootstrap>", line 219, in _call_with_frames_removed
  File "/home/pker/airflow_env/lib/python3.7/site-packages/airflow/example_dags/plugins/workday.py", line 24, in <module>
    from pandas.tseries.holiday import USFederalHolidayCalendar
ModuleNotFoundError: No module named 'pandas'
[2025-11-21T10:57:25.737+0300] {processor.py:755} WARNING - No viable dags retrieved from /home/pker/airflow_env/lib/python3.7/site-packages/airflow/example_dags/plugins/workday.py
[2025-11-21T10:57:25.774+0300] {processor.py:175} INFO - Processing /home/pker/airflow_env/lib/python3.7/site-packages/airflow/example_dags/plugins/workday.py took 0.067 seconds
[2025-11-21T10:58:14.567+0300] {processor.py:153} INFO - Started process (PID=30919) to work on /home/pker/airflow_env/lib/python3.7/site-packages/airflow/example_dags/plugins/workday.py
[2025-11-21T10:58:14.590+0300] {processor.py:743} INFO - Processing file /home/pker/airflow_env/lib/python3.7/site-packages/airflow/example_dags/plugins/workday.py for tasks to queue
[2025-11-21T10:58:14.592+0300] {logging_mixin.py:137} INFO - [2025-11-21T10:58:14.592+0300] {dagbag.py:532} INFO - Filling up the DagBag from /home/pker/airflow_env/lib/python3.7/site-packages/airflow/example_dags/plugins/workday.py
[2025-11-21T10:58:14.600+0300] {logging_mixin.py:137} INFO - [2025-11-21T10:58:14.597+0300] {dagbag.py:341} ERROR - Failed to import: /home/pker/airflow_env/lib/python3.7/site-packages/airflow/example_dags/plugins/workday.py
Traceback (most recent call last):
  File "/home/pker/airflow_env/lib/python3.7/site-packages/airflow/models/dagbag.py", line 337, in parse
    loader.exec_module(new_module)
  File "<frozen importlib._bootstrap_external>", line 728, in exec_module
  File "<frozen importlib._bootstrap>", line 219, in _call_with_frames_removed
  File "/home/pker/airflow_env/lib/python3.7/site-packages/airflow/example_dags/plugins/workday.py", line 24, in <module>
    from pandas.tseries.holiday import USFederalHolidayCalendar
ModuleNotFoundError: No module named 'pandas'
[2025-11-21T10:58:14.600+0300] {processor.py:755} WARNING - No viable dags retrieved from /home/pker/airflow_env/lib/python3.7/site-packages/airflow/example_dags/plugins/workday.py
[2025-11-21T10:58:14.666+0300] {processor.py:175} INFO - Processing /home/pker/airflow_env/lib/python3.7/site-packages/airflow/example_dags/plugins/workday.py took 0.108 seconds
[2025-11-21T10:59:04.226+0300] {processor.py:153} INFO - Started process (PID=30980) to work on /home/pker/airflow_env/lib/python3.7/site-packages/airflow/example_dags/plugins/workday.py
[2025-11-21T10:59:04.240+0300] {processor.py:743} INFO - Processing file /home/pker/airflow_env/lib/python3.7/site-packages/airflow/example_dags/plugins/workday.py for tasks to queue
[2025-11-21T10:59:04.242+0300] {logging_mixin.py:137} INFO - [2025-11-21T10:59:04.242+0300] {dagbag.py:532} INFO - Filling up the DagBag from /home/pker/airflow_env/lib/python3.7/site-packages/airflow/example_dags/plugins/workday.py
[2025-11-21T10:59:04.249+0300] {logging_mixin.py:137} INFO - [2025-11-21T10:59:04.247+0300] {dagbag.py:341} ERROR - Failed to import: /home/pker/airflow_env/lib/python3.7/site-packages/airflow/example_dags/plugins/workday.py
Traceback (most recent call last):
  File "/home/pker/airflow_env/lib/python3.7/site-packages/airflow/models/dagbag.py", line 337, in parse
    loader.exec_module(new_module)
  File "<frozen importlib._bootstrap_external>", line 728, in exec_module
  File "<frozen importlib._bootstrap>", line 219, in _call_with_frames_removed
  File "/home/pker/airflow_env/lib/python3.7/site-packages/airflow/example_dags/plugins/workday.py", line 24, in <module>
    from pandas.tseries.holiday import USFederalHolidayCalendar
ModuleNotFoundError: No module named 'pandas'
[2025-11-21T10:59:04.249+0300] {processor.py:755} WARNING - No viable dags retrieved from /home/pker/airflow_env/lib/python3.7/site-packages/airflow/example_dags/plugins/workday.py
[2025-11-21T10:59:04.298+0300] {processor.py:175} INFO - Processing /home/pker/airflow_env/lib/python3.7/site-packages/airflow/example_dags/plugins/workday.py took 0.079 seconds
[2025-11-21T10:59:50.904+0300] {processor.py:153} INFO - Started process (PID=31028) to work on /home/pker/airflow_env/lib/python3.7/site-packages/airflow/example_dags/plugins/workday.py
[2025-11-21T10:59:50.907+0300] {processor.py:743} INFO - Processing file /home/pker/airflow_env/lib/python3.7/site-packages/airflow/example_dags/plugins/workday.py for tasks to queue
[2025-11-21T10:59:50.908+0300] {logging_mixin.py:137} INFO - [2025-11-21T10:59:50.908+0300] {dagbag.py:532} INFO - Filling up the DagBag from /home/pker/airflow_env/lib/python3.7/site-packages/airflow/example_dags/plugins/workday.py
[2025-11-21T10:59:50.913+0300] {logging_mixin.py:137} INFO - [2025-11-21T10:59:50.912+0300] {dagbag.py:341} ERROR - Failed to import: /home/pker/airflow_env/lib/python3.7/site-packages/airflow/example_dags/plugins/workday.py
Traceback (most recent call last):
  File "/home/pker/airflow_env/lib/python3.7/site-packages/airflow/models/dagbag.py", line 337, in parse
    loader.exec_module(new_module)
  File "<frozen importlib._bootstrap_external>", line 728, in exec_module
  File "<frozen importlib._bootstrap>", line 219, in _call_with_frames_removed
  File "/home/pker/airflow_env/lib/python3.7/site-packages/airflow/example_dags/plugins/workday.py", line 24, in <module>
    from pandas.tseries.holiday import USFederalHolidayCalendar
ModuleNotFoundError: No module named 'pandas'
[2025-11-21T10:59:50.914+0300] {processor.py:755} WARNING - No viable dags retrieved from /home/pker/airflow_env/lib/python3.7/site-packages/airflow/example_dags/plugins/workday.py
[2025-11-21T10:59:50.956+0300] {processor.py:175} INFO - Processing /home/pker/airflow_env/lib/python3.7/site-packages/airflow/example_dags/plugins/workday.py took 0.057 seconds
[2025-11-21T11:00:43.680+0300] {processor.py:153} INFO - Started process (PID=31086) to work on /home/pker/airflow_env/lib/python3.7/site-packages/airflow/example_dags/plugins/workday.py
[2025-11-21T11:00:43.683+0300] {processor.py:743} INFO - Processing file /home/pker/airflow_env/lib/python3.7/site-packages/airflow/example_dags/plugins/workday.py for tasks to queue
[2025-11-21T11:00:43.684+0300] {logging_mixin.py:137} INFO - [2025-11-21T11:00:43.684+0300] {dagbag.py:532} INFO - Filling up the DagBag from /home/pker/airflow_env/lib/python3.7/site-packages/airflow/example_dags/plugins/workday.py
[2025-11-21T11:00:43.688+0300] {logging_mixin.py:137} INFO - [2025-11-21T11:00:43.687+0300] {dagbag.py:341} ERROR - Failed to import: /home/pker/airflow_env/lib/python3.7/site-packages/airflow/example_dags/plugins/workday.py
Traceback (most recent call last):
  File "/home/pker/airflow_env/lib/python3.7/site-packages/airflow/models/dagbag.py", line 337, in parse
    loader.exec_module(new_module)
  File "<frozen importlib._bootstrap_external>", line 728, in exec_module
  File "<frozen importlib._bootstrap>", line 219, in _call_with_frames_removed
  File "/home/pker/airflow_env/lib/python3.7/site-packages/airflow/example_dags/plugins/workday.py", line 24, in <module>
    from pandas.tseries.holiday import USFederalHolidayCalendar
ModuleNotFoundError: No module named 'pandas'
[2025-11-21T11:00:43.688+0300] {processor.py:755} WARNING - No viable dags retrieved from /home/pker/airflow_env/lib/python3.7/site-packages/airflow/example_dags/plugins/workday.py
[2025-11-21T11:00:43.733+0300] {processor.py:175} INFO - Processing /home/pker/airflow_env/lib/python3.7/site-packages/airflow/example_dags/plugins/workday.py took 0.062 seconds
[2025-11-21T11:01:32.904+0300] {processor.py:153} INFO - Started process (PID=31130) to work on /home/pker/airflow_env/lib/python3.7/site-packages/airflow/example_dags/plugins/workday.py
[2025-11-21T11:01:32.929+0300] {processor.py:743} INFO - Processing file /home/pker/airflow_env/lib/python3.7/site-packages/airflow/example_dags/plugins/workday.py for tasks to queue
[2025-11-21T11:01:32.931+0300] {logging_mixin.py:137} INFO - [2025-11-21T11:01:32.930+0300] {dagbag.py:532} INFO - Filling up the DagBag from /home/pker/airflow_env/lib/python3.7/site-packages/airflow/example_dags/plugins/workday.py
[2025-11-21T11:01:32.937+0300] {logging_mixin.py:137} INFO - [2025-11-21T11:01:32.936+0300] {dagbag.py:341} ERROR - Failed to import: /home/pker/airflow_env/lib/python3.7/site-packages/airflow/example_dags/plugins/workday.py
Traceback (most recent call last):
  File "/home/pker/airflow_env/lib/python3.7/site-packages/airflow/models/dagbag.py", line 337, in parse
    loader.exec_module(new_module)
  File "<frozen importlib._bootstrap_external>", line 728, in exec_module
  File "<frozen importlib._bootstrap>", line 219, in _call_with_frames_removed
  File "/home/pker/airflow_env/lib/python3.7/site-packages/airflow/example_dags/plugins/workday.py", line 24, in <module>
    from pandas.tseries.holiday import USFederalHolidayCalendar
ModuleNotFoundError: No module named 'pandas'
[2025-11-21T11:01:32.938+0300] {processor.py:755} WARNING - No viable dags retrieved from /home/pker/airflow_env/lib/python3.7/site-packages/airflow/example_dags/plugins/workday.py
[2025-11-21T11:01:32.981+0300] {processor.py:175} INFO - Processing /home/pker/airflow_env/lib/python3.7/site-packages/airflow/example_dags/plugins/workday.py took 0.085 seconds
[2025-11-21T11:02:20.253+0300] {processor.py:153} INFO - Started process (PID=31176) to work on /home/pker/airflow_env/lib/python3.7/site-packages/airflow/example_dags/plugins/workday.py
[2025-11-21T11:02:20.256+0300] {processor.py:743} INFO - Processing file /home/pker/airflow_env/lib/python3.7/site-packages/airflow/example_dags/plugins/workday.py for tasks to queue
[2025-11-21T11:02:20.257+0300] {logging_mixin.py:137} INFO - [2025-11-21T11:02:20.257+0300] {dagbag.py:532} INFO - Filling up the DagBag from /home/pker/airflow_env/lib/python3.7/site-packages/airflow/example_dags/plugins/workday.py
[2025-11-21T11:02:20.262+0300] {logging_mixin.py:137} INFO - [2025-11-21T11:02:20.261+0300] {dagbag.py:341} ERROR - Failed to import: /home/pker/airflow_env/lib/python3.7/site-packages/airflow/example_dags/plugins/workday.py
Traceback (most recent call last):
  File "/home/pker/airflow_env/lib/python3.7/site-packages/airflow/models/dagbag.py", line 337, in parse
    loader.exec_module(new_module)
  File "<frozen importlib._bootstrap_external>", line 728, in exec_module
  File "<frozen importlib._bootstrap>", line 219, in _call_with_frames_removed
  File "/home/pker/airflow_env/lib/python3.7/site-packages/airflow/example_dags/plugins/workday.py", line 24, in <module>
    from pandas.tseries.holiday import USFederalHolidayCalendar
ModuleNotFoundError: No module named 'pandas'
[2025-11-21T11:02:20.263+0300] {processor.py:755} WARNING - No viable dags retrieved from /home/pker/airflow_env/lib/python3.7/site-packages/airflow/example_dags/plugins/workday.py
[2025-11-21T11:02:20.306+0300] {processor.py:175} INFO - Processing /home/pker/airflow_env/lib/python3.7/site-packages/airflow/example_dags/plugins/workday.py took 0.059 seconds
[2025-11-21T11:03:07.639+0300] {processor.py:153} INFO - Started process (PID=31223) to work on /home/pker/airflow_env/lib/python3.7/site-packages/airflow/example_dags/plugins/workday.py
[2025-11-21T11:03:07.641+0300] {processor.py:743} INFO - Processing file /home/pker/airflow_env/lib/python3.7/site-packages/airflow/example_dags/plugins/workday.py for tasks to queue
[2025-11-21T11:03:07.642+0300] {logging_mixin.py:137} INFO - [2025-11-21T11:03:07.642+0300] {dagbag.py:532} INFO - Filling up the DagBag from /home/pker/airflow_env/lib/python3.7/site-packages/airflow/example_dags/plugins/workday.py
[2025-11-21T11:03:07.646+0300] {logging_mixin.py:137} INFO - [2025-11-21T11:03:07.645+0300] {dagbag.py:341} ERROR - Failed to import: /home/pker/airflow_env/lib/python3.7/site-packages/airflow/example_dags/plugins/workday.py
Traceback (most recent call last):
  File "/home/pker/airflow_env/lib/python3.7/site-packages/airflow/models/dagbag.py", line 337, in parse
    loader.exec_module(new_module)
  File "<frozen importlib._bootstrap_external>", line 728, in exec_module
  File "<frozen importlib._bootstrap>", line 219, in _call_with_frames_removed
  File "/home/pker/airflow_env/lib/python3.7/site-packages/airflow/example_dags/plugins/workday.py", line 24, in <module>
    from pandas.tseries.holiday import USFederalHolidayCalendar
ModuleNotFoundError: No module named 'pandas'
[2025-11-21T11:03:07.646+0300] {processor.py:755} WARNING - No viable dags retrieved from /home/pker/airflow_env/lib/python3.7/site-packages/airflow/example_dags/plugins/workday.py
[2025-11-21T11:03:07.680+0300] {processor.py:175} INFO - Processing /home/pker/airflow_env/lib/python3.7/site-packages/airflow/example_dags/plugins/workday.py took 0.047 seconds
[2025-11-21T11:03:53.397+0300] {processor.py:153} INFO - Started process (PID=31268) to work on /home/pker/airflow_env/lib/python3.7/site-packages/airflow/example_dags/plugins/workday.py
[2025-11-21T11:03:53.420+0300] {processor.py:743} INFO - Processing file /home/pker/airflow_env/lib/python3.7/site-packages/airflow/example_dags/plugins/workday.py for tasks to queue
[2025-11-21T11:03:53.423+0300] {logging_mixin.py:137} INFO - [2025-11-21T11:03:53.422+0300] {dagbag.py:532} INFO - Filling up the DagBag from /home/pker/airflow_env/lib/python3.7/site-packages/airflow/example_dags/plugins/workday.py
[2025-11-21T11:03:53.431+0300] {logging_mixin.py:137} INFO - [2025-11-21T11:03:53.429+0300] {dagbag.py:341} ERROR - Failed to import: /home/pker/airflow_env/lib/python3.7/site-packages/airflow/example_dags/plugins/workday.py
Traceback (most recent call last):
  File "/home/pker/airflow_env/lib/python3.7/site-packages/airflow/models/dagbag.py", line 337, in parse
    loader.exec_module(new_module)
  File "<frozen importlib._bootstrap_external>", line 728, in exec_module
  File "<frozen importlib._bootstrap>", line 219, in _call_with_frames_removed
  File "/home/pker/airflow_env/lib/python3.7/site-packages/airflow/example_dags/plugins/workday.py", line 24, in <module>
    from pandas.tseries.holiday import USFederalHolidayCalendar
ModuleNotFoundError: No module named 'pandas'
[2025-11-21T11:03:53.433+0300] {processor.py:755} WARNING - No viable dags retrieved from /home/pker/airflow_env/lib/python3.7/site-packages/airflow/example_dags/plugins/workday.py
[2025-11-21T11:03:53.480+0300] {processor.py:175} INFO - Processing /home/pker/airflow_env/lib/python3.7/site-packages/airflow/example_dags/plugins/workday.py took 0.091 seconds
[2025-11-21T11:04:42.625+0300] {processor.py:153} INFO - Started process (PID=31310) to work on /home/pker/airflow_env/lib/python3.7/site-packages/airflow/example_dags/plugins/workday.py
[2025-11-21T11:04:42.648+0300] {processor.py:743} INFO - Processing file /home/pker/airflow_env/lib/python3.7/site-packages/airflow/example_dags/plugins/workday.py for tasks to queue
[2025-11-21T11:04:42.651+0300] {logging_mixin.py:137} INFO - [2025-11-21T11:04:42.650+0300] {dagbag.py:532} INFO - Filling up the DagBag from /home/pker/airflow_env/lib/python3.7/site-packages/airflow/example_dags/plugins/workday.py
[2025-11-21T11:04:42.658+0300] {logging_mixin.py:137} INFO - [2025-11-21T11:04:42.656+0300] {dagbag.py:341} ERROR - Failed to import: /home/pker/airflow_env/lib/python3.7/site-packages/airflow/example_dags/plugins/workday.py
Traceback (most recent call last):
  File "/home/pker/airflow_env/lib/python3.7/site-packages/airflow/models/dagbag.py", line 337, in parse
    loader.exec_module(new_module)
  File "<frozen importlib._bootstrap_external>", line 728, in exec_module
  File "<frozen importlib._bootstrap>", line 219, in _call_with_frames_removed
  File "/home/pker/airflow_env/lib/python3.7/site-packages/airflow/example_dags/plugins/workday.py", line 24, in <module>
    from pandas.tseries.holiday import USFederalHolidayCalendar
ModuleNotFoundError: No module named 'pandas'
[2025-11-21T11:04:42.660+0300] {processor.py:755} WARNING - No viable dags retrieved from /home/pker/airflow_env/lib/python3.7/site-packages/airflow/example_dags/plugins/workday.py
[2025-11-21T11:04:42.702+0300] {processor.py:175} INFO - Processing /home/pker/airflow_env/lib/python3.7/site-packages/airflow/example_dags/plugins/workday.py took 0.086 seconds
[2025-11-21T11:05:31.590+0300] {processor.py:153} INFO - Started process (PID=31357) to work on /home/pker/airflow_env/lib/python3.7/site-packages/airflow/example_dags/plugins/workday.py
[2025-11-21T11:05:31.612+0300] {processor.py:743} INFO - Processing file /home/pker/airflow_env/lib/python3.7/site-packages/airflow/example_dags/plugins/workday.py for tasks to queue
[2025-11-21T11:05:31.614+0300] {logging_mixin.py:137} INFO - [2025-11-21T11:05:31.614+0300] {dagbag.py:532} INFO - Filling up the DagBag from /home/pker/airflow_env/lib/python3.7/site-packages/airflow/example_dags/plugins/workday.py
[2025-11-21T11:05:31.621+0300] {logging_mixin.py:137} INFO - [2025-11-21T11:05:31.620+0300] {dagbag.py:341} ERROR - Failed to import: /home/pker/airflow_env/lib/python3.7/site-packages/airflow/example_dags/plugins/workday.py
Traceback (most recent call last):
  File "/home/pker/airflow_env/lib/python3.7/site-packages/airflow/models/dagbag.py", line 337, in parse
    loader.exec_module(new_module)
  File "<frozen importlib._bootstrap_external>", line 728, in exec_module
  File "<frozen importlib._bootstrap>", line 219, in _call_with_frames_removed
  File "/home/pker/airflow_env/lib/python3.7/site-packages/airflow/example_dags/plugins/workday.py", line 24, in <module>
    from pandas.tseries.holiday import USFederalHolidayCalendar
ModuleNotFoundError: No module named 'pandas'
[2025-11-21T11:05:31.622+0300] {processor.py:755} WARNING - No viable dags retrieved from /home/pker/airflow_env/lib/python3.7/site-packages/airflow/example_dags/plugins/workday.py
[2025-11-21T11:05:31.664+0300] {processor.py:175} INFO - Processing /home/pker/airflow_env/lib/python3.7/site-packages/airflow/example_dags/plugins/workday.py took 0.079 seconds
[2025-11-21T11:06:18.692+0300] {processor.py:153} INFO - Started process (PID=31408) to work on /home/pker/airflow_env/lib/python3.7/site-packages/airflow/example_dags/plugins/workday.py
[2025-11-21T11:06:18.712+0300] {processor.py:743} INFO - Processing file /home/pker/airflow_env/lib/python3.7/site-packages/airflow/example_dags/plugins/workday.py for tasks to queue
[2025-11-21T11:06:18.714+0300] {logging_mixin.py:137} INFO - [2025-11-21T11:06:18.714+0300] {dagbag.py:532} INFO - Filling up the DagBag from /home/pker/airflow_env/lib/python3.7/site-packages/airflow/example_dags/plugins/workday.py
[2025-11-21T11:06:18.720+0300] {logging_mixin.py:137} INFO - [2025-11-21T11:06:18.718+0300] {dagbag.py:341} ERROR - Failed to import: /home/pker/airflow_env/lib/python3.7/site-packages/airflow/example_dags/plugins/workday.py
Traceback (most recent call last):
  File "/home/pker/airflow_env/lib/python3.7/site-packages/airflow/models/dagbag.py", line 337, in parse
    loader.exec_module(new_module)
  File "<frozen importlib._bootstrap_external>", line 728, in exec_module
  File "<frozen importlib._bootstrap>", line 219, in _call_with_frames_removed
  File "/home/pker/airflow_env/lib/python3.7/site-packages/airflow/example_dags/plugins/workday.py", line 24, in <module>
    from pandas.tseries.holiday import USFederalHolidayCalendar
ModuleNotFoundError: No module named 'pandas'
[2025-11-21T11:06:18.721+0300] {processor.py:755} WARNING - No viable dags retrieved from /home/pker/airflow_env/lib/python3.7/site-packages/airflow/example_dags/plugins/workday.py
[2025-11-21T11:06:18.759+0300] {processor.py:175} INFO - Processing /home/pker/airflow_env/lib/python3.7/site-packages/airflow/example_dags/plugins/workday.py took 0.072 seconds
[2025-11-21T11:07:06.666+0300] {processor.py:153} INFO - Started process (PID=31456) to work on /home/pker/airflow_env/lib/python3.7/site-packages/airflow/example_dags/plugins/workday.py
[2025-11-21T11:07:06.688+0300] {processor.py:743} INFO - Processing file /home/pker/airflow_env/lib/python3.7/site-packages/airflow/example_dags/plugins/workday.py for tasks to queue
[2025-11-21T11:07:06.691+0300] {logging_mixin.py:137} INFO - [2025-11-21T11:07:06.690+0300] {dagbag.py:532} INFO - Filling up the DagBag from /home/pker/airflow_env/lib/python3.7/site-packages/airflow/example_dags/plugins/workday.py
[2025-11-21T11:07:06.702+0300] {logging_mixin.py:137} INFO - [2025-11-21T11:07:06.699+0300] {dagbag.py:341} ERROR - Failed to import: /home/pker/airflow_env/lib/python3.7/site-packages/airflow/example_dags/plugins/workday.py
Traceback (most recent call last):
  File "/home/pker/airflow_env/lib/python3.7/site-packages/airflow/models/dagbag.py", line 337, in parse
    loader.exec_module(new_module)
  File "<frozen importlib._bootstrap_external>", line 728, in exec_module
  File "<frozen importlib._bootstrap>", line 219, in _call_with_frames_removed
  File "/home/pker/airflow_env/lib/python3.7/site-packages/airflow/example_dags/plugins/workday.py", line 24, in <module>
    from pandas.tseries.holiday import USFederalHolidayCalendar
ModuleNotFoundError: No module named 'pandas'
[2025-11-21T11:07:06.704+0300] {processor.py:755} WARNING - No viable dags retrieved from /home/pker/airflow_env/lib/python3.7/site-packages/airflow/example_dags/plugins/workday.py
[2025-11-21T11:07:06.762+0300] {processor.py:175} INFO - Processing /home/pker/airflow_env/lib/python3.7/site-packages/airflow/example_dags/plugins/workday.py took 0.103 seconds
[2025-11-21T11:07:54.859+0300] {processor.py:153} INFO - Started process (PID=31526) to work on /home/pker/airflow_env/lib/python3.7/site-packages/airflow/example_dags/plugins/workday.py
[2025-11-21T11:07:54.882+0300] {processor.py:743} INFO - Processing file /home/pker/airflow_env/lib/python3.7/site-packages/airflow/example_dags/plugins/workday.py for tasks to queue
[2025-11-21T11:07:54.884+0300] {logging_mixin.py:137} INFO - [2025-11-21T11:07:54.883+0300] {dagbag.py:532} INFO - Filling up the DagBag from /home/pker/airflow_env/lib/python3.7/site-packages/airflow/example_dags/plugins/workday.py
[2025-11-21T11:07:54.889+0300] {logging_mixin.py:137} INFO - [2025-11-21T11:07:54.888+0300] {dagbag.py:341} ERROR - Failed to import: /home/pker/airflow_env/lib/python3.7/site-packages/airflow/example_dags/plugins/workday.py
Traceback (most recent call last):
  File "/home/pker/airflow_env/lib/python3.7/site-packages/airflow/models/dagbag.py", line 337, in parse
    loader.exec_module(new_module)
  File "<frozen importlib._bootstrap_external>", line 728, in exec_module
  File "<frozen importlib._bootstrap>", line 219, in _call_with_frames_removed
  File "/home/pker/airflow_env/lib/python3.7/site-packages/airflow/example_dags/plugins/workday.py", line 24, in <module>
    from pandas.tseries.holiday import USFederalHolidayCalendar
ModuleNotFoundError: No module named 'pandas'
[2025-11-21T11:07:54.890+0300] {processor.py:755} WARNING - No viable dags retrieved from /home/pker/airflow_env/lib/python3.7/site-packages/airflow/example_dags/plugins/workday.py
[2025-11-21T11:07:54.925+0300] {processor.py:175} INFO - Processing /home/pker/airflow_env/lib/python3.7/site-packages/airflow/example_dags/plugins/workday.py took 0.070 seconds
[2025-11-21T11:08:42.268+0300] {processor.py:153} INFO - Started process (PID=31573) to work on /home/pker/airflow_env/lib/python3.7/site-packages/airflow/example_dags/plugins/workday.py
[2025-11-21T11:08:42.270+0300] {processor.py:743} INFO - Processing file /home/pker/airflow_env/lib/python3.7/site-packages/airflow/example_dags/plugins/workday.py for tasks to queue
[2025-11-21T11:08:42.271+0300] {logging_mixin.py:137} INFO - [2025-11-21T11:08:42.271+0300] {dagbag.py:532} INFO - Filling up the DagBag from /home/pker/airflow_env/lib/python3.7/site-packages/airflow/example_dags/plugins/workday.py
[2025-11-21T11:08:42.276+0300] {logging_mixin.py:137} INFO - [2025-11-21T11:08:42.274+0300] {dagbag.py:341} ERROR - Failed to import: /home/pker/airflow_env/lib/python3.7/site-packages/airflow/example_dags/plugins/workday.py
Traceback (most recent call last):
  File "/home/pker/airflow_env/lib/python3.7/site-packages/airflow/models/dagbag.py", line 337, in parse
    loader.exec_module(new_module)
  File "<frozen importlib._bootstrap_external>", line 728, in exec_module
  File "<frozen importlib._bootstrap>", line 219, in _call_with_frames_removed
  File "/home/pker/airflow_env/lib/python3.7/site-packages/airflow/example_dags/plugins/workday.py", line 24, in <module>
    from pandas.tseries.holiday import USFederalHolidayCalendar
ModuleNotFoundError: No module named 'pandas'
[2025-11-21T11:08:42.276+0300] {processor.py:755} WARNING - No viable dags retrieved from /home/pker/airflow_env/lib/python3.7/site-packages/airflow/example_dags/plugins/workday.py
[2025-11-21T11:08:42.308+0300] {processor.py:175} INFO - Processing /home/pker/airflow_env/lib/python3.7/site-packages/airflow/example_dags/plugins/workday.py took 0.048 seconds
