[2025-12-23T12:17:29.146+0300] {taskinstance.py:1090} INFO - Dependencies all met for dep_context=non-requeueable deps ti=<TaskInstance: execute_multiple_tasks.task_1 scheduled__2025-12-03T00:00:00+00:00 [queued]>
[2025-12-23T12:17:29.153+0300] {taskinstance.py:1090} INFO - Dependencies all met for dep_context=requeueable deps ti=<TaskInstance: execute_multiple_tasks.task_1 scheduled__2025-12-03T00:00:00+00:00 [queued]>
[2025-12-23T12:17:29.153+0300] {taskinstance.py:1288} INFO - 
--------------------------------------------------------------------------------
[2025-12-23T12:17:29.153+0300] {taskinstance.py:1289} INFO - Starting attempt 1 of 1
[2025-12-23T12:17:29.153+0300] {taskinstance.py:1290} INFO - 
--------------------------------------------------------------------------------
[2025-12-23T12:17:29.169+0300] {taskinstance.py:1309} INFO - Executing <Task(BashOperator): task_1> on 2025-12-03 00:00:00+00:00
[2025-12-23T12:17:29.172+0300] {standard_task_runner.py:55} INFO - Started process 27006 to run task
[2025-12-23T12:17:29.176+0300] {standard_task_runner.py:82} INFO - Running: ['airflow', 'tasks', 'run', 'execute_multiple_tasks', 'task_1', 'scheduled__2025-12-03T00:00:00+00:00', '--job-id', '221', '--raw', '--subdir', 'DAGS_FOLDER/execute_multiple_tasks.py', '--cfg-path', '/tmp/tmptz3jz9sd']
[2025-12-23T12:17:29.176+0300] {standard_task_runner.py:83} INFO - Job 221: Subtask task_1
[2025-12-23T12:17:29.234+0300] {task_command.py:389} INFO - Running <TaskInstance: execute_multiple_tasks.task_1 scheduled__2025-12-03T00:00:00+00:00 [running]> on host DESKTOP-P0U82UP.
[2025-12-23T12:17:29.286+0300] {taskinstance.py:1518} INFO - Exporting the following env vars:
AIRFLOW_CTX_DAG_OWNER=pker
AIRFLOW_CTX_DAG_ID=execute_multiple_tasks
AIRFLOW_CTX_TASK_ID=task_1
AIRFLOW_CTX_EXECUTION_DATE=2025-12-03T00:00:00+00:00
AIRFLOW_CTX_TRY_NUMBER=1
AIRFLOW_CTX_DAG_RUN_ID=scheduled__2025-12-03T00:00:00+00:00
[2025-12-23T12:17:29.288+0300] {subprocess.py:63} INFO - Tmp dir root location: 
 /tmp
[2025-12-23T12:17:29.289+0300] {subprocess.py:75} INFO - Running command: ['/usr/bin/bash', '-c', '\n        echo "Executing Task 1"\n        \n        for i in {1..10}\n        do \n            echo Task 1 iteration $i\n        done\n        echo "Task 1 completed"\n        ']
[2025-12-23T12:17:29.294+0300] {subprocess.py:86} INFO - Output:
[2025-12-23T12:17:29.294+0300] {subprocess.py:93} INFO - Executing Task 1
[2025-12-23T12:17:29.295+0300] {subprocess.py:93} INFO - Task 1 iteration 1
[2025-12-23T12:17:29.295+0300] {subprocess.py:93} INFO - Task 1 iteration 2
[2025-12-23T12:17:29.295+0300] {subprocess.py:93} INFO - Task 1 iteration 3
[2025-12-23T12:17:29.295+0300] {subprocess.py:93} INFO - Task 1 iteration 4
[2025-12-23T12:17:29.295+0300] {subprocess.py:93} INFO - Task 1 iteration 5
[2025-12-23T12:17:29.295+0300] {subprocess.py:93} INFO - Task 1 iteration 6
[2025-12-23T12:17:29.295+0300] {subprocess.py:93} INFO - Task 1 iteration 7
[2025-12-23T12:17:29.295+0300] {subprocess.py:93} INFO - Task 1 iteration 8
[2025-12-23T12:17:29.295+0300] {subprocess.py:93} INFO - Task 1 iteration 9
[2025-12-23T12:17:29.295+0300] {subprocess.py:93} INFO - Task 1 iteration 10
[2025-12-23T12:17:29.295+0300] {subprocess.py:93} INFO - Task 1 completed
[2025-12-23T12:17:29.295+0300] {subprocess.py:97} INFO - Command exited with return code 0
[2025-12-23T12:17:29.312+0300] {taskinstance.py:1332} INFO - Marking task as SUCCESS. dag_id=execute_multiple_tasks, task_id=task_1, execution_date=20251203T000000, start_date=20251223T091729, end_date=20251223T091729
[2025-12-23T12:17:29.352+0300] {local_task_job.py:212} INFO - Task exited with return code 0
[2025-12-23T12:17:29.385+0300] {taskinstance.py:2596} INFO - 2 downstream tasks scheduled from follow-on schedule check
