[2025-11-30T09:18:05.184+0300] {taskinstance.py:1090} INFO - Dependencies all met for dep_context=non-requeueable deps ti=<TaskInstance: cross_task_communication.increment_by_1 scheduled__2025-11-29T00:00:00+00:00 [queued]>
[2025-11-30T09:18:05.189+0300] {taskinstance.py:1090} INFO - Dependencies all met for dep_context=non-requeueable deps ti=<TaskInstance: cross_task_communication.increment_by_1 scheduled__2025-11-29T00:00:00+00:00 [queued]>
[2025-11-30T09:18:05.205+0300] {taskinstance.py:1090} INFO - Dependencies all met for dep_context=requeueable deps ti=<TaskInstance: cross_task_communication.increment_by_1 scheduled__2025-11-29T00:00:00+00:00 [queued]>
[2025-11-30T09:18:05.205+0300] {taskinstance.py:1288} INFO - 
--------------------------------------------------------------------------------
[2025-11-30T09:18:05.206+0300] {taskinstance.py:1289} INFO - Starting attempt 1 of 1
[2025-11-30T09:18:05.206+0300] {taskinstance.py:1290} INFO - 
--------------------------------------------------------------------------------
[2025-11-30T09:18:05.213+0300] {taskinstance.py:1090} INFO - Dependencies all met for dep_context=requeueable deps ti=<TaskInstance: cross_task_communication.increment_by_1 scheduled__2025-11-29T00:00:00+00:00 [queued]>
[2025-11-30T09:18:05.214+0300] {taskinstance.py:1288} INFO - 
--------------------------------------------------------------------------------
[2025-11-30T09:18:05.215+0300] {taskinstance.py:1289} INFO - Starting attempt 1 of 1
[2025-11-30T09:18:05.215+0300] {taskinstance.py:1290} INFO - 
--------------------------------------------------------------------------------
[2025-11-30T09:18:05.293+0300] {taskinstance.py:1309} INFO - Executing <Task(PythonOperator): increment_by_1> on 2025-11-29 00:00:00+00:00
[2025-11-30T09:18:05.303+0300] {standard_task_runner.py:55} INFO - Started process 796290 to run task
[2025-11-30T09:18:05.313+0300] {standard_task_runner.py:82} INFO - Running: ['airflow', 'tasks', 'run', 'cross_task_communication', 'increment_by_1', 'scheduled__2025-11-29T00:00:00+00:00', '--job-id', '176', '--raw', '--subdir', 'DAGS_FOLDER/xcom.py', '--cfg-path', '/tmp/tmpsxxro6i9']
[2025-11-30T09:18:05.315+0300] {standard_task_runner.py:83} INFO - Job 176: Subtask increment_by_1
[2025-11-30T09:18:05.344+0300] {taskinstance.py:1309} INFO - Executing <Task(PythonOperator): increment_by_1> on 2025-11-29 00:00:00+00:00
[2025-11-30T09:18:05.350+0300] {standard_task_runner.py:55} INFO - Started process 796291 to run task
[2025-11-30T09:18:05.361+0300] {standard_task_runner.py:82} INFO - Running: ['airflow', 'tasks', 'run', 'cross_task_communication', 'increment_by_1', 'scheduled__2025-11-29T00:00:00+00:00', '--job-id', '177', '--raw', '--subdir', 'DAGS_FOLDER/xcom.py', '--cfg-path', '/tmp/tmpf93v38s5']
[2025-11-30T09:18:05.362+0300] {standard_task_runner.py:83} INFO - Job 177: Subtask increment_by_1
[2025-11-30T09:18:05.577+0300] {task_command.py:389} INFO - Running <TaskInstance: cross_task_communication.increment_by_1 scheduled__2025-11-29T00:00:00+00:00 [running]> on host DESKTOP-P0U82UP.
[2025-11-30T09:18:05.621+0300] {task_command.py:389} INFO - Running <TaskInstance: cross_task_communication.increment_by_1 scheduled__2025-11-29T00:00:00+00:00 [running]> on host DESKTOP-P0U82UP.
[2025-11-30T09:18:05.783+0300] {taskinstance.py:1518} INFO - Exporting the following env vars:
AIRFLOW_CTX_DAG_OWNER=pker
AIRFLOW_CTX_DAG_ID=cross_task_communication
AIRFLOW_CTX_TASK_ID=increment_by_1
AIRFLOW_CTX_EXECUTION_DATE=2025-11-29T00:00:00+00:00
AIRFLOW_CTX_TRY_NUMBER=1
AIRFLOW_CTX_DAG_RUN_ID=scheduled__2025-11-29T00:00:00+00:00
[2025-11-30T09:18:05.787+0300] {logging_mixin.py:137} INFO - Value 1!
[2025-11-30T09:18:05.788+0300] {python.py:177} INFO - Done. Returned value was: 2
[2025-11-30T09:18:05.881+0300] {taskinstance.py:1332} INFO - Marking task as SUCCESS. dag_id=cross_task_communication, task_id=increment_by_1, execution_date=20251129T000000, start_date=20251130T061805, end_date=20251130T061805
[2025-11-30T09:18:05.948+0300] {taskinstance.py:1518} INFO - Exporting the following env vars:
AIRFLOW_CTX_DAG_OWNER=pker
AIRFLOW_CTX_DAG_ID=cross_task_communication
AIRFLOW_CTX_TASK_ID=increment_by_1
AIRFLOW_CTX_EXECUTION_DATE=2025-11-29T00:00:00+00:00
AIRFLOW_CTX_TRY_NUMBER=1
AIRFLOW_CTX_DAG_RUN_ID=scheduled__2025-11-29T00:00:00+00:00
[2025-11-30T09:18:05.953+0300] {logging_mixin.py:137} INFO - Value 1!
[2025-11-30T09:18:05.953+0300] {python.py:177} INFO - Done. Returned value was: 2
[2025-11-30T09:18:05.972+0300] {local_task_job.py:212} INFO - Task exited with return code 0
[2025-11-30T09:18:06.043+0300] {taskinstance.py:1332} INFO - Marking task as SUCCESS. dag_id=cross_task_communication, task_id=increment_by_1, execution_date=20251129T000000, start_date=20251130T061805, end_date=20251130T061806
[2025-11-30T09:18:06.137+0300] {local_task_job.py:212} INFO - Task exited with return code 0
[2025-11-30T09:18:06.138+0300] {taskinstance.py:2596} INFO - 1 downstream tasks scheduled from follow-on schedule check
[2025-11-30T09:18:06.613+0300] {taskinstance.py:2596} INFO - 0 downstream tasks scheduled from follow-on schedule check
