[2025-12-02T08:05:36.586+0300] {taskinstance.py:1090} INFO - Dependencies all met for dep_context=non-requeueable deps ti=<TaskInstance: cross_task_communication.print_value scheduled__2025-12-01T00:00:00+00:00 [queued]>
[2025-12-02T08:05:36.598+0300] {taskinstance.py:1090} INFO - Dependencies all met for dep_context=requeueable deps ti=<TaskInstance: cross_task_communication.print_value scheduled__2025-12-01T00:00:00+00:00 [queued]>
[2025-12-02T08:05:36.598+0300] {taskinstance.py:1288} INFO - 
--------------------------------------------------------------------------------
[2025-12-02T08:05:36.598+0300] {taskinstance.py:1289} INFO - Starting attempt 1 of 1
[2025-12-02T08:05:36.598+0300] {taskinstance.py:1290} INFO - 
--------------------------------------------------------------------------------
[2025-12-02T08:05:36.618+0300] {taskinstance.py:1309} INFO - Executing <Task(PythonOperator): print_value> on 2025-12-01 00:00:00+00:00
[2025-12-02T08:05:36.624+0300] {standard_task_runner.py:55} INFO - Started process 923855 to run task
[2025-12-02T08:05:36.628+0300] {standard_task_runner.py:82} INFO - Running: ['airflow', 'tasks', 'run', 'cross_task_communication', 'print_value', 'scheduled__2025-12-01T00:00:00+00:00', '--job-id', '215', '--raw', '--subdir', 'DAGS_FOLDER/xcom.py', '--cfg-path', '/tmp/tmpuzi804rc']
[2025-12-02T08:05:36.629+0300] {standard_task_runner.py:83} INFO - Job 215: Subtask print_value
[2025-12-02T08:05:36.702+0300] {task_command.py:389} INFO - Running <TaskInstance: cross_task_communication.print_value scheduled__2025-12-01T00:00:00+00:00 [running]> on host DESKTOP-P0U82UP.
[2025-12-02T08:05:36.790+0300] {taskinstance.py:1518} INFO - Exporting the following env vars:
AIRFLOW_CTX_DAG_OWNER=pker
AIRFLOW_CTX_DAG_ID=cross_task_communication
AIRFLOW_CTX_TASK_ID=print_value
AIRFLOW_CTX_EXECUTION_DATE=2025-12-01T00:00:00+00:00
AIRFLOW_CTX_TRY_NUMBER=1
AIRFLOW_CTX_DAG_RUN_ID=scheduled__2025-12-01T00:00:00+00:00
[2025-12-02T08:05:36.800+0300] {logging_mixin.py:137} INFO - Final Value 191!
[2025-12-02T08:05:36.801+0300] {python.py:177} INFO - Done. Returned value was: None
[2025-12-02T08:05:36.808+0300] {taskinstance.py:1332} INFO - Marking task as SUCCESS. dag_id=cross_task_communication, task_id=print_value, execution_date=20251201T000000, start_date=20251202T050536, end_date=20251202T050536
[2025-12-02T08:05:36.844+0300] {local_task_job.py:212} INFO - Task exited with return code 0
[2025-12-02T08:05:36.862+0300] {taskinstance.py:2596} INFO - 0 downstream tasks scheduled from follow-on schedule check
