[2025-11-21T14:03:17.479+0300] {taskinstance.py:1090} INFO - Dependencies all met for dep_context=non-requeueable deps ti=<TaskInstance: execute_multiple_tasks.task_1 manual__2025-11-21T11:03:11.689359+00:00 [queued]>
[2025-11-21T14:03:17.489+0300] {taskinstance.py:1090} INFO - Dependencies all met for dep_context=requeueable deps ti=<TaskInstance: execute_multiple_tasks.task_1 manual__2025-11-21T11:03:11.689359+00:00 [queued]>
[2025-11-21T14:03:17.490+0300] {taskinstance.py:1288} INFO - 
--------------------------------------------------------------------------------
[2025-11-21T14:03:17.490+0300] {taskinstance.py:1289} INFO - Starting attempt 1 of 1
[2025-11-21T14:03:17.490+0300] {taskinstance.py:1290} INFO - 
--------------------------------------------------------------------------------
[2025-11-21T14:03:17.507+0300] {taskinstance.py:1309} INFO - Executing <Task(BashOperator): task_1> on 2025-11-21 11:03:11.689359+00:00
[2025-11-21T14:03:17.509+0300] {standard_task_runner.py:55} INFO - Started process 44962 to run task
[2025-11-21T14:03:17.514+0300] {standard_task_runner.py:82} INFO - Running: ['airflow', 'tasks', 'run', 'execute_multiple_tasks', 'task_1', 'manual__2025-11-21T11:03:11.689359+00:00', '--job-id', '15', '--raw', '--subdir', 'DAGS_FOLDER/execute_multiple_tasks.py', '--cfg-path', '/tmp/tmpghluqw0j']
[2025-11-21T14:03:17.515+0300] {standard_task_runner.py:83} INFO - Job 15: Subtask task_1
[2025-11-21T14:03:17.584+0300] {task_command.py:389} INFO - Running <TaskInstance: execute_multiple_tasks.task_1 manual__2025-11-21T11:03:11.689359+00:00 [running]> on host DESKTOP-P0U82UP.
[2025-11-21T14:03:17.682+0300] {taskinstance.py:1518} INFO - Exporting the following env vars:
AIRFLOW_CTX_DAG_OWNER=pker
AIRFLOW_CTX_DAG_ID=execute_multiple_tasks
AIRFLOW_CTX_TASK_ID=task_1
AIRFLOW_CTX_EXECUTION_DATE=2025-11-21T11:03:11.689359+00:00
AIRFLOW_CTX_TRY_NUMBER=1
AIRFLOW_CTX_DAG_RUN_ID=manual__2025-11-21T11:03:11.689359+00:00
[2025-11-21T14:03:17.684+0300] {subprocess.py:63} INFO - Tmp dir root location: 
 /tmp
[2025-11-21T14:03:17.685+0300] {subprocess.py:75} INFO - Running command: ['/usr/bin/bash', '-c', 'echo "Executing Task 1"']
[2025-11-21T14:03:17.692+0300] {subprocess.py:86} INFO - Output:
[2025-11-21T14:03:17.693+0300] {subprocess.py:93} INFO - Executing Task 1
[2025-11-21T14:03:17.694+0300] {subprocess.py:97} INFO - Command exited with return code 0
[2025-11-21T14:03:17.730+0300] {taskinstance.py:1332} INFO - Marking task as SUCCESS. dag_id=execute_multiple_tasks, task_id=task_1, execution_date=20251121T110311, start_date=20251121T110317, end_date=20251121T110317
[2025-11-21T14:03:17.773+0300] {local_task_job.py:212} INFO - Task exited with return code 0
[2025-11-21T14:03:17.792+0300] {taskinstance.py:2596} INFO - 0 downstream tasks scheduled from follow-on schedule check
