[2025-11-26T21:25:33.253+0300] {taskinstance.py:1090} INFO - Dependencies all met for dep_context=non-requeueable deps ti=<TaskInstance: execute_python_operator.greet_hello scheduled__2025-11-25T00:00:00+00:00 [queued]>
[2025-11-26T21:25:33.261+0300] {taskinstance.py:1090} INFO - Dependencies all met for dep_context=requeueable deps ti=<TaskInstance: execute_python_operator.greet_hello scheduled__2025-11-25T00:00:00+00:00 [queued]>
[2025-11-26T21:25:33.261+0300] {taskinstance.py:1288} INFO - 
--------------------------------------------------------------------------------
[2025-11-26T21:25:33.262+0300] {taskinstance.py:1289} INFO - Starting attempt 1 of 1
[2025-11-26T21:25:33.262+0300] {taskinstance.py:1290} INFO - 
--------------------------------------------------------------------------------
[2025-11-26T21:25:33.283+0300] {taskinstance.py:1309} INFO - Executing <Task(PythonOperator): greet_hello> on 2025-11-25 00:00:00+00:00
[2025-11-26T21:25:33.286+0300] {standard_task_runner.py:55} INFO - Started process 2001 to run task
[2025-11-26T21:25:33.290+0300] {standard_task_runner.py:82} INFO - Running: ['airflow', 'tasks', 'run', 'execute_python_operator', 'greet_hello', 'scheduled__2025-11-25T00:00:00+00:00', '--job-id', '52', '--raw', '--subdir', 'DAGS_FOLDER/weather_dag.py', '--cfg-path', '/tmp/tmptcmpp3xy']
[2025-11-26T21:25:33.291+0300] {standard_task_runner.py:83} INFO - Job 52: Subtask greet_hello
[2025-11-26T21:25:33.376+0300] {task_command.py:389} INFO - Running <TaskInstance: execute_python_operator.greet_hello scheduled__2025-11-25T00:00:00+00:00 [running]> on host DESKTOP-P0U82UP.
[2025-11-26T21:25:33.452+0300] {taskinstance.py:1518} INFO - Exporting the following env vars:
AIRFLOW_CTX_DAG_OWNER=pker
AIRFLOW_CTX_DAG_ID=execute_python_operator
AIRFLOW_CTX_TASK_ID=greet_hello
AIRFLOW_CTX_EXECUTION_DATE=2025-11-25T00:00:00+00:00
AIRFLOW_CTX_TRY_NUMBER=1
AIRFLOW_CTX_DAG_RUN_ID=scheduled__2025-11-25T00:00:00+00:00
[2025-11-26T21:25:33.453+0300] {logging_mixin.py:137} INFO - Hello, pker!
[2025-11-26T21:25:33.453+0300] {python.py:177} INFO - Done. Returned value was: None
[2025-11-26T21:25:33.459+0300] {taskinstance.py:1332} INFO - Marking task as SUCCESS. dag_id=execute_python_operator, task_id=greet_hello, execution_date=20251125T000000, start_date=20251126T182533, end_date=20251126T182533
[2025-11-26T21:25:33.503+0300] {local_task_job.py:212} INFO - Task exited with return code 0
[2025-11-26T21:25:33.535+0300] {taskinstance.py:2596} INFO - 1 downstream tasks scheduled from follow-on schedule check
