[2025-12-26T07:54:25.159+0300] {taskinstance.py:1090} INFO - Dependencies all met for dep_context=non-requeueable deps ti=<TaskInstance: weather_dag.extract_weather_data scheduled__2025-12-25T00:00:00+00:00 [queued]>
[2025-12-26T07:54:25.176+0300] {taskinstance.py:1090} INFO - Dependencies all met for dep_context=requeueable deps ti=<TaskInstance: weather_dag.extract_weather_data scheduled__2025-12-25T00:00:00+00:00 [queued]>
[2025-12-26T07:54:25.176+0300] {taskinstance.py:1288} INFO - 
--------------------------------------------------------------------------------
[2025-12-26T07:54:25.176+0300] {taskinstance.py:1289} INFO - Starting attempt 1 of 1
[2025-12-26T07:54:25.176+0300] {taskinstance.py:1290} INFO - 
--------------------------------------------------------------------------------
[2025-12-26T07:54:25.198+0300] {taskinstance.py:1309} INFO - Executing <Task(PythonOperator): extract_weather_data> on 2025-12-25 00:00:00+00:00
[2025-12-26T07:54:25.203+0300] {standard_task_runner.py:55} INFO - Started process 416143 to run task
[2025-12-26T07:54:25.207+0300] {standard_task_runner.py:82} INFO - Running: ['airflow', 'tasks', 'run', 'weather_dag', 'extract_weather_data', 'scheduled__2025-12-25T00:00:00+00:00', '--job-id', '12', '--raw', '--subdir', 'DAGS_FOLDER/weather_dag.py', '--cfg-path', '/tmp/tmp_45rp0_i']
[2025-12-26T07:54:25.208+0300] {standard_task_runner.py:83} INFO - Job 12: Subtask extract_weather_data
[2025-12-26T07:54:25.652+0300] {task_command.py:389} INFO - Running <TaskInstance: weather_dag.extract_weather_data scheduled__2025-12-25T00:00:00+00:00 [running]> on host DESKTOP-P0U82UP.
[2025-12-26T07:54:26.034+0300] {taskinstance.py:1518} INFO - Exporting the following env vars:
AIRFLOW_CTX_DAG_OWNER=pker
AIRFLOW_CTX_DAG_ID=weather_dag
AIRFLOW_CTX_TASK_ID=extract_weather_data
AIRFLOW_CTX_EXECUTION_DATE=2025-12-25T00:00:00+00:00
AIRFLOW_CTX_TRY_NUMBER=1
AIRFLOW_CTX_DAG_RUN_ID=scheduled__2025-12-25T00:00:00+00:00
[2025-12-26T07:54:27.044+0300] {logging_mixin.py:137} INFO - Weather data fetched successfully.
[2025-12-26T07:54:27.046+0300] {python.py:177} INFO - Done. Returned value was: {'coord': {'lon': 36.8167, 'lat': -1.2833}, 'weather': [{'id': 801, 'main': 'Clouds', 'description': 'few clouds', 'icon': '02d'}], 'base': 'stations', 'main': {'temp': 16.93, 'feels_like': 16.82, 'temp_min': 16.93, 'temp_max': 16.93, 'pressure': 1016, 'humidity': 82, 'sea_level': 1016, 'grnd_level': 837}, 'visibility': 10000, 'wind': {'speed': 0, 'deg': 0}, 'clouds': {'all': 20}, 'dt': 1766724582, 'sys': {'type': 1, 'id': 2558, 'country': 'KE', 'sunrise': 1766719641, 'sunset': 1766763541}, 'timezone': 10800, 'id': 184745, 'name': 'Nairobi', 'cod': 200}
[2025-12-26T07:54:27.369+0300] {taskinstance.py:1332} INFO - Marking task as SUCCESS. dag_id=weather_dag, task_id=extract_weather_data, execution_date=20251225T000000, start_date=20251226T045425, end_date=20251226T045427
[2025-12-26T07:54:27.443+0300] {local_task_job.py:212} INFO - Task exited with return code 0
[2025-12-26T07:54:27.631+0300] {taskinstance.py:2596} INFO - 1 downstream tasks scheduled from follow-on schedule check
