[2025-11-28T16:31:11.537+0300] {taskinstance.py:1090} INFO - Dependencies all met for dep_context=non-requeueable deps ti=<TaskInstance: branching_dag.can_drive_to_work manual__2025-11-28T13:31:01.331253+00:00 [queued]>
[2025-11-28T16:31:11.548+0300] {taskinstance.py:1090} INFO - Dependencies all met for dep_context=requeueable deps ti=<TaskInstance: branching_dag.can_drive_to_work manual__2025-11-28T13:31:01.331253+00:00 [queued]>
[2025-11-28T16:31:11.548+0300] {taskinstance.py:1288} INFO - 
--------------------------------------------------------------------------------
[2025-11-28T16:31:11.548+0300] {taskinstance.py:1289} INFO - Starting attempt 1 of 1
[2025-11-28T16:31:11.548+0300] {taskinstance.py:1290} INFO - 
--------------------------------------------------------------------------------
[2025-11-28T16:31:11.569+0300] {taskinstance.py:1309} INFO - Executing <Task(PythonOperator): can_drive_to_work> on 2025-11-28 13:31:01.331253+00:00
[2025-11-28T16:31:11.572+0300] {standard_task_runner.py:55} INFO - Started process 547638 to run task
[2025-11-28T16:31:11.576+0300] {standard_task_runner.py:82} INFO - Running: ['airflow', 'tasks', 'run', 'branching_dag', 'can_drive_to_work', 'manual__2025-11-28T13:31:01.331253+00:00', '--job-id', '134', '--raw', '--subdir', 'DAGS_FOLDER/branching_dag.py', '--cfg-path', '/tmp/tmpnm8tp939']
[2025-11-28T16:31:11.577+0300] {standard_task_runner.py:83} INFO - Job 134: Subtask can_drive_to_work
[2025-11-28T16:31:11.639+0300] {task_command.py:389} INFO - Running <TaskInstance: branching_dag.can_drive_to_work manual__2025-11-28T13:31:01.331253+00:00 [running]> on host DESKTOP-P0U82UP.
[2025-11-28T16:31:11.713+0300] {taskinstance.py:1518} INFO - Exporting the following env vars:
AIRFLOW_CTX_DAG_OWNER=pker
AIRFLOW_CTX_DAG_ID=branching_dag
AIRFLOW_CTX_TASK_ID=can_drive_to_work
AIRFLOW_CTX_EXECUTION_DATE=2025-11-28T13:31:01.331253+00:00
AIRFLOW_CTX_TRY_NUMBER=1
AIRFLOW_CTX_DAG_RUN_ID=manual__2025-11-28T13:31:01.331253+00:00
[2025-11-28T16:31:11.713+0300] {logging_mixin.py:137} INFO - Driving to work!
[2025-11-28T16:31:11.714+0300] {python.py:177} INFO - Done. Returned value was: None
[2025-11-28T16:31:11.719+0300] {taskinstance.py:1332} INFO - Marking task as SUCCESS. dag_id=branching_dag, task_id=can_drive_to_work, execution_date=20251128T133101, start_date=20251128T133111, end_date=20251128T133111
[2025-11-28T16:31:11.759+0300] {local_task_job.py:212} INFO - Task exited with return code 0
[2025-11-28T16:31:11.784+0300] {taskinstance.py:2596} INFO - 0 downstream tasks scheduled from follow-on schedule check
