[2025-12-02T08:04:55.859+0300] {taskinstance.py:1090} INFO - Dependencies all met for dep_context=non-requeueable deps ti=<TaskInstance: cross_task_communication.multiply_by_100 scheduled__2025-12-01T00:00:00+00:00 [queued]>
[2025-12-02T08:04:55.871+0300] {taskinstance.py:1090} INFO - Dependencies all met for dep_context=requeueable deps ti=<TaskInstance: cross_task_communication.multiply_by_100 scheduled__2025-12-01T00:00:00+00:00 [queued]>
[2025-12-02T08:04:55.872+0300] {taskinstance.py:1288} INFO - 
--------------------------------------------------------------------------------
[2025-12-02T08:04:55.872+0300] {taskinstance.py:1289} INFO - Starting attempt 1 of 1
[2025-12-02T08:04:55.872+0300] {taskinstance.py:1290} INFO - 
--------------------------------------------------------------------------------
[2025-12-02T08:04:55.910+0300] {taskinstance.py:1309} INFO - Executing <Task(PythonOperator): multiply_by_100> on 2025-12-01 00:00:00+00:00
[2025-12-02T08:04:55.916+0300] {standard_task_runner.py:55} INFO - Started process 923572 to run task
[2025-12-02T08:04:55.925+0300] {standard_task_runner.py:82} INFO - Running: ['airflow', 'tasks', 'run', 'cross_task_communication', 'multiply_by_100', 'scheduled__2025-12-01T00:00:00+00:00', '--job-id', '210', '--raw', '--subdir', 'DAGS_FOLDER/xcom.py', '--cfg-path', '/tmp/tmpaq7fkxu9']
[2025-12-02T08:04:55.926+0300] {standard_task_runner.py:83} INFO - Job 210: Subtask multiply_by_100
[2025-12-02T08:04:56.028+0300] {task_command.py:389} INFO - Running <TaskInstance: cross_task_communication.multiply_by_100 scheduled__2025-12-01T00:00:00+00:00 [running]> on host DESKTOP-P0U82UP.
[2025-12-02T08:04:54.531+0300] {taskinstance.py:1518} INFO - Exporting the following env vars:
AIRFLOW_CTX_DAG_OWNER=pker
AIRFLOW_CTX_DAG_ID=cross_task_communication
AIRFLOW_CTX_TASK_ID=multiply_by_100
AIRFLOW_CTX_EXECUTION_DATE=2025-12-01T00:00:00+00:00
AIRFLOW_CTX_TRY_NUMBER=1
AIRFLOW_CTX_DAG_RUN_ID=scheduled__2025-12-01T00:00:00+00:00
[2025-12-02T08:04:54.545+0300] {logging_mixin.py:137} INFO - Value 2!
[2025-12-02T08:04:54.546+0300] {python.py:177} INFO - Done. Returned value was: 200
[2025-12-02T08:04:54.597+0300] {taskinstance.py:1332} INFO - Marking task as SUCCESS. dag_id=cross_task_communication, task_id=multiply_by_100, execution_date=20251201T000000, start_date=20251202T050455, end_date=20251202T050454
[2025-12-02T08:04:54.688+0300] {local_task_job.py:212} INFO - Task exited with return code 0
[2025-12-02T08:04:54.737+0300] {taskinstance.py:2596} INFO - 1 downstream tasks scheduled from follow-on schedule check
