[2025-12-23T16:43:29.040+0300] {taskinstance.py:1090} INFO - Dependencies all met for dep_context=non-requeueable deps ti=<TaskInstance: weather_dag.load_weather_data manual__2025-12-23T13:43:20.560683+00:00 [queued]>
[2025-12-23T16:43:29.051+0300] {taskinstance.py:1090} INFO - Dependencies all met for dep_context=requeueable deps ti=<TaskInstance: weather_dag.load_weather_data manual__2025-12-23T13:43:20.560683+00:00 [queued]>
[2025-12-23T16:43:29.051+0300] {taskinstance.py:1288} INFO - 
--------------------------------------------------------------------------------
[2025-12-23T16:43:29.051+0300] {taskinstance.py:1289} INFO - Starting attempt 1 of 1
[2025-12-23T16:43:29.052+0300] {taskinstance.py:1290} INFO - 
--------------------------------------------------------------------------------
[2025-12-23T16:43:29.068+0300] {taskinstance.py:1309} INFO - Executing <Task(PythonOperator): load_weather_data> on 2025-12-23 13:43:20.560683+00:00
[2025-12-23T16:43:29.072+0300] {standard_task_runner.py:55} INFO - Started process 93282 to run task
[2025-12-23T16:43:29.075+0300] {standard_task_runner.py:82} INFO - Running: ['airflow', 'tasks', 'run', 'weather_dag', 'load_weather_data', 'manual__2025-12-23T13:43:20.560683+00:00', '--job-id', '252', '--raw', '--subdir', 'DAGS_FOLDER/weather_dag.py', '--cfg-path', '/tmp/tmpele94w36']
[2025-12-23T16:43:29.075+0300] {standard_task_runner.py:83} INFO - Job 252: Subtask load_weather_data
[2025-12-23T16:43:29.128+0300] {task_command.py:389} INFO - Running <TaskInstance: weather_dag.load_weather_data manual__2025-12-23T13:43:20.560683+00:00 [running]> on host DESKTOP-P0U82UP.
[2025-12-23T16:43:29.196+0300] {taskinstance.py:1518} INFO - Exporting the following env vars:
AIRFLOW_CTX_DAG_OWNER=pker
AIRFLOW_CTX_DAG_ID=weather_dag
AIRFLOW_CTX_TASK_ID=load_weather_data
AIRFLOW_CTX_EXECUTION_DATE=2025-12-23T13:43:20.560683+00:00
AIRFLOW_CTX_TRY_NUMBER=1
AIRFLOW_CTX_DAG_RUN_ID=manual__2025-12-23T13:43:20.560683+00:00
[2025-12-23T16:43:29.214+0300] {taskinstance.py:1776} ERROR - Task failed with exception
Traceback (most recent call last):
  File "/home/pker/airflow_env/lib/python3.7/site-packages/airflow/operators/python.py", line 175, in execute
    return_value = self.execute_callable()
  File "/home/pker/airflow_env/lib/python3.7/site-packages/airflow/operators/python.py", line 192, in execute_callable
    return self.python_callable(*self.op_args, **self.op_kwargs)
  File "/home/pker/airflow/dags/weather_etl/main.py", line 96, in load_data
    record['sunset']
  File "/home/pker/airflow_env/lib/python3.7/site-packages/airflow/providers/common/sql/hooks/sql.py", line 342, in run
    with closing(self.get_conn()) as conn:
  File "/home/pker/airflow_env/lib/python3.7/site-packages/airflow/providers/postgres/hooks/postgres.py", line 118, in get_conn
    conn = deepcopy(self.connection or self.get_connection(conn_id))
  File "/home/pker/airflow_env/lib/python3.7/site-packages/airflow/hooks/base.py", line 72, in get_connection
    conn = Connection.get_connection_from_secrets(conn_id)
  File "/home/pker/airflow_env/lib/python3.7/site-packages/airflow/models/connection.py", line 435, in get_connection_from_secrets
    raise AirflowNotFoundException(f"The conn_id `{conn_id}` isn't defined")
airflow.exceptions.AirflowNotFoundException: The conn_id `my_postgres_conn` isn't defined
[2025-12-23T16:43:29.222+0300] {taskinstance.py:1332} INFO - Marking task as FAILED. dag_id=weather_dag, task_id=load_weather_data, execution_date=20251223T134320, start_date=20251223T134329, end_date=20251223T134329
[2025-12-23T16:43:29.233+0300] {standard_task_runner.py:105} ERROR - Failed to execute job 252 for task load_weather_data (The conn_id `my_postgres_conn` isn't defined; 93282)
[2025-12-23T16:43:29.251+0300] {local_task_job.py:212} INFO - Task exited with return code 1
[2025-12-23T16:43:29.270+0300] {taskinstance.py:2596} INFO - 0 downstream tasks scheduled from follow-on schedule check
