[2025-11-23T15:54:23.595+0300] {taskinstance.py:1090} INFO - Dependencies all met for dep_context=non-requeueable deps ti=<TaskInstance: execute_python_operator.greet_hello_with_city manual__2025-11-23T12:54:16.319166+00:00 [queued]>
[2025-11-23T15:54:23.605+0300] {taskinstance.py:1090} INFO - Dependencies all met for dep_context=requeueable deps ti=<TaskInstance: execute_python_operator.greet_hello_with_city manual__2025-11-23T12:54:16.319166+00:00 [queued]>
[2025-11-23T15:54:23.605+0300] {taskinstance.py:1288} INFO - 
--------------------------------------------------------------------------------
[2025-11-23T15:54:23.605+0300] {taskinstance.py:1289} INFO - Starting attempt 1 of 1
[2025-11-23T15:54:23.606+0300] {taskinstance.py:1290} INFO - 
--------------------------------------------------------------------------------
[2025-11-23T15:54:23.629+0300] {taskinstance.py:1309} INFO - Executing <Task(PythonOperator): greet_hello_with_city> on 2025-11-23 12:54:16.319166+00:00
[2025-11-23T15:54:23.632+0300] {standard_task_runner.py:55} INFO - Started process 354575 to run task
[2025-11-23T15:54:23.638+0300] {standard_task_runner.py:82} INFO - Running: ['airflow', 'tasks', 'run', 'execute_python_operator', 'greet_hello_with_city', 'manual__2025-11-23T12:54:16.319166+00:00', '--job-id', '43', '--raw', '--subdir', 'DAGS_FOLDER/weather_dag.py', '--cfg-path', '/tmp/tmpjqnbs2ga']
[2025-11-23T15:54:23.640+0300] {standard_task_runner.py:83} INFO - Job 43: Subtask greet_hello_with_city
[2025-11-23T15:54:23.708+0300] {task_command.py:389} INFO - Running <TaskInstance: execute_python_operator.greet_hello_with_city manual__2025-11-23T12:54:16.319166+00:00 [running]> on host DESKTOP-P0U82UP.
[2025-11-23T15:54:23.865+0300] {taskinstance.py:1518} INFO - Exporting the following env vars:
AIRFLOW_CTX_DAG_OWNER=pker
AIRFLOW_CTX_DAG_ID=execute_python_operator
AIRFLOW_CTX_TASK_ID=greet_hello_with_city
AIRFLOW_CTX_EXECUTION_DATE=2025-11-23T12:54:16.319166+00:00
AIRFLOW_CTX_TRY_NUMBER=1
AIRFLOW_CTX_DAG_RUN_ID=manual__2025-11-23T12:54:16.319166+00:00
[2025-11-23T15:54:23.866+0300] {logging_mixin.py:137} INFO - Hello, pker from Seoul!
[2025-11-23T15:54:23.867+0300] {python.py:177} INFO - Done. Returned value was: None
[2025-11-23T15:54:23.874+0300] {taskinstance.py:1332} INFO - Marking task as SUCCESS. dag_id=execute_python_operator, task_id=greet_hello_with_city, execution_date=20251123T125416, start_date=20251123T125423, end_date=20251123T125423
[2025-11-23T15:54:23.899+0300] {local_task_job.py:212} INFO - Task exited with return code 0
[2025-11-23T15:54:23.917+0300] {taskinstance.py:2596} INFO - 0 downstream tasks scheduled from follow-on schedule check
