[2025-11-23T12:08:50.132+0300] {taskinstance.py:1090} INFO - Dependencies all met for dep_context=non-requeueable deps ti=<TaskInstance: execute_python_operator.python_task scheduled__2025-11-22T00:00:00+00:00 [queued]>
[2025-11-23T12:08:50.144+0300] {taskinstance.py:1090} INFO - Dependencies all met for dep_context=requeueable deps ti=<TaskInstance: execute_python_operator.python_task scheduled__2025-11-22T00:00:00+00:00 [queued]>
[2025-11-23T12:08:50.144+0300] {taskinstance.py:1288} INFO - 
--------------------------------------------------------------------------------
[2025-11-23T12:08:50.144+0300] {taskinstance.py:1289} INFO - Starting attempt 1 of 1
[2025-11-23T12:08:50.144+0300] {taskinstance.py:1290} INFO - 
--------------------------------------------------------------------------------
[2025-11-23T12:08:50.168+0300] {taskinstance.py:1309} INFO - Executing <Task(PythonOperator): python_task> on 2025-11-22 00:00:00+00:00
[2025-11-23T12:08:50.171+0300] {standard_task_runner.py:55} INFO - Started process 312013 to run task
[2025-11-23T12:08:50.178+0300] {standard_task_runner.py:82} INFO - Running: ['airflow', 'tasks', 'run', 'execute_python_operator', 'python_task', 'scheduled__2025-11-22T00:00:00+00:00', '--job-id', '34', '--raw', '--subdir', 'DAGS_FOLDER/weather_dag.py', '--cfg-path', '/tmp/tmpo9jut3kk']
[2025-11-23T12:08:50.180+0300] {standard_task_runner.py:83} INFO - Job 34: Subtask python_task
[2025-11-23T12:08:50.259+0300] {task_command.py:389} INFO - Running <TaskInstance: execute_python_operator.python_task scheduled__2025-11-22T00:00:00+00:00 [running]> on host DESKTOP-P0U82UP.
[2025-11-23T12:08:50.347+0300] {taskinstance.py:1518} INFO - Exporting the following env vars:
AIRFLOW_CTX_DAG_OWNER=pker
AIRFLOW_CTX_DAG_ID=execute_python_operator
AIRFLOW_CTX_TASK_ID=python_task
AIRFLOW_CTX_EXECUTION_DATE=2025-11-22T00:00:00+00:00
AIRFLOW_CTX_TRY_NUMBER=1
AIRFLOW_CTX_DAG_RUN_ID=scheduled__2025-11-22T00:00:00+00:00
[2025-11-23T12:08:50.348+0300] {logging_mixin.py:137} INFO - Hello World
[2025-11-23T12:08:50.349+0300] {python.py:177} INFO - Done. Returned value was: None
[2025-11-23T12:08:50.355+0300] {taskinstance.py:1332} INFO - Marking task as SUCCESS. dag_id=execute_python_operator, task_id=python_task, execution_date=20251122T000000, start_date=20251123T090850, end_date=20251123T090850
[2025-11-23T12:08:50.398+0300] {local_task_job.py:212} INFO - Task exited with return code 0
[2025-11-23T12:08:50.420+0300] {taskinstance.py:2596} INFO - 0 downstream tasks scheduled from follow-on schedule check
