[2025-12-23T12:17:22.801+0300] {taskinstance.py:1090} INFO - Dependencies all met for dep_context=non-requeueable deps ti=<TaskInstance: weather_dag.extract_weather_data scheduled__2025-12-22T00:00:00+00:00 [queued]>
[2025-12-23T12:17:22.807+0300] {taskinstance.py:1090} INFO - Dependencies all met for dep_context=requeueable deps ti=<TaskInstance: weather_dag.extract_weather_data scheduled__2025-12-22T00:00:00+00:00 [queued]>
[2025-12-23T12:17:22.808+0300] {taskinstance.py:1288} INFO - 
--------------------------------------------------------------------------------
[2025-12-23T12:17:22.808+0300] {taskinstance.py:1289} INFO - Starting attempt 1 of 1
[2025-12-23T12:17:22.808+0300] {taskinstance.py:1290} INFO - 
--------------------------------------------------------------------------------
[2025-12-23T12:17:22.825+0300] {taskinstance.py:1309} INFO - Executing <Task(PythonOperator): extract_weather_data> on 2025-12-22 00:00:00+00:00
[2025-12-23T12:17:22.828+0300] {standard_task_runner.py:55} INFO - Started process 26915 to run task
[2025-12-23T12:17:22.831+0300] {standard_task_runner.py:82} INFO - Running: ['airflow', 'tasks', 'run', 'weather_dag', 'extract_weather_data', 'scheduled__2025-12-22T00:00:00+00:00', '--job-id', '219', '--raw', '--subdir', 'DAGS_FOLDER/weather_dag.py', '--cfg-path', '/tmp/tmpmffcfe5_']
[2025-12-23T12:17:22.831+0300] {standard_task_runner.py:83} INFO - Job 219: Subtask extract_weather_data
[2025-12-23T12:17:22.882+0300] {task_command.py:389} INFO - Running <TaskInstance: weather_dag.extract_weather_data scheduled__2025-12-22T00:00:00+00:00 [running]> on host DESKTOP-P0U82UP.
[2025-12-23T12:17:22.944+0300] {taskinstance.py:1518} INFO - Exporting the following env vars:
AIRFLOW_CTX_DAG_OWNER=pker
AIRFLOW_CTX_DAG_ID=weather_dag
AIRFLOW_CTX_TASK_ID=extract_weather_data
AIRFLOW_CTX_EXECUTION_DATE=2025-12-22T00:00:00+00:00
AIRFLOW_CTX_TRY_NUMBER=1
AIRFLOW_CTX_DAG_RUN_ID=scheduled__2025-12-22T00:00:00+00:00
[2025-12-23T12:17:23.968+0300] {logging_mixin.py:137} INFO -       city weather_description  temperature  feels_like  min_temperature  ...  humidity  wind_speed              time_recorded                    sunrise                     sunset
0  Nairobi     overcast clouds        24.55       24.21            24.55  ...        44        6.55  2025-12-23T12:10:14+03:00  2025-12-23T18:37:35+03:00  2025-12-23T06:25:54+03:00

[1 rows x 12 columns]
[2025-12-23T12:17:23.970+0300] {python.py:177} INFO - Done. Returned value was: [{'city': 'Nairobi', 'weather_description': 'overcast clouds', 'temperature': 24.55, 'feels_like': 24.21, 'min_temperature': 24.55, 'max_temperature': 24.55, 'pressure': 1012, 'humidity': 44, 'wind_speed': 6.55, 'time_recorded': '2025-12-23T12:10:14+03:00', 'sunrise': '2025-12-23T18:37:35+03:00', 'sunset': '2025-12-23T06:25:54+03:00'}]
[2025-12-23T12:17:23.986+0300] {taskinstance.py:1332} INFO - Marking task as SUCCESS. dag_id=weather_dag, task_id=extract_weather_data, execution_date=20251222T000000, start_date=20251223T091722, end_date=20251223T091723
[2025-12-23T12:17:24.001+0300] {local_task_job.py:212} INFO - Task exited with return code 0
[2025-12-23T12:17:24.016+0300] {taskinstance.py:2596} INFO - 0 downstream tasks scheduled from follow-on schedule check
