[2025-11-27T07:48:37.593+0300] {taskinstance.py:1090} INFO - Dependencies all met for dep_context=non-requeueable deps ti=<TaskInstance: execute_python_operator.greet_hello_with_city scheduled__2025-11-26T00:00:00+00:00 [queued]>
[2025-11-27T07:48:37.604+0300] {taskinstance.py:1090} INFO - Dependencies all met for dep_context=requeueable deps ti=<TaskInstance: execute_python_operator.greet_hello_with_city scheduled__2025-11-26T00:00:00+00:00 [queued]>
[2025-11-27T07:48:37.605+0300] {taskinstance.py:1288} INFO - 
--------------------------------------------------------------------------------
[2025-11-27T07:48:37.605+0300] {taskinstance.py:1289} INFO - Starting attempt 1 of 1
[2025-11-27T07:48:37.605+0300] {taskinstance.py:1290} INFO - 
--------------------------------------------------------------------------------
[2025-11-27T07:48:37.629+0300] {taskinstance.py:1309} INFO - Executing <Task(PythonOperator): greet_hello_with_city> on 2025-11-26 00:00:00+00:00
[2025-11-27T07:48:37.632+0300] {standard_task_runner.py:55} INFO - Started process 8198 to run task
[2025-11-27T07:48:37.637+0300] {standard_task_runner.py:82} INFO - Running: ['airflow', 'tasks', 'run', 'execute_python_operator', 'greet_hello_with_city', 'scheduled__2025-11-26T00:00:00+00:00', '--job-id', '67', '--raw', '--subdir', 'DAGS_FOLDER/weather_dag.py', '--cfg-path', '/tmp/tmp2q5u69oq']
[2025-11-27T07:48:37.639+0300] {standard_task_runner.py:83} INFO - Job 67: Subtask greet_hello_with_city
[2025-11-27T07:48:37.715+0300] {task_command.py:389} INFO - Running <TaskInstance: execute_python_operator.greet_hello_with_city scheduled__2025-11-26T00:00:00+00:00 [running]> on host DESKTOP-P0U82UP.
[2025-11-27T07:48:37.805+0300] {taskinstance.py:1518} INFO - Exporting the following env vars:
AIRFLOW_CTX_DAG_OWNER=pker
AIRFLOW_CTX_DAG_ID=execute_python_operator
AIRFLOW_CTX_TASK_ID=greet_hello_with_city
AIRFLOW_CTX_EXECUTION_DATE=2025-11-26T00:00:00+00:00
AIRFLOW_CTX_TRY_NUMBER=1
AIRFLOW_CTX_DAG_RUN_ID=scheduled__2025-11-26T00:00:00+00:00
[2025-11-27T07:48:37.807+0300] {logging_mixin.py:137} INFO - Hello, pker from Seoul!
[2025-11-27T07:48:37.807+0300] {python.py:177} INFO - Done. Returned value was: None
[2025-11-27T07:48:37.815+0300] {taskinstance.py:1332} INFO - Marking task as SUCCESS. dag_id=execute_python_operator, task_id=greet_hello_with_city, execution_date=20251126T000000, start_date=20251127T044837, end_date=20251127T044837
[2025-11-27T07:48:37.851+0300] {local_task_job.py:212} INFO - Task exited with return code 0
[2025-11-27T07:48:37.868+0300] {taskinstance.py:2596} INFO - 0 downstream tasks scheduled from follow-on schedule check
