[2025-11-28T09:59:20.085+0300] {taskinstance.py:1090} INFO - Dependencies all met for dep_context=non-requeueable deps ti=<TaskInstance: cross_task_communication.increment_by_1 manual__2025-11-28T06:59:18.026297+00:00 [queued]>
[2025-11-28T09:59:20.097+0300] {taskinstance.py:1090} INFO - Dependencies all met for dep_context=requeueable deps ti=<TaskInstance: cross_task_communication.increment_by_1 manual__2025-11-28T06:59:18.026297+00:00 [queued]>
[2025-11-28T09:59:20.097+0300] {taskinstance.py:1288} INFO - 
--------------------------------------------------------------------------------
[2025-11-28T09:59:20.098+0300] {taskinstance.py:1289} INFO - Starting attempt 1 of 1
[2025-11-28T09:59:20.098+0300] {taskinstance.py:1290} INFO - 
--------------------------------------------------------------------------------
[2025-11-28T09:59:20.127+0300] {taskinstance.py:1309} INFO - Executing <Task(PythonOperator): increment_by_1> on 2025-11-28 06:59:18.026297+00:00
[2025-11-28T09:59:20.130+0300] {standard_task_runner.py:55} INFO - Started process 284472 to run task
[2025-11-28T09:59:20.138+0300] {standard_task_runner.py:82} INFO - Running: ['airflow', 'tasks', 'run', 'cross_task_communication', 'increment_by_1', 'manual__2025-11-28T06:59:18.026297+00:00', '--job-id', '91', '--raw', '--subdir', 'DAGS_FOLDER/xcom.py', '--cfg-path', '/tmp/tmpbhdsgbhy']
[2025-11-28T09:59:20.140+0300] {standard_task_runner.py:83} INFO - Job 91: Subtask increment_by_1
[2025-11-28T09:59:20.221+0300] {task_command.py:389} INFO - Running <TaskInstance: cross_task_communication.increment_by_1 manual__2025-11-28T06:59:18.026297+00:00 [running]> on host DESKTOP-P0U82UP.
[2025-11-28T09:59:20.321+0300] {taskinstance.py:1518} INFO - Exporting the following env vars:
AIRFLOW_CTX_DAG_OWNER=pker
AIRFLOW_CTX_DAG_ID=cross_task_communication
AIRFLOW_CTX_TASK_ID=increment_by_1
AIRFLOW_CTX_EXECUTION_DATE=2025-11-28T06:59:18.026297+00:00
AIRFLOW_CTX_TRY_NUMBER=1
AIRFLOW_CTX_DAG_RUN_ID=manual__2025-11-28T06:59:18.026297+00:00
[2025-11-28T09:59:20.322+0300] {logging_mixin.py:137} INFO - Value 1!
[2025-11-28T09:59:20.322+0300] {python.py:177} INFO - Done. Returned value was: 2
[2025-11-28T09:59:20.344+0300] {taskinstance.py:1332} INFO - Marking task as SUCCESS. dag_id=cross_task_communication, task_id=increment_by_1, execution_date=20251128T065918, start_date=20251128T065920, end_date=20251128T065920
[2025-11-28T09:59:20.401+0300] {local_task_job.py:212} INFO - Task exited with return code 0
[2025-11-28T09:59:20.443+0300] {taskinstance.py:2596} INFO - 1 downstream tasks scheduled from follow-on schedule check
