[2025-11-27T17:23:25.234+0300] {taskinstance.py:1090} INFO - Dependencies all met for dep_context=non-requeueable deps ti=<TaskInstance: cross_task_communication.multiply_by_100 manual__2025-11-27T14:23:21.141496+00:00 [queued]>
[2025-11-27T17:23:25.241+0300] {taskinstance.py:1090} INFO - Dependencies all met for dep_context=requeueable deps ti=<TaskInstance: cross_task_communication.multiply_by_100 manual__2025-11-27T14:23:21.141496+00:00 [queued]>
[2025-11-27T17:23:25.241+0300] {taskinstance.py:1288} INFO - 
--------------------------------------------------------------------------------
[2025-11-27T17:23:25.241+0300] {taskinstance.py:1289} INFO - Starting attempt 1 of 1
[2025-11-27T17:23:25.241+0300] {taskinstance.py:1290} INFO - 
--------------------------------------------------------------------------------
[2025-11-27T17:23:25.255+0300] {taskinstance.py:1309} INFO - Executing <Task(PythonOperator): multiply_by_100> on 2025-11-27 14:23:21.141496+00:00
[2025-11-27T17:23:25.258+0300] {standard_task_runner.py:55} INFO - Started process 140400 to run task
[2025-11-27T17:23:25.260+0300] {standard_task_runner.py:82} INFO - Running: ['airflow', 'tasks', 'run', 'cross_task_communication', 'multiply_by_100', 'manual__2025-11-27T14:23:21.141496+00:00', '--job-id', '80', '--raw', '--subdir', 'DAGS_FOLDER/xcom.py', '--cfg-path', '/tmp/tmpwm16c4uw']
[2025-11-27T17:23:25.261+0300] {standard_task_runner.py:83} INFO - Job 80: Subtask multiply_by_100
[2025-11-27T17:23:25.303+0300] {task_command.py:389} INFO - Running <TaskInstance: cross_task_communication.multiply_by_100 manual__2025-11-27T14:23:21.141496+00:00 [running]> on host DESKTOP-P0U82UP.
[2025-11-27T17:23:25.368+0300] {taskinstance.py:1518} INFO - Exporting the following env vars:
AIRFLOW_CTX_DAG_OWNER=pker
AIRFLOW_CTX_DAG_ID=cross_task_communication
AIRFLOW_CTX_TASK_ID=multiply_by_100
AIRFLOW_CTX_EXECUTION_DATE=2025-11-27T14:23:21.141496+00:00
AIRFLOW_CTX_TRY_NUMBER=1
AIRFLOW_CTX_DAG_RUN_ID=manual__2025-11-27T14:23:21.141496+00:00
[2025-11-27T17:23:25.369+0300] {logging_mixin.py:137} INFO - Count 9!
[2025-11-27T17:23:25.369+0300] {python.py:177} INFO - Done. Returned value was: 900
[2025-11-27T17:23:25.384+0300] {taskinstance.py:1332} INFO - Marking task as SUCCESS. dag_id=cross_task_communication, task_id=multiply_by_100, execution_date=20251127T142321, start_date=20251127T142325, end_date=20251127T142325
[2025-11-27T17:23:25.396+0300] {local_task_job.py:212} INFO - Task exited with return code 0
[2025-11-27T17:23:25.409+0300] {taskinstance.py:2596} INFO - 0 downstream tasks scheduled from follow-on schedule check
