[2025-12-26T08:21:49.986+0300] {taskinstance.py:1090} INFO - Dependencies all met for dep_context=non-requeueable deps ti=<TaskInstance: weather_dag.extract_weather_data manual__2025-12-26T05:21:46.579720+00:00 [queued]>
[2025-12-26T08:21:50.002+0300] {taskinstance.py:1090} INFO - Dependencies all met for dep_context=requeueable deps ti=<TaskInstance: weather_dag.extract_weather_data manual__2025-12-26T05:21:46.579720+00:00 [queued]>
[2025-12-26T08:21:50.002+0300] {taskinstance.py:1288} INFO - 
--------------------------------------------------------------------------------
[2025-12-26T08:21:50.002+0300] {taskinstance.py:1289} INFO - Starting attempt 1 of 1
[2025-12-26T08:21:50.002+0300] {taskinstance.py:1290} INFO - 
--------------------------------------------------------------------------------
[2025-12-26T08:21:50.044+0300] {taskinstance.py:1309} INFO - Executing <Task(PythonOperator): extract_weather_data> on 2025-12-26 05:21:46.579720+00:00
[2025-12-26T08:21:50.051+0300] {standard_task_runner.py:55} INFO - Started process 422896 to run task
[2025-12-26T08:21:50.058+0300] {standard_task_runner.py:82} INFO - Running: ['airflow', 'tasks', 'run', 'weather_dag', 'extract_weather_data', 'manual__2025-12-26T05:21:46.579720+00:00', '--job-id', '15', '--raw', '--subdir', 'DAGS_FOLDER/weather_dag.py', '--cfg-path', '/tmp/tmpt5ndz_yv']
[2025-12-26T08:21:50.059+0300] {standard_task_runner.py:83} INFO - Job 15: Subtask extract_weather_data
[2025-12-26T08:21:50.349+0300] {task_command.py:389} INFO - Running <TaskInstance: weather_dag.extract_weather_data manual__2025-12-26T05:21:46.579720+00:00 [running]> on host DESKTOP-P0U82UP.
[2025-12-26T08:21:50.645+0300] {taskinstance.py:1518} INFO - Exporting the following env vars:
AIRFLOW_CTX_DAG_OWNER=pker
AIRFLOW_CTX_DAG_ID=weather_dag
AIRFLOW_CTX_TASK_ID=extract_weather_data
AIRFLOW_CTX_EXECUTION_DATE=2025-12-26T05:21:46.579720+00:00
AIRFLOW_CTX_TRY_NUMBER=1
AIRFLOW_CTX_DAG_RUN_ID=manual__2025-12-26T05:21:46.579720+00:00
[2025-12-26T08:21:51.415+0300] {logging_mixin.py:137} INFO - Weather data fetched successfully.
[2025-12-26T08:21:51.415+0300] {python.py:177} INFO - Done. Returned value was: {'coord': {'lon': 36.8167, 'lat': -1.2833}, 'weather': [{'id': 804, 'main': 'Clouds', 'description': 'overcast clouds', 'icon': '04d'}], 'base': 'stations', 'main': {'temp': 17.85, 'feels_like': 17.75, 'temp_min': 17.85, 'temp_max': 17.85, 'pressure': 1016, 'humidity': 79, 'sea_level': 1016, 'grnd_level': 837}, 'visibility': 10000, 'wind': {'speed': 2.32, 'deg': 42, 'gust': 3.93}, 'clouds': {'all': 100}, 'dt': 1766726160, 'sys': {'country': 'KE', 'sunrise': 1766719641, 'sunset': 1766763541}, 'timezone': 10800, 'id': 184745, 'name': 'Nairobi', 'cod': 200}
[2025-12-26T08:21:51.541+0300] {taskinstance.py:1332} INFO - Marking task as SUCCESS. dag_id=weather_dag, task_id=extract_weather_data, execution_date=20251226T052146, start_date=20251226T052149, end_date=20251226T052151
[2025-12-26T08:21:51.571+0300] {local_task_job.py:212} INFO - Task exited with return code 0
[2025-12-26T08:21:51.647+0300] {taskinstance.py:2596} INFO - 1 downstream tasks scheduled from follow-on schedule check
