[2025-11-28T13:45:21.355+0300] {taskinstance.py:1090} INFO - Dependencies all met for dep_context=non-requeueable deps ti=<TaskInstance: pipeline_read_csv.groupby_region manual__2025-11-28T10:45:10.910168+00:00 [queued]>
[2025-11-28T13:45:21.365+0300] {taskinstance.py:1090} INFO - Dependencies all met for dep_context=requeueable deps ti=<TaskInstance: pipeline_read_csv.groupby_region manual__2025-11-28T10:45:10.910168+00:00 [queued]>
[2025-11-28T13:45:21.365+0300] {taskinstance.py:1288} INFO - 
--------------------------------------------------------------------------------
[2025-11-28T13:45:21.365+0300] {taskinstance.py:1289} INFO - Starting attempt 1 of 1
[2025-11-28T13:45:21.365+0300] {taskinstance.py:1290} INFO - 
--------------------------------------------------------------------------------
[2025-11-28T13:45:21.396+0300] {taskinstance.py:1309} INFO - Executing <Task(PythonOperator): groupby_region> on 2025-11-28 10:45:10.910168+00:00
[2025-11-28T13:45:21.401+0300] {standard_task_runner.py:55} INFO - Started process 411234 to run task
[2025-11-28T13:45:21.407+0300] {standard_task_runner.py:82} INFO - Running: ['airflow', 'tasks', 'run', 'pipeline_read_csv', 'groupby_region', 'manual__2025-11-28T10:45:10.910168+00:00', '--job-id', '108', '--raw', '--subdir', 'DAGS_FOLDER/pipeline.py', '--cfg-path', '/tmp/tmph7j9k7b8']
[2025-11-28T13:45:21.410+0300] {standard_task_runner.py:83} INFO - Job 108: Subtask groupby_region
[2025-11-28T13:45:21.480+0300] {task_command.py:389} INFO - Running <TaskInstance: pipeline_read_csv.groupby_region manual__2025-11-28T10:45:10.910168+00:00 [running]> on host DESKTOP-P0U82UP.
[2025-11-28T13:45:21.582+0300] {taskinstance.py:1518} INFO - Exporting the following env vars:
AIRFLOW_CTX_DAG_OWNER=pker
AIRFLOW_CTX_DAG_ID=pipeline_read_csv
AIRFLOW_CTX_TASK_ID=groupby_region
AIRFLOW_CTX_EXECUTION_DATE=2025-11-28T10:45:10.910168+00:00
AIRFLOW_CTX_TRY_NUMBER=1
AIRFLOW_CTX_DAG_RUN_ID=manual__2025-11-28T10:45:10.910168+00:00
[2025-11-28T13:45:21.626+0300] {python.py:177} INFO - Done. Returned value was: None
[2025-11-28T13:45:21.632+0300] {taskinstance.py:1332} INFO - Marking task as SUCCESS. dag_id=pipeline_read_csv, task_id=groupby_region, execution_date=20251128T104510, start_date=20251128T104521, end_date=20251128T104521
[2025-11-28T13:45:21.676+0300] {local_task_job.py:212} INFO - Task exited with return code 0
[2025-11-28T13:45:21.702+0300] {taskinstance.py:2596} INFO - 0 downstream tasks scheduled from follow-on schedule check
