[2025-11-30T09:18:57.764+0300] {taskinstance.py:1090} INFO - Dependencies all met for dep_context=non-requeueable deps ti=<TaskInstance: execute_python_operator.greet_hello_with_city scheduled__2025-11-29T00:00:00+00:00 [queued]>
[2025-11-30T09:18:57.776+0300] {taskinstance.py:1090} INFO - Dependencies all met for dep_context=requeueable deps ti=<TaskInstance: execute_python_operator.greet_hello_with_city scheduled__2025-11-29T00:00:00+00:00 [queued]>
[2025-11-30T09:18:57.776+0300] {taskinstance.py:1288} INFO - 
--------------------------------------------------------------------------------
[2025-11-30T09:18:57.776+0300] {taskinstance.py:1289} INFO - Starting attempt 1 of 1
[2025-11-30T09:18:57.776+0300] {taskinstance.py:1290} INFO - 
--------------------------------------------------------------------------------
[2025-11-30T09:18:57.800+0300] {taskinstance.py:1309} INFO - Executing <Task(PythonOperator): greet_hello_with_city> on 2025-11-29 00:00:00+00:00
[2025-11-30T09:18:57.804+0300] {standard_task_runner.py:55} INFO - Started process 796958 to run task
[2025-11-30T09:18:57.808+0300] {standard_task_runner.py:82} INFO - Running: ['airflow', 'tasks', 'run', 'execute_python_operator', 'greet_hello_with_city', 'scheduled__2025-11-29T00:00:00+00:00', '--job-id', '187', '--raw', '--subdir', 'DAGS_FOLDER/weather_dag.py', '--cfg-path', '/tmp/tmpqq5rvt12']
[2025-11-30T09:18:57.809+0300] {standard_task_runner.py:83} INFO - Job 187: Subtask greet_hello_with_city
[2025-11-30T09:18:57.904+0300] {task_command.py:389} INFO - Running <TaskInstance: execute_python_operator.greet_hello_with_city scheduled__2025-11-29T00:00:00+00:00 [running]> on host DESKTOP-P0U82UP.
[2025-11-30T09:18:58.002+0300] {taskinstance.py:1518} INFO - Exporting the following env vars:
AIRFLOW_CTX_DAG_OWNER=pker
AIRFLOW_CTX_DAG_ID=execute_python_operator
AIRFLOW_CTX_TASK_ID=greet_hello_with_city
AIRFLOW_CTX_EXECUTION_DATE=2025-11-29T00:00:00+00:00
AIRFLOW_CTX_TRY_NUMBER=1
AIRFLOW_CTX_DAG_RUN_ID=scheduled__2025-11-29T00:00:00+00:00
[2025-11-30T09:18:58.006+0300] {logging_mixin.py:137} INFO - Hello, pker from Seoul!
[2025-11-30T09:18:58.006+0300] {python.py:177} INFO - Done. Returned value was: None
[2025-11-30T09:18:58.015+0300] {taskinstance.py:1332} INFO - Marking task as SUCCESS. dag_id=execute_python_operator, task_id=greet_hello_with_city, execution_date=20251129T000000, start_date=20251130T061857, end_date=20251130T061858
[2025-11-30T09:18:58.062+0300] {local_task_job.py:212} INFO - Task exited with return code 0
[2025-11-30T09:18:58.091+0300] {taskinstance.py:2596} INFO - 0 downstream tasks scheduled from follow-on schedule check
