[2025-11-28T16:30:12.679+0300] {taskinstance.py:1090} INFO - Dependencies all met for dep_context=non-requeueable deps ti=<TaskInstance: branching_dag.branching manual__2025-11-28T13:30:06.227074+00:00 [queued]>
[2025-11-28T16:30:12.693+0300] {taskinstance.py:1090} INFO - Dependencies all met for dep_context=requeueable deps ti=<TaskInstance: branching_dag.branching manual__2025-11-28T13:30:06.227074+00:00 [queued]>
[2025-11-28T16:30:12.693+0300] {taskinstance.py:1288} INFO - 
--------------------------------------------------------------------------------
[2025-11-28T16:30:12.694+0300] {taskinstance.py:1289} INFO - Starting attempt 1 of 1
[2025-11-28T16:30:12.694+0300] {taskinstance.py:1290} INFO - 
--------------------------------------------------------------------------------
[2025-11-28T16:30:12.720+0300] {taskinstance.py:1309} INFO - Executing <Task(BranchPythonOperator): branching> on 2025-11-28 13:30:06.227074+00:00
[2025-11-28T16:30:12.725+0300] {standard_task_runner.py:55} INFO - Started process 546593 to run task
[2025-11-28T16:30:12.728+0300] {standard_task_runner.py:82} INFO - Running: ['airflow', 'tasks', 'run', 'branching_dag', 'branching', 'manual__2025-11-28T13:30:06.227074+00:00', '--job-id', '130', '--raw', '--subdir', 'DAGS_FOLDER/branching_dag.py', '--cfg-path', '/tmp/tmpgi8rgvsk']
[2025-11-28T16:30:12.729+0300] {standard_task_runner.py:83} INFO - Job 130: Subtask branching
[2025-11-28T16:30:12.797+0300] {task_command.py:389} INFO - Running <TaskInstance: branching_dag.branching manual__2025-11-28T13:30:06.227074+00:00 [running]> on host DESKTOP-P0U82UP.
[2025-11-28T16:30:12.879+0300] {taskinstance.py:1518} INFO - Exporting the following env vars:
AIRFLOW_CTX_DAG_OWNER=pker
AIRFLOW_CTX_DAG_ID=branching_dag
AIRFLOW_CTX_TASK_ID=branching
AIRFLOW_CTX_EXECUTION_DATE=2025-11-28T13:30:06.227074+00:00
AIRFLOW_CTX_TRY_NUMBER=1
AIRFLOW_CTX_DAG_RUN_ID=manual__2025-11-28T13:30:06.227074+00:00
[2025-11-28T16:30:12.887+0300] {python.py:177} INFO - Done. Returned value was: can_drive_to_work
[2025-11-28T16:30:12.887+0300] {python.py:211} INFO - Branch callable return can_drive_to_work
[2025-11-28T16:30:12.887+0300] {skipmixin.py:155} INFO - Following branch can_drive_to_work
[2025-11-28T16:30:12.888+0300] {skipmixin.py:211} INFO - Skipping tasks ['not_eligible_to_drive']
[2025-11-28T16:30:12.924+0300] {taskinstance.py:1332} INFO - Marking task as SUCCESS. dag_id=branching_dag, task_id=branching, execution_date=20251128T133006, start_date=20251128T133012, end_date=20251128T133012
[2025-11-28T16:30:12.958+0300] {local_task_job.py:212} INFO - Task exited with return code 0
[2025-11-28T16:30:13.005+0300] {taskinstance.py:2596} INFO - 1 downstream tasks scheduled from follow-on schedule check
