[2025-12-02T08:05:31.662+0300] {taskinstance.py:1090} INFO - Dependencies all met for dep_context=non-requeueable deps ti=<TaskInstance: execute_multiple_tasks.task_4 scheduled__2025-12-01T00:00:00+00:00 [queued]>
[2025-12-02T08:05:31.677+0300] {taskinstance.py:1090} INFO - Dependencies all met for dep_context=requeueable deps ti=<TaskInstance: execute_multiple_tasks.task_4 scheduled__2025-12-01T00:00:00+00:00 [queued]>
[2025-12-02T08:05:31.677+0300] {taskinstance.py:1288} INFO - 
--------------------------------------------------------------------------------
[2025-12-02T08:05:31.678+0300] {taskinstance.py:1289} INFO - Starting attempt 1 of 1
[2025-12-02T08:05:31.678+0300] {taskinstance.py:1290} INFO - 
--------------------------------------------------------------------------------
[2025-12-02T08:05:31.710+0300] {taskinstance.py:1309} INFO - Executing <Task(BashOperator): task_4> on 2025-12-01 00:00:00+00:00
[2025-12-02T08:05:31.719+0300] {standard_task_runner.py:55} INFO - Started process 923811 to run task
[2025-12-02T08:05:31.730+0300] {standard_task_runner.py:82} INFO - Running: ['airflow', 'tasks', 'run', 'execute_multiple_tasks', 'task_4', 'scheduled__2025-12-01T00:00:00+00:00', '--job-id', '214', '--raw', '--subdir', 'DAGS_FOLDER/execute_multiple_tasks.py', '--cfg-path', '/tmp/tmpxd2fzmgw']
[2025-12-02T08:05:31.731+0300] {standard_task_runner.py:83} INFO - Job 214: Subtask task_4
[2025-12-02T08:05:31.857+0300] {task_command.py:389} INFO - Running <TaskInstance: execute_multiple_tasks.task_4 scheduled__2025-12-01T00:00:00+00:00 [running]> on host DESKTOP-P0U82UP.
[2025-12-02T08:05:31.956+0300] {taskinstance.py:1518} INFO - Exporting the following env vars:
AIRFLOW_CTX_DAG_OWNER=pker
AIRFLOW_CTX_DAG_ID=execute_multiple_tasks
AIRFLOW_CTX_TASK_ID=task_4
AIRFLOW_CTX_EXECUTION_DATE=2025-12-01T00:00:00+00:00
AIRFLOW_CTX_TRY_NUMBER=1
AIRFLOW_CTX_DAG_RUN_ID=scheduled__2025-12-01T00:00:00+00:00
[2025-12-02T08:05:31.960+0300] {subprocess.py:63} INFO - Tmp dir root location: 
 /tmp
[2025-12-02T08:05:31.961+0300] {subprocess.py:75} INFO - Running command: ['/usr/bin/bash', '-c', '\n        echo "Task 4 completed"\n        ']
[2025-12-02T08:05:31.972+0300] {subprocess.py:86} INFO - Output:
[2025-12-02T08:05:31.974+0300] {subprocess.py:93} INFO - Task 4 completed
[2025-12-02T08:05:31.975+0300] {subprocess.py:97} INFO - Command exited with return code 0
[2025-12-02T08:05:32.028+0300] {taskinstance.py:1332} INFO - Marking task as SUCCESS. dag_id=execute_multiple_tasks, task_id=task_4, execution_date=20251201T000000, start_date=20251202T050531, end_date=20251202T050532
[2025-12-02T08:05:32.083+0300] {local_task_job.py:212} INFO - Task exited with return code 0
[2025-12-02T08:05:32.115+0300] {taskinstance.py:2596} INFO - 0 downstream tasks scheduled from follow-on schedule check
