[2025-11-26T21:26:03.108+0300] {taskinstance.py:1090} INFO - Dependencies all met for dep_context=non-requeueable deps ti=<TaskInstance: execute_python_operator.greet_hello_with_city scheduled__2025-11-25T00:00:00+00:00 [queued]>
[2025-11-26T21:26:03.119+0300] {taskinstance.py:1090} INFO - Dependencies all met for dep_context=requeueable deps ti=<TaskInstance: execute_python_operator.greet_hello_with_city scheduled__2025-11-25T00:00:00+00:00 [queued]>
[2025-11-26T21:26:03.119+0300] {taskinstance.py:1288} INFO - 
--------------------------------------------------------------------------------
[2025-11-26T21:26:03.119+0300] {taskinstance.py:1289} INFO - Starting attempt 1 of 1
[2025-11-26T21:26:03.120+0300] {taskinstance.py:1290} INFO - 
--------------------------------------------------------------------------------
[2025-11-26T21:26:03.145+0300] {taskinstance.py:1309} INFO - Executing <Task(PythonOperator): greet_hello_with_city> on 2025-11-25 00:00:00+00:00
[2025-11-26T21:26:03.148+0300] {standard_task_runner.py:55} INFO - Started process 2332 to run task
[2025-11-26T21:26:03.153+0300] {standard_task_runner.py:82} INFO - Running: ['airflow', 'tasks', 'run', 'execute_python_operator', 'greet_hello_with_city', 'scheduled__2025-11-25T00:00:00+00:00', '--job-id', '56', '--raw', '--subdir', 'DAGS_FOLDER/weather_dag.py', '--cfg-path', '/tmp/tmpm8wa_ypk']
[2025-11-26T21:26:03.154+0300] {standard_task_runner.py:83} INFO - Job 56: Subtask greet_hello_with_city
[2025-11-26T21:26:03.231+0300] {task_command.py:389} INFO - Running <TaskInstance: execute_python_operator.greet_hello_with_city scheduled__2025-11-25T00:00:00+00:00 [running]> on host DESKTOP-P0U82UP.
[2025-11-26T21:26:03.324+0300] {taskinstance.py:1518} INFO - Exporting the following env vars:
AIRFLOW_CTX_DAG_OWNER=pker
AIRFLOW_CTX_DAG_ID=execute_python_operator
AIRFLOW_CTX_TASK_ID=greet_hello_with_city
AIRFLOW_CTX_EXECUTION_DATE=2025-11-25T00:00:00+00:00
AIRFLOW_CTX_TRY_NUMBER=1
AIRFLOW_CTX_DAG_RUN_ID=scheduled__2025-11-25T00:00:00+00:00
[2025-11-26T21:26:03.326+0300] {logging_mixin.py:137} INFO - Hello, pker from Seoul!
[2025-11-26T21:26:03.326+0300] {python.py:177} INFO - Done. Returned value was: None
[2025-11-26T21:26:03.333+0300] {taskinstance.py:1332} INFO - Marking task as SUCCESS. dag_id=execute_python_operator, task_id=greet_hello_with_city, execution_date=20251125T000000, start_date=20251126T182603, end_date=20251126T182603
[2025-11-26T21:26:03.365+0300] {local_task_job.py:212} INFO - Task exited with return code 0
[2025-11-26T21:26:03.380+0300] {taskinstance.py:2596} INFO - 0 downstream tasks scheduled from follow-on schedule check
