[2025-11-29T09:19:50.160+0300] {taskinstance.py:1090} INFO - Dependencies all met for dep_context=non-requeueable deps ti=<TaskInstance: cross_task_communication.multiply_by_100 manual__2025-11-29T06:19:44.990661+00:00 [queued]>
[2025-11-29T09:19:50.181+0300] {taskinstance.py:1090} INFO - Dependencies all met for dep_context=requeueable deps ti=<TaskInstance: cross_task_communication.multiply_by_100 manual__2025-11-29T06:19:44.990661+00:00 [queued]>
[2025-11-29T09:19:50.181+0300] {taskinstance.py:1288} INFO - 
--------------------------------------------------------------------------------
[2025-11-29T09:19:50.182+0300] {taskinstance.py:1289} INFO - Starting attempt 1 of 1
[2025-11-29T09:19:50.182+0300] {taskinstance.py:1290} INFO - 
--------------------------------------------------------------------------------
[2025-11-29T09:19:50.224+0300] {taskinstance.py:1309} INFO - Executing <Task(PythonOperator): multiply_by_100> on 2025-11-29 06:19:44.990661+00:00
[2025-11-29T09:19:50.232+0300] {standard_task_runner.py:55} INFO - Started process 622258 to run task
[2025-11-29T09:19:50.244+0300] {standard_task_runner.py:82} INFO - Running: ['airflow', 'tasks', 'run', 'cross_task_communication', 'multiply_by_100', 'manual__2025-11-29T06:19:44.990661+00:00', '--job-id', '161', '--raw', '--subdir', 'DAGS_FOLDER/xcom.py', '--cfg-path', '/tmp/tmpe98jo7nb']
[2025-11-29T09:19:50.245+0300] {standard_task_runner.py:83} INFO - Job 161: Subtask multiply_by_100
[2025-11-29T09:19:50.364+0300] {task_command.py:389} INFO - Running <TaskInstance: cross_task_communication.multiply_by_100 manual__2025-11-29T06:19:44.990661+00:00 [running]> on host DESKTOP-P0U82UP.
[2025-11-29T09:19:50.449+0300] {taskinstance.py:1518} INFO - Exporting the following env vars:
AIRFLOW_CTX_DAG_OWNER=pker
AIRFLOW_CTX_DAG_ID=cross_task_communication
AIRFLOW_CTX_TASK_ID=multiply_by_100
AIRFLOW_CTX_EXECUTION_DATE=2025-11-29T06:19:44.990661+00:00
AIRFLOW_CTX_TRY_NUMBER=1
AIRFLOW_CTX_DAG_RUN_ID=manual__2025-11-29T06:19:44.990661+00:00
[2025-11-29T09:19:50.462+0300] {logging_mixin.py:137} INFO - Value 2!
[2025-11-29T09:19:50.462+0300] {python.py:177} INFO - Done. Returned value was: 200
[2025-11-29T09:19:50.487+0300] {taskinstance.py:1332} INFO - Marking task as SUCCESS. dag_id=cross_task_communication, task_id=multiply_by_100, execution_date=20251129T061944, start_date=20251129T061950, end_date=20251129T061950
[2025-11-29T09:19:50.514+0300] {local_task_job.py:212} INFO - Task exited with return code 0
[2025-11-29T09:19:50.547+0300] {taskinstance.py:2596} INFO - 1 downstream tasks scheduled from follow-on schedule check
