[2025-12-26T08:21:54.215+0300] {taskinstance.py:1090} INFO - Dependencies all met for dep_context=non-requeueable deps ti=<TaskInstance: weather_dag.transform_weather_data manual__2025-12-26T05:21:46.579720+00:00 [queued]>
[2025-12-26T08:21:54.227+0300] {taskinstance.py:1090} INFO - Dependencies all met for dep_context=requeueable deps ti=<TaskInstance: weather_dag.transform_weather_data manual__2025-12-26T05:21:46.579720+00:00 [queued]>
[2025-12-26T08:21:54.227+0300] {taskinstance.py:1288} INFO - 
--------------------------------------------------------------------------------
[2025-12-26T08:21:54.227+0300] {taskinstance.py:1289} INFO - Starting attempt 1 of 1
[2025-12-26T08:21:54.227+0300] {taskinstance.py:1290} INFO - 
--------------------------------------------------------------------------------
[2025-12-26T08:21:54.245+0300] {taskinstance.py:1309} INFO - Executing <Task(PythonOperator): transform_weather_data> on 2025-12-26 05:21:46.579720+00:00
[2025-12-26T08:21:54.248+0300] {standard_task_runner.py:55} INFO - Started process 422982 to run task
[2025-12-26T08:21:54.252+0300] {standard_task_runner.py:82} INFO - Running: ['airflow', 'tasks', 'run', 'weather_dag', 'transform_weather_data', 'manual__2025-12-26T05:21:46.579720+00:00', '--job-id', '16', '--raw', '--subdir', 'DAGS_FOLDER/weather_dag.py', '--cfg-path', '/tmp/tmpjyubg8ix']
[2025-12-26T08:21:54.252+0300] {standard_task_runner.py:83} INFO - Job 16: Subtask transform_weather_data
[2025-12-26T08:21:54.467+0300] {task_command.py:389} INFO - Running <TaskInstance: weather_dag.transform_weather_data manual__2025-12-26T05:21:46.579720+00:00 [running]> on host DESKTOP-P0U82UP.
[2025-12-26T08:21:54.747+0300] {taskinstance.py:1518} INFO - Exporting the following env vars:
AIRFLOW_CTX_DAG_OWNER=pker
AIRFLOW_CTX_DAG_ID=weather_dag
AIRFLOW_CTX_TASK_ID=transform_weather_data
AIRFLOW_CTX_EXECUTION_DATE=2025-12-26T05:21:46.579720+00:00
AIRFLOW_CTX_TRY_NUMBER=1
AIRFLOW_CTX_DAG_RUN_ID=manual__2025-12-26T05:21:46.579720+00:00
[2025-12-26T08:21:54.754+0300] {python.py:177} INFO - Done. Returned value was: [{'city': 'Nairobi', 'weather_description': 'overcast clouds', 'temperature': 17.85, 'feels_like': 17.75, 'min_temperature': 17.85, 'max_temperature': 17.85, 'pressure': 1016, 'humidity': 79, 'wind_speed': 2.32, 'time_recorded': '2025-12-26T08:16:00+03:00', 'sunrise': '2025-12-26T06:27:21+03:00', 'sunset': '2025-12-26T18:39:01+03:00'}]
[2025-12-26T08:21:54.919+0300] {taskinstance.py:1332} INFO - Marking task as SUCCESS. dag_id=weather_dag, task_id=transform_weather_data, execution_date=20251226T052146, start_date=20251226T052154, end_date=20251226T052154
[2025-12-26T08:21:54.950+0300] {local_task_job.py:212} INFO - Task exited with return code 0
[2025-12-26T08:21:55.044+0300] {taskinstance.py:2596} INFO - 1 downstream tasks scheduled from follow-on schedule check
