[2025-11-29T09:10:32.978+0300] {taskinstance.py:1090} INFO - Dependencies all met for dep_context=non-requeueable deps ti=<TaskInstance: pipeline_read_csv.groupby_region manual__2025-11-29T06:10:22.546076+00:00 [queued]>
[2025-11-29T09:10:32.984+0300] {taskinstance.py:1090} INFO - Dependencies all met for dep_context=requeueable deps ti=<TaskInstance: pipeline_read_csv.groupby_region manual__2025-11-29T06:10:22.546076+00:00 [queued]>
[2025-11-29T09:10:32.985+0300] {taskinstance.py:1288} INFO - 
--------------------------------------------------------------------------------
[2025-11-29T09:10:32.985+0300] {taskinstance.py:1289} INFO - Starting attempt 1 of 1
[2025-11-29T09:10:32.985+0300] {taskinstance.py:1290} INFO - 
--------------------------------------------------------------------------------
[2025-11-29T09:10:33.001+0300] {taskinstance.py:1309} INFO - Executing <Task(PythonOperator): groupby_region> on 2025-11-29 06:10:22.546076+00:00
[2025-11-29T09:10:33.004+0300] {standard_task_runner.py:55} INFO - Started process 617586 to run task
[2025-11-29T09:10:33.007+0300] {standard_task_runner.py:82} INFO - Running: ['airflow', 'tasks', 'run', 'pipeline_read_csv', 'groupby_region', 'manual__2025-11-29T06:10:22.546076+00:00', '--job-id', '155', '--raw', '--subdir', 'DAGS_FOLDER/pipeline.py', '--cfg-path', '/tmp/tmpv4419uek']
[2025-11-29T09:10:33.008+0300] {standard_task_runner.py:83} INFO - Job 155: Subtask groupby_region
[2025-11-29T09:10:33.057+0300] {task_command.py:389} INFO - Running <TaskInstance: pipeline_read_csv.groupby_region manual__2025-11-29T06:10:22.546076+00:00 [running]> on host DESKTOP-P0U82UP.
[2025-11-29T09:10:33.119+0300] {taskinstance.py:1518} INFO - Exporting the following env vars:
AIRFLOW_CTX_DAG_OWNER=pker
AIRFLOW_CTX_DAG_ID=pipeline_read_csv
AIRFLOW_CTX_TASK_ID=groupby_region
AIRFLOW_CTX_EXECUTION_DATE=2025-11-29T06:10:22.546076+00:00
AIRFLOW_CTX_TRY_NUMBER=1
AIRFLOW_CTX_DAG_RUN_ID=manual__2025-11-29T06:10:22.546076+00:00
[2025-11-29T09:10:33.155+0300] {python.py:177} INFO - Done. Returned value was: None
[2025-11-29T09:10:33.161+0300] {taskinstance.py:1332} INFO - Marking task as SUCCESS. dag_id=pipeline_read_csv, task_id=groupby_region, execution_date=20251129T061022, start_date=20251129T061032, end_date=20251129T061033
[2025-11-29T09:10:33.191+0300] {local_task_job.py:212} INFO - Task exited with return code 0
[2025-11-29T09:10:33.204+0300] {taskinstance.py:2596} INFO - 0 downstream tasks scheduled from follow-on schedule check
