[2025-11-28T14:42:54.075+0300] {taskinstance.py:1090} INFO - Dependencies all met for dep_context=non-requeueable deps ti=<TaskInstance: sql_pipeline.insert_values manual__2025-11-28T11:42:47.004973+00:00 [queued]>
[2025-11-28T14:42:54.086+0300] {taskinstance.py:1090} INFO - Dependencies all met for dep_context=requeueable deps ti=<TaskInstance: sql_pipeline.insert_values manual__2025-11-28T11:42:47.004973+00:00 [queued]>
[2025-11-28T14:42:54.087+0300] {taskinstance.py:1288} INFO - 
--------------------------------------------------------------------------------
[2025-11-28T14:42:54.087+0300] {taskinstance.py:1289} INFO - Starting attempt 1 of 1
[2025-11-28T14:42:54.087+0300] {taskinstance.py:1290} INFO - 
--------------------------------------------------------------------------------
[2025-11-28T14:42:54.108+0300] {taskinstance.py:1309} INFO - Executing <Task(SqliteOperator): insert_values> on 2025-11-28 11:42:47.004973+00:00
[2025-11-28T14:42:54.113+0300] {standard_task_runner.py:55} INFO - Started process 479004 to run task
[2025-11-28T14:42:54.117+0300] {standard_task_runner.py:82} INFO - Running: ['airflow', 'tasks', 'run', 'sql_pipeline', 'insert_values', 'manual__2025-11-28T11:42:47.004973+00:00', '--job-id', '112', '--raw', '--subdir', 'DAGS_FOLDER/sql_pipeline.py', '--cfg-path', '/tmp/tmp_kacgqj8']
[2025-11-28T14:42:54.119+0300] {standard_task_runner.py:83} INFO - Job 112: Subtask insert_values
[2025-11-28T14:42:54.180+0300] {task_command.py:389} INFO - Running <TaskInstance: sql_pipeline.insert_values manual__2025-11-28T11:42:47.004973+00:00 [running]> on host DESKTOP-P0U82UP.
[2025-11-28T14:42:54.272+0300] {taskinstance.py:1518} INFO - Exporting the following env vars:
AIRFLOW_CTX_DAG_OWNER=pker
AIRFLOW_CTX_DAG_ID=sql_pipeline
AIRFLOW_CTX_TASK_ID=insert_values
AIRFLOW_CTX_EXECUTION_DATE=2025-11-28T11:42:47.004973+00:00
AIRFLOW_CTX_TRY_NUMBER=1
AIRFLOW_CTX_DAG_RUN_ID=manual__2025-11-28T11:42:47.004973+00:00
[2025-11-28T14:42:54.272+0300] {sql.py:254} INFO - Executing: 
        INSERT INTO users (name, age, is_active) VALUES
            ('Alice', 30, 1),
            ('Bob', 25, 0),
            ('Charlie', 35, 1),
            ('David', 28, 1),
            ('Eve', 22, 0);
            
[2025-11-28T14:42:54.279+0300] {base.py:73} INFO - Using connection ID 'my_sqlite_conn' for task execution.
[2025-11-28T14:42:54.378+0300] {base.py:73} INFO - Using connection ID 'my_sqlite_conn' for task execution.
[2025-11-28T14:42:54.378+0300] {sql.py:375} INFO - Running statement: 
        INSERT INTO users (name, age, is_active) VALUES
            ('Alice', 30, 1),
            ('Bob', 25, 0),
            ('Charlie', 35, 1),
            ('David', 28, 1),
            ('Eve', 22, 0);
            , parameters: None
[2025-11-28T14:42:54.379+0300] {sql.py:384} INFO - Rows affected: 5
[2025-11-28T14:42:54.411+0300] {taskinstance.py:1332} INFO - Marking task as SUCCESS. dag_id=sql_pipeline, task_id=insert_values, execution_date=20251128T114247, start_date=20251128T114254, end_date=20251128T114254
[2025-11-28T14:42:54.433+0300] {local_task_job.py:212} INFO - Task exited with return code 0
[2025-11-28T14:42:54.473+0300] {taskinstance.py:2596} INFO - 0 downstream tasks scheduled from follow-on schedule check
