[2025-11-28T14:42:59.515+0300] {taskinstance.py:1090} INFO - Dependencies all met for dep_context=non-requeueable deps ti=<TaskInstance: sql_pipeline.display_results manual__2025-11-28T11:42:47.004973+00:00 [queued]>
[2025-11-28T14:42:59.525+0300] {taskinstance.py:1090} INFO - Dependencies all met for dep_context=requeueable deps ti=<TaskInstance: sql_pipeline.display_results manual__2025-11-28T11:42:47.004973+00:00 [queued]>
[2025-11-28T14:42:59.526+0300] {taskinstance.py:1288} INFO - 
--------------------------------------------------------------------------------
[2025-11-28T14:42:59.526+0300] {taskinstance.py:1289} INFO - Starting attempt 1 of 1
[2025-11-28T14:42:59.526+0300] {taskinstance.py:1290} INFO - 
--------------------------------------------------------------------------------
[2025-11-28T14:42:59.546+0300] {taskinstance.py:1309} INFO - Executing <Task(SqliteOperator): display_results> on 2025-11-28 11:42:47.004973+00:00
[2025-11-28T14:42:59.552+0300] {standard_task_runner.py:55} INFO - Started process 479177 to run task
[2025-11-28T14:42:59.557+0300] {standard_task_runner.py:82} INFO - Running: ['airflow', 'tasks', 'run', 'sql_pipeline', 'display_results', 'manual__2025-11-28T11:42:47.004973+00:00', '--job-id', '114', '--raw', '--subdir', 'DAGS_FOLDER/sql_pipeline.py', '--cfg-path', '/tmp/tmp52dvhdk5']
[2025-11-28T14:42:59.558+0300] {standard_task_runner.py:83} INFO - Job 114: Subtask display_results
[2025-11-28T14:42:59.627+0300] {task_command.py:389} INFO - Running <TaskInstance: sql_pipeline.display_results manual__2025-11-28T11:42:47.004973+00:00 [running]> on host DESKTOP-P0U82UP.
[2025-11-28T14:42:59.742+0300] {taskinstance.py:1518} INFO - Exporting the following env vars:
AIRFLOW_CTX_DAG_OWNER=pker
AIRFLOW_CTX_DAG_ID=sql_pipeline
AIRFLOW_CTX_TASK_ID=display_results
AIRFLOW_CTX_EXECUTION_DATE=2025-11-28T11:42:47.004973+00:00
AIRFLOW_CTX_TRY_NUMBER=1
AIRFLOW_CTX_DAG_RUN_ID=manual__2025-11-28T11:42:47.004973+00:00
[2025-11-28T14:42:59.743+0300] {sql.py:254} INFO - Executing: 
        SELECT * FROM users;
        
[2025-11-28T14:42:59.751+0300] {base.py:73} INFO - Using connection ID 'my_sqlite_conn' for task execution.
[2025-11-28T14:42:59.849+0300] {base.py:73} INFO - Using connection ID 'my_sqlite_conn' for task execution.
[2025-11-28T14:42:59.850+0300] {sql.py:375} INFO - Running statement: 
        SELECT * FROM users;
        , parameters: None
[2025-11-28T14:42:59.874+0300] {taskinstance.py:1332} INFO - Marking task as SUCCESS. dag_id=sql_pipeline, task_id=display_results, execution_date=20251128T114247, start_date=20251128T114259, end_date=20251128T114259
[2025-11-28T14:42:59.898+0300] {local_task_job.py:212} INFO - Task exited with return code 0
[2025-11-28T14:42:59.918+0300] {taskinstance.py:2596} INFO - 0 downstream tasks scheduled from follow-on schedule check
