[2025-11-28T06:43:48.145+0300] {taskinstance.py:1090} INFO - Dependencies all met for dep_context=non-requeueable deps ti=<TaskInstance: execute_multiple_tasks.task_3 scheduled__2025-11-27T00:00:00+00:00 [queued]>
[2025-11-28T06:43:48.156+0300] {taskinstance.py:1090} INFO - Dependencies all met for dep_context=requeueable deps ti=<TaskInstance: execute_multiple_tasks.task_3 scheduled__2025-11-27T00:00:00+00:00 [queued]>
[2025-11-28T06:43:48.156+0300] {taskinstance.py:1288} INFO - 
--------------------------------------------------------------------------------
[2025-11-28T06:43:48.156+0300] {taskinstance.py:1289} INFO - Starting attempt 1 of 1
[2025-11-28T06:43:48.156+0300] {taskinstance.py:1290} INFO - 
--------------------------------------------------------------------------------
[2025-11-28T06:43:48.181+0300] {taskinstance.py:1309} INFO - Executing <Task(BashOperator): task_3> on 2025-11-27 00:00:00+00:00
[2025-11-28T06:43:48.184+0300] {standard_task_runner.py:55} INFO - Started process 250164 to run task
[2025-11-28T06:43:48.188+0300] {standard_task_runner.py:82} INFO - Running: ['airflow', 'tasks', 'run', 'execute_multiple_tasks', 'task_3', 'scheduled__2025-11-27T00:00:00+00:00', '--job-id', '86', '--raw', '--subdir', 'DAGS_FOLDER/execute_multiple_tasks.py', '--cfg-path', '/tmp/tmpcb4zjg_e']
[2025-11-28T06:43:48.189+0300] {standard_task_runner.py:83} INFO - Job 86: Subtask task_3
[2025-11-28T06:43:48.251+0300] {task_command.py:389} INFO - Running <TaskInstance: execute_multiple_tasks.task_3 scheduled__2025-11-27T00:00:00+00:00 [running]> on host DESKTOP-P0U82UP.
[2025-11-28T06:43:48.336+0300] {taskinstance.py:1518} INFO - Exporting the following env vars:
AIRFLOW_CTX_DAG_OWNER=pker
AIRFLOW_CTX_DAG_ID=execute_multiple_tasks
AIRFLOW_CTX_TASK_ID=task_3
AIRFLOW_CTX_EXECUTION_DATE=2025-11-27T00:00:00+00:00
AIRFLOW_CTX_TRY_NUMBER=1
AIRFLOW_CTX_DAG_RUN_ID=scheduled__2025-11-27T00:00:00+00:00
[2025-11-28T06:43:48.338+0300] {subprocess.py:63} INFO - Tmp dir root location: 
 /tmp
[2025-11-28T06:43:48.340+0300] {subprocess.py:75} INFO - Running command: ['/usr/bin/bash', '-c', '\n        echo "Executing Task 3"\n        sleep 15\n        echo "Task 3 completed"\n        ']
[2025-11-28T06:43:48.351+0300] {subprocess.py:86} INFO - Output:
[2025-11-28T06:43:48.352+0300] {subprocess.py:93} INFO - Executing Task 3
[2025-11-28T06:44:03.356+0300] {subprocess.py:93} INFO - Task 3 completed
[2025-11-28T06:44:03.357+0300] {subprocess.py:97} INFO - Command exited with return code 0
[2025-11-28T06:44:03.401+0300] {taskinstance.py:1332} INFO - Marking task as SUCCESS. dag_id=execute_multiple_tasks, task_id=task_3, execution_date=20251127T000000, start_date=20251128T034348, end_date=20251128T034403
[2025-11-28T06:44:03.435+0300] {local_task_job.py:212} INFO - Task exited with return code 0
[2025-11-28T06:44:03.477+0300] {taskinstance.py:2596} INFO - 1 downstream tasks scheduled from follow-on schedule check
