[2025-12-26T07:54:32.292+0300] {taskinstance.py:1090} INFO - Dependencies all met for dep_context=non-requeueable deps ti=<TaskInstance: weather_dag.transform_weather_data scheduled__2025-12-25T00:00:00+00:00 [queued]>
[2025-12-26T07:54:32.313+0300] {taskinstance.py:1090} INFO - Dependencies all met for dep_context=requeueable deps ti=<TaskInstance: weather_dag.transform_weather_data scheduled__2025-12-25T00:00:00+00:00 [queued]>
[2025-12-26T07:54:32.313+0300] {taskinstance.py:1288} INFO - 
--------------------------------------------------------------------------------
[2025-12-26T07:54:32.313+0300] {taskinstance.py:1289} INFO - Starting attempt 1 of 1
[2025-12-26T07:54:32.314+0300] {taskinstance.py:1290} INFO - 
--------------------------------------------------------------------------------
[2025-12-26T07:54:32.336+0300] {taskinstance.py:1309} INFO - Executing <Task(PythonOperator): transform_weather_data> on 2025-12-25 00:00:00+00:00
[2025-12-26T07:54:32.341+0300] {standard_task_runner.py:55} INFO - Started process 416239 to run task
[2025-12-26T07:54:32.345+0300] {standard_task_runner.py:82} INFO - Running: ['airflow', 'tasks', 'run', 'weather_dag', 'transform_weather_data', 'scheduled__2025-12-25T00:00:00+00:00', '--job-id', '13', '--raw', '--subdir', 'DAGS_FOLDER/weather_dag.py', '--cfg-path', '/tmp/tmpmm6cgg_t']
[2025-12-26T07:54:32.346+0300] {standard_task_runner.py:83} INFO - Job 13: Subtask transform_weather_data
[2025-12-26T07:54:32.732+0300] {task_command.py:389} INFO - Running <TaskInstance: weather_dag.transform_weather_data scheduled__2025-12-25T00:00:00+00:00 [running]> on host DESKTOP-P0U82UP.
[2025-12-26T07:54:33.316+0300] {taskinstance.py:1518} INFO - Exporting the following env vars:
AIRFLOW_CTX_DAG_OWNER=pker
AIRFLOW_CTX_DAG_ID=weather_dag
AIRFLOW_CTX_TASK_ID=transform_weather_data
AIRFLOW_CTX_EXECUTION_DATE=2025-12-25T00:00:00+00:00
AIRFLOW_CTX_TRY_NUMBER=1
AIRFLOW_CTX_DAG_RUN_ID=scheduled__2025-12-25T00:00:00+00:00
[2025-12-26T07:54:33.320+0300] {python.py:177} INFO - Done. Returned value was: [{'city': 'Nairobi', 'weather_description': 'few clouds', 'temperature': 16.93, 'feels_like': 16.82, 'min_temperature': 16.93, 'max_temperature': 16.93, 'pressure': 1016, 'humidity': 82, 'wind_speed': 0, 'time_recorded': '2025-12-26T07:49:42+03:00', 'sunrise': '2025-12-26T06:27:21+03:00', 'sunset': '2025-12-26T18:39:01+03:00'}]
[2025-12-26T07:54:33.538+0300] {taskinstance.py:1332} INFO - Marking task as SUCCESS. dag_id=weather_dag, task_id=transform_weather_data, execution_date=20251225T000000, start_date=20251226T045432, end_date=20251226T045433
[2025-12-26T07:54:33.606+0300] {local_task_job.py:212} INFO - Task exited with return code 0
[2025-12-26T07:54:33.743+0300] {taskinstance.py:2596} INFO - 1 downstream tasks scheduled from follow-on schedule check
