[2025-11-23T08:43:24.645+0300] {taskinstance.py:1090} INFO - Dependencies all met for dep_context=non-requeueable deps ti=<TaskInstance: execute_multiple_tasks.task_2 scheduled__2025-11-22T00:00:00+00:00 [queued]>
[2025-11-23T08:43:24.656+0300] {taskinstance.py:1090} INFO - Dependencies all met for dep_context=requeueable deps ti=<TaskInstance: execute_multiple_tasks.task_2 scheduled__2025-11-22T00:00:00+00:00 [queued]>
[2025-11-23T08:43:24.656+0300] {taskinstance.py:1288} INFO - 
--------------------------------------------------------------------------------
[2025-11-23T08:43:24.657+0300] {taskinstance.py:1289} INFO - Starting attempt 1 of 1
[2025-11-23T08:43:24.657+0300] {taskinstance.py:1290} INFO - 
--------------------------------------------------------------------------------
[2025-11-23T08:43:24.686+0300] {taskinstance.py:1309} INFO - Executing <Task(BashOperator): task_2> on 2025-11-22 00:00:00+00:00
[2025-11-23T08:43:24.690+0300] {standard_task_runner.py:55} INFO - Started process 278607 to run task
[2025-11-23T08:43:24.695+0300] {standard_task_runner.py:82} INFO - Running: ['airflow', 'tasks', 'run', 'execute_multiple_tasks', 'task_2', 'scheduled__2025-11-22T00:00:00+00:00', '--job-id', '31', '--raw', '--subdir', 'DAGS_FOLDER/execute_multiple_tasks.py', '--cfg-path', '/tmp/tmpyffljtdm']
[2025-11-23T08:43:24.697+0300] {standard_task_runner.py:83} INFO - Job 31: Subtask task_2
[2025-11-23T08:43:24.771+0300] {task_command.py:389} INFO - Running <TaskInstance: execute_multiple_tasks.task_2 scheduled__2025-11-22T00:00:00+00:00 [running]> on host DESKTOP-P0U82UP.
[2025-11-23T08:43:24.873+0300] {taskinstance.py:1518} INFO - Exporting the following env vars:
AIRFLOW_CTX_DAG_OWNER=pker
AIRFLOW_CTX_DAG_ID=execute_multiple_tasks
AIRFLOW_CTX_TASK_ID=task_2
AIRFLOW_CTX_EXECUTION_DATE=2025-11-22T00:00:00+00:00
AIRFLOW_CTX_TRY_NUMBER=1
AIRFLOW_CTX_DAG_RUN_ID=scheduled__2025-11-22T00:00:00+00:00
[2025-11-23T08:43:24.874+0300] {subprocess.py:63} INFO - Tmp dir root location: 
 /tmp
[2025-11-23T08:43:24.876+0300] {subprocess.py:75} INFO - Running command: ['/usr/bin/bash', '-c', '\n        echo "Executing Task 2" \n        sleep 4\n        echo "Task 2 completed"\n        ']
[2025-11-23T08:43:24.883+0300] {subprocess.py:86} INFO - Output:
[2025-11-23T08:43:24.884+0300] {subprocess.py:93} INFO - Executing Task 2
[2025-11-23T08:43:28.888+0300] {subprocess.py:93} INFO - Task 2 completed
[2025-11-23T08:43:28.889+0300] {subprocess.py:97} INFO - Command exited with return code 0
[2025-11-23T08:43:28.923+0300] {taskinstance.py:1332} INFO - Marking task as SUCCESS. dag_id=execute_multiple_tasks, task_id=task_2, execution_date=20251122T000000, start_date=20251123T054324, end_date=20251123T054328
[2025-11-23T08:43:28.979+0300] {local_task_job.py:212} INFO - Task exited with return code 0
[2025-11-23T08:43:29.007+0300] {taskinstance.py:2596} INFO - 0 downstream tasks scheduled from follow-on schedule check
