[2025-11-23T12:24:21.874+0300] {taskinstance.py:1090} INFO - Dependencies all met for dep_context=non-requeueable deps ti=<TaskInstance: execute_python_operator.task_a manual__2025-11-23T09:24:19.039664+00:00 [queued]>
[2025-11-23T12:24:21.885+0300] {taskinstance.py:1090} INFO - Dependencies all met for dep_context=requeueable deps ti=<TaskInstance: execute_python_operator.task_a manual__2025-11-23T09:24:19.039664+00:00 [queued]>
[2025-11-23T12:24:21.885+0300] {taskinstance.py:1288} INFO - 
--------------------------------------------------------------------------------
[2025-11-23T12:24:21.885+0300] {taskinstance.py:1289} INFO - Starting attempt 1 of 1
[2025-11-23T12:24:21.885+0300] {taskinstance.py:1290} INFO - 
--------------------------------------------------------------------------------
[2025-11-23T12:24:21.909+0300] {taskinstance.py:1309} INFO - Executing <Task(PythonOperator): task_a> on 2025-11-23 09:24:19.039664+00:00
[2025-11-23T12:24:21.912+0300] {standard_task_runner.py:55} INFO - Started process 315103 to run task
[2025-11-23T12:24:21.918+0300] {standard_task_runner.py:82} INFO - Running: ['airflow', 'tasks', 'run', 'execute_python_operator', 'task_a', 'manual__2025-11-23T09:24:19.039664+00:00', '--job-id', '36', '--raw', '--subdir', 'DAGS_FOLDER/weather_dag.py', '--cfg-path', '/tmp/tmp6t1glxxw']
[2025-11-23T12:24:21.920+0300] {standard_task_runner.py:83} INFO - Job 36: Subtask task_a
[2025-11-23T12:24:22.054+0300] {task_command.py:389} INFO - Running <TaskInstance: execute_python_operator.task_a manual__2025-11-23T09:24:19.039664+00:00 [running]> on host DESKTOP-P0U82UP.
[2025-11-23T12:24:22.176+0300] {taskinstance.py:1518} INFO - Exporting the following env vars:
AIRFLOW_CTX_DAG_OWNER=pker
AIRFLOW_CTX_DAG_ID=execute_python_operator
AIRFLOW_CTX_TASK_ID=task_a
AIRFLOW_CTX_EXECUTION_DATE=2025-11-23T09:24:19.039664+00:00
AIRFLOW_CTX_TRY_NUMBER=1
AIRFLOW_CTX_DAG_RUN_ID=manual__2025-11-23T09:24:19.039664+00:00
[2025-11-23T12:24:22.178+0300] {logging_mixin.py:137} INFO - Task A is running
[2025-11-23T12:24:22.179+0300] {python.py:177} INFO - Done. Returned value was: None
[2025-11-23T12:24:22.189+0300] {taskinstance.py:1332} INFO - Marking task as SUCCESS. dag_id=execute_python_operator, task_id=task_a, execution_date=20251123T092419, start_date=20251123T092421, end_date=20251123T092422
[2025-11-23T12:24:22.219+0300] {local_task_job.py:212} INFO - Task exited with return code 0
[2025-11-23T12:24:22.251+0300] {taskinstance.py:2596} INFO - 2 downstream tasks scheduled from follow-on schedule check
