[2025-12-24T13:01:19.488+0300] {taskinstance.py:1090} INFO - Dependencies all met for dep_context=non-requeueable deps ti=<TaskInstance: weather_dag.extract_weather_data manual__2025-12-24T10:01:15.151609+00:00 [queued]>
[2025-12-24T13:01:19.506+0300] {taskinstance.py:1090} INFO - Dependencies all met for dep_context=requeueable deps ti=<TaskInstance: weather_dag.extract_weather_data manual__2025-12-24T10:01:15.151609+00:00 [queued]>
[2025-12-24T13:01:19.507+0300] {taskinstance.py:1288} INFO - 
--------------------------------------------------------------------------------
[2025-12-24T13:01:19.507+0300] {taskinstance.py:1289} INFO - Starting attempt 1 of 1
[2025-12-24T13:01:19.507+0300] {taskinstance.py:1290} INFO - 
--------------------------------------------------------------------------------
[2025-12-24T13:01:19.549+0300] {taskinstance.py:1309} INFO - Executing <Task(PythonOperator): extract_weather_data> on 2025-12-24 10:01:15.151609+00:00
[2025-12-24T13:01:19.554+0300] {standard_task_runner.py:55} INFO - Started process 195619 to run task
[2025-12-24T13:01:19.559+0300] {standard_task_runner.py:82} INFO - Running: ['airflow', 'tasks', 'run', 'weather_dag', 'extract_weather_data', 'manual__2025-12-24T10:01:15.151609+00:00', '--job-id', '5', '--raw', '--subdir', 'DAGS_FOLDER/weather_dag.py', '--cfg-path', '/tmp/tmp21uxc_r8']
[2025-12-24T13:01:19.560+0300] {standard_task_runner.py:83} INFO - Job 5: Subtask extract_weather_data
[2025-12-24T13:01:19.938+0300] {task_command.py:389} INFO - Running <TaskInstance: weather_dag.extract_weather_data manual__2025-12-24T10:01:15.151609+00:00 [running]> on host DESKTOP-P0U82UP.
[2025-12-24T13:01:20.307+0300] {taskinstance.py:1518} INFO - Exporting the following env vars:
AIRFLOW_CTX_DAG_OWNER=pker
AIRFLOW_CTX_DAG_ID=weather_dag
AIRFLOW_CTX_TASK_ID=extract_weather_data
AIRFLOW_CTX_EXECUTION_DATE=2025-12-24T10:01:15.151609+00:00
AIRFLOW_CTX_TRY_NUMBER=1
AIRFLOW_CTX_DAG_RUN_ID=manual__2025-12-24T10:01:15.151609+00:00
[2025-12-24T13:01:21.991+0300] {logging_mixin.py:137} INFO - Weather data fetched successfully.
[2025-12-24T13:01:21.991+0300] {python.py:177} INFO - Done. Returned value was: {'coord': {'lon': 36.8167, 'lat': -1.2833}, 'weather': [{'id': 803, 'main': 'Clouds', 'description': 'broken clouds', 'icon': '04d'}], 'base': 'stations', 'main': {'temp': 22.93, 'feels_like': 22.56, 'temp_min': 22.93, 'temp_max': 23.62, 'pressure': 1011, 'humidity': 49, 'sea_level': 1011, 'grnd_level': 838}, 'visibility': 10000, 'wind': {'speed': 6.69, 'deg': 40}, 'clouds': {'all': 75}, 'dt': 1766570467, 'sys': {'type': 1, 'id': 2558, 'country': 'KE', 'sunrise': 1766546783, 'sunset': 1766590684}, 'timezone': 10800, 'id': 184745, 'name': 'Nairobi', 'cod': 200}
[2025-12-24T13:01:22.189+0300] {taskinstance.py:1332} INFO - Marking task as SUCCESS. dag_id=weather_dag, task_id=extract_weather_data, execution_date=20251224T100115, start_date=20251224T100119, end_date=20251224T100122
[2025-12-24T13:01:22.223+0300] {local_task_job.py:212} INFO - Task exited with return code 0
[2025-12-24T13:01:22.338+0300] {taskinstance.py:2596} INFO - 1 downstream tasks scheduled from follow-on schedule check
