[2025-12-23T17:32:30.703+0300] {taskinstance.py:1090} INFO - Dependencies all met for dep_context=non-requeueable deps ti=<TaskInstance: weather_dag.extract_weather_data manual__2025-12-23T14:32:26.198867+00:00 [queued]>
[2025-12-23T17:32:30.711+0300] {taskinstance.py:1090} INFO - Dependencies all met for dep_context=requeueable deps ti=<TaskInstance: weather_dag.extract_weather_data manual__2025-12-23T14:32:26.198867+00:00 [queued]>
[2025-12-23T17:32:30.711+0300] {taskinstance.py:1288} INFO - 
--------------------------------------------------------------------------------
[2025-12-23T17:32:30.711+0300] {taskinstance.py:1289} INFO - Starting attempt 1 of 1
[2025-12-23T17:32:30.711+0300] {taskinstance.py:1290} INFO - 
--------------------------------------------------------------------------------
[2025-12-23T17:32:30.730+0300] {taskinstance.py:1309} INFO - Executing <Task(PythonOperator): extract_weather_data> on 2025-12-23 14:32:26.198867+00:00
[2025-12-23T17:32:30.735+0300] {standard_task_runner.py:55} INFO - Started process 107319 to run task
[2025-12-23T17:32:30.740+0300] {standard_task_runner.py:82} INFO - Running: ['airflow', 'tasks', 'run', 'weather_dag', 'extract_weather_data', 'manual__2025-12-23T14:32:26.198867+00:00', '--job-id', '259', '--raw', '--subdir', 'DAGS_FOLDER/weather_dag.py', '--cfg-path', '/tmp/tmp7edsvzhm']
[2025-12-23T17:32:30.740+0300] {standard_task_runner.py:83} INFO - Job 259: Subtask extract_weather_data
[2025-12-23T17:32:30.818+0300] {task_command.py:389} INFO - Running <TaskInstance: weather_dag.extract_weather_data manual__2025-12-23T14:32:26.198867+00:00 [running]> on host DESKTOP-P0U82UP.
[2025-12-23T17:32:30.911+0300] {taskinstance.py:1518} INFO - Exporting the following env vars:
AIRFLOW_CTX_DAG_OWNER=pker
AIRFLOW_CTX_DAG_ID=weather_dag
AIRFLOW_CTX_TASK_ID=extract_weather_data
AIRFLOW_CTX_EXECUTION_DATE=2025-12-23T14:32:26.198867+00:00
AIRFLOW_CTX_TRY_NUMBER=1
AIRFLOW_CTX_DAG_RUN_ID=manual__2025-12-23T14:32:26.198867+00:00
[2025-12-23T17:32:31.643+0300] {logging_mixin.py:137} INFO - Weather data fetched successfully.
[2025-12-23T17:32:31.644+0300] {python.py:177} INFO - Done. Returned value was: {'coord': {'lon': 36.8167, 'lat': -1.2833}, 'weather': [{'id': 803, 'main': 'Clouds', 'description': 'broken clouds', 'icon': '04d'}], 'base': 'stations', 'main': {'temp': 23.92, 'feels_like': 23.62, 'temp_min': 23.92, 'temp_max': 23.92, 'pressure': 1009, 'humidity': 48, 'sea_level': 1009, 'grnd_level': 835}, 'visibility': 10000, 'wind': {'speed': 6.98, 'deg': 76, 'gust': 7.29}, 'clouds': {'all': 80}, 'dt': 1766500027, 'sys': {'country': 'KE', 'sunrise': 1766460354, 'sunset': 1766504255}, 'timezone': 10800, 'id': 184745, 'name': 'Nairobi', 'cod': 200}
[2025-12-23T17:32:31.701+0300] {taskinstance.py:1332} INFO - Marking task as SUCCESS. dag_id=weather_dag, task_id=extract_weather_data, execution_date=20251223T143226, start_date=20251223T143230, end_date=20251223T143231
[2025-12-23T17:32:31.758+0300] {local_task_job.py:212} INFO - Task exited with return code 0
[2025-12-23T17:32:31.818+0300] {taskinstance.py:2596} INFO - 1 downstream tasks scheduled from follow-on schedule check
