[2025-11-29T09:19:47.631+0300] {taskinstance.py:1090} INFO - Dependencies all met for dep_context=non-requeueable deps ti=<TaskInstance: cross_task_communication.increment_by_1 manual__2025-11-29T06:19:44.990661+00:00 [queued]>
[2025-11-29T09:19:47.638+0300] {taskinstance.py:1090} INFO - Dependencies all met for dep_context=requeueable deps ti=<TaskInstance: cross_task_communication.increment_by_1 manual__2025-11-29T06:19:44.990661+00:00 [queued]>
[2025-11-29T09:19:47.638+0300] {taskinstance.py:1288} INFO - 
--------------------------------------------------------------------------------
[2025-11-29T09:19:47.638+0300] {taskinstance.py:1289} INFO - Starting attempt 1 of 1
[2025-11-29T09:19:47.638+0300] {taskinstance.py:1290} INFO - 
--------------------------------------------------------------------------------
[2025-11-29T09:19:47.655+0300] {taskinstance.py:1309} INFO - Executing <Task(PythonOperator): increment_by_1> on 2025-11-29 06:19:44.990661+00:00
[2025-11-29T09:19:47.658+0300] {standard_task_runner.py:55} INFO - Started process 622177 to run task
[2025-11-29T09:19:47.662+0300] {standard_task_runner.py:82} INFO - Running: ['airflow', 'tasks', 'run', 'cross_task_communication', 'increment_by_1', 'manual__2025-11-29T06:19:44.990661+00:00', '--job-id', '160', '--raw', '--subdir', 'DAGS_FOLDER/xcom.py', '--cfg-path', '/tmp/tmp9h82jsh4']
[2025-11-29T09:19:47.663+0300] {standard_task_runner.py:83} INFO - Job 160: Subtask increment_by_1
[2025-11-29T09:19:47.721+0300] {task_command.py:389} INFO - Running <TaskInstance: cross_task_communication.increment_by_1 manual__2025-11-29T06:19:44.990661+00:00 [running]> on host DESKTOP-P0U82UP.
[2025-11-29T09:19:47.780+0300] {taskinstance.py:1518} INFO - Exporting the following env vars:
AIRFLOW_CTX_DAG_OWNER=pker
AIRFLOW_CTX_DAG_ID=cross_task_communication
AIRFLOW_CTX_TASK_ID=increment_by_1
AIRFLOW_CTX_EXECUTION_DATE=2025-11-29T06:19:44.990661+00:00
AIRFLOW_CTX_TRY_NUMBER=1
AIRFLOW_CTX_DAG_RUN_ID=manual__2025-11-29T06:19:44.990661+00:00
[2025-11-29T09:19:47.782+0300] {logging_mixin.py:137} INFO - Value 1!
[2025-11-29T09:19:47.782+0300] {python.py:177} INFO - Done. Returned value was: 2
[2025-11-29T09:19:47.799+0300] {taskinstance.py:1332} INFO - Marking task as SUCCESS. dag_id=cross_task_communication, task_id=increment_by_1, execution_date=20251129T061944, start_date=20251129T061947, end_date=20251129T061947
[2025-11-29T09:19:47.843+0300] {local_task_job.py:212} INFO - Task exited with return code 0
[2025-11-29T09:19:47.870+0300] {taskinstance.py:2596} INFO - 1 downstream tasks scheduled from follow-on schedule check
