[2025-12-23T12:17:59.146+0300] {taskinstance.py:1090} INFO - Dependencies all met for dep_context=non-requeueable deps ti=<TaskInstance: example_branch_operator.branching scheduled__2025-12-22T00:00:00+00:00 [queued]>
[2025-12-23T12:17:59.155+0300] {taskinstance.py:1090} INFO - Dependencies all met for dep_context=requeueable deps ti=<TaskInstance: example_branch_operator.branching scheduled__2025-12-22T00:00:00+00:00 [queued]>
[2025-12-23T12:17:59.156+0300] {taskinstance.py:1288} INFO - 
--------------------------------------------------------------------------------
[2025-12-23T12:17:59.156+0300] {taskinstance.py:1289} INFO - Starting attempt 1 of 1
[2025-12-23T12:17:59.156+0300] {taskinstance.py:1290} INFO - 
--------------------------------------------------------------------------------
[2025-12-23T12:17:59.172+0300] {taskinstance.py:1309} INFO - Executing <Task(BranchPythonOperator): branching> on 2025-12-22 00:00:00+00:00
[2025-12-23T12:17:59.176+0300] {standard_task_runner.py:55} INFO - Started process 27331 to run task
[2025-12-23T12:17:59.179+0300] {standard_task_runner.py:82} INFO - Running: ['airflow', 'tasks', 'run', 'example_branch_operator', 'branching', 'scheduled__2025-12-22T00:00:00+00:00', '--job-id', '226', '--raw', '--subdir', '/home/pker/airflow_env/lib/python3.7/site-packages/airflow/example_dags/example_branch_operator.py', '--cfg-path', '/tmp/tmp6y720xg1']
[2025-12-23T12:17:59.180+0300] {standard_task_runner.py:83} INFO - Job 226: Subtask branching
[2025-12-23T12:17:59.225+0300] {task_command.py:389} INFO - Running <TaskInstance: example_branch_operator.branching scheduled__2025-12-22T00:00:00+00:00 [running]> on host DESKTOP-P0U82UP.
[2025-12-23T12:17:59.281+0300] {taskinstance.py:1518} INFO - Exporting the following env vars:
AIRFLOW_CTX_DAG_OWNER=airflow
AIRFLOW_CTX_DAG_ID=example_branch_operator
AIRFLOW_CTX_TASK_ID=branching
AIRFLOW_CTX_EXECUTION_DATE=2025-12-22T00:00:00+00:00
AIRFLOW_CTX_TRY_NUMBER=1
AIRFLOW_CTX_DAG_RUN_ID=scheduled__2025-12-22T00:00:00+00:00
[2025-12-23T12:17:59.283+0300] {python.py:177} INFO - Done. Returned value was: branch_c
[2025-12-23T12:17:59.283+0300] {python.py:211} INFO - Branch callable return branch_c
[2025-12-23T12:17:59.283+0300] {skipmixin.py:155} INFO - Following branch branch_c
[2025-12-23T12:17:59.283+0300] {skipmixin.py:211} INFO - Skipping tasks ['branch_a', 'branch_d', 'branch_b']
[2025-12-23T12:17:59.318+0300] {taskinstance.py:1332} INFO - Marking task as SUCCESS. dag_id=example_branch_operator, task_id=branching, execution_date=20251222T000000, start_date=20251223T091759, end_date=20251223T091759
[2025-12-23T12:17:59.357+0300] {local_task_job.py:212} INFO - Task exited with return code 0
[2025-12-23T12:17:59.397+0300] {taskinstance.py:2596} INFO - 0 downstream tasks scheduled from follow-on schedule check
