[2025-11-28T14:59:10.406+0300] {taskinstance.py:1090} INFO - Dependencies all met for dep_context=non-requeueable deps ti=<TaskInstance: sql_pipeline.display_results manual__2025-11-28T11:58:52.247870+00:00 [queued]>
[2025-11-28T14:59:10.418+0300] {taskinstance.py:1090} INFO - Dependencies all met for dep_context=requeueable deps ti=<TaskInstance: sql_pipeline.display_results manual__2025-11-28T11:58:52.247870+00:00 [queued]>
[2025-11-28T14:59:10.418+0300] {taskinstance.py:1288} INFO - 
--------------------------------------------------------------------------------
[2025-11-28T14:59:10.419+0300] {taskinstance.py:1289} INFO - Starting attempt 1 of 1
[2025-11-28T14:59:10.419+0300] {taskinstance.py:1290} INFO - 
--------------------------------------------------------------------------------
[2025-11-28T14:59:10.442+0300] {taskinstance.py:1309} INFO - Executing <Task(SqliteOperator): display_results> on 2025-11-28 11:58:52.247870+00:00
[2025-11-28T14:59:10.446+0300] {standard_task_runner.py:55} INFO - Started process 494870 to run task
[2025-11-28T14:59:10.451+0300] {standard_task_runner.py:82} INFO - Running: ['airflow', 'tasks', 'run', 'sql_pipeline', 'display_results', 'manual__2025-11-28T11:58:52.247870+00:00', '--job-id', '120', '--raw', '--subdir', 'DAGS_FOLDER/sql_pipeline.py', '--cfg-path', '/tmp/tmps31jvw_l']
[2025-11-28T14:59:10.452+0300] {standard_task_runner.py:83} INFO - Job 120: Subtask display_results
[2025-11-28T14:59:10.514+0300] {task_command.py:389} INFO - Running <TaskInstance: sql_pipeline.display_results manual__2025-11-28T11:58:52.247870+00:00 [running]> on host DESKTOP-P0U82UP.
[2025-11-28T14:59:10.604+0300] {taskinstance.py:1518} INFO - Exporting the following env vars:
AIRFLOW_CTX_DAG_OWNER=pker
AIRFLOW_CTX_DAG_ID=sql_pipeline
AIRFLOW_CTX_TASK_ID=display_results
AIRFLOW_CTX_EXECUTION_DATE=2025-11-28T11:58:52.247870+00:00
AIRFLOW_CTX_TRY_NUMBER=1
AIRFLOW_CTX_DAG_RUN_ID=manual__2025-11-28T11:58:52.247870+00:00
[2025-11-28T14:59:10.605+0300] {sql.py:254} INFO - Executing: 
        SELECT * FROM users;
        
[2025-11-28T14:59:10.612+0300] {base.py:73} INFO - Using connection ID 'my_sqlite_conn' for task execution.
[2025-11-28T14:59:10.722+0300] {base.py:73} INFO - Using connection ID 'my_sqlite_conn' for task execution.
[2025-11-28T14:59:10.723+0300] {sql.py:375} INFO - Running statement: 
        SELECT * FROM users;
        , parameters: None
[2025-11-28T14:59:10.773+0300] {taskinstance.py:1332} INFO - Marking task as SUCCESS. dag_id=sql_pipeline, task_id=display_results, execution_date=20251128T115852, start_date=20251128T115910, end_date=20251128T115910
[2025-11-28T14:59:10.811+0300] {local_task_job.py:212} INFO - Task exited with return code 0
[2025-11-28T14:59:10.836+0300] {taskinstance.py:2596} INFO - 0 downstream tasks scheduled from follow-on schedule check
