[2025-12-23T16:50:11.411+0300] {taskinstance.py:1090} INFO - Dependencies all met for dep_context=non-requeueable deps ti=<TaskInstance: weather_dag.transform_weather_data manual__2025-12-23T13:50:04.418417+00:00 [queued]>
[2025-12-23T16:50:11.419+0300] {taskinstance.py:1090} INFO - Dependencies all met for dep_context=requeueable deps ti=<TaskInstance: weather_dag.transform_weather_data manual__2025-12-23T13:50:04.418417+00:00 [queued]>
[2025-12-23T16:50:11.419+0300] {taskinstance.py:1288} INFO - 
--------------------------------------------------------------------------------
[2025-12-23T16:50:11.419+0300] {taskinstance.py:1289} INFO - Starting attempt 1 of 1
[2025-12-23T16:50:11.420+0300] {taskinstance.py:1290} INFO - 
--------------------------------------------------------------------------------
[2025-12-23T16:50:11.434+0300] {taskinstance.py:1309} INFO - Executing <Task(PythonOperator): transform_weather_data> on 2025-12-23 13:50:04.418417+00:00
[2025-12-23T16:50:11.436+0300] {standard_task_runner.py:55} INFO - Started process 95622 to run task
[2025-12-23T16:50:11.439+0300] {standard_task_runner.py:82} INFO - Running: ['airflow', 'tasks', 'run', 'weather_dag', 'transform_weather_data', 'manual__2025-12-23T13:50:04.418417+00:00', '--job-id', '254', '--raw', '--subdir', 'DAGS_FOLDER/weather_dag.py', '--cfg-path', '/tmp/tmpjlra0qvb']
[2025-12-23T16:50:11.439+0300] {standard_task_runner.py:83} INFO - Job 254: Subtask transform_weather_data
[2025-12-23T16:50:11.495+0300] {task_command.py:389} INFO - Running <TaskInstance: weather_dag.transform_weather_data manual__2025-12-23T13:50:04.418417+00:00 [running]> on host DESKTOP-P0U82UP.
[2025-12-23T16:50:11.551+0300] {taskinstance.py:1518} INFO - Exporting the following env vars:
AIRFLOW_CTX_DAG_OWNER=pker
AIRFLOW_CTX_DAG_ID=weather_dag
AIRFLOW_CTX_TASK_ID=transform_weather_data
AIRFLOW_CTX_EXECUTION_DATE=2025-12-23T13:50:04.418417+00:00
AIRFLOW_CTX_TRY_NUMBER=1
AIRFLOW_CTX_DAG_RUN_ID=manual__2025-12-23T13:50:04.418417+00:00
[2025-12-23T16:50:11.571+0300] {logging_mixin.py:137} INFO -       city weather_description  temperature  feels_like  ...  wind_speed              time_recorded                    sunrise                     sunset
0  Nairobi       broken clouds        25.93       25.65  ...        6.69  2025-12-23T16:47:07+03:00  2025-12-23T06:25:54+03:00  2025-12-23T18:37:35+03:00

[1 rows x 12 columns]
[2025-12-23T16:50:11.582+0300] {python.py:177} INFO - Done. Returned value was: [{'city': 'Nairobi', 'weather_description': 'broken clouds', 'temperature': 25.93, 'feels_like': 25.65, 'min_temperature': 25.62, 'max_temperature': 25.93, 'pressure': 1009, 'humidity': 41, 'wind_speed': 6.69, 'time_recorded': '2025-12-23T16:47:07+03:00', 'sunrise': '2025-12-23T06:25:54+03:00', 'sunset': '2025-12-23T18:37:35+03:00'}]
[2025-12-23T16:50:11.593+0300] {taskinstance.py:1332} INFO - Marking task as SUCCESS. dag_id=weather_dag, task_id=transform_weather_data, execution_date=20251223T135004, start_date=20251223T135011, end_date=20251223T135011
[2025-12-23T16:50:11.616+0300] {local_task_job.py:212} INFO - Task exited with return code 0
[2025-12-23T16:50:11.630+0300] {taskinstance.py:2596} INFO - 1 downstream tasks scheduled from follow-on schedule check
