[2025-11-26T21:25:45.201+0300] {taskinstance.py:1090} INFO - Dependencies all met for dep_context=non-requeueable deps ti=<TaskInstance: execute_multiple_tasks.task_3 scheduled__2025-11-24T00:00:00+00:00 [queued]>
[2025-11-26T21:25:45.209+0300] {taskinstance.py:1090} INFO - Dependencies all met for dep_context=requeueable deps ti=<TaskInstance: execute_multiple_tasks.task_3 scheduled__2025-11-24T00:00:00+00:00 [queued]>
[2025-11-26T21:25:45.210+0300] {taskinstance.py:1288} INFO - 
--------------------------------------------------------------------------------
[2025-11-26T21:25:45.210+0300] {taskinstance.py:1289} INFO - Starting attempt 1 of 1
[2025-11-26T21:25:45.210+0300] {taskinstance.py:1290} INFO - 
--------------------------------------------------------------------------------
[2025-11-26T21:25:45.228+0300] {taskinstance.py:1309} INFO - Executing <Task(BashOperator): task_3> on 2025-11-24 00:00:00+00:00
[2025-11-26T21:25:45.230+0300] {standard_task_runner.py:55} INFO - Started process 2111 to run task
[2025-11-26T21:25:45.234+0300] {standard_task_runner.py:82} INFO - Running: ['airflow', 'tasks', 'run', 'execute_multiple_tasks', 'task_3', 'scheduled__2025-11-24T00:00:00+00:00', '--job-id', '55', '--raw', '--subdir', 'DAGS_FOLDER/execute_multiple_tasks.py', '--cfg-path', '/tmp/tmp4mukbuvb']
[2025-11-26T21:25:45.235+0300] {standard_task_runner.py:83} INFO - Job 55: Subtask task_3
[2025-11-26T21:25:45.298+0300] {task_command.py:389} INFO - Running <TaskInstance: execute_multiple_tasks.task_3 scheduled__2025-11-24T00:00:00+00:00 [running]> on host DESKTOP-P0U82UP.
[2025-11-26T21:25:45.383+0300] {taskinstance.py:1518} INFO - Exporting the following env vars:
AIRFLOW_CTX_DAG_OWNER=pker
AIRFLOW_CTX_DAG_ID=execute_multiple_tasks
AIRFLOW_CTX_TASK_ID=task_3
AIRFLOW_CTX_EXECUTION_DATE=2025-11-24T00:00:00+00:00
AIRFLOW_CTX_TRY_NUMBER=1
AIRFLOW_CTX_DAG_RUN_ID=scheduled__2025-11-24T00:00:00+00:00
[2025-11-26T21:25:45.385+0300] {subprocess.py:63} INFO - Tmp dir root location: 
 /tmp
[2025-11-26T21:25:45.386+0300] {subprocess.py:75} INFO - Running command: ['/usr/bin/bash', '-c', '\n        echo "Executing Task 3"\n        sleep 15\n        echo "Task 3 completed"\n        ']
[2025-11-26T21:25:45.394+0300] {subprocess.py:86} INFO - Output:
[2025-11-26T21:25:45.395+0300] {subprocess.py:93} INFO - Executing Task 3
[2025-11-26T21:26:00.398+0300] {subprocess.py:93} INFO - Task 3 completed
[2025-11-26T21:26:00.399+0300] {subprocess.py:97} INFO - Command exited with return code 0
[2025-11-26T21:26:00.449+0300] {taskinstance.py:1332} INFO - Marking task as SUCCESS. dag_id=execute_multiple_tasks, task_id=task_3, execution_date=20251124T000000, start_date=20251126T182545, end_date=20251126T182600
[2025-11-26T21:26:00.495+0300] {local_task_job.py:212} INFO - Task exited with return code 0
[2025-11-26T21:26:00.538+0300] {taskinstance.py:2596} INFO - 1 downstream tasks scheduled from follow-on schedule check
