[2025-11-26T21:25:33.923+0300] {processor.py:153} INFO - Started process (PID=2002) to work on /home/pker/airflow/dags/execute_multiple_tasks.py
[2025-11-26T21:25:33.924+0300] {processor.py:743} INFO - Processing file /home/pker/airflow/dags/execute_multiple_tasks.py for tasks to queue
[2025-11-26T21:25:33.926+0300] {logging_mixin.py:137} INFO - [2025-11-26T21:25:33.925+0300] {dagbag.py:532} INFO - Filling up the DagBag from /home/pker/airflow/dags/execute_multiple_tasks.py
[2025-11-26T21:25:33.949+0300] {processor.py:753} INFO - DAG(s) dict_keys(['execute_multiple_tasks']) retrieved from /home/pker/airflow/dags/execute_multiple_tasks.py
[2025-11-26T21:25:34.021+0300] {logging_mixin.py:137} INFO - [2025-11-26T21:25:34.021+0300] {dag.py:2705} INFO - Sync 1 DAGs
[2025-11-26T21:25:34.044+0300] {logging_mixin.py:137} INFO - [2025-11-26T21:25:34.044+0300] {dag.py:3456} INFO - Setting next_dagrun for execute_multiple_tasks to 2025-11-25T00:00:00+00:00, run_after=2025-11-26T00:00:00+00:00
[2025-11-26T21:25:34.103+0300] {processor.py:175} INFO - Processing /home/pker/airflow/dags/execute_multiple_tasks.py took 0.186 seconds
[2025-11-26T21:26:31.561+0300] {processor.py:153} INFO - Started process (PID=2689) to work on /home/pker/airflow/dags/execute_multiple_tasks.py
[2025-11-26T21:26:31.563+0300] {processor.py:743} INFO - Processing file /home/pker/airflow/dags/execute_multiple_tasks.py for tasks to queue
[2025-11-26T21:26:31.564+0300] {logging_mixin.py:137} INFO - [2025-11-26T21:26:31.564+0300] {dagbag.py:532} INFO - Filling up the DagBag from /home/pker/airflow/dags/execute_multiple_tasks.py
[2025-11-26T21:26:31.590+0300] {processor.py:753} INFO - DAG(s) dict_keys(['execute_multiple_tasks']) retrieved from /home/pker/airflow/dags/execute_multiple_tasks.py
[2025-11-26T21:26:31.615+0300] {logging_mixin.py:137} INFO - [2025-11-26T21:26:31.615+0300] {dag.py:2705} INFO - Sync 1 DAGs
[2025-11-26T21:26:31.642+0300] {logging_mixin.py:137} INFO - [2025-11-26T21:26:31.642+0300] {dag.py:3456} INFO - Setting next_dagrun for execute_multiple_tasks to 2025-11-26T00:00:00+00:00, run_after=2025-11-27T00:00:00+00:00
[2025-11-26T21:26:31.670+0300] {processor.py:175} INFO - Processing /home/pker/airflow/dags/execute_multiple_tasks.py took 0.114 seconds
[2025-11-26T21:27:02.122+0300] {processor.py:153} INFO - Started process (PID=2895) to work on /home/pker/airflow/dags/execute_multiple_tasks.py
[2025-11-26T21:27:02.124+0300] {processor.py:743} INFO - Processing file /home/pker/airflow/dags/execute_multiple_tasks.py for tasks to queue
[2025-11-26T21:27:02.125+0300] {logging_mixin.py:137} INFO - [2025-11-26T21:27:02.124+0300] {dagbag.py:532} INFO - Filling up the DagBag from /home/pker/airflow/dags/execute_multiple_tasks.py
[2025-11-26T21:27:02.143+0300] {processor.py:753} INFO - DAG(s) dict_keys(['execute_multiple_tasks']) retrieved from /home/pker/airflow/dags/execute_multiple_tasks.py
[2025-11-26T21:27:02.170+0300] {logging_mixin.py:137} INFO - [2025-11-26T21:27:02.169+0300] {dag.py:2705} INFO - Sync 1 DAGs
[2025-11-26T21:27:02.199+0300] {logging_mixin.py:137} INFO - [2025-11-26T21:27:02.199+0300] {dag.py:3456} INFO - Setting next_dagrun for execute_multiple_tasks to 2025-11-26T00:00:00+00:00, run_after=2025-11-27T00:00:00+00:00
[2025-11-26T21:27:02.236+0300] {processor.py:175} INFO - Processing /home/pker/airflow/dags/execute_multiple_tasks.py took 0.120 seconds
[2025-11-26T21:27:33.011+0300] {processor.py:153} INFO - Started process (PID=3040) to work on /home/pker/airflow/dags/execute_multiple_tasks.py
[2025-11-26T21:27:33.032+0300] {processor.py:743} INFO - Processing file /home/pker/airflow/dags/execute_multiple_tasks.py for tasks to queue
[2025-11-26T21:27:33.035+0300] {logging_mixin.py:137} INFO - [2025-11-26T21:27:33.035+0300] {dagbag.py:532} INFO - Filling up the DagBag from /home/pker/airflow/dags/execute_multiple_tasks.py
[2025-11-26T21:27:33.065+0300] {processor.py:753} INFO - DAG(s) dict_keys(['execute_multiple_tasks']) retrieved from /home/pker/airflow/dags/execute_multiple_tasks.py
[2025-11-26T21:27:33.099+0300] {logging_mixin.py:137} INFO - [2025-11-26T21:27:33.099+0300] {dag.py:2705} INFO - Sync 1 DAGs
[2025-11-26T21:27:33.135+0300] {logging_mixin.py:137} INFO - [2025-11-26T21:27:33.134+0300] {dag.py:3456} INFO - Setting next_dagrun for execute_multiple_tasks to 2025-11-26T00:00:00+00:00, run_after=2025-11-27T00:00:00+00:00
[2025-11-26T21:27:33.166+0300] {processor.py:175} INFO - Processing /home/pker/airflow/dags/execute_multiple_tasks.py took 0.166 seconds
[2025-11-26T21:28:03.237+0300] {processor.py:153} INFO - Started process (PID=3103) to work on /home/pker/airflow/dags/execute_multiple_tasks.py
[2025-11-26T21:28:03.242+0300] {processor.py:743} INFO - Processing file /home/pker/airflow/dags/execute_multiple_tasks.py for tasks to queue
[2025-11-26T21:28:03.244+0300] {logging_mixin.py:137} INFO - [2025-11-26T21:28:03.244+0300] {dagbag.py:532} INFO - Filling up the DagBag from /home/pker/airflow/dags/execute_multiple_tasks.py
[2025-11-26T21:28:03.278+0300] {processor.py:753} INFO - DAG(s) dict_keys(['execute_multiple_tasks']) retrieved from /home/pker/airflow/dags/execute_multiple_tasks.py
[2025-11-26T21:28:03.319+0300] {logging_mixin.py:137} INFO - [2025-11-26T21:28:03.318+0300] {dag.py:2705} INFO - Sync 1 DAGs
[2025-11-26T21:28:03.356+0300] {logging_mixin.py:137} INFO - [2025-11-26T21:28:03.356+0300] {dag.py:3456} INFO - Setting next_dagrun for execute_multiple_tasks to 2025-11-26T00:00:00+00:00, run_after=2025-11-27T00:00:00+00:00
[2025-11-26T21:28:03.426+0300] {processor.py:175} INFO - Processing /home/pker/airflow/dags/execute_multiple_tasks.py took 0.197 seconds
[2025-11-26T21:28:34.488+0300] {processor.py:153} INFO - Started process (PID=3167) to work on /home/pker/airflow/dags/execute_multiple_tasks.py
[2025-11-26T21:28:34.509+0300] {processor.py:743} INFO - Processing file /home/pker/airflow/dags/execute_multiple_tasks.py for tasks to queue
[2025-11-26T21:28:34.512+0300] {logging_mixin.py:137} INFO - [2025-11-26T21:28:34.511+0300] {dagbag.py:532} INFO - Filling up the DagBag from /home/pker/airflow/dags/execute_multiple_tasks.py
[2025-11-26T21:28:34.543+0300] {processor.py:753} INFO - DAG(s) dict_keys(['execute_multiple_tasks']) retrieved from /home/pker/airflow/dags/execute_multiple_tasks.py
[2025-11-26T21:28:34.574+0300] {logging_mixin.py:137} INFO - [2025-11-26T21:28:34.573+0300] {dag.py:2705} INFO - Sync 1 DAGs
[2025-11-26T21:28:34.615+0300] {logging_mixin.py:137} INFO - [2025-11-26T21:28:34.615+0300] {dag.py:3456} INFO - Setting next_dagrun for execute_multiple_tasks to 2025-11-26T00:00:00+00:00, run_after=2025-11-27T00:00:00+00:00
[2025-11-26T21:28:34.682+0300] {processor.py:175} INFO - Processing /home/pker/airflow/dags/execute_multiple_tasks.py took 0.202 seconds
[2025-11-26T21:29:05.446+0300] {processor.py:153} INFO - Started process (PID=3262) to work on /home/pker/airflow/dags/execute_multiple_tasks.py
[2025-11-26T21:29:05.457+0300] {processor.py:743} INFO - Processing file /home/pker/airflow/dags/execute_multiple_tasks.py for tasks to queue
[2025-11-26T21:29:05.460+0300] {logging_mixin.py:137} INFO - [2025-11-26T21:29:05.459+0300] {dagbag.py:532} INFO - Filling up the DagBag from /home/pker/airflow/dags/execute_multiple_tasks.py
[2025-11-26T21:29:05.496+0300] {processor.py:753} INFO - DAG(s) dict_keys(['execute_multiple_tasks']) retrieved from /home/pker/airflow/dags/execute_multiple_tasks.py
[2025-11-26T21:29:05.541+0300] {logging_mixin.py:137} INFO - [2025-11-26T21:29:05.540+0300] {dag.py:2705} INFO - Sync 1 DAGs
[2025-11-26T21:29:05.577+0300] {logging_mixin.py:137} INFO - [2025-11-26T21:29:05.576+0300] {dag.py:3456} INFO - Setting next_dagrun for execute_multiple_tasks to 2025-11-26T00:00:00+00:00, run_after=2025-11-27T00:00:00+00:00
[2025-11-26T21:29:05.620+0300] {processor.py:175} INFO - Processing /home/pker/airflow/dags/execute_multiple_tasks.py took 0.183 seconds
[2025-11-26T21:29:36.062+0300] {processor.py:153} INFO - Started process (PID=3388) to work on /home/pker/airflow/dags/execute_multiple_tasks.py
[2025-11-26T21:29:36.065+0300] {processor.py:743} INFO - Processing file /home/pker/airflow/dags/execute_multiple_tasks.py for tasks to queue
[2025-11-26T21:29:36.067+0300] {logging_mixin.py:137} INFO - [2025-11-26T21:29:36.067+0300] {dagbag.py:532} INFO - Filling up the DagBag from /home/pker/airflow/dags/execute_multiple_tasks.py
[2025-11-26T21:29:36.097+0300] {processor.py:753} INFO - DAG(s) dict_keys(['execute_multiple_tasks']) retrieved from /home/pker/airflow/dags/execute_multiple_tasks.py
[2025-11-26T21:29:36.134+0300] {logging_mixin.py:137} INFO - [2025-11-26T21:29:36.133+0300] {dag.py:2705} INFO - Sync 1 DAGs
[2025-11-26T21:29:36.177+0300] {logging_mixin.py:137} INFO - [2025-11-26T21:29:36.177+0300] {dag.py:3456} INFO - Setting next_dagrun for execute_multiple_tasks to 2025-11-26T00:00:00+00:00, run_after=2025-11-27T00:00:00+00:00
[2025-11-26T21:29:36.214+0300] {processor.py:175} INFO - Processing /home/pker/airflow/dags/execute_multiple_tasks.py took 0.158 seconds
[2025-11-26T21:30:06.382+0300] {processor.py:153} INFO - Started process (PID=3515) to work on /home/pker/airflow/dags/execute_multiple_tasks.py
[2025-11-26T21:30:06.386+0300] {processor.py:743} INFO - Processing file /home/pker/airflow/dags/execute_multiple_tasks.py for tasks to queue
[2025-11-26T21:30:06.387+0300] {logging_mixin.py:137} INFO - [2025-11-26T21:30:06.387+0300] {dagbag.py:532} INFO - Filling up the DagBag from /home/pker/airflow/dags/execute_multiple_tasks.py
[2025-11-26T21:30:06.468+0300] {processor.py:753} INFO - DAG(s) dict_keys(['execute_multiple_tasks']) retrieved from /home/pker/airflow/dags/execute_multiple_tasks.py
[2025-11-26T21:30:06.516+0300] {logging_mixin.py:137} INFO - [2025-11-26T21:30:06.515+0300] {dag.py:2705} INFO - Sync 1 DAGs
[2025-11-26T21:30:06.592+0300] {logging_mixin.py:137} INFO - [2025-11-26T21:30:06.591+0300] {dag.py:3456} INFO - Setting next_dagrun for execute_multiple_tasks to 2025-11-26T00:00:00+00:00, run_after=2025-11-27T00:00:00+00:00
[2025-11-26T21:30:06.667+0300] {processor.py:175} INFO - Processing /home/pker/airflow/dags/execute_multiple_tasks.py took 0.294 seconds
[2025-11-26T21:30:37.567+0300] {processor.py:153} INFO - Started process (PID=3741) to work on /home/pker/airflow/dags/execute_multiple_tasks.py
[2025-11-26T21:30:37.590+0300] {processor.py:743} INFO - Processing file /home/pker/airflow/dags/execute_multiple_tasks.py for tasks to queue
[2025-11-26T21:30:37.593+0300] {logging_mixin.py:137} INFO - [2025-11-26T21:30:37.592+0300] {dagbag.py:532} INFO - Filling up the DagBag from /home/pker/airflow/dags/execute_multiple_tasks.py
[2025-11-26T21:30:37.631+0300] {processor.py:753} INFO - DAG(s) dict_keys(['execute_multiple_tasks']) retrieved from /home/pker/airflow/dags/execute_multiple_tasks.py
[2025-11-26T21:30:37.674+0300] {logging_mixin.py:137} INFO - [2025-11-26T21:30:37.674+0300] {dag.py:2705} INFO - Sync 1 DAGs
[2025-11-26T21:30:37.710+0300] {logging_mixin.py:137} INFO - [2025-11-26T21:30:37.710+0300] {dag.py:3456} INFO - Setting next_dagrun for execute_multiple_tasks to 2025-11-26T00:00:00+00:00, run_after=2025-11-27T00:00:00+00:00
[2025-11-26T21:30:37.775+0300] {processor.py:175} INFO - Processing /home/pker/airflow/dags/execute_multiple_tasks.py took 0.217 seconds
[2025-11-26T21:31:08.498+0300] {processor.py:153} INFO - Started process (PID=3865) to work on /home/pker/airflow/dags/execute_multiple_tasks.py
[2025-11-26T21:31:08.505+0300] {processor.py:743} INFO - Processing file /home/pker/airflow/dags/execute_multiple_tasks.py for tasks to queue
[2025-11-26T21:31:08.506+0300] {logging_mixin.py:137} INFO - [2025-11-26T21:31:08.506+0300] {dagbag.py:532} INFO - Filling up the DagBag from /home/pker/airflow/dags/execute_multiple_tasks.py
[2025-11-26T21:31:08.538+0300] {processor.py:753} INFO - DAG(s) dict_keys(['execute_multiple_tasks']) retrieved from /home/pker/airflow/dags/execute_multiple_tasks.py
[2025-11-26T21:31:08.581+0300] {logging_mixin.py:137} INFO - [2025-11-26T21:31:08.580+0300] {dag.py:2705} INFO - Sync 1 DAGs
[2025-11-26T21:31:08.635+0300] {logging_mixin.py:137} INFO - [2025-11-26T21:31:08.634+0300] {dag.py:3456} INFO - Setting next_dagrun for execute_multiple_tasks to 2025-11-26T00:00:00+00:00, run_after=2025-11-27T00:00:00+00:00
[2025-11-26T21:31:08.677+0300] {processor.py:175} INFO - Processing /home/pker/airflow/dags/execute_multiple_tasks.py took 0.187 seconds
[2025-11-26T21:31:39.110+0300] {processor.py:153} INFO - Started process (PID=4078) to work on /home/pker/airflow/dags/execute_multiple_tasks.py
[2025-11-26T21:31:39.126+0300] {processor.py:743} INFO - Processing file /home/pker/airflow/dags/execute_multiple_tasks.py for tasks to queue
[2025-11-26T21:31:39.128+0300] {logging_mixin.py:137} INFO - [2025-11-26T21:31:39.127+0300] {dagbag.py:532} INFO - Filling up the DagBag from /home/pker/airflow/dags/execute_multiple_tasks.py
[2025-11-26T21:31:39.156+0300] {processor.py:753} INFO - DAG(s) dict_keys(['execute_multiple_tasks']) retrieved from /home/pker/airflow/dags/execute_multiple_tasks.py
[2025-11-26T21:31:39.195+0300] {logging_mixin.py:137} INFO - [2025-11-26T21:31:39.194+0300] {dag.py:2705} INFO - Sync 1 DAGs
[2025-11-26T21:31:39.231+0300] {logging_mixin.py:137} INFO - [2025-11-26T21:31:39.231+0300] {dag.py:3456} INFO - Setting next_dagrun for execute_multiple_tasks to 2025-11-26T00:00:00+00:00, run_after=2025-11-27T00:00:00+00:00
[2025-11-26T21:31:39.290+0300] {processor.py:175} INFO - Processing /home/pker/airflow/dags/execute_multiple_tasks.py took 0.185 seconds
[2025-11-26T21:31:39.340+0300] {processor.py:153} INFO - Started process (PID=4079) to work on /home/pker/airflow/dags/execute_multiple_tasks.py
[2025-11-26T21:31:39.342+0300] {processor.py:743} INFO - Processing file /home/pker/airflow/dags/execute_multiple_tasks.py for tasks to queue
[2025-11-26T21:31:39.344+0300] {logging_mixin.py:137} INFO - [2025-11-26T21:31:39.344+0300] {dagbag.py:532} INFO - Filling up the DagBag from /home/pker/airflow/dags/execute_multiple_tasks.py
[2025-11-26T21:31:39.376+0300] {processor.py:753} INFO - DAG(s) dict_keys(['execute_multiple_tasks']) retrieved from /home/pker/airflow/dags/execute_multiple_tasks.py
[2025-11-26T21:31:39.417+0300] {logging_mixin.py:137} INFO - [2025-11-26T21:31:39.417+0300] {dag.py:2705} INFO - Sync 1 DAGs
[2025-11-26T21:31:39.453+0300] {logging_mixin.py:137} INFO - [2025-11-26T21:31:39.453+0300] {dag.py:3456} INFO - Setting next_dagrun for execute_multiple_tasks to 2025-11-26T00:00:00+00:00, run_after=2025-11-27T00:00:00+00:00
[2025-11-26T21:31:39.514+0300] {processor.py:175} INFO - Processing /home/pker/airflow/dags/execute_multiple_tasks.py took 0.180 seconds
[2025-11-26T21:32:10.145+0300] {processor.py:153} INFO - Started process (PID=4330) to work on /home/pker/airflow/dags/execute_multiple_tasks.py
[2025-11-26T21:32:10.167+0300] {processor.py:743} INFO - Processing file /home/pker/airflow/dags/execute_multiple_tasks.py for tasks to queue
[2025-11-26T21:32:10.170+0300] {logging_mixin.py:137} INFO - [2025-11-26T21:32:10.169+0300] {dagbag.py:532} INFO - Filling up the DagBag from /home/pker/airflow/dags/execute_multiple_tasks.py
[2025-11-26T21:32:10.206+0300] {processor.py:753} INFO - DAG(s) dict_keys(['execute_multiple_tasks']) retrieved from /home/pker/airflow/dags/execute_multiple_tasks.py
[2025-11-26T21:32:10.240+0300] {logging_mixin.py:137} INFO - [2025-11-26T21:32:10.240+0300] {dag.py:2705} INFO - Sync 1 DAGs
[2025-11-26T21:32:10.279+0300] {logging_mixin.py:137} INFO - [2025-11-26T21:32:10.278+0300] {dag.py:3456} INFO - Setting next_dagrun for execute_multiple_tasks to 2025-11-26T00:00:00+00:00, run_after=2025-11-27T00:00:00+00:00
[2025-11-26T21:32:10.319+0300] {processor.py:175} INFO - Processing /home/pker/airflow/dags/execute_multiple_tasks.py took 0.184 seconds
[2025-11-26T21:32:10.423+0300] {processor.py:153} INFO - Started process (PID=4331) to work on /home/pker/airflow/dags/execute_multiple_tasks.py
[2025-11-26T21:32:10.425+0300] {processor.py:743} INFO - Processing file /home/pker/airflow/dags/execute_multiple_tasks.py for tasks to queue
[2025-11-26T21:32:10.427+0300] {logging_mixin.py:137} INFO - [2025-11-26T21:32:10.426+0300] {dagbag.py:532} INFO - Filling up the DagBag from /home/pker/airflow/dags/execute_multiple_tasks.py
[2025-11-26T21:32:10.462+0300] {processor.py:753} INFO - DAG(s) dict_keys(['execute_multiple_tasks']) retrieved from /home/pker/airflow/dags/execute_multiple_tasks.py
[2025-11-26T21:32:10.501+0300] {logging_mixin.py:137} INFO - [2025-11-26T21:32:10.501+0300] {dag.py:2705} INFO - Sync 1 DAGs
[2025-11-26T21:32:10.530+0300] {logging_mixin.py:137} INFO - [2025-11-26T21:32:10.529+0300] {dag.py:3456} INFO - Setting next_dagrun for execute_multiple_tasks to 2025-11-26T00:00:00+00:00, run_after=2025-11-27T00:00:00+00:00
[2025-11-26T21:32:10.589+0300] {processor.py:175} INFO - Processing /home/pker/airflow/dags/execute_multiple_tasks.py took 0.172 seconds
[2025-11-26T21:32:40.986+0300] {processor.py:153} INFO - Started process (PID=4394) to work on /home/pker/airflow/dags/execute_multiple_tasks.py
[2025-11-26T21:32:41.009+0300] {processor.py:743} INFO - Processing file /home/pker/airflow/dags/execute_multiple_tasks.py for tasks to queue
[2025-11-26T21:32:41.012+0300] {logging_mixin.py:137} INFO - [2025-11-26T21:32:41.012+0300] {dagbag.py:532} INFO - Filling up the DagBag from /home/pker/airflow/dags/execute_multiple_tasks.py
[2025-11-26T21:32:41.046+0300] {processor.py:753} INFO - DAG(s) dict_keys(['execute_multiple_tasks']) retrieved from /home/pker/airflow/dags/execute_multiple_tasks.py
[2025-11-26T21:32:41.088+0300] {logging_mixin.py:137} INFO - [2025-11-26T21:32:41.088+0300] {dag.py:2705} INFO - Sync 1 DAGs
[2025-11-26T21:32:41.132+0300] {processor.py:153} INFO - Started process (PID=4395) to work on /home/pker/airflow/dags/execute_multiple_tasks.py
[2025-11-26T21:32:41.134+0300] {processor.py:743} INFO - Processing file /home/pker/airflow/dags/execute_multiple_tasks.py for tasks to queue
[2025-11-26T21:32:41.136+0300] {logging_mixin.py:137} INFO - [2025-11-26T21:32:41.136+0300] {dagbag.py:532} INFO - Filling up the DagBag from /home/pker/airflow/dags/execute_multiple_tasks.py
[2025-11-26T21:32:41.150+0300] {logging_mixin.py:137} INFO - [2025-11-26T21:32:41.150+0300] {dag.py:3456} INFO - Setting next_dagrun for execute_multiple_tasks to 2025-11-26T00:00:00+00:00, run_after=2025-11-27T00:00:00+00:00
[2025-11-26T21:32:41.161+0300] {processor.py:753} INFO - DAG(s) dict_keys(['execute_multiple_tasks']) retrieved from /home/pker/airflow/dags/execute_multiple_tasks.py
[2025-11-26T21:32:41.183+0300] {processor.py:175} INFO - Processing /home/pker/airflow/dags/execute_multiple_tasks.py took 0.203 seconds
[2025-11-26T21:32:41.190+0300] {logging_mixin.py:137} INFO - [2025-11-26T21:32:41.189+0300] {dag.py:2705} INFO - Sync 1 DAGs
[2025-11-26T21:32:41.218+0300] {logging_mixin.py:137} INFO - [2025-11-26T21:32:41.218+0300] {dag.py:3456} INFO - Setting next_dagrun for execute_multiple_tasks to 2025-11-26T00:00:00+00:00, run_after=2025-11-27T00:00:00+00:00
[2025-11-26T21:32:41.250+0300] {processor.py:175} INFO - Processing /home/pker/airflow/dags/execute_multiple_tasks.py took 0.127 seconds
[2025-11-26T21:33:11.748+0300] {processor.py:153} INFO - Started process (PID=4457) to work on /home/pker/airflow/dags/execute_multiple_tasks.py
[2025-11-26T21:33:11.771+0300] {processor.py:743} INFO - Processing file /home/pker/airflow/dags/execute_multiple_tasks.py for tasks to queue
[2025-11-26T21:33:11.774+0300] {logging_mixin.py:137} INFO - [2025-11-26T21:33:11.773+0300] {dagbag.py:532} INFO - Filling up the DagBag from /home/pker/airflow/dags/execute_multiple_tasks.py
[2025-11-26T21:33:11.825+0300] {processor.py:753} INFO - DAG(s) dict_keys(['execute_multiple_tasks']) retrieved from /home/pker/airflow/dags/execute_multiple_tasks.py
[2025-11-26T21:33:11.878+0300] {logging_mixin.py:137} INFO - [2025-11-26T21:33:11.877+0300] {dag.py:2705} INFO - Sync 1 DAGs
[2025-11-26T21:33:11.912+0300] {processor.py:153} INFO - Started process (PID=4458) to work on /home/pker/airflow/dags/execute_multiple_tasks.py
[2025-11-26T21:33:11.913+0300] {processor.py:743} INFO - Processing file /home/pker/airflow/dags/execute_multiple_tasks.py for tasks to queue
[2025-11-26T21:33:11.915+0300] {logging_mixin.py:137} INFO - [2025-11-26T21:33:11.915+0300] {dagbag.py:532} INFO - Filling up the DagBag from /home/pker/airflow/dags/execute_multiple_tasks.py
[2025-11-26T21:33:11.924+0300] {logging_mixin.py:137} INFO - [2025-11-26T21:33:11.923+0300] {dag.py:3456} INFO - Setting next_dagrun for execute_multiple_tasks to 2025-11-26T00:00:00+00:00, run_after=2025-11-27T00:00:00+00:00
[2025-11-26T21:33:11.945+0300] {processor.py:753} INFO - DAG(s) dict_keys(['execute_multiple_tasks']) retrieved from /home/pker/airflow/dags/execute_multiple_tasks.py
[2025-11-26T21:33:11.962+0300] {processor.py:175} INFO - Processing /home/pker/airflow/dags/execute_multiple_tasks.py took 0.223 seconds
[2025-11-26T21:33:11.984+0300] {logging_mixin.py:137} INFO - [2025-11-26T21:33:11.983+0300] {dag.py:2705} INFO - Sync 1 DAGs
[2025-11-26T21:33:12.024+0300] {logging_mixin.py:137} INFO - [2025-11-26T21:33:12.024+0300] {dag.py:3456} INFO - Setting next_dagrun for execute_multiple_tasks to 2025-11-26T00:00:00+00:00, run_after=2025-11-27T00:00:00+00:00
[2025-11-26T21:33:12.071+0300] {processor.py:175} INFO - Processing /home/pker/airflow/dags/execute_multiple_tasks.py took 0.166 seconds
[2025-11-26T21:33:42.214+0300] {processor.py:153} INFO - Started process (PID=4521) to work on /home/pker/airflow/dags/execute_multiple_tasks.py
[2025-11-26T21:33:42.217+0300] {processor.py:743} INFO - Processing file /home/pker/airflow/dags/execute_multiple_tasks.py for tasks to queue
[2025-11-26T21:33:42.218+0300] {logging_mixin.py:137} INFO - [2025-11-26T21:33:42.218+0300] {dagbag.py:532} INFO - Filling up the DagBag from /home/pker/airflow/dags/execute_multiple_tasks.py
[2025-11-26T21:33:42.246+0300] {processor.py:753} INFO - DAG(s) dict_keys(['execute_multiple_tasks']) retrieved from /home/pker/airflow/dags/execute_multiple_tasks.py
[2025-11-26T21:33:42.279+0300] {logging_mixin.py:137} INFO - [2025-11-26T21:33:42.279+0300] {dag.py:2705} INFO - Sync 1 DAGs
[2025-11-26T21:33:42.317+0300] {logging_mixin.py:137} INFO - [2025-11-26T21:33:42.316+0300] {dag.py:3456} INFO - Setting next_dagrun for execute_multiple_tasks to 2025-11-26T00:00:00+00:00, run_after=2025-11-27T00:00:00+00:00
[2025-11-26T21:33:42.356+0300] {processor.py:175} INFO - Processing /home/pker/airflow/dags/execute_multiple_tasks.py took 0.148 seconds
[2025-11-26T21:33:42.709+0300] {processor.py:153} INFO - Started process (PID=4522) to work on /home/pker/airflow/dags/execute_multiple_tasks.py
[2025-11-26T21:33:42.710+0300] {processor.py:743} INFO - Processing file /home/pker/airflow/dags/execute_multiple_tasks.py for tasks to queue
[2025-11-26T21:33:42.712+0300] {logging_mixin.py:137} INFO - [2025-11-26T21:33:42.712+0300] {dagbag.py:532} INFO - Filling up the DagBag from /home/pker/airflow/dags/execute_multiple_tasks.py
[2025-11-26T21:33:42.740+0300] {processor.py:753} INFO - DAG(s) dict_keys(['execute_multiple_tasks']) retrieved from /home/pker/airflow/dags/execute_multiple_tasks.py
[2025-11-26T21:33:42.782+0300] {logging_mixin.py:137} INFO - [2025-11-26T21:33:42.781+0300] {dag.py:2705} INFO - Sync 1 DAGs
[2025-11-26T21:33:42.829+0300] {logging_mixin.py:137} INFO - [2025-11-26T21:33:42.828+0300] {dag.py:3456} INFO - Setting next_dagrun for execute_multiple_tasks to 2025-11-26T00:00:00+00:00, run_after=2025-11-27T00:00:00+00:00
[2025-11-26T21:33:42.870+0300] {processor.py:175} INFO - Processing /home/pker/airflow/dags/execute_multiple_tasks.py took 0.167 seconds
[2025-11-26T21:34:12.980+0300] {processor.py:153} INFO - Started process (PID=4584) to work on /home/pker/airflow/dags/execute_multiple_tasks.py
[2025-11-26T21:34:12.982+0300] {processor.py:743} INFO - Processing file /home/pker/airflow/dags/execute_multiple_tasks.py for tasks to queue
[2025-11-26T21:34:12.984+0300] {logging_mixin.py:137} INFO - [2025-11-26T21:34:12.983+0300] {dagbag.py:532} INFO - Filling up the DagBag from /home/pker/airflow/dags/execute_multiple_tasks.py
[2025-11-26T21:34:13.009+0300] {processor.py:753} INFO - DAG(s) dict_keys(['execute_multiple_tasks']) retrieved from /home/pker/airflow/dags/execute_multiple_tasks.py
[2025-11-26T21:34:13.041+0300] {logging_mixin.py:137} INFO - [2025-11-26T21:34:13.041+0300] {dag.py:2705} INFO - Sync 1 DAGs
[2025-11-26T21:34:13.083+0300] {logging_mixin.py:137} INFO - [2025-11-26T21:34:13.082+0300] {dag.py:3456} INFO - Setting next_dagrun for execute_multiple_tasks to 2025-11-26T00:00:00+00:00, run_after=2025-11-27T00:00:00+00:00
[2025-11-26T21:34:13.134+0300] {processor.py:175} INFO - Processing /home/pker/airflow/dags/execute_multiple_tasks.py took 0.159 seconds
[2025-11-26T21:34:13.479+0300] {processor.py:153} INFO - Started process (PID=4588) to work on /home/pker/airflow/dags/execute_multiple_tasks.py
[2025-11-26T21:34:13.484+0300] {processor.py:743} INFO - Processing file /home/pker/airflow/dags/execute_multiple_tasks.py for tasks to queue
[2025-11-26T21:34:13.488+0300] {logging_mixin.py:137} INFO - [2025-11-26T21:34:13.487+0300] {dagbag.py:532} INFO - Filling up the DagBag from /home/pker/airflow/dags/execute_multiple_tasks.py
[2025-11-26T21:34:13.526+0300] {processor.py:753} INFO - DAG(s) dict_keys(['execute_multiple_tasks']) retrieved from /home/pker/airflow/dags/execute_multiple_tasks.py
[2025-11-26T21:34:13.557+0300] {logging_mixin.py:137} INFO - [2025-11-26T21:34:13.557+0300] {dag.py:2705} INFO - Sync 1 DAGs
[2025-11-26T21:34:13.593+0300] {logging_mixin.py:137} INFO - [2025-11-26T21:34:13.592+0300] {dag.py:3456} INFO - Setting next_dagrun for execute_multiple_tasks to 2025-11-26T00:00:00+00:00, run_after=2025-11-27T00:00:00+00:00
[2025-11-26T21:34:13.627+0300] {processor.py:175} INFO - Processing /home/pker/airflow/dags/execute_multiple_tasks.py took 0.159 seconds
[2025-11-26T21:34:43.711+0300] {processor.py:153} INFO - Started process (PID=4647) to work on /home/pker/airflow/dags/execute_multiple_tasks.py
[2025-11-26T21:34:43.734+0300] {processor.py:743} INFO - Processing file /home/pker/airflow/dags/execute_multiple_tasks.py for tasks to queue
[2025-11-26T21:34:43.737+0300] {logging_mixin.py:137} INFO - [2025-11-26T21:34:43.736+0300] {dagbag.py:532} INFO - Filling up the DagBag from /home/pker/airflow/dags/execute_multiple_tasks.py
[2025-11-26T21:34:43.774+0300] {processor.py:753} INFO - DAG(s) dict_keys(['execute_multiple_tasks']) retrieved from /home/pker/airflow/dags/execute_multiple_tasks.py
[2025-11-26T21:34:43.807+0300] {logging_mixin.py:137} INFO - [2025-11-26T21:34:43.806+0300] {dag.py:2705} INFO - Sync 1 DAGs
[2025-11-26T21:34:43.861+0300] {logging_mixin.py:137} INFO - [2025-11-26T21:34:43.861+0300] {dag.py:3456} INFO - Setting next_dagrun for execute_multiple_tasks to 2025-11-26T00:00:00+00:00, run_after=2025-11-27T00:00:00+00:00
[2025-11-26T21:34:43.933+0300] {processor.py:175} INFO - Processing /home/pker/airflow/dags/execute_multiple_tasks.py took 0.231 seconds
[2025-11-26T21:34:44.235+0300] {processor.py:153} INFO - Started process (PID=4648) to work on /home/pker/airflow/dags/execute_multiple_tasks.py
[2025-11-26T21:34:44.238+0300] {processor.py:743} INFO - Processing file /home/pker/airflow/dags/execute_multiple_tasks.py for tasks to queue
[2025-11-26T21:34:44.239+0300] {logging_mixin.py:137} INFO - [2025-11-26T21:34:44.239+0300] {dagbag.py:532} INFO - Filling up the DagBag from /home/pker/airflow/dags/execute_multiple_tasks.py
[2025-11-26T21:34:44.274+0300] {processor.py:753} INFO - DAG(s) dict_keys(['execute_multiple_tasks']) retrieved from /home/pker/airflow/dags/execute_multiple_tasks.py
[2025-11-26T21:34:44.304+0300] {logging_mixin.py:137} INFO - [2025-11-26T21:34:44.304+0300] {dag.py:2705} INFO - Sync 1 DAGs
[2025-11-26T21:34:44.340+0300] {logging_mixin.py:137} INFO - [2025-11-26T21:34:44.339+0300] {dag.py:3456} INFO - Setting next_dagrun for execute_multiple_tasks to 2025-11-26T00:00:00+00:00, run_after=2025-11-27T00:00:00+00:00
[2025-11-26T21:34:44.413+0300] {processor.py:175} INFO - Processing /home/pker/airflow/dags/execute_multiple_tasks.py took 0.186 seconds
[2025-11-26T21:35:15.108+0300] {processor.py:153} INFO - Started process (PID=4883) to work on /home/pker/airflow/dags/execute_multiple_tasks.py
[2025-11-26T21:35:15.111+0300] {processor.py:743} INFO - Processing file /home/pker/airflow/dags/execute_multiple_tasks.py for tasks to queue
[2025-11-26T21:35:15.112+0300] {logging_mixin.py:137} INFO - [2025-11-26T21:35:15.112+0300] {dagbag.py:532} INFO - Filling up the DagBag from /home/pker/airflow/dags/execute_multiple_tasks.py
[2025-11-26T21:35:15.135+0300] {processor.py:753} INFO - DAG(s) dict_keys(['execute_multiple_tasks']) retrieved from /home/pker/airflow/dags/execute_multiple_tasks.py
[2025-11-26T21:35:15.167+0300] {logging_mixin.py:137} INFO - [2025-11-26T21:35:15.167+0300] {dag.py:2705} INFO - Sync 1 DAGs
[2025-11-26T21:35:15.198+0300] {logging_mixin.py:137} INFO - [2025-11-26T21:35:15.198+0300] {dag.py:3456} INFO - Setting next_dagrun for execute_multiple_tasks to 2025-11-26T00:00:00+00:00, run_after=2025-11-27T00:00:00+00:00
[2025-11-26T21:35:15.229+0300] {processor.py:175} INFO - Processing /home/pker/airflow/dags/execute_multiple_tasks.py took 0.128 seconds
[2025-11-26T21:35:16.300+0300] {processor.py:153} INFO - Started process (PID=4904) to work on /home/pker/airflow/dags/execute_multiple_tasks.py
[2025-11-26T21:35:16.301+0300] {processor.py:743} INFO - Processing file /home/pker/airflow/dags/execute_multiple_tasks.py for tasks to queue
[2025-11-26T21:35:16.301+0300] {logging_mixin.py:137} INFO - [2025-11-26T21:35:16.301+0300] {dagbag.py:532} INFO - Filling up the DagBag from /home/pker/airflow/dags/execute_multiple_tasks.py
[2025-11-26T21:35:16.323+0300] {processor.py:753} INFO - DAG(s) dict_keys(['execute_multiple_tasks']) retrieved from /home/pker/airflow/dags/execute_multiple_tasks.py
[2025-11-26T21:35:16.349+0300] {logging_mixin.py:137} INFO - [2025-11-26T21:35:16.349+0300] {dag.py:2705} INFO - Sync 1 DAGs
[2025-11-26T21:35:16.394+0300] {logging_mixin.py:137} INFO - [2025-11-26T21:35:16.394+0300] {dag.py:3456} INFO - Setting next_dagrun for execute_multiple_tasks to 2025-11-26T00:00:00+00:00, run_after=2025-11-27T00:00:00+00:00
[2025-11-26T21:35:16.429+0300] {processor.py:175} INFO - Processing /home/pker/airflow/dags/execute_multiple_tasks.py took 0.135 seconds
[2025-11-26T21:35:45.959+0300] {processor.py:153} INFO - Started process (PID=5091) to work on /home/pker/airflow/dags/execute_multiple_tasks.py
[2025-11-26T21:35:45.963+0300] {processor.py:743} INFO - Processing file /home/pker/airflow/dags/execute_multiple_tasks.py for tasks to queue
[2025-11-26T21:35:45.965+0300] {logging_mixin.py:137} INFO - [2025-11-26T21:35:45.965+0300] {dagbag.py:532} INFO - Filling up the DagBag from /home/pker/airflow/dags/execute_multiple_tasks.py
[2025-11-26T21:35:45.989+0300] {processor.py:753} INFO - DAG(s) dict_keys(['execute_multiple_tasks']) retrieved from /home/pker/airflow/dags/execute_multiple_tasks.py
[2025-11-26T21:35:46.038+0300] {logging_mixin.py:137} INFO - [2025-11-26T21:35:46.037+0300] {dag.py:2705} INFO - Sync 1 DAGs
[2025-11-26T21:35:46.093+0300] {logging_mixin.py:137} INFO - [2025-11-26T21:35:46.093+0300] {dag.py:3456} INFO - Setting next_dagrun for execute_multiple_tasks to 2025-11-26T00:00:00+00:00, run_after=2025-11-27T00:00:00+00:00
[2025-11-26T21:35:46.164+0300] {processor.py:175} INFO - Processing /home/pker/airflow/dags/execute_multiple_tasks.py took 0.214 seconds
[2025-11-26T21:35:47.600+0300] {processor.py:153} INFO - Started process (PID=5100) to work on /home/pker/airflow/dags/execute_multiple_tasks.py
[2025-11-26T21:35:47.601+0300] {processor.py:743} INFO - Processing file /home/pker/airflow/dags/execute_multiple_tasks.py for tasks to queue
[2025-11-26T21:35:47.603+0300] {logging_mixin.py:137} INFO - [2025-11-26T21:35:47.603+0300] {dagbag.py:532} INFO - Filling up the DagBag from /home/pker/airflow/dags/execute_multiple_tasks.py
[2025-11-26T21:35:47.635+0300] {processor.py:753} INFO - DAG(s) dict_keys(['execute_multiple_tasks']) retrieved from /home/pker/airflow/dags/execute_multiple_tasks.py
[2025-11-26T21:35:47.685+0300] {logging_mixin.py:137} INFO - [2025-11-26T21:35:47.685+0300] {dag.py:2705} INFO - Sync 1 DAGs
[2025-11-26T21:35:47.733+0300] {logging_mixin.py:137} INFO - [2025-11-26T21:35:47.732+0300] {dag.py:3456} INFO - Setting next_dagrun for execute_multiple_tasks to 2025-11-26T00:00:00+00:00, run_after=2025-11-27T00:00:00+00:00
[2025-11-26T21:35:47.769+0300] {processor.py:175} INFO - Processing /home/pker/airflow/dags/execute_multiple_tasks.py took 0.176 seconds
[2025-11-26T21:36:18.377+0300] {processor.py:153} INFO - Started process (PID=5159) to work on /home/pker/airflow/dags/execute_multiple_tasks.py
[2025-11-26T21:36:18.386+0300] {processor.py:153} INFO - Started process (PID=5160) to work on /home/pker/airflow/dags/execute_multiple_tasks.py
[2025-11-26T21:36:18.399+0300] {processor.py:743} INFO - Processing file /home/pker/airflow/dags/execute_multiple_tasks.py for tasks to queue
[2025-11-26T21:36:18.399+0300] {processor.py:743} INFO - Processing file /home/pker/airflow/dags/execute_multiple_tasks.py for tasks to queue
[2025-11-26T21:36:18.401+0300] {logging_mixin.py:137} INFO - [2025-11-26T21:36:18.400+0300] {dagbag.py:532} INFO - Filling up the DagBag from /home/pker/airflow/dags/execute_multiple_tasks.py
[2025-11-26T21:36:18.401+0300] {logging_mixin.py:137} INFO - [2025-11-26T21:36:18.400+0300] {dagbag.py:532} INFO - Filling up the DagBag from /home/pker/airflow/dags/execute_multiple_tasks.py
[2025-11-26T21:36:18.440+0300] {processor.py:753} INFO - DAG(s) dict_keys(['execute_multiple_tasks']) retrieved from /home/pker/airflow/dags/execute_multiple_tasks.py
[2025-11-26T21:36:18.443+0300] {processor.py:753} INFO - DAG(s) dict_keys(['execute_multiple_tasks']) retrieved from /home/pker/airflow/dags/execute_multiple_tasks.py
[2025-11-26T21:36:18.481+0300] {logging_mixin.py:137} INFO - [2025-11-26T21:36:18.481+0300] {dag.py:2705} INFO - Sync 1 DAGs
[2025-11-26T21:36:18.485+0300] {logging_mixin.py:137} INFO - [2025-11-26T21:36:18.484+0300] {dag.py:2705} INFO - Sync 1 DAGs
[2025-11-26T21:36:18.523+0300] {logging_mixin.py:137} INFO - [2025-11-26T21:36:18.523+0300] {dag.py:3456} INFO - Setting next_dagrun for execute_multiple_tasks to 2025-11-26T00:00:00+00:00, run_after=2025-11-27T00:00:00+00:00
[2025-11-26T21:36:18.525+0300] {logging_mixin.py:137} INFO - [2025-11-26T21:36:18.524+0300] {dag.py:3456} INFO - Setting next_dagrun for execute_multiple_tasks to 2025-11-26T00:00:00+00:00, run_after=2025-11-27T00:00:00+00:00
[2025-11-26T21:36:18.607+0300] {processor.py:175} INFO - Processing /home/pker/airflow/dags/execute_multiple_tasks.py took 0.228 seconds
[2025-11-26T21:36:18.615+0300] {processor.py:175} INFO - Processing /home/pker/airflow/dags/execute_multiple_tasks.py took 0.248 seconds
[2025-11-26T21:36:48.918+0300] {processor.py:153} INFO - Started process (PID=5217) to work on /home/pker/airflow/dags/execute_multiple_tasks.py
[2025-11-26T21:36:48.921+0300] {processor.py:743} INFO - Processing file /home/pker/airflow/dags/execute_multiple_tasks.py for tasks to queue
[2025-11-26T21:36:48.923+0300] {logging_mixin.py:137} INFO - [2025-11-26T21:36:48.923+0300] {dagbag.py:532} INFO - Filling up the DagBag from /home/pker/airflow/dags/execute_multiple_tasks.py
[2025-11-26T21:36:48.960+0300] {processor.py:753} INFO - DAG(s) dict_keys(['execute_multiple_tasks']) retrieved from /home/pker/airflow/dags/execute_multiple_tasks.py
[2025-11-26T21:36:48.991+0300] {processor.py:153} INFO - Started process (PID=5218) to work on /home/pker/airflow/dags/execute_multiple_tasks.py
[2025-11-26T21:36:48.993+0300] {processor.py:743} INFO - Processing file /home/pker/airflow/dags/execute_multiple_tasks.py for tasks to queue
[2025-11-26T21:36:48.996+0300] {logging_mixin.py:137} INFO - [2025-11-26T21:36:48.995+0300] {dagbag.py:532} INFO - Filling up the DagBag from /home/pker/airflow/dags/execute_multiple_tasks.py
[2025-11-26T21:36:49.008+0300] {logging_mixin.py:137} INFO - [2025-11-26T21:36:49.008+0300] {dag.py:2705} INFO - Sync 1 DAGs
[2025-11-26T21:36:49.024+0300] {processor.py:753} INFO - DAG(s) dict_keys(['execute_multiple_tasks']) retrieved from /home/pker/airflow/dags/execute_multiple_tasks.py
[2025-11-26T21:36:49.045+0300] {logging_mixin.py:137} INFO - [2025-11-26T21:36:49.044+0300] {dag.py:3456} INFO - Setting next_dagrun for execute_multiple_tasks to 2025-11-26T00:00:00+00:00, run_after=2025-11-27T00:00:00+00:00
[2025-11-26T21:36:49.051+0300] {logging_mixin.py:137} INFO - [2025-11-26T21:36:49.051+0300] {dag.py:2705} INFO - Sync 1 DAGs
[2025-11-26T21:36:49.079+0300] {processor.py:175} INFO - Processing /home/pker/airflow/dags/execute_multiple_tasks.py took 0.168 seconds
[2025-11-26T21:36:49.090+0300] {logging_mixin.py:137} INFO - [2025-11-26T21:36:49.089+0300] {dag.py:3456} INFO - Setting next_dagrun for execute_multiple_tasks to 2025-11-26T00:00:00+00:00, run_after=2025-11-27T00:00:00+00:00
[2025-11-26T21:36:49.127+0300] {processor.py:175} INFO - Processing /home/pker/airflow/dags/execute_multiple_tasks.py took 0.143 seconds
[2025-11-26T21:37:19.576+0300] {processor.py:153} INFO - Started process (PID=5464) to work on /home/pker/airflow/dags/execute_multiple_tasks.py
[2025-11-26T21:37:19.599+0300] {processor.py:743} INFO - Processing file /home/pker/airflow/dags/execute_multiple_tasks.py for tasks to queue
[2025-11-26T21:37:19.601+0300] {logging_mixin.py:137} INFO - [2025-11-26T21:37:19.600+0300] {dagbag.py:532} INFO - Filling up the DagBag from /home/pker/airflow/dags/execute_multiple_tasks.py
[2025-11-26T21:37:19.635+0300] {processor.py:753} INFO - DAG(s) dict_keys(['execute_multiple_tasks']) retrieved from /home/pker/airflow/dags/execute_multiple_tasks.py
[2025-11-26T21:37:19.680+0300] {processor.py:153} INFO - Started process (PID=5465) to work on /home/pker/airflow/dags/execute_multiple_tasks.py
[2025-11-26T21:37:19.682+0300] {processor.py:743} INFO - Processing file /home/pker/airflow/dags/execute_multiple_tasks.py for tasks to queue
[2025-11-26T21:37:19.684+0300] {logging_mixin.py:137} INFO - [2025-11-26T21:37:19.684+0300] {dagbag.py:532} INFO - Filling up the DagBag from /home/pker/airflow/dags/execute_multiple_tasks.py
[2025-11-26T21:37:19.692+0300] {logging_mixin.py:137} INFO - [2025-11-26T21:37:19.692+0300] {dag.py:2705} INFO - Sync 1 DAGs
[2025-11-26T21:37:19.719+0300] {processor.py:753} INFO - DAG(s) dict_keys(['execute_multiple_tasks']) retrieved from /home/pker/airflow/dags/execute_multiple_tasks.py
[2025-11-26T21:37:19.736+0300] {logging_mixin.py:137} INFO - [2025-11-26T21:37:19.736+0300] {dag.py:3456} INFO - Setting next_dagrun for execute_multiple_tasks to 2025-11-26T00:00:00+00:00, run_after=2025-11-27T00:00:00+00:00
[2025-11-26T21:37:19.747+0300] {logging_mixin.py:137} INFO - [2025-11-26T21:37:19.747+0300] {dag.py:2705} INFO - Sync 1 DAGs
[2025-11-26T21:37:19.775+0300] {processor.py:175} INFO - Processing /home/pker/airflow/dags/execute_multiple_tasks.py took 0.206 seconds
[2025-11-26T21:37:19.783+0300] {logging_mixin.py:137} INFO - [2025-11-26T21:37:19.783+0300] {dag.py:3456} INFO - Setting next_dagrun for execute_multiple_tasks to 2025-11-26T00:00:00+00:00, run_after=2025-11-27T00:00:00+00:00
[2025-11-26T21:37:19.819+0300] {processor.py:175} INFO - Processing /home/pker/airflow/dags/execute_multiple_tasks.py took 0.147 seconds
[2025-11-26T21:37:50.020+0300] {processor.py:153} INFO - Started process (PID=5651) to work on /home/pker/airflow/dags/execute_multiple_tasks.py
[2025-11-26T21:37:50.022+0300] {processor.py:743} INFO - Processing file /home/pker/airflow/dags/execute_multiple_tasks.py for tasks to queue
[2025-11-26T21:37:50.024+0300] {logging_mixin.py:137} INFO - [2025-11-26T21:37:50.024+0300] {dagbag.py:532} INFO - Filling up the DagBag from /home/pker/airflow/dags/execute_multiple_tasks.py
[2025-11-26T21:37:50.056+0300] {processor.py:753} INFO - DAG(s) dict_keys(['execute_multiple_tasks']) retrieved from /home/pker/airflow/dags/execute_multiple_tasks.py
[2025-11-26T21:37:50.099+0300] {logging_mixin.py:137} INFO - [2025-11-26T21:37:50.098+0300] {dag.py:2705} INFO - Sync 1 DAGs
[2025-11-26T21:37:50.134+0300] {processor.py:153} INFO - Started process (PID=5652) to work on /home/pker/airflow/dags/execute_multiple_tasks.py
[2025-11-26T21:37:50.136+0300] {processor.py:743} INFO - Processing file /home/pker/airflow/dags/execute_multiple_tasks.py for tasks to queue
[2025-11-26T21:37:50.137+0300] {logging_mixin.py:137} INFO - [2025-11-26T21:37:50.137+0300] {dagbag.py:532} INFO - Filling up the DagBag from /home/pker/airflow/dags/execute_multiple_tasks.py
[2025-11-26T21:37:50.156+0300] {logging_mixin.py:137} INFO - [2025-11-26T21:37:50.156+0300] {dag.py:3456} INFO - Setting next_dagrun for execute_multiple_tasks to 2025-11-26T00:00:00+00:00, run_after=2025-11-27T00:00:00+00:00
[2025-11-26T21:37:50.158+0300] {processor.py:753} INFO - DAG(s) dict_keys(['execute_multiple_tasks']) retrieved from /home/pker/airflow/dags/execute_multiple_tasks.py
[2025-11-26T21:37:50.188+0300] {processor.py:175} INFO - Processing /home/pker/airflow/dags/execute_multiple_tasks.py took 0.176 seconds
[2025-11-26T21:37:50.192+0300] {logging_mixin.py:137} INFO - [2025-11-26T21:37:50.192+0300] {dag.py:2705} INFO - Sync 1 DAGs
[2025-11-26T21:37:50.228+0300] {logging_mixin.py:137} INFO - [2025-11-26T21:37:50.228+0300] {dag.py:3456} INFO - Setting next_dagrun for execute_multiple_tasks to 2025-11-26T00:00:00+00:00, run_after=2025-11-27T00:00:00+00:00
[2025-11-26T21:37:50.259+0300] {processor.py:175} INFO - Processing /home/pker/airflow/dags/execute_multiple_tasks.py took 0.132 seconds
[2025-11-26T21:38:20.361+0300] {processor.py:153} INFO - Started process (PID=5711) to work on /home/pker/airflow/dags/execute_multiple_tasks.py
[2025-11-26T21:38:20.364+0300] {processor.py:743} INFO - Processing file /home/pker/airflow/dags/execute_multiple_tasks.py for tasks to queue
[2025-11-26T21:38:20.366+0300] {logging_mixin.py:137} INFO - [2025-11-26T21:38:20.366+0300] {dagbag.py:532} INFO - Filling up the DagBag from /home/pker/airflow/dags/execute_multiple_tasks.py
[2025-11-26T21:38:20.401+0300] {processor.py:753} INFO - DAG(s) dict_keys(['execute_multiple_tasks']) retrieved from /home/pker/airflow/dags/execute_multiple_tasks.py
[2025-11-26T21:38:20.447+0300] {logging_mixin.py:137} INFO - [2025-11-26T21:38:20.447+0300] {dag.py:2705} INFO - Sync 1 DAGs
[2025-11-26T21:38:20.494+0300] {logging_mixin.py:137} INFO - [2025-11-26T21:38:20.493+0300] {dag.py:3456} INFO - Setting next_dagrun for execute_multiple_tasks to 2025-11-26T00:00:00+00:00, run_after=2025-11-27T00:00:00+00:00
[2025-11-26T21:38:20.556+0300] {processor.py:175} INFO - Processing /home/pker/airflow/dags/execute_multiple_tasks.py took 0.204 seconds
[2025-11-26T21:38:20.959+0300] {processor.py:153} INFO - Started process (PID=5712) to work on /home/pker/airflow/dags/execute_multiple_tasks.py
[2025-11-26T21:38:20.962+0300] {processor.py:743} INFO - Processing file /home/pker/airflow/dags/execute_multiple_tasks.py for tasks to queue
[2025-11-26T21:38:20.965+0300] {logging_mixin.py:137} INFO - [2025-11-26T21:38:20.964+0300] {dagbag.py:532} INFO - Filling up the DagBag from /home/pker/airflow/dags/execute_multiple_tasks.py
[2025-11-26T21:38:20.998+0300] {processor.py:753} INFO - DAG(s) dict_keys(['execute_multiple_tasks']) retrieved from /home/pker/airflow/dags/execute_multiple_tasks.py
[2025-11-26T21:38:21.043+0300] {logging_mixin.py:137} INFO - [2025-11-26T21:38:21.042+0300] {dag.py:2705} INFO - Sync 1 DAGs
[2025-11-26T21:38:21.093+0300] {logging_mixin.py:137} INFO - [2025-11-26T21:38:21.092+0300] {dag.py:3456} INFO - Setting next_dagrun for execute_multiple_tasks to 2025-11-26T00:00:00+00:00, run_after=2025-11-27T00:00:00+00:00
[2025-11-26T21:38:21.169+0300] {processor.py:175} INFO - Processing /home/pker/airflow/dags/execute_multiple_tasks.py took 0.220 seconds
[2025-11-26T21:38:50.832+0300] {processor.py:153} INFO - Started process (PID=5949) to work on /home/pker/airflow/dags/execute_multiple_tasks.py
[2025-11-26T21:38:50.835+0300] {processor.py:743} INFO - Processing file /home/pker/airflow/dags/execute_multiple_tasks.py for tasks to queue
[2025-11-26T21:38:50.838+0300] {logging_mixin.py:137} INFO - [2025-11-26T21:38:50.837+0300] {dagbag.py:532} INFO - Filling up the DagBag from /home/pker/airflow/dags/execute_multiple_tasks.py
[2025-11-26T21:38:50.887+0300] {processor.py:753} INFO - DAG(s) dict_keys(['execute_multiple_tasks']) retrieved from /home/pker/airflow/dags/execute_multiple_tasks.py
[2025-11-26T21:38:50.953+0300] {logging_mixin.py:137} INFO - [2025-11-26T21:38:50.953+0300] {dag.py:2705} INFO - Sync 1 DAGs
[2025-11-26T21:38:51.022+0300] {logging_mixin.py:137} INFO - [2025-11-26T21:38:51.022+0300] {dag.py:3456} INFO - Setting next_dagrun for execute_multiple_tasks to 2025-11-26T00:00:00+00:00, run_after=2025-11-27T00:00:00+00:00
[2025-11-26T21:38:51.103+0300] {processor.py:175} INFO - Processing /home/pker/airflow/dags/execute_multiple_tasks.py took 0.281 seconds
[2025-11-26T21:38:51.452+0300] {processor.py:153} INFO - Started process (PID=5950) to work on /home/pker/airflow/dags/execute_multiple_tasks.py
[2025-11-26T21:38:51.454+0300] {processor.py:743} INFO - Processing file /home/pker/airflow/dags/execute_multiple_tasks.py for tasks to queue
[2025-11-26T21:38:51.456+0300] {logging_mixin.py:137} INFO - [2025-11-26T21:38:51.456+0300] {dagbag.py:532} INFO - Filling up the DagBag from /home/pker/airflow/dags/execute_multiple_tasks.py
[2025-11-26T21:38:51.505+0300] {processor.py:753} INFO - DAG(s) dict_keys(['execute_multiple_tasks']) retrieved from /home/pker/airflow/dags/execute_multiple_tasks.py
[2025-11-26T21:38:51.573+0300] {logging_mixin.py:137} INFO - [2025-11-26T21:38:51.572+0300] {dag.py:2705} INFO - Sync 1 DAGs
[2025-11-26T21:38:51.615+0300] {logging_mixin.py:137} INFO - [2025-11-26T21:38:51.614+0300] {dag.py:3456} INFO - Setting next_dagrun for execute_multiple_tasks to 2025-11-26T00:00:00+00:00, run_after=2025-11-27T00:00:00+00:00
[2025-11-26T21:38:51.646+0300] {processor.py:175} INFO - Processing /home/pker/airflow/dags/execute_multiple_tasks.py took 0.201 seconds
[2025-11-26T21:39:21.152+0300] {processor.py:153} INFO - Started process (PID=6292) to work on /home/pker/airflow/dags/execute_multiple_tasks.py
[2025-11-26T21:39:21.155+0300] {processor.py:743} INFO - Processing file /home/pker/airflow/dags/execute_multiple_tasks.py for tasks to queue
[2025-11-26T21:39:21.157+0300] {logging_mixin.py:137} INFO - [2025-11-26T21:39:21.157+0300] {dagbag.py:532} INFO - Filling up the DagBag from /home/pker/airflow/dags/execute_multiple_tasks.py
[2025-11-26T21:39:21.195+0300] {processor.py:753} INFO - DAG(s) dict_keys(['execute_multiple_tasks']) retrieved from /home/pker/airflow/dags/execute_multiple_tasks.py
[2025-11-26T21:39:21.232+0300] {logging_mixin.py:137} INFO - [2025-11-26T21:39:21.232+0300] {dag.py:2705} INFO - Sync 1 DAGs
[2025-11-26T21:39:21.272+0300] {logging_mixin.py:137} INFO - [2025-11-26T21:39:21.272+0300] {dag.py:3456} INFO - Setting next_dagrun for execute_multiple_tasks to 2025-11-26T00:00:00+00:00, run_after=2025-11-27T00:00:00+00:00
[2025-11-26T21:39:21.329+0300] {processor.py:175} INFO - Processing /home/pker/airflow/dags/execute_multiple_tasks.py took 0.183 seconds
[2025-11-26T21:39:22.266+0300] {processor.py:153} INFO - Started process (PID=6314) to work on /home/pker/airflow/dags/execute_multiple_tasks.py
[2025-11-26T21:39:22.268+0300] {processor.py:743} INFO - Processing file /home/pker/airflow/dags/execute_multiple_tasks.py for tasks to queue
[2025-11-26T21:39:22.270+0300] {logging_mixin.py:137} INFO - [2025-11-26T21:39:22.270+0300] {dagbag.py:532} INFO - Filling up the DagBag from /home/pker/airflow/dags/execute_multiple_tasks.py
[2025-11-26T21:39:22.303+0300] {processor.py:753} INFO - DAG(s) dict_keys(['execute_multiple_tasks']) retrieved from /home/pker/airflow/dags/execute_multiple_tasks.py
[2025-11-26T21:39:22.346+0300] {logging_mixin.py:137} INFO - [2025-11-26T21:39:22.346+0300] {dag.py:2705} INFO - Sync 1 DAGs
[2025-11-26T21:39:22.403+0300] {logging_mixin.py:137} INFO - [2025-11-26T21:39:22.403+0300] {dag.py:3456} INFO - Setting next_dagrun for execute_multiple_tasks to 2025-11-26T00:00:00+00:00, run_after=2025-11-27T00:00:00+00:00
[2025-11-26T21:39:22.470+0300] {processor.py:175} INFO - Processing /home/pker/airflow/dags/execute_multiple_tasks.py took 0.210 seconds
[2025-11-26T21:39:51.526+0300] {processor.py:153} INFO - Started process (PID=6393) to work on /home/pker/airflow/dags/execute_multiple_tasks.py
[2025-11-26T21:39:51.528+0300] {processor.py:743} INFO - Processing file /home/pker/airflow/dags/execute_multiple_tasks.py for tasks to queue
[2025-11-26T21:39:51.529+0300] {logging_mixin.py:137} INFO - [2025-11-26T21:39:51.529+0300] {dagbag.py:532} INFO - Filling up the DagBag from /home/pker/airflow/dags/execute_multiple_tasks.py
[2025-11-26T21:39:51.558+0300] {processor.py:753} INFO - DAG(s) dict_keys(['execute_multiple_tasks']) retrieved from /home/pker/airflow/dags/execute_multiple_tasks.py
[2025-11-26T21:39:51.594+0300] {logging_mixin.py:137} INFO - [2025-11-26T21:39:51.593+0300] {dag.py:2705} INFO - Sync 1 DAGs
[2025-11-26T21:39:51.638+0300] {logging_mixin.py:137} INFO - [2025-11-26T21:39:51.638+0300] {dag.py:3456} INFO - Setting next_dagrun for execute_multiple_tasks to 2025-11-26T00:00:00+00:00, run_after=2025-11-27T00:00:00+00:00
[2025-11-26T21:39:51.670+0300] {processor.py:175} INFO - Processing /home/pker/airflow/dags/execute_multiple_tasks.py took 0.149 seconds
[2025-11-26T21:39:52.750+0300] {processor.py:153} INFO - Started process (PID=6411) to work on /home/pker/airflow/dags/execute_multiple_tasks.py
[2025-11-26T21:39:52.752+0300] {processor.py:743} INFO - Processing file /home/pker/airflow/dags/execute_multiple_tasks.py for tasks to queue
[2025-11-26T21:39:52.754+0300] {logging_mixin.py:137} INFO - [2025-11-26T21:39:52.754+0300] {dagbag.py:532} INFO - Filling up the DagBag from /home/pker/airflow/dags/execute_multiple_tasks.py
[2025-11-26T21:39:52.776+0300] {processor.py:753} INFO - DAG(s) dict_keys(['execute_multiple_tasks']) retrieved from /home/pker/airflow/dags/execute_multiple_tasks.py
[2025-11-26T21:39:52.802+0300] {logging_mixin.py:137} INFO - [2025-11-26T21:39:52.802+0300] {dag.py:2705} INFO - Sync 1 DAGs
[2025-11-26T21:39:52.844+0300] {logging_mixin.py:137} INFO - [2025-11-26T21:39:52.844+0300] {dag.py:3456} INFO - Setting next_dagrun for execute_multiple_tasks to 2025-11-26T00:00:00+00:00, run_after=2025-11-27T00:00:00+00:00
[2025-11-26T21:39:52.885+0300] {processor.py:175} INFO - Processing /home/pker/airflow/dags/execute_multiple_tasks.py took 0.142 seconds
[2025-11-26T21:39:55.144+0300] {processor.py:153} INFO - Started process (PID=6443) to work on /home/pker/airflow/dags/execute_multiple_tasks.py
[2025-11-26T21:39:55.145+0300] {processor.py:743} INFO - Processing file /home/pker/airflow/dags/execute_multiple_tasks.py for tasks to queue
[2025-11-26T21:39:55.146+0300] {logging_mixin.py:137} INFO - [2025-11-26T21:39:55.146+0300] {dagbag.py:532} INFO - Filling up the DagBag from /home/pker/airflow/dags/execute_multiple_tasks.py
[2025-11-26T21:39:55.169+0300] {processor.py:753} INFO - DAG(s) dict_keys(['execute_multiple_tasks']) retrieved from /home/pker/airflow/dags/execute_multiple_tasks.py
[2025-11-26T21:39:55.196+0300] {logging_mixin.py:137} INFO - [2025-11-26T21:39:55.196+0300] {dag.py:2705} INFO - Sync 1 DAGs
[2025-11-26T21:39:55.235+0300] {logging_mixin.py:137} INFO - [2025-11-26T21:39:55.234+0300] {dag.py:3456} INFO - Setting next_dagrun for execute_multiple_tasks to 2025-11-26T00:00:00+00:00, run_after=2025-11-27T00:00:00+00:00
[2025-11-26T21:39:55.289+0300] {processor.py:175} INFO - Processing /home/pker/airflow/dags/execute_multiple_tasks.py took 0.149 seconds
[2025-11-26T21:40:21.861+0300] {processor.py:153} INFO - Started process (PID=6655) to work on /home/pker/airflow/dags/execute_multiple_tasks.py
[2025-11-26T21:40:21.883+0300] {processor.py:743} INFO - Processing file /home/pker/airflow/dags/execute_multiple_tasks.py for tasks to queue
[2025-11-26T21:40:21.886+0300] {logging_mixin.py:137} INFO - [2025-11-26T21:40:21.885+0300] {dagbag.py:532} INFO - Filling up the DagBag from /home/pker/airflow/dags/execute_multiple_tasks.py
[2025-11-26T21:40:21.925+0300] {processor.py:753} INFO - DAG(s) dict_keys(['execute_multiple_tasks']) retrieved from /home/pker/airflow/dags/execute_multiple_tasks.py
[2025-11-26T21:40:21.964+0300] {logging_mixin.py:137} INFO - [2025-11-26T21:40:21.964+0300] {dag.py:2705} INFO - Sync 1 DAGs
[2025-11-26T21:40:22.049+0300] {logging_mixin.py:137} INFO - [2025-11-26T21:40:22.048+0300] {dag.py:3456} INFO - Setting next_dagrun for execute_multiple_tasks to 2025-11-26T00:00:00+00:00, run_after=2025-11-27T00:00:00+00:00
[2025-11-26T21:40:22.111+0300] {processor.py:175} INFO - Processing /home/pker/airflow/dags/execute_multiple_tasks.py took 0.257 seconds
[2025-11-26T21:40:23.398+0300] {processor.py:153} INFO - Started process (PID=6657) to work on /home/pker/airflow/dags/execute_multiple_tasks.py
[2025-11-26T21:40:23.400+0300] {processor.py:743} INFO - Processing file /home/pker/airflow/dags/execute_multiple_tasks.py for tasks to queue
[2025-11-26T21:40:23.401+0300] {logging_mixin.py:137} INFO - [2025-11-26T21:40:23.401+0300] {dagbag.py:532} INFO - Filling up the DagBag from /home/pker/airflow/dags/execute_multiple_tasks.py
[2025-11-26T21:40:23.426+0300] {processor.py:753} INFO - DAG(s) dict_keys(['execute_multiple_tasks']) retrieved from /home/pker/airflow/dags/execute_multiple_tasks.py
[2025-11-26T21:40:23.462+0300] {logging_mixin.py:137} INFO - [2025-11-26T21:40:23.462+0300] {dag.py:2705} INFO - Sync 1 DAGs
[2025-11-26T21:40:23.522+0300] {logging_mixin.py:137} INFO - [2025-11-26T21:40:23.522+0300] {dag.py:3456} INFO - Setting next_dagrun for execute_multiple_tasks to 2025-11-26T00:00:00+00:00, run_after=2025-11-27T00:00:00+00:00
[2025-11-26T21:40:23.580+0300] {processor.py:175} INFO - Processing /home/pker/airflow/dags/execute_multiple_tasks.py took 0.188 seconds
[2025-11-26T21:40:26.180+0300] {processor.py:153} INFO - Started process (PID=6675) to work on /home/pker/airflow/dags/execute_multiple_tasks.py
[2025-11-26T21:40:26.182+0300] {processor.py:743} INFO - Processing file /home/pker/airflow/dags/execute_multiple_tasks.py for tasks to queue
[2025-11-26T21:40:26.183+0300] {logging_mixin.py:137} INFO - [2025-11-26T21:40:26.183+0300] {dagbag.py:532} INFO - Filling up the DagBag from /home/pker/airflow/dags/execute_multiple_tasks.py
[2025-11-26T21:40:26.212+0300] {processor.py:753} INFO - DAG(s) dict_keys(['execute_multiple_tasks']) retrieved from /home/pker/airflow/dags/execute_multiple_tasks.py
[2025-11-26T21:40:26.252+0300] {logging_mixin.py:137} INFO - [2025-11-26T21:40:26.252+0300] {dag.py:2705} INFO - Sync 1 DAGs
[2025-11-26T21:40:26.292+0300] {logging_mixin.py:137} INFO - [2025-11-26T21:40:26.292+0300] {dag.py:3456} INFO - Setting next_dagrun for execute_multiple_tasks to 2025-11-26T00:00:00+00:00, run_after=2025-11-27T00:00:00+00:00
[2025-11-26T21:40:26.330+0300] {processor.py:175} INFO - Processing /home/pker/airflow/dags/execute_multiple_tasks.py took 0.155 seconds
[2025-11-26T21:40:52.286+0300] {processor.py:153} INFO - Started process (PID=6866) to work on /home/pker/airflow/dags/execute_multiple_tasks.py
[2025-11-26T21:40:52.309+0300] {processor.py:743} INFO - Processing file /home/pker/airflow/dags/execute_multiple_tasks.py for tasks to queue
[2025-11-26T21:40:52.312+0300] {logging_mixin.py:137} INFO - [2025-11-26T21:40:52.311+0300] {dagbag.py:532} INFO - Filling up the DagBag from /home/pker/airflow/dags/execute_multiple_tasks.py
[2025-11-26T21:40:52.345+0300] {processor.py:753} INFO - DAG(s) dict_keys(['execute_multiple_tasks']) retrieved from /home/pker/airflow/dags/execute_multiple_tasks.py
[2025-11-26T21:40:52.391+0300] {logging_mixin.py:137} INFO - [2025-11-26T21:40:52.390+0300] {dag.py:2705} INFO - Sync 1 DAGs
[2025-11-26T21:40:52.450+0300] {logging_mixin.py:137} INFO - [2025-11-26T21:40:52.449+0300] {dag.py:3456} INFO - Setting next_dagrun for execute_multiple_tasks to 2025-11-26T00:00:00+00:00, run_after=2025-11-27T00:00:00+00:00
[2025-11-26T21:40:52.525+0300] {processor.py:175} INFO - Processing /home/pker/airflow/dags/execute_multiple_tasks.py took 0.245 seconds
[2025-11-26T21:40:53.984+0300] {processor.py:153} INFO - Started process (PID=6874) to work on /home/pker/airflow/dags/execute_multiple_tasks.py
[2025-11-26T21:40:53.987+0300] {processor.py:743} INFO - Processing file /home/pker/airflow/dags/execute_multiple_tasks.py for tasks to queue
[2025-11-26T21:40:53.988+0300] {logging_mixin.py:137} INFO - [2025-11-26T21:40:53.988+0300] {dagbag.py:532} INFO - Filling up the DagBag from /home/pker/airflow/dags/execute_multiple_tasks.py
[2025-11-26T21:40:54.023+0300] {processor.py:753} INFO - DAG(s) dict_keys(['execute_multiple_tasks']) retrieved from /home/pker/airflow/dags/execute_multiple_tasks.py
[2025-11-26T21:40:54.056+0300] {logging_mixin.py:137} INFO - [2025-11-26T21:40:54.056+0300] {dag.py:2705} INFO - Sync 1 DAGs
[2025-11-26T21:40:54.090+0300] {logging_mixin.py:137} INFO - [2025-11-26T21:40:54.090+0300] {dag.py:3456} INFO - Setting next_dagrun for execute_multiple_tasks to 2025-11-26T00:00:00+00:00, run_after=2025-11-27T00:00:00+00:00
[2025-11-26T21:40:54.153+0300] {processor.py:175} INFO - Processing /home/pker/airflow/dags/execute_multiple_tasks.py took 0.176 seconds
[2025-11-26T21:40:56.965+0300] {processor.py:153} INFO - Started process (PID=6882) to work on /home/pker/airflow/dags/execute_multiple_tasks.py
[2025-11-26T21:40:56.967+0300] {processor.py:743} INFO - Processing file /home/pker/airflow/dags/execute_multiple_tasks.py for tasks to queue
[2025-11-26T21:40:56.969+0300] {logging_mixin.py:137} INFO - [2025-11-26T21:40:56.969+0300] {dagbag.py:532} INFO - Filling up the DagBag from /home/pker/airflow/dags/execute_multiple_tasks.py
[2025-11-26T21:40:57.007+0300] {processor.py:753} INFO - DAG(s) dict_keys(['execute_multiple_tasks']) retrieved from /home/pker/airflow/dags/execute_multiple_tasks.py
[2025-11-26T21:40:57.036+0300] {logging_mixin.py:137} INFO - [2025-11-26T21:40:57.035+0300] {dag.py:2705} INFO - Sync 1 DAGs
[2025-11-26T21:40:57.076+0300] {logging_mixin.py:137} INFO - [2025-11-26T21:40:57.076+0300] {dag.py:3456} INFO - Setting next_dagrun for execute_multiple_tasks to 2025-11-26T00:00:00+00:00, run_after=2025-11-27T00:00:00+00:00
[2025-11-26T21:40:57.152+0300] {processor.py:175} INFO - Processing /home/pker/airflow/dags/execute_multiple_tasks.py took 0.193 seconds
[2025-11-26T21:41:22.757+0300] {processor.py:153} INFO - Started process (PID=6928) to work on /home/pker/airflow/dags/execute_multiple_tasks.py
[2025-11-26T21:41:22.760+0300] {processor.py:743} INFO - Processing file /home/pker/airflow/dags/execute_multiple_tasks.py for tasks to queue
[2025-11-26T21:41:22.763+0300] {logging_mixin.py:137} INFO - [2025-11-26T21:41:22.763+0300] {dagbag.py:532} INFO - Filling up the DagBag from /home/pker/airflow/dags/execute_multiple_tasks.py
[2025-11-26T21:41:22.798+0300] {processor.py:753} INFO - DAG(s) dict_keys(['execute_multiple_tasks']) retrieved from /home/pker/airflow/dags/execute_multiple_tasks.py
[2025-11-26T21:41:22.831+0300] {logging_mixin.py:137} INFO - [2025-11-26T21:41:22.831+0300] {dag.py:2705} INFO - Sync 1 DAGs
[2025-11-26T21:41:22.872+0300] {logging_mixin.py:137} INFO - [2025-11-26T21:41:22.871+0300] {dag.py:3456} INFO - Setting next_dagrun for execute_multiple_tasks to 2025-11-26T00:00:00+00:00, run_after=2025-11-27T00:00:00+00:00
[2025-11-26T21:41:22.934+0300] {processor.py:175} INFO - Processing /home/pker/airflow/dags/execute_multiple_tasks.py took 0.188 seconds
[2025-11-26T21:41:24.625+0300] {processor.py:153} INFO - Started process (PID=6936) to work on /home/pker/airflow/dags/execute_multiple_tasks.py
[2025-11-26T21:41:24.627+0300] {processor.py:743} INFO - Processing file /home/pker/airflow/dags/execute_multiple_tasks.py for tasks to queue
[2025-11-26T21:41:24.628+0300] {logging_mixin.py:137} INFO - [2025-11-26T21:41:24.628+0300] {dagbag.py:532} INFO - Filling up the DagBag from /home/pker/airflow/dags/execute_multiple_tasks.py
[2025-11-26T21:41:24.660+0300] {processor.py:753} INFO - DAG(s) dict_keys(['execute_multiple_tasks']) retrieved from /home/pker/airflow/dags/execute_multiple_tasks.py
[2025-11-26T21:41:24.689+0300] {logging_mixin.py:137} INFO - [2025-11-26T21:41:24.689+0300] {dag.py:2705} INFO - Sync 1 DAGs
[2025-11-26T21:41:24.726+0300] {logging_mixin.py:137} INFO - [2025-11-26T21:41:24.726+0300] {dag.py:3456} INFO - Setting next_dagrun for execute_multiple_tasks to 2025-11-26T00:00:00+00:00, run_after=2025-11-27T00:00:00+00:00
[2025-11-26T21:41:24.765+0300] {processor.py:175} INFO - Processing /home/pker/airflow/dags/execute_multiple_tasks.py took 0.148 seconds
[2025-11-26T21:41:27.503+0300] {processor.py:153} INFO - Started process (PID=6944) to work on /home/pker/airflow/dags/execute_multiple_tasks.py
[2025-11-26T21:41:27.526+0300] {processor.py:743} INFO - Processing file /home/pker/airflow/dags/execute_multiple_tasks.py for tasks to queue
[2025-11-26T21:41:27.529+0300] {logging_mixin.py:137} INFO - [2025-11-26T21:41:27.528+0300] {dagbag.py:532} INFO - Filling up the DagBag from /home/pker/airflow/dags/execute_multiple_tasks.py
[2025-11-26T21:41:27.567+0300] {processor.py:753} INFO - DAG(s) dict_keys(['execute_multiple_tasks']) retrieved from /home/pker/airflow/dags/execute_multiple_tasks.py
[2025-11-26T21:41:27.614+0300] {logging_mixin.py:137} INFO - [2025-11-26T21:41:27.614+0300] {dag.py:2705} INFO - Sync 1 DAGs
[2025-11-26T21:41:27.671+0300] {logging_mixin.py:137} INFO - [2025-11-26T21:41:27.670+0300] {dag.py:3456} INFO - Setting next_dagrun for execute_multiple_tasks to 2025-11-26T00:00:00+00:00, run_after=2025-11-27T00:00:00+00:00
[2025-11-26T21:41:27.742+0300] {processor.py:175} INFO - Processing /home/pker/airflow/dags/execute_multiple_tasks.py took 0.246 seconds
[2025-11-26T21:41:53.108+0300] {processor.py:153} INFO - Started process (PID=6994) to work on /home/pker/airflow/dags/execute_multiple_tasks.py
[2025-11-26T21:41:53.110+0300] {processor.py:743} INFO - Processing file /home/pker/airflow/dags/execute_multiple_tasks.py for tasks to queue
[2025-11-26T21:41:53.112+0300] {logging_mixin.py:137} INFO - [2025-11-26T21:41:53.111+0300] {dagbag.py:532} INFO - Filling up the DagBag from /home/pker/airflow/dags/execute_multiple_tasks.py
[2025-11-26T21:41:53.146+0300] {processor.py:753} INFO - DAG(s) dict_keys(['execute_multiple_tasks']) retrieved from /home/pker/airflow/dags/execute_multiple_tasks.py
[2025-11-26T21:41:53.193+0300] {logging_mixin.py:137} INFO - [2025-11-26T21:41:53.193+0300] {dag.py:2705} INFO - Sync 1 DAGs
[2025-11-26T21:41:53.245+0300] {logging_mixin.py:137} INFO - [2025-11-26T21:41:53.245+0300] {dag.py:3456} INFO - Setting next_dagrun for execute_multiple_tasks to 2025-11-26T00:00:00+00:00, run_after=2025-11-27T00:00:00+00:00
[2025-11-26T21:41:53.292+0300] {processor.py:175} INFO - Processing /home/pker/airflow/dags/execute_multiple_tasks.py took 0.192 seconds
[2025-11-26T21:41:55.194+0300] {processor.py:153} INFO - Started process (PID=6996) to work on /home/pker/airflow/dags/execute_multiple_tasks.py
[2025-11-26T21:41:55.197+0300] {processor.py:743} INFO - Processing file /home/pker/airflow/dags/execute_multiple_tasks.py for tasks to queue
[2025-11-26T21:41:55.199+0300] {logging_mixin.py:137} INFO - [2025-11-26T21:41:55.199+0300] {dagbag.py:532} INFO - Filling up the DagBag from /home/pker/airflow/dags/execute_multiple_tasks.py
[2025-11-26T21:41:55.248+0300] {processor.py:753} INFO - DAG(s) dict_keys(['execute_multiple_tasks']) retrieved from /home/pker/airflow/dags/execute_multiple_tasks.py
[2025-11-26T21:41:55.317+0300] {logging_mixin.py:137} INFO - [2025-11-26T21:41:55.315+0300] {dag.py:2705} INFO - Sync 1 DAGs
[2025-11-26T21:41:55.363+0300] {logging_mixin.py:137} INFO - [2025-11-26T21:41:55.362+0300] {dag.py:3456} INFO - Setting next_dagrun for execute_multiple_tasks to 2025-11-26T00:00:00+00:00, run_after=2025-11-27T00:00:00+00:00
[2025-11-26T21:41:55.405+0300] {processor.py:175} INFO - Processing /home/pker/airflow/dags/execute_multiple_tasks.py took 0.223 seconds
[2025-11-26T21:41:58.383+0300] {processor.py:153} INFO - Started process (PID=7004) to work on /home/pker/airflow/dags/execute_multiple_tasks.py
[2025-11-26T21:41:58.385+0300] {processor.py:743} INFO - Processing file /home/pker/airflow/dags/execute_multiple_tasks.py for tasks to queue
[2025-11-26T21:41:58.387+0300] {logging_mixin.py:137} INFO - [2025-11-26T21:41:58.386+0300] {dagbag.py:532} INFO - Filling up the DagBag from /home/pker/airflow/dags/execute_multiple_tasks.py
[2025-11-26T21:41:58.410+0300] {processor.py:753} INFO - DAG(s) dict_keys(['execute_multiple_tasks']) retrieved from /home/pker/airflow/dags/execute_multiple_tasks.py
[2025-11-26T21:41:58.470+0300] {logging_mixin.py:137} INFO - [2025-11-26T21:41:58.469+0300] {dag.py:2705} INFO - Sync 1 DAGs
[2025-11-26T21:41:58.537+0300] {logging_mixin.py:137} INFO - [2025-11-26T21:41:58.536+0300] {dag.py:3456} INFO - Setting next_dagrun for execute_multiple_tasks to 2025-11-26T00:00:00+00:00, run_after=2025-11-27T00:00:00+00:00
[2025-11-26T21:41:58.602+0300] {processor.py:175} INFO - Processing /home/pker/airflow/dags/execute_multiple_tasks.py took 0.225 seconds
[2025-11-26T21:42:23.563+0300] {processor.py:153} INFO - Started process (PID=7056) to work on /home/pker/airflow/dags/execute_multiple_tasks.py
[2025-11-26T21:42:23.566+0300] {processor.py:743} INFO - Processing file /home/pker/airflow/dags/execute_multiple_tasks.py for tasks to queue
[2025-11-26T21:42:23.568+0300] {logging_mixin.py:137} INFO - [2025-11-26T21:42:23.568+0300] {dagbag.py:532} INFO - Filling up the DagBag from /home/pker/airflow/dags/execute_multiple_tasks.py
[2025-11-26T21:42:23.602+0300] {processor.py:753} INFO - DAG(s) dict_keys(['execute_multiple_tasks']) retrieved from /home/pker/airflow/dags/execute_multiple_tasks.py
[2025-11-26T21:42:23.651+0300] {logging_mixin.py:137} INFO - [2025-11-26T21:42:23.650+0300] {dag.py:2705} INFO - Sync 1 DAGs
[2025-11-26T21:42:23.699+0300] {logging_mixin.py:137} INFO - [2025-11-26T21:42:23.699+0300] {dag.py:3456} INFO - Setting next_dagrun for execute_multiple_tasks to 2025-11-26T00:00:00+00:00, run_after=2025-11-27T00:00:00+00:00
[2025-11-26T21:42:23.753+0300] {processor.py:175} INFO - Processing /home/pker/airflow/dags/execute_multiple_tasks.py took 0.198 seconds
[2025-11-26T21:42:25.926+0300] {processor.py:153} INFO - Started process (PID=7058) to work on /home/pker/airflow/dags/execute_multiple_tasks.py
[2025-11-26T21:42:25.928+0300] {processor.py:743} INFO - Processing file /home/pker/airflow/dags/execute_multiple_tasks.py for tasks to queue
[2025-11-26T21:42:25.930+0300] {logging_mixin.py:137} INFO - [2025-11-26T21:42:25.929+0300] {dagbag.py:532} INFO - Filling up the DagBag from /home/pker/airflow/dags/execute_multiple_tasks.py
[2025-11-26T21:42:25.966+0300] {processor.py:753} INFO - DAG(s) dict_keys(['execute_multiple_tasks']) retrieved from /home/pker/airflow/dags/execute_multiple_tasks.py
[2025-11-26T21:42:26.008+0300] {logging_mixin.py:137} INFO - [2025-11-26T21:42:26.008+0300] {dag.py:2705} INFO - Sync 1 DAGs
[2025-11-26T21:42:26.053+0300] {logging_mixin.py:137} INFO - [2025-11-26T21:42:26.052+0300] {dag.py:3456} INFO - Setting next_dagrun for execute_multiple_tasks to 2025-11-26T00:00:00+00:00, run_after=2025-11-27T00:00:00+00:00
[2025-11-26T21:42:26.112+0300] {processor.py:175} INFO - Processing /home/pker/airflow/dags/execute_multiple_tasks.py took 0.193 seconds
[2025-11-26T21:42:28.810+0300] {processor.py:153} INFO - Started process (PID=7066) to work on /home/pker/airflow/dags/execute_multiple_tasks.py
[2025-11-26T21:42:28.813+0300] {processor.py:743} INFO - Processing file /home/pker/airflow/dags/execute_multiple_tasks.py for tasks to queue
[2025-11-26T21:42:28.814+0300] {logging_mixin.py:137} INFO - [2025-11-26T21:42:28.814+0300] {dagbag.py:532} INFO - Filling up the DagBag from /home/pker/airflow/dags/execute_multiple_tasks.py
[2025-11-26T21:42:28.846+0300] {processor.py:753} INFO - DAG(s) dict_keys(['execute_multiple_tasks']) retrieved from /home/pker/airflow/dags/execute_multiple_tasks.py
[2025-11-26T21:42:28.888+0300] {logging_mixin.py:137} INFO - [2025-11-26T21:42:28.888+0300] {dag.py:2705} INFO - Sync 1 DAGs
[2025-11-26T21:42:28.923+0300] {logging_mixin.py:137} INFO - [2025-11-26T21:42:28.923+0300] {dag.py:3456} INFO - Setting next_dagrun for execute_multiple_tasks to 2025-11-26T00:00:00+00:00, run_after=2025-11-27T00:00:00+00:00
[2025-11-26T21:42:28.978+0300] {processor.py:175} INFO - Processing /home/pker/airflow/dags/execute_multiple_tasks.py took 0.177 seconds
[2025-11-26T21:42:54.018+0300] {processor.py:153} INFO - Started process (PID=7119) to work on /home/pker/airflow/dags/execute_multiple_tasks.py
[2025-11-26T21:42:54.021+0300] {processor.py:743} INFO - Processing file /home/pker/airflow/dags/execute_multiple_tasks.py for tasks to queue
[2025-11-26T21:42:54.023+0300] {logging_mixin.py:137} INFO - [2025-11-26T21:42:54.023+0300] {dagbag.py:532} INFO - Filling up the DagBag from /home/pker/airflow/dags/execute_multiple_tasks.py
[2025-11-26T21:42:54.058+0300] {processor.py:753} INFO - DAG(s) dict_keys(['execute_multiple_tasks']) retrieved from /home/pker/airflow/dags/execute_multiple_tasks.py
[2025-11-26T21:42:54.093+0300] {logging_mixin.py:137} INFO - [2025-11-26T21:42:54.093+0300] {dag.py:2705} INFO - Sync 1 DAGs
[2025-11-26T21:42:54.153+0300] {logging_mixin.py:137} INFO - [2025-11-26T21:42:54.152+0300] {dag.py:3456} INFO - Setting next_dagrun for execute_multiple_tasks to 2025-11-26T00:00:00+00:00, run_after=2025-11-27T00:00:00+00:00
[2025-11-26T21:42:54.202+0300] {processor.py:175} INFO - Processing /home/pker/airflow/dags/execute_multiple_tasks.py took 0.190 seconds
[2025-11-26T21:42:56.548+0300] {processor.py:153} INFO - Started process (PID=7127) to work on /home/pker/airflow/dags/execute_multiple_tasks.py
[2025-11-26T21:42:56.550+0300] {processor.py:743} INFO - Processing file /home/pker/airflow/dags/execute_multiple_tasks.py for tasks to queue
[2025-11-26T21:42:56.552+0300] {logging_mixin.py:137} INFO - [2025-11-26T21:42:56.552+0300] {dagbag.py:532} INFO - Filling up the DagBag from /home/pker/airflow/dags/execute_multiple_tasks.py
[2025-11-26T21:42:56.585+0300] {processor.py:753} INFO - DAG(s) dict_keys(['execute_multiple_tasks']) retrieved from /home/pker/airflow/dags/execute_multiple_tasks.py
[2025-11-26T21:42:56.626+0300] {logging_mixin.py:137} INFO - [2025-11-26T21:42:56.625+0300] {dag.py:2705} INFO - Sync 1 DAGs
[2025-11-26T21:42:56.683+0300] {logging_mixin.py:137} INFO - [2025-11-26T21:42:56.682+0300] {dag.py:3456} INFO - Setting next_dagrun for execute_multiple_tasks to 2025-11-26T00:00:00+00:00, run_after=2025-11-27T00:00:00+00:00
[2025-11-26T21:42:56.753+0300] {processor.py:175} INFO - Processing /home/pker/airflow/dags/execute_multiple_tasks.py took 0.213 seconds
[2025-11-26T21:42:59.507+0300] {processor.py:153} INFO - Started process (PID=7132) to work on /home/pker/airflow/dags/execute_multiple_tasks.py
[2025-11-26T21:42:59.528+0300] {processor.py:743} INFO - Processing file /home/pker/airflow/dags/execute_multiple_tasks.py for tasks to queue
[2025-11-26T21:42:59.530+0300] {logging_mixin.py:137} INFO - [2025-11-26T21:42:59.529+0300] {dagbag.py:532} INFO - Filling up the DagBag from /home/pker/airflow/dags/execute_multiple_tasks.py
[2025-11-26T21:42:59.558+0300] {processor.py:753} INFO - DAG(s) dict_keys(['execute_multiple_tasks']) retrieved from /home/pker/airflow/dags/execute_multiple_tasks.py
[2025-11-26T21:42:59.591+0300] {logging_mixin.py:137} INFO - [2025-11-26T21:42:59.591+0300] {dag.py:2705} INFO - Sync 1 DAGs
[2025-11-26T21:42:59.645+0300] {logging_mixin.py:137} INFO - [2025-11-26T21:42:59.645+0300] {dag.py:3456} INFO - Setting next_dagrun for execute_multiple_tasks to 2025-11-26T00:00:00+00:00, run_after=2025-11-27T00:00:00+00:00
[2025-11-26T21:42:59.695+0300] {processor.py:175} INFO - Processing /home/pker/airflow/dags/execute_multiple_tasks.py took 0.195 seconds
[2025-11-26T21:43:24.467+0300] {processor.py:153} INFO - Started process (PID=7181) to work on /home/pker/airflow/dags/execute_multiple_tasks.py
[2025-11-26T21:43:24.469+0300] {processor.py:743} INFO - Processing file /home/pker/airflow/dags/execute_multiple_tasks.py for tasks to queue
[2025-11-26T21:43:24.471+0300] {logging_mixin.py:137} INFO - [2025-11-26T21:43:24.470+0300] {dagbag.py:532} INFO - Filling up the DagBag from /home/pker/airflow/dags/execute_multiple_tasks.py
[2025-11-26T21:43:24.501+0300] {processor.py:753} INFO - DAG(s) dict_keys(['execute_multiple_tasks']) retrieved from /home/pker/airflow/dags/execute_multiple_tasks.py
[2025-11-26T21:43:24.534+0300] {logging_mixin.py:137} INFO - [2025-11-26T21:43:24.533+0300] {dag.py:2705} INFO - Sync 1 DAGs
[2025-11-26T21:43:24.568+0300] {logging_mixin.py:137} INFO - [2025-11-26T21:43:24.568+0300] {dag.py:3456} INFO - Setting next_dagrun for execute_multiple_tasks to 2025-11-26T00:00:00+00:00, run_after=2025-11-27T00:00:00+00:00
[2025-11-26T21:43:24.599+0300] {processor.py:175} INFO - Processing /home/pker/airflow/dags/execute_multiple_tasks.py took 0.140 seconds
[2025-11-26T21:43:27.112+0300] {processor.py:153} INFO - Started process (PID=7189) to work on /home/pker/airflow/dags/execute_multiple_tasks.py
[2025-11-26T21:43:27.114+0300] {processor.py:743} INFO - Processing file /home/pker/airflow/dags/execute_multiple_tasks.py for tasks to queue
[2025-11-26T21:43:27.116+0300] {logging_mixin.py:137} INFO - [2025-11-26T21:43:27.116+0300] {dagbag.py:532} INFO - Filling up the DagBag from /home/pker/airflow/dags/execute_multiple_tasks.py
[2025-11-26T21:43:27.160+0300] {processor.py:753} INFO - DAG(s) dict_keys(['execute_multiple_tasks']) retrieved from /home/pker/airflow/dags/execute_multiple_tasks.py
[2025-11-26T21:43:27.196+0300] {logging_mixin.py:137} INFO - [2025-11-26T21:43:27.195+0300] {dag.py:2705} INFO - Sync 1 DAGs
[2025-11-26T21:43:27.234+0300] {logging_mixin.py:137} INFO - [2025-11-26T21:43:27.234+0300] {dag.py:3456} INFO - Setting next_dagrun for execute_multiple_tasks to 2025-11-26T00:00:00+00:00, run_after=2025-11-27T00:00:00+00:00
[2025-11-26T21:43:27.306+0300] {processor.py:175} INFO - Processing /home/pker/airflow/dags/execute_multiple_tasks.py took 0.202 seconds
[2025-11-26T21:43:30.160+0300] {processor.py:153} INFO - Started process (PID=7197) to work on /home/pker/airflow/dags/execute_multiple_tasks.py
[2025-11-26T21:43:30.164+0300] {processor.py:743} INFO - Processing file /home/pker/airflow/dags/execute_multiple_tasks.py for tasks to queue
[2025-11-26T21:43:30.166+0300] {logging_mixin.py:137} INFO - [2025-11-26T21:43:30.165+0300] {dagbag.py:532} INFO - Filling up the DagBag from /home/pker/airflow/dags/execute_multiple_tasks.py
[2025-11-26T21:43:30.201+0300] {processor.py:753} INFO - DAG(s) dict_keys(['execute_multiple_tasks']) retrieved from /home/pker/airflow/dags/execute_multiple_tasks.py
[2025-11-26T21:43:30.238+0300] {logging_mixin.py:137} INFO - [2025-11-26T21:43:30.238+0300] {dag.py:2705} INFO - Sync 1 DAGs
[2025-11-26T21:43:30.271+0300] {logging_mixin.py:137} INFO - [2025-11-26T21:43:30.271+0300] {dag.py:3456} INFO - Setting next_dagrun for execute_multiple_tasks to 2025-11-26T00:00:00+00:00, run_after=2025-11-27T00:00:00+00:00
[2025-11-26T21:43:30.337+0300] {processor.py:175} INFO - Processing /home/pker/airflow/dags/execute_multiple_tasks.py took 0.185 seconds
[2025-11-26T21:43:54.822+0300] {processor.py:153} INFO - Started process (PID=7241) to work on /home/pker/airflow/dags/execute_multiple_tasks.py
[2025-11-26T21:43:54.845+0300] {processor.py:743} INFO - Processing file /home/pker/airflow/dags/execute_multiple_tasks.py for tasks to queue
[2025-11-26T21:43:54.847+0300] {logging_mixin.py:137} INFO - [2025-11-26T21:43:54.847+0300] {dagbag.py:532} INFO - Filling up the DagBag from /home/pker/airflow/dags/execute_multiple_tasks.py
[2025-11-26T21:43:54.890+0300] {processor.py:753} INFO - DAG(s) dict_keys(['execute_multiple_tasks']) retrieved from /home/pker/airflow/dags/execute_multiple_tasks.py
[2025-11-26T21:43:54.932+0300] {logging_mixin.py:137} INFO - [2025-11-26T21:43:54.931+0300] {dag.py:2705} INFO - Sync 1 DAGs
[2025-11-26T21:43:54.963+0300] {logging_mixin.py:137} INFO - [2025-11-26T21:43:54.963+0300] {dag.py:3456} INFO - Setting next_dagrun for execute_multiple_tasks to 2025-11-26T00:00:00+00:00, run_after=2025-11-27T00:00:00+00:00
[2025-11-26T21:43:55.032+0300] {processor.py:175} INFO - Processing /home/pker/airflow/dags/execute_multiple_tasks.py took 0.216 seconds
[2025-11-26T21:43:57.805+0300] {processor.py:153} INFO - Started process (PID=7249) to work on /home/pker/airflow/dags/execute_multiple_tasks.py
[2025-11-26T21:43:57.808+0300] {processor.py:743} INFO - Processing file /home/pker/airflow/dags/execute_multiple_tasks.py for tasks to queue
[2025-11-26T21:43:57.809+0300] {logging_mixin.py:137} INFO - [2025-11-26T21:43:57.809+0300] {dagbag.py:532} INFO - Filling up the DagBag from /home/pker/airflow/dags/execute_multiple_tasks.py
[2025-11-26T21:43:57.842+0300] {processor.py:753} INFO - DAG(s) dict_keys(['execute_multiple_tasks']) retrieved from /home/pker/airflow/dags/execute_multiple_tasks.py
[2025-11-26T21:43:57.892+0300] {logging_mixin.py:137} INFO - [2025-11-26T21:43:57.892+0300] {dag.py:2705} INFO - Sync 1 DAGs
[2025-11-26T21:43:57.944+0300] {logging_mixin.py:137} INFO - [2025-11-26T21:43:57.944+0300] {dag.py:3456} INFO - Setting next_dagrun for execute_multiple_tasks to 2025-11-26T00:00:00+00:00, run_after=2025-11-27T00:00:00+00:00
[2025-11-26T21:43:58.006+0300] {processor.py:175} INFO - Processing /home/pker/airflow/dags/execute_multiple_tasks.py took 0.208 seconds
[2025-11-26T21:44:00.612+0300] {processor.py:153} INFO - Started process (PID=7257) to work on /home/pker/airflow/dags/execute_multiple_tasks.py
[2025-11-26T21:44:00.613+0300] {processor.py:743} INFO - Processing file /home/pker/airflow/dags/execute_multiple_tasks.py for tasks to queue
[2025-11-26T21:44:00.616+0300] {logging_mixin.py:137} INFO - [2025-11-26T21:44:00.615+0300] {dagbag.py:532} INFO - Filling up the DagBag from /home/pker/airflow/dags/execute_multiple_tasks.py
[2025-11-26T21:44:00.648+0300] {processor.py:753} INFO - DAG(s) dict_keys(['execute_multiple_tasks']) retrieved from /home/pker/airflow/dags/execute_multiple_tasks.py
[2025-11-26T21:44:00.681+0300] {logging_mixin.py:137} INFO - [2025-11-26T21:44:00.680+0300] {dag.py:2705} INFO - Sync 1 DAGs
[2025-11-26T21:44:00.720+0300] {logging_mixin.py:137} INFO - [2025-11-26T21:44:00.720+0300] {dag.py:3456} INFO - Setting next_dagrun for execute_multiple_tasks to 2025-11-26T00:00:00+00:00, run_after=2025-11-27T00:00:00+00:00
[2025-11-26T21:44:00.786+0300] {processor.py:175} INFO - Processing /home/pker/airflow/dags/execute_multiple_tasks.py took 0.181 seconds
[2025-11-26T21:44:26.329+0300] {processor.py:153} INFO - Started process (PID=7309) to work on /home/pker/airflow/dags/execute_multiple_tasks.py
[2025-11-26T21:44:26.352+0300] {processor.py:743} INFO - Processing file /home/pker/airflow/dags/execute_multiple_tasks.py for tasks to queue
[2025-11-26T21:44:26.354+0300] {logging_mixin.py:137} INFO - [2025-11-26T21:44:26.353+0300] {dagbag.py:532} INFO - Filling up the DagBag from /home/pker/airflow/dags/execute_multiple_tasks.py
[2025-11-26T21:44:26.389+0300] {processor.py:753} INFO - DAG(s) dict_keys(['execute_multiple_tasks']) retrieved from /home/pker/airflow/dags/execute_multiple_tasks.py
[2025-11-26T21:44:26.428+0300] {logging_mixin.py:137} INFO - [2025-11-26T21:44:26.428+0300] {dag.py:2705} INFO - Sync 1 DAGs
[2025-11-26T21:44:26.459+0300] {logging_mixin.py:137} INFO - [2025-11-26T21:44:26.459+0300] {dag.py:3456} INFO - Setting next_dagrun for execute_multiple_tasks to 2025-11-26T00:00:00+00:00, run_after=2025-11-27T00:00:00+00:00
[2025-11-26T21:44:26.519+0300] {processor.py:175} INFO - Processing /home/pker/airflow/dags/execute_multiple_tasks.py took 0.197 seconds
[2025-11-26T21:44:28.362+0300] {processor.py:153} INFO - Started process (PID=7311) to work on /home/pker/airflow/dags/execute_multiple_tasks.py
[2025-11-26T21:44:28.364+0300] {processor.py:743} INFO - Processing file /home/pker/airflow/dags/execute_multiple_tasks.py for tasks to queue
[2025-11-26T21:44:28.366+0300] {logging_mixin.py:137} INFO - [2025-11-26T21:44:28.365+0300] {dagbag.py:532} INFO - Filling up the DagBag from /home/pker/airflow/dags/execute_multiple_tasks.py
[2025-11-26T21:44:28.389+0300] {processor.py:753} INFO - DAG(s) dict_keys(['execute_multiple_tasks']) retrieved from /home/pker/airflow/dags/execute_multiple_tasks.py
[2025-11-26T21:44:28.425+0300] {logging_mixin.py:137} INFO - [2025-11-26T21:44:28.425+0300] {dag.py:2705} INFO - Sync 1 DAGs
[2025-11-26T21:44:28.454+0300] {logging_mixin.py:137} INFO - [2025-11-26T21:44:28.454+0300] {dag.py:3456} INFO - Setting next_dagrun for execute_multiple_tasks to 2025-11-26T00:00:00+00:00, run_after=2025-11-27T00:00:00+00:00
[2025-11-26T21:44:28.485+0300] {processor.py:175} INFO - Processing /home/pker/airflow/dags/execute_multiple_tasks.py took 0.132 seconds
[2025-11-26T21:44:31.329+0300] {processor.py:153} INFO - Started process (PID=7319) to work on /home/pker/airflow/dags/execute_multiple_tasks.py
[2025-11-26T21:44:31.351+0300] {processor.py:743} INFO - Processing file /home/pker/airflow/dags/execute_multiple_tasks.py for tasks to queue
[2025-11-26T21:44:31.354+0300] {logging_mixin.py:137} INFO - [2025-11-26T21:44:31.353+0300] {dagbag.py:532} INFO - Filling up the DagBag from /home/pker/airflow/dags/execute_multiple_tasks.py
[2025-11-26T21:44:31.392+0300] {processor.py:753} INFO - DAG(s) dict_keys(['execute_multiple_tasks']) retrieved from /home/pker/airflow/dags/execute_multiple_tasks.py
[2025-11-26T21:44:31.438+0300] {logging_mixin.py:137} INFO - [2025-11-26T21:44:31.437+0300] {dag.py:2705} INFO - Sync 1 DAGs
[2025-11-26T21:44:31.486+0300] {logging_mixin.py:137} INFO - [2025-11-26T21:44:31.486+0300] {dag.py:3456} INFO - Setting next_dagrun for execute_multiple_tasks to 2025-11-26T00:00:00+00:00, run_after=2025-11-27T00:00:00+00:00
[2025-11-26T21:44:31.556+0300] {processor.py:175} INFO - Processing /home/pker/airflow/dags/execute_multiple_tasks.py took 0.234 seconds
[2025-11-26T21:44:57.696+0300] {processor.py:153} INFO - Started process (PID=7414) to work on /home/pker/airflow/dags/execute_multiple_tasks.py
[2025-11-26T21:44:57.718+0300] {processor.py:743} INFO - Processing file /home/pker/airflow/dags/execute_multiple_tasks.py for tasks to queue
[2025-11-26T21:44:57.721+0300] {logging_mixin.py:137} INFO - [2025-11-26T21:44:57.720+0300] {dagbag.py:532} INFO - Filling up the DagBag from /home/pker/airflow/dags/execute_multiple_tasks.py
[2025-11-26T21:44:57.760+0300] {processor.py:753} INFO - DAG(s) dict_keys(['execute_multiple_tasks']) retrieved from /home/pker/airflow/dags/execute_multiple_tasks.py
[2025-11-26T21:44:57.813+0300] {logging_mixin.py:137} INFO - [2025-11-26T21:44:57.812+0300] {dag.py:2705} INFO - Sync 1 DAGs
[2025-11-26T21:44:57.847+0300] {logging_mixin.py:137} INFO - [2025-11-26T21:44:57.847+0300] {dag.py:3456} INFO - Setting next_dagrun for execute_multiple_tasks to 2025-11-26T00:00:00+00:00, run_after=2025-11-27T00:00:00+00:00
[2025-11-26T21:44:57.883+0300] {processor.py:175} INFO - Processing /home/pker/airflow/dags/execute_multiple_tasks.py took 0.194 seconds
[2025-11-26T21:44:58.792+0300] {processor.py:153} INFO - Started process (PID=7416) to work on /home/pker/airflow/dags/execute_multiple_tasks.py
[2025-11-26T21:44:58.794+0300] {processor.py:743} INFO - Processing file /home/pker/airflow/dags/execute_multiple_tasks.py for tasks to queue
[2025-11-26T21:44:58.797+0300] {logging_mixin.py:137} INFO - [2025-11-26T21:44:58.796+0300] {dagbag.py:532} INFO - Filling up the DagBag from /home/pker/airflow/dags/execute_multiple_tasks.py
[2025-11-26T21:44:58.842+0300] {processor.py:753} INFO - DAG(s) dict_keys(['execute_multiple_tasks']) retrieved from /home/pker/airflow/dags/execute_multiple_tasks.py
[2025-11-26T21:44:58.891+0300] {logging_mixin.py:137} INFO - [2025-11-26T21:44:58.891+0300] {dag.py:2705} INFO - Sync 1 DAGs
[2025-11-26T21:44:58.932+0300] {logging_mixin.py:137} INFO - [2025-11-26T21:44:58.931+0300] {dag.py:3456} INFO - Setting next_dagrun for execute_multiple_tasks to 2025-11-26T00:00:00+00:00, run_after=2025-11-27T00:00:00+00:00
[2025-11-26T21:44:58.966+0300] {processor.py:175} INFO - Processing /home/pker/airflow/dags/execute_multiple_tasks.py took 0.181 seconds
[2025-11-26T21:45:01.902+0300] {processor.py:153} INFO - Started process (PID=7424) to work on /home/pker/airflow/dags/execute_multiple_tasks.py
[2025-11-26T21:45:01.905+0300] {processor.py:743} INFO - Processing file /home/pker/airflow/dags/execute_multiple_tasks.py for tasks to queue
[2025-11-26T21:45:01.906+0300] {logging_mixin.py:137} INFO - [2025-11-26T21:45:01.906+0300] {dagbag.py:532} INFO - Filling up the DagBag from /home/pker/airflow/dags/execute_multiple_tasks.py
[2025-11-26T21:45:01.937+0300] {processor.py:753} INFO - DAG(s) dict_keys(['execute_multiple_tasks']) retrieved from /home/pker/airflow/dags/execute_multiple_tasks.py
[2025-11-26T21:45:01.967+0300] {logging_mixin.py:137} INFO - [2025-11-26T21:45:01.967+0300] {dag.py:2705} INFO - Sync 1 DAGs
[2025-11-26T21:45:02.002+0300] {logging_mixin.py:137} INFO - [2025-11-26T21:45:02.002+0300] {dag.py:3456} INFO - Setting next_dagrun for execute_multiple_tasks to 2025-11-26T00:00:00+00:00, run_after=2025-11-27T00:00:00+00:00
[2025-11-26T21:45:02.059+0300] {processor.py:175} INFO - Processing /home/pker/airflow/dags/execute_multiple_tasks.py took 0.162 seconds
[2025-11-26T21:45:28.184+0300] {processor.py:153} INFO - Started process (PID=7528) to work on /home/pker/airflow/dags/execute_multiple_tasks.py
[2025-11-26T21:45:28.207+0300] {processor.py:743} INFO - Processing file /home/pker/airflow/dags/execute_multiple_tasks.py for tasks to queue
[2025-11-26T21:45:28.208+0300] {logging_mixin.py:137} INFO - [2025-11-26T21:45:28.208+0300] {dagbag.py:532} INFO - Filling up the DagBag from /home/pker/airflow/dags/execute_multiple_tasks.py
[2025-11-26T21:45:28.242+0300] {processor.py:753} INFO - DAG(s) dict_keys(['execute_multiple_tasks']) retrieved from /home/pker/airflow/dags/execute_multiple_tasks.py
[2025-11-26T21:45:28.277+0300] {logging_mixin.py:137} INFO - [2025-11-26T21:45:28.277+0300] {dag.py:2705} INFO - Sync 1 DAGs
[2025-11-26T21:45:28.325+0300] {logging_mixin.py:137} INFO - [2025-11-26T21:45:28.324+0300] {dag.py:3456} INFO - Setting next_dagrun for execute_multiple_tasks to 2025-11-26T00:00:00+00:00, run_after=2025-11-27T00:00:00+00:00
[2025-11-26T21:45:28.378+0300] {processor.py:175} INFO - Processing /home/pker/airflow/dags/execute_multiple_tasks.py took 0.201 seconds
[2025-11-26T21:45:29.132+0300] {processor.py:153} INFO - Started process (PID=7557) to work on /home/pker/airflow/dags/execute_multiple_tasks.py
[2025-11-26T21:45:29.133+0300] {processor.py:743} INFO - Processing file /home/pker/airflow/dags/execute_multiple_tasks.py for tasks to queue
[2025-11-26T21:45:29.135+0300] {logging_mixin.py:137} INFO - [2025-11-26T21:45:29.135+0300] {dagbag.py:532} INFO - Filling up the DagBag from /home/pker/airflow/dags/execute_multiple_tasks.py
[2025-11-26T21:45:29.160+0300] {processor.py:753} INFO - DAG(s) dict_keys(['execute_multiple_tasks']) retrieved from /home/pker/airflow/dags/execute_multiple_tasks.py
[2025-11-26T21:45:29.195+0300] {logging_mixin.py:137} INFO - [2025-11-26T21:45:29.195+0300] {dag.py:2705} INFO - Sync 1 DAGs
[2025-11-26T21:45:29.230+0300] {logging_mixin.py:137} INFO - [2025-11-26T21:45:29.230+0300] {dag.py:3456} INFO - Setting next_dagrun for execute_multiple_tasks to 2025-11-26T00:00:00+00:00, run_after=2025-11-27T00:00:00+00:00
[2025-11-26T21:45:29.262+0300] {processor.py:175} INFO - Processing /home/pker/airflow/dags/execute_multiple_tasks.py took 0.136 seconds
[2025-11-26T21:45:32.507+0300] {processor.py:153} INFO - Started process (PID=7636) to work on /home/pker/airflow/dags/execute_multiple_tasks.py
[2025-11-26T21:45:32.511+0300] {processor.py:743} INFO - Processing file /home/pker/airflow/dags/execute_multiple_tasks.py for tasks to queue
[2025-11-26T21:45:32.515+0300] {logging_mixin.py:137} INFO - [2025-11-26T21:45:32.514+0300] {dagbag.py:532} INFO - Filling up the DagBag from /home/pker/airflow/dags/execute_multiple_tasks.py
[2025-11-26T21:45:32.547+0300] {processor.py:753} INFO - DAG(s) dict_keys(['execute_multiple_tasks']) retrieved from /home/pker/airflow/dags/execute_multiple_tasks.py
[2025-11-26T21:45:32.580+0300] {logging_mixin.py:137} INFO - [2025-11-26T21:45:32.580+0300] {dag.py:2705} INFO - Sync 1 DAGs
[2025-11-26T21:45:32.615+0300] {logging_mixin.py:137} INFO - [2025-11-26T21:45:32.615+0300] {dag.py:3456} INFO - Setting next_dagrun for execute_multiple_tasks to 2025-11-26T00:00:00+00:00, run_after=2025-11-27T00:00:00+00:00
[2025-11-26T21:45:32.682+0300] {processor.py:175} INFO - Processing /home/pker/airflow/dags/execute_multiple_tasks.py took 0.183 seconds
[2025-11-26T21:45:58.635+0300] {processor.py:153} INFO - Started process (PID=7955) to work on /home/pker/airflow/dags/execute_multiple_tasks.py
[2025-11-26T21:45:58.656+0300] {processor.py:743} INFO - Processing file /home/pker/airflow/dags/execute_multiple_tasks.py for tasks to queue
[2025-11-26T21:45:58.658+0300] {logging_mixin.py:137} INFO - [2025-11-26T21:45:58.658+0300] {dagbag.py:532} INFO - Filling up the DagBag from /home/pker/airflow/dags/execute_multiple_tasks.py
[2025-11-26T21:45:58.690+0300] {processor.py:753} INFO - DAG(s) dict_keys(['execute_multiple_tasks']) retrieved from /home/pker/airflow/dags/execute_multiple_tasks.py
[2025-11-26T21:45:58.731+0300] {logging_mixin.py:137} INFO - [2025-11-26T21:45:58.731+0300] {dag.py:2705} INFO - Sync 1 DAGs
[2025-11-26T21:45:58.779+0300] {logging_mixin.py:137} INFO - [2025-11-26T21:45:58.779+0300] {dag.py:3456} INFO - Setting next_dagrun for execute_multiple_tasks to 2025-11-26T00:00:00+00:00, run_after=2025-11-27T00:00:00+00:00
[2025-11-26T21:45:58.856+0300] {processor.py:175} INFO - Processing /home/pker/airflow/dags/execute_multiple_tasks.py took 0.230 seconds
[2025-11-26T21:45:59.605+0300] {processor.py:153} INFO - Started process (PID=7963) to work on /home/pker/airflow/dags/execute_multiple_tasks.py
[2025-11-26T21:45:59.607+0300] {processor.py:743} INFO - Processing file /home/pker/airflow/dags/execute_multiple_tasks.py for tasks to queue
[2025-11-26T21:45:59.609+0300] {logging_mixin.py:137} INFO - [2025-11-26T21:45:59.609+0300] {dagbag.py:532} INFO - Filling up the DagBag from /home/pker/airflow/dags/execute_multiple_tasks.py
[2025-11-26T21:45:59.641+0300] {processor.py:753} INFO - DAG(s) dict_keys(['execute_multiple_tasks']) retrieved from /home/pker/airflow/dags/execute_multiple_tasks.py
[2025-11-26T21:45:59.686+0300] {logging_mixin.py:137} INFO - [2025-11-26T21:45:59.685+0300] {dag.py:2705} INFO - Sync 1 DAGs
[2025-11-26T21:45:59.739+0300] {logging_mixin.py:137} INFO - [2025-11-26T21:45:59.739+0300] {dag.py:3456} INFO - Setting next_dagrun for execute_multiple_tasks to 2025-11-26T00:00:00+00:00, run_after=2025-11-27T00:00:00+00:00
[2025-11-26T21:45:59.784+0300] {processor.py:175} INFO - Processing /home/pker/airflow/dags/execute_multiple_tasks.py took 0.187 seconds
[2025-11-26T21:46:03.150+0300] {processor.py:153} INFO - Started process (PID=8016) to work on /home/pker/airflow/dags/execute_multiple_tasks.py
[2025-11-26T21:46:03.153+0300] {processor.py:743} INFO - Processing file /home/pker/airflow/dags/execute_multiple_tasks.py for tasks to queue
[2025-11-26T21:46:03.156+0300] {logging_mixin.py:137} INFO - [2025-11-26T21:46:03.155+0300] {dagbag.py:532} INFO - Filling up the DagBag from /home/pker/airflow/dags/execute_multiple_tasks.py
[2025-11-26T21:46:03.193+0300] {processor.py:753} INFO - DAG(s) dict_keys(['execute_multiple_tasks']) retrieved from /home/pker/airflow/dags/execute_multiple_tasks.py
[2025-11-26T21:46:03.241+0300] {logging_mixin.py:137} INFO - [2025-11-26T21:46:03.240+0300] {dag.py:2705} INFO - Sync 1 DAGs
[2025-11-26T21:46:03.290+0300] {logging_mixin.py:137} INFO - [2025-11-26T21:46:03.290+0300] {dag.py:3456} INFO - Setting next_dagrun for execute_multiple_tasks to 2025-11-26T00:00:00+00:00, run_after=2025-11-27T00:00:00+00:00
[2025-11-26T21:46:03.362+0300] {processor.py:175} INFO - Processing /home/pker/airflow/dags/execute_multiple_tasks.py took 0.221 seconds
