[2025-11-28T09:58:10.221+0300] {taskinstance.py:1090} INFO - Dependencies all met for dep_context=non-requeueable deps ti=<TaskInstance: cross_task_communication.increment_by_1 manual__2025-11-28T06:58:06.057745+00:00 [queued]>
[2025-11-28T09:58:10.231+0300] {taskinstance.py:1090} INFO - Dependencies all met for dep_context=requeueable deps ti=<TaskInstance: cross_task_communication.increment_by_1 manual__2025-11-28T06:58:06.057745+00:00 [queued]>
[2025-11-28T09:58:10.231+0300] {taskinstance.py:1288} INFO - 
--------------------------------------------------------------------------------
[2025-11-28T09:58:10.231+0300] {taskinstance.py:1289} INFO - Starting attempt 1 of 1
[2025-11-28T09:58:10.231+0300] {taskinstance.py:1290} INFO - 
--------------------------------------------------------------------------------
[2025-11-28T09:58:10.259+0300] {taskinstance.py:1309} INFO - Executing <Task(PythonOperator): increment_by_1> on 2025-11-28 06:58:06.057745+00:00
[2025-11-28T09:58:10.262+0300] {standard_task_runner.py:55} INFO - Started process 283873 to run task
[2025-11-28T09:58:10.266+0300] {standard_task_runner.py:82} INFO - Running: ['airflow', 'tasks', 'run', 'cross_task_communication', 'increment_by_1', 'manual__2025-11-28T06:58:06.057745+00:00', '--job-id', '89', '--raw', '--subdir', 'DAGS_FOLDER/xcom.py', '--cfg-path', '/tmp/tmpw2z4o3nk']
[2025-11-28T09:58:10.268+0300] {standard_task_runner.py:83} INFO - Job 89: Subtask increment_by_1
[2025-11-28T09:58:10.352+0300] {task_command.py:389} INFO - Running <TaskInstance: cross_task_communication.increment_by_1 manual__2025-11-28T06:58:06.057745+00:00 [running]> on host DESKTOP-P0U82UP.
[2025-11-28T09:58:10.436+0300] {taskinstance.py:1518} INFO - Exporting the following env vars:
AIRFLOW_CTX_DAG_OWNER=pker
AIRFLOW_CTX_DAG_ID=cross_task_communication
AIRFLOW_CTX_TASK_ID=increment_by_1
AIRFLOW_CTX_EXECUTION_DATE=2025-11-28T06:58:06.057745+00:00
AIRFLOW_CTX_TRY_NUMBER=1
AIRFLOW_CTX_DAG_RUN_ID=manual__2025-11-28T06:58:06.057745+00:00
[2025-11-28T09:58:10.437+0300] {logging_mixin.py:137} INFO - Value 1!
[2025-11-28T09:58:10.437+0300] {python.py:177} INFO - Done. Returned value was: 2
[2025-11-28T09:58:10.460+0300] {taskinstance.py:1332} INFO - Marking task as SUCCESS. dag_id=cross_task_communication, task_id=increment_by_1, execution_date=20251128T065806, start_date=20251128T065810, end_date=20251128T065810
[2025-11-28T09:58:10.487+0300] {local_task_job.py:212} INFO - Task exited with return code 0
[2025-11-28T09:58:10.523+0300] {taskinstance.py:2596} INFO - 1 downstream tasks scheduled from follow-on schedule check
