[2025-12-26T08:26:08.066+0300] {taskinstance.py:1090} INFO - Dependencies all met for dep_context=non-requeueable deps ti=<TaskInstance: weather_dag.transform_weather_data manual__2025-12-26T05:26:00.486462+00:00 [queued]>
[2025-12-26T08:26:08.078+0300] {taskinstance.py:1090} INFO - Dependencies all met for dep_context=requeueable deps ti=<TaskInstance: weather_dag.transform_weather_data manual__2025-12-26T05:26:00.486462+00:00 [queued]>
[2025-12-26T08:26:08.078+0300] {taskinstance.py:1288} INFO - 
--------------------------------------------------------------------------------
[2025-12-26T08:26:08.078+0300] {taskinstance.py:1289} INFO - Starting attempt 1 of 1
[2025-12-26T08:26:08.078+0300] {taskinstance.py:1290} INFO - 
--------------------------------------------------------------------------------
[2025-12-26T08:26:08.093+0300] {taskinstance.py:1309} INFO - Executing <Task(PythonOperator): transform_weather_data> on 2025-12-26 05:26:00.486462+00:00
[2025-12-26T08:26:08.098+0300] {standard_task_runner.py:55} INFO - Started process 425670 to run task
[2025-12-26T08:26:08.101+0300] {standard_task_runner.py:82} INFO - Running: ['airflow', 'tasks', 'run', 'weather_dag', 'transform_weather_data', 'manual__2025-12-26T05:26:00.486462+00:00', '--job-id', '19', '--raw', '--subdir', 'DAGS_FOLDER/weather_dag.py', '--cfg-path', '/tmp/tmpo20txmwg']
[2025-12-26T08:26:08.101+0300] {standard_task_runner.py:83} INFO - Job 19: Subtask transform_weather_data
[2025-12-26T08:26:08.346+0300] {task_command.py:389} INFO - Running <TaskInstance: weather_dag.transform_weather_data manual__2025-12-26T05:26:00.486462+00:00 [running]> on host DESKTOP-P0U82UP.
[2025-12-26T08:26:08.655+0300] {taskinstance.py:1518} INFO - Exporting the following env vars:
AIRFLOW_CTX_DAG_OWNER=pker
AIRFLOW_CTX_DAG_ID=weather_dag
AIRFLOW_CTX_TASK_ID=transform_weather_data
AIRFLOW_CTX_EXECUTION_DATE=2025-12-26T05:26:00.486462+00:00
AIRFLOW_CTX_TRY_NUMBER=1
AIRFLOW_CTX_DAG_RUN_ID=manual__2025-12-26T05:26:00.486462+00:00
[2025-12-26T08:26:08.657+0300] {python.py:177} INFO - Done. Returned value was: [{'city': 'Nairobi', 'weather_description': 'overcast clouds', 'temperature': 17.85, 'feels_like': 17.75, 'min_temperature': 17.85, 'max_temperature': 17.85, 'pressure': 1016, 'humidity': 79, 'wind_speed': 2.32, 'time_recorded': '2025-12-26T08:16:00+03:00', 'sunrise': '2025-12-26T06:27:21+03:00', 'sunset': '2025-12-26T18:39:01+03:00'}]
[2025-12-26T08:26:08.797+0300] {taskinstance.py:1332} INFO - Marking task as SUCCESS. dag_id=weather_dag, task_id=transform_weather_data, execution_date=20251226T052600, start_date=20251226T052608, end_date=20251226T052608
[2025-12-26T08:26:08.840+0300] {local_task_job.py:212} INFO - Task exited with return code 0
[2025-12-26T08:26:08.939+0300] {taskinstance.py:2596} INFO - 1 downstream tasks scheduled from follow-on schedule check
