[2025-12-24T13:01:32.041+0300] {taskinstance.py:1090} INFO - Dependencies all met for dep_context=non-requeueable deps ti=<TaskInstance: weather_dag.load_weather_data manual__2025-12-24T10:01:15.151609+00:00 [queued]>
[2025-12-24T13:01:32.055+0300] {taskinstance.py:1090} INFO - Dependencies all met for dep_context=requeueable deps ti=<TaskInstance: weather_dag.load_weather_data manual__2025-12-24T10:01:15.151609+00:00 [queued]>
[2025-12-24T13:01:32.056+0300] {taskinstance.py:1288} INFO - 
--------------------------------------------------------------------------------
[2025-12-24T13:01:32.057+0300] {taskinstance.py:1289} INFO - Starting attempt 1 of 1
[2025-12-24T13:01:32.057+0300] {taskinstance.py:1290} INFO - 
--------------------------------------------------------------------------------
[2025-12-24T13:01:32.096+0300] {taskinstance.py:1309} INFO - Executing <Task(PythonOperator): load_weather_data> on 2025-12-24 10:01:15.151609+00:00
[2025-12-24T13:01:32.101+0300] {standard_task_runner.py:55} INFO - Started process 195920 to run task
[2025-12-24T13:01:32.105+0300] {standard_task_runner.py:82} INFO - Running: ['airflow', 'tasks', 'run', 'weather_dag', 'load_weather_data', 'manual__2025-12-24T10:01:15.151609+00:00', '--job-id', '7', '--raw', '--subdir', 'DAGS_FOLDER/weather_dag.py', '--cfg-path', '/tmp/tmp3vxnueyi']
[2025-12-24T13:01:32.106+0300] {standard_task_runner.py:83} INFO - Job 7: Subtask load_weather_data
[2025-12-24T13:01:30.826+0300] {task_command.py:389} INFO - Running <TaskInstance: weather_dag.load_weather_data manual__2025-12-24T10:01:15.151609+00:00 [running]> on host DESKTOP-P0U82UP.
[2025-12-24T13:01:31.187+0300] {taskinstance.py:1518} INFO - Exporting the following env vars:
AIRFLOW_CTX_DAG_OWNER=pker
AIRFLOW_CTX_DAG_ID=weather_dag
AIRFLOW_CTX_TASK_ID=load_weather_data
AIRFLOW_CTX_EXECUTION_DATE=2025-12-24T10:01:15.151609+00:00
AIRFLOW_CTX_TRY_NUMBER=1
AIRFLOW_CTX_DAG_RUN_ID=manual__2025-12-24T10:01:15.151609+00:00
[2025-12-24T13:01:31.459+0300] {taskinstance.py:1776} ERROR - Task failed with exception
Traceback (most recent call last):
  File "/home/pker/airflow_env/lib/python3.7/site-packages/airflow/operators/python.py", line 175, in execute
    return_value = self.execute_callable()
  File "/home/pker/airflow_env/lib/python3.7/site-packages/airflow/operators/python.py", line 192, in execute_callable
    return self.python_callable(*self.op_args, **self.op_kwargs)
  File "/home/pker/airflow/dags/weather_etl/main.py", line 74, in load_data
    pg_hook.insert_rows(table='weather_table', rows=rows, target_fields=columns, commit_every=1000)
  File "/home/pker/airflow_env/lib/python3.7/site-packages/airflow/providers/common/sql/hooks/sql.py", line 453, in insert_rows
    with closing(self.get_conn()) as conn:
  File "/home/pker/airflow_env/lib/python3.7/site-packages/airflow/providers/postgres/hooks/postgres.py", line 118, in get_conn
    conn = deepcopy(self.connection or self.get_connection(conn_id))
  File "/home/pker/airflow_env/lib/python3.7/site-packages/airflow/hooks/base.py", line 72, in get_connection
    conn = Connection.get_connection_from_secrets(conn_id)
  File "/home/pker/airflow_env/lib/python3.7/site-packages/airflow/models/connection.py", line 435, in get_connection_from_secrets
    raise AirflowNotFoundException(f"The conn_id `{conn_id}` isn't defined")
airflow.exceptions.AirflowNotFoundException: The conn_id `my_postgre_conn` isn't defined
[2025-12-24T13:01:31.495+0300] {taskinstance.py:1332} INFO - Marking task as FAILED. dag_id=weather_dag, task_id=load_weather_data, execution_date=20251224T100115, start_date=20251224T100132, end_date=20251224T100131
[2025-12-24T13:01:31.536+0300] {standard_task_runner.py:105} ERROR - Failed to execute job 7 for task load_weather_data (The conn_id `my_postgre_conn` isn't defined; 195920)
[2025-12-24T13:01:31.560+0300] {local_task_job.py:212} INFO - Task exited with return code 1
[2025-12-24T13:01:31.652+0300] {taskinstance.py:2596} INFO - 0 downstream tasks scheduled from follow-on schedule check
