[2025-12-01T20:14:58.463+0300] {processor.py:153} INFO - Started process (PID=919432) to work on /home/pker/airflow_env/lib/python3.7/site-packages/airflow/example_dags/example_sensor_decorator.py
[2025-12-01T20:14:58.464+0300] {processor.py:743} INFO - Processing file /home/pker/airflow_env/lib/python3.7/site-packages/airflow/example_dags/example_sensor_decorator.py for tasks to queue
[2025-12-01T20:14:58.465+0300] {logging_mixin.py:137} INFO - [2025-12-01T20:14:58.465+0300] {dagbag.py:532} INFO - Filling up the DagBag from /home/pker/airflow_env/lib/python3.7/site-packages/airflow/example_dags/example_sensor_decorator.py
[2025-12-01T20:14:58.502+0300] {processor.py:753} INFO - DAG(s) dict_keys(['example_sensor_decorator']) retrieved from /home/pker/airflow_env/lib/python3.7/site-packages/airflow/example_dags/example_sensor_decorator.py
[2025-12-01T20:14:58.564+0300] {logging_mixin.py:137} INFO - [2025-12-01T20:14:58.564+0300] {dag.py:2705} INFO - Sync 1 DAGs
[2025-12-01T20:14:58.588+0300] {logging_mixin.py:137} INFO - [2025-12-01T20:14:58.588+0300] {dag.py:3456} INFO - Setting next_dagrun for example_sensor_decorator to None, run_after=None
[2025-12-01T20:14:58.640+0300] {processor.py:175} INFO - Processing /home/pker/airflow_env/lib/python3.7/site-packages/airflow/example_dags/example_sensor_decorator.py took 0.183 seconds
[2025-12-01T20:15:58.668+0300] {processor.py:153} INFO - Started process (PID=919797) to work on /home/pker/airflow_env/lib/python3.7/site-packages/airflow/example_dags/example_sensor_decorator.py
[2025-12-01T20:15:58.691+0300] {processor.py:743} INFO - Processing file /home/pker/airflow_env/lib/python3.7/site-packages/airflow/example_dags/example_sensor_decorator.py for tasks to queue
[2025-12-01T20:15:58.693+0300] {logging_mixin.py:137} INFO - [2025-12-01T20:15:58.693+0300] {dagbag.py:532} INFO - Filling up the DagBag from /home/pker/airflow_env/lib/python3.7/site-packages/airflow/example_dags/example_sensor_decorator.py
[2025-12-01T20:15:58.731+0300] {processor.py:753} INFO - DAG(s) dict_keys(['example_sensor_decorator']) retrieved from /home/pker/airflow_env/lib/python3.7/site-packages/airflow/example_dags/example_sensor_decorator.py
[2025-12-01T20:15:58.758+0300] {logging_mixin.py:137} INFO - [2025-12-01T20:15:58.757+0300] {dag.py:2705} INFO - Sync 1 DAGs
[2025-12-01T20:15:58.795+0300] {logging_mixin.py:137} INFO - [2025-12-01T20:15:58.794+0300] {dag.py:3456} INFO - Setting next_dagrun for example_sensor_decorator to None, run_after=None
[2025-12-01T20:15:58.864+0300] {processor.py:175} INFO - Processing /home/pker/airflow_env/lib/python3.7/site-packages/airflow/example_dags/example_sensor_decorator.py took 0.201 seconds
[2025-12-01T20:16:54.732+0300] {processor.py:153} INFO - Started process (PID=919993) to work on /home/pker/airflow_env/lib/python3.7/site-packages/airflow/example_dags/example_sensor_decorator.py
[2025-12-01T20:16:54.754+0300] {processor.py:743} INFO - Processing file /home/pker/airflow_env/lib/python3.7/site-packages/airflow/example_dags/example_sensor_decorator.py for tasks to queue
[2025-12-01T20:16:54.757+0300] {logging_mixin.py:137} INFO - [2025-12-01T20:16:54.756+0300] {dagbag.py:532} INFO - Filling up the DagBag from /home/pker/airflow_env/lib/python3.7/site-packages/airflow/example_dags/example_sensor_decorator.py
[2025-12-01T20:16:54.795+0300] {processor.py:753} INFO - DAG(s) dict_keys(['example_sensor_decorator']) retrieved from /home/pker/airflow_env/lib/python3.7/site-packages/airflow/example_dags/example_sensor_decorator.py
[2025-12-01T20:16:54.819+0300] {logging_mixin.py:137} INFO - [2025-12-01T20:16:54.818+0300] {dag.py:2705} INFO - Sync 1 DAGs
[2025-12-01T20:16:54.862+0300] {logging_mixin.py:137} INFO - [2025-12-01T20:16:54.862+0300] {dag.py:3456} INFO - Setting next_dagrun for example_sensor_decorator to None, run_after=None
[2025-12-01T20:16:54.894+0300] {processor.py:175} INFO - Processing /home/pker/airflow_env/lib/python3.7/site-packages/airflow/example_dags/example_sensor_decorator.py took 0.167 seconds
[2025-12-01T20:17:48.173+0300] {processor.py:153} INFO - Started process (PID=920184) to work on /home/pker/airflow_env/lib/python3.7/site-packages/airflow/example_dags/example_sensor_decorator.py
[2025-12-01T20:17:48.196+0300] {processor.py:743} INFO - Processing file /home/pker/airflow_env/lib/python3.7/site-packages/airflow/example_dags/example_sensor_decorator.py for tasks to queue
[2025-12-01T20:17:48.199+0300] {logging_mixin.py:137} INFO - [2025-12-01T20:17:48.199+0300] {dagbag.py:532} INFO - Filling up the DagBag from /home/pker/airflow_env/lib/python3.7/site-packages/airflow/example_dags/example_sensor_decorator.py
[2025-12-01T20:17:48.235+0300] {processor.py:753} INFO - DAG(s) dict_keys(['example_sensor_decorator']) retrieved from /home/pker/airflow_env/lib/python3.7/site-packages/airflow/example_dags/example_sensor_decorator.py
[2025-12-01T20:17:48.268+0300] {logging_mixin.py:137} INFO - [2025-12-01T20:17:48.267+0300] {dag.py:2705} INFO - Sync 1 DAGs
[2025-12-01T20:17:48.300+0300] {logging_mixin.py:137} INFO - [2025-12-01T20:17:48.300+0300] {dag.py:3456} INFO - Setting next_dagrun for example_sensor_decorator to None, run_after=None
[2025-12-01T20:17:48.368+0300] {processor.py:175} INFO - Processing /home/pker/airflow_env/lib/python3.7/site-packages/airflow/example_dags/example_sensor_decorator.py took 0.201 seconds
[2025-12-01T20:18:38.502+0300] {processor.py:153} INFO - Started process (PID=920367) to work on /home/pker/airflow_env/lib/python3.7/site-packages/airflow/example_dags/example_sensor_decorator.py
[2025-12-01T20:18:38.505+0300] {processor.py:743} INFO - Processing file /home/pker/airflow_env/lib/python3.7/site-packages/airflow/example_dags/example_sensor_decorator.py for tasks to queue
[2025-12-01T20:18:38.506+0300] {logging_mixin.py:137} INFO - [2025-12-01T20:18:38.506+0300] {dagbag.py:532} INFO - Filling up the DagBag from /home/pker/airflow_env/lib/python3.7/site-packages/airflow/example_dags/example_sensor_decorator.py
[2025-12-01T20:18:38.544+0300] {processor.py:753} INFO - DAG(s) dict_keys(['example_sensor_decorator']) retrieved from /home/pker/airflow_env/lib/python3.7/site-packages/airflow/example_dags/example_sensor_decorator.py
[2025-12-01T20:18:38.569+0300] {logging_mixin.py:137} INFO - [2025-12-01T20:18:38.569+0300] {dag.py:2705} INFO - Sync 1 DAGs
[2025-12-01T20:18:38.595+0300] {logging_mixin.py:137} INFO - [2025-12-01T20:18:38.595+0300] {dag.py:3456} INFO - Setting next_dagrun for example_sensor_decorator to None, run_after=None
[2025-12-01T20:18:38.652+0300] {processor.py:175} INFO - Processing /home/pker/airflow_env/lib/python3.7/site-packages/airflow/example_dags/example_sensor_decorator.py took 0.156 seconds
[2025-12-01T20:19:27.846+0300] {processor.py:153} INFO - Started process (PID=920565) to work on /home/pker/airflow_env/lib/python3.7/site-packages/airflow/example_dags/example_sensor_decorator.py
[2025-12-01T20:19:27.869+0300] {processor.py:743} INFO - Processing file /home/pker/airflow_env/lib/python3.7/site-packages/airflow/example_dags/example_sensor_decorator.py for tasks to queue
[2025-12-01T20:19:27.871+0300] {logging_mixin.py:137} INFO - [2025-12-01T20:19:27.871+0300] {dagbag.py:532} INFO - Filling up the DagBag from /home/pker/airflow_env/lib/python3.7/site-packages/airflow/example_dags/example_sensor_decorator.py
[2025-12-01T20:19:27.923+0300] {processor.py:753} INFO - DAG(s) dict_keys(['example_sensor_decorator']) retrieved from /home/pker/airflow_env/lib/python3.7/site-packages/airflow/example_dags/example_sensor_decorator.py
[2025-12-01T20:19:27.964+0300] {logging_mixin.py:137} INFO - [2025-12-01T20:19:27.963+0300] {dag.py:2705} INFO - Sync 1 DAGs
[2025-12-01T20:19:28.002+0300] {logging_mixin.py:137} INFO - [2025-12-01T20:19:28.001+0300] {dag.py:3456} INFO - Setting next_dagrun for example_sensor_decorator to None, run_after=None
[2025-12-01T20:19:28.041+0300] {processor.py:175} INFO - Processing /home/pker/airflow_env/lib/python3.7/site-packages/airflow/example_dags/example_sensor_decorator.py took 0.205 seconds
[2025-12-01T20:20:16.033+0300] {processor.py:153} INFO - Started process (PID=920741) to work on /home/pker/airflow_env/lib/python3.7/site-packages/airflow/example_dags/example_sensor_decorator.py
[2025-12-01T20:20:16.053+0300] {processor.py:743} INFO - Processing file /home/pker/airflow_env/lib/python3.7/site-packages/airflow/example_dags/example_sensor_decorator.py for tasks to queue
[2025-12-01T20:20:16.055+0300] {logging_mixin.py:137} INFO - [2025-12-01T20:20:16.054+0300] {dagbag.py:532} INFO - Filling up the DagBag from /home/pker/airflow_env/lib/python3.7/site-packages/airflow/example_dags/example_sensor_decorator.py
[2025-12-01T20:20:16.097+0300] {processor.py:753} INFO - DAG(s) dict_keys(['example_sensor_decorator']) retrieved from /home/pker/airflow_env/lib/python3.7/site-packages/airflow/example_dags/example_sensor_decorator.py
[2025-12-01T20:20:16.123+0300] {logging_mixin.py:137} INFO - [2025-12-01T20:20:16.122+0300] {dag.py:2705} INFO - Sync 1 DAGs
[2025-12-01T20:20:16.150+0300] {logging_mixin.py:137} INFO - [2025-12-01T20:20:16.150+0300] {dag.py:3456} INFO - Setting next_dagrun for example_sensor_decorator to None, run_after=None
[2025-12-01T20:20:16.200+0300] {processor.py:175} INFO - Processing /home/pker/airflow_env/lib/python3.7/site-packages/airflow/example_dags/example_sensor_decorator.py took 0.174 seconds
[2025-12-01T20:21:04.637+0300] {processor.py:153} INFO - Started process (PID=920911) to work on /home/pker/airflow_env/lib/python3.7/site-packages/airflow/example_dags/example_sensor_decorator.py
[2025-12-01T20:21:04.640+0300] {processor.py:743} INFO - Processing file /home/pker/airflow_env/lib/python3.7/site-packages/airflow/example_dags/example_sensor_decorator.py for tasks to queue
[2025-12-01T20:21:04.642+0300] {logging_mixin.py:137} INFO - [2025-12-01T20:21:04.641+0300] {dagbag.py:532} INFO - Filling up the DagBag from /home/pker/airflow_env/lib/python3.7/site-packages/airflow/example_dags/example_sensor_decorator.py
[2025-12-01T20:21:04.683+0300] {processor.py:753} INFO - DAG(s) dict_keys(['example_sensor_decorator']) retrieved from /home/pker/airflow_env/lib/python3.7/site-packages/airflow/example_dags/example_sensor_decorator.py
[2025-12-01T20:21:04.714+0300] {logging_mixin.py:137} INFO - [2025-12-01T20:21:04.713+0300] {dag.py:2705} INFO - Sync 1 DAGs
[2025-12-01T20:21:04.746+0300] {logging_mixin.py:137} INFO - [2025-12-01T20:21:04.746+0300] {dag.py:3456} INFO - Setting next_dagrun for example_sensor_decorator to None, run_after=None
[2025-12-01T20:21:04.804+0300] {processor.py:175} INFO - Processing /home/pker/airflow_env/lib/python3.7/site-packages/airflow/example_dags/example_sensor_decorator.py took 0.173 seconds
[2025-12-01T20:21:51.063+0300] {processor.py:153} INFO - Started process (PID=921081) to work on /home/pker/airflow_env/lib/python3.7/site-packages/airflow/example_dags/example_sensor_decorator.py
[2025-12-01T20:21:51.086+0300] {processor.py:743} INFO - Processing file /home/pker/airflow_env/lib/python3.7/site-packages/airflow/example_dags/example_sensor_decorator.py for tasks to queue
[2025-12-01T20:21:51.088+0300] {logging_mixin.py:137} INFO - [2025-12-01T20:21:51.088+0300] {dagbag.py:532} INFO - Filling up the DagBag from /home/pker/airflow_env/lib/python3.7/site-packages/airflow/example_dags/example_sensor_decorator.py
[2025-12-01T20:21:51.136+0300] {processor.py:753} INFO - DAG(s) dict_keys(['example_sensor_decorator']) retrieved from /home/pker/airflow_env/lib/python3.7/site-packages/airflow/example_dags/example_sensor_decorator.py
[2025-12-01T20:21:51.158+0300] {logging_mixin.py:137} INFO - [2025-12-01T20:21:51.158+0300] {dag.py:2705} INFO - Sync 1 DAGs
[2025-12-01T20:21:51.187+0300] {logging_mixin.py:137} INFO - [2025-12-01T20:21:51.186+0300] {dag.py:3456} INFO - Setting next_dagrun for example_sensor_decorator to None, run_after=None
[2025-12-01T20:21:51.237+0300] {processor.py:175} INFO - Processing /home/pker/airflow_env/lib/python3.7/site-packages/airflow/example_dags/example_sensor_decorator.py took 0.180 seconds
[2025-12-01T20:22:41.361+0300] {processor.py:153} INFO - Started process (PID=921254) to work on /home/pker/airflow_env/lib/python3.7/site-packages/airflow/example_dags/example_sensor_decorator.py
[2025-12-01T20:22:41.385+0300] {processor.py:743} INFO - Processing file /home/pker/airflow_env/lib/python3.7/site-packages/airflow/example_dags/example_sensor_decorator.py for tasks to queue
[2025-12-01T20:22:41.388+0300] {logging_mixin.py:137} INFO - [2025-12-01T20:22:41.387+0300] {dagbag.py:532} INFO - Filling up the DagBag from /home/pker/airflow_env/lib/python3.7/site-packages/airflow/example_dags/example_sensor_decorator.py
[2025-12-01T20:22:41.427+0300] {processor.py:753} INFO - DAG(s) dict_keys(['example_sensor_decorator']) retrieved from /home/pker/airflow_env/lib/python3.7/site-packages/airflow/example_dags/example_sensor_decorator.py
[2025-12-01T20:22:41.456+0300] {logging_mixin.py:137} INFO - [2025-12-01T20:22:41.455+0300] {dag.py:2705} INFO - Sync 1 DAGs
[2025-12-01T20:22:41.498+0300] {logging_mixin.py:137} INFO - [2025-12-01T20:22:41.498+0300] {dag.py:3456} INFO - Setting next_dagrun for example_sensor_decorator to None, run_after=None
[2025-12-01T20:22:41.549+0300] {processor.py:175} INFO - Processing /home/pker/airflow_env/lib/python3.7/site-packages/airflow/example_dags/example_sensor_decorator.py took 0.196 seconds
[2025-12-01T20:23:31.570+0300] {processor.py:153} INFO - Started process (PID=921436) to work on /home/pker/airflow_env/lib/python3.7/site-packages/airflow/example_dags/example_sensor_decorator.py
[2025-12-01T20:23:31.595+0300] {processor.py:743} INFO - Processing file /home/pker/airflow_env/lib/python3.7/site-packages/airflow/example_dags/example_sensor_decorator.py for tasks to queue
[2025-12-01T20:23:31.597+0300] {logging_mixin.py:137} INFO - [2025-12-01T20:23:31.597+0300] {dagbag.py:532} INFO - Filling up the DagBag from /home/pker/airflow_env/lib/python3.7/site-packages/airflow/example_dags/example_sensor_decorator.py
[2025-12-01T20:23:31.635+0300] {processor.py:753} INFO - DAG(s) dict_keys(['example_sensor_decorator']) retrieved from /home/pker/airflow_env/lib/python3.7/site-packages/airflow/example_dags/example_sensor_decorator.py
[2025-12-01T20:23:31.662+0300] {logging_mixin.py:137} INFO - [2025-12-01T20:23:31.662+0300] {dag.py:2705} INFO - Sync 1 DAGs
[2025-12-01T20:23:31.696+0300] {logging_mixin.py:137} INFO - [2025-12-01T20:23:31.696+0300] {dag.py:3456} INFO - Setting next_dagrun for example_sensor_decorator to None, run_after=None
[2025-12-01T20:23:31.760+0300] {processor.py:175} INFO - Processing /home/pker/airflow_env/lib/python3.7/site-packages/airflow/example_dags/example_sensor_decorator.py took 0.198 seconds
[2025-12-01T20:24:24.276+0300] {processor.py:153} INFO - Started process (PID=921641) to work on /home/pker/airflow_env/lib/python3.7/site-packages/airflow/example_dags/example_sensor_decorator.py
[2025-12-01T20:24:24.298+0300] {processor.py:743} INFO - Processing file /home/pker/airflow_env/lib/python3.7/site-packages/airflow/example_dags/example_sensor_decorator.py for tasks to queue
[2025-12-01T20:24:24.300+0300] {logging_mixin.py:137} INFO - [2025-12-01T20:24:24.300+0300] {dagbag.py:532} INFO - Filling up the DagBag from /home/pker/airflow_env/lib/python3.7/site-packages/airflow/example_dags/example_sensor_decorator.py
[2025-12-01T20:24:24.343+0300] {processor.py:753} INFO - DAG(s) dict_keys(['example_sensor_decorator']) retrieved from /home/pker/airflow_env/lib/python3.7/site-packages/airflow/example_dags/example_sensor_decorator.py
[2025-12-01T20:24:24.375+0300] {logging_mixin.py:137} INFO - [2025-12-01T20:24:24.374+0300] {dag.py:2705} INFO - Sync 1 DAGs
[2025-12-01T20:24:24.414+0300] {logging_mixin.py:137} INFO - [2025-12-01T20:24:24.413+0300] {dag.py:3456} INFO - Setting next_dagrun for example_sensor_decorator to None, run_after=None
[2025-12-01T20:24:24.477+0300] {processor.py:175} INFO - Processing /home/pker/airflow_env/lib/python3.7/site-packages/airflow/example_dags/example_sensor_decorator.py took 0.207 seconds
[2025-12-01T20:25:14.322+0300] {processor.py:153} INFO - Started process (PID=921822) to work on /home/pker/airflow_env/lib/python3.7/site-packages/airflow/example_dags/example_sensor_decorator.py
[2025-12-01T20:25:14.344+0300] {processor.py:743} INFO - Processing file /home/pker/airflow_env/lib/python3.7/site-packages/airflow/example_dags/example_sensor_decorator.py for tasks to queue
[2025-12-01T20:25:14.346+0300] {logging_mixin.py:137} INFO - [2025-12-01T20:25:14.346+0300] {dagbag.py:532} INFO - Filling up the DagBag from /home/pker/airflow_env/lib/python3.7/site-packages/airflow/example_dags/example_sensor_decorator.py
[2025-12-01T20:25:14.385+0300] {processor.py:753} INFO - DAG(s) dict_keys(['example_sensor_decorator']) retrieved from /home/pker/airflow_env/lib/python3.7/site-packages/airflow/example_dags/example_sensor_decorator.py
[2025-12-01T20:25:14.407+0300] {logging_mixin.py:137} INFO - [2025-12-01T20:25:14.407+0300] {dag.py:2705} INFO - Sync 1 DAGs
[2025-12-01T20:25:14.437+0300] {logging_mixin.py:137} INFO - [2025-12-01T20:25:14.437+0300] {dag.py:3456} INFO - Setting next_dagrun for example_sensor_decorator to None, run_after=None
[2025-12-01T20:25:14.484+0300] {processor.py:175} INFO - Processing /home/pker/airflow_env/lib/python3.7/site-packages/airflow/example_dags/example_sensor_decorator.py took 0.167 seconds
[2025-12-01T20:26:00.596+0300] {processor.py:153} INFO - Started process (PID=921993) to work on /home/pker/airflow_env/lib/python3.7/site-packages/airflow/example_dags/example_sensor_decorator.py
[2025-12-01T20:26:00.617+0300] {processor.py:743} INFO - Processing file /home/pker/airflow_env/lib/python3.7/site-packages/airflow/example_dags/example_sensor_decorator.py for tasks to queue
[2025-12-01T20:26:00.620+0300] {logging_mixin.py:137} INFO - [2025-12-01T20:26:00.620+0300] {dagbag.py:532} INFO - Filling up the DagBag from /home/pker/airflow_env/lib/python3.7/site-packages/airflow/example_dags/example_sensor_decorator.py
[2025-12-01T20:26:00.659+0300] {processor.py:753} INFO - DAG(s) dict_keys(['example_sensor_decorator']) retrieved from /home/pker/airflow_env/lib/python3.7/site-packages/airflow/example_dags/example_sensor_decorator.py
[2025-12-01T20:26:00.690+0300] {logging_mixin.py:137} INFO - [2025-12-01T20:26:00.690+0300] {dag.py:2705} INFO - Sync 1 DAGs
[2025-12-01T20:26:00.717+0300] {logging_mixin.py:137} INFO - [2025-12-01T20:26:00.717+0300] {dag.py:3456} INFO - Setting next_dagrun for example_sensor_decorator to None, run_after=None
[2025-12-01T20:26:00.751+0300] {processor.py:175} INFO - Processing /home/pker/airflow_env/lib/python3.7/site-packages/airflow/example_dags/example_sensor_decorator.py took 0.160 seconds
[2025-12-01T20:26:49.200+0300] {processor.py:153} INFO - Started process (PID=922166) to work on /home/pker/airflow_env/lib/python3.7/site-packages/airflow/example_dags/example_sensor_decorator.py
[2025-12-01T20:26:49.223+0300] {processor.py:743} INFO - Processing file /home/pker/airflow_env/lib/python3.7/site-packages/airflow/example_dags/example_sensor_decorator.py for tasks to queue
[2025-12-01T20:26:49.226+0300] {logging_mixin.py:137} INFO - [2025-12-01T20:26:49.225+0300] {dagbag.py:532} INFO - Filling up the DagBag from /home/pker/airflow_env/lib/python3.7/site-packages/airflow/example_dags/example_sensor_decorator.py
[2025-12-01T20:26:49.265+0300] {processor.py:753} INFO - DAG(s) dict_keys(['example_sensor_decorator']) retrieved from /home/pker/airflow_env/lib/python3.7/site-packages/airflow/example_dags/example_sensor_decorator.py
[2025-12-01T20:26:49.289+0300] {logging_mixin.py:137} INFO - [2025-12-01T20:26:49.289+0300] {dag.py:2705} INFO - Sync 1 DAGs
[2025-12-01T20:26:49.320+0300] {logging_mixin.py:137} INFO - [2025-12-01T20:26:49.319+0300] {dag.py:3456} INFO - Setting next_dagrun for example_sensor_decorator to None, run_after=None
[2025-12-01T20:26:49.351+0300] {processor.py:175} INFO - Processing /home/pker/airflow_env/lib/python3.7/site-packages/airflow/example_dags/example_sensor_decorator.py took 0.157 seconds
[2025-12-01T20:27:36.943+0300] {processor.py:153} INFO - Started process (PID=922338) to work on /home/pker/airflow_env/lib/python3.7/site-packages/airflow/example_dags/example_sensor_decorator.py
[2025-12-01T20:27:36.965+0300] {processor.py:743} INFO - Processing file /home/pker/airflow_env/lib/python3.7/site-packages/airflow/example_dags/example_sensor_decorator.py for tasks to queue
[2025-12-01T20:27:36.967+0300] {logging_mixin.py:137} INFO - [2025-12-01T20:27:36.966+0300] {dagbag.py:532} INFO - Filling up the DagBag from /home/pker/airflow_env/lib/python3.7/site-packages/airflow/example_dags/example_sensor_decorator.py
[2025-12-01T20:27:37.001+0300] {processor.py:753} INFO - DAG(s) dict_keys(['example_sensor_decorator']) retrieved from /home/pker/airflow_env/lib/python3.7/site-packages/airflow/example_dags/example_sensor_decorator.py
[2025-12-01T20:27:37.023+0300] {logging_mixin.py:137} INFO - [2025-12-01T20:27:37.023+0300] {dag.py:2705} INFO - Sync 1 DAGs
[2025-12-01T20:27:37.048+0300] {logging_mixin.py:137} INFO - [2025-12-01T20:27:37.048+0300] {dag.py:3456} INFO - Setting next_dagrun for example_sensor_decorator to None, run_after=None
[2025-12-01T20:27:37.079+0300] {processor.py:175} INFO - Processing /home/pker/airflow_env/lib/python3.7/site-packages/airflow/example_dags/example_sensor_decorator.py took 0.143 seconds
[2025-12-01T20:28:25.139+0300] {processor.py:153} INFO - Started process (PID=922513) to work on /home/pker/airflow_env/lib/python3.7/site-packages/airflow/example_dags/example_sensor_decorator.py
[2025-12-01T20:28:25.163+0300] {processor.py:743} INFO - Processing file /home/pker/airflow_env/lib/python3.7/site-packages/airflow/example_dags/example_sensor_decorator.py for tasks to queue
[2025-12-01T20:28:25.166+0300] {logging_mixin.py:137} INFO - [2025-12-01T20:28:25.165+0300] {dagbag.py:532} INFO - Filling up the DagBag from /home/pker/airflow_env/lib/python3.7/site-packages/airflow/example_dags/example_sensor_decorator.py
[2025-12-01T20:28:25.204+0300] {processor.py:753} INFO - DAG(s) dict_keys(['example_sensor_decorator']) retrieved from /home/pker/airflow_env/lib/python3.7/site-packages/airflow/example_dags/example_sensor_decorator.py
[2025-12-01T20:28:25.231+0300] {logging_mixin.py:137} INFO - [2025-12-01T20:28:25.231+0300] {dag.py:2705} INFO - Sync 1 DAGs
[2025-12-01T20:28:25.258+0300] {logging_mixin.py:137} INFO - [2025-12-01T20:28:25.258+0300] {dag.py:3456} INFO - Setting next_dagrun for example_sensor_decorator to None, run_after=None
[2025-12-01T20:28:25.289+0300] {processor.py:175} INFO - Processing /home/pker/airflow_env/lib/python3.7/site-packages/airflow/example_dags/example_sensor_decorator.py took 0.155 seconds
[2025-12-01T20:29:32.008+0300] {processor.py:153} INFO - Started process (PID=922773) to work on /home/pker/airflow_env/lib/python3.7/site-packages/airflow/example_dags/example_sensor_decorator.py
[2025-12-01T20:29:32.032+0300] {processor.py:743} INFO - Processing file /home/pker/airflow_env/lib/python3.7/site-packages/airflow/example_dags/example_sensor_decorator.py for tasks to queue
[2025-12-01T20:29:32.036+0300] {logging_mixin.py:137} INFO - [2025-12-01T20:29:32.035+0300] {dagbag.py:532} INFO - Filling up the DagBag from /home/pker/airflow_env/lib/python3.7/site-packages/airflow/example_dags/example_sensor_decorator.py
[2025-12-01T20:29:32.074+0300] {processor.py:753} INFO - DAG(s) dict_keys(['example_sensor_decorator']) retrieved from /home/pker/airflow_env/lib/python3.7/site-packages/airflow/example_dags/example_sensor_decorator.py
[2025-12-01T20:29:32.096+0300] {logging_mixin.py:137} INFO - [2025-12-01T20:29:32.096+0300] {dag.py:2705} INFO - Sync 1 DAGs
[2025-12-01T20:29:32.129+0300] {logging_mixin.py:137} INFO - [2025-12-01T20:29:32.128+0300] {dag.py:3456} INFO - Setting next_dagrun for example_sensor_decorator to None, run_after=None
[2025-12-01T20:29:32.186+0300] {processor.py:175} INFO - Processing /home/pker/airflow_env/lib/python3.7/site-packages/airflow/example_dags/example_sensor_decorator.py took 0.183 seconds
[2025-12-01T20:30:22.236+0300] {processor.py:153} INFO - Started process (PID=922952) to work on /home/pker/airflow_env/lib/python3.7/site-packages/airflow/example_dags/example_sensor_decorator.py
[2025-12-01T20:30:22.257+0300] {processor.py:743} INFO - Processing file /home/pker/airflow_env/lib/python3.7/site-packages/airflow/example_dags/example_sensor_decorator.py for tasks to queue
[2025-12-01T20:30:22.260+0300] {logging_mixin.py:137} INFO - [2025-12-01T20:30:22.259+0300] {dagbag.py:532} INFO - Filling up the DagBag from /home/pker/airflow_env/lib/python3.7/site-packages/airflow/example_dags/example_sensor_decorator.py
[2025-12-01T20:30:22.297+0300] {processor.py:753} INFO - DAG(s) dict_keys(['example_sensor_decorator']) retrieved from /home/pker/airflow_env/lib/python3.7/site-packages/airflow/example_dags/example_sensor_decorator.py
[2025-12-01T20:30:22.326+0300] {logging_mixin.py:137} INFO - [2025-12-01T20:30:22.326+0300] {dag.py:2705} INFO - Sync 1 DAGs
[2025-12-01T20:30:22.354+0300] {logging_mixin.py:137} INFO - [2025-12-01T20:30:22.354+0300] {dag.py:3456} INFO - Setting next_dagrun for example_sensor_decorator to None, run_after=None
[2025-12-01T20:30:22.387+0300] {processor.py:175} INFO - Processing /home/pker/airflow_env/lib/python3.7/site-packages/airflow/example_dags/example_sensor_decorator.py took 0.158 seconds
[2025-12-01T20:31:14.713+0300] {processor.py:153} INFO - Started process (PID=923144) to work on /home/pker/airflow_env/lib/python3.7/site-packages/airflow/example_dags/example_sensor_decorator.py
[2025-12-01T20:31:14.737+0300] {processor.py:743} INFO - Processing file /home/pker/airflow_env/lib/python3.7/site-packages/airflow/example_dags/example_sensor_decorator.py for tasks to queue
[2025-12-01T20:31:14.740+0300] {logging_mixin.py:137} INFO - [2025-12-01T20:31:14.739+0300] {dagbag.py:532} INFO - Filling up the DagBag from /home/pker/airflow_env/lib/python3.7/site-packages/airflow/example_dags/example_sensor_decorator.py
[2025-12-01T20:31:14.779+0300] {processor.py:753} INFO - DAG(s) dict_keys(['example_sensor_decorator']) retrieved from /home/pker/airflow_env/lib/python3.7/site-packages/airflow/example_dags/example_sensor_decorator.py
[2025-12-01T20:31:14.809+0300] {logging_mixin.py:137} INFO - [2025-12-01T20:31:14.809+0300] {dag.py:2705} INFO - Sync 1 DAGs
[2025-12-01T20:31:14.842+0300] {logging_mixin.py:137} INFO - [2025-12-01T20:31:14.842+0300] {dag.py:3456} INFO - Setting next_dagrun for example_sensor_decorator to None, run_after=None
[2025-12-01T20:31:14.875+0300] {processor.py:175} INFO - Processing /home/pker/airflow_env/lib/python3.7/site-packages/airflow/example_dags/example_sensor_decorator.py took 0.167 seconds
