[2025-12-01T13:02:51.687+0300] {processor.py:153} INFO - Started process (PID=912907) to work on /home/pker/airflow_env/lib/python3.7/site-packages/airflow/example_dags/example_datasets.py
[2025-12-01T13:02:51.688+0300] {processor.py:743} INFO - Processing file /home/pker/airflow_env/lib/python3.7/site-packages/airflow/example_dags/example_datasets.py for tasks to queue
[2025-12-01T13:02:51.690+0300] {logging_mixin.py:137} INFO - [2025-12-01T13:02:51.689+0300] {dagbag.py:532} INFO - Filling up the DagBag from /home/pker/airflow_env/lib/python3.7/site-packages/airflow/example_dags/example_datasets.py
[2025-12-01T13:02:51.709+0300] {processor.py:753} INFO - DAG(s) dict_keys(['dataset_consumes_1_never_scheduled', 'dataset_consumes_1', 'dataset_produces_2', 'dataset_produces_1', 'dataset_consumes_unknown_never_scheduled', 'dataset_consumes_1_and_2']) retrieved from /home/pker/airflow_env/lib/python3.7/site-packages/airflow/example_dags/example_datasets.py
[2025-12-01T13:02:51.828+0300] {logging_mixin.py:137} INFO - [2025-12-01T13:02:51.828+0300] {dag.py:2705} INFO - Sync 6 DAGs
[2025-12-01T13:02:51.864+0300] {logging_mixin.py:137} INFO - [2025-12-01T13:02:51.864+0300] {dag.py:3456} INFO - Setting next_dagrun for dataset_consumes_1 to None, run_after=None
[2025-12-01T13:02:51.869+0300] {logging_mixin.py:137} INFO - [2025-12-01T13:02:51.869+0300] {dag.py:3456} INFO - Setting next_dagrun for dataset_consumes_1_and_2 to None, run_after=None
[2025-12-01T13:02:51.870+0300] {logging_mixin.py:137} INFO - [2025-12-01T13:02:51.870+0300] {dag.py:3456} INFO - Setting next_dagrun for dataset_consumes_1_never_scheduled to None, run_after=None
[2025-12-01T13:02:51.871+0300] {logging_mixin.py:137} INFO - [2025-12-01T13:02:51.871+0300] {dag.py:3456} INFO - Setting next_dagrun for dataset_consumes_unknown_never_scheduled to None, run_after=None
[2025-12-01T13:02:51.874+0300] {logging_mixin.py:137} INFO - [2025-12-01T13:02:51.874+0300] {dag.py:3456} INFO - Setting next_dagrun for dataset_produces_1 to 2025-11-30T00:00:00+00:00, run_after=2025-12-01T00:00:00+00:00
[2025-12-01T13:02:51.875+0300] {logging_mixin.py:137} INFO - [2025-12-01T13:02:51.875+0300] {dag.py:3456} INFO - Setting next_dagrun for dataset_produces_2 to None, run_after=None
[2025-12-01T13:02:51.955+0300] {processor.py:175} INFO - Processing /home/pker/airflow_env/lib/python3.7/site-packages/airflow/example_dags/example_datasets.py took 0.271 seconds
[2025-12-01T20:14:38.178+0300] {processor.py:153} INFO - Started process (PID=919366) to work on /home/pker/airflow_env/lib/python3.7/site-packages/airflow/example_dags/example_datasets.py
[2025-12-01T20:14:38.200+0300] {processor.py:743} INFO - Processing file /home/pker/airflow_env/lib/python3.7/site-packages/airflow/example_dags/example_datasets.py for tasks to queue
[2025-12-01T20:14:38.203+0300] {logging_mixin.py:137} INFO - [2025-12-01T20:14:38.202+0300] {dagbag.py:532} INFO - Filling up the DagBag from /home/pker/airflow_env/lib/python3.7/site-packages/airflow/example_dags/example_datasets.py
[2025-12-01T20:14:38.229+0300] {processor.py:753} INFO - DAG(s) dict_keys(['dataset_produces_2', 'dataset_consumes_unknown_never_scheduled', 'dataset_consumes_1_and_2', 'dataset_consumes_1_never_scheduled', 'dataset_consumes_1', 'dataset_produces_1']) retrieved from /home/pker/airflow_env/lib/python3.7/site-packages/airflow/example_dags/example_datasets.py
[2025-12-01T20:14:38.325+0300] {logging_mixin.py:137} INFO - [2025-12-01T20:14:38.325+0300] {dag.py:2705} INFO - Sync 6 DAGs
[2025-12-01T20:14:38.354+0300] {logging_mixin.py:137} INFO - [2025-12-01T20:14:38.354+0300] {dag.py:3456} INFO - Setting next_dagrun for dataset_consumes_1 to None, run_after=None
[2025-12-01T20:14:38.359+0300] {logging_mixin.py:137} INFO - [2025-12-01T20:14:38.359+0300] {dag.py:3456} INFO - Setting next_dagrun for dataset_consumes_1_and_2 to None, run_after=None
[2025-12-01T20:14:38.361+0300] {logging_mixin.py:137} INFO - [2025-12-01T20:14:38.360+0300] {dag.py:3456} INFO - Setting next_dagrun for dataset_consumes_1_never_scheduled to None, run_after=None
[2025-12-01T20:14:38.362+0300] {logging_mixin.py:137} INFO - [2025-12-01T20:14:38.362+0300] {dag.py:3456} INFO - Setting next_dagrun for dataset_consumes_unknown_never_scheduled to None, run_after=None
[2025-12-01T20:14:38.366+0300] {logging_mixin.py:137} INFO - [2025-12-01T20:14:38.366+0300] {dag.py:3456} INFO - Setting next_dagrun for dataset_produces_1 to 2025-11-30T00:00:00+00:00, run_after=2025-12-01T00:00:00+00:00
[2025-12-01T20:14:38.368+0300] {logging_mixin.py:137} INFO - [2025-12-01T20:14:38.368+0300] {dag.py:3456} INFO - Setting next_dagrun for dataset_produces_2 to None, run_after=None
[2025-12-01T20:14:38.443+0300] {processor.py:175} INFO - Processing /home/pker/airflow_env/lib/python3.7/site-packages/airflow/example_dags/example_datasets.py took 0.269 seconds
[2025-12-01T20:15:36.838+0300] {processor.py:153} INFO - Started process (PID=919721) to work on /home/pker/airflow_env/lib/python3.7/site-packages/airflow/example_dags/example_datasets.py
[2025-12-01T20:15:36.862+0300] {processor.py:743} INFO - Processing file /home/pker/airflow_env/lib/python3.7/site-packages/airflow/example_dags/example_datasets.py for tasks to queue
[2025-12-01T20:15:36.865+0300] {logging_mixin.py:137} INFO - [2025-12-01T20:15:36.865+0300] {dagbag.py:532} INFO - Filling up the DagBag from /home/pker/airflow_env/lib/python3.7/site-packages/airflow/example_dags/example_datasets.py
[2025-12-01T20:15:36.898+0300] {processor.py:753} INFO - DAG(s) dict_keys(['dataset_consumes_1_never_scheduled', 'dataset_consumes_1_and_2', 'dataset_produces_1', 'dataset_produces_2', 'dataset_consumes_1', 'dataset_consumes_unknown_never_scheduled']) retrieved from /home/pker/airflow_env/lib/python3.7/site-packages/airflow/example_dags/example_datasets.py
[2025-12-01T20:15:36.937+0300] {logging_mixin.py:137} INFO - [2025-12-01T20:15:36.937+0300] {dag.py:2705} INFO - Sync 6 DAGs
[2025-12-01T20:15:36.970+0300] {logging_mixin.py:137} INFO - [2025-12-01T20:15:36.969+0300] {dag.py:3456} INFO - Setting next_dagrun for dataset_consumes_1 to None, run_after=None
[2025-12-01T20:15:36.973+0300] {logging_mixin.py:137} INFO - [2025-12-01T20:15:36.973+0300] {dag.py:3456} INFO - Setting next_dagrun for dataset_consumes_1_and_2 to None, run_after=None
[2025-12-01T20:15:36.974+0300] {logging_mixin.py:137} INFO - [2025-12-01T20:15:36.974+0300] {dag.py:3456} INFO - Setting next_dagrun for dataset_consumes_1_never_scheduled to None, run_after=None
[2025-12-01T20:15:36.975+0300] {logging_mixin.py:137} INFO - [2025-12-01T20:15:36.975+0300] {dag.py:3456} INFO - Setting next_dagrun for dataset_consumes_unknown_never_scheduled to None, run_after=None
[2025-12-01T20:15:36.978+0300] {logging_mixin.py:137} INFO - [2025-12-01T20:15:36.978+0300] {dag.py:3456} INFO - Setting next_dagrun for dataset_produces_1 to 2025-11-30T00:00:00+00:00, run_after=2025-12-01T00:00:00+00:00
[2025-12-01T20:15:36.979+0300] {logging_mixin.py:137} INFO - [2025-12-01T20:15:36.979+0300] {dag.py:3456} INFO - Setting next_dagrun for dataset_produces_2 to None, run_after=None
[2025-12-01T20:15:37.053+0300] {processor.py:175} INFO - Processing /home/pker/airflow_env/lib/python3.7/site-packages/airflow/example_dags/example_datasets.py took 0.220 seconds
[2025-12-01T20:16:33.380+0300] {processor.py:153} INFO - Started process (PID=919919) to work on /home/pker/airflow_env/lib/python3.7/site-packages/airflow/example_dags/example_datasets.py
[2025-12-01T20:16:33.402+0300] {processor.py:743} INFO - Processing file /home/pker/airflow_env/lib/python3.7/site-packages/airflow/example_dags/example_datasets.py for tasks to queue
[2025-12-01T20:16:33.405+0300] {logging_mixin.py:137} INFO - [2025-12-01T20:16:33.405+0300] {dagbag.py:532} INFO - Filling up the DagBag from /home/pker/airflow_env/lib/python3.7/site-packages/airflow/example_dags/example_datasets.py
[2025-12-01T20:16:33.432+0300] {processor.py:753} INFO - DAG(s) dict_keys(['dataset_consumes_1_never_scheduled', 'dataset_consumes_1', 'dataset_produces_2', 'dataset_produces_1', 'dataset_consumes_1_and_2', 'dataset_consumes_unknown_never_scheduled']) retrieved from /home/pker/airflow_env/lib/python3.7/site-packages/airflow/example_dags/example_datasets.py
[2025-12-01T20:16:33.471+0300] {logging_mixin.py:137} INFO - [2025-12-01T20:16:33.471+0300] {dag.py:2705} INFO - Sync 6 DAGs
[2025-12-01T20:16:33.504+0300] {logging_mixin.py:137} INFO - [2025-12-01T20:16:33.504+0300] {dag.py:3456} INFO - Setting next_dagrun for dataset_consumes_1 to None, run_after=None
[2025-12-01T20:16:33.510+0300] {logging_mixin.py:137} INFO - [2025-12-01T20:16:33.510+0300] {dag.py:3456} INFO - Setting next_dagrun for dataset_consumes_1_and_2 to None, run_after=None
[2025-12-01T20:16:33.512+0300] {logging_mixin.py:137} INFO - [2025-12-01T20:16:33.512+0300] {dag.py:3456} INFO - Setting next_dagrun for dataset_consumes_1_never_scheduled to None, run_after=None
[2025-12-01T20:16:33.513+0300] {logging_mixin.py:137} INFO - [2025-12-01T20:16:33.513+0300] {dag.py:3456} INFO - Setting next_dagrun for dataset_consumes_unknown_never_scheduled to None, run_after=None
[2025-12-01T20:16:33.517+0300] {logging_mixin.py:137} INFO - [2025-12-01T20:16:33.517+0300] {dag.py:3456} INFO - Setting next_dagrun for dataset_produces_1 to 2025-11-30T00:00:00+00:00, run_after=2025-12-01T00:00:00+00:00
[2025-12-01T20:16:33.519+0300] {logging_mixin.py:137} INFO - [2025-12-01T20:16:33.518+0300] {dag.py:3456} INFO - Setting next_dagrun for dataset_produces_2 to None, run_after=None
[2025-12-01T20:16:33.576+0300] {processor.py:175} INFO - Processing /home/pker/airflow_env/lib/python3.7/site-packages/airflow/example_dags/example_datasets.py took 0.200 seconds
[2025-12-01T20:17:25.387+0300] {processor.py:153} INFO - Started process (PID=920101) to work on /home/pker/airflow_env/lib/python3.7/site-packages/airflow/example_dags/example_datasets.py
[2025-12-01T20:17:25.409+0300] {processor.py:743} INFO - Processing file /home/pker/airflow_env/lib/python3.7/site-packages/airflow/example_dags/example_datasets.py for tasks to queue
[2025-12-01T20:17:25.410+0300] {logging_mixin.py:137} INFO - [2025-12-01T20:17:25.410+0300] {dagbag.py:532} INFO - Filling up the DagBag from /home/pker/airflow_env/lib/python3.7/site-packages/airflow/example_dags/example_datasets.py
[2025-12-01T20:17:25.439+0300] {processor.py:753} INFO - DAG(s) dict_keys(['dataset_produces_1', 'dataset_consumes_1_never_scheduled', 'dataset_produces_2', 'dataset_consumes_unknown_never_scheduled', 'dataset_consumes_1_and_2', 'dataset_consumes_1']) retrieved from /home/pker/airflow_env/lib/python3.7/site-packages/airflow/example_dags/example_datasets.py
[2025-12-01T20:17:25.480+0300] {logging_mixin.py:137} INFO - [2025-12-01T20:17:25.480+0300] {dag.py:2705} INFO - Sync 6 DAGs
[2025-12-01T20:17:25.517+0300] {logging_mixin.py:137} INFO - [2025-12-01T20:17:25.517+0300] {dag.py:3456} INFO - Setting next_dagrun for dataset_consumes_1 to None, run_after=None
[2025-12-01T20:17:25.522+0300] {logging_mixin.py:137} INFO - [2025-12-01T20:17:25.522+0300] {dag.py:3456} INFO - Setting next_dagrun for dataset_consumes_1_and_2 to None, run_after=None
[2025-12-01T20:17:25.523+0300] {logging_mixin.py:137} INFO - [2025-12-01T20:17:25.523+0300] {dag.py:3456} INFO - Setting next_dagrun for dataset_consumes_1_never_scheduled to None, run_after=None
[2025-12-01T20:17:25.525+0300] {logging_mixin.py:137} INFO - [2025-12-01T20:17:25.525+0300] {dag.py:3456} INFO - Setting next_dagrun for dataset_consumes_unknown_never_scheduled to None, run_after=None
[2025-12-01T20:17:25.528+0300] {logging_mixin.py:137} INFO - [2025-12-01T20:17:25.528+0300] {dag.py:3456} INFO - Setting next_dagrun for dataset_produces_1 to 2025-11-30T00:00:00+00:00, run_after=2025-12-01T00:00:00+00:00
[2025-12-01T20:17:25.530+0300] {logging_mixin.py:137} INFO - [2025-12-01T20:17:25.529+0300] {dag.py:3456} INFO - Setting next_dagrun for dataset_produces_2 to None, run_after=None
[2025-12-01T20:17:25.607+0300] {processor.py:175} INFO - Processing /home/pker/airflow_env/lib/python3.7/site-packages/airflow/example_dags/example_datasets.py took 0.225 seconds
[2025-12-01T20:18:15.177+0300] {processor.py:153} INFO - Started process (PID=920284) to work on /home/pker/airflow_env/lib/python3.7/site-packages/airflow/example_dags/example_datasets.py
[2025-12-01T20:18:15.199+0300] {processor.py:743} INFO - Processing file /home/pker/airflow_env/lib/python3.7/site-packages/airflow/example_dags/example_datasets.py for tasks to queue
[2025-12-01T20:18:15.201+0300] {logging_mixin.py:137} INFO - [2025-12-01T20:18:15.201+0300] {dagbag.py:532} INFO - Filling up the DagBag from /home/pker/airflow_env/lib/python3.7/site-packages/airflow/example_dags/example_datasets.py
[2025-12-01T20:18:15.229+0300] {processor.py:753} INFO - DAG(s) dict_keys(['dataset_consumes_unknown_never_scheduled', 'dataset_consumes_1', 'dataset_produces_1', 'dataset_consumes_1_and_2', 'dataset_produces_2', 'dataset_consumes_1_never_scheduled']) retrieved from /home/pker/airflow_env/lib/python3.7/site-packages/airflow/example_dags/example_datasets.py
[2025-12-01T20:18:15.267+0300] {logging_mixin.py:137} INFO - [2025-12-01T20:18:15.267+0300] {dag.py:2705} INFO - Sync 6 DAGs
[2025-12-01T20:18:15.295+0300] {logging_mixin.py:137} INFO - [2025-12-01T20:18:15.294+0300] {dag.py:3456} INFO - Setting next_dagrun for dataset_consumes_1 to None, run_after=None
[2025-12-01T20:18:15.298+0300] {logging_mixin.py:137} INFO - [2025-12-01T20:18:15.298+0300] {dag.py:3456} INFO - Setting next_dagrun for dataset_consumes_1_and_2 to None, run_after=None
[2025-12-01T20:18:15.299+0300] {logging_mixin.py:137} INFO - [2025-12-01T20:18:15.299+0300] {dag.py:3456} INFO - Setting next_dagrun for dataset_consumes_1_never_scheduled to None, run_after=None
[2025-12-01T20:18:15.300+0300] {logging_mixin.py:137} INFO - [2025-12-01T20:18:15.300+0300] {dag.py:3456} INFO - Setting next_dagrun for dataset_consumes_unknown_never_scheduled to None, run_after=None
[2025-12-01T20:18:15.302+0300] {logging_mixin.py:137} INFO - [2025-12-01T20:18:15.302+0300] {dag.py:3456} INFO - Setting next_dagrun for dataset_produces_1 to 2025-11-30T00:00:00+00:00, run_after=2025-12-01T00:00:00+00:00
[2025-12-01T20:18:15.303+0300] {logging_mixin.py:137} INFO - [2025-12-01T20:18:15.303+0300] {dag.py:3456} INFO - Setting next_dagrun for dataset_produces_2 to None, run_after=None
[2025-12-01T20:18:15.372+0300] {processor.py:175} INFO - Processing /home/pker/airflow_env/lib/python3.7/site-packages/airflow/example_dags/example_datasets.py took 0.200 seconds
[2025-12-01T20:19:04.317+0300] {processor.py:153} INFO - Started process (PID=920457) to work on /home/pker/airflow_env/lib/python3.7/site-packages/airflow/example_dags/example_datasets.py
[2025-12-01T20:19:04.340+0300] {processor.py:743} INFO - Processing file /home/pker/airflow_env/lib/python3.7/site-packages/airflow/example_dags/example_datasets.py for tasks to queue
[2025-12-01T20:19:04.343+0300] {logging_mixin.py:137} INFO - [2025-12-01T20:19:04.342+0300] {dagbag.py:532} INFO - Filling up the DagBag from /home/pker/airflow_env/lib/python3.7/site-packages/airflow/example_dags/example_datasets.py
[2025-12-01T20:19:04.370+0300] {processor.py:753} INFO - DAG(s) dict_keys(['dataset_produces_2', 'dataset_consumes_1', 'dataset_consumes_1_never_scheduled', 'dataset_produces_1', 'dataset_consumes_unknown_never_scheduled', 'dataset_consumes_1_and_2']) retrieved from /home/pker/airflow_env/lib/python3.7/site-packages/airflow/example_dags/example_datasets.py
[2025-12-01T20:19:04.410+0300] {logging_mixin.py:137} INFO - [2025-12-01T20:19:04.409+0300] {dag.py:2705} INFO - Sync 6 DAGs
[2025-12-01T20:19:04.441+0300] {logging_mixin.py:137} INFO - [2025-12-01T20:19:04.441+0300] {dag.py:3456} INFO - Setting next_dagrun for dataset_consumes_1 to None, run_after=None
[2025-12-01T20:19:04.447+0300] {logging_mixin.py:137} INFO - [2025-12-01T20:19:04.447+0300] {dag.py:3456} INFO - Setting next_dagrun for dataset_consumes_1_and_2 to None, run_after=None
[2025-12-01T20:19:04.448+0300] {logging_mixin.py:137} INFO - [2025-12-01T20:19:04.448+0300] {dag.py:3456} INFO - Setting next_dagrun for dataset_consumes_1_never_scheduled to None, run_after=None
[2025-12-01T20:19:04.450+0300] {logging_mixin.py:137} INFO - [2025-12-01T20:19:04.450+0300] {dag.py:3456} INFO - Setting next_dagrun for dataset_consumes_unknown_never_scheduled to None, run_after=None
[2025-12-01T20:19:04.454+0300] {logging_mixin.py:137} INFO - [2025-12-01T20:19:04.453+0300] {dag.py:3456} INFO - Setting next_dagrun for dataset_produces_1 to 2025-11-30T00:00:00+00:00, run_after=2025-12-01T00:00:00+00:00
[2025-12-01T20:19:04.455+0300] {logging_mixin.py:137} INFO - [2025-12-01T20:19:04.455+0300] {dag.py:3456} INFO - Setting next_dagrun for dataset_produces_2 to None, run_after=None
[2025-12-01T20:19:04.532+0300] {processor.py:175} INFO - Processing /home/pker/airflow_env/lib/python3.7/site-packages/airflow/example_dags/example_datasets.py took 0.221 seconds
[2025-12-01T20:19:50.330+0300] {processor.py:153} INFO - Started process (PID=920649) to work on /home/pker/airflow_env/lib/python3.7/site-packages/airflow/example_dags/example_datasets.py
[2025-12-01T20:19:50.353+0300] {processor.py:743} INFO - Processing file /home/pker/airflow_env/lib/python3.7/site-packages/airflow/example_dags/example_datasets.py for tasks to queue
[2025-12-01T20:19:50.355+0300] {logging_mixin.py:137} INFO - [2025-12-01T20:19:50.355+0300] {dagbag.py:532} INFO - Filling up the DagBag from /home/pker/airflow_env/lib/python3.7/site-packages/airflow/example_dags/example_datasets.py
[2025-12-01T20:19:50.387+0300] {processor.py:753} INFO - DAG(s) dict_keys(['dataset_consumes_1_never_scheduled', 'dataset_produces_1', 'dataset_consumes_1_and_2', 'dataset_consumes_unknown_never_scheduled', 'dataset_produces_2', 'dataset_consumes_1']) retrieved from /home/pker/airflow_env/lib/python3.7/site-packages/airflow/example_dags/example_datasets.py
[2025-12-01T20:19:50.430+0300] {logging_mixin.py:137} INFO - [2025-12-01T20:19:50.429+0300] {dag.py:2705} INFO - Sync 6 DAGs
[2025-12-01T20:19:50.468+0300] {logging_mixin.py:137} INFO - [2025-12-01T20:19:50.468+0300] {dag.py:3456} INFO - Setting next_dagrun for dataset_consumes_1 to None, run_after=None
[2025-12-01T20:19:50.473+0300] {logging_mixin.py:137} INFO - [2025-12-01T20:19:50.473+0300] {dag.py:3456} INFO - Setting next_dagrun for dataset_consumes_1_and_2 to None, run_after=None
[2025-12-01T20:19:50.474+0300] {logging_mixin.py:137} INFO - [2025-12-01T20:19:50.474+0300] {dag.py:3456} INFO - Setting next_dagrun for dataset_consumes_1_never_scheduled to None, run_after=None
[2025-12-01T20:19:50.476+0300] {logging_mixin.py:137} INFO - [2025-12-01T20:19:50.476+0300] {dag.py:3456} INFO - Setting next_dagrun for dataset_consumes_unknown_never_scheduled to None, run_after=None
[2025-12-01T20:19:50.480+0300] {logging_mixin.py:137} INFO - [2025-12-01T20:19:50.479+0300] {dag.py:3456} INFO - Setting next_dagrun for dataset_produces_1 to 2025-11-30T00:00:00+00:00, run_after=2025-12-01T00:00:00+00:00
[2025-12-01T20:19:50.481+0300] {logging_mixin.py:137} INFO - [2025-12-01T20:19:50.481+0300] {dag.py:3456} INFO - Setting next_dagrun for dataset_produces_2 to None, run_after=None
[2025-12-01T20:19:50.555+0300] {processor.py:175} INFO - Processing /home/pker/airflow_env/lib/python3.7/site-packages/airflow/example_dags/example_datasets.py took 0.232 seconds
[2025-12-01T20:20:38.088+0300] {processor.py:153} INFO - Started process (PID=920819) to work on /home/pker/airflow_env/lib/python3.7/site-packages/airflow/example_dags/example_datasets.py
[2025-12-01T20:20:38.110+0300] {processor.py:743} INFO - Processing file /home/pker/airflow_env/lib/python3.7/site-packages/airflow/example_dags/example_datasets.py for tasks to queue
[2025-12-01T20:20:38.112+0300] {logging_mixin.py:137} INFO - [2025-12-01T20:20:38.111+0300] {dagbag.py:532} INFO - Filling up the DagBag from /home/pker/airflow_env/lib/python3.7/site-packages/airflow/example_dags/example_datasets.py
[2025-12-01T20:20:38.138+0300] {processor.py:753} INFO - DAG(s) dict_keys(['dataset_produces_2', 'dataset_consumes_1_and_2', 'dataset_consumes_1', 'dataset_produces_1', 'dataset_consumes_unknown_never_scheduled', 'dataset_consumes_1_never_scheduled']) retrieved from /home/pker/airflow_env/lib/python3.7/site-packages/airflow/example_dags/example_datasets.py
[2025-12-01T20:20:38.216+0300] {logging_mixin.py:137} INFO - [2025-12-01T20:20:38.215+0300] {dag.py:2705} INFO - Sync 6 DAGs
[2025-12-01T20:20:38.311+0300] {logging_mixin.py:137} INFO - [2025-12-01T20:20:38.310+0300] {dag.py:3456} INFO - Setting next_dagrun for dataset_consumes_1 to None, run_after=None
[2025-12-01T20:20:38.322+0300] {logging_mixin.py:137} INFO - [2025-12-01T20:20:38.321+0300] {dag.py:3456} INFO - Setting next_dagrun for dataset_consumes_1_and_2 to None, run_after=None
[2025-12-01T20:20:38.327+0300] {logging_mixin.py:137} INFO - [2025-12-01T20:20:38.327+0300] {dag.py:3456} INFO - Setting next_dagrun for dataset_consumes_1_never_scheduled to None, run_after=None
[2025-12-01T20:20:38.329+0300] {logging_mixin.py:137} INFO - [2025-12-01T20:20:38.328+0300] {dag.py:3456} INFO - Setting next_dagrun for dataset_consumes_unknown_never_scheduled to None, run_after=None
[2025-12-01T20:20:38.332+0300] {logging_mixin.py:137} INFO - [2025-12-01T20:20:38.332+0300] {dag.py:3456} INFO - Setting next_dagrun for dataset_produces_1 to 2025-11-30T00:00:00+00:00, run_after=2025-12-01T00:00:00+00:00
[2025-12-01T20:20:38.333+0300] {logging_mixin.py:137} INFO - [2025-12-01T20:20:38.333+0300] {dag.py:3456} INFO - Setting next_dagrun for dataset_produces_2 to None, run_after=None
[2025-12-01T20:20:38.379+0300] {processor.py:175} INFO - Processing /home/pker/airflow_env/lib/python3.7/site-packages/airflow/example_dags/example_datasets.py took 0.296 seconds
[2025-12-01T20:21:24.585+0300] {processor.py:153} INFO - Started process (PID=920984) to work on /home/pker/airflow_env/lib/python3.7/site-packages/airflow/example_dags/example_datasets.py
[2025-12-01T20:21:24.609+0300] {processor.py:743} INFO - Processing file /home/pker/airflow_env/lib/python3.7/site-packages/airflow/example_dags/example_datasets.py for tasks to queue
[2025-12-01T20:21:24.611+0300] {logging_mixin.py:137} INFO - [2025-12-01T20:21:24.611+0300] {dagbag.py:532} INFO - Filling up the DagBag from /home/pker/airflow_env/lib/python3.7/site-packages/airflow/example_dags/example_datasets.py
[2025-12-01T20:21:24.639+0300] {processor.py:753} INFO - DAG(s) dict_keys(['dataset_consumes_1_and_2', 'dataset_produces_2', 'dataset_consumes_1', 'dataset_consumes_unknown_never_scheduled', 'dataset_produces_1', 'dataset_consumes_1_never_scheduled']) retrieved from /home/pker/airflow_env/lib/python3.7/site-packages/airflow/example_dags/example_datasets.py
[2025-12-01T20:21:24.686+0300] {logging_mixin.py:137} INFO - [2025-12-01T20:21:24.685+0300] {dag.py:2705} INFO - Sync 6 DAGs
[2025-12-01T20:21:24.712+0300] {logging_mixin.py:137} INFO - [2025-12-01T20:21:24.712+0300] {dag.py:3456} INFO - Setting next_dagrun for dataset_consumes_1 to None, run_after=None
[2025-12-01T20:21:24.716+0300] {logging_mixin.py:137} INFO - [2025-12-01T20:21:24.715+0300] {dag.py:3456} INFO - Setting next_dagrun for dataset_consumes_1_and_2 to None, run_after=None
[2025-12-01T20:21:24.717+0300] {logging_mixin.py:137} INFO - [2025-12-01T20:21:24.717+0300] {dag.py:3456} INFO - Setting next_dagrun for dataset_consumes_1_never_scheduled to None, run_after=None
[2025-12-01T20:21:24.718+0300] {logging_mixin.py:137} INFO - [2025-12-01T20:21:24.718+0300] {dag.py:3456} INFO - Setting next_dagrun for dataset_consumes_unknown_never_scheduled to None, run_after=None
[2025-12-01T20:21:24.724+0300] {logging_mixin.py:137} INFO - [2025-12-01T20:21:24.724+0300] {dag.py:3456} INFO - Setting next_dagrun for dataset_produces_1 to 2025-11-30T00:00:00+00:00, run_after=2025-12-01T00:00:00+00:00
[2025-12-01T20:21:24.727+0300] {logging_mixin.py:137} INFO - [2025-12-01T20:21:24.727+0300] {dag.py:3456} INFO - Setting next_dagrun for dataset_produces_2 to None, run_after=None
[2025-12-01T20:21:24.810+0300] {processor.py:175} INFO - Processing /home/pker/airflow_env/lib/python3.7/site-packages/airflow/example_dags/example_datasets.py took 0.230 seconds
[2025-12-01T20:22:14.382+0300] {processor.py:153} INFO - Started process (PID=921159) to work on /home/pker/airflow_env/lib/python3.7/site-packages/airflow/example_dags/example_datasets.py
[2025-12-01T20:22:14.405+0300] {processor.py:743} INFO - Processing file /home/pker/airflow_env/lib/python3.7/site-packages/airflow/example_dags/example_datasets.py for tasks to queue
[2025-12-01T20:22:14.407+0300] {logging_mixin.py:137} INFO - [2025-12-01T20:22:14.407+0300] {dagbag.py:532} INFO - Filling up the DagBag from /home/pker/airflow_env/lib/python3.7/site-packages/airflow/example_dags/example_datasets.py
[2025-12-01T20:22:14.434+0300] {processor.py:753} INFO - DAG(s) dict_keys(['dataset_produces_2', 'dataset_consumes_1', 'dataset_consumes_1_and_2', 'dataset_consumes_unknown_never_scheduled', 'dataset_produces_1', 'dataset_consumes_1_never_scheduled']) retrieved from /home/pker/airflow_env/lib/python3.7/site-packages/airflow/example_dags/example_datasets.py
[2025-12-01T20:22:14.476+0300] {logging_mixin.py:137} INFO - [2025-12-01T20:22:14.475+0300] {dag.py:2705} INFO - Sync 6 DAGs
[2025-12-01T20:22:14.510+0300] {logging_mixin.py:137} INFO - [2025-12-01T20:22:14.510+0300] {dag.py:3456} INFO - Setting next_dagrun for dataset_consumes_1 to None, run_after=None
[2025-12-01T20:22:14.515+0300] {logging_mixin.py:137} INFO - [2025-12-01T20:22:14.515+0300] {dag.py:3456} INFO - Setting next_dagrun for dataset_consumes_1_and_2 to None, run_after=None
[2025-12-01T20:22:14.517+0300] {logging_mixin.py:137} INFO - [2025-12-01T20:22:14.517+0300] {dag.py:3456} INFO - Setting next_dagrun for dataset_consumes_1_never_scheduled to None, run_after=None
[2025-12-01T20:22:14.518+0300] {logging_mixin.py:137} INFO - [2025-12-01T20:22:14.518+0300] {dag.py:3456} INFO - Setting next_dagrun for dataset_consumes_unknown_never_scheduled to None, run_after=None
[2025-12-01T20:22:14.521+0300] {logging_mixin.py:137} INFO - [2025-12-01T20:22:14.521+0300] {dag.py:3456} INFO - Setting next_dagrun for dataset_produces_1 to 2025-11-30T00:00:00+00:00, run_after=2025-12-01T00:00:00+00:00
[2025-12-01T20:22:14.523+0300] {logging_mixin.py:137} INFO - [2025-12-01T20:22:14.523+0300] {dag.py:3456} INFO - Setting next_dagrun for dataset_produces_2 to None, run_after=None
[2025-12-01T20:22:14.599+0300] {processor.py:175} INFO - Processing /home/pker/airflow_env/lib/python3.7/site-packages/airflow/example_dags/example_datasets.py took 0.223 seconds
[2025-12-01T20:23:03.516+0300] {processor.py:153} INFO - Started process (PID=921334) to work on /home/pker/airflow_env/lib/python3.7/site-packages/airflow/example_dags/example_datasets.py
[2025-12-01T20:23:03.539+0300] {processor.py:743} INFO - Processing file /home/pker/airflow_env/lib/python3.7/site-packages/airflow/example_dags/example_datasets.py for tasks to queue
[2025-12-01T20:23:03.541+0300] {logging_mixin.py:137} INFO - [2025-12-01T20:23:03.541+0300] {dagbag.py:532} INFO - Filling up the DagBag from /home/pker/airflow_env/lib/python3.7/site-packages/airflow/example_dags/example_datasets.py
[2025-12-01T20:23:03.565+0300] {processor.py:753} INFO - DAG(s) dict_keys(['dataset_produces_2', 'dataset_consumes_1', 'dataset_consumes_1_never_scheduled', 'dataset_consumes_1_and_2', 'dataset_consumes_unknown_never_scheduled', 'dataset_produces_1']) retrieved from /home/pker/airflow_env/lib/python3.7/site-packages/airflow/example_dags/example_datasets.py
[2025-12-01T20:23:03.612+0300] {logging_mixin.py:137} INFO - [2025-12-01T20:23:03.612+0300] {dag.py:2705} INFO - Sync 6 DAGs
[2025-12-01T20:23:03.638+0300] {logging_mixin.py:137} INFO - [2025-12-01T20:23:03.638+0300] {dag.py:3456} INFO - Setting next_dagrun for dataset_consumes_1 to None, run_after=None
[2025-12-01T20:23:03.641+0300] {logging_mixin.py:137} INFO - [2025-12-01T20:23:03.641+0300] {dag.py:3456} INFO - Setting next_dagrun for dataset_consumes_1_and_2 to None, run_after=None
[2025-12-01T20:23:03.642+0300] {logging_mixin.py:137} INFO - [2025-12-01T20:23:03.642+0300] {dag.py:3456} INFO - Setting next_dagrun for dataset_consumes_1_never_scheduled to None, run_after=None
[2025-12-01T20:23:03.643+0300] {logging_mixin.py:137} INFO - [2025-12-01T20:23:03.643+0300] {dag.py:3456} INFO - Setting next_dagrun for dataset_consumes_unknown_never_scheduled to None, run_after=None
[2025-12-01T20:23:03.647+0300] {logging_mixin.py:137} INFO - [2025-12-01T20:23:03.646+0300] {dag.py:3456} INFO - Setting next_dagrun for dataset_produces_1 to 2025-11-30T00:00:00+00:00, run_after=2025-12-01T00:00:00+00:00
[2025-12-01T20:23:03.648+0300] {logging_mixin.py:137} INFO - [2025-12-01T20:23:03.648+0300] {dag.py:3456} INFO - Setting next_dagrun for dataset_produces_2 to None, run_after=None
[2025-12-01T20:23:03.715+0300] {processor.py:175} INFO - Processing /home/pker/airflow_env/lib/python3.7/site-packages/airflow/example_dags/example_datasets.py took 0.204 seconds
[2025-12-01T20:23:56.038+0300] {processor.py:153} INFO - Started process (PID=921521) to work on /home/pker/airflow_env/lib/python3.7/site-packages/airflow/example_dags/example_datasets.py
[2025-12-01T20:23:56.060+0300] {processor.py:743} INFO - Processing file /home/pker/airflow_env/lib/python3.7/site-packages/airflow/example_dags/example_datasets.py for tasks to queue
[2025-12-01T20:23:56.063+0300] {logging_mixin.py:137} INFO - [2025-12-01T20:23:56.062+0300] {dagbag.py:532} INFO - Filling up the DagBag from /home/pker/airflow_env/lib/python3.7/site-packages/airflow/example_dags/example_datasets.py
[2025-12-01T20:23:56.095+0300] {processor.py:753} INFO - DAG(s) dict_keys(['dataset_produces_2', 'dataset_consumes_unknown_never_scheduled', 'dataset_produces_1', 'dataset_consumes_1_never_scheduled', 'dataset_consumes_1', 'dataset_consumes_1_and_2']) retrieved from /home/pker/airflow_env/lib/python3.7/site-packages/airflow/example_dags/example_datasets.py
[2025-12-01T20:23:56.154+0300] {logging_mixin.py:137} INFO - [2025-12-01T20:23:56.153+0300] {dag.py:2705} INFO - Sync 6 DAGs
[2025-12-01T20:23:56.199+0300] {logging_mixin.py:137} INFO - [2025-12-01T20:23:56.199+0300] {dag.py:3456} INFO - Setting next_dagrun for dataset_consumes_1 to None, run_after=None
[2025-12-01T20:23:56.203+0300] {logging_mixin.py:137} INFO - [2025-12-01T20:23:56.203+0300] {dag.py:3456} INFO - Setting next_dagrun for dataset_consumes_1_and_2 to None, run_after=None
[2025-12-01T20:23:56.204+0300] {logging_mixin.py:137} INFO - [2025-12-01T20:23:56.204+0300] {dag.py:3456} INFO - Setting next_dagrun for dataset_consumes_1_never_scheduled to None, run_after=None
[2025-12-01T20:23:56.206+0300] {logging_mixin.py:137} INFO - [2025-12-01T20:23:56.206+0300] {dag.py:3456} INFO - Setting next_dagrun for dataset_consumes_unknown_never_scheduled to None, run_after=None
[2025-12-01T20:23:56.209+0300] {logging_mixin.py:137} INFO - [2025-12-01T20:23:56.209+0300] {dag.py:3456} INFO - Setting next_dagrun for dataset_produces_1 to 2025-11-30T00:00:00+00:00, run_after=2025-12-01T00:00:00+00:00
[2025-12-01T20:23:56.210+0300] {logging_mixin.py:137} INFO - [2025-12-01T20:23:56.210+0300] {dag.py:3456} INFO - Setting next_dagrun for dataset_produces_2 to None, run_after=None
[2025-12-01T20:23:56.274+0300] {processor.py:175} INFO - Processing /home/pker/airflow_env/lib/python3.7/site-packages/airflow/example_dags/example_datasets.py took 0.241 seconds
[2025-12-01T20:24:46.333+0300] {processor.py:153} INFO - Started process (PID=921722) to work on /home/pker/airflow_env/lib/python3.7/site-packages/airflow/example_dags/example_datasets.py
[2025-12-01T20:24:46.355+0300] {processor.py:743} INFO - Processing file /home/pker/airflow_env/lib/python3.7/site-packages/airflow/example_dags/example_datasets.py for tasks to queue
[2025-12-01T20:24:46.357+0300] {logging_mixin.py:137} INFO - [2025-12-01T20:24:46.357+0300] {dagbag.py:532} INFO - Filling up the DagBag from /home/pker/airflow_env/lib/python3.7/site-packages/airflow/example_dags/example_datasets.py
[2025-12-01T20:24:46.384+0300] {processor.py:753} INFO - DAG(s) dict_keys(['dataset_produces_2', 'dataset_consumes_1', 'dataset_consumes_unknown_never_scheduled', 'dataset_consumes_1_and_2', 'dataset_consumes_1_never_scheduled', 'dataset_produces_1']) retrieved from /home/pker/airflow_env/lib/python3.7/site-packages/airflow/example_dags/example_datasets.py
[2025-12-01T20:24:46.425+0300] {logging_mixin.py:137} INFO - [2025-12-01T20:24:46.425+0300] {dag.py:2705} INFO - Sync 6 DAGs
[2025-12-01T20:24:46.451+0300] {logging_mixin.py:137} INFO - [2025-12-01T20:24:46.451+0300] {dag.py:3456} INFO - Setting next_dagrun for dataset_consumes_1 to None, run_after=None
[2025-12-01T20:24:46.456+0300] {logging_mixin.py:137} INFO - [2025-12-01T20:24:46.456+0300] {dag.py:3456} INFO - Setting next_dagrun for dataset_consumes_1_and_2 to None, run_after=None
[2025-12-01T20:24:46.457+0300] {logging_mixin.py:137} INFO - [2025-12-01T20:24:46.457+0300] {dag.py:3456} INFO - Setting next_dagrun for dataset_consumes_1_never_scheduled to None, run_after=None
[2025-12-01T20:24:46.458+0300] {logging_mixin.py:137} INFO - [2025-12-01T20:24:46.458+0300] {dag.py:3456} INFO - Setting next_dagrun for dataset_consumes_unknown_never_scheduled to None, run_after=None
[2025-12-01T20:24:46.461+0300] {logging_mixin.py:137} INFO - [2025-12-01T20:24:46.460+0300] {dag.py:3456} INFO - Setting next_dagrun for dataset_produces_1 to 2025-11-30T00:00:00+00:00, run_after=2025-12-01T00:00:00+00:00
[2025-12-01T20:24:46.462+0300] {logging_mixin.py:137} INFO - [2025-12-01T20:24:46.461+0300] {dag.py:3456} INFO - Setting next_dagrun for dataset_produces_2 to None, run_after=None
[2025-12-01T20:24:46.541+0300] {processor.py:175} INFO - Processing /home/pker/airflow_env/lib/python3.7/site-packages/airflow/example_dags/example_datasets.py took 0.214 seconds
[2025-12-01T20:25:36.604+0300] {processor.py:153} INFO - Started process (PID=921902) to work on /home/pker/airflow_env/lib/python3.7/site-packages/airflow/example_dags/example_datasets.py
[2025-12-01T20:25:36.629+0300] {processor.py:743} INFO - Processing file /home/pker/airflow_env/lib/python3.7/site-packages/airflow/example_dags/example_datasets.py for tasks to queue
[2025-12-01T20:25:36.631+0300] {logging_mixin.py:137} INFO - [2025-12-01T20:25:36.631+0300] {dagbag.py:532} INFO - Filling up the DagBag from /home/pker/airflow_env/lib/python3.7/site-packages/airflow/example_dags/example_datasets.py
[2025-12-01T20:25:36.662+0300] {processor.py:753} INFO - DAG(s) dict_keys(['dataset_produces_1', 'dataset_produces_2', 'dataset_consumes_1_and_2', 'dataset_consumes_1', 'dataset_consumes_1_never_scheduled', 'dataset_consumes_unknown_never_scheduled']) retrieved from /home/pker/airflow_env/lib/python3.7/site-packages/airflow/example_dags/example_datasets.py
[2025-12-01T20:25:36.717+0300] {logging_mixin.py:137} INFO - [2025-12-01T20:25:36.717+0300] {dag.py:2705} INFO - Sync 6 DAGs
[2025-12-01T20:25:36.747+0300] {logging_mixin.py:137} INFO - [2025-12-01T20:25:36.746+0300] {dag.py:3456} INFO - Setting next_dagrun for dataset_consumes_1 to None, run_after=None
[2025-12-01T20:25:36.750+0300] {logging_mixin.py:137} INFO - [2025-12-01T20:25:36.750+0300] {dag.py:3456} INFO - Setting next_dagrun for dataset_consumes_1_and_2 to None, run_after=None
[2025-12-01T20:25:36.752+0300] {logging_mixin.py:137} INFO - [2025-12-01T20:25:36.751+0300] {dag.py:3456} INFO - Setting next_dagrun for dataset_consumes_1_never_scheduled to None, run_after=None
[2025-12-01T20:25:36.753+0300] {logging_mixin.py:137} INFO - [2025-12-01T20:25:36.753+0300] {dag.py:3456} INFO - Setting next_dagrun for dataset_consumes_unknown_never_scheduled to None, run_after=None
[2025-12-01T20:25:36.755+0300] {logging_mixin.py:137} INFO - [2025-12-01T20:25:36.755+0300] {dag.py:3456} INFO - Setting next_dagrun for dataset_produces_1 to 2025-11-30T00:00:00+00:00, run_after=2025-12-01T00:00:00+00:00
[2025-12-01T20:25:36.756+0300] {logging_mixin.py:137} INFO - [2025-12-01T20:25:36.756+0300] {dag.py:3456} INFO - Setting next_dagrun for dataset_produces_2 to None, run_after=None
[2025-12-01T20:25:36.819+0300] {processor.py:175} INFO - Processing /home/pker/airflow_env/lib/python3.7/site-packages/airflow/example_dags/example_datasets.py took 0.221 seconds
[2025-12-01T20:26:22.352+0300] {processor.py:153} INFO - Started process (PID=922067) to work on /home/pker/airflow_env/lib/python3.7/site-packages/airflow/example_dags/example_datasets.py
[2025-12-01T20:26:22.378+0300] {processor.py:743} INFO - Processing file /home/pker/airflow_env/lib/python3.7/site-packages/airflow/example_dags/example_datasets.py for tasks to queue
[2025-12-01T20:26:22.381+0300] {logging_mixin.py:137} INFO - [2025-12-01T20:26:22.381+0300] {dagbag.py:532} INFO - Filling up the DagBag from /home/pker/airflow_env/lib/python3.7/site-packages/airflow/example_dags/example_datasets.py
[2025-12-01T20:26:22.407+0300] {processor.py:753} INFO - DAG(s) dict_keys(['dataset_produces_2', 'dataset_consumes_unknown_never_scheduled', 'dataset_produces_1', 'dataset_consumes_1', 'dataset_consumes_1_and_2', 'dataset_consumes_1_never_scheduled']) retrieved from /home/pker/airflow_env/lib/python3.7/site-packages/airflow/example_dags/example_datasets.py
[2025-12-01T20:26:22.448+0300] {logging_mixin.py:137} INFO - [2025-12-01T20:26:22.448+0300] {dag.py:2705} INFO - Sync 6 DAGs
[2025-12-01T20:26:22.479+0300] {logging_mixin.py:137} INFO - [2025-12-01T20:26:22.479+0300] {dag.py:3456} INFO - Setting next_dagrun for dataset_consumes_1 to None, run_after=None
[2025-12-01T20:26:22.484+0300] {logging_mixin.py:137} INFO - [2025-12-01T20:26:22.484+0300] {dag.py:3456} INFO - Setting next_dagrun for dataset_consumes_1_and_2 to None, run_after=None
[2025-12-01T20:26:22.485+0300] {logging_mixin.py:137} INFO - [2025-12-01T20:26:22.485+0300] {dag.py:3456} INFO - Setting next_dagrun for dataset_consumes_1_never_scheduled to None, run_after=None
[2025-12-01T20:26:22.486+0300] {logging_mixin.py:137} INFO - [2025-12-01T20:26:22.486+0300] {dag.py:3456} INFO - Setting next_dagrun for dataset_consumes_unknown_never_scheduled to None, run_after=None
[2025-12-01T20:26:22.490+0300] {logging_mixin.py:137} INFO - [2025-12-01T20:26:22.490+0300] {dag.py:3456} INFO - Setting next_dagrun for dataset_produces_1 to 2025-11-30T00:00:00+00:00, run_after=2025-12-01T00:00:00+00:00
[2025-12-01T20:26:22.491+0300] {logging_mixin.py:137} INFO - [2025-12-01T20:26:22.491+0300] {dag.py:3456} INFO - Setting next_dagrun for dataset_produces_2 to None, run_after=None
[2025-12-01T20:26:22.567+0300] {processor.py:175} INFO - Processing /home/pker/airflow_env/lib/python3.7/site-packages/airflow/example_dags/example_datasets.py took 0.221 seconds
[2025-12-01T20:27:06.365+0300] {processor.py:153} INFO - Started process (PID=922227) to work on /home/pker/airflow_env/lib/python3.7/site-packages/airflow/example_dags/example_datasets.py
[2025-12-01T20:27:06.367+0300] {processor.py:743} INFO - Processing file /home/pker/airflow_env/lib/python3.7/site-packages/airflow/example_dags/example_datasets.py for tasks to queue
[2025-12-01T20:27:06.369+0300] {logging_mixin.py:137} INFO - [2025-12-01T20:27:06.368+0300] {dagbag.py:532} INFO - Filling up the DagBag from /home/pker/airflow_env/lib/python3.7/site-packages/airflow/example_dags/example_datasets.py
[2025-12-01T20:27:06.391+0300] {processor.py:753} INFO - DAG(s) dict_keys(['dataset_consumes_unknown_never_scheduled', 'dataset_consumes_1_and_2', 'dataset_produces_1', 'dataset_produces_2', 'dataset_consumes_1_never_scheduled', 'dataset_consumes_1']) retrieved from /home/pker/airflow_env/lib/python3.7/site-packages/airflow/example_dags/example_datasets.py
[2025-12-01T20:27:06.434+0300] {logging_mixin.py:137} INFO - [2025-12-01T20:27:06.434+0300] {dag.py:2705} INFO - Sync 6 DAGs
[2025-12-01T20:27:06.461+0300] {logging_mixin.py:137} INFO - [2025-12-01T20:27:06.461+0300] {dag.py:3456} INFO - Setting next_dagrun for dataset_consumes_1 to None, run_after=None
[2025-12-01T20:27:06.464+0300] {logging_mixin.py:137} INFO - [2025-12-01T20:27:06.464+0300] {dag.py:3456} INFO - Setting next_dagrun for dataset_consumes_1_and_2 to None, run_after=None
[2025-12-01T20:27:06.465+0300] {logging_mixin.py:137} INFO - [2025-12-01T20:27:06.465+0300] {dag.py:3456} INFO - Setting next_dagrun for dataset_consumes_1_never_scheduled to None, run_after=None
[2025-12-01T20:27:06.466+0300] {logging_mixin.py:137} INFO - [2025-12-01T20:27:06.466+0300] {dag.py:3456} INFO - Setting next_dagrun for dataset_consumes_unknown_never_scheduled to None, run_after=None
[2025-12-01T20:27:06.469+0300] {logging_mixin.py:137} INFO - [2025-12-01T20:27:06.469+0300] {dag.py:3456} INFO - Setting next_dagrun for dataset_produces_1 to 2025-11-30T00:00:00+00:00, run_after=2025-12-01T00:00:00+00:00
[2025-12-01T20:27:06.471+0300] {logging_mixin.py:137} INFO - [2025-12-01T20:27:06.471+0300] {dag.py:3456} INFO - Setting next_dagrun for dataset_produces_2 to None, run_after=None
[2025-12-01T20:27:06.544+0300] {processor.py:175} INFO - Processing /home/pker/airflow_env/lib/python3.7/site-packages/airflow/example_dags/example_datasets.py took 0.185 seconds
[2025-12-01T20:27:57.365+0300] {processor.py:153} INFO - Started process (PID=922409) to work on /home/pker/airflow_env/lib/python3.7/site-packages/airflow/example_dags/example_datasets.py
[2025-12-01T20:27:57.380+0300] {processor.py:743} INFO - Processing file /home/pker/airflow_env/lib/python3.7/site-packages/airflow/example_dags/example_datasets.py for tasks to queue
[2025-12-01T20:27:57.381+0300] {logging_mixin.py:137} INFO - [2025-12-01T20:27:57.381+0300] {dagbag.py:532} INFO - Filling up the DagBag from /home/pker/airflow_env/lib/python3.7/site-packages/airflow/example_dags/example_datasets.py
[2025-12-01T20:27:57.406+0300] {processor.py:753} INFO - DAG(s) dict_keys(['dataset_consumes_unknown_never_scheduled', 'dataset_consumes_1_and_2', 'dataset_consumes_1_never_scheduled', 'dataset_consumes_1', 'dataset_produces_1', 'dataset_produces_2']) retrieved from /home/pker/airflow_env/lib/python3.7/site-packages/airflow/example_dags/example_datasets.py
[2025-12-01T20:27:57.455+0300] {logging_mixin.py:137} INFO - [2025-12-01T20:27:57.454+0300] {dag.py:2705} INFO - Sync 6 DAGs
[2025-12-01T20:27:57.492+0300] {logging_mixin.py:137} INFO - [2025-12-01T20:27:57.492+0300] {dag.py:3456} INFO - Setting next_dagrun for dataset_consumes_1 to None, run_after=None
[2025-12-01T20:27:57.497+0300] {logging_mixin.py:137} INFO - [2025-12-01T20:27:57.497+0300] {dag.py:3456} INFO - Setting next_dagrun for dataset_consumes_1_and_2 to None, run_after=None
[2025-12-01T20:27:57.499+0300] {logging_mixin.py:137} INFO - [2025-12-01T20:27:57.498+0300] {dag.py:3456} INFO - Setting next_dagrun for dataset_consumes_1_never_scheduled to None, run_after=None
[2025-12-01T20:27:57.500+0300] {logging_mixin.py:137} INFO - [2025-12-01T20:27:57.499+0300] {dag.py:3456} INFO - Setting next_dagrun for dataset_consumes_unknown_never_scheduled to None, run_after=None
[2025-12-01T20:27:57.502+0300] {logging_mixin.py:137} INFO - [2025-12-01T20:27:57.502+0300] {dag.py:3456} INFO - Setting next_dagrun for dataset_produces_1 to 2025-11-30T00:00:00+00:00, run_after=2025-12-01T00:00:00+00:00
[2025-12-01T20:27:57.504+0300] {logging_mixin.py:137} INFO - [2025-12-01T20:27:57.504+0300] {dag.py:3456} INFO - Setting next_dagrun for dataset_produces_2 to None, run_after=None
[2025-12-01T20:27:57.582+0300] {processor.py:175} INFO - Processing /home/pker/airflow_env/lib/python3.7/site-packages/airflow/example_dags/example_datasets.py took 0.223 seconds
[2025-12-01T20:28:42.126+0300] {processor.py:153} INFO - Started process (PID=922573) to work on /home/pker/airflow_env/lib/python3.7/site-packages/airflow/example_dags/example_datasets.py
[2025-12-01T20:28:42.148+0300] {processor.py:743} INFO - Processing file /home/pker/airflow_env/lib/python3.7/site-packages/airflow/example_dags/example_datasets.py for tasks to queue
[2025-12-01T20:28:42.151+0300] {logging_mixin.py:137} INFO - [2025-12-01T20:28:42.150+0300] {dagbag.py:532} INFO - Filling up the DagBag from /home/pker/airflow_env/lib/python3.7/site-packages/airflow/example_dags/example_datasets.py
[2025-12-01T20:28:42.178+0300] {processor.py:753} INFO - DAG(s) dict_keys(['dataset_consumes_1_and_2', 'dataset_produces_1', 'dataset_consumes_1', 'dataset_consumes_1_never_scheduled', 'dataset_consumes_unknown_never_scheduled', 'dataset_produces_2']) retrieved from /home/pker/airflow_env/lib/python3.7/site-packages/airflow/example_dags/example_datasets.py
[2025-12-01T20:28:42.222+0300] {logging_mixin.py:137} INFO - [2025-12-01T20:28:42.221+0300] {dag.py:2705} INFO - Sync 6 DAGs
[2025-12-01T20:28:42.252+0300] {logging_mixin.py:137} INFO - [2025-12-01T20:28:42.252+0300] {dag.py:3456} INFO - Setting next_dagrun for dataset_consumes_1 to None, run_after=None
[2025-12-01T20:28:42.258+0300] {logging_mixin.py:137} INFO - [2025-12-01T20:28:42.257+0300] {dag.py:3456} INFO - Setting next_dagrun for dataset_consumes_1_and_2 to None, run_after=None
[2025-12-01T20:28:42.259+0300] {logging_mixin.py:137} INFO - [2025-12-01T20:28:42.259+0300] {dag.py:3456} INFO - Setting next_dagrun for dataset_consumes_1_never_scheduled to None, run_after=None
[2025-12-01T20:28:42.260+0300] {logging_mixin.py:137} INFO - [2025-12-01T20:28:42.260+0300] {dag.py:3456} INFO - Setting next_dagrun for dataset_consumes_unknown_never_scheduled to None, run_after=None
[2025-12-01T20:28:42.266+0300] {logging_mixin.py:137} INFO - [2025-12-01T20:28:42.265+0300] {dag.py:3456} INFO - Setting next_dagrun for dataset_produces_1 to 2025-11-30T00:00:00+00:00, run_after=2025-12-01T00:00:00+00:00
[2025-12-01T20:28:42.267+0300] {logging_mixin.py:137} INFO - [2025-12-01T20:28:42.267+0300] {dag.py:3456} INFO - Setting next_dagrun for dataset_produces_2 to None, run_after=None
[2025-12-01T20:28:42.339+0300] {processor.py:175} INFO - Processing /home/pker/airflow_env/lib/python3.7/site-packages/airflow/example_dags/example_datasets.py took 0.218 seconds
[2025-12-01T20:29:27.125+0300] {processor.py:153} INFO - Started process (PID=922757) to work on /home/pker/airflow_env/lib/python3.7/site-packages/airflow/example_dags/example_datasets.py
[2025-12-01T20:29:27.148+0300] {processor.py:743} INFO - Processing file /home/pker/airflow_env/lib/python3.7/site-packages/airflow/example_dags/example_datasets.py for tasks to queue
[2025-12-01T20:29:27.151+0300] {logging_mixin.py:137} INFO - [2025-12-01T20:29:27.151+0300] {dagbag.py:532} INFO - Filling up the DagBag from /home/pker/airflow_env/lib/python3.7/site-packages/airflow/example_dags/example_datasets.py
[2025-12-01T20:29:27.180+0300] {processor.py:753} INFO - DAG(s) dict_keys(['dataset_produces_1', 'dataset_consumes_1_and_2', 'dataset_produces_2', 'dataset_consumes_unknown_never_scheduled', 'dataset_consumes_1_never_scheduled', 'dataset_consumes_1']) retrieved from /home/pker/airflow_env/lib/python3.7/site-packages/airflow/example_dags/example_datasets.py
[2025-12-01T20:29:27.221+0300] {logging_mixin.py:137} INFO - [2025-12-01T20:29:27.221+0300] {dag.py:2705} INFO - Sync 6 DAGs
[2025-12-01T20:29:27.248+0300] {logging_mixin.py:137} INFO - [2025-12-01T20:29:27.248+0300] {dag.py:3456} INFO - Setting next_dagrun for dataset_consumes_1 to None, run_after=None
[2025-12-01T20:29:27.253+0300] {logging_mixin.py:137} INFO - [2025-12-01T20:29:27.252+0300] {dag.py:3456} INFO - Setting next_dagrun for dataset_consumes_1_and_2 to None, run_after=None
[2025-12-01T20:29:27.254+0300] {logging_mixin.py:137} INFO - [2025-12-01T20:29:27.253+0300] {dag.py:3456} INFO - Setting next_dagrun for dataset_consumes_1_never_scheduled to None, run_after=None
[2025-12-01T20:29:27.255+0300] {logging_mixin.py:137} INFO - [2025-12-01T20:29:27.255+0300] {dag.py:3456} INFO - Setting next_dagrun for dataset_consumes_unknown_never_scheduled to None, run_after=None
[2025-12-01T20:29:27.257+0300] {logging_mixin.py:137} INFO - [2025-12-01T20:29:27.257+0300] {dag.py:3456} INFO - Setting next_dagrun for dataset_produces_1 to 2025-11-30T00:00:00+00:00, run_after=2025-12-01T00:00:00+00:00
[2025-12-01T20:29:27.259+0300] {logging_mixin.py:137} INFO - [2025-12-01T20:29:27.258+0300] {dag.py:3456} INFO - Setting next_dagrun for dataset_produces_2 to None, run_after=None
[2025-12-01T20:29:27.318+0300] {processor.py:175} INFO - Processing /home/pker/airflow_env/lib/python3.7/site-packages/airflow/example_dags/example_datasets.py took 0.199 seconds
[2025-12-01T20:30:17.254+0300] {processor.py:153} INFO - Started process (PID=922934) to work on /home/pker/airflow_env/lib/python3.7/site-packages/airflow/example_dags/example_datasets.py
[2025-12-01T20:30:17.259+0300] {processor.py:743} INFO - Processing file /home/pker/airflow_env/lib/python3.7/site-packages/airflow/example_dags/example_datasets.py for tasks to queue
[2025-12-01T20:30:17.261+0300] {logging_mixin.py:137} INFO - [2025-12-01T20:30:17.260+0300] {dagbag.py:532} INFO - Filling up the DagBag from /home/pker/airflow_env/lib/python3.7/site-packages/airflow/example_dags/example_datasets.py
[2025-12-01T20:30:17.286+0300] {processor.py:753} INFO - DAG(s) dict_keys(['dataset_produces_2', 'dataset_consumes_1_and_2', 'dataset_consumes_1_never_scheduled', 'dataset_consumes_unknown_never_scheduled', 'dataset_produces_1', 'dataset_consumes_1']) retrieved from /home/pker/airflow_env/lib/python3.7/site-packages/airflow/example_dags/example_datasets.py
[2025-12-01T20:30:17.327+0300] {logging_mixin.py:137} INFO - [2025-12-01T20:30:17.327+0300] {dag.py:2705} INFO - Sync 6 DAGs
[2025-12-01T20:30:17.355+0300] {logging_mixin.py:137} INFO - [2025-12-01T20:30:17.354+0300] {dag.py:3456} INFO - Setting next_dagrun for dataset_consumes_1 to None, run_after=None
[2025-12-01T20:30:17.358+0300] {logging_mixin.py:137} INFO - [2025-12-01T20:30:17.358+0300] {dag.py:3456} INFO - Setting next_dagrun for dataset_consumes_1_and_2 to None, run_after=None
[2025-12-01T20:30:17.359+0300] {logging_mixin.py:137} INFO - [2025-12-01T20:30:17.359+0300] {dag.py:3456} INFO - Setting next_dagrun for dataset_consumes_1_never_scheduled to None, run_after=None
[2025-12-01T20:30:17.360+0300] {logging_mixin.py:137} INFO - [2025-12-01T20:30:17.360+0300] {dag.py:3456} INFO - Setting next_dagrun for dataset_consumes_unknown_never_scheduled to None, run_after=None
[2025-12-01T20:30:17.363+0300] {logging_mixin.py:137} INFO - [2025-12-01T20:30:17.363+0300] {dag.py:3456} INFO - Setting next_dagrun for dataset_produces_1 to 2025-11-30T00:00:00+00:00, run_after=2025-12-01T00:00:00+00:00
[2025-12-01T20:30:17.364+0300] {logging_mixin.py:137} INFO - [2025-12-01T20:30:17.364+0300] {dag.py:3456} INFO - Setting next_dagrun for dataset_produces_2 to None, run_after=None
[2025-12-01T20:30:17.428+0300] {processor.py:175} INFO - Processing /home/pker/airflow_env/lib/python3.7/site-packages/airflow/example_dags/example_datasets.py took 0.179 seconds
[2025-12-01T20:31:09.472+0300] {processor.py:153} INFO - Started process (PID=923122) to work on /home/pker/airflow_env/lib/python3.7/site-packages/airflow/example_dags/example_datasets.py
[2025-12-01T20:31:09.496+0300] {processor.py:743} INFO - Processing file /home/pker/airflow_env/lib/python3.7/site-packages/airflow/example_dags/example_datasets.py for tasks to queue
[2025-12-01T20:31:09.498+0300] {logging_mixin.py:137} INFO - [2025-12-01T20:31:09.498+0300] {dagbag.py:532} INFO - Filling up the DagBag from /home/pker/airflow_env/lib/python3.7/site-packages/airflow/example_dags/example_datasets.py
[2025-12-01T20:31:09.531+0300] {processor.py:753} INFO - DAG(s) dict_keys(['dataset_consumes_1_never_scheduled', 'dataset_produces_2', 'dataset_consumes_1', 'dataset_consumes_unknown_never_scheduled', 'dataset_consumes_1_and_2', 'dataset_produces_1']) retrieved from /home/pker/airflow_env/lib/python3.7/site-packages/airflow/example_dags/example_datasets.py
[2025-12-01T20:31:09.571+0300] {logging_mixin.py:137} INFO - [2025-12-01T20:31:09.571+0300] {dag.py:2705} INFO - Sync 6 DAGs
[2025-12-01T20:31:09.602+0300] {logging_mixin.py:137} INFO - [2025-12-01T20:31:09.602+0300] {dag.py:3456} INFO - Setting next_dagrun for dataset_consumes_1 to None, run_after=None
[2025-12-01T20:31:09.605+0300] {logging_mixin.py:137} INFO - [2025-12-01T20:31:09.605+0300] {dag.py:3456} INFO - Setting next_dagrun for dataset_consumes_1_and_2 to None, run_after=None
[2025-12-01T20:31:09.606+0300] {logging_mixin.py:137} INFO - [2025-12-01T20:31:09.606+0300] {dag.py:3456} INFO - Setting next_dagrun for dataset_consumes_1_never_scheduled to None, run_after=None
[2025-12-01T20:31:09.608+0300] {logging_mixin.py:137} INFO - [2025-12-01T20:31:09.608+0300] {dag.py:3456} INFO - Setting next_dagrun for dataset_consumes_unknown_never_scheduled to None, run_after=None
[2025-12-01T20:31:09.611+0300] {logging_mixin.py:137} INFO - [2025-12-01T20:31:09.610+0300] {dag.py:3456} INFO - Setting next_dagrun for dataset_produces_1 to 2025-11-30T00:00:00+00:00, run_after=2025-12-01T00:00:00+00:00
[2025-12-01T20:31:09.612+0300] {logging_mixin.py:137} INFO - [2025-12-01T20:31:09.611+0300] {dag.py:3456} INFO - Setting next_dagrun for dataset_produces_2 to None, run_after=None
[2025-12-01T20:31:09.675+0300] {processor.py:175} INFO - Processing /home/pker/airflow_env/lib/python3.7/site-packages/airflow/example_dags/example_datasets.py took 0.208 seconds
