[2025-12-01T20:14:56.842+0300] {processor.py:153} INFO - Started process (PID=919424) to work on /home/pker/airflow_env/lib/python3.7/site-packages/airflow/example_dags/example_short_circuit_operator.py
[2025-12-01T20:14:56.843+0300] {processor.py:743} INFO - Processing file /home/pker/airflow_env/lib/python3.7/site-packages/airflow/example_dags/example_short_circuit_operator.py for tasks to queue
[2025-12-01T20:14:56.846+0300] {logging_mixin.py:137} INFO - [2025-12-01T20:14:56.845+0300] {dagbag.py:532} INFO - Filling up the DagBag from /home/pker/airflow_env/lib/python3.7/site-packages/airflow/example_dags/example_short_circuit_operator.py
[2025-12-01T20:14:56.875+0300] {processor.py:753} INFO - DAG(s) dict_keys(['example_short_circuit_operator']) retrieved from /home/pker/airflow_env/lib/python3.7/site-packages/airflow/example_dags/example_short_circuit_operator.py
[2025-12-01T20:14:56.947+0300] {logging_mixin.py:137} INFO - [2025-12-01T20:14:56.946+0300] {dag.py:2705} INFO - Sync 1 DAGs
[2025-12-01T20:14:56.972+0300] {logging_mixin.py:137} INFO - [2025-12-01T20:14:56.972+0300] {dag.py:3456} INFO - Setting next_dagrun for example_short_circuit_operator to 2025-11-30T17:14:56.972027+00:00, run_after=2025-12-01T17:14:56.972027+00:00
[2025-12-01T20:14:57.026+0300] {processor.py:175} INFO - Processing /home/pker/airflow_env/lib/python3.7/site-packages/airflow/example_dags/example_short_circuit_operator.py took 0.189 seconds
[2025-12-01T20:15:56.953+0300] {processor.py:153} INFO - Started process (PID=919789) to work on /home/pker/airflow_env/lib/python3.7/site-packages/airflow/example_dags/example_short_circuit_operator.py
[2025-12-01T20:15:56.977+0300] {processor.py:743} INFO - Processing file /home/pker/airflow_env/lib/python3.7/site-packages/airflow/example_dags/example_short_circuit_operator.py for tasks to queue
[2025-12-01T20:15:56.980+0300] {logging_mixin.py:137} INFO - [2025-12-01T20:15:56.979+0300] {dagbag.py:532} INFO - Filling up the DagBag from /home/pker/airflow_env/lib/python3.7/site-packages/airflow/example_dags/example_short_circuit_operator.py
[2025-12-01T20:15:57.010+0300] {processor.py:753} INFO - DAG(s) dict_keys(['example_short_circuit_operator']) retrieved from /home/pker/airflow_env/lib/python3.7/site-packages/airflow/example_dags/example_short_circuit_operator.py
[2025-12-01T20:15:57.038+0300] {logging_mixin.py:137} INFO - [2025-12-01T20:15:57.038+0300] {dag.py:2705} INFO - Sync 1 DAGs
[2025-12-01T20:15:57.063+0300] {logging_mixin.py:137} INFO - [2025-12-01T20:15:57.063+0300] {dag.py:3456} INFO - Setting next_dagrun for example_short_circuit_operator to 2025-11-30T17:15:57.063025+00:00, run_after=2025-12-01T17:15:57.063025+00:00
[2025-12-01T20:15:57.093+0300] {processor.py:175} INFO - Processing /home/pker/airflow_env/lib/python3.7/site-packages/airflow/example_dags/example_short_circuit_operator.py took 0.147 seconds
[2025-12-01T20:16:52.146+0300] {processor.py:153} INFO - Started process (PID=919985) to work on /home/pker/airflow_env/lib/python3.7/site-packages/airflow/example_dags/example_short_circuit_operator.py
[2025-12-01T20:16:52.167+0300] {processor.py:743} INFO - Processing file /home/pker/airflow_env/lib/python3.7/site-packages/airflow/example_dags/example_short_circuit_operator.py for tasks to queue
[2025-12-01T20:16:52.168+0300] {logging_mixin.py:137} INFO - [2025-12-01T20:16:52.168+0300] {dagbag.py:532} INFO - Filling up the DagBag from /home/pker/airflow_env/lib/python3.7/site-packages/airflow/example_dags/example_short_circuit_operator.py
[2025-12-01T20:16:52.190+0300] {processor.py:753} INFO - DAG(s) dict_keys(['example_short_circuit_operator']) retrieved from /home/pker/airflow_env/lib/python3.7/site-packages/airflow/example_dags/example_short_circuit_operator.py
[2025-12-01T20:16:52.216+0300] {logging_mixin.py:137} INFO - [2025-12-01T20:16:52.216+0300] {dag.py:2705} INFO - Sync 1 DAGs
[2025-12-01T20:16:52.249+0300] {logging_mixin.py:137} INFO - [2025-12-01T20:16:52.249+0300] {dag.py:3456} INFO - Setting next_dagrun for example_short_circuit_operator to 2025-11-30T17:16:52.248802+00:00, run_after=2025-12-01T17:16:52.248802+00:00
[2025-12-01T20:16:52.284+0300] {processor.py:175} INFO - Processing /home/pker/airflow_env/lib/python3.7/site-packages/airflow/example_dags/example_short_circuit_operator.py took 0.143 seconds
[2025-12-01T20:17:45.559+0300] {processor.py:153} INFO - Started process (PID=920176) to work on /home/pker/airflow_env/lib/python3.7/site-packages/airflow/example_dags/example_short_circuit_operator.py
[2025-12-01T20:17:45.581+0300] {processor.py:743} INFO - Processing file /home/pker/airflow_env/lib/python3.7/site-packages/airflow/example_dags/example_short_circuit_operator.py for tasks to queue
[2025-12-01T20:17:45.583+0300] {logging_mixin.py:137} INFO - [2025-12-01T20:17:45.583+0300] {dagbag.py:532} INFO - Filling up the DagBag from /home/pker/airflow_env/lib/python3.7/site-packages/airflow/example_dags/example_short_circuit_operator.py
[2025-12-01T20:17:45.612+0300] {processor.py:753} INFO - DAG(s) dict_keys(['example_short_circuit_operator']) retrieved from /home/pker/airflow_env/lib/python3.7/site-packages/airflow/example_dags/example_short_circuit_operator.py
[2025-12-01T20:17:45.642+0300] {logging_mixin.py:137} INFO - [2025-12-01T20:17:45.642+0300] {dag.py:2705} INFO - Sync 1 DAGs
[2025-12-01T20:17:45.668+0300] {logging_mixin.py:137} INFO - [2025-12-01T20:17:45.668+0300] {dag.py:3456} INFO - Setting next_dagrun for example_short_circuit_operator to 2025-11-30T17:17:45.668536+00:00, run_after=2025-12-01T17:17:45.668536+00:00
[2025-12-01T20:17:45.704+0300] {processor.py:175} INFO - Processing /home/pker/airflow_env/lib/python3.7/site-packages/airflow/example_dags/example_short_circuit_operator.py took 0.149 seconds
[2025-12-01T20:18:36.463+0300] {processor.py:153} INFO - Started process (PID=920359) to work on /home/pker/airflow_env/lib/python3.7/site-packages/airflow/example_dags/example_short_circuit_operator.py
[2025-12-01T20:18:36.484+0300] {processor.py:743} INFO - Processing file /home/pker/airflow_env/lib/python3.7/site-packages/airflow/example_dags/example_short_circuit_operator.py for tasks to queue
[2025-12-01T20:18:36.487+0300] {logging_mixin.py:137} INFO - [2025-12-01T20:18:36.487+0300] {dagbag.py:532} INFO - Filling up the DagBag from /home/pker/airflow_env/lib/python3.7/site-packages/airflow/example_dags/example_short_circuit_operator.py
[2025-12-01T20:18:36.514+0300] {processor.py:753} INFO - DAG(s) dict_keys(['example_short_circuit_operator']) retrieved from /home/pker/airflow_env/lib/python3.7/site-packages/airflow/example_dags/example_short_circuit_operator.py
[2025-12-01T20:18:36.543+0300] {logging_mixin.py:137} INFO - [2025-12-01T20:18:36.542+0300] {dag.py:2705} INFO - Sync 1 DAGs
[2025-12-01T20:18:36.571+0300] {logging_mixin.py:137} INFO - [2025-12-01T20:18:36.571+0300] {dag.py:3456} INFO - Setting next_dagrun for example_short_circuit_operator to 2025-11-30T17:18:36.571223+00:00, run_after=2025-12-01T17:18:36.571223+00:00
[2025-12-01T20:18:36.601+0300] {processor.py:175} INFO - Processing /home/pker/airflow_env/lib/python3.7/site-packages/airflow/example_dags/example_short_circuit_operator.py took 0.143 seconds
[2025-12-01T20:19:25.970+0300] {processor.py:153} INFO - Started process (PID=920563) to work on /home/pker/airflow_env/lib/python3.7/site-packages/airflow/example_dags/example_short_circuit_operator.py
[2025-12-01T20:19:25.994+0300] {processor.py:743} INFO - Processing file /home/pker/airflow_env/lib/python3.7/site-packages/airflow/example_dags/example_short_circuit_operator.py for tasks to queue
[2025-12-01T20:19:25.996+0300] {logging_mixin.py:137} INFO - [2025-12-01T20:19:25.996+0300] {dagbag.py:532} INFO - Filling up the DagBag from /home/pker/airflow_env/lib/python3.7/site-packages/airflow/example_dags/example_short_circuit_operator.py
[2025-12-01T20:19:26.027+0300] {processor.py:753} INFO - DAG(s) dict_keys(['example_short_circuit_operator']) retrieved from /home/pker/airflow_env/lib/python3.7/site-packages/airflow/example_dags/example_short_circuit_operator.py
[2025-12-01T20:19:26.058+0300] {logging_mixin.py:137} INFO - [2025-12-01T20:19:26.057+0300] {dag.py:2705} INFO - Sync 1 DAGs
[2025-12-01T20:19:26.083+0300] {logging_mixin.py:137} INFO - [2025-12-01T20:19:26.083+0300] {dag.py:3456} INFO - Setting next_dagrun for example_short_circuit_operator to 2025-11-30T17:19:26.083134+00:00, run_after=2025-12-01T17:19:26.083134+00:00
[2025-12-01T20:19:26.113+0300] {processor.py:175} INFO - Processing /home/pker/airflow_env/lib/python3.7/site-packages/airflow/example_dags/example_short_circuit_operator.py took 0.149 seconds
[2025-12-01T20:20:15.000+0300] {processor.py:153} INFO - Started process (PID=920733) to work on /home/pker/airflow_env/lib/python3.7/site-packages/airflow/example_dags/example_short_circuit_operator.py
[2025-12-01T20:20:15.022+0300] {processor.py:743} INFO - Processing file /home/pker/airflow_env/lib/python3.7/site-packages/airflow/example_dags/example_short_circuit_operator.py for tasks to queue
[2025-12-01T20:20:15.024+0300] {logging_mixin.py:137} INFO - [2025-12-01T20:20:15.024+0300] {dagbag.py:532} INFO - Filling up the DagBag from /home/pker/airflow_env/lib/python3.7/site-packages/airflow/example_dags/example_short_circuit_operator.py
[2025-12-01T20:20:15.050+0300] {processor.py:753} INFO - DAG(s) dict_keys(['example_short_circuit_operator']) retrieved from /home/pker/airflow_env/lib/python3.7/site-packages/airflow/example_dags/example_short_circuit_operator.py
[2025-12-01T20:20:15.078+0300] {logging_mixin.py:137} INFO - [2025-12-01T20:20:15.077+0300] {dag.py:2705} INFO - Sync 1 DAGs
[2025-12-01T20:20:15.114+0300] {logging_mixin.py:137} INFO - [2025-12-01T20:20:15.114+0300] {dag.py:3456} INFO - Setting next_dagrun for example_short_circuit_operator to 2025-11-30T17:20:15.113685+00:00, run_after=2025-12-01T17:20:15.113685+00:00
[2025-12-01T20:20:15.153+0300] {processor.py:175} INFO - Processing /home/pker/airflow_env/lib/python3.7/site-packages/airflow/example_dags/example_short_circuit_operator.py took 0.157 seconds
[2025-12-01T20:21:02.119+0300] {processor.py:153} INFO - Started process (PID=920903) to work on /home/pker/airflow_env/lib/python3.7/site-packages/airflow/example_dags/example_short_circuit_operator.py
[2025-12-01T20:21:02.141+0300] {processor.py:743} INFO - Processing file /home/pker/airflow_env/lib/python3.7/site-packages/airflow/example_dags/example_short_circuit_operator.py for tasks to queue
[2025-12-01T20:21:02.144+0300] {logging_mixin.py:137} INFO - [2025-12-01T20:21:02.143+0300] {dagbag.py:532} INFO - Filling up the DagBag from /home/pker/airflow_env/lib/python3.7/site-packages/airflow/example_dags/example_short_circuit_operator.py
[2025-12-01T20:21:02.173+0300] {processor.py:753} INFO - DAG(s) dict_keys(['example_short_circuit_operator']) retrieved from /home/pker/airflow_env/lib/python3.7/site-packages/airflow/example_dags/example_short_circuit_operator.py
[2025-12-01T20:21:02.201+0300] {logging_mixin.py:137} INFO - [2025-12-01T20:21:02.201+0300] {dag.py:2705} INFO - Sync 1 DAGs
[2025-12-01T20:21:02.229+0300] {logging_mixin.py:137} INFO - [2025-12-01T20:21:02.229+0300] {dag.py:3456} INFO - Setting next_dagrun for example_short_circuit_operator to 2025-11-30T17:21:02.228843+00:00, run_after=2025-12-01T17:21:02.228843+00:00
[2025-12-01T20:21:02.266+0300] {processor.py:175} INFO - Processing /home/pker/airflow_env/lib/python3.7/site-packages/airflow/example_dags/example_short_circuit_operator.py took 0.153 seconds
[2025-12-01T20:21:49.836+0300] {processor.py:153} INFO - Started process (PID=921073) to work on /home/pker/airflow_env/lib/python3.7/site-packages/airflow/example_dags/example_short_circuit_operator.py
[2025-12-01T20:21:49.839+0300] {processor.py:743} INFO - Processing file /home/pker/airflow_env/lib/python3.7/site-packages/airflow/example_dags/example_short_circuit_operator.py for tasks to queue
[2025-12-01T20:21:49.840+0300] {logging_mixin.py:137} INFO - [2025-12-01T20:21:49.840+0300] {dagbag.py:532} INFO - Filling up the DagBag from /home/pker/airflow_env/lib/python3.7/site-packages/airflow/example_dags/example_short_circuit_operator.py
[2025-12-01T20:21:48.485+0300] {processor.py:753} INFO - DAG(s) dict_keys(['example_short_circuit_operator']) retrieved from /home/pker/airflow_env/lib/python3.7/site-packages/airflow/example_dags/example_short_circuit_operator.py
[2025-12-01T20:21:48.522+0300] {logging_mixin.py:137} INFO - [2025-12-01T20:21:48.522+0300] {dag.py:2705} INFO - Sync 1 DAGs
[2025-12-01T20:21:48.549+0300] {logging_mixin.py:137} INFO - [2025-12-01T20:21:48.549+0300] {dag.py:3456} INFO - Setting next_dagrun for example_short_circuit_operator to 2025-11-30T17:21:48.549431+00:00, run_after=2025-12-01T17:21:48.549431+00:00
[2025-12-01T20:21:48.592+0300] {processor.py:175} INFO - Processing /home/pker/airflow_env/lib/python3.7/site-packages/airflow/example_dags/example_short_circuit_operator.py took 0.147 seconds
[2025-12-01T20:22:38.849+0300] {processor.py:153} INFO - Started process (PID=921246) to work on /home/pker/airflow_env/lib/python3.7/site-packages/airflow/example_dags/example_short_circuit_operator.py
[2025-12-01T20:22:38.872+0300] {processor.py:743} INFO - Processing file /home/pker/airflow_env/lib/python3.7/site-packages/airflow/example_dags/example_short_circuit_operator.py for tasks to queue
[2025-12-01T20:22:38.874+0300] {logging_mixin.py:137} INFO - [2025-12-01T20:22:38.874+0300] {dagbag.py:532} INFO - Filling up the DagBag from /home/pker/airflow_env/lib/python3.7/site-packages/airflow/example_dags/example_short_circuit_operator.py
[2025-12-01T20:22:38.902+0300] {processor.py:753} INFO - DAG(s) dict_keys(['example_short_circuit_operator']) retrieved from /home/pker/airflow_env/lib/python3.7/site-packages/airflow/example_dags/example_short_circuit_operator.py
[2025-12-01T20:22:38.936+0300] {logging_mixin.py:137} INFO - [2025-12-01T20:22:38.935+0300] {dag.py:2705} INFO - Sync 1 DAGs
[2025-12-01T20:22:38.961+0300] {logging_mixin.py:137} INFO - [2025-12-01T20:22:38.961+0300] {dag.py:3456} INFO - Setting next_dagrun for example_short_circuit_operator to 2025-11-30T17:22:38.961027+00:00, run_after=2025-12-01T17:22:38.961027+00:00
[2025-12-01T20:22:39.000+0300] {processor.py:175} INFO - Processing /home/pker/airflow_env/lib/python3.7/site-packages/airflow/example_dags/example_short_circuit_operator.py took 0.163 seconds
[2025-12-01T20:23:29.522+0300] {processor.py:153} INFO - Started process (PID=921428) to work on /home/pker/airflow_env/lib/python3.7/site-packages/airflow/example_dags/example_short_circuit_operator.py
[2025-12-01T20:23:29.545+0300] {processor.py:743} INFO - Processing file /home/pker/airflow_env/lib/python3.7/site-packages/airflow/example_dags/example_short_circuit_operator.py for tasks to queue
[2025-12-01T20:23:29.547+0300] {logging_mixin.py:137} INFO - [2025-12-01T20:23:29.547+0300] {dagbag.py:532} INFO - Filling up the DagBag from /home/pker/airflow_env/lib/python3.7/site-packages/airflow/example_dags/example_short_circuit_operator.py
[2025-12-01T20:23:29.575+0300] {processor.py:753} INFO - DAG(s) dict_keys(['example_short_circuit_operator']) retrieved from /home/pker/airflow_env/lib/python3.7/site-packages/airflow/example_dags/example_short_circuit_operator.py
[2025-12-01T20:23:29.609+0300] {logging_mixin.py:137} INFO - [2025-12-01T20:23:29.608+0300] {dag.py:2705} INFO - Sync 1 DAGs
[2025-12-01T20:23:29.638+0300] {logging_mixin.py:137} INFO - [2025-12-01T20:23:29.638+0300] {dag.py:3456} INFO - Setting next_dagrun for example_short_circuit_operator to 2025-11-30T17:23:29.637710+00:00, run_after=2025-12-01T17:23:29.637710+00:00
[2025-12-01T20:23:29.666+0300] {processor.py:175} INFO - Processing /home/pker/airflow_env/lib/python3.7/site-packages/airflow/example_dags/example_short_circuit_operator.py took 0.148 seconds
[2025-12-01T20:24:21.425+0300] {processor.py:153} INFO - Started process (PID=921631) to work on /home/pker/airflow_env/lib/python3.7/site-packages/airflow/example_dags/example_short_circuit_operator.py
[2025-12-01T20:24:21.448+0300] {processor.py:743} INFO - Processing file /home/pker/airflow_env/lib/python3.7/site-packages/airflow/example_dags/example_short_circuit_operator.py for tasks to queue
[2025-12-01T20:24:21.450+0300] {logging_mixin.py:137} INFO - [2025-12-01T20:24:21.450+0300] {dagbag.py:532} INFO - Filling up the DagBag from /home/pker/airflow_env/lib/python3.7/site-packages/airflow/example_dags/example_short_circuit_operator.py
[2025-12-01T20:24:21.480+0300] {processor.py:753} INFO - DAG(s) dict_keys(['example_short_circuit_operator']) retrieved from /home/pker/airflow_env/lib/python3.7/site-packages/airflow/example_dags/example_short_circuit_operator.py
[2025-12-01T20:24:21.513+0300] {logging_mixin.py:137} INFO - [2025-12-01T20:24:21.512+0300] {dag.py:2705} INFO - Sync 1 DAGs
[2025-12-01T20:24:21.550+0300] {logging_mixin.py:137} INFO - [2025-12-01T20:24:21.550+0300] {dag.py:3456} INFO - Setting next_dagrun for example_short_circuit_operator to 2025-11-30T17:24:21.549567+00:00, run_after=2025-12-01T17:24:21.549567+00:00
[2025-12-01T20:24:21.628+0300] {processor.py:175} INFO - Processing /home/pker/airflow_env/lib/python3.7/site-packages/airflow/example_dags/example_short_circuit_operator.py took 0.210 seconds
[2025-12-01T20:25:12.387+0300] {processor.py:153} INFO - Started process (PID=921814) to work on /home/pker/airflow_env/lib/python3.7/site-packages/airflow/example_dags/example_short_circuit_operator.py
[2025-12-01T20:25:12.410+0300] {processor.py:743} INFO - Processing file /home/pker/airflow_env/lib/python3.7/site-packages/airflow/example_dags/example_short_circuit_operator.py for tasks to queue
[2025-12-01T20:25:12.413+0300] {logging_mixin.py:137} INFO - [2025-12-01T20:25:12.412+0300] {dagbag.py:532} INFO - Filling up the DagBag from /home/pker/airflow_env/lib/python3.7/site-packages/airflow/example_dags/example_short_circuit_operator.py
[2025-12-01T20:25:12.440+0300] {processor.py:753} INFO - DAG(s) dict_keys(['example_short_circuit_operator']) retrieved from /home/pker/airflow_env/lib/python3.7/site-packages/airflow/example_dags/example_short_circuit_operator.py
[2025-12-01T20:25:12.469+0300] {logging_mixin.py:137} INFO - [2025-12-01T20:25:12.469+0300] {dag.py:2705} INFO - Sync 1 DAGs
[2025-12-01T20:25:12.500+0300] {logging_mixin.py:137} INFO - [2025-12-01T20:25:12.499+0300] {dag.py:3456} INFO - Setting next_dagrun for example_short_circuit_operator to 2025-11-30T17:25:12.499530+00:00, run_after=2025-12-01T17:25:12.499530+00:00
[2025-12-01T20:25:12.530+0300] {processor.py:175} INFO - Processing /home/pker/airflow_env/lib/python3.7/site-packages/airflow/example_dags/example_short_circuit_operator.py took 0.148 seconds
[2025-12-01T20:25:58.929+0300] {processor.py:153} INFO - Started process (PID=921985) to work on /home/pker/airflow_env/lib/python3.7/site-packages/airflow/example_dags/example_short_circuit_operator.py
[2025-12-01T20:25:58.953+0300] {processor.py:743} INFO - Processing file /home/pker/airflow_env/lib/python3.7/site-packages/airflow/example_dags/example_short_circuit_operator.py for tasks to queue
[2025-12-01T20:25:58.955+0300] {logging_mixin.py:137} INFO - [2025-12-01T20:25:58.954+0300] {dagbag.py:532} INFO - Filling up the DagBag from /home/pker/airflow_env/lib/python3.7/site-packages/airflow/example_dags/example_short_circuit_operator.py
[2025-12-01T20:25:58.987+0300] {processor.py:753} INFO - DAG(s) dict_keys(['example_short_circuit_operator']) retrieved from /home/pker/airflow_env/lib/python3.7/site-packages/airflow/example_dags/example_short_circuit_operator.py
[2025-12-01T20:25:59.020+0300] {logging_mixin.py:137} INFO - [2025-12-01T20:25:59.020+0300] {dag.py:2705} INFO - Sync 1 DAGs
[2025-12-01T20:25:59.049+0300] {logging_mixin.py:137} INFO - [2025-12-01T20:25:59.049+0300] {dag.py:3456} INFO - Setting next_dagrun for example_short_circuit_operator to 2025-11-30T17:25:59.049387+00:00, run_after=2025-12-01T17:25:59.049387+00:00
[2025-12-01T20:25:59.080+0300] {processor.py:175} INFO - Processing /home/pker/airflow_env/lib/python3.7/site-packages/airflow/example_dags/example_short_circuit_operator.py took 0.155 seconds
[2025-12-01T20:26:46.556+0300] {processor.py:153} INFO - Started process (PID=922158) to work on /home/pker/airflow_env/lib/python3.7/site-packages/airflow/example_dags/example_short_circuit_operator.py
[2025-12-01T20:26:46.578+0300] {processor.py:743} INFO - Processing file /home/pker/airflow_env/lib/python3.7/site-packages/airflow/example_dags/example_short_circuit_operator.py for tasks to queue
[2025-12-01T20:26:46.580+0300] {logging_mixin.py:137} INFO - [2025-12-01T20:26:46.580+0300] {dagbag.py:532} INFO - Filling up the DagBag from /home/pker/airflow_env/lib/python3.7/site-packages/airflow/example_dags/example_short_circuit_operator.py
[2025-12-01T20:26:46.606+0300] {processor.py:753} INFO - DAG(s) dict_keys(['example_short_circuit_operator']) retrieved from /home/pker/airflow_env/lib/python3.7/site-packages/airflow/example_dags/example_short_circuit_operator.py
[2025-12-01T20:26:46.641+0300] {logging_mixin.py:137} INFO - [2025-12-01T20:26:46.641+0300] {dag.py:2705} INFO - Sync 1 DAGs
[2025-12-01T20:26:46.676+0300] {logging_mixin.py:137} INFO - [2025-12-01T20:26:46.675+0300] {dag.py:3456} INFO - Setting next_dagrun for example_short_circuit_operator to 2025-11-30T17:26:46.675502+00:00, run_after=2025-12-01T17:26:46.675502+00:00
[2025-12-01T20:26:46.714+0300] {processor.py:175} INFO - Processing /home/pker/airflow_env/lib/python3.7/site-packages/airflow/example_dags/example_short_circuit_operator.py took 0.163 seconds
[2025-12-01T20:27:34.054+0300] {processor.py:153} INFO - Started process (PID=922330) to work on /home/pker/airflow_env/lib/python3.7/site-packages/airflow/example_dags/example_short_circuit_operator.py
[2025-12-01T20:27:34.076+0300] {processor.py:743} INFO - Processing file /home/pker/airflow_env/lib/python3.7/site-packages/airflow/example_dags/example_short_circuit_operator.py for tasks to queue
[2025-12-01T20:27:34.080+0300] {logging_mixin.py:137} INFO - [2025-12-01T20:27:34.079+0300] {dagbag.py:532} INFO - Filling up the DagBag from /home/pker/airflow_env/lib/python3.7/site-packages/airflow/example_dags/example_short_circuit_operator.py
[2025-12-01T20:27:34.117+0300] {processor.py:753} INFO - DAG(s) dict_keys(['example_short_circuit_operator']) retrieved from /home/pker/airflow_env/lib/python3.7/site-packages/airflow/example_dags/example_short_circuit_operator.py
[2025-12-01T20:27:34.152+0300] {logging_mixin.py:137} INFO - [2025-12-01T20:27:34.152+0300] {dag.py:2705} INFO - Sync 1 DAGs
[2025-12-01T20:27:34.187+0300] {logging_mixin.py:137} INFO - [2025-12-01T20:27:34.187+0300] {dag.py:3456} INFO - Setting next_dagrun for example_short_circuit_operator to 2025-11-30T17:27:34.187026+00:00, run_after=2025-12-01T17:27:34.187026+00:00
[2025-12-01T20:27:34.250+0300] {processor.py:175} INFO - Processing /home/pker/airflow_env/lib/python3.7/site-packages/airflow/example_dags/example_short_circuit_operator.py took 0.202 seconds
[2025-12-01T20:28:22.553+0300] {processor.py:153} INFO - Started process (PID=922505) to work on /home/pker/airflow_env/lib/python3.7/site-packages/airflow/example_dags/example_short_circuit_operator.py
[2025-12-01T20:28:22.557+0300] {processor.py:743} INFO - Processing file /home/pker/airflow_env/lib/python3.7/site-packages/airflow/example_dags/example_short_circuit_operator.py for tasks to queue
[2025-12-01T20:28:22.559+0300] {logging_mixin.py:137} INFO - [2025-12-01T20:28:22.559+0300] {dagbag.py:532} INFO - Filling up the DagBag from /home/pker/airflow_env/lib/python3.7/site-packages/airflow/example_dags/example_short_circuit_operator.py
[2025-12-01T20:28:22.590+0300] {processor.py:753} INFO - DAG(s) dict_keys(['example_short_circuit_operator']) retrieved from /home/pker/airflow_env/lib/python3.7/site-packages/airflow/example_dags/example_short_circuit_operator.py
[2025-12-01T20:28:22.624+0300] {logging_mixin.py:137} INFO - [2025-12-01T20:28:22.624+0300] {dag.py:2705} INFO - Sync 1 DAGs
[2025-12-01T20:28:22.658+0300] {logging_mixin.py:137} INFO - [2025-12-01T20:28:22.658+0300] {dag.py:3456} INFO - Setting next_dagrun for example_short_circuit_operator to 2025-11-30T17:28:22.657928+00:00, run_after=2025-12-01T17:28:22.657928+00:00
[2025-12-01T20:28:22.702+0300] {processor.py:175} INFO - Processing /home/pker/airflow_env/lib/python3.7/site-packages/airflow/example_dags/example_short_circuit_operator.py took 0.155 seconds
[2025-12-01T20:29:06.667+0300] {processor.py:153} INFO - Started process (PID=922685) to work on /home/pker/airflow_env/lib/python3.7/site-packages/airflow/example_dags/example_short_circuit_operator.py
[2025-12-01T20:29:06.669+0300] {processor.py:743} INFO - Processing file /home/pker/airflow_env/lib/python3.7/site-packages/airflow/example_dags/example_short_circuit_operator.py for tasks to queue
[2025-12-01T20:29:06.671+0300] {logging_mixin.py:137} INFO - [2025-12-01T20:29:06.670+0300] {dagbag.py:532} INFO - Filling up the DagBag from /home/pker/airflow_env/lib/python3.7/site-packages/airflow/example_dags/example_short_circuit_operator.py
[2025-12-01T20:29:06.698+0300] {processor.py:753} INFO - DAG(s) dict_keys(['example_short_circuit_operator']) retrieved from /home/pker/airflow_env/lib/python3.7/site-packages/airflow/example_dags/example_short_circuit_operator.py
[2025-12-01T20:29:06.730+0300] {logging_mixin.py:137} INFO - [2025-12-01T20:29:06.730+0300] {dag.py:2705} INFO - Sync 1 DAGs
[2025-12-01T20:29:06.757+0300] {logging_mixin.py:137} INFO - [2025-12-01T20:29:06.756+0300] {dag.py:3456} INFO - Setting next_dagrun for example_short_circuit_operator to 2025-11-30T17:29:06.756657+00:00, run_after=2025-12-01T17:29:06.756657+00:00
[2025-12-01T20:29:06.790+0300] {processor.py:175} INFO - Processing /home/pker/airflow_env/lib/python3.7/site-packages/airflow/example_dags/example_short_circuit_operator.py took 0.130 seconds
[2025-12-01T20:29:55.217+0300] {processor.py:153} INFO - Started process (PID=922856) to work on /home/pker/airflow_env/lib/python3.7/site-packages/airflow/example_dags/example_short_circuit_operator.py
[2025-12-01T20:29:55.240+0300] {processor.py:743} INFO - Processing file /home/pker/airflow_env/lib/python3.7/site-packages/airflow/example_dags/example_short_circuit_operator.py for tasks to queue
[2025-12-01T20:29:55.243+0300] {logging_mixin.py:137} INFO - [2025-12-01T20:29:55.243+0300] {dagbag.py:532} INFO - Filling up the DagBag from /home/pker/airflow_env/lib/python3.7/site-packages/airflow/example_dags/example_short_circuit_operator.py
[2025-12-01T20:29:55.272+0300] {processor.py:753} INFO - DAG(s) dict_keys(['example_short_circuit_operator']) retrieved from /home/pker/airflow_env/lib/python3.7/site-packages/airflow/example_dags/example_short_circuit_operator.py
[2025-12-01T20:29:55.301+0300] {logging_mixin.py:137} INFO - [2025-12-01T20:29:55.301+0300] {dag.py:2705} INFO - Sync 1 DAGs
[2025-12-01T20:29:55.332+0300] {logging_mixin.py:137} INFO - [2025-12-01T20:29:55.332+0300] {dag.py:3456} INFO - Setting next_dagrun for example_short_circuit_operator to 2025-11-30T17:29:55.332296+00:00, run_after=2025-12-01T17:29:55.332296+00:00
[2025-12-01T20:29:55.392+0300] {processor.py:175} INFO - Processing /home/pker/airflow_env/lib/python3.7/site-packages/airflow/example_dags/example_short_circuit_operator.py took 0.181 seconds
[2025-12-01T20:30:46.721+0300] {processor.py:153} INFO - Started process (PID=923041) to work on /home/pker/airflow_env/lib/python3.7/site-packages/airflow/example_dags/example_short_circuit_operator.py
[2025-12-01T20:30:46.723+0300] {processor.py:743} INFO - Processing file /home/pker/airflow_env/lib/python3.7/site-packages/airflow/example_dags/example_short_circuit_operator.py for tasks to queue
[2025-12-01T20:30:46.725+0300] {logging_mixin.py:137} INFO - [2025-12-01T20:30:46.724+0300] {dagbag.py:532} INFO - Filling up the DagBag from /home/pker/airflow_env/lib/python3.7/site-packages/airflow/example_dags/example_short_circuit_operator.py
[2025-12-01T20:30:46.752+0300] {processor.py:753} INFO - DAG(s) dict_keys(['example_short_circuit_operator']) retrieved from /home/pker/airflow_env/lib/python3.7/site-packages/airflow/example_dags/example_short_circuit_operator.py
[2025-12-01T20:30:46.780+0300] {logging_mixin.py:137} INFO - [2025-12-01T20:30:46.780+0300] {dag.py:2705} INFO - Sync 1 DAGs
[2025-12-01T20:30:46.812+0300] {logging_mixin.py:137} INFO - [2025-12-01T20:30:46.811+0300] {dag.py:3456} INFO - Setting next_dagrun for example_short_circuit_operator to 2025-11-30T17:30:46.811167+00:00, run_after=2025-12-01T17:30:46.811167+00:00
[2025-12-01T20:30:46.844+0300] {processor.py:175} INFO - Processing /home/pker/airflow_env/lib/python3.7/site-packages/airflow/example_dags/example_short_circuit_operator.py took 0.127 seconds
[2025-12-01T20:31:37.741+0300] {processor.py:153} INFO - Started process (PID=923229) to work on /home/pker/airflow_env/lib/python3.7/site-packages/airflow/example_dags/example_short_circuit_operator.py
[2025-12-01T20:31:37.763+0300] {processor.py:743} INFO - Processing file /home/pker/airflow_env/lib/python3.7/site-packages/airflow/example_dags/example_short_circuit_operator.py for tasks to queue
[2025-12-01T20:31:37.765+0300] {logging_mixin.py:137} INFO - [2025-12-01T20:31:37.765+0300] {dagbag.py:532} INFO - Filling up the DagBag from /home/pker/airflow_env/lib/python3.7/site-packages/airflow/example_dags/example_short_circuit_operator.py
[2025-12-01T20:31:37.793+0300] {processor.py:753} INFO - DAG(s) dict_keys(['example_short_circuit_operator']) retrieved from /home/pker/airflow_env/lib/python3.7/site-packages/airflow/example_dags/example_short_circuit_operator.py
[2025-12-01T20:31:37.829+0300] {logging_mixin.py:137} INFO - [2025-12-01T20:31:37.829+0300] {dag.py:2705} INFO - Sync 1 DAGs
[2025-12-01T20:31:37.856+0300] {logging_mixin.py:137} INFO - [2025-12-01T20:31:37.856+0300] {dag.py:3456} INFO - Setting next_dagrun for example_short_circuit_operator to 2025-11-30T17:31:37.855837+00:00, run_after=2025-12-01T17:31:37.855837+00:00
[2025-12-01T20:31:37.887+0300] {processor.py:175} INFO - Processing /home/pker/airflow_env/lib/python3.7/site-packages/airflow/example_dags/example_short_circuit_operator.py took 0.152 seconds
