[2025-12-01T20:14:42.340+0300] {processor.py:153} INFO - Started process (PID=919375) to work on /home/pker/airflow_env/lib/python3.7/site-packages/airflow/example_dags/example_xcomargs.py
[2025-12-01T20:14:42.341+0300] {processor.py:743} INFO - Processing file /home/pker/airflow_env/lib/python3.7/site-packages/airflow/example_dags/example_xcomargs.py for tasks to queue
[2025-12-01T20:14:42.343+0300] {logging_mixin.py:137} INFO - [2025-12-01T20:14:42.342+0300] {dagbag.py:532} INFO - Filling up the DagBag from /home/pker/airflow_env/lib/python3.7/site-packages/airflow/example_dags/example_xcomargs.py
[2025-12-01T20:14:42.382+0300] {processor.py:753} INFO - DAG(s) dict_keys(['example_xcom_args', 'example_xcom_args_with_operators']) retrieved from /home/pker/airflow_env/lib/python3.7/site-packages/airflow/example_dags/example_xcomargs.py
[2025-12-01T20:14:42.460+0300] {logging_mixin.py:137} INFO - [2025-12-01T20:14:42.459+0300] {dag.py:2705} INFO - Sync 2 DAGs
[2025-12-01T20:14:42.484+0300] {logging_mixin.py:137} INFO - [2025-12-01T20:14:42.484+0300] {dag.py:3456} INFO - Setting next_dagrun for example_xcom_args to None, run_after=None
[2025-12-01T20:14:42.487+0300] {logging_mixin.py:137} INFO - [2025-12-01T20:14:42.487+0300] {dag.py:3456} INFO - Setting next_dagrun for example_xcom_args_with_operators to None, run_after=None
[2025-12-01T20:14:42.538+0300] {processor.py:175} INFO - Processing /home/pker/airflow_env/lib/python3.7/site-packages/airflow/example_dags/example_xcomargs.py took 0.203 seconds
[2025-12-01T20:15:40.383+0300] {processor.py:153} INFO - Started process (PID=919732) to work on /home/pker/airflow_env/lib/python3.7/site-packages/airflow/example_dags/example_xcomargs.py
[2025-12-01T20:15:40.387+0300] {processor.py:743} INFO - Processing file /home/pker/airflow_env/lib/python3.7/site-packages/airflow/example_dags/example_xcomargs.py for tasks to queue
[2025-12-01T20:15:40.389+0300] {logging_mixin.py:137} INFO - [2025-12-01T20:15:40.389+0300] {dagbag.py:532} INFO - Filling up the DagBag from /home/pker/airflow_env/lib/python3.7/site-packages/airflow/example_dags/example_xcomargs.py
[2025-12-01T20:15:40.431+0300] {processor.py:753} INFO - DAG(s) dict_keys(['example_xcom_args', 'example_xcom_args_with_operators']) retrieved from /home/pker/airflow_env/lib/python3.7/site-packages/airflow/example_dags/example_xcomargs.py
[2025-12-01T20:15:40.462+0300] {logging_mixin.py:137} INFO - [2025-12-01T20:15:40.462+0300] {dag.py:2705} INFO - Sync 2 DAGs
[2025-12-01T20:15:40.496+0300] {logging_mixin.py:137} INFO - [2025-12-01T20:15:40.495+0300] {dag.py:3456} INFO - Setting next_dagrun for example_xcom_args to None, run_after=None
[2025-12-01T20:15:40.499+0300] {logging_mixin.py:137} INFO - [2025-12-01T20:15:40.499+0300] {dag.py:3456} INFO - Setting next_dagrun for example_xcom_args_with_operators to None, run_after=None
[2025-12-01T20:15:40.540+0300] {processor.py:175} INFO - Processing /home/pker/airflow_env/lib/python3.7/site-packages/airflow/example_dags/example_xcomargs.py took 0.163 seconds
[2025-12-01T20:16:37.323+0300] {processor.py:153} INFO - Started process (PID=919928) to work on /home/pker/airflow_env/lib/python3.7/site-packages/airflow/example_dags/example_xcomargs.py
[2025-12-01T20:16:37.346+0300] {processor.py:743} INFO - Processing file /home/pker/airflow_env/lib/python3.7/site-packages/airflow/example_dags/example_xcomargs.py for tasks to queue
[2025-12-01T20:16:37.348+0300] {logging_mixin.py:137} INFO - [2025-12-01T20:16:37.348+0300] {dagbag.py:532} INFO - Filling up the DagBag from /home/pker/airflow_env/lib/python3.7/site-packages/airflow/example_dags/example_xcomargs.py
[2025-12-01T20:16:37.387+0300] {processor.py:753} INFO - DAG(s) dict_keys(['example_xcom_args', 'example_xcom_args_with_operators']) retrieved from /home/pker/airflow_env/lib/python3.7/site-packages/airflow/example_dags/example_xcomargs.py
[2025-12-01T20:16:37.414+0300] {logging_mixin.py:137} INFO - [2025-12-01T20:16:37.414+0300] {dag.py:2705} INFO - Sync 2 DAGs
[2025-12-01T20:16:37.448+0300] {logging_mixin.py:137} INFO - [2025-12-01T20:16:37.448+0300] {dag.py:3456} INFO - Setting next_dagrun for example_xcom_args to None, run_after=None
[2025-12-01T20:16:37.454+0300] {logging_mixin.py:137} INFO - [2025-12-01T20:16:37.454+0300] {dag.py:3456} INFO - Setting next_dagrun for example_xcom_args_with_operators to None, run_after=None
[2025-12-01T20:16:37.508+0300] {processor.py:175} INFO - Processing /home/pker/airflow_env/lib/python3.7/site-packages/airflow/example_dags/example_xcomargs.py took 0.190 seconds
[2025-12-01T20:17:28.805+0300] {processor.py:153} INFO - Started process (PID=920116) to work on /home/pker/airflow_env/lib/python3.7/site-packages/airflow/example_dags/example_xcomargs.py
[2025-12-01T20:17:28.827+0300] {processor.py:743} INFO - Processing file /home/pker/airflow_env/lib/python3.7/site-packages/airflow/example_dags/example_xcomargs.py for tasks to queue
[2025-12-01T20:17:28.830+0300] {logging_mixin.py:137} INFO - [2025-12-01T20:17:28.830+0300] {dagbag.py:532} INFO - Filling up the DagBag from /home/pker/airflow_env/lib/python3.7/site-packages/airflow/example_dags/example_xcomargs.py
[2025-12-01T20:17:28.869+0300] {processor.py:753} INFO - DAG(s) dict_keys(['example_xcom_args', 'example_xcom_args_with_operators']) retrieved from /home/pker/airflow_env/lib/python3.7/site-packages/airflow/example_dags/example_xcomargs.py
[2025-12-01T20:17:28.899+0300] {logging_mixin.py:137} INFO - [2025-12-01T20:17:28.899+0300] {dag.py:2705} INFO - Sync 2 DAGs
[2025-12-01T20:17:28.927+0300] {logging_mixin.py:137} INFO - [2025-12-01T20:17:28.927+0300] {dag.py:3456} INFO - Setting next_dagrun for example_xcom_args to None, run_after=None
[2025-12-01T20:17:28.932+0300] {logging_mixin.py:137} INFO - [2025-12-01T20:17:28.932+0300] {dag.py:3456} INFO - Setting next_dagrun for example_xcom_args_with_operators to None, run_after=None
[2025-12-01T20:17:28.985+0300] {processor.py:175} INFO - Processing /home/pker/airflow_env/lib/python3.7/site-packages/airflow/example_dags/example_xcomargs.py took 0.185 seconds
[2025-12-01T20:18:18.274+0300] {processor.py:153} INFO - Started process (PID=920293) to work on /home/pker/airflow_env/lib/python3.7/site-packages/airflow/example_dags/example_xcomargs.py
[2025-12-01T20:18:18.297+0300] {processor.py:743} INFO - Processing file /home/pker/airflow_env/lib/python3.7/site-packages/airflow/example_dags/example_xcomargs.py for tasks to queue
[2025-12-01T20:18:18.299+0300] {logging_mixin.py:137} INFO - [2025-12-01T20:18:18.299+0300] {dagbag.py:532} INFO - Filling up the DagBag from /home/pker/airflow_env/lib/python3.7/site-packages/airflow/example_dags/example_xcomargs.py
[2025-12-01T20:18:18.337+0300] {processor.py:753} INFO - DAG(s) dict_keys(['example_xcom_args_with_operators', 'example_xcom_args']) retrieved from /home/pker/airflow_env/lib/python3.7/site-packages/airflow/example_dags/example_xcomargs.py
[2025-12-01T20:18:18.365+0300] {logging_mixin.py:137} INFO - [2025-12-01T20:18:18.365+0300] {dag.py:2705} INFO - Sync 2 DAGs
[2025-12-01T20:18:18.396+0300] {logging_mixin.py:137} INFO - [2025-12-01T20:18:18.395+0300] {dag.py:3456} INFO - Setting next_dagrun for example_xcom_args to None, run_after=None
[2025-12-01T20:18:18.400+0300] {logging_mixin.py:137} INFO - [2025-12-01T20:18:18.399+0300] {dag.py:3456} INFO - Setting next_dagrun for example_xcom_args_with_operators to None, run_after=None
[2025-12-01T20:18:18.447+0300] {processor.py:175} INFO - Processing /home/pker/airflow_env/lib/python3.7/site-packages/airflow/example_dags/example_xcomargs.py took 0.178 seconds
[2025-12-01T20:19:07.929+0300] {processor.py:153} INFO - Started process (PID=920472) to work on /home/pker/airflow_env/lib/python3.7/site-packages/airflow/example_dags/example_xcomargs.py
[2025-12-01T20:19:07.952+0300] {processor.py:743} INFO - Processing file /home/pker/airflow_env/lib/python3.7/site-packages/airflow/example_dags/example_xcomargs.py for tasks to queue
[2025-12-01T20:19:07.955+0300] {logging_mixin.py:137} INFO - [2025-12-01T20:19:07.954+0300] {dagbag.py:532} INFO - Filling up the DagBag from /home/pker/airflow_env/lib/python3.7/site-packages/airflow/example_dags/example_xcomargs.py
[2025-12-01T20:19:08.002+0300] {processor.py:753} INFO - DAG(s) dict_keys(['example_xcom_args', 'example_xcom_args_with_operators']) retrieved from /home/pker/airflow_env/lib/python3.7/site-packages/airflow/example_dags/example_xcomargs.py
[2025-12-01T20:19:08.041+0300] {logging_mixin.py:137} INFO - [2025-12-01T20:19:08.041+0300] {dag.py:2705} INFO - Sync 2 DAGs
[2025-12-01T20:19:08.075+0300] {logging_mixin.py:137} INFO - [2025-12-01T20:19:08.075+0300] {dag.py:3456} INFO - Setting next_dagrun for example_xcom_args to None, run_after=None
[2025-12-01T20:19:08.079+0300] {logging_mixin.py:137} INFO - [2025-12-01T20:19:08.079+0300] {dag.py:3456} INFO - Setting next_dagrun for example_xcom_args_with_operators to None, run_after=None
[2025-12-01T20:19:08.106+0300] {processor.py:175} INFO - Processing /home/pker/airflow_env/lib/python3.7/site-packages/airflow/example_dags/example_xcomargs.py took 0.182 seconds
[2025-12-01T20:19:52.962+0300] {processor.py:153} INFO - Started process (PID=920658) to work on /home/pker/airflow_env/lib/python3.7/site-packages/airflow/example_dags/example_xcomargs.py
[2025-12-01T20:19:52.965+0300] {processor.py:743} INFO - Processing file /home/pker/airflow_env/lib/python3.7/site-packages/airflow/example_dags/example_xcomargs.py for tasks to queue
[2025-12-01T20:19:52.966+0300] {logging_mixin.py:137} INFO - [2025-12-01T20:19:52.966+0300] {dagbag.py:532} INFO - Filling up the DagBag from /home/pker/airflow_env/lib/python3.7/site-packages/airflow/example_dags/example_xcomargs.py
[2025-12-01T20:19:53.014+0300] {processor.py:753} INFO - DAG(s) dict_keys(['example_xcom_args_with_operators', 'example_xcom_args']) retrieved from /home/pker/airflow_env/lib/python3.7/site-packages/airflow/example_dags/example_xcomargs.py
[2025-12-01T20:19:53.056+0300] {logging_mixin.py:137} INFO - [2025-12-01T20:19:53.055+0300] {dag.py:2705} INFO - Sync 2 DAGs
[2025-12-01T20:19:53.086+0300] {logging_mixin.py:137} INFO - [2025-12-01T20:19:53.086+0300] {dag.py:3456} INFO - Setting next_dagrun for example_xcom_args to None, run_after=None
[2025-12-01T20:19:53.090+0300] {logging_mixin.py:137} INFO - [2025-12-01T20:19:53.090+0300] {dag.py:3456} INFO - Setting next_dagrun for example_xcom_args_with_operators to None, run_after=None
[2025-12-01T20:19:53.130+0300] {processor.py:175} INFO - Processing /home/pker/airflow_env/lib/python3.7/site-packages/airflow/example_dags/example_xcomargs.py took 0.175 seconds
[2025-12-01T20:20:42.191+0300] {processor.py:153} INFO - Started process (PID=920830) to work on /home/pker/airflow_env/lib/python3.7/site-packages/airflow/example_dags/example_xcomargs.py
[2025-12-01T20:20:42.214+0300] {processor.py:743} INFO - Processing file /home/pker/airflow_env/lib/python3.7/site-packages/airflow/example_dags/example_xcomargs.py for tasks to queue
[2025-12-01T20:20:42.215+0300] {logging_mixin.py:137} INFO - [2025-12-01T20:20:42.215+0300] {dagbag.py:532} INFO - Filling up the DagBag from /home/pker/airflow_env/lib/python3.7/site-packages/airflow/example_dags/example_xcomargs.py
[2025-12-01T20:20:42.257+0300] {processor.py:753} INFO - DAG(s) dict_keys(['example_xcom_args_with_operators', 'example_xcom_args']) retrieved from /home/pker/airflow_env/lib/python3.7/site-packages/airflow/example_dags/example_xcomargs.py
[2025-12-01T20:20:42.289+0300] {logging_mixin.py:137} INFO - [2025-12-01T20:20:42.289+0300] {dag.py:2705} INFO - Sync 2 DAGs
[2025-12-01T20:20:42.320+0300] {logging_mixin.py:137} INFO - [2025-12-01T20:20:42.320+0300] {dag.py:3456} INFO - Setting next_dagrun for example_xcom_args to None, run_after=None
[2025-12-01T20:20:42.323+0300] {logging_mixin.py:137} INFO - [2025-12-01T20:20:42.323+0300] {dag.py:3456} INFO - Setting next_dagrun for example_xcom_args_with_operators to None, run_after=None
[2025-12-01T20:20:42.386+0300] {processor.py:175} INFO - Processing /home/pker/airflow_env/lib/python3.7/site-packages/airflow/example_dags/example_xcomargs.py took 0.201 seconds
[2025-12-01T20:21:28.586+0300] {processor.py:153} INFO - Started process (PID=920999) to work on /home/pker/airflow_env/lib/python3.7/site-packages/airflow/example_dags/example_xcomargs.py
[2025-12-01T20:21:28.609+0300] {processor.py:743} INFO - Processing file /home/pker/airflow_env/lib/python3.7/site-packages/airflow/example_dags/example_xcomargs.py for tasks to queue
[2025-12-01T20:21:28.611+0300] {logging_mixin.py:137} INFO - [2025-12-01T20:21:28.610+0300] {dagbag.py:532} INFO - Filling up the DagBag from /home/pker/airflow_env/lib/python3.7/site-packages/airflow/example_dags/example_xcomargs.py
[2025-12-01T20:21:28.650+0300] {processor.py:753} INFO - DAG(s) dict_keys(['example_xcom_args', 'example_xcom_args_with_operators']) retrieved from /home/pker/airflow_env/lib/python3.7/site-packages/airflow/example_dags/example_xcomargs.py
[2025-12-01T20:21:28.681+0300] {logging_mixin.py:137} INFO - [2025-12-01T20:21:28.681+0300] {dag.py:2705} INFO - Sync 2 DAGs
[2025-12-01T20:21:28.707+0300] {logging_mixin.py:137} INFO - [2025-12-01T20:21:28.707+0300] {dag.py:3456} INFO - Setting next_dagrun for example_xcom_args to None, run_after=None
[2025-12-01T20:21:28.711+0300] {logging_mixin.py:137} INFO - [2025-12-01T20:21:28.711+0300] {dag.py:3456} INFO - Setting next_dagrun for example_xcom_args_with_operators to None, run_after=None
[2025-12-01T20:21:28.740+0300] {processor.py:175} INFO - Processing /home/pker/airflow_env/lib/python3.7/site-packages/airflow/example_dags/example_xcomargs.py took 0.160 seconds
[2025-12-01T20:22:17.725+0300] {processor.py:153} INFO - Started process (PID=921168) to work on /home/pker/airflow_env/lib/python3.7/site-packages/airflow/example_dags/example_xcomargs.py
[2025-12-01T20:22:17.730+0300] {processor.py:743} INFO - Processing file /home/pker/airflow_env/lib/python3.7/site-packages/airflow/example_dags/example_xcomargs.py for tasks to queue
[2025-12-01T20:22:17.731+0300] {logging_mixin.py:137} INFO - [2025-12-01T20:22:17.731+0300] {dagbag.py:532} INFO - Filling up the DagBag from /home/pker/airflow_env/lib/python3.7/site-packages/airflow/example_dags/example_xcomargs.py
[2025-12-01T20:22:17.770+0300] {processor.py:753} INFO - DAG(s) dict_keys(['example_xcom_args_with_operators', 'example_xcom_args']) retrieved from /home/pker/airflow_env/lib/python3.7/site-packages/airflow/example_dags/example_xcomargs.py
[2025-12-01T20:22:17.799+0300] {logging_mixin.py:137} INFO - [2025-12-01T20:22:17.798+0300] {dag.py:2705} INFO - Sync 2 DAGs
[2025-12-01T20:22:17.824+0300] {logging_mixin.py:137} INFO - [2025-12-01T20:22:17.824+0300] {dag.py:3456} INFO - Setting next_dagrun for example_xcom_args to None, run_after=None
[2025-12-01T20:22:17.827+0300] {logging_mixin.py:137} INFO - [2025-12-01T20:22:17.827+0300] {dag.py:3456} INFO - Setting next_dagrun for example_xcom_args_with_operators to None, run_after=None
[2025-12-01T20:22:17.866+0300] {processor.py:175} INFO - Processing /home/pker/airflow_env/lib/python3.7/site-packages/airflow/example_dags/example_xcomargs.py took 0.145 seconds
[2025-12-01T20:23:07.480+0300] {processor.py:153} INFO - Started process (PID=921349) to work on /home/pker/airflow_env/lib/python3.7/site-packages/airflow/example_dags/example_xcomargs.py
[2025-12-01T20:23:07.504+0300] {processor.py:743} INFO - Processing file /home/pker/airflow_env/lib/python3.7/site-packages/airflow/example_dags/example_xcomargs.py for tasks to queue
[2025-12-01T20:23:07.507+0300] {logging_mixin.py:137} INFO - [2025-12-01T20:23:07.506+0300] {dagbag.py:532} INFO - Filling up the DagBag from /home/pker/airflow_env/lib/python3.7/site-packages/airflow/example_dags/example_xcomargs.py
[2025-12-01T20:23:07.549+0300] {processor.py:753} INFO - DAG(s) dict_keys(['example_xcom_args_with_operators', 'example_xcom_args']) retrieved from /home/pker/airflow_env/lib/python3.7/site-packages/airflow/example_dags/example_xcomargs.py
[2025-12-01T20:23:07.586+0300] {logging_mixin.py:137} INFO - [2025-12-01T20:23:07.586+0300] {dag.py:2705} INFO - Sync 2 DAGs
[2025-12-01T20:23:07.618+0300] {logging_mixin.py:137} INFO - [2025-12-01T20:23:07.618+0300] {dag.py:3456} INFO - Setting next_dagrun for example_xcom_args to None, run_after=None
[2025-12-01T20:23:07.622+0300] {logging_mixin.py:137} INFO - [2025-12-01T20:23:07.622+0300] {dag.py:3456} INFO - Setting next_dagrun for example_xcom_args_with_operators to None, run_after=None
[2025-12-01T20:23:07.679+0300] {processor.py:175} INFO - Processing /home/pker/airflow_env/lib/python3.7/site-packages/airflow/example_dags/example_xcomargs.py took 0.204 seconds
[2025-12-01T20:23:59.386+0300] {processor.py:153} INFO - Started process (PID=921537) to work on /home/pker/airflow_env/lib/python3.7/site-packages/airflow/example_dags/example_xcomargs.py
[2025-12-01T20:23:59.408+0300] {processor.py:743} INFO - Processing file /home/pker/airflow_env/lib/python3.7/site-packages/airflow/example_dags/example_xcomargs.py for tasks to queue
[2025-12-01T20:23:59.410+0300] {logging_mixin.py:137} INFO - [2025-12-01T20:23:59.410+0300] {dagbag.py:532} INFO - Filling up the DagBag from /home/pker/airflow_env/lib/python3.7/site-packages/airflow/example_dags/example_xcomargs.py
[2025-12-01T20:23:59.464+0300] {processor.py:753} INFO - DAG(s) dict_keys(['example_xcom_args_with_operators', 'example_xcom_args']) retrieved from /home/pker/airflow_env/lib/python3.7/site-packages/airflow/example_dags/example_xcomargs.py
[2025-12-01T20:23:59.501+0300] {logging_mixin.py:137} INFO - [2025-12-01T20:23:59.501+0300] {dag.py:2705} INFO - Sync 2 DAGs
[2025-12-01T20:23:59.528+0300] {logging_mixin.py:137} INFO - [2025-12-01T20:23:59.528+0300] {dag.py:3456} INFO - Setting next_dagrun for example_xcom_args to None, run_after=None
[2025-12-01T20:23:59.532+0300] {logging_mixin.py:137} INFO - [2025-12-01T20:23:59.532+0300] {dag.py:3456} INFO - Setting next_dagrun for example_xcom_args_with_operators to None, run_after=None
[2025-12-01T20:23:59.565+0300] {processor.py:175} INFO - Processing /home/pker/airflow_env/lib/python3.7/site-packages/airflow/example_dags/example_xcomargs.py took 0.185 seconds
[2025-12-01T20:24:50.435+0300] {processor.py:153} INFO - Started process (PID=921737) to work on /home/pker/airflow_env/lib/python3.7/site-packages/airflow/example_dags/example_xcomargs.py
[2025-12-01T20:24:50.437+0300] {processor.py:743} INFO - Processing file /home/pker/airflow_env/lib/python3.7/site-packages/airflow/example_dags/example_xcomargs.py for tasks to queue
[2025-12-01T20:24:50.440+0300] {logging_mixin.py:137} INFO - [2025-12-01T20:24:50.440+0300] {dagbag.py:532} INFO - Filling up the DagBag from /home/pker/airflow_env/lib/python3.7/site-packages/airflow/example_dags/example_xcomargs.py
[2025-12-01T20:24:50.491+0300] {processor.py:753} INFO - DAG(s) dict_keys(['example_xcom_args', 'example_xcom_args_with_operators']) retrieved from /home/pker/airflow_env/lib/python3.7/site-packages/airflow/example_dags/example_xcomargs.py
[2025-12-01T20:24:50.546+0300] {logging_mixin.py:137} INFO - [2025-12-01T20:24:50.546+0300] {dag.py:2705} INFO - Sync 2 DAGs
[2025-12-01T20:24:50.575+0300] {logging_mixin.py:137} INFO - [2025-12-01T20:24:50.575+0300] {dag.py:3456} INFO - Setting next_dagrun for example_xcom_args to None, run_after=None
[2025-12-01T20:24:50.580+0300] {logging_mixin.py:137} INFO - [2025-12-01T20:24:50.580+0300] {dag.py:3456} INFO - Setting next_dagrun for example_xcom_args_with_operators to None, run_after=None
[2025-12-01T20:24:50.632+0300] {processor.py:175} INFO - Processing /home/pker/airflow_env/lib/python3.7/site-packages/airflow/example_dags/example_xcomargs.py took 0.205 seconds
[2025-12-01T20:25:40.275+0300] {processor.py:153} INFO - Started process (PID=921919) to work on /home/pker/airflow_env/lib/python3.7/site-packages/airflow/example_dags/example_xcomargs.py
[2025-12-01T20:25:40.297+0300] {processor.py:743} INFO - Processing file /home/pker/airflow_env/lib/python3.7/site-packages/airflow/example_dags/example_xcomargs.py for tasks to queue
[2025-12-01T20:25:40.300+0300] {logging_mixin.py:137} INFO - [2025-12-01T20:25:40.300+0300] {dagbag.py:532} INFO - Filling up the DagBag from /home/pker/airflow_env/lib/python3.7/site-packages/airflow/example_dags/example_xcomargs.py
[2025-12-01T20:25:40.339+0300] {processor.py:753} INFO - DAG(s) dict_keys(['example_xcom_args', 'example_xcom_args_with_operators']) retrieved from /home/pker/airflow_env/lib/python3.7/site-packages/airflow/example_dags/example_xcomargs.py
[2025-12-01T20:25:40.367+0300] {logging_mixin.py:137} INFO - [2025-12-01T20:25:40.367+0300] {dag.py:2705} INFO - Sync 2 DAGs
[2025-12-01T20:25:40.398+0300] {logging_mixin.py:137} INFO - [2025-12-01T20:25:40.397+0300] {dag.py:3456} INFO - Setting next_dagrun for example_xcom_args to None, run_after=None
[2025-12-01T20:25:40.402+0300] {logging_mixin.py:137} INFO - [2025-12-01T20:25:40.402+0300] {dag.py:3456} INFO - Setting next_dagrun for example_xcom_args_with_operators to None, run_after=None
[2025-12-01T20:25:40.452+0300] {processor.py:175} INFO - Processing /home/pker/airflow_env/lib/python3.7/site-packages/airflow/example_dags/example_xcomargs.py took 0.182 seconds
[2025-12-01T20:26:25.708+0300] {processor.py:153} INFO - Started process (PID=922076) to work on /home/pker/airflow_env/lib/python3.7/site-packages/airflow/example_dags/example_xcomargs.py
[2025-12-01T20:26:25.731+0300] {processor.py:743} INFO - Processing file /home/pker/airflow_env/lib/python3.7/site-packages/airflow/example_dags/example_xcomargs.py for tasks to queue
[2025-12-01T20:26:25.733+0300] {logging_mixin.py:137} INFO - [2025-12-01T20:26:25.733+0300] {dagbag.py:532} INFO - Filling up the DagBag from /home/pker/airflow_env/lib/python3.7/site-packages/airflow/example_dags/example_xcomargs.py
[2025-12-01T20:26:25.774+0300] {processor.py:753} INFO - DAG(s) dict_keys(['example_xcom_args', 'example_xcom_args_with_operators']) retrieved from /home/pker/airflow_env/lib/python3.7/site-packages/airflow/example_dags/example_xcomargs.py
[2025-12-01T20:26:25.801+0300] {logging_mixin.py:137} INFO - [2025-12-01T20:26:25.800+0300] {dag.py:2705} INFO - Sync 2 DAGs
[2025-12-01T20:26:25.826+0300] {logging_mixin.py:137} INFO - [2025-12-01T20:26:25.826+0300] {dag.py:3456} INFO - Setting next_dagrun for example_xcom_args to None, run_after=None
[2025-12-01T20:26:25.829+0300] {logging_mixin.py:137} INFO - [2025-12-01T20:26:25.829+0300] {dag.py:3456} INFO - Setting next_dagrun for example_xcom_args_with_operators to None, run_after=None
[2025-12-01T20:26:25.880+0300] {processor.py:175} INFO - Processing /home/pker/airflow_env/lib/python3.7/site-packages/airflow/example_dags/example_xcomargs.py took 0.177 seconds
[2025-12-01T20:27:09.849+0300] {processor.py:153} INFO - Started process (PID=922239) to work on /home/pker/airflow_env/lib/python3.7/site-packages/airflow/example_dags/example_xcomargs.py
[2025-12-01T20:27:09.872+0300] {processor.py:743} INFO - Processing file /home/pker/airflow_env/lib/python3.7/site-packages/airflow/example_dags/example_xcomargs.py for tasks to queue
[2025-12-01T20:27:09.873+0300] {logging_mixin.py:137} INFO - [2025-12-01T20:27:09.873+0300] {dagbag.py:532} INFO - Filling up the DagBag from /home/pker/airflow_env/lib/python3.7/site-packages/airflow/example_dags/example_xcomargs.py
[2025-12-01T20:27:09.921+0300] {processor.py:753} INFO - DAG(s) dict_keys(['example_xcom_args', 'example_xcom_args_with_operators']) retrieved from /home/pker/airflow_env/lib/python3.7/site-packages/airflow/example_dags/example_xcomargs.py
[2025-12-01T20:27:09.963+0300] {logging_mixin.py:137} INFO - [2025-12-01T20:27:09.963+0300] {dag.py:2705} INFO - Sync 2 DAGs
[2025-12-01T20:27:09.991+0300] {logging_mixin.py:137} INFO - [2025-12-01T20:27:09.991+0300] {dag.py:3456} INFO - Setting next_dagrun for example_xcom_args to None, run_after=None
[2025-12-01T20:27:09.997+0300] {logging_mixin.py:137} INFO - [2025-12-01T20:27:09.996+0300] {dag.py:3456} INFO - Setting next_dagrun for example_xcom_args_with_operators to None, run_after=None
[2025-12-01T20:27:10.028+0300] {processor.py:175} INFO - Processing /home/pker/airflow_env/lib/python3.7/site-packages/airflow/example_dags/example_xcomargs.py took 0.189 seconds
[2025-12-01T20:27:59.120+0300] {processor.py:153} INFO - Started process (PID=922415) to work on /home/pker/airflow_env/lib/python3.7/site-packages/airflow/example_dags/example_xcomargs.py
[2025-12-01T20:27:59.123+0300] {processor.py:743} INFO - Processing file /home/pker/airflow_env/lib/python3.7/site-packages/airflow/example_dags/example_xcomargs.py for tasks to queue
[2025-12-01T20:27:59.124+0300] {logging_mixin.py:137} INFO - [2025-12-01T20:27:59.124+0300] {dagbag.py:532} INFO - Filling up the DagBag from /home/pker/airflow_env/lib/python3.7/site-packages/airflow/example_dags/example_xcomargs.py
[2025-12-01T20:27:59.173+0300] {processor.py:753} INFO - DAG(s) dict_keys(['example_xcom_args_with_operators', 'example_xcom_args']) retrieved from /home/pker/airflow_env/lib/python3.7/site-packages/airflow/example_dags/example_xcomargs.py
[2025-12-01T20:27:59.207+0300] {logging_mixin.py:137} INFO - [2025-12-01T20:27:59.207+0300] {dag.py:2705} INFO - Sync 2 DAGs
[2025-12-01T20:27:59.234+0300] {logging_mixin.py:137} INFO - [2025-12-01T20:27:59.234+0300] {dag.py:3456} INFO - Setting next_dagrun for example_xcom_args to None, run_after=None
[2025-12-01T20:27:59.238+0300] {logging_mixin.py:137} INFO - [2025-12-01T20:27:59.238+0300] {dag.py:3456} INFO - Setting next_dagrun for example_xcom_args_with_operators to None, run_after=None
[2025-12-01T20:27:59.297+0300] {processor.py:175} INFO - Processing /home/pker/airflow_env/lib/python3.7/site-packages/airflow/example_dags/example_xcomargs.py took 0.183 seconds
[2025-12-01T20:28:46.093+0300] {processor.py:153} INFO - Started process (PID=922590) to work on /home/pker/airflow_env/lib/python3.7/site-packages/airflow/example_dags/example_xcomargs.py
[2025-12-01T20:28:46.116+0300] {processor.py:743} INFO - Processing file /home/pker/airflow_env/lib/python3.7/site-packages/airflow/example_dags/example_xcomargs.py for tasks to queue
[2025-12-01T20:28:46.119+0300] {logging_mixin.py:137} INFO - [2025-12-01T20:28:46.119+0300] {dagbag.py:532} INFO - Filling up the DagBag from /home/pker/airflow_env/lib/python3.7/site-packages/airflow/example_dags/example_xcomargs.py
[2025-12-01T20:28:46.158+0300] {processor.py:753} INFO - DAG(s) dict_keys(['example_xcom_args', 'example_xcom_args_with_operators']) retrieved from /home/pker/airflow_env/lib/python3.7/site-packages/airflow/example_dags/example_xcomargs.py
[2025-12-01T20:28:46.185+0300] {logging_mixin.py:137} INFO - [2025-12-01T20:28:46.185+0300] {dag.py:2705} INFO - Sync 2 DAGs
[2025-12-01T20:28:46.216+0300] {logging_mixin.py:137} INFO - [2025-12-01T20:28:46.216+0300] {dag.py:3456} INFO - Setting next_dagrun for example_xcom_args to None, run_after=None
[2025-12-01T20:28:46.220+0300] {logging_mixin.py:137} INFO - [2025-12-01T20:28:46.220+0300] {dag.py:3456} INFO - Setting next_dagrun for example_xcom_args_with_operators to None, run_after=None
[2025-12-01T20:28:46.272+0300] {processor.py:175} INFO - Processing /home/pker/airflow_env/lib/python3.7/site-packages/airflow/example_dags/example_xcomargs.py took 0.184 seconds
[2025-12-01T20:29:30.717+0300] {processor.py:153} INFO - Started process (PID=922769) to work on /home/pker/airflow_env/lib/python3.7/site-packages/airflow/example_dags/example_xcomargs.py
[2025-12-01T20:29:30.739+0300] {processor.py:743} INFO - Processing file /home/pker/airflow_env/lib/python3.7/site-packages/airflow/example_dags/example_xcomargs.py for tasks to queue
[2025-12-01T20:29:30.740+0300] {logging_mixin.py:137} INFO - [2025-12-01T20:29:30.740+0300] {dagbag.py:532} INFO - Filling up the DagBag from /home/pker/airflow_env/lib/python3.7/site-packages/airflow/example_dags/example_xcomargs.py
[2025-12-01T20:29:30.773+0300] {processor.py:753} INFO - DAG(s) dict_keys(['example_xcom_args_with_operators', 'example_xcom_args']) retrieved from /home/pker/airflow_env/lib/python3.7/site-packages/airflow/example_dags/example_xcomargs.py
[2025-12-01T20:29:30.807+0300] {logging_mixin.py:137} INFO - [2025-12-01T20:29:30.807+0300] {dag.py:2705} INFO - Sync 2 DAGs
[2025-12-01T20:29:30.837+0300] {logging_mixin.py:137} INFO - [2025-12-01T20:29:30.837+0300] {dag.py:3456} INFO - Setting next_dagrun for example_xcom_args to None, run_after=None
[2025-12-01T20:29:30.841+0300] {logging_mixin.py:137} INFO - [2025-12-01T20:29:30.840+0300] {dag.py:3456} INFO - Setting next_dagrun for example_xcom_args_with_operators to None, run_after=None
[2025-12-01T20:29:30.889+0300] {processor.py:175} INFO - Processing /home/pker/airflow_env/lib/python3.7/site-packages/airflow/example_dags/example_xcomargs.py took 0.177 seconds
[2025-12-01T20:30:20.950+0300] {processor.py:153} INFO - Started process (PID=922949) to work on /home/pker/airflow_env/lib/python3.7/site-packages/airflow/example_dags/example_xcomargs.py
[2025-12-01T20:30:20.974+0300] {processor.py:743} INFO - Processing file /home/pker/airflow_env/lib/python3.7/site-packages/airflow/example_dags/example_xcomargs.py for tasks to queue
[2025-12-01T20:30:20.976+0300] {logging_mixin.py:137} INFO - [2025-12-01T20:30:20.976+0300] {dagbag.py:532} INFO - Filling up the DagBag from /home/pker/airflow_env/lib/python3.7/site-packages/airflow/example_dags/example_xcomargs.py
[2025-12-01T20:30:21.018+0300] {processor.py:753} INFO - DAG(s) dict_keys(['example_xcom_args', 'example_xcom_args_with_operators']) retrieved from /home/pker/airflow_env/lib/python3.7/site-packages/airflow/example_dags/example_xcomargs.py
[2025-12-01T20:30:21.052+0300] {logging_mixin.py:137} INFO - [2025-12-01T20:30:21.052+0300] {dag.py:2705} INFO - Sync 2 DAGs
[2025-12-01T20:30:21.088+0300] {logging_mixin.py:137} INFO - [2025-12-01T20:30:21.088+0300] {dag.py:3456} INFO - Setting next_dagrun for example_xcom_args to None, run_after=None
[2025-12-01T20:30:21.092+0300] {logging_mixin.py:137} INFO - [2025-12-01T20:30:21.092+0300] {dag.py:3456} INFO - Setting next_dagrun for example_xcom_args_with_operators to None, run_after=None
[2025-12-01T20:30:21.123+0300] {processor.py:175} INFO - Processing /home/pker/airflow_env/lib/python3.7/site-packages/airflow/example_dags/example_xcomargs.py took 0.177 seconds
[2025-12-01T20:31:13.437+0300] {processor.py:153} INFO - Started process (PID=923137) to work on /home/pker/airflow_env/lib/python3.7/site-packages/airflow/example_dags/example_xcomargs.py
[2025-12-01T20:31:13.440+0300] {processor.py:743} INFO - Processing file /home/pker/airflow_env/lib/python3.7/site-packages/airflow/example_dags/example_xcomargs.py for tasks to queue
[2025-12-01T20:31:13.442+0300] {logging_mixin.py:137} INFO - [2025-12-01T20:31:13.441+0300] {dagbag.py:532} INFO - Filling up the DagBag from /home/pker/airflow_env/lib/python3.7/site-packages/airflow/example_dags/example_xcomargs.py
[2025-12-01T20:31:13.481+0300] {processor.py:753} INFO - DAG(s) dict_keys(['example_xcom_args_with_operators', 'example_xcom_args']) retrieved from /home/pker/airflow_env/lib/python3.7/site-packages/airflow/example_dags/example_xcomargs.py
[2025-12-01T20:31:13.515+0300] {logging_mixin.py:137} INFO - [2025-12-01T20:31:13.515+0300] {dag.py:2705} INFO - Sync 2 DAGs
[2025-12-01T20:31:13.552+0300] {logging_mixin.py:137} INFO - [2025-12-01T20:31:13.552+0300] {dag.py:3456} INFO - Setting next_dagrun for example_xcom_args to None, run_after=None
[2025-12-01T20:31:13.557+0300] {logging_mixin.py:137} INFO - [2025-12-01T20:31:13.556+0300] {dag.py:3456} INFO - Setting next_dagrun for example_xcom_args_with_operators to None, run_after=None
[2025-12-01T20:31:13.613+0300] {processor.py:175} INFO - Processing /home/pker/airflow_env/lib/python3.7/site-packages/airflow/example_dags/example_xcomargs.py took 0.181 seconds
