[2025-12-01T20:14:59.524+0300] {processor.py:153} INFO - Started process (PID=919433) to work on /home/pker/airflow_env/lib/python3.7/site-packages/airflow/example_dags/example_branch_python_dop_operator_3.py
[2025-12-01T20:14:59.526+0300] {processor.py:743} INFO - Processing file /home/pker/airflow_env/lib/python3.7/site-packages/airflow/example_dags/example_branch_python_dop_operator_3.py for tasks to queue
[2025-12-01T20:14:59.527+0300] {logging_mixin.py:137} INFO - [2025-12-01T20:14:59.527+0300] {dagbag.py:532} INFO - Filling up the DagBag from /home/pker/airflow_env/lib/python3.7/site-packages/airflow/example_dags/example_branch_python_dop_operator_3.py
[2025-12-01T20:14:59.565+0300] {processor.py:753} INFO - DAG(s) dict_keys(['example_branch_dop_operator_v3']) retrieved from /home/pker/airflow_env/lib/python3.7/site-packages/airflow/example_dags/example_branch_python_dop_operator_3.py
[2025-12-01T20:14:59.632+0300] {logging_mixin.py:137} INFO - [2025-12-01T20:14:59.632+0300] {dag.py:2705} INFO - Sync 1 DAGs
[2025-12-01T20:14:59.661+0300] {logging_mixin.py:137} INFO - [2025-12-01T20:14:59.661+0300] {dag.py:3456} INFO - Setting next_dagrun for example_branch_dop_operator_v3 to 2025-12-01T17:13:00+00:00, run_after=2025-12-01T17:14:00+00:00
[2025-12-01T20:14:59.718+0300] {processor.py:175} INFO - Processing /home/pker/airflow_env/lib/python3.7/site-packages/airflow/example_dags/example_branch_python_dop_operator_3.py took 0.200 seconds
[2025-12-01T20:16:00.105+0300] {processor.py:153} INFO - Started process (PID=919798) to work on /home/pker/airflow_env/lib/python3.7/site-packages/airflow/example_dags/example_branch_python_dop_operator_3.py
[2025-12-01T20:16:00.130+0300] {processor.py:743} INFO - Processing file /home/pker/airflow_env/lib/python3.7/site-packages/airflow/example_dags/example_branch_python_dop_operator_3.py for tasks to queue
[2025-12-01T20:16:00.133+0300] {logging_mixin.py:137} INFO - [2025-12-01T20:16:00.132+0300] {dagbag.py:532} INFO - Filling up the DagBag from /home/pker/airflow_env/lib/python3.7/site-packages/airflow/example_dags/example_branch_python_dop_operator_3.py
[2025-12-01T20:16:00.185+0300] {processor.py:753} INFO - DAG(s) dict_keys(['example_branch_dop_operator_v3']) retrieved from /home/pker/airflow_env/lib/python3.7/site-packages/airflow/example_dags/example_branch_python_dop_operator_3.py
[2025-12-01T20:16:00.211+0300] {logging_mixin.py:137} INFO - [2025-12-01T20:16:00.211+0300] {dag.py:2705} INFO - Sync 1 DAGs
[2025-12-01T20:16:00.247+0300] {logging_mixin.py:137} INFO - [2025-12-01T20:16:00.246+0300] {dag.py:3456} INFO - Setting next_dagrun for example_branch_dop_operator_v3 to 2025-12-01T17:15:00+00:00, run_after=2025-12-01T17:16:00+00:00
[2025-12-01T20:16:00.300+0300] {processor.py:175} INFO - Processing /home/pker/airflow_env/lib/python3.7/site-packages/airflow/example_dags/example_branch_python_dop_operator_3.py took 0.200 seconds
[2025-12-01T20:16:55.584+0300] {processor.py:153} INFO - Started process (PID=919994) to work on /home/pker/airflow_env/lib/python3.7/site-packages/airflow/example_dags/example_branch_python_dop_operator_3.py
[2025-12-01T20:16:55.607+0300] {processor.py:743} INFO - Processing file /home/pker/airflow_env/lib/python3.7/site-packages/airflow/example_dags/example_branch_python_dop_operator_3.py for tasks to queue
[2025-12-01T20:16:55.610+0300] {logging_mixin.py:137} INFO - [2025-12-01T20:16:55.610+0300] {dagbag.py:532} INFO - Filling up the DagBag from /home/pker/airflow_env/lib/python3.7/site-packages/airflow/example_dags/example_branch_python_dop_operator_3.py
[2025-12-01T20:16:55.651+0300] {processor.py:753} INFO - DAG(s) dict_keys(['example_branch_dop_operator_v3']) retrieved from /home/pker/airflow_env/lib/python3.7/site-packages/airflow/example_dags/example_branch_python_dop_operator_3.py
[2025-12-01T20:16:55.674+0300] {logging_mixin.py:137} INFO - [2025-12-01T20:16:55.674+0300] {dag.py:2705} INFO - Sync 1 DAGs
[2025-12-01T20:16:55.708+0300] {logging_mixin.py:137} INFO - [2025-12-01T20:16:55.707+0300] {dag.py:3456} INFO - Setting next_dagrun for example_branch_dop_operator_v3 to 2025-12-01T17:15:00+00:00, run_after=2025-12-01T17:16:00+00:00
[2025-12-01T20:16:55.737+0300] {processor.py:175} INFO - Processing /home/pker/airflow_env/lib/python3.7/site-packages/airflow/example_dags/example_branch_python_dop_operator_3.py took 0.158 seconds
[2025-12-01T20:17:49.556+0300] {processor.py:153} INFO - Started process (PID=920191) to work on /home/pker/airflow_env/lib/python3.7/site-packages/airflow/example_dags/example_branch_python_dop_operator_3.py
[2025-12-01T20:17:49.576+0300] {processor.py:743} INFO - Processing file /home/pker/airflow_env/lib/python3.7/site-packages/airflow/example_dags/example_branch_python_dop_operator_3.py for tasks to queue
[2025-12-01T20:17:49.577+0300] {logging_mixin.py:137} INFO - [2025-12-01T20:17:49.577+0300] {dagbag.py:532} INFO - Filling up the DagBag from /home/pker/airflow_env/lib/python3.7/site-packages/airflow/example_dags/example_branch_python_dop_operator_3.py
[2025-12-01T20:17:49.615+0300] {processor.py:753} INFO - DAG(s) dict_keys(['example_branch_dop_operator_v3']) retrieved from /home/pker/airflow_env/lib/python3.7/site-packages/airflow/example_dags/example_branch_python_dop_operator_3.py
[2025-12-01T20:17:49.642+0300] {logging_mixin.py:137} INFO - [2025-12-01T20:17:49.642+0300] {dag.py:2705} INFO - Sync 1 DAGs
[2025-12-01T20:17:49.679+0300] {logging_mixin.py:137} INFO - [2025-12-01T20:17:49.679+0300] {dag.py:3456} INFO - Setting next_dagrun for example_branch_dop_operator_v3 to 2025-12-01T17:16:00+00:00, run_after=2025-12-01T17:17:00+00:00
[2025-12-01T20:17:49.729+0300] {processor.py:175} INFO - Processing /home/pker/airflow_env/lib/python3.7/site-packages/airflow/example_dags/example_branch_python_dop_operator_3.py took 0.179 seconds
[2025-12-01T20:18:39.801+0300] {processor.py:153} INFO - Started process (PID=920370) to work on /home/pker/airflow_env/lib/python3.7/site-packages/airflow/example_dags/example_branch_python_dop_operator_3.py
[2025-12-01T20:18:39.825+0300] {processor.py:743} INFO - Processing file /home/pker/airflow_env/lib/python3.7/site-packages/airflow/example_dags/example_branch_python_dop_operator_3.py for tasks to queue
[2025-12-01T20:18:39.827+0300] {logging_mixin.py:137} INFO - [2025-12-01T20:18:39.827+0300] {dagbag.py:532} INFO - Filling up the DagBag from /home/pker/airflow_env/lib/python3.7/site-packages/airflow/example_dags/example_branch_python_dop_operator_3.py
[2025-12-01T20:18:39.870+0300] {processor.py:753} INFO - DAG(s) dict_keys(['example_branch_dop_operator_v3']) retrieved from /home/pker/airflow_env/lib/python3.7/site-packages/airflow/example_dags/example_branch_python_dop_operator_3.py
[2025-12-01T20:18:39.899+0300] {logging_mixin.py:137} INFO - [2025-12-01T20:18:39.898+0300] {dag.py:2705} INFO - Sync 1 DAGs
[2025-12-01T20:18:39.934+0300] {logging_mixin.py:137} INFO - [2025-12-01T20:18:39.934+0300] {dag.py:3456} INFO - Setting next_dagrun for example_branch_dop_operator_v3 to 2025-12-01T17:17:00+00:00, run_after=2025-12-01T17:18:00+00:00
[2025-12-01T20:18:39.992+0300] {processor.py:175} INFO - Processing /home/pker/airflow_env/lib/python3.7/site-packages/airflow/example_dags/example_branch_python_dop_operator_3.py took 0.198 seconds
[2025-12-01T20:19:29.283+0300] {processor.py:153} INFO - Started process (PID=920572) to work on /home/pker/airflow_env/lib/python3.7/site-packages/airflow/example_dags/example_branch_python_dop_operator_3.py
[2025-12-01T20:19:29.304+0300] {processor.py:743} INFO - Processing file /home/pker/airflow_env/lib/python3.7/site-packages/airflow/example_dags/example_branch_python_dop_operator_3.py for tasks to queue
[2025-12-01T20:19:29.305+0300] {logging_mixin.py:137} INFO - [2025-12-01T20:19:29.305+0300] {dagbag.py:532} INFO - Filling up the DagBag from /home/pker/airflow_env/lib/python3.7/site-packages/airflow/example_dags/example_branch_python_dop_operator_3.py
[2025-12-01T20:19:29.367+0300] {processor.py:753} INFO - DAG(s) dict_keys(['example_branch_dop_operator_v3']) retrieved from /home/pker/airflow_env/lib/python3.7/site-packages/airflow/example_dags/example_branch_python_dop_operator_3.py
[2025-12-01T20:19:29.423+0300] {logging_mixin.py:137} INFO - [2025-12-01T20:19:29.423+0300] {dag.py:2705} INFO - Sync 1 DAGs
[2025-12-01T20:19:29.478+0300] {logging_mixin.py:137} INFO - [2025-12-01T20:19:29.478+0300] {dag.py:3456} INFO - Setting next_dagrun for example_branch_dop_operator_v3 to 2025-12-01T17:18:00+00:00, run_after=2025-12-01T17:19:00+00:00
[2025-12-01T20:19:29.532+0300] {processor.py:175} INFO - Processing /home/pker/airflow_env/lib/python3.7/site-packages/airflow/example_dags/example_branch_python_dop_operator_3.py took 0.257 seconds
[2025-12-01T20:20:16.763+0300] {processor.py:153} INFO - Started process (PID=920745) to work on /home/pker/airflow_env/lib/python3.7/site-packages/airflow/example_dags/example_branch_python_dop_operator_3.py
[2025-12-01T20:20:16.785+0300] {processor.py:743} INFO - Processing file /home/pker/airflow_env/lib/python3.7/site-packages/airflow/example_dags/example_branch_python_dop_operator_3.py for tasks to queue
[2025-12-01T20:20:16.788+0300] {logging_mixin.py:137} INFO - [2025-12-01T20:20:16.787+0300] {dagbag.py:532} INFO - Filling up the DagBag from /home/pker/airflow_env/lib/python3.7/site-packages/airflow/example_dags/example_branch_python_dop_operator_3.py
[2025-12-01T20:20:16.826+0300] {processor.py:753} INFO - DAG(s) dict_keys(['example_branch_dop_operator_v3']) retrieved from /home/pker/airflow_env/lib/python3.7/site-packages/airflow/example_dags/example_branch_python_dop_operator_3.py
[2025-12-01T20:20:16.851+0300] {logging_mixin.py:137} INFO - [2025-12-01T20:20:16.851+0300] {dag.py:2705} INFO - Sync 1 DAGs
[2025-12-01T20:20:16.892+0300] {logging_mixin.py:137} INFO - [2025-12-01T20:20:16.891+0300] {dag.py:3456} INFO - Setting next_dagrun for example_branch_dop_operator_v3 to 2025-12-01T17:19:00+00:00, run_after=2025-12-01T17:20:00+00:00
[2025-12-01T20:20:16.931+0300] {processor.py:175} INFO - Processing /home/pker/airflow_env/lib/python3.7/site-packages/airflow/example_dags/example_branch_python_dop_operator_3.py took 0.174 seconds
[2025-12-01T20:21:05.929+0300] {processor.py:153} INFO - Started process (PID=920918) to work on /home/pker/airflow_env/lib/python3.7/site-packages/airflow/example_dags/example_branch_python_dop_operator_3.py
[2025-12-01T20:21:05.953+0300] {processor.py:743} INFO - Processing file /home/pker/airflow_env/lib/python3.7/site-packages/airflow/example_dags/example_branch_python_dop_operator_3.py for tasks to queue
[2025-12-01T20:21:05.956+0300] {logging_mixin.py:137} INFO - [2025-12-01T20:21:05.956+0300] {dagbag.py:532} INFO - Filling up the DagBag from /home/pker/airflow_env/lib/python3.7/site-packages/airflow/example_dags/example_branch_python_dop_operator_3.py
[2025-12-01T20:21:05.995+0300] {processor.py:753} INFO - DAG(s) dict_keys(['example_branch_dop_operator_v3']) retrieved from /home/pker/airflow_env/lib/python3.7/site-packages/airflow/example_dags/example_branch_python_dop_operator_3.py
[2025-12-01T20:21:06.018+0300] {logging_mixin.py:137} INFO - [2025-12-01T20:21:06.018+0300] {dag.py:2705} INFO - Sync 1 DAGs
[2025-12-01T20:21:06.051+0300] {logging_mixin.py:137} INFO - [2025-12-01T20:21:06.051+0300] {dag.py:3456} INFO - Setting next_dagrun for example_branch_dop_operator_v3 to 2025-12-01T17:20:00+00:00, run_after=2025-12-01T17:21:00+00:00
[2025-12-01T20:21:06.098+0300] {processor.py:175} INFO - Processing /home/pker/airflow_env/lib/python3.7/site-packages/airflow/example_dags/example_branch_python_dop_operator_3.py took 0.174 seconds
[2025-12-01T20:21:52.156+0300] {processor.py:153} INFO - Started process (PID=921082) to work on /home/pker/airflow_env/lib/python3.7/site-packages/airflow/example_dags/example_branch_python_dop_operator_3.py
[2025-12-01T20:21:52.179+0300] {processor.py:743} INFO - Processing file /home/pker/airflow_env/lib/python3.7/site-packages/airflow/example_dags/example_branch_python_dop_operator_3.py for tasks to queue
[2025-12-01T20:21:52.181+0300] {logging_mixin.py:137} INFO - [2025-12-01T20:21:52.181+0300] {dagbag.py:532} INFO - Filling up the DagBag from /home/pker/airflow_env/lib/python3.7/site-packages/airflow/example_dags/example_branch_python_dop_operator_3.py
[2025-12-01T20:21:52.219+0300] {processor.py:753} INFO - DAG(s) dict_keys(['example_branch_dop_operator_v3']) retrieved from /home/pker/airflow_env/lib/python3.7/site-packages/airflow/example_dags/example_branch_python_dop_operator_3.py
[2025-12-01T20:21:52.242+0300] {logging_mixin.py:137} INFO - [2025-12-01T20:21:52.242+0300] {dag.py:2705} INFO - Sync 1 DAGs
[2025-12-01T20:21:52.280+0300] {logging_mixin.py:137} INFO - [2025-12-01T20:21:52.280+0300] {dag.py:3456} INFO - Setting next_dagrun for example_branch_dop_operator_v3 to 2025-12-01T17:20:00+00:00, run_after=2025-12-01T17:21:00+00:00
[2025-12-01T20:21:52.334+0300] {processor.py:175} INFO - Processing /home/pker/airflow_env/lib/python3.7/site-packages/airflow/example_dags/example_branch_python_dop_operator_3.py took 0.183 seconds
[2025-12-01T20:22:42.651+0300] {processor.py:153} INFO - Started process (PID=921261) to work on /home/pker/airflow_env/lib/python3.7/site-packages/airflow/example_dags/example_branch_python_dop_operator_3.py
[2025-12-01T20:22:42.675+0300] {processor.py:743} INFO - Processing file /home/pker/airflow_env/lib/python3.7/site-packages/airflow/example_dags/example_branch_python_dop_operator_3.py for tasks to queue
[2025-12-01T20:22:42.677+0300] {logging_mixin.py:137} INFO - [2025-12-01T20:22:42.677+0300] {dagbag.py:532} INFO - Filling up the DagBag from /home/pker/airflow_env/lib/python3.7/site-packages/airflow/example_dags/example_branch_python_dop_operator_3.py
[2025-12-01T20:22:42.714+0300] {processor.py:753} INFO - DAG(s) dict_keys(['example_branch_dop_operator_v3']) retrieved from /home/pker/airflow_env/lib/python3.7/site-packages/airflow/example_dags/example_branch_python_dop_operator_3.py
[2025-12-01T20:22:42.740+0300] {logging_mixin.py:137} INFO - [2025-12-01T20:22:42.740+0300] {dag.py:2705} INFO - Sync 1 DAGs
[2025-12-01T20:22:42.773+0300] {logging_mixin.py:137} INFO - [2025-12-01T20:22:42.773+0300] {dag.py:3456} INFO - Setting next_dagrun for example_branch_dop_operator_v3 to 2025-12-01T17:21:00+00:00, run_after=2025-12-01T17:22:00+00:00
[2025-12-01T20:22:42.813+0300] {processor.py:175} INFO - Processing /home/pker/airflow_env/lib/python3.7/site-packages/airflow/example_dags/example_branch_python_dop_operator_3.py took 0.168 seconds
[2025-12-01T20:23:33.032+0300] {processor.py:153} INFO - Started process (PID=921437) to work on /home/pker/airflow_env/lib/python3.7/site-packages/airflow/example_dags/example_branch_python_dop_operator_3.py
[2025-12-01T20:23:33.055+0300] {processor.py:743} INFO - Processing file /home/pker/airflow_env/lib/python3.7/site-packages/airflow/example_dags/example_branch_python_dop_operator_3.py for tasks to queue
[2025-12-01T20:23:33.058+0300] {logging_mixin.py:137} INFO - [2025-12-01T20:23:33.058+0300] {dagbag.py:532} INFO - Filling up the DagBag from /home/pker/airflow_env/lib/python3.7/site-packages/airflow/example_dags/example_branch_python_dop_operator_3.py
[2025-12-01T20:23:33.101+0300] {processor.py:753} INFO - DAG(s) dict_keys(['example_branch_dop_operator_v3']) retrieved from /home/pker/airflow_env/lib/python3.7/site-packages/airflow/example_dags/example_branch_python_dop_operator_3.py
[2025-12-01T20:23:33.125+0300] {logging_mixin.py:137} INFO - [2025-12-01T20:23:33.125+0300] {dag.py:2705} INFO - Sync 1 DAGs
[2025-12-01T20:23:33.161+0300] {logging_mixin.py:137} INFO - [2025-12-01T20:23:33.161+0300] {dag.py:3456} INFO - Setting next_dagrun for example_branch_dop_operator_v3 to 2025-12-01T17:22:00+00:00, run_after=2025-12-01T17:23:00+00:00
[2025-12-01T20:23:33.214+0300] {processor.py:175} INFO - Processing /home/pker/airflow_env/lib/python3.7/site-packages/airflow/example_dags/example_branch_python_dop_operator_3.py took 0.188 seconds
[2025-12-01T20:24:24.393+0300] {processor.py:153} INFO - Started process (PID=921648) to work on /home/pker/airflow_env/lib/python3.7/site-packages/airflow/example_dags/example_branch_python_dop_operator_3.py
[2025-12-01T20:24:24.415+0300] {processor.py:743} INFO - Processing file /home/pker/airflow_env/lib/python3.7/site-packages/airflow/example_dags/example_branch_python_dop_operator_3.py for tasks to queue
[2025-12-01T20:24:24.417+0300] {logging_mixin.py:137} INFO - [2025-12-01T20:24:24.417+0300] {dagbag.py:532} INFO - Filling up the DagBag from /home/pker/airflow_env/lib/python3.7/site-packages/airflow/example_dags/example_branch_python_dop_operator_3.py
[2025-12-01T20:24:24.472+0300] {processor.py:753} INFO - DAG(s) dict_keys(['example_branch_dop_operator_v3']) retrieved from /home/pker/airflow_env/lib/python3.7/site-packages/airflow/example_dags/example_branch_python_dop_operator_3.py
[2025-12-01T20:24:24.509+0300] {logging_mixin.py:137} INFO - [2025-12-01T20:24:24.509+0300] {dag.py:2705} INFO - Sync 1 DAGs
[2025-12-01T20:24:24.558+0300] {logging_mixin.py:137} INFO - [2025-12-01T20:24:24.558+0300] {dag.py:3456} INFO - Setting next_dagrun for example_branch_dop_operator_v3 to 2025-12-01T17:23:00+00:00, run_after=2025-12-01T17:24:00+00:00
[2025-12-01T20:24:24.598+0300] {processor.py:175} INFO - Processing /home/pker/airflow_env/lib/python3.7/site-packages/airflow/example_dags/example_branch_python_dop_operator_3.py took 0.213 seconds
[2025-12-01T20:25:15.598+0300] {processor.py:153} INFO - Started process (PID=921829) to work on /home/pker/airflow_env/lib/python3.7/site-packages/airflow/example_dags/example_branch_python_dop_operator_3.py
[2025-12-01T20:25:15.621+0300] {processor.py:743} INFO - Processing file /home/pker/airflow_env/lib/python3.7/site-packages/airflow/example_dags/example_branch_python_dop_operator_3.py for tasks to queue
[2025-12-01T20:25:15.623+0300] {logging_mixin.py:137} INFO - [2025-12-01T20:25:15.623+0300] {dagbag.py:532} INFO - Filling up the DagBag from /home/pker/airflow_env/lib/python3.7/site-packages/airflow/example_dags/example_branch_python_dop_operator_3.py
[2025-12-01T20:25:15.663+0300] {processor.py:753} INFO - DAG(s) dict_keys(['example_branch_dop_operator_v3']) retrieved from /home/pker/airflow_env/lib/python3.7/site-packages/airflow/example_dags/example_branch_python_dop_operator_3.py
[2025-12-01T20:25:15.687+0300] {logging_mixin.py:137} INFO - [2025-12-01T20:25:15.687+0300] {dag.py:2705} INFO - Sync 1 DAGs
[2025-12-01T20:25:15.727+0300] {logging_mixin.py:137} INFO - [2025-12-01T20:25:15.727+0300] {dag.py:3456} INFO - Setting next_dagrun for example_branch_dop_operator_v3 to 2025-12-01T17:24:00+00:00, run_after=2025-12-01T17:25:00+00:00
[2025-12-01T20:25:15.757+0300] {processor.py:175} INFO - Processing /home/pker/airflow_env/lib/python3.7/site-packages/airflow/example_dags/example_branch_python_dop_operator_3.py took 0.165 seconds
[2025-12-01T20:26:01.608+0300] {processor.py:153} INFO - Started process (PID=921994) to work on /home/pker/airflow_env/lib/python3.7/site-packages/airflow/example_dags/example_branch_python_dop_operator_3.py
[2025-12-01T20:26:01.631+0300] {processor.py:743} INFO - Processing file /home/pker/airflow_env/lib/python3.7/site-packages/airflow/example_dags/example_branch_python_dop_operator_3.py for tasks to queue
[2025-12-01T20:26:01.633+0300] {logging_mixin.py:137} INFO - [2025-12-01T20:26:01.633+0300] {dagbag.py:532} INFO - Filling up the DagBag from /home/pker/airflow_env/lib/python3.7/site-packages/airflow/example_dags/example_branch_python_dop_operator_3.py
[2025-12-01T20:26:01.673+0300] {processor.py:753} INFO - DAG(s) dict_keys(['example_branch_dop_operator_v3']) retrieved from /home/pker/airflow_env/lib/python3.7/site-packages/airflow/example_dags/example_branch_python_dop_operator_3.py
[2025-12-01T20:26:01.703+0300] {logging_mixin.py:137} INFO - [2025-12-01T20:26:01.703+0300] {dag.py:2705} INFO - Sync 1 DAGs
[2025-12-01T20:26:01.743+0300] {logging_mixin.py:137} INFO - [2025-12-01T20:26:01.742+0300] {dag.py:3456} INFO - Setting next_dagrun for example_branch_dop_operator_v3 to 2025-12-01T17:25:00+00:00, run_after=2025-12-01T17:26:00+00:00
[2025-12-01T20:26:01.807+0300] {processor.py:175} INFO - Processing /home/pker/airflow_env/lib/python3.7/site-packages/airflow/example_dags/example_branch_python_dop_operator_3.py took 0.207 seconds
[2025-12-01T20:26:50.473+0300] {processor.py:153} INFO - Started process (PID=922167) to work on /home/pker/airflow_env/lib/python3.7/site-packages/airflow/example_dags/example_branch_python_dop_operator_3.py
[2025-12-01T20:26:50.496+0300] {processor.py:743} INFO - Processing file /home/pker/airflow_env/lib/python3.7/site-packages/airflow/example_dags/example_branch_python_dop_operator_3.py for tasks to queue
[2025-12-01T20:26:50.498+0300] {logging_mixin.py:137} INFO - [2025-12-01T20:26:50.498+0300] {dagbag.py:532} INFO - Filling up the DagBag from /home/pker/airflow_env/lib/python3.7/site-packages/airflow/example_dags/example_branch_python_dop_operator_3.py
[2025-12-01T20:26:50.539+0300] {processor.py:753} INFO - DAG(s) dict_keys(['example_branch_dop_operator_v3']) retrieved from /home/pker/airflow_env/lib/python3.7/site-packages/airflow/example_dags/example_branch_python_dop_operator_3.py
[2025-12-01T20:26:50.569+0300] {logging_mixin.py:137} INFO - [2025-12-01T20:26:50.569+0300] {dag.py:2705} INFO - Sync 1 DAGs
[2025-12-01T20:26:50.606+0300] {logging_mixin.py:137} INFO - [2025-12-01T20:26:50.605+0300] {dag.py:3456} INFO - Setting next_dagrun for example_branch_dop_operator_v3 to 2025-12-01T17:25:00+00:00, run_after=2025-12-01T17:26:00+00:00
[2025-12-01T20:26:50.666+0300] {processor.py:175} INFO - Processing /home/pker/airflow_env/lib/python3.7/site-packages/airflow/example_dags/example_branch_python_dop_operator_3.py took 0.199 seconds
[2025-12-01T20:27:38.041+0300] {processor.py:153} INFO - Started process (PID=922341) to work on /home/pker/airflow_env/lib/python3.7/site-packages/airflow/example_dags/example_branch_python_dop_operator_3.py
[2025-12-01T20:27:38.063+0300] {processor.py:743} INFO - Processing file /home/pker/airflow_env/lib/python3.7/site-packages/airflow/example_dags/example_branch_python_dop_operator_3.py for tasks to queue
[2025-12-01T20:27:38.065+0300] {logging_mixin.py:137} INFO - [2025-12-01T20:27:38.065+0300] {dagbag.py:532} INFO - Filling up the DagBag from /home/pker/airflow_env/lib/python3.7/site-packages/airflow/example_dags/example_branch_python_dop_operator_3.py
[2025-12-01T20:27:38.106+0300] {processor.py:753} INFO - DAG(s) dict_keys(['example_branch_dop_operator_v3']) retrieved from /home/pker/airflow_env/lib/python3.7/site-packages/airflow/example_dags/example_branch_python_dop_operator_3.py
[2025-12-01T20:27:38.137+0300] {logging_mixin.py:137} INFO - [2025-12-01T20:27:38.137+0300] {dag.py:2705} INFO - Sync 1 DAGs
[2025-12-01T20:27:38.174+0300] {logging_mixin.py:137} INFO - [2025-12-01T20:27:38.174+0300] {dag.py:3456} INFO - Setting next_dagrun for example_branch_dop_operator_v3 to 2025-12-01T17:26:00+00:00, run_after=2025-12-01T17:27:00+00:00
[2025-12-01T20:27:38.240+0300] {processor.py:175} INFO - Processing /home/pker/airflow_env/lib/python3.7/site-packages/airflow/example_dags/example_branch_python_dop_operator_3.py took 0.204 seconds
[2025-12-01T20:28:26.410+0300] {processor.py:153} INFO - Started process (PID=922514) to work on /home/pker/airflow_env/lib/python3.7/site-packages/airflow/example_dags/example_branch_python_dop_operator_3.py
[2025-12-01T20:28:26.434+0300] {processor.py:743} INFO - Processing file /home/pker/airflow_env/lib/python3.7/site-packages/airflow/example_dags/example_branch_python_dop_operator_3.py for tasks to queue
[2025-12-01T20:28:26.437+0300] {logging_mixin.py:137} INFO - [2025-12-01T20:28:26.436+0300] {dagbag.py:532} INFO - Filling up the DagBag from /home/pker/airflow_env/lib/python3.7/site-packages/airflow/example_dags/example_branch_python_dop_operator_3.py
[2025-12-01T20:28:26.478+0300] {processor.py:753} INFO - DAG(s) dict_keys(['example_branch_dop_operator_v3']) retrieved from /home/pker/airflow_env/lib/python3.7/site-packages/airflow/example_dags/example_branch_python_dop_operator_3.py
[2025-12-01T20:28:26.510+0300] {logging_mixin.py:137} INFO - [2025-12-01T20:28:26.510+0300] {dag.py:2705} INFO - Sync 1 DAGs
[2025-12-01T20:28:26.545+0300] {logging_mixin.py:137} INFO - [2025-12-01T20:28:26.545+0300] {dag.py:3456} INFO - Setting next_dagrun for example_branch_dop_operator_v3 to 2025-12-01T17:27:00+00:00, run_after=2025-12-01T17:28:00+00:00
[2025-12-01T20:28:26.601+0300] {processor.py:175} INFO - Processing /home/pker/airflow_env/lib/python3.7/site-packages/airflow/example_dags/example_branch_python_dop_operator_3.py took 0.196 seconds
[2025-12-01T20:29:33.271+0300] {processor.py:153} INFO - Started process (PID=922780) to work on /home/pker/airflow_env/lib/python3.7/site-packages/airflow/example_dags/example_branch_python_dop_operator_3.py
[2025-12-01T20:29:33.275+0300] {processor.py:743} INFO - Processing file /home/pker/airflow_env/lib/python3.7/site-packages/airflow/example_dags/example_branch_python_dop_operator_3.py for tasks to queue
[2025-12-01T20:29:33.276+0300] {logging_mixin.py:137} INFO - [2025-12-01T20:29:33.276+0300] {dagbag.py:532} INFO - Filling up the DagBag from /home/pker/airflow_env/lib/python3.7/site-packages/airflow/example_dags/example_branch_python_dop_operator_3.py
[2025-12-01T20:29:33.313+0300] {processor.py:753} INFO - DAG(s) dict_keys(['example_branch_dop_operator_v3']) retrieved from /home/pker/airflow_env/lib/python3.7/site-packages/airflow/example_dags/example_branch_python_dop_operator_3.py
[2025-12-01T20:29:33.335+0300] {logging_mixin.py:137} INFO - [2025-12-01T20:29:33.335+0300] {dag.py:2705} INFO - Sync 1 DAGs
[2025-12-01T20:29:33.372+0300] {logging_mixin.py:137} INFO - [2025-12-01T20:29:33.372+0300] {dag.py:3456} INFO - Setting next_dagrun for example_branch_dop_operator_v3 to 2025-12-01T17:28:00+00:00, run_after=2025-12-01T17:29:00+00:00
[2025-12-01T20:29:33.403+0300] {processor.py:175} INFO - Processing /home/pker/airflow_env/lib/python3.7/site-packages/airflow/example_dags/example_branch_python_dop_operator_3.py took 0.137 seconds
[2025-12-01T20:30:23.554+0300] {processor.py:153} INFO - Started process (PID=922959) to work on /home/pker/airflow_env/lib/python3.7/site-packages/airflow/example_dags/example_branch_python_dop_operator_3.py
[2025-12-01T20:30:23.572+0300] {processor.py:743} INFO - Processing file /home/pker/airflow_env/lib/python3.7/site-packages/airflow/example_dags/example_branch_python_dop_operator_3.py for tasks to queue
[2025-12-01T20:30:23.574+0300] {logging_mixin.py:137} INFO - [2025-12-01T20:30:23.574+0300] {dagbag.py:532} INFO - Filling up the DagBag from /home/pker/airflow_env/lib/python3.7/site-packages/airflow/example_dags/example_branch_python_dop_operator_3.py
[2025-12-01T20:30:23.613+0300] {processor.py:753} INFO - DAG(s) dict_keys(['example_branch_dop_operator_v3']) retrieved from /home/pker/airflow_env/lib/python3.7/site-packages/airflow/example_dags/example_branch_python_dop_operator_3.py
[2025-12-01T20:30:23.644+0300] {logging_mixin.py:137} INFO - [2025-12-01T20:30:23.644+0300] {dag.py:2705} INFO - Sync 1 DAGs
[2025-12-01T20:30:23.676+0300] {logging_mixin.py:137} INFO - [2025-12-01T20:30:23.676+0300] {dag.py:3456} INFO - Setting next_dagrun for example_branch_dop_operator_v3 to 2025-12-01T17:29:00+00:00, run_after=2025-12-01T17:30:00+00:00
[2025-12-01T20:30:23.726+0300] {processor.py:175} INFO - Processing /home/pker/airflow_env/lib/python3.7/site-packages/airflow/example_dags/example_branch_python_dop_operator_3.py took 0.178 seconds
[2025-12-01T20:31:15.993+0300] {processor.py:153} INFO - Started process (PID=923145) to work on /home/pker/airflow_env/lib/python3.7/site-packages/airflow/example_dags/example_branch_python_dop_operator_3.py
[2025-12-01T20:31:15.996+0300] {processor.py:743} INFO - Processing file /home/pker/airflow_env/lib/python3.7/site-packages/airflow/example_dags/example_branch_python_dop_operator_3.py for tasks to queue
[2025-12-01T20:31:15.998+0300] {logging_mixin.py:137} INFO - [2025-12-01T20:31:15.998+0300] {dagbag.py:532} INFO - Filling up the DagBag from /home/pker/airflow_env/lib/python3.7/site-packages/airflow/example_dags/example_branch_python_dop_operator_3.py
[2025-12-01T20:31:16.039+0300] {processor.py:753} INFO - DAG(s) dict_keys(['example_branch_dop_operator_v3']) retrieved from /home/pker/airflow_env/lib/python3.7/site-packages/airflow/example_dags/example_branch_python_dop_operator_3.py
[2025-12-01T20:31:16.067+0300] {logging_mixin.py:137} INFO - [2025-12-01T20:31:16.067+0300] {dag.py:2705} INFO - Sync 1 DAGs
[2025-12-01T20:31:16.107+0300] {logging_mixin.py:137} INFO - [2025-12-01T20:31:16.107+0300] {dag.py:3456} INFO - Setting next_dagrun for example_branch_dop_operator_v3 to 2025-12-01T17:30:00+00:00, run_after=2025-12-01T17:31:00+00:00
[2025-12-01T20:31:16.167+0300] {processor.py:175} INFO - Processing /home/pker/airflow_env/lib/python3.7/site-packages/airflow/example_dags/example_branch_python_dop_operator_3.py took 0.181 seconds
