[2025-12-01T20:14:44.880+0300] {processor.py:153} INFO - Started process (PID=919384) to work on /home/pker/airflow_env/lib/python3.7/site-packages/airflow/example_dags/example_python_operator.py
[2025-12-01T20:14:44.882+0300] {processor.py:743} INFO - Processing file /home/pker/airflow_env/lib/python3.7/site-packages/airflow/example_dags/example_python_operator.py for tasks to queue
[2025-12-01T20:14:44.884+0300] {logging_mixin.py:137} INFO - [2025-12-01T20:14:44.883+0300] {dagbag.py:532} INFO - Filling up the DagBag from /home/pker/airflow_env/lib/python3.7/site-packages/airflow/example_dags/example_python_operator.py
[2025-12-01T20:14:44.941+0300] {logging_mixin.py:137} INFO - [2025-12-01T20:14:44.941+0300] {taskmixin.py:211} WARNING - Dependency <Task(_PythonDecoratedOperator): print_the_context>, log_sql_query already registered for DAG: example_python_operator
[2025-12-01T20:14:44.941+0300] {logging_mixin.py:137} INFO - [2025-12-01T20:14:44.941+0300] {taskmixin.py:211} WARNING - Dependency <Task(_PythonDecoratedOperator): log_sql_query>, print_the_context already registered for DAG: example_python_operator
[2025-12-01T20:14:44.943+0300] {logging_mixin.py:137} INFO - [2025-12-01T20:14:44.943+0300] {taskmixin.py:211} WARNING - Dependency <Task(_PythonDecoratedOperator): print_the_context>, log_sql_query already registered for DAG: example_python_operator
[2025-12-01T20:14:44.943+0300] {logging_mixin.py:137} INFO - [2025-12-01T20:14:44.943+0300] {taskmixin.py:211} WARNING - Dependency <Task(_PythonDecoratedOperator): log_sql_query>, print_the_context already registered for DAG: example_python_operator
[2025-12-01T20:14:44.944+0300] {logging_mixin.py:137} INFO - [2025-12-01T20:14:44.944+0300] {taskmixin.py:211} WARNING - Dependency <Task(_PythonDecoratedOperator): print_the_context>, log_sql_query already registered for DAG: example_python_operator
[2025-12-01T20:14:44.945+0300] {logging_mixin.py:137} INFO - [2025-12-01T20:14:44.944+0300] {taskmixin.py:211} WARNING - Dependency <Task(_PythonDecoratedOperator): log_sql_query>, print_the_context already registered for DAG: example_python_operator
[2025-12-01T20:14:44.946+0300] {logging_mixin.py:137} INFO - [2025-12-01T20:14:44.945+0300] {taskmixin.py:211} WARNING - Dependency <Task(_PythonDecoratedOperator): print_the_context>, log_sql_query already registered for DAG: example_python_operator
[2025-12-01T20:14:44.946+0300] {logging_mixin.py:137} INFO - [2025-12-01T20:14:44.946+0300] {taskmixin.py:211} WARNING - Dependency <Task(_PythonDecoratedOperator): log_sql_query>, print_the_context already registered for DAG: example_python_operator
[2025-12-01T20:14:45.108+0300] {logging_mixin.py:137} INFO - [2025-12-01T20:14:45.107+0300] {example_python_operator.py:90} WARNING - The virtalenv_python example task requires virtualenv, please install it.
[2025-12-01T20:14:45.116+0300] {processor.py:753} INFO - DAG(s) dict_keys(['example_python_operator']) retrieved from /home/pker/airflow_env/lib/python3.7/site-packages/airflow/example_dags/example_python_operator.py
[2025-12-01T20:14:45.180+0300] {logging_mixin.py:137} INFO - [2025-12-01T20:14:45.180+0300] {dag.py:2705} INFO - Sync 1 DAGs
[2025-12-01T20:14:45.207+0300] {logging_mixin.py:137} INFO - [2025-12-01T20:14:45.207+0300] {dag.py:3456} INFO - Setting next_dagrun for example_python_operator to None, run_after=None
[2025-12-01T20:14:45.260+0300] {processor.py:175} INFO - Processing /home/pker/airflow_env/lib/python3.7/site-packages/airflow/example_dags/example_python_operator.py took 0.389 seconds
[2025-12-01T20:15:44.236+0300] {processor.py:153} INFO - Started process (PID=919747) to work on /home/pker/airflow_env/lib/python3.7/site-packages/airflow/example_dags/example_python_operator.py
[2025-12-01T20:15:44.260+0300] {processor.py:743} INFO - Processing file /home/pker/airflow_env/lib/python3.7/site-packages/airflow/example_dags/example_python_operator.py for tasks to queue
[2025-12-01T20:15:44.263+0300] {logging_mixin.py:137} INFO - [2025-12-01T20:15:44.263+0300] {dagbag.py:532} INFO - Filling up the DagBag from /home/pker/airflow_env/lib/python3.7/site-packages/airflow/example_dags/example_python_operator.py
[2025-12-01T20:15:44.303+0300] {logging_mixin.py:137} INFO - [2025-12-01T20:15:44.303+0300] {taskmixin.py:211} WARNING - Dependency <Task(_PythonDecoratedOperator): print_the_context>, log_sql_query already registered for DAG: example_python_operator
[2025-12-01T20:15:44.303+0300] {logging_mixin.py:137} INFO - [2025-12-01T20:15:44.303+0300] {taskmixin.py:211} WARNING - Dependency <Task(_PythonDecoratedOperator): log_sql_query>, print_the_context already registered for DAG: example_python_operator
[2025-12-01T20:15:44.304+0300] {logging_mixin.py:137} INFO - [2025-12-01T20:15:44.304+0300] {taskmixin.py:211} WARNING - Dependency <Task(_PythonDecoratedOperator): print_the_context>, log_sql_query already registered for DAG: example_python_operator
[2025-12-01T20:15:44.305+0300] {logging_mixin.py:137} INFO - [2025-12-01T20:15:44.305+0300] {taskmixin.py:211} WARNING - Dependency <Task(_PythonDecoratedOperator): log_sql_query>, print_the_context already registered for DAG: example_python_operator
[2025-12-01T20:15:44.306+0300] {logging_mixin.py:137} INFO - [2025-12-01T20:15:44.306+0300] {taskmixin.py:211} WARNING - Dependency <Task(_PythonDecoratedOperator): print_the_context>, log_sql_query already registered for DAG: example_python_operator
[2025-12-01T20:15:44.306+0300] {logging_mixin.py:137} INFO - [2025-12-01T20:15:44.306+0300] {taskmixin.py:211} WARNING - Dependency <Task(_PythonDecoratedOperator): log_sql_query>, print_the_context already registered for DAG: example_python_operator
[2025-12-01T20:15:44.307+0300] {logging_mixin.py:137} INFO - [2025-12-01T20:15:44.307+0300] {taskmixin.py:211} WARNING - Dependency <Task(_PythonDecoratedOperator): print_the_context>, log_sql_query already registered for DAG: example_python_operator
[2025-12-01T20:15:44.307+0300] {logging_mixin.py:137} INFO - [2025-12-01T20:15:44.307+0300] {taskmixin.py:211} WARNING - Dependency <Task(_PythonDecoratedOperator): log_sql_query>, print_the_context already registered for DAG: example_python_operator
[2025-12-01T20:15:44.457+0300] {logging_mixin.py:137} INFO - [2025-12-01T20:15:44.457+0300] {example_python_operator.py:90} WARNING - The virtalenv_python example task requires virtualenv, please install it.
[2025-12-01T20:15:44.465+0300] {processor.py:753} INFO - DAG(s) dict_keys(['example_python_operator']) retrieved from /home/pker/airflow_env/lib/python3.7/site-packages/airflow/example_dags/example_python_operator.py
[2025-12-01T20:15:44.494+0300] {logging_mixin.py:137} INFO - [2025-12-01T20:15:44.494+0300] {dag.py:2705} INFO - Sync 1 DAGs
[2025-12-01T20:15:44.522+0300] {logging_mixin.py:137} INFO - [2025-12-01T20:15:44.522+0300] {dag.py:3456} INFO - Setting next_dagrun for example_python_operator to None, run_after=None
[2025-12-01T20:15:44.573+0300] {processor.py:175} INFO - Processing /home/pker/airflow_env/lib/python3.7/site-packages/airflow/example_dags/example_python_operator.py took 0.342 seconds
[2025-12-01T20:16:40.060+0300] {processor.py:153} INFO - Started process (PID=919945) to work on /home/pker/airflow_env/lib/python3.7/site-packages/airflow/example_dags/example_python_operator.py
[2025-12-01T20:16:40.083+0300] {processor.py:743} INFO - Processing file /home/pker/airflow_env/lib/python3.7/site-packages/airflow/example_dags/example_python_operator.py for tasks to queue
[2025-12-01T20:16:40.086+0300] {logging_mixin.py:137} INFO - [2025-12-01T20:16:40.085+0300] {dagbag.py:532} INFO - Filling up the DagBag from /home/pker/airflow_env/lib/python3.7/site-packages/airflow/example_dags/example_python_operator.py
[2025-12-01T20:16:40.117+0300] {logging_mixin.py:137} INFO - [2025-12-01T20:16:40.117+0300] {taskmixin.py:211} WARNING - Dependency <Task(_PythonDecoratedOperator): print_the_context>, log_sql_query already registered for DAG: example_python_operator
[2025-12-01T20:16:40.118+0300] {logging_mixin.py:137} INFO - [2025-12-01T20:16:40.118+0300] {taskmixin.py:211} WARNING - Dependency <Task(_PythonDecoratedOperator): log_sql_query>, print_the_context already registered for DAG: example_python_operator
[2025-12-01T20:16:40.119+0300] {logging_mixin.py:137} INFO - [2025-12-01T20:16:40.119+0300] {taskmixin.py:211} WARNING - Dependency <Task(_PythonDecoratedOperator): print_the_context>, log_sql_query already registered for DAG: example_python_operator
[2025-12-01T20:16:40.119+0300] {logging_mixin.py:137} INFO - [2025-12-01T20:16:40.119+0300] {taskmixin.py:211} WARNING - Dependency <Task(_PythonDecoratedOperator): log_sql_query>, print_the_context already registered for DAG: example_python_operator
[2025-12-01T20:16:40.121+0300] {logging_mixin.py:137} INFO - [2025-12-01T20:16:40.120+0300] {taskmixin.py:211} WARNING - Dependency <Task(_PythonDecoratedOperator): print_the_context>, log_sql_query already registered for DAG: example_python_operator
[2025-12-01T20:16:40.121+0300] {logging_mixin.py:137} INFO - [2025-12-01T20:16:40.121+0300] {taskmixin.py:211} WARNING - Dependency <Task(_PythonDecoratedOperator): log_sql_query>, print_the_context already registered for DAG: example_python_operator
[2025-12-01T20:16:40.122+0300] {logging_mixin.py:137} INFO - [2025-12-01T20:16:40.122+0300] {taskmixin.py:211} WARNING - Dependency <Task(_PythonDecoratedOperator): print_the_context>, log_sql_query already registered for DAG: example_python_operator
[2025-12-01T20:16:40.122+0300] {logging_mixin.py:137} INFO - [2025-12-01T20:16:40.122+0300] {taskmixin.py:211} WARNING - Dependency <Task(_PythonDecoratedOperator): log_sql_query>, print_the_context already registered for DAG: example_python_operator
[2025-12-01T20:16:40.332+0300] {logging_mixin.py:137} INFO - [2025-12-01T20:16:40.332+0300] {example_python_operator.py:90} WARNING - The virtalenv_python example task requires virtualenv, please install it.
[2025-12-01T20:16:40.341+0300] {processor.py:753} INFO - DAG(s) dict_keys(['example_python_operator']) retrieved from /home/pker/airflow_env/lib/python3.7/site-packages/airflow/example_dags/example_python_operator.py
[2025-12-01T20:16:40.368+0300] {logging_mixin.py:137} INFO - [2025-12-01T20:16:40.368+0300] {dag.py:2705} INFO - Sync 1 DAGs
[2025-12-01T20:16:40.395+0300] {logging_mixin.py:137} INFO - [2025-12-01T20:16:40.394+0300] {dag.py:3456} INFO - Setting next_dagrun for example_python_operator to None, run_after=None
[2025-12-01T20:16:40.437+0300] {processor.py:175} INFO - Processing /home/pker/airflow_env/lib/python3.7/site-packages/airflow/example_dags/example_python_operator.py took 0.382 seconds
[2025-12-01T20:17:32.125+0300] {processor.py:153} INFO - Started process (PID=920125) to work on /home/pker/airflow_env/lib/python3.7/site-packages/airflow/example_dags/example_python_operator.py
[2025-12-01T20:17:32.148+0300] {processor.py:743} INFO - Processing file /home/pker/airflow_env/lib/python3.7/site-packages/airflow/example_dags/example_python_operator.py for tasks to queue
[2025-12-01T20:17:32.151+0300] {logging_mixin.py:137} INFO - [2025-12-01T20:17:32.151+0300] {dagbag.py:532} INFO - Filling up the DagBag from /home/pker/airflow_env/lib/python3.7/site-packages/airflow/example_dags/example_python_operator.py
[2025-12-01T20:17:32.183+0300] {logging_mixin.py:137} INFO - [2025-12-01T20:17:32.183+0300] {taskmixin.py:211} WARNING - Dependency <Task(_PythonDecoratedOperator): print_the_context>, log_sql_query already registered for DAG: example_python_operator
[2025-12-01T20:17:32.183+0300] {logging_mixin.py:137} INFO - [2025-12-01T20:17:32.183+0300] {taskmixin.py:211} WARNING - Dependency <Task(_PythonDecoratedOperator): log_sql_query>, print_the_context already registered for DAG: example_python_operator
[2025-12-01T20:17:32.185+0300] {logging_mixin.py:137} INFO - [2025-12-01T20:17:32.184+0300] {taskmixin.py:211} WARNING - Dependency <Task(_PythonDecoratedOperator): print_the_context>, log_sql_query already registered for DAG: example_python_operator
[2025-12-01T20:17:32.185+0300] {logging_mixin.py:137} INFO - [2025-12-01T20:17:32.185+0300] {taskmixin.py:211} WARNING - Dependency <Task(_PythonDecoratedOperator): log_sql_query>, print_the_context already registered for DAG: example_python_operator
[2025-12-01T20:17:32.186+0300] {logging_mixin.py:137} INFO - [2025-12-01T20:17:32.186+0300] {taskmixin.py:211} WARNING - Dependency <Task(_PythonDecoratedOperator): print_the_context>, log_sql_query already registered for DAG: example_python_operator
[2025-12-01T20:17:32.186+0300] {logging_mixin.py:137} INFO - [2025-12-01T20:17:32.186+0300] {taskmixin.py:211} WARNING - Dependency <Task(_PythonDecoratedOperator): log_sql_query>, print_the_context already registered for DAG: example_python_operator
[2025-12-01T20:17:32.187+0300] {logging_mixin.py:137} INFO - [2025-12-01T20:17:32.187+0300] {taskmixin.py:211} WARNING - Dependency <Task(_PythonDecoratedOperator): print_the_context>, log_sql_query already registered for DAG: example_python_operator
[2025-12-01T20:17:32.188+0300] {logging_mixin.py:137} INFO - [2025-12-01T20:17:32.188+0300] {taskmixin.py:211} WARNING - Dependency <Task(_PythonDecoratedOperator): log_sql_query>, print_the_context already registered for DAG: example_python_operator
[2025-12-01T20:17:32.320+0300] {logging_mixin.py:137} INFO - [2025-12-01T20:17:32.320+0300] {example_python_operator.py:90} WARNING - The virtalenv_python example task requires virtualenv, please install it.
[2025-12-01T20:17:32.329+0300] {processor.py:753} INFO - DAG(s) dict_keys(['example_python_operator']) retrieved from /home/pker/airflow_env/lib/python3.7/site-packages/airflow/example_dags/example_python_operator.py
[2025-12-01T20:17:32.354+0300] {logging_mixin.py:137} INFO - [2025-12-01T20:17:32.354+0300] {dag.py:2705} INFO - Sync 1 DAGs
[2025-12-01T20:17:32.383+0300] {logging_mixin.py:137} INFO - [2025-12-01T20:17:32.383+0300] {dag.py:3456} INFO - Setting next_dagrun for example_python_operator to None, run_after=None
[2025-12-01T20:17:32.436+0300] {processor.py:175} INFO - Processing /home/pker/airflow_env/lib/python3.7/site-packages/airflow/example_dags/example_python_operator.py took 0.317 seconds
[2025-12-01T20:18:22.170+0300] {processor.py:153} INFO - Started process (PID=920310) to work on /home/pker/airflow_env/lib/python3.7/site-packages/airflow/example_dags/example_python_operator.py
[2025-12-01T20:18:22.193+0300] {processor.py:743} INFO - Processing file /home/pker/airflow_env/lib/python3.7/site-packages/airflow/example_dags/example_python_operator.py for tasks to queue
[2025-12-01T20:18:22.196+0300] {logging_mixin.py:137} INFO - [2025-12-01T20:18:22.195+0300] {dagbag.py:532} INFO - Filling up the DagBag from /home/pker/airflow_env/lib/python3.7/site-packages/airflow/example_dags/example_python_operator.py
[2025-12-01T20:18:22.227+0300] {logging_mixin.py:137} INFO - [2025-12-01T20:18:22.227+0300] {taskmixin.py:211} WARNING - Dependency <Task(_PythonDecoratedOperator): print_the_context>, log_sql_query already registered for DAG: example_python_operator
[2025-12-01T20:18:22.227+0300] {logging_mixin.py:137} INFO - [2025-12-01T20:18:22.227+0300] {taskmixin.py:211} WARNING - Dependency <Task(_PythonDecoratedOperator): log_sql_query>, print_the_context already registered for DAG: example_python_operator
[2025-12-01T20:18:22.228+0300] {logging_mixin.py:137} INFO - [2025-12-01T20:18:22.228+0300] {taskmixin.py:211} WARNING - Dependency <Task(_PythonDecoratedOperator): print_the_context>, log_sql_query already registered for DAG: example_python_operator
[2025-12-01T20:18:22.229+0300] {logging_mixin.py:137} INFO - [2025-12-01T20:18:22.229+0300] {taskmixin.py:211} WARNING - Dependency <Task(_PythonDecoratedOperator): log_sql_query>, print_the_context already registered for DAG: example_python_operator
[2025-12-01T20:18:22.230+0300] {logging_mixin.py:137} INFO - [2025-12-01T20:18:22.229+0300] {taskmixin.py:211} WARNING - Dependency <Task(_PythonDecoratedOperator): print_the_context>, log_sql_query already registered for DAG: example_python_operator
[2025-12-01T20:18:22.230+0300] {logging_mixin.py:137} INFO - [2025-12-01T20:18:22.230+0300] {taskmixin.py:211} WARNING - Dependency <Task(_PythonDecoratedOperator): log_sql_query>, print_the_context already registered for DAG: example_python_operator
[2025-12-01T20:18:22.231+0300] {logging_mixin.py:137} INFO - [2025-12-01T20:18:22.231+0300] {taskmixin.py:211} WARNING - Dependency <Task(_PythonDecoratedOperator): print_the_context>, log_sql_query already registered for DAG: example_python_operator
[2025-12-01T20:18:22.231+0300] {logging_mixin.py:137} INFO - [2025-12-01T20:18:22.231+0300] {taskmixin.py:211} WARNING - Dependency <Task(_PythonDecoratedOperator): log_sql_query>, print_the_context already registered for DAG: example_python_operator
[2025-12-01T20:18:22.482+0300] {logging_mixin.py:137} INFO - [2025-12-01T20:18:22.482+0300] {example_python_operator.py:90} WARNING - The virtalenv_python example task requires virtualenv, please install it.
[2025-12-01T20:18:22.490+0300] {processor.py:753} INFO - DAG(s) dict_keys(['example_python_operator']) retrieved from /home/pker/airflow_env/lib/python3.7/site-packages/airflow/example_dags/example_python_operator.py
[2025-12-01T20:18:22.517+0300] {logging_mixin.py:137} INFO - [2025-12-01T20:18:22.516+0300] {dag.py:2705} INFO - Sync 1 DAGs
[2025-12-01T20:18:22.563+0300] {logging_mixin.py:137} INFO - [2025-12-01T20:18:22.562+0300] {dag.py:3456} INFO - Setting next_dagrun for example_python_operator to None, run_after=None
[2025-12-01T20:18:22.630+0300] {processor.py:175} INFO - Processing /home/pker/airflow_env/lib/python3.7/site-packages/airflow/example_dags/example_python_operator.py took 0.465 seconds
[2025-12-01T20:19:15.667+0300] {processor.py:153} INFO - Started process (PID=920500) to work on /home/pker/airflow_env/lib/python3.7/site-packages/airflow/example_dags/example_python_operator.py
[2025-12-01T20:19:15.688+0300] {processor.py:743} INFO - Processing file /home/pker/airflow_env/lib/python3.7/site-packages/airflow/example_dags/example_python_operator.py for tasks to queue
[2025-12-01T20:19:15.689+0300] {logging_mixin.py:137} INFO - [2025-12-01T20:19:15.689+0300] {dagbag.py:532} INFO - Filling up the DagBag from /home/pker/airflow_env/lib/python3.7/site-packages/airflow/example_dags/example_python_operator.py
[2025-12-01T20:19:15.716+0300] {logging_mixin.py:137} INFO - [2025-12-01T20:19:15.716+0300] {taskmixin.py:211} WARNING - Dependency <Task(_PythonDecoratedOperator): print_the_context>, log_sql_query already registered for DAG: example_python_operator
[2025-12-01T20:19:15.716+0300] {logging_mixin.py:137} INFO - [2025-12-01T20:19:15.716+0300] {taskmixin.py:211} WARNING - Dependency <Task(_PythonDecoratedOperator): log_sql_query>, print_the_context already registered for DAG: example_python_operator
[2025-12-01T20:19:15.718+0300] {logging_mixin.py:137} INFO - [2025-12-01T20:19:15.717+0300] {taskmixin.py:211} WARNING - Dependency <Task(_PythonDecoratedOperator): print_the_context>, log_sql_query already registered for DAG: example_python_operator
[2025-12-01T20:19:15.718+0300] {logging_mixin.py:137} INFO - [2025-12-01T20:19:15.718+0300] {taskmixin.py:211} WARNING - Dependency <Task(_PythonDecoratedOperator): log_sql_query>, print_the_context already registered for DAG: example_python_operator
[2025-12-01T20:19:15.719+0300] {logging_mixin.py:137} INFO - [2025-12-01T20:19:15.719+0300] {taskmixin.py:211} WARNING - Dependency <Task(_PythonDecoratedOperator): print_the_context>, log_sql_query already registered for DAG: example_python_operator
[2025-12-01T20:19:15.719+0300] {logging_mixin.py:137} INFO - [2025-12-01T20:19:15.719+0300] {taskmixin.py:211} WARNING - Dependency <Task(_PythonDecoratedOperator): log_sql_query>, print_the_context already registered for DAG: example_python_operator
[2025-12-01T20:19:15.721+0300] {logging_mixin.py:137} INFO - [2025-12-01T20:19:15.720+0300] {taskmixin.py:211} WARNING - Dependency <Task(_PythonDecoratedOperator): print_the_context>, log_sql_query already registered for DAG: example_python_operator
[2025-12-01T20:19:15.721+0300] {logging_mixin.py:137} INFO - [2025-12-01T20:19:15.721+0300] {taskmixin.py:211} WARNING - Dependency <Task(_PythonDecoratedOperator): log_sql_query>, print_the_context already registered for DAG: example_python_operator
[2025-12-01T20:19:15.835+0300] {logging_mixin.py:137} INFO - [2025-12-01T20:19:15.835+0300] {example_python_operator.py:90} WARNING - The virtalenv_python example task requires virtualenv, please install it.
[2025-12-01T20:19:15.843+0300] {processor.py:753} INFO - DAG(s) dict_keys(['example_python_operator']) retrieved from /home/pker/airflow_env/lib/python3.7/site-packages/airflow/example_dags/example_python_operator.py
[2025-12-01T20:19:15.878+0300] {logging_mixin.py:137} INFO - [2025-12-01T20:19:15.878+0300] {dag.py:2705} INFO - Sync 1 DAGs
[2025-12-01T20:19:15.921+0300] {logging_mixin.py:137} INFO - [2025-12-01T20:19:15.921+0300] {dag.py:3456} INFO - Setting next_dagrun for example_python_operator to None, run_after=None
[2025-12-01T20:19:15.973+0300] {processor.py:175} INFO - Processing /home/pker/airflow_env/lib/python3.7/site-packages/airflow/example_dags/example_python_operator.py took 0.310 seconds
[2025-12-01T20:20:03.522+0300] {processor.py:153} INFO - Started process (PID=920696) to work on /home/pker/airflow_env/lib/python3.7/site-packages/airflow/example_dags/example_python_operator.py
[2025-12-01T20:20:03.545+0300] {processor.py:743} INFO - Processing file /home/pker/airflow_env/lib/python3.7/site-packages/airflow/example_dags/example_python_operator.py for tasks to queue
[2025-12-01T20:20:03.547+0300] {logging_mixin.py:137} INFO - [2025-12-01T20:20:03.547+0300] {dagbag.py:532} INFO - Filling up the DagBag from /home/pker/airflow_env/lib/python3.7/site-packages/airflow/example_dags/example_python_operator.py
[2025-12-01T20:20:03.571+0300] {logging_mixin.py:137} INFO - [2025-12-01T20:20:03.571+0300] {taskmixin.py:211} WARNING - Dependency <Task(_PythonDecoratedOperator): print_the_context>, log_sql_query already registered for DAG: example_python_operator
[2025-12-01T20:20:03.571+0300] {logging_mixin.py:137} INFO - [2025-12-01T20:20:03.571+0300] {taskmixin.py:211} WARNING - Dependency <Task(_PythonDecoratedOperator): log_sql_query>, print_the_context already registered for DAG: example_python_operator
[2025-12-01T20:20:03.573+0300] {logging_mixin.py:137} INFO - [2025-12-01T20:20:03.572+0300] {taskmixin.py:211} WARNING - Dependency <Task(_PythonDecoratedOperator): print_the_context>, log_sql_query already registered for DAG: example_python_operator
[2025-12-01T20:20:03.573+0300] {logging_mixin.py:137} INFO - [2025-12-01T20:20:03.573+0300] {taskmixin.py:211} WARNING - Dependency <Task(_PythonDecoratedOperator): log_sql_query>, print_the_context already registered for DAG: example_python_operator
[2025-12-01T20:20:03.574+0300] {logging_mixin.py:137} INFO - [2025-12-01T20:20:03.574+0300] {taskmixin.py:211} WARNING - Dependency <Task(_PythonDecoratedOperator): print_the_context>, log_sql_query already registered for DAG: example_python_operator
[2025-12-01T20:20:03.575+0300] {logging_mixin.py:137} INFO - [2025-12-01T20:20:03.574+0300] {taskmixin.py:211} WARNING - Dependency <Task(_PythonDecoratedOperator): log_sql_query>, print_the_context already registered for DAG: example_python_operator
[2025-12-01T20:20:03.576+0300] {logging_mixin.py:137} INFO - [2025-12-01T20:20:03.576+0300] {taskmixin.py:211} WARNING - Dependency <Task(_PythonDecoratedOperator): print_the_context>, log_sql_query already registered for DAG: example_python_operator
[2025-12-01T20:20:03.576+0300] {logging_mixin.py:137} INFO - [2025-12-01T20:20:03.576+0300] {taskmixin.py:211} WARNING - Dependency <Task(_PythonDecoratedOperator): log_sql_query>, print_the_context already registered for DAG: example_python_operator
[2025-12-01T20:20:03.762+0300] {logging_mixin.py:137} INFO - [2025-12-01T20:20:03.762+0300] {example_python_operator.py:90} WARNING - The virtalenv_python example task requires virtualenv, please install it.
[2025-12-01T20:20:03.771+0300] {processor.py:753} INFO - DAG(s) dict_keys(['example_python_operator']) retrieved from /home/pker/airflow_env/lib/python3.7/site-packages/airflow/example_dags/example_python_operator.py
[2025-12-01T20:20:03.823+0300] {logging_mixin.py:137} INFO - [2025-12-01T20:20:03.823+0300] {dag.py:2705} INFO - Sync 1 DAGs
[2025-12-01T20:20:03.852+0300] {logging_mixin.py:137} INFO - [2025-12-01T20:20:03.851+0300] {dag.py:3456} INFO - Setting next_dagrun for example_python_operator to None, run_after=None
[2025-12-01T20:20:03.883+0300] {processor.py:175} INFO - Processing /home/pker/airflow_env/lib/python3.7/site-packages/airflow/example_dags/example_python_operator.py took 0.367 seconds
[2025-12-01T20:20:50.651+0300] {processor.py:153} INFO - Started process (PID=920863) to work on /home/pker/airflow_env/lib/python3.7/site-packages/airflow/example_dags/example_python_operator.py
[2025-12-01T20:20:50.673+0300] {processor.py:743} INFO - Processing file /home/pker/airflow_env/lib/python3.7/site-packages/airflow/example_dags/example_python_operator.py for tasks to queue
[2025-12-01T20:20:50.675+0300] {logging_mixin.py:137} INFO - [2025-12-01T20:20:50.675+0300] {dagbag.py:532} INFO - Filling up the DagBag from /home/pker/airflow_env/lib/python3.7/site-packages/airflow/example_dags/example_python_operator.py
[2025-12-01T20:20:50.723+0300] {logging_mixin.py:137} INFO - [2025-12-01T20:20:50.723+0300] {taskmixin.py:211} WARNING - Dependency <Task(_PythonDecoratedOperator): print_the_context>, log_sql_query already registered for DAG: example_python_operator
[2025-12-01T20:20:50.724+0300] {logging_mixin.py:137} INFO - [2025-12-01T20:20:50.724+0300] {taskmixin.py:211} WARNING - Dependency <Task(_PythonDecoratedOperator): log_sql_query>, print_the_context already registered for DAG: example_python_operator
[2025-12-01T20:20:50.726+0300] {logging_mixin.py:137} INFO - [2025-12-01T20:20:50.725+0300] {taskmixin.py:211} WARNING - Dependency <Task(_PythonDecoratedOperator): print_the_context>, log_sql_query already registered for DAG: example_python_operator
[2025-12-01T20:20:50.726+0300] {logging_mixin.py:137} INFO - [2025-12-01T20:20:50.726+0300] {taskmixin.py:211} WARNING - Dependency <Task(_PythonDecoratedOperator): log_sql_query>, print_the_context already registered for DAG: example_python_operator
[2025-12-01T20:20:50.728+0300] {logging_mixin.py:137} INFO - [2025-12-01T20:20:50.727+0300] {taskmixin.py:211} WARNING - Dependency <Task(_PythonDecoratedOperator): print_the_context>, log_sql_query already registered for DAG: example_python_operator
[2025-12-01T20:20:50.728+0300] {logging_mixin.py:137} INFO - [2025-12-01T20:20:50.728+0300] {taskmixin.py:211} WARNING - Dependency <Task(_PythonDecoratedOperator): log_sql_query>, print_the_context already registered for DAG: example_python_operator
[2025-12-01T20:20:50.729+0300] {logging_mixin.py:137} INFO - [2025-12-01T20:20:50.729+0300] {taskmixin.py:211} WARNING - Dependency <Task(_PythonDecoratedOperator): print_the_context>, log_sql_query already registered for DAG: example_python_operator
[2025-12-01T20:20:50.729+0300] {logging_mixin.py:137} INFO - [2025-12-01T20:20:50.729+0300] {taskmixin.py:211} WARNING - Dependency <Task(_PythonDecoratedOperator): log_sql_query>, print_the_context already registered for DAG: example_python_operator
[2025-12-01T20:20:50.913+0300] {logging_mixin.py:137} INFO - [2025-12-01T20:20:50.913+0300] {example_python_operator.py:90} WARNING - The virtalenv_python example task requires virtualenv, please install it.
[2025-12-01T20:20:50.922+0300] {processor.py:753} INFO - DAG(s) dict_keys(['example_python_operator']) retrieved from /home/pker/airflow_env/lib/python3.7/site-packages/airflow/example_dags/example_python_operator.py
[2025-12-01T20:20:50.951+0300] {logging_mixin.py:137} INFO - [2025-12-01T20:20:50.951+0300] {dag.py:2705} INFO - Sync 1 DAGs
[2025-12-01T20:20:50.978+0300] {logging_mixin.py:137} INFO - [2025-12-01T20:20:50.978+0300] {dag.py:3456} INFO - Setting next_dagrun for example_python_operator to None, run_after=None
[2025-12-01T20:20:51.028+0300] {processor.py:175} INFO - Processing /home/pker/airflow_env/lib/python3.7/site-packages/airflow/example_dags/example_python_operator.py took 0.383 seconds
[2025-12-01T20:21:37.835+0300] {processor.py:153} INFO - Started process (PID=921031) to work on /home/pker/airflow_env/lib/python3.7/site-packages/airflow/example_dags/example_python_operator.py
[2025-12-01T20:21:37.858+0300] {processor.py:743} INFO - Processing file /home/pker/airflow_env/lib/python3.7/site-packages/airflow/example_dags/example_python_operator.py for tasks to queue
[2025-12-01T20:21:37.861+0300] {logging_mixin.py:137} INFO - [2025-12-01T20:21:37.860+0300] {dagbag.py:532} INFO - Filling up the DagBag from /home/pker/airflow_env/lib/python3.7/site-packages/airflow/example_dags/example_python_operator.py
[2025-12-01T20:21:37.894+0300] {logging_mixin.py:137} INFO - [2025-12-01T20:21:37.894+0300] {taskmixin.py:211} WARNING - Dependency <Task(_PythonDecoratedOperator): print_the_context>, log_sql_query already registered for DAG: example_python_operator
[2025-12-01T20:21:37.895+0300] {logging_mixin.py:137} INFO - [2025-12-01T20:21:37.895+0300] {taskmixin.py:211} WARNING - Dependency <Task(_PythonDecoratedOperator): log_sql_query>, print_the_context already registered for DAG: example_python_operator
[2025-12-01T20:21:37.896+0300] {logging_mixin.py:137} INFO - [2025-12-01T20:21:37.896+0300] {taskmixin.py:211} WARNING - Dependency <Task(_PythonDecoratedOperator): print_the_context>, log_sql_query already registered for DAG: example_python_operator
[2025-12-01T20:21:37.896+0300] {logging_mixin.py:137} INFO - [2025-12-01T20:21:37.896+0300] {taskmixin.py:211} WARNING - Dependency <Task(_PythonDecoratedOperator): log_sql_query>, print_the_context already registered for DAG: example_python_operator
[2025-12-01T20:21:37.897+0300] {logging_mixin.py:137} INFO - [2025-12-01T20:21:37.897+0300] {taskmixin.py:211} WARNING - Dependency <Task(_PythonDecoratedOperator): print_the_context>, log_sql_query already registered for DAG: example_python_operator
[2025-12-01T20:21:37.897+0300] {logging_mixin.py:137} INFO - [2025-12-01T20:21:37.897+0300] {taskmixin.py:211} WARNING - Dependency <Task(_PythonDecoratedOperator): log_sql_query>, print_the_context already registered for DAG: example_python_operator
[2025-12-01T20:21:37.898+0300] {logging_mixin.py:137} INFO - [2025-12-01T20:21:37.898+0300] {taskmixin.py:211} WARNING - Dependency <Task(_PythonDecoratedOperator): print_the_context>, log_sql_query already registered for DAG: example_python_operator
[2025-12-01T20:21:37.899+0300] {logging_mixin.py:137} INFO - [2025-12-01T20:21:37.899+0300] {taskmixin.py:211} WARNING - Dependency <Task(_PythonDecoratedOperator): log_sql_query>, print_the_context already registered for DAG: example_python_operator
[2025-12-01T20:21:38.047+0300] {logging_mixin.py:137} INFO - [2025-12-01T20:21:38.046+0300] {example_python_operator.py:90} WARNING - The virtalenv_python example task requires virtualenv, please install it.
[2025-12-01T20:21:38.054+0300] {processor.py:753} INFO - DAG(s) dict_keys(['example_python_operator']) retrieved from /home/pker/airflow_env/lib/python3.7/site-packages/airflow/example_dags/example_python_operator.py
[2025-12-01T20:21:38.080+0300] {logging_mixin.py:137} INFO - [2025-12-01T20:21:38.080+0300] {dag.py:2705} INFO - Sync 1 DAGs
[2025-12-01T20:21:38.108+0300] {logging_mixin.py:137} INFO - [2025-12-01T20:21:38.108+0300] {dag.py:3456} INFO - Setting next_dagrun for example_python_operator to None, run_after=None
[2025-12-01T20:21:38.150+0300] {processor.py:175} INFO - Processing /home/pker/airflow_env/lib/python3.7/site-packages/airflow/example_dags/example_python_operator.py took 0.320 seconds
[2025-12-01T20:22:26.865+0300] {processor.py:153} INFO - Started process (PID=921204) to work on /home/pker/airflow_env/lib/python3.7/site-packages/airflow/example_dags/example_python_operator.py
[2025-12-01T20:22:26.887+0300] {processor.py:743} INFO - Processing file /home/pker/airflow_env/lib/python3.7/site-packages/airflow/example_dags/example_python_operator.py for tasks to queue
[2025-12-01T20:22:26.890+0300] {logging_mixin.py:137} INFO - [2025-12-01T20:22:26.889+0300] {dagbag.py:532} INFO - Filling up the DagBag from /home/pker/airflow_env/lib/python3.7/site-packages/airflow/example_dags/example_python_operator.py
[2025-12-01T20:22:26.920+0300] {logging_mixin.py:137} INFO - [2025-12-01T20:22:26.920+0300] {taskmixin.py:211} WARNING - Dependency <Task(_PythonDecoratedOperator): print_the_context>, log_sql_query already registered for DAG: example_python_operator
[2025-12-01T20:22:26.921+0300] {logging_mixin.py:137} INFO - [2025-12-01T20:22:26.920+0300] {taskmixin.py:211} WARNING - Dependency <Task(_PythonDecoratedOperator): log_sql_query>, print_the_context already registered for DAG: example_python_operator
[2025-12-01T20:22:26.922+0300] {logging_mixin.py:137} INFO - [2025-12-01T20:22:26.922+0300] {taskmixin.py:211} WARNING - Dependency <Task(_PythonDecoratedOperator): print_the_context>, log_sql_query already registered for DAG: example_python_operator
[2025-12-01T20:22:26.922+0300] {logging_mixin.py:137} INFO - [2025-12-01T20:22:26.922+0300] {taskmixin.py:211} WARNING - Dependency <Task(_PythonDecoratedOperator): log_sql_query>, print_the_context already registered for DAG: example_python_operator
[2025-12-01T20:22:26.924+0300] {logging_mixin.py:137} INFO - [2025-12-01T20:22:26.924+0300] {taskmixin.py:211} WARNING - Dependency <Task(_PythonDecoratedOperator): print_the_context>, log_sql_query already registered for DAG: example_python_operator
[2025-12-01T20:22:26.924+0300] {logging_mixin.py:137} INFO - [2025-12-01T20:22:26.924+0300] {taskmixin.py:211} WARNING - Dependency <Task(_PythonDecoratedOperator): log_sql_query>, print_the_context already registered for DAG: example_python_operator
[2025-12-01T20:22:26.925+0300] {logging_mixin.py:137} INFO - [2025-12-01T20:22:26.925+0300] {taskmixin.py:211} WARNING - Dependency <Task(_PythonDecoratedOperator): print_the_context>, log_sql_query already registered for DAG: example_python_operator
[2025-12-01T20:22:26.925+0300] {logging_mixin.py:137} INFO - [2025-12-01T20:22:26.925+0300] {taskmixin.py:211} WARNING - Dependency <Task(_PythonDecoratedOperator): log_sql_query>, print_the_context already registered for DAG: example_python_operator
[2025-12-01T20:22:27.120+0300] {logging_mixin.py:137} INFO - [2025-12-01T20:22:27.119+0300] {example_python_operator.py:90} WARNING - The virtalenv_python example task requires virtualenv, please install it.
[2025-12-01T20:22:27.128+0300] {processor.py:753} INFO - DAG(s) dict_keys(['example_python_operator']) retrieved from /home/pker/airflow_env/lib/python3.7/site-packages/airflow/example_dags/example_python_operator.py
[2025-12-01T20:22:27.172+0300] {logging_mixin.py:137} INFO - [2025-12-01T20:22:27.171+0300] {dag.py:2705} INFO - Sync 1 DAGs
[2025-12-01T20:22:27.211+0300] {logging_mixin.py:137} INFO - [2025-12-01T20:22:27.211+0300] {dag.py:3456} INFO - Setting next_dagrun for example_python_operator to None, run_after=None
[2025-12-01T20:22:27.269+0300] {processor.py:175} INFO - Processing /home/pker/airflow_env/lib/python3.7/site-packages/airflow/example_dags/example_python_operator.py took 0.409 seconds
[2025-12-01T20:23:18.744+0300] {processor.py:153} INFO - Started process (PID=921388) to work on /home/pker/airflow_env/lib/python3.7/site-packages/airflow/example_dags/example_python_operator.py
[2025-12-01T20:23:18.768+0300] {processor.py:743} INFO - Processing file /home/pker/airflow_env/lib/python3.7/site-packages/airflow/example_dags/example_python_operator.py for tasks to queue
[2025-12-01T20:23:18.770+0300] {logging_mixin.py:137} INFO - [2025-12-01T20:23:18.770+0300] {dagbag.py:532} INFO - Filling up the DagBag from /home/pker/airflow_env/lib/python3.7/site-packages/airflow/example_dags/example_python_operator.py
[2025-12-01T20:23:18.801+0300] {logging_mixin.py:137} INFO - [2025-12-01T20:23:18.800+0300] {taskmixin.py:211} WARNING - Dependency <Task(_PythonDecoratedOperator): print_the_context>, log_sql_query already registered for DAG: example_python_operator
[2025-12-01T20:23:18.801+0300] {logging_mixin.py:137} INFO - [2025-12-01T20:23:18.801+0300] {taskmixin.py:211} WARNING - Dependency <Task(_PythonDecoratedOperator): log_sql_query>, print_the_context already registered for DAG: example_python_operator
[2025-12-01T20:23:18.802+0300] {logging_mixin.py:137} INFO - [2025-12-01T20:23:18.802+0300] {taskmixin.py:211} WARNING - Dependency <Task(_PythonDecoratedOperator): print_the_context>, log_sql_query already registered for DAG: example_python_operator
[2025-12-01T20:23:18.803+0300] {logging_mixin.py:137} INFO - [2025-12-01T20:23:18.802+0300] {taskmixin.py:211} WARNING - Dependency <Task(_PythonDecoratedOperator): log_sql_query>, print_the_context already registered for DAG: example_python_operator
[2025-12-01T20:23:18.804+0300] {logging_mixin.py:137} INFO - [2025-12-01T20:23:18.803+0300] {taskmixin.py:211} WARNING - Dependency <Task(_PythonDecoratedOperator): print_the_context>, log_sql_query already registered for DAG: example_python_operator
[2025-12-01T20:23:18.804+0300] {logging_mixin.py:137} INFO - [2025-12-01T20:23:18.804+0300] {taskmixin.py:211} WARNING - Dependency <Task(_PythonDecoratedOperator): log_sql_query>, print_the_context already registered for DAG: example_python_operator
[2025-12-01T20:23:18.805+0300] {logging_mixin.py:137} INFO - [2025-12-01T20:23:18.805+0300] {taskmixin.py:211} WARNING - Dependency <Task(_PythonDecoratedOperator): print_the_context>, log_sql_query already registered for DAG: example_python_operator
[2025-12-01T20:23:18.805+0300] {logging_mixin.py:137} INFO - [2025-12-01T20:23:18.805+0300] {taskmixin.py:211} WARNING - Dependency <Task(_PythonDecoratedOperator): log_sql_query>, print_the_context already registered for DAG: example_python_operator
[2025-12-01T20:23:18.952+0300] {logging_mixin.py:137} INFO - [2025-12-01T20:23:18.951+0300] {example_python_operator.py:90} WARNING - The virtalenv_python example task requires virtualenv, please install it.
[2025-12-01T20:23:18.959+0300] {processor.py:753} INFO - DAG(s) dict_keys(['example_python_operator']) retrieved from /home/pker/airflow_env/lib/python3.7/site-packages/airflow/example_dags/example_python_operator.py
[2025-12-01T20:23:18.985+0300] {logging_mixin.py:137} INFO - [2025-12-01T20:23:18.985+0300] {dag.py:2705} INFO - Sync 1 DAGs
[2025-12-01T20:23:19.010+0300] {logging_mixin.py:137} INFO - [2025-12-01T20:23:19.010+0300] {dag.py:3456} INFO - Setting next_dagrun for example_python_operator to None, run_after=None
[2025-12-01T20:23:19.059+0300] {processor.py:175} INFO - Processing /home/pker/airflow_env/lib/python3.7/site-packages/airflow/example_dags/example_python_operator.py took 0.327 seconds
[2025-12-01T20:24:09.099+0300] {processor.py:153} INFO - Started process (PID=921591) to work on /home/pker/airflow_env/lib/python3.7/site-packages/airflow/example_dags/example_python_operator.py
[2025-12-01T20:24:09.122+0300] {processor.py:743} INFO - Processing file /home/pker/airflow_env/lib/python3.7/site-packages/airflow/example_dags/example_python_operator.py for tasks to queue
[2025-12-01T20:24:09.125+0300] {logging_mixin.py:137} INFO - [2025-12-01T20:24:09.125+0300] {dagbag.py:532} INFO - Filling up the DagBag from /home/pker/airflow_env/lib/python3.7/site-packages/airflow/example_dags/example_python_operator.py
[2025-12-01T20:24:09.189+0300] {logging_mixin.py:137} INFO - [2025-12-01T20:24:09.189+0300] {taskmixin.py:211} WARNING - Dependency <Task(_PythonDecoratedOperator): print_the_context>, log_sql_query already registered for DAG: example_python_operator
[2025-12-01T20:24:09.190+0300] {logging_mixin.py:137} INFO - [2025-12-01T20:24:09.190+0300] {taskmixin.py:211} WARNING - Dependency <Task(_PythonDecoratedOperator): log_sql_query>, print_the_context already registered for DAG: example_python_operator
[2025-12-01T20:24:09.191+0300] {logging_mixin.py:137} INFO - [2025-12-01T20:24:09.190+0300] {taskmixin.py:211} WARNING - Dependency <Task(_PythonDecoratedOperator): print_the_context>, log_sql_query already registered for DAG: example_python_operator
[2025-12-01T20:24:09.191+0300] {logging_mixin.py:137} INFO - [2025-12-01T20:24:09.191+0300] {taskmixin.py:211} WARNING - Dependency <Task(_PythonDecoratedOperator): log_sql_query>, print_the_context already registered for DAG: example_python_operator
[2025-12-01T20:24:09.192+0300] {logging_mixin.py:137} INFO - [2025-12-01T20:24:09.192+0300] {taskmixin.py:211} WARNING - Dependency <Task(_PythonDecoratedOperator): print_the_context>, log_sql_query already registered for DAG: example_python_operator
[2025-12-01T20:24:09.192+0300] {logging_mixin.py:137} INFO - [2025-12-01T20:24:09.192+0300] {taskmixin.py:211} WARNING - Dependency <Task(_PythonDecoratedOperator): log_sql_query>, print_the_context already registered for DAG: example_python_operator
[2025-12-01T20:24:09.193+0300] {logging_mixin.py:137} INFO - [2025-12-01T20:24:09.193+0300] {taskmixin.py:211} WARNING - Dependency <Task(_PythonDecoratedOperator): print_the_context>, log_sql_query already registered for DAG: example_python_operator
[2025-12-01T20:24:09.193+0300] {logging_mixin.py:137} INFO - [2025-12-01T20:24:09.193+0300] {taskmixin.py:211} WARNING - Dependency <Task(_PythonDecoratedOperator): log_sql_query>, print_the_context already registered for DAG: example_python_operator
[2025-12-01T20:24:09.435+0300] {logging_mixin.py:137} INFO - [2025-12-01T20:24:09.435+0300] {example_python_operator.py:90} WARNING - The virtalenv_python example task requires virtualenv, please install it.
[2025-12-01T20:24:09.443+0300] {processor.py:753} INFO - DAG(s) dict_keys(['example_python_operator']) retrieved from /home/pker/airflow_env/lib/python3.7/site-packages/airflow/example_dags/example_python_operator.py
[2025-12-01T20:24:09.470+0300] {logging_mixin.py:137} INFO - [2025-12-01T20:24:09.469+0300] {dag.py:2705} INFO - Sync 1 DAGs
[2025-12-01T20:24:09.497+0300] {logging_mixin.py:137} INFO - [2025-12-01T20:24:09.497+0300] {dag.py:3456} INFO - Setting next_dagrun for example_python_operator to None, run_after=None
[2025-12-01T20:24:09.547+0300] {processor.py:175} INFO - Processing /home/pker/airflow_env/lib/python3.7/site-packages/airflow/example_dags/example_python_operator.py took 0.453 seconds
[2025-12-01T20:25:01.862+0300] {processor.py:153} INFO - Started process (PID=921780) to work on /home/pker/airflow_env/lib/python3.7/site-packages/airflow/example_dags/example_python_operator.py
[2025-12-01T20:25:01.883+0300] {processor.py:743} INFO - Processing file /home/pker/airflow_env/lib/python3.7/site-packages/airflow/example_dags/example_python_operator.py for tasks to queue
[2025-12-01T20:25:01.884+0300] {logging_mixin.py:137} INFO - [2025-12-01T20:25:01.884+0300] {dagbag.py:532} INFO - Filling up the DagBag from /home/pker/airflow_env/lib/python3.7/site-packages/airflow/example_dags/example_python_operator.py
[2025-12-01T20:25:01.914+0300] {logging_mixin.py:137} INFO - [2025-12-01T20:25:01.914+0300] {taskmixin.py:211} WARNING - Dependency <Task(_PythonDecoratedOperator): print_the_context>, log_sql_query already registered for DAG: example_python_operator
[2025-12-01T20:25:01.914+0300] {logging_mixin.py:137} INFO - [2025-12-01T20:25:01.914+0300] {taskmixin.py:211} WARNING - Dependency <Task(_PythonDecoratedOperator): log_sql_query>, print_the_context already registered for DAG: example_python_operator
[2025-12-01T20:25:01.915+0300] {logging_mixin.py:137} INFO - [2025-12-01T20:25:01.915+0300] {taskmixin.py:211} WARNING - Dependency <Task(_PythonDecoratedOperator): print_the_context>, log_sql_query already registered for DAG: example_python_operator
[2025-12-01T20:25:01.915+0300] {logging_mixin.py:137} INFO - [2025-12-01T20:25:01.915+0300] {taskmixin.py:211} WARNING - Dependency <Task(_PythonDecoratedOperator): log_sql_query>, print_the_context already registered for DAG: example_python_operator
[2025-12-01T20:25:01.916+0300] {logging_mixin.py:137} INFO - [2025-12-01T20:25:01.916+0300] {taskmixin.py:211} WARNING - Dependency <Task(_PythonDecoratedOperator): print_the_context>, log_sql_query already registered for DAG: example_python_operator
[2025-12-01T20:25:01.916+0300] {logging_mixin.py:137} INFO - [2025-12-01T20:25:01.916+0300] {taskmixin.py:211} WARNING - Dependency <Task(_PythonDecoratedOperator): log_sql_query>, print_the_context already registered for DAG: example_python_operator
[2025-12-01T20:25:01.917+0300] {logging_mixin.py:137} INFO - [2025-12-01T20:25:01.916+0300] {taskmixin.py:211} WARNING - Dependency <Task(_PythonDecoratedOperator): print_the_context>, log_sql_query already registered for DAG: example_python_operator
[2025-12-01T20:25:01.917+0300] {logging_mixin.py:137} INFO - [2025-12-01T20:25:01.917+0300] {taskmixin.py:211} WARNING - Dependency <Task(_PythonDecoratedOperator): log_sql_query>, print_the_context already registered for DAG: example_python_operator
[2025-12-01T20:25:02.073+0300] {logging_mixin.py:137} INFO - [2025-12-01T20:25:02.073+0300] {example_python_operator.py:90} WARNING - The virtalenv_python example task requires virtualenv, please install it.
[2025-12-01T20:25:02.082+0300] {processor.py:753} INFO - DAG(s) dict_keys(['example_python_operator']) retrieved from /home/pker/airflow_env/lib/python3.7/site-packages/airflow/example_dags/example_python_operator.py
[2025-12-01T20:25:02.126+0300] {logging_mixin.py:137} INFO - [2025-12-01T20:25:02.125+0300] {dag.py:2705} INFO - Sync 1 DAGs
[2025-12-01T20:25:02.167+0300] {logging_mixin.py:137} INFO - [2025-12-01T20:25:02.167+0300] {dag.py:3456} INFO - Setting next_dagrun for example_python_operator to None, run_after=None
[2025-12-01T20:25:02.198+0300] {processor.py:175} INFO - Processing /home/pker/airflow_env/lib/python3.7/site-packages/airflow/example_dags/example_python_operator.py took 0.341 seconds
[2025-12-01T20:25:48.531+0300] {processor.py:153} INFO - Started process (PID=921945) to work on /home/pker/airflow_env/lib/python3.7/site-packages/airflow/example_dags/example_python_operator.py
[2025-12-01T20:25:48.552+0300] {processor.py:743} INFO - Processing file /home/pker/airflow_env/lib/python3.7/site-packages/airflow/example_dags/example_python_operator.py for tasks to queue
[2025-12-01T20:25:48.554+0300] {logging_mixin.py:137} INFO - [2025-12-01T20:25:48.553+0300] {dagbag.py:532} INFO - Filling up the DagBag from /home/pker/airflow_env/lib/python3.7/site-packages/airflow/example_dags/example_python_operator.py
[2025-12-01T20:25:48.590+0300] {logging_mixin.py:137} INFO - [2025-12-01T20:25:48.589+0300] {taskmixin.py:211} WARNING - Dependency <Task(_PythonDecoratedOperator): print_the_context>, log_sql_query already registered for DAG: example_python_operator
[2025-12-01T20:25:48.590+0300] {logging_mixin.py:137} INFO - [2025-12-01T20:25:48.590+0300] {taskmixin.py:211} WARNING - Dependency <Task(_PythonDecoratedOperator): log_sql_query>, print_the_context already registered for DAG: example_python_operator
[2025-12-01T20:25:48.591+0300] {logging_mixin.py:137} INFO - [2025-12-01T20:25:48.591+0300] {taskmixin.py:211} WARNING - Dependency <Task(_PythonDecoratedOperator): print_the_context>, log_sql_query already registered for DAG: example_python_operator
[2025-12-01T20:25:48.591+0300] {logging_mixin.py:137} INFO - [2025-12-01T20:25:48.591+0300] {taskmixin.py:211} WARNING - Dependency <Task(_PythonDecoratedOperator): log_sql_query>, print_the_context already registered for DAG: example_python_operator
[2025-12-01T20:25:48.592+0300] {logging_mixin.py:137} INFO - [2025-12-01T20:25:48.592+0300] {taskmixin.py:211} WARNING - Dependency <Task(_PythonDecoratedOperator): print_the_context>, log_sql_query already registered for DAG: example_python_operator
[2025-12-01T20:25:48.593+0300] {logging_mixin.py:137} INFO - [2025-12-01T20:25:48.593+0300] {taskmixin.py:211} WARNING - Dependency <Task(_PythonDecoratedOperator): log_sql_query>, print_the_context already registered for DAG: example_python_operator
[2025-12-01T20:25:48.594+0300] {logging_mixin.py:137} INFO - [2025-12-01T20:25:48.594+0300] {taskmixin.py:211} WARNING - Dependency <Task(_PythonDecoratedOperator): print_the_context>, log_sql_query already registered for DAG: example_python_operator
[2025-12-01T20:25:48.594+0300] {logging_mixin.py:137} INFO - [2025-12-01T20:25:48.594+0300] {taskmixin.py:211} WARNING - Dependency <Task(_PythonDecoratedOperator): log_sql_query>, print_the_context already registered for DAG: example_python_operator
[2025-12-01T20:25:48.825+0300] {logging_mixin.py:137} INFO - [2025-12-01T20:25:48.825+0300] {example_python_operator.py:90} WARNING - The virtalenv_python example task requires virtualenv, please install it.
[2025-12-01T20:25:48.833+0300] {processor.py:753} INFO - DAG(s) dict_keys(['example_python_operator']) retrieved from /home/pker/airflow_env/lib/python3.7/site-packages/airflow/example_dags/example_python_operator.py
[2025-12-01T20:25:48.863+0300] {logging_mixin.py:137} INFO - [2025-12-01T20:25:48.863+0300] {dag.py:2705} INFO - Sync 1 DAGs
[2025-12-01T20:25:48.892+0300] {logging_mixin.py:137} INFO - [2025-12-01T20:25:48.892+0300] {dag.py:3456} INFO - Setting next_dagrun for example_python_operator to None, run_after=None
[2025-12-01T20:25:48.948+0300] {processor.py:175} INFO - Processing /home/pker/airflow_env/lib/python3.7/site-packages/airflow/example_dags/example_python_operator.py took 0.422 seconds
[2025-12-01T20:26:34.768+0300] {processor.py:153} INFO - Started process (PID=922116) to work on /home/pker/airflow_env/lib/python3.7/site-packages/airflow/example_dags/example_python_operator.py
[2025-12-01T20:26:34.791+0300] {processor.py:743} INFO - Processing file /home/pker/airflow_env/lib/python3.7/site-packages/airflow/example_dags/example_python_operator.py for tasks to queue
[2025-12-01T20:26:34.793+0300] {logging_mixin.py:137} INFO - [2025-12-01T20:26:34.792+0300] {dagbag.py:532} INFO - Filling up the DagBag from /home/pker/airflow_env/lib/python3.7/site-packages/airflow/example_dags/example_python_operator.py
[2025-12-01T20:26:34.829+0300] {logging_mixin.py:137} INFO - [2025-12-01T20:26:34.829+0300] {taskmixin.py:211} WARNING - Dependency <Task(_PythonDecoratedOperator): print_the_context>, log_sql_query already registered for DAG: example_python_operator
[2025-12-01T20:26:34.830+0300] {logging_mixin.py:137} INFO - [2025-12-01T20:26:34.830+0300] {taskmixin.py:211} WARNING - Dependency <Task(_PythonDecoratedOperator): log_sql_query>, print_the_context already registered for DAG: example_python_operator
[2025-12-01T20:26:34.831+0300] {logging_mixin.py:137} INFO - [2025-12-01T20:26:34.831+0300] {taskmixin.py:211} WARNING - Dependency <Task(_PythonDecoratedOperator): print_the_context>, log_sql_query already registered for DAG: example_python_operator
[2025-12-01T20:26:34.831+0300] {logging_mixin.py:137} INFO - [2025-12-01T20:26:34.831+0300] {taskmixin.py:211} WARNING - Dependency <Task(_PythonDecoratedOperator): log_sql_query>, print_the_context already registered for DAG: example_python_operator
[2025-12-01T20:26:34.832+0300] {logging_mixin.py:137} INFO - [2025-12-01T20:26:34.832+0300] {taskmixin.py:211} WARNING - Dependency <Task(_PythonDecoratedOperator): print_the_context>, log_sql_query already registered for DAG: example_python_operator
[2025-12-01T20:26:34.833+0300] {logging_mixin.py:137} INFO - [2025-12-01T20:26:34.832+0300] {taskmixin.py:211} WARNING - Dependency <Task(_PythonDecoratedOperator): log_sql_query>, print_the_context already registered for DAG: example_python_operator
[2025-12-01T20:26:34.833+0300] {logging_mixin.py:137} INFO - [2025-12-01T20:26:34.833+0300] {taskmixin.py:211} WARNING - Dependency <Task(_PythonDecoratedOperator): print_the_context>, log_sql_query already registered for DAG: example_python_operator
[2025-12-01T20:26:34.834+0300] {logging_mixin.py:137} INFO - [2025-12-01T20:26:34.834+0300] {taskmixin.py:211} WARNING - Dependency <Task(_PythonDecoratedOperator): log_sql_query>, print_the_context already registered for DAG: example_python_operator
[2025-12-01T20:26:35.027+0300] {logging_mixin.py:137} INFO - [2025-12-01T20:26:35.027+0300] {example_python_operator.py:90} WARNING - The virtalenv_python example task requires virtualenv, please install it.
[2025-12-01T20:26:35.033+0300] {processor.py:753} INFO - DAG(s) dict_keys(['example_python_operator']) retrieved from /home/pker/airflow_env/lib/python3.7/site-packages/airflow/example_dags/example_python_operator.py
[2025-12-01T20:26:35.060+0300] {logging_mixin.py:137} INFO - [2025-12-01T20:26:35.060+0300] {dag.py:2705} INFO - Sync 1 DAGs
[2025-12-01T20:26:35.085+0300] {logging_mixin.py:137} INFO - [2025-12-01T20:26:35.085+0300] {dag.py:3456} INFO - Setting next_dagrun for example_python_operator to None, run_after=None
[2025-12-01T20:26:35.134+0300] {processor.py:175} INFO - Processing /home/pker/airflow_env/lib/python3.7/site-packages/airflow/example_dags/example_python_operator.py took 0.371 seconds
[2025-12-01T20:27:24.780+0300] {processor.py:153} INFO - Started process (PID=922288) to work on /home/pker/airflow_env/lib/python3.7/site-packages/airflow/example_dags/example_python_operator.py
[2025-12-01T20:27:24.784+0300] {processor.py:743} INFO - Processing file /home/pker/airflow_env/lib/python3.7/site-packages/airflow/example_dags/example_python_operator.py for tasks to queue
[2025-12-01T20:27:24.786+0300] {logging_mixin.py:137} INFO - [2025-12-01T20:27:24.786+0300] {dagbag.py:532} INFO - Filling up the DagBag from /home/pker/airflow_env/lib/python3.7/site-packages/airflow/example_dags/example_python_operator.py
[2025-12-01T20:27:24.817+0300] {logging_mixin.py:137} INFO - [2025-12-01T20:27:24.817+0300] {taskmixin.py:211} WARNING - Dependency <Task(_PythonDecoratedOperator): print_the_context>, log_sql_query already registered for DAG: example_python_operator
[2025-12-01T20:27:24.818+0300] {logging_mixin.py:137} INFO - [2025-12-01T20:27:24.818+0300] {taskmixin.py:211} WARNING - Dependency <Task(_PythonDecoratedOperator): log_sql_query>, print_the_context already registered for DAG: example_python_operator
[2025-12-01T20:27:24.819+0300] {logging_mixin.py:137} INFO - [2025-12-01T20:27:24.818+0300] {taskmixin.py:211} WARNING - Dependency <Task(_PythonDecoratedOperator): print_the_context>, log_sql_query already registered for DAG: example_python_operator
[2025-12-01T20:27:24.819+0300] {logging_mixin.py:137} INFO - [2025-12-01T20:27:24.819+0300] {taskmixin.py:211} WARNING - Dependency <Task(_PythonDecoratedOperator): log_sql_query>, print_the_context already registered for DAG: example_python_operator
[2025-12-01T20:27:24.820+0300] {logging_mixin.py:137} INFO - [2025-12-01T20:27:24.820+0300] {taskmixin.py:211} WARNING - Dependency <Task(_PythonDecoratedOperator): print_the_context>, log_sql_query already registered for DAG: example_python_operator
[2025-12-01T20:27:24.820+0300] {logging_mixin.py:137} INFO - [2025-12-01T20:27:24.820+0300] {taskmixin.py:211} WARNING - Dependency <Task(_PythonDecoratedOperator): log_sql_query>, print_the_context already registered for DAG: example_python_operator
[2025-12-01T20:27:24.822+0300] {logging_mixin.py:137} INFO - [2025-12-01T20:27:24.821+0300] {taskmixin.py:211} WARNING - Dependency <Task(_PythonDecoratedOperator): print_the_context>, log_sql_query already registered for DAG: example_python_operator
[2025-12-01T20:27:24.822+0300] {logging_mixin.py:137} INFO - [2025-12-01T20:27:24.822+0300] {taskmixin.py:211} WARNING - Dependency <Task(_PythonDecoratedOperator): log_sql_query>, print_the_context already registered for DAG: example_python_operator
[2025-12-01T20:27:25.009+0300] {logging_mixin.py:137} INFO - [2025-12-01T20:27:25.009+0300] {example_python_operator.py:90} WARNING - The virtalenv_python example task requires virtualenv, please install it.
[2025-12-01T20:27:25.015+0300] {processor.py:753} INFO - DAG(s) dict_keys(['example_python_operator']) retrieved from /home/pker/airflow_env/lib/python3.7/site-packages/airflow/example_dags/example_python_operator.py
[2025-12-01T20:27:25.049+0300] {logging_mixin.py:137} INFO - [2025-12-01T20:27:25.049+0300] {dag.py:2705} INFO - Sync 1 DAGs
[2025-12-01T20:27:25.079+0300] {logging_mixin.py:137} INFO - [2025-12-01T20:27:25.079+0300] {dag.py:3456} INFO - Setting next_dagrun for example_python_operator to None, run_after=None
[2025-12-01T20:27:25.110+0300] {processor.py:175} INFO - Processing /home/pker/airflow_env/lib/python3.7/site-packages/airflow/example_dags/example_python_operator.py took 0.335 seconds
[2025-12-01T20:28:11.362+0300] {processor.py:153} INFO - Started process (PID=922463) to work on /home/pker/airflow_env/lib/python3.7/site-packages/airflow/example_dags/example_python_operator.py
[2025-12-01T20:28:11.384+0300] {processor.py:743} INFO - Processing file /home/pker/airflow_env/lib/python3.7/site-packages/airflow/example_dags/example_python_operator.py for tasks to queue
[2025-12-01T20:28:11.387+0300] {logging_mixin.py:137} INFO - [2025-12-01T20:28:11.386+0300] {dagbag.py:532} INFO - Filling up the DagBag from /home/pker/airflow_env/lib/python3.7/site-packages/airflow/example_dags/example_python_operator.py
[2025-12-01T20:28:11.414+0300] {logging_mixin.py:137} INFO - [2025-12-01T20:28:11.414+0300] {taskmixin.py:211} WARNING - Dependency <Task(_PythonDecoratedOperator): print_the_context>, log_sql_query already registered for DAG: example_python_operator
[2025-12-01T20:28:11.414+0300] {logging_mixin.py:137} INFO - [2025-12-01T20:28:11.414+0300] {taskmixin.py:211} WARNING - Dependency <Task(_PythonDecoratedOperator): log_sql_query>, print_the_context already registered for DAG: example_python_operator
[2025-12-01T20:28:11.415+0300] {logging_mixin.py:137} INFO - [2025-12-01T20:28:11.415+0300] {taskmixin.py:211} WARNING - Dependency <Task(_PythonDecoratedOperator): print_the_context>, log_sql_query already registered for DAG: example_python_operator
[2025-12-01T20:28:11.415+0300] {logging_mixin.py:137} INFO - [2025-12-01T20:28:11.415+0300] {taskmixin.py:211} WARNING - Dependency <Task(_PythonDecoratedOperator): log_sql_query>, print_the_context already registered for DAG: example_python_operator
[2025-12-01T20:28:11.416+0300] {logging_mixin.py:137} INFO - [2025-12-01T20:28:11.416+0300] {taskmixin.py:211} WARNING - Dependency <Task(_PythonDecoratedOperator): print_the_context>, log_sql_query already registered for DAG: example_python_operator
[2025-12-01T20:28:11.416+0300] {logging_mixin.py:137} INFO - [2025-12-01T20:28:11.416+0300] {taskmixin.py:211} WARNING - Dependency <Task(_PythonDecoratedOperator): log_sql_query>, print_the_context already registered for DAG: example_python_operator
[2025-12-01T20:28:11.417+0300] {logging_mixin.py:137} INFO - [2025-12-01T20:28:11.417+0300] {taskmixin.py:211} WARNING - Dependency <Task(_PythonDecoratedOperator): print_the_context>, log_sql_query already registered for DAG: example_python_operator
[2025-12-01T20:28:11.417+0300] {logging_mixin.py:137} INFO - [2025-12-01T20:28:11.417+0300] {taskmixin.py:211} WARNING - Dependency <Task(_PythonDecoratedOperator): log_sql_query>, print_the_context already registered for DAG: example_python_operator
[2025-12-01T20:28:11.570+0300] {logging_mixin.py:137} INFO - [2025-12-01T20:28:11.570+0300] {example_python_operator.py:90} WARNING - The virtalenv_python example task requires virtualenv, please install it.
[2025-12-01T20:28:11.577+0300] {processor.py:753} INFO - DAG(s) dict_keys(['example_python_operator']) retrieved from /home/pker/airflow_env/lib/python3.7/site-packages/airflow/example_dags/example_python_operator.py
[2025-12-01T20:28:11.603+0300] {logging_mixin.py:137} INFO - [2025-12-01T20:28:11.603+0300] {dag.py:2705} INFO - Sync 1 DAGs
[2025-12-01T20:28:11.628+0300] {logging_mixin.py:137} INFO - [2025-12-01T20:28:11.628+0300] {dag.py:3456} INFO - Setting next_dagrun for example_python_operator to None, run_after=None
[2025-12-01T20:28:11.679+0300] {processor.py:175} INFO - Processing /home/pker/airflow_env/lib/python3.7/site-packages/airflow/example_dags/example_python_operator.py took 0.321 seconds
[2025-12-01T20:28:55.878+0300] {processor.py:153} INFO - Started process (PID=922645) to work on /home/pker/airflow_env/lib/python3.7/site-packages/airflow/example_dags/example_python_operator.py
[2025-12-01T20:28:55.901+0300] {processor.py:743} INFO - Processing file /home/pker/airflow_env/lib/python3.7/site-packages/airflow/example_dags/example_python_operator.py for tasks to queue
[2025-12-01T20:28:55.903+0300] {logging_mixin.py:137} INFO - [2025-12-01T20:28:55.903+0300] {dagbag.py:532} INFO - Filling up the DagBag from /home/pker/airflow_env/lib/python3.7/site-packages/airflow/example_dags/example_python_operator.py
[2025-12-01T20:28:55.934+0300] {logging_mixin.py:137} INFO - [2025-12-01T20:28:55.933+0300] {taskmixin.py:211} WARNING - Dependency <Task(_PythonDecoratedOperator): print_the_context>, log_sql_query already registered for DAG: example_python_operator
[2025-12-01T20:28:55.934+0300] {logging_mixin.py:137} INFO - [2025-12-01T20:28:55.934+0300] {taskmixin.py:211} WARNING - Dependency <Task(_PythonDecoratedOperator): log_sql_query>, print_the_context already registered for DAG: example_python_operator
[2025-12-01T20:28:55.935+0300] {logging_mixin.py:137} INFO - [2025-12-01T20:28:55.935+0300] {taskmixin.py:211} WARNING - Dependency <Task(_PythonDecoratedOperator): print_the_context>, log_sql_query already registered for DAG: example_python_operator
[2025-12-01T20:28:55.936+0300] {logging_mixin.py:137} INFO - [2025-12-01T20:28:55.936+0300] {taskmixin.py:211} WARNING - Dependency <Task(_PythonDecoratedOperator): log_sql_query>, print_the_context already registered for DAG: example_python_operator
[2025-12-01T20:28:55.937+0300] {logging_mixin.py:137} INFO - [2025-12-01T20:28:55.937+0300] {taskmixin.py:211} WARNING - Dependency <Task(_PythonDecoratedOperator): print_the_context>, log_sql_query already registered for DAG: example_python_operator
[2025-12-01T20:28:55.937+0300] {logging_mixin.py:137} INFO - [2025-12-01T20:28:55.937+0300] {taskmixin.py:211} WARNING - Dependency <Task(_PythonDecoratedOperator): log_sql_query>, print_the_context already registered for DAG: example_python_operator
[2025-12-01T20:28:55.938+0300] {logging_mixin.py:137} INFO - [2025-12-01T20:28:55.938+0300] {taskmixin.py:211} WARNING - Dependency <Task(_PythonDecoratedOperator): print_the_context>, log_sql_query already registered for DAG: example_python_operator
[2025-12-01T20:28:55.938+0300] {logging_mixin.py:137} INFO - [2025-12-01T20:28:55.938+0300] {taskmixin.py:211} WARNING - Dependency <Task(_PythonDecoratedOperator): log_sql_query>, print_the_context already registered for DAG: example_python_operator
[2025-12-01T20:28:56.073+0300] {logging_mixin.py:137} INFO - [2025-12-01T20:28:56.072+0300] {example_python_operator.py:90} WARNING - The virtalenv_python example task requires virtualenv, please install it.
[2025-12-01T20:28:56.081+0300] {processor.py:753} INFO - DAG(s) dict_keys(['example_python_operator']) retrieved from /home/pker/airflow_env/lib/python3.7/site-packages/airflow/example_dags/example_python_operator.py
[2025-12-01T20:28:56.110+0300] {logging_mixin.py:137} INFO - [2025-12-01T20:28:56.109+0300] {dag.py:2705} INFO - Sync 1 DAGs
[2025-12-01T20:28:56.136+0300] {logging_mixin.py:137} INFO - [2025-12-01T20:28:56.136+0300] {dag.py:3456} INFO - Setting next_dagrun for example_python_operator to None, run_after=None
[2025-12-01T20:28:56.182+0300] {processor.py:175} INFO - Processing /home/pker/airflow_env/lib/python3.7/site-packages/airflow/example_dags/example_python_operator.py took 0.311 seconds
[2025-12-01T20:29:43.437+0300] {processor.py:153} INFO - Started process (PID=922816) to work on /home/pker/airflow_env/lib/python3.7/site-packages/airflow/example_dags/example_python_operator.py
[2025-12-01T20:29:43.460+0300] {processor.py:743} INFO - Processing file /home/pker/airflow_env/lib/python3.7/site-packages/airflow/example_dags/example_python_operator.py for tasks to queue
[2025-12-01T20:29:43.462+0300] {logging_mixin.py:137} INFO - [2025-12-01T20:29:43.462+0300] {dagbag.py:532} INFO - Filling up the DagBag from /home/pker/airflow_env/lib/python3.7/site-packages/airflow/example_dags/example_python_operator.py
[2025-12-01T20:29:43.494+0300] {logging_mixin.py:137} INFO - [2025-12-01T20:29:43.494+0300] {taskmixin.py:211} WARNING - Dependency <Task(_PythonDecoratedOperator): print_the_context>, log_sql_query already registered for DAG: example_python_operator
[2025-12-01T20:29:43.494+0300] {logging_mixin.py:137} INFO - [2025-12-01T20:29:43.494+0300] {taskmixin.py:211} WARNING - Dependency <Task(_PythonDecoratedOperator): log_sql_query>, print_the_context already registered for DAG: example_python_operator
[2025-12-01T20:29:43.495+0300] {logging_mixin.py:137} INFO - [2025-12-01T20:29:43.495+0300] {taskmixin.py:211} WARNING - Dependency <Task(_PythonDecoratedOperator): print_the_context>, log_sql_query already registered for DAG: example_python_operator
[2025-12-01T20:29:43.495+0300] {logging_mixin.py:137} INFO - [2025-12-01T20:29:43.495+0300] {taskmixin.py:211} WARNING - Dependency <Task(_PythonDecoratedOperator): log_sql_query>, print_the_context already registered for DAG: example_python_operator
[2025-12-01T20:29:43.496+0300] {logging_mixin.py:137} INFO - [2025-12-01T20:29:43.496+0300] {taskmixin.py:211} WARNING - Dependency <Task(_PythonDecoratedOperator): print_the_context>, log_sql_query already registered for DAG: example_python_operator
[2025-12-01T20:29:43.497+0300] {logging_mixin.py:137} INFO - [2025-12-01T20:29:43.497+0300] {taskmixin.py:211} WARNING - Dependency <Task(_PythonDecoratedOperator): log_sql_query>, print_the_context already registered for DAG: example_python_operator
[2025-12-01T20:29:43.498+0300] {logging_mixin.py:137} INFO - [2025-12-01T20:29:43.497+0300] {taskmixin.py:211} WARNING - Dependency <Task(_PythonDecoratedOperator): print_the_context>, log_sql_query already registered for DAG: example_python_operator
[2025-12-01T20:29:43.498+0300] {logging_mixin.py:137} INFO - [2025-12-01T20:29:43.498+0300] {taskmixin.py:211} WARNING - Dependency <Task(_PythonDecoratedOperator): log_sql_query>, print_the_context already registered for DAG: example_python_operator
[2025-12-01T20:29:43.636+0300] {logging_mixin.py:137} INFO - [2025-12-01T20:29:43.636+0300] {example_python_operator.py:90} WARNING - The virtalenv_python example task requires virtualenv, please install it.
[2025-12-01T20:29:43.647+0300] {processor.py:753} INFO - DAG(s) dict_keys(['example_python_operator']) retrieved from /home/pker/airflow_env/lib/python3.7/site-packages/airflow/example_dags/example_python_operator.py
[2025-12-01T20:29:43.687+0300] {logging_mixin.py:137} INFO - [2025-12-01T20:29:43.686+0300] {dag.py:2705} INFO - Sync 1 DAGs
[2025-12-01T20:29:43.719+0300] {logging_mixin.py:137} INFO - [2025-12-01T20:29:43.719+0300] {dag.py:3456} INFO - Setting next_dagrun for example_python_operator to None, run_after=None
[2025-12-01T20:29:43.774+0300] {processor.py:175} INFO - Processing /home/pker/airflow_env/lib/python3.7/site-packages/airflow/example_dags/example_python_operator.py took 0.343 seconds
[2025-12-01T20:30:34.854+0300] {processor.py:153} INFO - Started process (PID=922999) to work on /home/pker/airflow_env/lib/python3.7/site-packages/airflow/example_dags/example_python_operator.py
[2025-12-01T20:30:34.877+0300] {processor.py:743} INFO - Processing file /home/pker/airflow_env/lib/python3.7/site-packages/airflow/example_dags/example_python_operator.py for tasks to queue
[2025-12-01T20:30:34.879+0300] {logging_mixin.py:137} INFO - [2025-12-01T20:30:34.879+0300] {dagbag.py:532} INFO - Filling up the DagBag from /home/pker/airflow_env/lib/python3.7/site-packages/airflow/example_dags/example_python_operator.py
[2025-12-01T20:30:34.910+0300] {logging_mixin.py:137} INFO - [2025-12-01T20:30:34.910+0300] {taskmixin.py:211} WARNING - Dependency <Task(_PythonDecoratedOperator): print_the_context>, log_sql_query already registered for DAG: example_python_operator
[2025-12-01T20:30:34.911+0300] {logging_mixin.py:137} INFO - [2025-12-01T20:30:34.911+0300] {taskmixin.py:211} WARNING - Dependency <Task(_PythonDecoratedOperator): log_sql_query>, print_the_context already registered for DAG: example_python_operator
[2025-12-01T20:30:34.912+0300] {logging_mixin.py:137} INFO - [2025-12-01T20:30:34.912+0300] {taskmixin.py:211} WARNING - Dependency <Task(_PythonDecoratedOperator): print_the_context>, log_sql_query already registered for DAG: example_python_operator
[2025-12-01T20:30:34.913+0300] {logging_mixin.py:137} INFO - [2025-12-01T20:30:34.913+0300] {taskmixin.py:211} WARNING - Dependency <Task(_PythonDecoratedOperator): log_sql_query>, print_the_context already registered for DAG: example_python_operator
[2025-12-01T20:30:34.914+0300] {logging_mixin.py:137} INFO - [2025-12-01T20:30:34.914+0300] {taskmixin.py:211} WARNING - Dependency <Task(_PythonDecoratedOperator): print_the_context>, log_sql_query already registered for DAG: example_python_operator
[2025-12-01T20:30:34.914+0300] {logging_mixin.py:137} INFO - [2025-12-01T20:30:34.914+0300] {taskmixin.py:211} WARNING - Dependency <Task(_PythonDecoratedOperator): log_sql_query>, print_the_context already registered for DAG: example_python_operator
[2025-12-01T20:30:34.915+0300] {logging_mixin.py:137} INFO - [2025-12-01T20:30:34.915+0300] {taskmixin.py:211} WARNING - Dependency <Task(_PythonDecoratedOperator): print_the_context>, log_sql_query already registered for DAG: example_python_operator
[2025-12-01T20:30:34.916+0300] {logging_mixin.py:137} INFO - [2025-12-01T20:30:34.915+0300] {taskmixin.py:211} WARNING - Dependency <Task(_PythonDecoratedOperator): log_sql_query>, print_the_context already registered for DAG: example_python_operator
[2025-12-01T20:30:35.139+0300] {logging_mixin.py:137} INFO - [2025-12-01T20:30:35.139+0300] {example_python_operator.py:90} WARNING - The virtalenv_python example task requires virtualenv, please install it.
[2025-12-01T20:30:35.146+0300] {processor.py:753} INFO - DAG(s) dict_keys(['example_python_operator']) retrieved from /home/pker/airflow_env/lib/python3.7/site-packages/airflow/example_dags/example_python_operator.py
[2025-12-01T20:30:35.171+0300] {logging_mixin.py:137} INFO - [2025-12-01T20:30:35.171+0300] {dag.py:2705} INFO - Sync 1 DAGs
[2025-12-01T20:30:35.201+0300] {logging_mixin.py:137} INFO - [2025-12-01T20:30:35.201+0300] {dag.py:3456} INFO - Setting next_dagrun for example_python_operator to None, run_after=None
[2025-12-01T20:30:35.259+0300] {processor.py:175} INFO - Processing /home/pker/airflow_env/lib/python3.7/site-packages/airflow/example_dags/example_python_operator.py took 0.412 seconds
[2025-12-01T20:31:26.272+0300] {processor.py:153} INFO - Started process (PID=923177) to work on /home/pker/airflow_env/lib/python3.7/site-packages/airflow/example_dags/example_python_operator.py
[2025-12-01T20:31:26.295+0300] {processor.py:743} INFO - Processing file /home/pker/airflow_env/lib/python3.7/site-packages/airflow/example_dags/example_python_operator.py for tasks to queue
[2025-12-01T20:31:26.298+0300] {logging_mixin.py:137} INFO - [2025-12-01T20:31:26.297+0300] {dagbag.py:532} INFO - Filling up the DagBag from /home/pker/airflow_env/lib/python3.7/site-packages/airflow/example_dags/example_python_operator.py
[2025-12-01T20:31:26.341+0300] {logging_mixin.py:137} INFO - [2025-12-01T20:31:26.340+0300] {taskmixin.py:211} WARNING - Dependency <Task(_PythonDecoratedOperator): print_the_context>, log_sql_query already registered for DAG: example_python_operator
[2025-12-01T20:31:26.341+0300] {logging_mixin.py:137} INFO - [2025-12-01T20:31:26.341+0300] {taskmixin.py:211} WARNING - Dependency <Task(_PythonDecoratedOperator): log_sql_query>, print_the_context already registered for DAG: example_python_operator
[2025-12-01T20:31:26.343+0300] {logging_mixin.py:137} INFO - [2025-12-01T20:31:26.343+0300] {taskmixin.py:211} WARNING - Dependency <Task(_PythonDecoratedOperator): print_the_context>, log_sql_query already registered for DAG: example_python_operator
[2025-12-01T20:31:26.344+0300] {logging_mixin.py:137} INFO - [2025-12-01T20:31:26.344+0300] {taskmixin.py:211} WARNING - Dependency <Task(_PythonDecoratedOperator): log_sql_query>, print_the_context already registered for DAG: example_python_operator
[2025-12-01T20:31:26.346+0300] {logging_mixin.py:137} INFO - [2025-12-01T20:31:26.345+0300] {taskmixin.py:211} WARNING - Dependency <Task(_PythonDecoratedOperator): print_the_context>, log_sql_query already registered for DAG: example_python_operator
[2025-12-01T20:31:26.346+0300] {logging_mixin.py:137} INFO - [2025-12-01T20:31:26.346+0300] {taskmixin.py:211} WARNING - Dependency <Task(_PythonDecoratedOperator): log_sql_query>, print_the_context already registered for DAG: example_python_operator
[2025-12-01T20:31:26.347+0300] {logging_mixin.py:137} INFO - [2025-12-01T20:31:26.347+0300] {taskmixin.py:211} WARNING - Dependency <Task(_PythonDecoratedOperator): print_the_context>, log_sql_query already registered for DAG: example_python_operator
[2025-12-01T20:31:26.348+0300] {logging_mixin.py:137} INFO - [2025-12-01T20:31:26.347+0300] {taskmixin.py:211} WARNING - Dependency <Task(_PythonDecoratedOperator): log_sql_query>, print_the_context already registered for DAG: example_python_operator
[2025-12-01T20:31:26.470+0300] {logging_mixin.py:137} INFO - [2025-12-01T20:31:26.470+0300] {example_python_operator.py:90} WARNING - The virtalenv_python example task requires virtualenv, please install it.
[2025-12-01T20:31:26.478+0300] {processor.py:753} INFO - DAG(s) dict_keys(['example_python_operator']) retrieved from /home/pker/airflow_env/lib/python3.7/site-packages/airflow/example_dags/example_python_operator.py
[2025-12-01T20:31:26.511+0300] {logging_mixin.py:137} INFO - [2025-12-01T20:31:26.511+0300] {dag.py:2705} INFO - Sync 1 DAGs
[2025-12-01T20:31:26.538+0300] {logging_mixin.py:137} INFO - [2025-12-01T20:31:26.538+0300] {dag.py:3456} INFO - Setting next_dagrun for example_python_operator to None, run_after=None
[2025-12-01T20:31:26.591+0300] {processor.py:175} INFO - Processing /home/pker/airflow_env/lib/python3.7/site-packages/airflow/example_dags/example_python_operator.py took 0.324 seconds
