[2025-12-01T20:14:55.547+0300] {processor.py:153} INFO - Started process (PID=919423) to work on /home/pker/airflow_env/lib/python3.7/site-packages/airflow/example_dags/example_latest_only_with_trigger.py
[2025-12-01T20:14:55.548+0300] {processor.py:743} INFO - Processing file /home/pker/airflow_env/lib/python3.7/site-packages/airflow/example_dags/example_latest_only_with_trigger.py for tasks to queue
[2025-12-01T20:14:55.549+0300] {logging_mixin.py:137} INFO - [2025-12-01T20:14:55.549+0300] {dagbag.py:532} INFO - Filling up the DagBag from /home/pker/airflow_env/lib/python3.7/site-packages/airflow/example_dags/example_latest_only_with_trigger.py
[2025-12-01T20:14:55.570+0300] {processor.py:753} INFO - DAG(s) dict_keys(['latest_only_with_trigger']) retrieved from /home/pker/airflow_env/lib/python3.7/site-packages/airflow/example_dags/example_latest_only_with_trigger.py
[2025-12-01T20:14:55.644+0300] {logging_mixin.py:137} INFO - [2025-12-01T20:14:55.643+0300] {dag.py:2705} INFO - Sync 1 DAGs
[2025-12-01T20:14:55.670+0300] {logging_mixin.py:137} INFO - [2025-12-01T20:14:55.670+0300] {dag.py:3456} INFO - Setting next_dagrun for latest_only_with_trigger to 2025-12-01T13:14:55.670167+00:00, run_after=2025-12-01T17:14:55.670167+00:00
[2025-12-01T20:14:55.711+0300] {processor.py:175} INFO - Processing /home/pker/airflow_env/lib/python3.7/site-packages/airflow/example_dags/example_latest_only_with_trigger.py took 0.169 seconds
[2025-12-01T20:15:55.982+0300] {processor.py:153} INFO - Started process (PID=919788) to work on /home/pker/airflow_env/lib/python3.7/site-packages/airflow/example_dags/example_latest_only_with_trigger.py
[2025-12-01T20:15:55.994+0300] {processor.py:743} INFO - Processing file /home/pker/airflow_env/lib/python3.7/site-packages/airflow/example_dags/example_latest_only_with_trigger.py for tasks to queue
[2025-12-01T20:15:55.997+0300] {logging_mixin.py:137} INFO - [2025-12-01T20:15:55.996+0300] {dagbag.py:532} INFO - Filling up the DagBag from /home/pker/airflow_env/lib/python3.7/site-packages/airflow/example_dags/example_latest_only_with_trigger.py
[2025-12-01T20:15:56.023+0300] {processor.py:753} INFO - DAG(s) dict_keys(['latest_only_with_trigger']) retrieved from /home/pker/airflow_env/lib/python3.7/site-packages/airflow/example_dags/example_latest_only_with_trigger.py
[2025-12-01T20:15:56.049+0300] {logging_mixin.py:137} INFO - [2025-12-01T20:15:56.049+0300] {dag.py:2705} INFO - Sync 1 DAGs
[2025-12-01T20:15:56.075+0300] {logging_mixin.py:137} INFO - [2025-12-01T20:15:56.075+0300] {dag.py:3456} INFO - Setting next_dagrun for latest_only_with_trigger to 2025-12-01T13:15:56.075248+00:00, run_after=2025-12-01T17:15:56.075248+00:00
[2025-12-01T20:15:56.105+0300] {processor.py:175} INFO - Processing /home/pker/airflow_env/lib/python3.7/site-packages/airflow/example_dags/example_latest_only_with_trigger.py took 0.128 seconds
[2025-12-01T20:16:50.823+0300] {processor.py:153} INFO - Started process (PID=919978) to work on /home/pker/airflow_env/lib/python3.7/site-packages/airflow/example_dags/example_latest_only_with_trigger.py
[2025-12-01T20:16:50.846+0300] {processor.py:743} INFO - Processing file /home/pker/airflow_env/lib/python3.7/site-packages/airflow/example_dags/example_latest_only_with_trigger.py for tasks to queue
[2025-12-01T20:16:50.849+0300] {logging_mixin.py:137} INFO - [2025-12-01T20:16:50.849+0300] {dagbag.py:532} INFO - Filling up the DagBag from /home/pker/airflow_env/lib/python3.7/site-packages/airflow/example_dags/example_latest_only_with_trigger.py
[2025-12-01T20:16:50.874+0300] {processor.py:753} INFO - DAG(s) dict_keys(['latest_only_with_trigger']) retrieved from /home/pker/airflow_env/lib/python3.7/site-packages/airflow/example_dags/example_latest_only_with_trigger.py
[2025-12-01T20:16:50.902+0300] {logging_mixin.py:137} INFO - [2025-12-01T20:16:50.902+0300] {dag.py:2705} INFO - Sync 1 DAGs
[2025-12-01T20:16:50.929+0300] {logging_mixin.py:137} INFO - [2025-12-01T20:16:50.929+0300] {dag.py:3456} INFO - Setting next_dagrun for latest_only_with_trigger to 2025-12-01T13:16:50.929461+00:00, run_after=2025-12-01T17:16:50.929461+00:00
[2025-12-01T20:16:50.963+0300] {processor.py:175} INFO - Processing /home/pker/airflow_env/lib/python3.7/site-packages/airflow/example_dags/example_latest_only_with_trigger.py took 0.144 seconds
[2025-12-01T20:17:45.039+0300] {processor.py:153} INFO - Started process (PID=920175) to work on /home/pker/airflow_env/lib/python3.7/site-packages/airflow/example_dags/example_latest_only_with_trigger.py
[2025-12-01T20:17:45.062+0300] {processor.py:743} INFO - Processing file /home/pker/airflow_env/lib/python3.7/site-packages/airflow/example_dags/example_latest_only_with_trigger.py for tasks to queue
[2025-12-01T20:17:45.065+0300] {logging_mixin.py:137} INFO - [2025-12-01T20:17:45.064+0300] {dagbag.py:532} INFO - Filling up the DagBag from /home/pker/airflow_env/lib/python3.7/site-packages/airflow/example_dags/example_latest_only_with_trigger.py
[2025-12-01T20:17:45.089+0300] {processor.py:753} INFO - DAG(s) dict_keys(['latest_only_with_trigger']) retrieved from /home/pker/airflow_env/lib/python3.7/site-packages/airflow/example_dags/example_latest_only_with_trigger.py
[2025-12-01T20:17:45.116+0300] {logging_mixin.py:137} INFO - [2025-12-01T20:17:45.116+0300] {dag.py:2705} INFO - Sync 1 DAGs
[2025-12-01T20:17:45.143+0300] {logging_mixin.py:137} INFO - [2025-12-01T20:17:45.143+0300] {dag.py:3456} INFO - Setting next_dagrun for latest_only_with_trigger to 2025-12-01T13:17:45.142793+00:00, run_after=2025-12-01T17:17:45.142793+00:00
[2025-12-01T20:17:45.176+0300] {processor.py:175} INFO - Processing /home/pker/airflow_env/lib/python3.7/site-packages/airflow/example_dags/example_latest_only_with_trigger.py took 0.144 seconds
[2025-12-01T20:18:35.972+0300] {processor.py:153} INFO - Started process (PID=920358) to work on /home/pker/airflow_env/lib/python3.7/site-packages/airflow/example_dags/example_latest_only_with_trigger.py
[2025-12-01T20:18:35.995+0300] {processor.py:743} INFO - Processing file /home/pker/airflow_env/lib/python3.7/site-packages/airflow/example_dags/example_latest_only_with_trigger.py for tasks to queue
[2025-12-01T20:18:35.998+0300] {logging_mixin.py:137} INFO - [2025-12-01T20:18:35.997+0300] {dagbag.py:532} INFO - Filling up the DagBag from /home/pker/airflow_env/lib/python3.7/site-packages/airflow/example_dags/example_latest_only_with_trigger.py
[2025-12-01T20:18:36.022+0300] {processor.py:753} INFO - DAG(s) dict_keys(['latest_only_with_trigger']) retrieved from /home/pker/airflow_env/lib/python3.7/site-packages/airflow/example_dags/example_latest_only_with_trigger.py
[2025-12-01T20:18:36.049+0300] {logging_mixin.py:137} INFO - [2025-12-01T20:18:36.049+0300] {dag.py:2705} INFO - Sync 1 DAGs
[2025-12-01T20:18:36.077+0300] {logging_mixin.py:137} INFO - [2025-12-01T20:18:36.077+0300] {dag.py:3456} INFO - Setting next_dagrun for latest_only_with_trigger to 2025-12-01T13:18:36.077392+00:00, run_after=2025-12-01T17:18:36.077392+00:00
[2025-12-01T20:18:36.114+0300] {processor.py:175} INFO - Processing /home/pker/airflow_env/lib/python3.7/site-packages/airflow/example_dags/example_latest_only_with_trigger.py took 0.147 seconds
[2025-12-01T20:19:24.647+0300] {processor.py:153} INFO - Started process (PID=920556) to work on /home/pker/airflow_env/lib/python3.7/site-packages/airflow/example_dags/example_latest_only_with_trigger.py
[2025-12-01T20:19:24.669+0300] {processor.py:743} INFO - Processing file /home/pker/airflow_env/lib/python3.7/site-packages/airflow/example_dags/example_latest_only_with_trigger.py for tasks to queue
[2025-12-01T20:19:24.670+0300] {logging_mixin.py:137} INFO - [2025-12-01T20:19:24.670+0300] {dagbag.py:532} INFO - Filling up the DagBag from /home/pker/airflow_env/lib/python3.7/site-packages/airflow/example_dags/example_latest_only_with_trigger.py
[2025-12-01T20:19:24.690+0300] {processor.py:753} INFO - DAG(s) dict_keys(['latest_only_with_trigger']) retrieved from /home/pker/airflow_env/lib/python3.7/site-packages/airflow/example_dags/example_latest_only_with_trigger.py
[2025-12-01T20:19:24.724+0300] {logging_mixin.py:137} INFO - [2025-12-01T20:19:24.723+0300] {dag.py:2705} INFO - Sync 1 DAGs
[2025-12-01T20:19:24.758+0300] {logging_mixin.py:137} INFO - [2025-12-01T20:19:24.758+0300] {dag.py:3456} INFO - Setting next_dagrun for latest_only_with_trigger to 2025-12-01T13:19:24.758140+00:00, run_after=2025-12-01T17:19:24.758140+00:00
[2025-12-01T20:19:24.792+0300] {processor.py:175} INFO - Processing /home/pker/airflow_env/lib/python3.7/site-packages/airflow/example_dags/example_latest_only_with_trigger.py took 0.152 seconds
[2025-12-01T20:20:14.067+0300] {processor.py:153} INFO - Started process (PID=920729) to work on /home/pker/airflow_env/lib/python3.7/site-packages/airflow/example_dags/example_latest_only_with_trigger.py
[2025-12-01T20:20:14.090+0300] {processor.py:743} INFO - Processing file /home/pker/airflow_env/lib/python3.7/site-packages/airflow/example_dags/example_latest_only_with_trigger.py for tasks to queue
[2025-12-01T20:20:14.093+0300] {logging_mixin.py:137} INFO - [2025-12-01T20:20:14.093+0300] {dagbag.py:532} INFO - Filling up the DagBag from /home/pker/airflow_env/lib/python3.7/site-packages/airflow/example_dags/example_latest_only_with_trigger.py
[2025-12-01T20:20:14.121+0300] {processor.py:753} INFO - DAG(s) dict_keys(['latest_only_with_trigger']) retrieved from /home/pker/airflow_env/lib/python3.7/site-packages/airflow/example_dags/example_latest_only_with_trigger.py
[2025-12-01T20:20:14.151+0300] {logging_mixin.py:137} INFO - [2025-12-01T20:20:14.151+0300] {dag.py:2705} INFO - Sync 1 DAGs
[2025-12-01T20:20:14.177+0300] {logging_mixin.py:137} INFO - [2025-12-01T20:20:14.177+0300] {dag.py:3456} INFO - Setting next_dagrun for latest_only_with_trigger to 2025-12-01T13:20:14.177191+00:00, run_after=2025-12-01T17:20:14.177191+00:00
[2025-12-01T20:20:14.207+0300] {processor.py:175} INFO - Processing /home/pker/airflow_env/lib/python3.7/site-packages/airflow/example_dags/example_latest_only_with_trigger.py took 0.145 seconds
[2025-12-01T20:21:00.806+0300] {processor.py:153} INFO - Started process (PID=920902) to work on /home/pker/airflow_env/lib/python3.7/site-packages/airflow/example_dags/example_latest_only_with_trigger.py
[2025-12-01T20:21:00.829+0300] {processor.py:743} INFO - Processing file /home/pker/airflow_env/lib/python3.7/site-packages/airflow/example_dags/example_latest_only_with_trigger.py for tasks to queue
[2025-12-01T20:21:00.832+0300] {logging_mixin.py:137} INFO - [2025-12-01T20:21:00.831+0300] {dagbag.py:532} INFO - Filling up the DagBag from /home/pker/airflow_env/lib/python3.7/site-packages/airflow/example_dags/example_latest_only_with_trigger.py
[2025-12-01T20:21:00.856+0300] {processor.py:753} INFO - DAG(s) dict_keys(['latest_only_with_trigger']) retrieved from /home/pker/airflow_env/lib/python3.7/site-packages/airflow/example_dags/example_latest_only_with_trigger.py
[2025-12-01T20:21:00.883+0300] {logging_mixin.py:137} INFO - [2025-12-01T20:21:00.883+0300] {dag.py:2705} INFO - Sync 1 DAGs
[2025-12-01T20:21:00.909+0300] {logging_mixin.py:137} INFO - [2025-12-01T20:21:00.909+0300] {dag.py:3456} INFO - Setting next_dagrun for latest_only_with_trigger to 2025-12-01T13:21:00.909394+00:00, run_after=2025-12-01T17:21:00.909394+00:00
[2025-12-01T20:21:00.939+0300] {processor.py:175} INFO - Processing /home/pker/airflow_env/lib/python3.7/site-packages/airflow/example_dags/example_latest_only_with_trigger.py took 0.138 seconds
[2025-12-01T20:21:49.141+0300] {processor.py:153} INFO - Started process (PID=921066) to work on /home/pker/airflow_env/lib/python3.7/site-packages/airflow/example_dags/example_latest_only_with_trigger.py
[2025-12-01T20:21:49.143+0300] {processor.py:743} INFO - Processing file /home/pker/airflow_env/lib/python3.7/site-packages/airflow/example_dags/example_latest_only_with_trigger.py for tasks to queue
[2025-12-01T20:21:49.144+0300] {logging_mixin.py:137} INFO - [2025-12-01T20:21:49.144+0300] {dagbag.py:532} INFO - Filling up the DagBag from /home/pker/airflow_env/lib/python3.7/site-packages/airflow/example_dags/example_latest_only_with_trigger.py
[2025-12-01T20:21:49.165+0300] {processor.py:753} INFO - DAG(s) dict_keys(['latest_only_with_trigger']) retrieved from /home/pker/airflow_env/lib/python3.7/site-packages/airflow/example_dags/example_latest_only_with_trigger.py
[2025-12-01T20:21:49.187+0300] {logging_mixin.py:137} INFO - [2025-12-01T20:21:49.187+0300] {dag.py:2705} INFO - Sync 1 DAGs
[2025-12-01T20:21:49.213+0300] {logging_mixin.py:137} INFO - [2025-12-01T20:21:49.213+0300] {dag.py:3456} INFO - Setting next_dagrun for latest_only_with_trigger to 2025-12-01T13:21:49.213325+00:00, run_after=2025-12-01T17:21:49.213325+00:00
[2025-12-01T20:21:49.255+0300] {processor.py:175} INFO - Processing /home/pker/airflow_env/lib/python3.7/site-packages/airflow/example_dags/example_latest_only_with_trigger.py took 0.120 seconds
[2025-12-01T20:22:37.545+0300] {processor.py:153} INFO - Started process (PID=921243) to work on /home/pker/airflow_env/lib/python3.7/site-packages/airflow/example_dags/example_latest_only_with_trigger.py
[2025-12-01T20:22:37.547+0300] {processor.py:743} INFO - Processing file /home/pker/airflow_env/lib/python3.7/site-packages/airflow/example_dags/example_latest_only_with_trigger.py for tasks to queue
[2025-12-01T20:22:37.549+0300] {logging_mixin.py:137} INFO - [2025-12-01T20:22:37.548+0300] {dagbag.py:532} INFO - Filling up the DagBag from /home/pker/airflow_env/lib/python3.7/site-packages/airflow/example_dags/example_latest_only_with_trigger.py
[2025-12-01T20:22:37.575+0300] {processor.py:753} INFO - DAG(s) dict_keys(['latest_only_with_trigger']) retrieved from /home/pker/airflow_env/lib/python3.7/site-packages/airflow/example_dags/example_latest_only_with_trigger.py
[2025-12-01T20:22:37.609+0300] {logging_mixin.py:137} INFO - [2025-12-01T20:22:37.609+0300] {dag.py:2705} INFO - Sync 1 DAGs
[2025-12-01T20:22:37.644+0300] {logging_mixin.py:137} INFO - [2025-12-01T20:22:37.644+0300] {dag.py:3456} INFO - Setting next_dagrun for latest_only_with_trigger to 2025-12-01T13:22:37.643792+00:00, run_after=2025-12-01T17:22:37.643792+00:00
[2025-12-01T20:22:37.710+0300] {processor.py:175} INFO - Processing /home/pker/airflow_env/lib/python3.7/site-packages/airflow/example_dags/example_latest_only_with_trigger.py took 0.171 seconds
[2025-12-01T20:23:28.256+0300] {processor.py:153} INFO - Started process (PID=921421) to work on /home/pker/airflow_env/lib/python3.7/site-packages/airflow/example_dags/example_latest_only_with_trigger.py
[2025-12-01T20:23:28.259+0300] {processor.py:743} INFO - Processing file /home/pker/airflow_env/lib/python3.7/site-packages/airflow/example_dags/example_latest_only_with_trigger.py for tasks to queue
[2025-12-01T20:23:28.260+0300] {logging_mixin.py:137} INFO - [2025-12-01T20:23:28.260+0300] {dagbag.py:532} INFO - Filling up the DagBag from /home/pker/airflow_env/lib/python3.7/site-packages/airflow/example_dags/example_latest_only_with_trigger.py
[2025-12-01T20:23:28.285+0300] {processor.py:753} INFO - DAG(s) dict_keys(['latest_only_with_trigger']) retrieved from /home/pker/airflow_env/lib/python3.7/site-packages/airflow/example_dags/example_latest_only_with_trigger.py
[2025-12-01T20:23:28.308+0300] {logging_mixin.py:137} INFO - [2025-12-01T20:23:28.308+0300] {dag.py:2705} INFO - Sync 1 DAGs
[2025-12-01T20:23:28.334+0300] {logging_mixin.py:137} INFO - [2025-12-01T20:23:28.333+0300] {dag.py:3456} INFO - Setting next_dagrun for latest_only_with_trigger to 2025-12-01T13:23:28.333616+00:00, run_after=2025-12-01T17:23:28.333616+00:00
[2025-12-01T20:23:28.364+0300] {processor.py:175} INFO - Processing /home/pker/airflow_env/lib/python3.7/site-packages/airflow/example_dags/example_latest_only_with_trigger.py took 0.118 seconds
[2025-12-01T20:24:20.277+0300] {processor.py:153} INFO - Started process (PID=921624) to work on /home/pker/airflow_env/lib/python3.7/site-packages/airflow/example_dags/example_latest_only_with_trigger.py
[2025-12-01T20:24:20.299+0300] {processor.py:743} INFO - Processing file /home/pker/airflow_env/lib/python3.7/site-packages/airflow/example_dags/example_latest_only_with_trigger.py for tasks to queue
[2025-12-01T20:24:20.302+0300] {logging_mixin.py:137} INFO - [2025-12-01T20:24:20.301+0300] {dagbag.py:532} INFO - Filling up the DagBag from /home/pker/airflow_env/lib/python3.7/site-packages/airflow/example_dags/example_latest_only_with_trigger.py
[2025-12-01T20:24:20.337+0300] {processor.py:753} INFO - DAG(s) dict_keys(['latest_only_with_trigger']) retrieved from /home/pker/airflow_env/lib/python3.7/site-packages/airflow/example_dags/example_latest_only_with_trigger.py
[2025-12-01T20:24:20.375+0300] {logging_mixin.py:137} INFO - [2025-12-01T20:24:20.375+0300] {dag.py:2705} INFO - Sync 1 DAGs
[2025-12-01T20:24:20.408+0300] {logging_mixin.py:137} INFO - [2025-12-01T20:24:20.408+0300] {dag.py:3456} INFO - Setting next_dagrun for latest_only_with_trigger to 2025-12-01T13:24:20.408312+00:00, run_after=2025-12-01T17:24:20.408312+00:00
[2025-12-01T20:24:20.465+0300] {processor.py:175} INFO - Processing /home/pker/airflow_env/lib/python3.7/site-packages/airflow/example_dags/example_latest_only_with_trigger.py took 0.195 seconds
[2025-12-01T20:25:11.106+0300] {processor.py:153} INFO - Started process (PID=921813) to work on /home/pker/airflow_env/lib/python3.7/site-packages/airflow/example_dags/example_latest_only_with_trigger.py
[2025-12-01T20:25:11.129+0300] {processor.py:743} INFO - Processing file /home/pker/airflow_env/lib/python3.7/site-packages/airflow/example_dags/example_latest_only_with_trigger.py for tasks to queue
[2025-12-01T20:25:11.131+0300] {logging_mixin.py:137} INFO - [2025-12-01T20:25:11.131+0300] {dagbag.py:532} INFO - Filling up the DagBag from /home/pker/airflow_env/lib/python3.7/site-packages/airflow/example_dags/example_latest_only_with_trigger.py
[2025-12-01T20:25:11.158+0300] {processor.py:753} INFO - DAG(s) dict_keys(['latest_only_with_trigger']) retrieved from /home/pker/airflow_env/lib/python3.7/site-packages/airflow/example_dags/example_latest_only_with_trigger.py
[2025-12-01T20:25:11.187+0300] {logging_mixin.py:137} INFO - [2025-12-01T20:25:11.187+0300] {dag.py:2705} INFO - Sync 1 DAGs
[2025-12-01T20:25:11.215+0300] {logging_mixin.py:137} INFO - [2025-12-01T20:25:11.214+0300] {dag.py:3456} INFO - Setting next_dagrun for latest_only_with_trigger to 2025-12-01T13:25:11.214662+00:00, run_after=2025-12-01T17:25:11.214662+00:00
[2025-12-01T20:25:11.245+0300] {processor.py:175} INFO - Processing /home/pker/airflow_env/lib/python3.7/site-packages/airflow/example_dags/example_latest_only_with_trigger.py took 0.145 seconds
[2025-12-01T20:25:57.624+0300] {processor.py:153} INFO - Started process (PID=921984) to work on /home/pker/airflow_env/lib/python3.7/site-packages/airflow/example_dags/example_latest_only_with_trigger.py
[2025-12-01T20:25:57.626+0300] {processor.py:743} INFO - Processing file /home/pker/airflow_env/lib/python3.7/site-packages/airflow/example_dags/example_latest_only_with_trigger.py for tasks to queue
[2025-12-01T20:25:57.627+0300] {logging_mixin.py:137} INFO - [2025-12-01T20:25:57.627+0300] {dagbag.py:532} INFO - Filling up the DagBag from /home/pker/airflow_env/lib/python3.7/site-packages/airflow/example_dags/example_latest_only_with_trigger.py
[2025-12-01T20:25:57.648+0300] {processor.py:753} INFO - DAG(s) dict_keys(['latest_only_with_trigger']) retrieved from /home/pker/airflow_env/lib/python3.7/site-packages/airflow/example_dags/example_latest_only_with_trigger.py
[2025-12-01T20:25:57.673+0300] {logging_mixin.py:137} INFO - [2025-12-01T20:25:57.673+0300] {dag.py:2705} INFO - Sync 1 DAGs
[2025-12-01T20:25:57.700+0300] {logging_mixin.py:137} INFO - [2025-12-01T20:25:57.700+0300] {dag.py:3456} INFO - Setting next_dagrun for latest_only_with_trigger to 2025-12-01T13:25:57.700325+00:00, run_after=2025-12-01T17:25:57.700325+00:00
[2025-12-01T20:25:57.732+0300] {processor.py:175} INFO - Processing /home/pker/airflow_env/lib/python3.7/site-packages/airflow/example_dags/example_latest_only_with_trigger.py took 0.114 seconds
[2025-12-01T20:26:45.241+0300] {processor.py:153} INFO - Started process (PID=922151) to work on /home/pker/airflow_env/lib/python3.7/site-packages/airflow/example_dags/example_latest_only_with_trigger.py
[2025-12-01T20:26:45.264+0300] {processor.py:743} INFO - Processing file /home/pker/airflow_env/lib/python3.7/site-packages/airflow/example_dags/example_latest_only_with_trigger.py for tasks to queue
[2025-12-01T20:26:45.267+0300] {logging_mixin.py:137} INFO - [2025-12-01T20:26:45.267+0300] {dagbag.py:532} INFO - Filling up the DagBag from /home/pker/airflow_env/lib/python3.7/site-packages/airflow/example_dags/example_latest_only_with_trigger.py
[2025-12-01T20:26:45.291+0300] {processor.py:753} INFO - DAG(s) dict_keys(['latest_only_with_trigger']) retrieved from /home/pker/airflow_env/lib/python3.7/site-packages/airflow/example_dags/example_latest_only_with_trigger.py
[2025-12-01T20:26:45.318+0300] {logging_mixin.py:137} INFO - [2025-12-01T20:26:45.318+0300] {dag.py:2705} INFO - Sync 1 DAGs
[2025-12-01T20:26:45.345+0300] {logging_mixin.py:137} INFO - [2025-12-01T20:26:45.345+0300] {dag.py:3456} INFO - Setting next_dagrun for latest_only_with_trigger to 2025-12-01T13:26:45.344766+00:00, run_after=2025-12-01T17:26:45.344766+00:00
[2025-12-01T20:26:45.378+0300] {processor.py:175} INFO - Processing /home/pker/airflow_env/lib/python3.7/site-packages/airflow/example_dags/example_latest_only_with_trigger.py took 0.142 seconds
[2025-12-01T20:27:32.764+0300] {processor.py:153} INFO - Started process (PID=922323) to work on /home/pker/airflow_env/lib/python3.7/site-packages/airflow/example_dags/example_latest_only_with_trigger.py
[2025-12-01T20:27:32.788+0300] {processor.py:743} INFO - Processing file /home/pker/airflow_env/lib/python3.7/site-packages/airflow/example_dags/example_latest_only_with_trigger.py for tasks to queue
[2025-12-01T20:27:32.790+0300] {logging_mixin.py:137} INFO - [2025-12-01T20:27:32.790+0300] {dagbag.py:532} INFO - Filling up the DagBag from /home/pker/airflow_env/lib/python3.7/site-packages/airflow/example_dags/example_latest_only_with_trigger.py
[2025-12-01T20:27:32.818+0300] {processor.py:753} INFO - DAG(s) dict_keys(['latest_only_with_trigger']) retrieved from /home/pker/airflow_env/lib/python3.7/site-packages/airflow/example_dags/example_latest_only_with_trigger.py
[2025-12-01T20:27:32.849+0300] {logging_mixin.py:137} INFO - [2025-12-01T20:27:32.849+0300] {dag.py:2705} INFO - Sync 1 DAGs
[2025-12-01T20:27:32.885+0300] {logging_mixin.py:137} INFO - [2025-12-01T20:27:32.885+0300] {dag.py:3456} INFO - Setting next_dagrun for latest_only_with_trigger to 2025-12-01T13:27:32.885115+00:00, run_after=2025-12-01T17:27:32.885115+00:00
[2025-12-01T20:27:32.936+0300] {processor.py:175} INFO - Processing /home/pker/airflow_env/lib/python3.7/site-packages/airflow/example_dags/example_latest_only_with_trigger.py took 0.178 seconds
[2025-12-01T20:28:21.278+0300] {processor.py:153} INFO - Started process (PID=922496) to work on /home/pker/airflow_env/lib/python3.7/site-packages/airflow/example_dags/example_latest_only_with_trigger.py
[2025-12-01T20:28:21.304+0300] {processor.py:743} INFO - Processing file /home/pker/airflow_env/lib/python3.7/site-packages/airflow/example_dags/example_latest_only_with_trigger.py for tasks to queue
[2025-12-01T20:28:21.307+0300] {logging_mixin.py:137} INFO - [2025-12-01T20:28:21.306+0300] {dagbag.py:532} INFO - Filling up the DagBag from /home/pker/airflow_env/lib/python3.7/site-packages/airflow/example_dags/example_latest_only_with_trigger.py
[2025-12-01T20:28:21.334+0300] {processor.py:753} INFO - DAG(s) dict_keys(['latest_only_with_trigger']) retrieved from /home/pker/airflow_env/lib/python3.7/site-packages/airflow/example_dags/example_latest_only_with_trigger.py
[2025-12-01T20:28:21.368+0300] {logging_mixin.py:137} INFO - [2025-12-01T20:28:21.368+0300] {dag.py:2705} INFO - Sync 1 DAGs
[2025-12-01T20:28:21.402+0300] {logging_mixin.py:137} INFO - [2025-12-01T20:28:21.401+0300] {dag.py:3456} INFO - Setting next_dagrun for latest_only_with_trigger to 2025-12-01T13:28:21.401404+00:00, run_after=2025-12-01T17:28:21.401404+00:00
[2025-12-01T20:28:21.464+0300] {processor.py:175} INFO - Processing /home/pker/airflow_env/lib/python3.7/site-packages/airflow/example_dags/example_latest_only_with_trigger.py took 0.195 seconds
[2025-12-01T20:29:05.681+0300] {processor.py:153} INFO - Started process (PID=922684) to work on /home/pker/airflow_env/lib/python3.7/site-packages/airflow/example_dags/example_latest_only_with_trigger.py
[2025-12-01T20:29:05.684+0300] {processor.py:743} INFO - Processing file /home/pker/airflow_env/lib/python3.7/site-packages/airflow/example_dags/example_latest_only_with_trigger.py for tasks to queue
[2025-12-01T20:29:05.685+0300] {logging_mixin.py:137} INFO - [2025-12-01T20:29:05.685+0300] {dagbag.py:532} INFO - Filling up the DagBag from /home/pker/airflow_env/lib/python3.7/site-packages/airflow/example_dags/example_latest_only_with_trigger.py
[2025-12-01T20:29:05.707+0300] {processor.py:753} INFO - DAG(s) dict_keys(['latest_only_with_trigger']) retrieved from /home/pker/airflow_env/lib/python3.7/site-packages/airflow/example_dags/example_latest_only_with_trigger.py
[2025-12-01T20:29:05.731+0300] {logging_mixin.py:137} INFO - [2025-12-01T20:29:05.731+0300] {dag.py:2705} INFO - Sync 1 DAGs
[2025-12-01T20:29:05.757+0300] {logging_mixin.py:137} INFO - [2025-12-01T20:29:05.757+0300] {dag.py:3456} INFO - Setting next_dagrun for latest_only_with_trigger to 2025-12-01T13:29:05.757166+00:00, run_after=2025-12-01T17:29:05.757166+00:00
[2025-12-01T20:29:05.790+0300] {processor.py:175} INFO - Processing /home/pker/airflow_env/lib/python3.7/site-packages/airflow/example_dags/example_latest_only_with_trigger.py took 0.113 seconds
[2025-12-01T20:29:53.935+0300] {processor.py:153} INFO - Started process (PID=922855) to work on /home/pker/airflow_env/lib/python3.7/site-packages/airflow/example_dags/example_latest_only_with_trigger.py
[2025-12-01T20:29:53.958+0300] {processor.py:743} INFO - Processing file /home/pker/airflow_env/lib/python3.7/site-packages/airflow/example_dags/example_latest_only_with_trigger.py for tasks to queue
[2025-12-01T20:29:53.960+0300] {logging_mixin.py:137} INFO - [2025-12-01T20:29:53.960+0300] {dagbag.py:532} INFO - Filling up the DagBag from /home/pker/airflow_env/lib/python3.7/site-packages/airflow/example_dags/example_latest_only_with_trigger.py
[2025-12-01T20:29:53.984+0300] {processor.py:753} INFO - DAG(s) dict_keys(['latest_only_with_trigger']) retrieved from /home/pker/airflow_env/lib/python3.7/site-packages/airflow/example_dags/example_latest_only_with_trigger.py
[2025-12-01T20:29:54.014+0300] {logging_mixin.py:137} INFO - [2025-12-01T20:29:54.014+0300] {dag.py:2705} INFO - Sync 1 DAGs
[2025-12-01T20:29:54.045+0300] {logging_mixin.py:137} INFO - [2025-12-01T20:29:54.045+0300] {dag.py:3456} INFO - Setting next_dagrun for latest_only_with_trigger to 2025-12-01T13:29:54.044828+00:00, run_after=2025-12-01T17:29:54.044828+00:00
[2025-12-01T20:29:54.079+0300] {processor.py:175} INFO - Processing /home/pker/airflow_env/lib/python3.7/site-packages/airflow/example_dags/example_latest_only_with_trigger.py took 0.149 seconds
[2025-12-01T20:30:45.446+0300] {processor.py:153} INFO - Started process (PID=923040) to work on /home/pker/airflow_env/lib/python3.7/site-packages/airflow/example_dags/example_latest_only_with_trigger.py
[2025-12-01T20:30:45.470+0300] {processor.py:743} INFO - Processing file /home/pker/airflow_env/lib/python3.7/site-packages/airflow/example_dags/example_latest_only_with_trigger.py for tasks to queue
[2025-12-01T20:30:45.472+0300] {logging_mixin.py:137} INFO - [2025-12-01T20:30:45.472+0300] {dagbag.py:532} INFO - Filling up the DagBag from /home/pker/airflow_env/lib/python3.7/site-packages/airflow/example_dags/example_latest_only_with_trigger.py
[2025-12-01T20:30:45.496+0300] {processor.py:753} INFO - DAG(s) dict_keys(['latest_only_with_trigger']) retrieved from /home/pker/airflow_env/lib/python3.7/site-packages/airflow/example_dags/example_latest_only_with_trigger.py
[2025-12-01T20:30:45.527+0300] {logging_mixin.py:137} INFO - [2025-12-01T20:30:45.527+0300] {dag.py:2705} INFO - Sync 1 DAGs
[2025-12-01T20:30:45.560+0300] {logging_mixin.py:137} INFO - [2025-12-01T20:30:45.560+0300] {dag.py:3456} INFO - Setting next_dagrun for latest_only_with_trigger to 2025-12-01T13:30:45.560357+00:00, run_after=2025-12-01T17:30:45.560357+00:00
[2025-12-01T20:30:45.623+0300] {processor.py:175} INFO - Processing /home/pker/airflow_env/lib/python3.7/site-packages/airflow/example_dags/example_latest_only_with_trigger.py took 0.182 seconds
[2025-12-01T20:31:37.913+0300] {processor.py:153} INFO - Started process (PID=923218) to work on /home/pker/airflow_env/lib/python3.7/site-packages/airflow/example_dags/example_latest_only_with_trigger.py
[2025-12-01T20:31:37.936+0300] {processor.py:743} INFO - Processing file /home/pker/airflow_env/lib/python3.7/site-packages/airflow/example_dags/example_latest_only_with_trigger.py for tasks to queue
[2025-12-01T20:31:37.938+0300] {logging_mixin.py:137} INFO - [2025-12-01T20:31:37.938+0300] {dagbag.py:532} INFO - Filling up the DagBag from /home/pker/airflow_env/lib/python3.7/site-packages/airflow/example_dags/example_latest_only_with_trigger.py
[2025-12-01T20:31:36.536+0300] {processor.py:753} INFO - DAG(s) dict_keys(['latest_only_with_trigger']) retrieved from /home/pker/airflow_env/lib/python3.7/site-packages/airflow/example_dags/example_latest_only_with_trigger.py
[2025-12-01T20:31:36.574+0300] {logging_mixin.py:137} INFO - [2025-12-01T20:31:36.574+0300] {dag.py:2705} INFO - Sync 1 DAGs
[2025-12-01T20:31:36.613+0300] {logging_mixin.py:137} INFO - [2025-12-01T20:31:36.613+0300] {dag.py:3456} INFO - Setting next_dagrun for latest_only_with_trigger to 2025-12-01T13:31:36.612954+00:00, run_after=2025-12-01T17:31:36.612954+00:00
[2025-12-01T20:31:36.645+0300] {processor.py:175} INFO - Processing /home/pker/airflow_env/lib/python3.7/site-packages/airflow/example_dags/example_latest_only_with_trigger.py took 0.167 seconds
