[2025-12-01T20:15:07.210+0300] {processor.py:153} INFO - Started process (PID=919541) to work on /home/pker/airflow_env/lib/python3.7/site-packages/airflow/example_dags/example_task_group.py
[2025-12-01T20:15:07.211+0300] {processor.py:743} INFO - Processing file /home/pker/airflow_env/lib/python3.7/site-packages/airflow/example_dags/example_task_group.py for tasks to queue
[2025-12-01T20:15:07.212+0300] {logging_mixin.py:137} INFO - [2025-12-01T20:15:07.212+0300] {dagbag.py:532} INFO - Filling up the DagBag from /home/pker/airflow_env/lib/python3.7/site-packages/airflow/example_dags/example_task_group.py
[2025-12-01T20:15:07.235+0300] {processor.py:753} INFO - DAG(s) dict_keys(['example_task_group']) retrieved from /home/pker/airflow_env/lib/python3.7/site-packages/airflow/example_dags/example_task_group.py
[2025-12-01T20:15:07.303+0300] {logging_mixin.py:137} INFO - [2025-12-01T20:15:07.303+0300] {dag.py:2705} INFO - Sync 1 DAGs
[2025-12-01T20:15:07.327+0300] {logging_mixin.py:137} INFO - [2025-12-01T20:15:07.327+0300] {dag.py:3456} INFO - Setting next_dagrun for example_task_group to 2025-11-30T17:15:07.327294+00:00, run_after=2025-12-01T17:15:07.327294+00:00
[2025-12-01T20:15:07.394+0300] {processor.py:175} INFO - Processing /home/pker/airflow_env/lib/python3.7/site-packages/airflow/example_dags/example_task_group.py took 0.187 seconds
[2025-12-01T20:16:05.362+0300] {processor.py:153} INFO - Started process (PID=919817) to work on /home/pker/airflow_env/lib/python3.7/site-packages/airflow/example_dags/example_task_group.py
[2025-12-01T20:16:05.382+0300] {processor.py:743} INFO - Processing file /home/pker/airflow_env/lib/python3.7/site-packages/airflow/example_dags/example_task_group.py for tasks to queue
[2025-12-01T20:16:05.384+0300] {logging_mixin.py:137} INFO - [2025-12-01T20:16:05.384+0300] {dagbag.py:532} INFO - Filling up the DagBag from /home/pker/airflow_env/lib/python3.7/site-packages/airflow/example_dags/example_task_group.py
[2025-12-01T20:16:05.407+0300] {processor.py:753} INFO - DAG(s) dict_keys(['example_task_group']) retrieved from /home/pker/airflow_env/lib/python3.7/site-packages/airflow/example_dags/example_task_group.py
[2025-12-01T20:16:05.438+0300] {logging_mixin.py:137} INFO - [2025-12-01T20:16:05.438+0300] {dag.py:2705} INFO - Sync 1 DAGs
[2025-12-01T20:16:05.465+0300] {logging_mixin.py:137} INFO - [2025-12-01T20:16:05.464+0300] {dag.py:3456} INFO - Setting next_dagrun for example_task_group to 2025-11-30T17:16:05.464607+00:00, run_after=2025-12-01T17:16:05.464607+00:00
[2025-12-01T20:16:05.502+0300] {processor.py:175} INFO - Processing /home/pker/airflow_env/lib/python3.7/site-packages/airflow/example_dags/example_task_group.py took 0.145 seconds
[2025-12-01T20:17:00.014+0300] {processor.py:153} INFO - Started process (PID=920010) to work on /home/pker/airflow_env/lib/python3.7/site-packages/airflow/example_dags/example_task_group.py
[2025-12-01T20:17:00.036+0300] {processor.py:743} INFO - Processing file /home/pker/airflow_env/lib/python3.7/site-packages/airflow/example_dags/example_task_group.py for tasks to queue
[2025-12-01T20:17:00.039+0300] {logging_mixin.py:137} INFO - [2025-12-01T20:17:00.038+0300] {dagbag.py:532} INFO - Filling up the DagBag from /home/pker/airflow_env/lib/python3.7/site-packages/airflow/example_dags/example_task_group.py
[2025-12-01T20:17:00.070+0300] {processor.py:753} INFO - DAG(s) dict_keys(['example_task_group']) retrieved from /home/pker/airflow_env/lib/python3.7/site-packages/airflow/example_dags/example_task_group.py
[2025-12-01T20:17:00.104+0300] {logging_mixin.py:137} INFO - [2025-12-01T20:17:00.104+0300] {dag.py:2705} INFO - Sync 1 DAGs
[2025-12-01T20:17:00.133+0300] {logging_mixin.py:137} INFO - [2025-12-01T20:17:00.133+0300] {dag.py:3456} INFO - Setting next_dagrun for example_task_group to 2025-11-30T17:17:00.132698+00:00, run_after=2025-12-01T17:17:00.132698+00:00
[2025-12-01T20:17:00.164+0300] {processor.py:175} INFO - Processing /home/pker/airflow_env/lib/python3.7/site-packages/airflow/example_dags/example_task_group.py took 0.154 seconds
[2025-12-01T20:17:53.881+0300] {processor.py:153} INFO - Started process (PID=920207) to work on /home/pker/airflow_env/lib/python3.7/site-packages/airflow/example_dags/example_task_group.py
[2025-12-01T20:17:53.904+0300] {processor.py:743} INFO - Processing file /home/pker/airflow_env/lib/python3.7/site-packages/airflow/example_dags/example_task_group.py for tasks to queue
[2025-12-01T20:17:53.906+0300] {logging_mixin.py:137} INFO - [2025-12-01T20:17:53.906+0300] {dagbag.py:532} INFO - Filling up the DagBag from /home/pker/airflow_env/lib/python3.7/site-packages/airflow/example_dags/example_task_group.py
[2025-12-01T20:17:53.934+0300] {processor.py:753} INFO - DAG(s) dict_keys(['example_task_group']) retrieved from /home/pker/airflow_env/lib/python3.7/site-packages/airflow/example_dags/example_task_group.py
[2025-12-01T20:17:53.966+0300] {logging_mixin.py:137} INFO - [2025-12-01T20:17:53.965+0300] {dag.py:2705} INFO - Sync 1 DAGs
[2025-12-01T20:17:54.007+0300] {logging_mixin.py:137} INFO - [2025-12-01T20:17:54.007+0300] {dag.py:3456} INFO - Setting next_dagrun for example_task_group to 2025-11-30T17:17:54.006672+00:00, run_after=2025-12-01T17:17:54.006672+00:00
[2025-12-01T20:17:54.067+0300] {processor.py:175} INFO - Processing /home/pker/airflow_env/lib/python3.7/site-packages/airflow/example_dags/example_task_group.py took 0.190 seconds
[2025-12-01T20:18:43.132+0300] {processor.py:153} INFO - Started process (PID=920386) to work on /home/pker/airflow_env/lib/python3.7/site-packages/airflow/example_dags/example_task_group.py
[2025-12-01T20:18:43.135+0300] {processor.py:743} INFO - Processing file /home/pker/airflow_env/lib/python3.7/site-packages/airflow/example_dags/example_task_group.py for tasks to queue
[2025-12-01T20:18:43.136+0300] {logging_mixin.py:137} INFO - [2025-12-01T20:18:43.136+0300] {dagbag.py:532} INFO - Filling up the DagBag from /home/pker/airflow_env/lib/python3.7/site-packages/airflow/example_dags/example_task_group.py
[2025-12-01T20:18:43.161+0300] {processor.py:753} INFO - DAG(s) dict_keys(['example_task_group']) retrieved from /home/pker/airflow_env/lib/python3.7/site-packages/airflow/example_dags/example_task_group.py
[2025-12-01T20:18:43.192+0300] {logging_mixin.py:137} INFO - [2025-12-01T20:18:43.192+0300] {dag.py:2705} INFO - Sync 1 DAGs
[2025-12-01T20:18:43.218+0300] {logging_mixin.py:137} INFO - [2025-12-01T20:18:43.218+0300] {dag.py:3456} INFO - Setting next_dagrun for example_task_group to 2025-11-30T17:18:43.217890+00:00, run_after=2025-12-01T17:18:43.217890+00:00
[2025-12-01T20:18:43.251+0300] {processor.py:175} INFO - Processing /home/pker/airflow_env/lib/python3.7/site-packages/airflow/example_dags/example_task_group.py took 0.124 seconds
[2025-12-01T20:19:34.550+0300] {processor.py:153} INFO - Started process (PID=920588) to work on /home/pker/airflow_env/lib/python3.7/site-packages/airflow/example_dags/example_task_group.py
[2025-12-01T20:19:34.572+0300] {processor.py:743} INFO - Processing file /home/pker/airflow_env/lib/python3.7/site-packages/airflow/example_dags/example_task_group.py for tasks to queue
[2025-12-01T20:19:34.574+0300] {logging_mixin.py:137} INFO - [2025-12-01T20:19:34.574+0300] {dagbag.py:532} INFO - Filling up the DagBag from /home/pker/airflow_env/lib/python3.7/site-packages/airflow/example_dags/example_task_group.py
[2025-12-01T20:19:34.606+0300] {processor.py:753} INFO - DAG(s) dict_keys(['example_task_group']) retrieved from /home/pker/airflow_env/lib/python3.7/site-packages/airflow/example_dags/example_task_group.py
[2025-12-01T20:19:34.635+0300] {logging_mixin.py:137} INFO - [2025-12-01T20:19:34.634+0300] {dag.py:2705} INFO - Sync 1 DAGs
[2025-12-01T20:19:34.667+0300] {logging_mixin.py:137} INFO - [2025-12-01T20:19:34.667+0300] {dag.py:3456} INFO - Setting next_dagrun for example_task_group to 2025-11-30T17:19:34.666801+00:00, run_after=2025-12-01T17:19:34.666801+00:00
[2025-12-01T20:19:34.700+0300] {processor.py:175} INFO - Processing /home/pker/airflow_env/lib/python3.7/site-packages/airflow/example_dags/example_task_group.py took 0.154 seconds
[2025-12-01T20:20:45.715+0300] {processor.py:153} INFO - Started process (PID=920845) to work on /home/pker/airflow_env/lib/python3.7/site-packages/airflow/example_dags/example_task_group.py
[2025-12-01T20:20:45.738+0300] {processor.py:743} INFO - Processing file /home/pker/airflow_env/lib/python3.7/site-packages/airflow/example_dags/example_task_group.py for tasks to queue
[2025-12-01T20:20:45.741+0300] {logging_mixin.py:137} INFO - [2025-12-01T20:20:45.740+0300] {dagbag.py:532} INFO - Filling up the DagBag from /home/pker/airflow_env/lib/python3.7/site-packages/airflow/example_dags/example_task_group.py
[2025-12-01T20:20:45.767+0300] {processor.py:753} INFO - DAG(s) dict_keys(['example_task_group']) retrieved from /home/pker/airflow_env/lib/python3.7/site-packages/airflow/example_dags/example_task_group.py
[2025-12-01T20:20:45.795+0300] {logging_mixin.py:137} INFO - [2025-12-01T20:20:45.795+0300] {dag.py:2705} INFO - Sync 1 DAGs
[2025-12-01T20:20:45.823+0300] {logging_mixin.py:137} INFO - [2025-12-01T20:20:45.823+0300] {dag.py:3456} INFO - Setting next_dagrun for example_task_group to 2025-11-30T17:20:45.823103+00:00, run_after=2025-12-01T17:20:45.823103+00:00
[2025-12-01T20:20:45.864+0300] {processor.py:175} INFO - Processing /home/pker/airflow_env/lib/python3.7/site-packages/airflow/example_dags/example_task_group.py took 0.154 seconds
[2025-12-01T20:21:54.798+0300] {processor.py:153} INFO - Started process (PID=921090) to work on /home/pker/airflow_env/lib/python3.7/site-packages/airflow/example_dags/example_task_group.py
[2025-12-01T20:21:54.800+0300] {processor.py:743} INFO - Processing file /home/pker/airflow_env/lib/python3.7/site-packages/airflow/example_dags/example_task_group.py for tasks to queue
[2025-12-01T20:21:54.802+0300] {logging_mixin.py:137} INFO - [2025-12-01T20:21:54.801+0300] {dagbag.py:532} INFO - Filling up the DagBag from /home/pker/airflow_env/lib/python3.7/site-packages/airflow/example_dags/example_task_group.py
[2025-12-01T20:21:54.826+0300] {processor.py:753} INFO - DAG(s) dict_keys(['example_task_group']) retrieved from /home/pker/airflow_env/lib/python3.7/site-packages/airflow/example_dags/example_task_group.py
[2025-12-01T20:21:54.857+0300] {logging_mixin.py:137} INFO - [2025-12-01T20:21:54.857+0300] {dag.py:2705} INFO - Sync 1 DAGs
[2025-12-01T20:21:54.892+0300] {logging_mixin.py:137} INFO - [2025-12-01T20:21:54.892+0300] {dag.py:3456} INFO - Setting next_dagrun for example_task_group to 2025-11-30T17:21:54.892088+00:00, run_after=2025-12-01T17:21:54.892088+00:00
[2025-12-01T20:21:54.922+0300] {processor.py:175} INFO - Processing /home/pker/airflow_env/lib/python3.7/site-packages/airflow/example_dags/example_task_group.py took 0.129 seconds
[2025-12-01T20:22:45.204+0300] {processor.py:153} INFO - Started process (PID=921270) to work on /home/pker/airflow_env/lib/python3.7/site-packages/airflow/example_dags/example_task_group.py
[2025-12-01T20:22:45.227+0300] {processor.py:743} INFO - Processing file /home/pker/airflow_env/lib/python3.7/site-packages/airflow/example_dags/example_task_group.py for tasks to queue
[2025-12-01T20:22:45.229+0300] {logging_mixin.py:137} INFO - [2025-12-01T20:22:45.229+0300] {dagbag.py:532} INFO - Filling up the DagBag from /home/pker/airflow_env/lib/python3.7/site-packages/airflow/example_dags/example_task_group.py
[2025-12-01T20:22:45.256+0300] {processor.py:753} INFO - DAG(s) dict_keys(['example_task_group']) retrieved from /home/pker/airflow_env/lib/python3.7/site-packages/airflow/example_dags/example_task_group.py
[2025-12-01T20:22:45.283+0300] {logging_mixin.py:137} INFO - [2025-12-01T20:22:45.283+0300] {dag.py:2705} INFO - Sync 1 DAGs
[2025-12-01T20:22:45.313+0300] {logging_mixin.py:137} INFO - [2025-12-01T20:22:45.312+0300] {dag.py:3456} INFO - Setting next_dagrun for example_task_group to 2025-11-30T17:22:45.312212+00:00, run_after=2025-12-01T17:22:45.312212+00:00
[2025-12-01T20:22:45.347+0300] {processor.py:175} INFO - Processing /home/pker/airflow_env/lib/python3.7/site-packages/airflow/example_dags/example_task_group.py took 0.149 seconds
[2025-12-01T20:23:34.809+0300] {processor.py:153} INFO - Started process (PID=921445) to work on /home/pker/airflow_env/lib/python3.7/site-packages/airflow/example_dags/example_task_group.py
[2025-12-01T20:23:34.834+0300] {processor.py:743} INFO - Processing file /home/pker/airflow_env/lib/python3.7/site-packages/airflow/example_dags/example_task_group.py for tasks to queue
[2025-12-01T20:23:34.837+0300] {logging_mixin.py:137} INFO - [2025-12-01T20:23:34.837+0300] {dagbag.py:532} INFO - Filling up the DagBag from /home/pker/airflow_env/lib/python3.7/site-packages/airflow/example_dags/example_task_group.py
[2025-12-01T20:23:34.878+0300] {processor.py:753} INFO - DAG(s) dict_keys(['example_task_group']) retrieved from /home/pker/airflow_env/lib/python3.7/site-packages/airflow/example_dags/example_task_group.py
[2025-12-01T20:23:34.910+0300] {logging_mixin.py:137} INFO - [2025-12-01T20:23:34.910+0300] {dag.py:2705} INFO - Sync 1 DAGs
[2025-12-01T20:23:34.940+0300] {logging_mixin.py:137} INFO - [2025-12-01T20:23:34.939+0300] {dag.py:3456} INFO - Setting next_dagrun for example_task_group to 2025-11-30T17:23:34.939723+00:00, run_after=2025-12-01T17:23:34.939723+00:00
[2025-12-01T20:23:34.970+0300] {processor.py:175} INFO - Processing /home/pker/airflow_env/lib/python3.7/site-packages/airflow/example_dags/example_task_group.py took 0.166 seconds
[2025-12-01T20:24:26.896+0300] {processor.py:153} INFO - Started process (PID=921656) to work on /home/pker/airflow_env/lib/python3.7/site-packages/airflow/example_dags/example_task_group.py
[2025-12-01T20:24:26.899+0300] {processor.py:743} INFO - Processing file /home/pker/airflow_env/lib/python3.7/site-packages/airflow/example_dags/example_task_group.py for tasks to queue
[2025-12-01T20:24:26.900+0300] {logging_mixin.py:137} INFO - [2025-12-01T20:24:26.900+0300] {dagbag.py:532} INFO - Filling up the DagBag from /home/pker/airflow_env/lib/python3.7/site-packages/airflow/example_dags/example_task_group.py
[2025-12-01T20:24:26.928+0300] {processor.py:753} INFO - DAG(s) dict_keys(['example_task_group']) retrieved from /home/pker/airflow_env/lib/python3.7/site-packages/airflow/example_dags/example_task_group.py
[2025-12-01T20:24:26.966+0300] {logging_mixin.py:137} INFO - [2025-12-01T20:24:26.965+0300] {dag.py:2705} INFO - Sync 1 DAGs
[2025-12-01T20:24:27.006+0300] {logging_mixin.py:137} INFO - [2025-12-01T20:24:27.006+0300] {dag.py:3456} INFO - Setting next_dagrun for example_task_group to 2025-11-30T17:24:27.005630+00:00, run_after=2025-12-01T17:24:27.005630+00:00
[2025-12-01T20:24:27.038+0300] {processor.py:175} INFO - Processing /home/pker/airflow_env/lib/python3.7/site-packages/airflow/example_dags/example_task_group.py took 0.147 seconds
[2025-12-01T20:25:17.697+0300] {processor.py:153} INFO - Started process (PID=921837) to work on /home/pker/airflow_env/lib/python3.7/site-packages/airflow/example_dags/example_task_group.py
[2025-12-01T20:25:17.721+0300] {processor.py:743} INFO - Processing file /home/pker/airflow_env/lib/python3.7/site-packages/airflow/example_dags/example_task_group.py for tasks to queue
[2025-12-01T20:25:17.724+0300] {logging_mixin.py:137} INFO - [2025-12-01T20:25:17.723+0300] {dagbag.py:532} INFO - Filling up the DagBag from /home/pker/airflow_env/lib/python3.7/site-packages/airflow/example_dags/example_task_group.py
[2025-12-01T20:25:17.752+0300] {processor.py:753} INFO - DAG(s) dict_keys(['example_task_group']) retrieved from /home/pker/airflow_env/lib/python3.7/site-packages/airflow/example_dags/example_task_group.py
[2025-12-01T20:25:17.781+0300] {logging_mixin.py:137} INFO - [2025-12-01T20:25:17.781+0300] {dag.py:2705} INFO - Sync 1 DAGs
[2025-12-01T20:25:17.812+0300] {logging_mixin.py:137} INFO - [2025-12-01T20:25:17.812+0300] {dag.py:3456} INFO - Setting next_dagrun for example_task_group to 2025-11-30T17:25:17.812433+00:00, run_after=2025-12-01T17:25:17.812433+00:00
[2025-12-01T20:25:17.845+0300] {processor.py:175} INFO - Processing /home/pker/airflow_env/lib/python3.7/site-packages/airflow/example_dags/example_task_group.py took 0.153 seconds
[2025-12-01T20:26:04.339+0300] {processor.py:153} INFO - Started process (PID=922002) to work on /home/pker/airflow_env/lib/python3.7/site-packages/airflow/example_dags/example_task_group.py
[2025-12-01T20:26:04.361+0300] {processor.py:743} INFO - Processing file /home/pker/airflow_env/lib/python3.7/site-packages/airflow/example_dags/example_task_group.py for tasks to queue
[2025-12-01T20:26:04.362+0300] {logging_mixin.py:137} INFO - [2025-12-01T20:26:04.362+0300] {dagbag.py:532} INFO - Filling up the DagBag from /home/pker/airflow_env/lib/python3.7/site-packages/airflow/example_dags/example_task_group.py
[2025-12-01T20:26:04.396+0300] {processor.py:753} INFO - DAG(s) dict_keys(['example_task_group']) retrieved from /home/pker/airflow_env/lib/python3.7/site-packages/airflow/example_dags/example_task_group.py
[2025-12-01T20:26:04.448+0300] {logging_mixin.py:137} INFO - [2025-12-01T20:26:04.448+0300] {dag.py:2705} INFO - Sync 1 DAGs
[2025-12-01T20:26:04.489+0300] {logging_mixin.py:137} INFO - [2025-12-01T20:26:04.489+0300] {dag.py:3456} INFO - Setting next_dagrun for example_task_group to 2025-11-30T17:26:04.488968+00:00, run_after=2025-12-01T17:26:04.488968+00:00
[2025-12-01T20:26:04.545+0300] {processor.py:175} INFO - Processing /home/pker/airflow_env/lib/python3.7/site-packages/airflow/example_dags/example_task_group.py took 0.210 seconds
[2025-12-01T20:27:11.766+0300] {processor.py:153} INFO - Started process (PID=922247) to work on /home/pker/airflow_env/lib/python3.7/site-packages/airflow/example_dags/example_task_group.py
[2025-12-01T20:27:11.788+0300] {processor.py:743} INFO - Processing file /home/pker/airflow_env/lib/python3.7/site-packages/airflow/example_dags/example_task_group.py for tasks to queue
[2025-12-01T20:27:11.790+0300] {logging_mixin.py:137} INFO - [2025-12-01T20:27:11.790+0300] {dagbag.py:532} INFO - Filling up the DagBag from /home/pker/airflow_env/lib/python3.7/site-packages/airflow/example_dags/example_task_group.py
[2025-12-01T20:27:11.834+0300] {processor.py:753} INFO - DAG(s) dict_keys(['example_task_group']) retrieved from /home/pker/airflow_env/lib/python3.7/site-packages/airflow/example_dags/example_task_group.py
[2025-12-01T20:27:11.902+0300] {logging_mixin.py:137} INFO - [2025-12-01T20:27:11.902+0300] {dag.py:2705} INFO - Sync 1 DAGs
[2025-12-01T20:27:11.946+0300] {logging_mixin.py:137} INFO - [2025-12-01T20:27:11.946+0300] {dag.py:3456} INFO - Setting next_dagrun for example_task_group to 2025-11-30T17:27:11.945982+00:00, run_after=2025-12-01T17:27:11.945982+00:00
[2025-12-01T20:27:12.002+0300] {processor.py:175} INFO - Processing /home/pker/airflow_env/lib/python3.7/site-packages/airflow/example_dags/example_task_group.py took 0.242 seconds
[2025-12-01T20:28:01.680+0300] {processor.py:153} INFO - Started process (PID=922430) to work on /home/pker/airflow_env/lib/python3.7/site-packages/airflow/example_dags/example_task_group.py
[2025-12-01T20:28:01.702+0300] {processor.py:743} INFO - Processing file /home/pker/airflow_env/lib/python3.7/site-packages/airflow/example_dags/example_task_group.py for tasks to queue
[2025-12-01T20:28:01.704+0300] {logging_mixin.py:137} INFO - [2025-12-01T20:28:01.703+0300] {dagbag.py:532} INFO - Filling up the DagBag from /home/pker/airflow_env/lib/python3.7/site-packages/airflow/example_dags/example_task_group.py
[2025-12-01T20:28:01.732+0300] {processor.py:753} INFO - DAG(s) dict_keys(['example_task_group']) retrieved from /home/pker/airflow_env/lib/python3.7/site-packages/airflow/example_dags/example_task_group.py
[2025-12-01T20:28:01.766+0300] {logging_mixin.py:137} INFO - [2025-12-01T20:28:01.766+0300] {dag.py:2705} INFO - Sync 1 DAGs
[2025-12-01T20:28:01.807+0300] {logging_mixin.py:137} INFO - [2025-12-01T20:28:01.807+0300] {dag.py:3456} INFO - Setting next_dagrun for example_task_group to 2025-11-30T17:28:01.806747+00:00, run_after=2025-12-01T17:28:01.806747+00:00
[2025-12-01T20:28:01.870+0300] {processor.py:175} INFO - Processing /home/pker/airflow_env/lib/python3.7/site-packages/airflow/example_dags/example_task_group.py took 0.197 seconds
[2025-12-01T20:29:09.362+0300] {processor.py:153} INFO - Started process (PID=922696) to work on /home/pker/airflow_env/lib/python3.7/site-packages/airflow/example_dags/example_task_group.py
[2025-12-01T20:29:09.382+0300] {processor.py:743} INFO - Processing file /home/pker/airflow_env/lib/python3.7/site-packages/airflow/example_dags/example_task_group.py for tasks to queue
[2025-12-01T20:29:09.383+0300] {logging_mixin.py:137} INFO - [2025-12-01T20:29:09.383+0300] {dagbag.py:532} INFO - Filling up the DagBag from /home/pker/airflow_env/lib/python3.7/site-packages/airflow/example_dags/example_task_group.py
[2025-12-01T20:29:09.403+0300] {processor.py:753} INFO - DAG(s) dict_keys(['example_task_group']) retrieved from /home/pker/airflow_env/lib/python3.7/site-packages/airflow/example_dags/example_task_group.py
[2025-12-01T20:29:09.431+0300] {logging_mixin.py:137} INFO - [2025-12-01T20:29:09.431+0300] {dag.py:2705} INFO - Sync 1 DAGs
[2025-12-01T20:29:09.458+0300] {logging_mixin.py:137} INFO - [2025-12-01T20:29:09.458+0300] {dag.py:3456} INFO - Setting next_dagrun for example_task_group to 2025-11-30T17:29:09.457927+00:00, run_after=2025-12-01T17:29:09.457927+00:00
[2025-12-01T20:29:09.489+0300] {processor.py:175} INFO - Processing /home/pker/airflow_env/lib/python3.7/site-packages/airflow/example_dags/example_task_group.py took 0.134 seconds
[2025-12-01T20:29:59.059+0300] {processor.py:153} INFO - Started process (PID=922871) to work on /home/pker/airflow_env/lib/python3.7/site-packages/airflow/example_dags/example_task_group.py
[2025-12-01T20:29:59.083+0300] {processor.py:743} INFO - Processing file /home/pker/airflow_env/lib/python3.7/site-packages/airflow/example_dags/example_task_group.py for tasks to queue
[2025-12-01T20:29:59.085+0300] {logging_mixin.py:137} INFO - [2025-12-01T20:29:59.085+0300] {dagbag.py:532} INFO - Filling up the DagBag from /home/pker/airflow_env/lib/python3.7/site-packages/airflow/example_dags/example_task_group.py
[2025-12-01T20:29:59.105+0300] {processor.py:753} INFO - DAG(s) dict_keys(['example_task_group']) retrieved from /home/pker/airflow_env/lib/python3.7/site-packages/airflow/example_dags/example_task_group.py
[2025-12-01T20:29:59.129+0300] {logging_mixin.py:137} INFO - [2025-12-01T20:29:59.129+0300] {dag.py:2705} INFO - Sync 1 DAGs
[2025-12-01T20:29:59.164+0300] {logging_mixin.py:137} INFO - [2025-12-01T20:29:59.164+0300] {dag.py:3456} INFO - Setting next_dagrun for example_task_group to 2025-11-30T17:29:59.163732+00:00, run_after=2025-12-01T17:29:59.163732+00:00
[2025-12-01T20:29:59.206+0300] {processor.py:175} INFO - Processing /home/pker/airflow_env/lib/python3.7/site-packages/airflow/example_dags/example_task_group.py took 0.152 seconds
[2025-12-01T20:30:49.934+0300] {processor.py:153} INFO - Started process (PID=923056) to work on /home/pker/airflow_env/lib/python3.7/site-packages/airflow/example_dags/example_task_group.py
[2025-12-01T20:30:49.940+0300] {processor.py:743} INFO - Processing file /home/pker/airflow_env/lib/python3.7/site-packages/airflow/example_dags/example_task_group.py for tasks to queue
[2025-12-01T20:30:49.941+0300] {logging_mixin.py:137} INFO - [2025-12-01T20:30:49.941+0300] {dagbag.py:532} INFO - Filling up the DagBag from /home/pker/airflow_env/lib/python3.7/site-packages/airflow/example_dags/example_task_group.py
[2025-12-01T20:30:49.960+0300] {processor.py:753} INFO - DAG(s) dict_keys(['example_task_group']) retrieved from /home/pker/airflow_env/lib/python3.7/site-packages/airflow/example_dags/example_task_group.py
[2025-12-01T20:30:49.985+0300] {logging_mixin.py:137} INFO - [2025-12-01T20:30:49.985+0300] {dag.py:2705} INFO - Sync 1 DAGs
[2025-12-01T20:30:50.012+0300] {logging_mixin.py:137} INFO - [2025-12-01T20:30:50.011+0300] {dag.py:3456} INFO - Setting next_dagrun for example_task_group to 2025-11-30T17:30:50.011538+00:00, run_after=2025-12-01T17:30:50.011538+00:00
[2025-12-01T20:30:50.052+0300] {processor.py:175} INFO - Processing /home/pker/airflow_env/lib/python3.7/site-packages/airflow/example_dags/example_task_group.py took 0.121 seconds
[2025-12-01T20:31:41.750+0300] {processor.py:153} INFO - Started process (PID=923244) to work on /home/pker/airflow_env/lib/python3.7/site-packages/airflow/example_dags/example_task_group.py
[2025-12-01T20:31:41.773+0300] {processor.py:743} INFO - Processing file /home/pker/airflow_env/lib/python3.7/site-packages/airflow/example_dags/example_task_group.py for tasks to queue
[2025-12-01T20:31:41.776+0300] {logging_mixin.py:137} INFO - [2025-12-01T20:31:41.776+0300] {dagbag.py:532} INFO - Filling up the DagBag from /home/pker/airflow_env/lib/python3.7/site-packages/airflow/example_dags/example_task_group.py
[2025-12-01T20:31:41.804+0300] {processor.py:753} INFO - DAG(s) dict_keys(['example_task_group']) retrieved from /home/pker/airflow_env/lib/python3.7/site-packages/airflow/example_dags/example_task_group.py
[2025-12-01T20:31:41.832+0300] {logging_mixin.py:137} INFO - [2025-12-01T20:31:41.832+0300] {dag.py:2705} INFO - Sync 1 DAGs
[2025-12-01T20:31:41.859+0300] {logging_mixin.py:137} INFO - [2025-12-01T20:31:41.859+0300] {dag.py:3456} INFO - Setting next_dagrun for example_task_group to 2025-11-30T17:31:41.859320+00:00, run_after=2025-12-01T17:31:41.859320+00:00
[2025-12-01T20:31:41.890+0300] {processor.py:175} INFO - Processing /home/pker/airflow_env/lib/python3.7/site-packages/airflow/example_dags/example_task_group.py took 0.145 seconds
