[2025-12-01T20:14:58.069+0300] {processor.py:153} INFO - Started process (PID=919431) to work on /home/pker/airflow_env/lib/python3.7/site-packages/airflow/example_dags/example_sla_dag.py
[2025-12-01T20:14:58.071+0300] {processor.py:743} INFO - Processing file /home/pker/airflow_env/lib/python3.7/site-packages/airflow/example_dags/example_sla_dag.py for tasks to queue
[2025-12-01T20:14:58.073+0300] {logging_mixin.py:137} INFO - [2025-12-01T20:14:58.073+0300] {dagbag.py:532} INFO - Filling up the DagBag from /home/pker/airflow_env/lib/python3.7/site-packages/airflow/example_dags/example_sla_dag.py
[2025-12-01T20:14:58.110+0300] {processor.py:753} INFO - DAG(s) dict_keys(['example_sla_dag']) retrieved from /home/pker/airflow_env/lib/python3.7/site-packages/airflow/example_dags/example_sla_dag.py
[2025-12-01T20:14:58.173+0300] {logging_mixin.py:137} INFO - [2025-12-01T20:14:58.172+0300] {dag.py:2705} INFO - Sync 1 DAGs
[2025-12-01T20:14:58.203+0300] {logging_mixin.py:137} INFO - [2025-12-01T20:14:58.203+0300] {dag.py:3456} INFO - Setting next_dagrun for example_sla_dag to 2025-12-01T17:12:00+00:00, run_after=2025-12-01T17:14:00+00:00
[2025-12-01T20:14:58.262+0300] {processor.py:175} INFO - Processing /home/pker/airflow_env/lib/python3.7/site-packages/airflow/example_dags/example_sla_dag.py took 0.198 seconds
[2025-12-01T20:15:57.344+0300] {processor.py:153} INFO - Started process (PID=919790) to work on /home/pker/airflow_env/lib/python3.7/site-packages/airflow/example_dags/example_sla_dag.py
[2025-12-01T20:15:57.367+0300] {processor.py:743} INFO - Processing file /home/pker/airflow_env/lib/python3.7/site-packages/airflow/example_dags/example_sla_dag.py for tasks to queue
[2025-12-01T20:15:57.369+0300] {logging_mixin.py:137} INFO - [2025-12-01T20:15:57.369+0300] {dagbag.py:532} INFO - Filling up the DagBag from /home/pker/airflow_env/lib/python3.7/site-packages/airflow/example_dags/example_sla_dag.py
[2025-12-01T20:15:57.410+0300] {processor.py:753} INFO - DAG(s) dict_keys(['example_sla_dag']) retrieved from /home/pker/airflow_env/lib/python3.7/site-packages/airflow/example_dags/example_sla_dag.py
[2025-12-01T20:15:57.441+0300] {logging_mixin.py:137} INFO - [2025-12-01T20:15:57.440+0300] {dag.py:2705} INFO - Sync 1 DAGs
[2025-12-01T20:15:57.474+0300] {logging_mixin.py:137} INFO - [2025-12-01T20:15:57.474+0300] {dag.py:3456} INFO - Setting next_dagrun for example_sla_dag to 2025-12-01T17:12:00+00:00, run_after=2025-12-01T17:14:00+00:00
[2025-12-01T20:15:57.530+0300] {processor.py:175} INFO - Processing /home/pker/airflow_env/lib/python3.7/site-packages/airflow/example_dags/example_sla_dag.py took 0.192 seconds
[2025-12-01T20:16:53.430+0300] {processor.py:153} INFO - Started process (PID=919989) to work on /home/pker/airflow_env/lib/python3.7/site-packages/airflow/example_dags/example_sla_dag.py
[2025-12-01T20:16:53.452+0300] {processor.py:743} INFO - Processing file /home/pker/airflow_env/lib/python3.7/site-packages/airflow/example_dags/example_sla_dag.py for tasks to queue
[2025-12-01T20:16:53.453+0300] {logging_mixin.py:137} INFO - [2025-12-01T20:16:53.453+0300] {dagbag.py:532} INFO - Filling up the DagBag from /home/pker/airflow_env/lib/python3.7/site-packages/airflow/example_dags/example_sla_dag.py
[2025-12-01T20:16:53.490+0300] {processor.py:753} INFO - DAG(s) dict_keys(['example_sla_dag']) retrieved from /home/pker/airflow_env/lib/python3.7/site-packages/airflow/example_dags/example_sla_dag.py
[2025-12-01T20:16:53.513+0300] {logging_mixin.py:137} INFO - [2025-12-01T20:16:53.513+0300] {dag.py:2705} INFO - Sync 1 DAGs
[2025-12-01T20:16:53.548+0300] {logging_mixin.py:137} INFO - [2025-12-01T20:16:53.548+0300] {dag.py:3456} INFO - Setting next_dagrun for example_sla_dag to 2025-12-01T17:14:00+00:00, run_after=2025-12-01T17:16:00+00:00
[2025-12-01T20:16:53.585+0300] {processor.py:175} INFO - Processing /home/pker/airflow_env/lib/python3.7/site-packages/airflow/example_dags/example_sla_dag.py took 0.158 seconds
[2025-12-01T20:17:46.858+0300] {processor.py:153} INFO - Started process (PID=920183) to work on /home/pker/airflow_env/lib/python3.7/site-packages/airflow/example_dags/example_sla_dag.py
[2025-12-01T20:17:46.881+0300] {processor.py:743} INFO - Processing file /home/pker/airflow_env/lib/python3.7/site-packages/airflow/example_dags/example_sla_dag.py for tasks to queue
[2025-12-01T20:17:46.883+0300] {logging_mixin.py:137} INFO - [2025-12-01T20:17:46.882+0300] {dagbag.py:532} INFO - Filling up the DagBag from /home/pker/airflow_env/lib/python3.7/site-packages/airflow/example_dags/example_sla_dag.py
[2025-12-01T20:17:46.921+0300] {processor.py:753} INFO - DAG(s) dict_keys(['example_sla_dag']) retrieved from /home/pker/airflow_env/lib/python3.7/site-packages/airflow/example_dags/example_sla_dag.py
[2025-12-01T20:17:46.946+0300] {logging_mixin.py:137} INFO - [2025-12-01T20:17:46.946+0300] {dag.py:2705} INFO - Sync 1 DAGs
[2025-12-01T20:17:46.980+0300] {logging_mixin.py:137} INFO - [2025-12-01T20:17:46.980+0300] {dag.py:3456} INFO - Setting next_dagrun for example_sla_dag to 2025-12-01T17:14:00+00:00, run_after=2025-12-01T17:16:00+00:00
[2025-12-01T20:17:47.010+0300] {processor.py:175} INFO - Processing /home/pker/airflow_env/lib/python3.7/site-packages/airflow/example_dags/example_sla_dag.py took 0.155 seconds
[2025-12-01T20:18:37.799+0300] {processor.py:153} INFO - Started process (PID=920360) to work on /home/pker/airflow_env/lib/python3.7/site-packages/airflow/example_dags/example_sla_dag.py
[2025-12-01T20:18:37.822+0300] {processor.py:743} INFO - Processing file /home/pker/airflow_env/lib/python3.7/site-packages/airflow/example_dags/example_sla_dag.py for tasks to queue
[2025-12-01T20:18:37.824+0300] {logging_mixin.py:137} INFO - [2025-12-01T20:18:37.824+0300] {dagbag.py:532} INFO - Filling up the DagBag from /home/pker/airflow_env/lib/python3.7/site-packages/airflow/example_dags/example_sla_dag.py
[2025-12-01T20:18:37.867+0300] {processor.py:753} INFO - DAG(s) dict_keys(['example_sla_dag']) retrieved from /home/pker/airflow_env/lib/python3.7/site-packages/airflow/example_dags/example_sla_dag.py
[2025-12-01T20:18:37.896+0300] {logging_mixin.py:137} INFO - [2025-12-01T20:18:37.896+0300] {dag.py:2705} INFO - Sync 1 DAGs
[2025-12-01T20:18:37.941+0300] {logging_mixin.py:137} INFO - [2025-12-01T20:18:37.941+0300] {dag.py:3456} INFO - Setting next_dagrun for example_sla_dag to 2025-12-01T17:16:00+00:00, run_after=2025-12-01T17:18:00+00:00
[2025-12-01T20:18:38.004+0300] {processor.py:175} INFO - Processing /home/pker/airflow_env/lib/python3.7/site-packages/airflow/example_dags/example_sla_dag.py took 0.210 seconds
[2025-12-01T20:19:26.414+0300] {processor.py:153} INFO - Started process (PID=920564) to work on /home/pker/airflow_env/lib/python3.7/site-packages/airflow/example_dags/example_sla_dag.py
[2025-12-01T20:19:26.438+0300] {processor.py:743} INFO - Processing file /home/pker/airflow_env/lib/python3.7/site-packages/airflow/example_dags/example_sla_dag.py for tasks to queue
[2025-12-01T20:19:26.440+0300] {logging_mixin.py:137} INFO - [2025-12-01T20:19:26.440+0300] {dagbag.py:532} INFO - Filling up the DagBag from /home/pker/airflow_env/lib/python3.7/site-packages/airflow/example_dags/example_sla_dag.py
[2025-12-01T20:19:26.485+0300] {processor.py:753} INFO - DAG(s) dict_keys(['example_sla_dag']) retrieved from /home/pker/airflow_env/lib/python3.7/site-packages/airflow/example_dags/example_sla_dag.py
[2025-12-01T20:19:26.514+0300] {logging_mixin.py:137} INFO - [2025-12-01T20:19:26.514+0300] {dag.py:2705} INFO - Sync 1 DAGs
[2025-12-01T20:19:26.546+0300] {logging_mixin.py:137} INFO - [2025-12-01T20:19:26.546+0300] {dag.py:3456} INFO - Setting next_dagrun for example_sla_dag to 2025-12-01T17:16:00+00:00, run_after=2025-12-01T17:18:00+00:00
[2025-12-01T20:19:26.608+0300] {processor.py:175} INFO - Processing /home/pker/airflow_env/lib/python3.7/site-packages/airflow/example_dags/example_sla_dag.py took 0.201 seconds
[2025-12-01T20:20:16.046+0300] {processor.py:153} INFO - Started process (PID=920737) to work on /home/pker/airflow_env/lib/python3.7/site-packages/airflow/example_dags/example_sla_dag.py
[2025-12-01T20:20:16.070+0300] {processor.py:743} INFO - Processing file /home/pker/airflow_env/lib/python3.7/site-packages/airflow/example_dags/example_sla_dag.py for tasks to queue
[2025-12-01T20:20:16.073+0300] {logging_mixin.py:137} INFO - [2025-12-01T20:20:16.072+0300] {dagbag.py:532} INFO - Filling up the DagBag from /home/pker/airflow_env/lib/python3.7/site-packages/airflow/example_dags/example_sla_dag.py
[2025-12-01T20:20:16.115+0300] {processor.py:753} INFO - DAG(s) dict_keys(['example_sla_dag']) retrieved from /home/pker/airflow_env/lib/python3.7/site-packages/airflow/example_dags/example_sla_dag.py
[2025-12-01T20:20:16.143+0300] {logging_mixin.py:137} INFO - [2025-12-01T20:20:16.142+0300] {dag.py:2705} INFO - Sync 1 DAGs
[2025-12-01T20:20:16.173+0300] {logging_mixin.py:137} INFO - [2025-12-01T20:20:16.173+0300] {dag.py:3456} INFO - Setting next_dagrun for example_sla_dag to 2025-12-01T17:18:00+00:00, run_after=2025-12-01T17:20:00+00:00
[2025-12-01T20:20:16.200+0300] {processor.py:175} INFO - Processing /home/pker/airflow_env/lib/python3.7/site-packages/airflow/example_dags/example_sla_dag.py took 0.159 seconds
[2025-12-01T20:21:03.454+0300] {processor.py:153} INFO - Started process (PID=920910) to work on /home/pker/airflow_env/lib/python3.7/site-packages/airflow/example_dags/example_sla_dag.py
[2025-12-01T20:21:03.478+0300] {processor.py:743} INFO - Processing file /home/pker/airflow_env/lib/python3.7/site-packages/airflow/example_dags/example_sla_dag.py for tasks to queue
[2025-12-01T20:21:03.481+0300] {logging_mixin.py:137} INFO - [2025-12-01T20:21:03.480+0300] {dagbag.py:532} INFO - Filling up the DagBag from /home/pker/airflow_env/lib/python3.7/site-packages/airflow/example_dags/example_sla_dag.py
[2025-12-01T20:21:03.527+0300] {processor.py:753} INFO - DAG(s) dict_keys(['example_sla_dag']) retrieved from /home/pker/airflow_env/lib/python3.7/site-packages/airflow/example_dags/example_sla_dag.py
[2025-12-01T20:21:03.558+0300] {logging_mixin.py:137} INFO - [2025-12-01T20:21:03.557+0300] {dag.py:2705} INFO - Sync 1 DAGs
[2025-12-01T20:21:03.595+0300] {logging_mixin.py:137} INFO - [2025-12-01T20:21:03.595+0300] {dag.py:3456} INFO - Setting next_dagrun for example_sla_dag to 2025-12-01T17:18:00+00:00, run_after=2025-12-01T17:20:00+00:00
[2025-12-01T20:21:03.645+0300] {processor.py:175} INFO - Processing /home/pker/airflow_env/lib/python3.7/site-packages/airflow/example_dags/example_sla_dag.py took 0.197 seconds
[2025-12-01T20:21:49.760+0300] {processor.py:153} INFO - Started process (PID=921074) to work on /home/pker/airflow_env/lib/python3.7/site-packages/airflow/example_dags/example_sla_dag.py
[2025-12-01T20:21:49.764+0300] {processor.py:743} INFO - Processing file /home/pker/airflow_env/lib/python3.7/site-packages/airflow/example_dags/example_sla_dag.py for tasks to queue
[2025-12-01T20:21:49.765+0300] {logging_mixin.py:137} INFO - [2025-12-01T20:21:49.765+0300] {dagbag.py:532} INFO - Filling up the DagBag from /home/pker/airflow_env/lib/python3.7/site-packages/airflow/example_dags/example_sla_dag.py
[2025-12-01T20:21:49.796+0300] {processor.py:753} INFO - DAG(s) dict_keys(['example_sla_dag']) retrieved from /home/pker/airflow_env/lib/python3.7/site-packages/airflow/example_dags/example_sla_dag.py
[2025-12-01T20:21:49.820+0300] {logging_mixin.py:137} INFO - [2025-12-01T20:21:49.820+0300] {dag.py:2705} INFO - Sync 1 DAGs
[2025-12-01T20:21:49.852+0300] {logging_mixin.py:137} INFO - [2025-12-01T20:21:49.851+0300] {dag.py:3456} INFO - Setting next_dagrun for example_sla_dag to 2025-12-01T17:18:00+00:00, run_after=2025-12-01T17:20:00+00:00
[2025-12-01T20:21:49.888+0300] {processor.py:175} INFO - Processing /home/pker/airflow_env/lib/python3.7/site-packages/airflow/example_dags/example_sla_dag.py took 0.133 seconds
[2025-12-01T20:22:40.079+0300] {processor.py:153} INFO - Started process (PID=921253) to work on /home/pker/airflow_env/lib/python3.7/site-packages/airflow/example_dags/example_sla_dag.py
[2025-12-01T20:22:40.087+0300] {processor.py:743} INFO - Processing file /home/pker/airflow_env/lib/python3.7/site-packages/airflow/example_dags/example_sla_dag.py for tasks to queue
[2025-12-01T20:22:40.090+0300] {logging_mixin.py:137} INFO - [2025-12-01T20:22:40.090+0300] {dagbag.py:532} INFO - Filling up the DagBag from /home/pker/airflow_env/lib/python3.7/site-packages/airflow/example_dags/example_sla_dag.py
[2025-12-01T20:22:40.129+0300] {processor.py:753} INFO - DAG(s) dict_keys(['example_sla_dag']) retrieved from /home/pker/airflow_env/lib/python3.7/site-packages/airflow/example_dags/example_sla_dag.py
[2025-12-01T20:22:40.158+0300] {logging_mixin.py:137} INFO - [2025-12-01T20:22:40.158+0300] {dag.py:2705} INFO - Sync 1 DAGs
[2025-12-01T20:22:40.190+0300] {logging_mixin.py:137} INFO - [2025-12-01T20:22:40.190+0300] {dag.py:3456} INFO - Setting next_dagrun for example_sla_dag to 2025-12-01T17:20:00+00:00, run_after=2025-12-01T17:22:00+00:00
[2025-12-01T20:22:40.245+0300] {processor.py:175} INFO - Processing /home/pker/airflow_env/lib/python3.7/site-packages/airflow/example_dags/example_sla_dag.py took 0.172 seconds
[2025-12-01T20:23:30.285+0300] {processor.py:153} INFO - Started process (PID=921429) to work on /home/pker/airflow_env/lib/python3.7/site-packages/airflow/example_dags/example_sla_dag.py
[2025-12-01T20:23:30.309+0300] {processor.py:743} INFO - Processing file /home/pker/airflow_env/lib/python3.7/site-packages/airflow/example_dags/example_sla_dag.py for tasks to queue
[2025-12-01T20:23:30.312+0300] {logging_mixin.py:137} INFO - [2025-12-01T20:23:30.311+0300] {dagbag.py:532} INFO - Filling up the DagBag from /home/pker/airflow_env/lib/python3.7/site-packages/airflow/example_dags/example_sla_dag.py
[2025-12-01T20:23:30.352+0300] {processor.py:753} INFO - DAG(s) dict_keys(['example_sla_dag']) retrieved from /home/pker/airflow_env/lib/python3.7/site-packages/airflow/example_dags/example_sla_dag.py
[2025-12-01T20:23:30.375+0300] {logging_mixin.py:137} INFO - [2025-12-01T20:23:30.375+0300] {dag.py:2705} INFO - Sync 1 DAGs
[2025-12-01T20:23:30.405+0300] {logging_mixin.py:137} INFO - [2025-12-01T20:23:30.405+0300] {dag.py:3456} INFO - Setting next_dagrun for example_sla_dag to 2025-12-01T17:20:00+00:00, run_after=2025-12-01T17:22:00+00:00
[2025-12-01T20:23:30.459+0300] {processor.py:175} INFO - Processing /home/pker/airflow_env/lib/python3.7/site-packages/airflow/example_dags/example_sla_dag.py took 0.179 seconds
[2025-12-01T20:24:22.877+0300] {processor.py:153} INFO - Started process (PID=921640) to work on /home/pker/airflow_env/lib/python3.7/site-packages/airflow/example_dags/example_sla_dag.py
[2025-12-01T20:24:22.901+0300] {processor.py:743} INFO - Processing file /home/pker/airflow_env/lib/python3.7/site-packages/airflow/example_dags/example_sla_dag.py for tasks to queue
[2025-12-01T20:24:22.903+0300] {logging_mixin.py:137} INFO - [2025-12-01T20:24:22.903+0300] {dagbag.py:532} INFO - Filling up the DagBag from /home/pker/airflow_env/lib/python3.7/site-packages/airflow/example_dags/example_sla_dag.py
[2025-12-01T20:24:22.944+0300] {processor.py:753} INFO - DAG(s) dict_keys(['example_sla_dag']) retrieved from /home/pker/airflow_env/lib/python3.7/site-packages/airflow/example_dags/example_sla_dag.py
[2025-12-01T20:24:22.977+0300] {logging_mixin.py:137} INFO - [2025-12-01T20:24:22.976+0300] {dag.py:2705} INFO - Sync 1 DAGs
[2025-12-01T20:24:23.019+0300] {logging_mixin.py:137} INFO - [2025-12-01T20:24:23.019+0300] {dag.py:3456} INFO - Setting next_dagrun for example_sla_dag to 2025-12-01T17:22:00+00:00, run_after=2025-12-01T17:24:00+00:00
[2025-12-01T20:24:23.089+0300] {processor.py:175} INFO - Processing /home/pker/airflow_env/lib/python3.7/site-packages/airflow/example_dags/example_sla_dag.py took 0.218 seconds
[2025-12-01T20:25:13.038+0300] {processor.py:153} INFO - Started process (PID=921821) to work on /home/pker/airflow_env/lib/python3.7/site-packages/airflow/example_dags/example_sla_dag.py
[2025-12-01T20:25:13.062+0300] {processor.py:743} INFO - Processing file /home/pker/airflow_env/lib/python3.7/site-packages/airflow/example_dags/example_sla_dag.py for tasks to queue
[2025-12-01T20:25:13.065+0300] {logging_mixin.py:137} INFO - [2025-12-01T20:25:13.065+0300] {dagbag.py:532} INFO - Filling up the DagBag from /home/pker/airflow_env/lib/python3.7/site-packages/airflow/example_dags/example_sla_dag.py
[2025-12-01T20:25:13.105+0300] {processor.py:753} INFO - DAG(s) dict_keys(['example_sla_dag']) retrieved from /home/pker/airflow_env/lib/python3.7/site-packages/airflow/example_dags/example_sla_dag.py
[2025-12-01T20:25:13.129+0300] {logging_mixin.py:137} INFO - [2025-12-01T20:25:13.129+0300] {dag.py:2705} INFO - Sync 1 DAGs
[2025-12-01T20:25:13.159+0300] {logging_mixin.py:137} INFO - [2025-12-01T20:25:13.159+0300] {dag.py:3456} INFO - Setting next_dagrun for example_sla_dag to 2025-12-01T17:22:00+00:00, run_after=2025-12-01T17:24:00+00:00
[2025-12-01T20:25:13.204+0300] {processor.py:175} INFO - Processing /home/pker/airflow_env/lib/python3.7/site-packages/airflow/example_dags/example_sla_dag.py took 0.171 seconds
[2025-12-01T20:25:59.290+0300] {processor.py:153} INFO - Started process (PID=921986) to work on /home/pker/airflow_env/lib/python3.7/site-packages/airflow/example_dags/example_sla_dag.py
[2025-12-01T20:25:59.311+0300] {processor.py:743} INFO - Processing file /home/pker/airflow_env/lib/python3.7/site-packages/airflow/example_dags/example_sla_dag.py for tasks to queue
[2025-12-01T20:25:59.313+0300] {logging_mixin.py:137} INFO - [2025-12-01T20:25:59.313+0300] {dagbag.py:532} INFO - Filling up the DagBag from /home/pker/airflow_env/lib/python3.7/site-packages/airflow/example_dags/example_sla_dag.py
[2025-12-01T20:25:59.353+0300] {processor.py:753} INFO - DAG(s) dict_keys(['example_sla_dag']) retrieved from /home/pker/airflow_env/lib/python3.7/site-packages/airflow/example_dags/example_sla_dag.py
[2025-12-01T20:25:59.377+0300] {logging_mixin.py:137} INFO - [2025-12-01T20:25:59.377+0300] {dag.py:2705} INFO - Sync 1 DAGs
[2025-12-01T20:25:59.406+0300] {logging_mixin.py:137} INFO - [2025-12-01T20:25:59.406+0300] {dag.py:3456} INFO - Setting next_dagrun for example_sla_dag to 2025-12-01T17:22:00+00:00, run_after=2025-12-01T17:24:00+00:00
[2025-12-01T20:25:59.431+0300] {processor.py:175} INFO - Processing /home/pker/airflow_env/lib/python3.7/site-packages/airflow/example_dags/example_sla_dag.py took 0.146 seconds
[2025-12-01T20:26:47.880+0300] {processor.py:153} INFO - Started process (PID=922159) to work on /home/pker/airflow_env/lib/python3.7/site-packages/airflow/example_dags/example_sla_dag.py
[2025-12-01T20:26:47.902+0300] {processor.py:743} INFO - Processing file /home/pker/airflow_env/lib/python3.7/site-packages/airflow/example_dags/example_sla_dag.py for tasks to queue
[2025-12-01T20:26:47.904+0300] {logging_mixin.py:137} INFO - [2025-12-01T20:26:47.903+0300] {dagbag.py:532} INFO - Filling up the DagBag from /home/pker/airflow_env/lib/python3.7/site-packages/airflow/example_dags/example_sla_dag.py
[2025-12-01T20:26:47.951+0300] {processor.py:753} INFO - DAG(s) dict_keys(['example_sla_dag']) retrieved from /home/pker/airflow_env/lib/python3.7/site-packages/airflow/example_dags/example_sla_dag.py
[2025-12-01T20:26:47.975+0300] {logging_mixin.py:137} INFO - [2025-12-01T20:26:47.975+0300] {dag.py:2705} INFO - Sync 1 DAGs
[2025-12-01T20:26:48.008+0300] {logging_mixin.py:137} INFO - [2025-12-01T20:26:48.008+0300] {dag.py:3456} INFO - Setting next_dagrun for example_sla_dag to 2025-12-01T17:24:00+00:00, run_after=2025-12-01T17:26:00+00:00
[2025-12-01T20:26:48.037+0300] {processor.py:175} INFO - Processing /home/pker/airflow_env/lib/python3.7/site-packages/airflow/example_dags/example_sla_dag.py took 0.162 seconds
[2025-12-01T20:27:35.511+0300] {processor.py:153} INFO - Started process (PID=922331) to work on /home/pker/airflow_env/lib/python3.7/site-packages/airflow/example_dags/example_sla_dag.py
[2025-12-01T20:27:35.534+0300] {processor.py:743} INFO - Processing file /home/pker/airflow_env/lib/python3.7/site-packages/airflow/example_dags/example_sla_dag.py for tasks to queue
[2025-12-01T20:27:35.538+0300] {logging_mixin.py:137} INFO - [2025-12-01T20:27:35.537+0300] {dagbag.py:532} INFO - Filling up the DagBag from /home/pker/airflow_env/lib/python3.7/site-packages/airflow/example_dags/example_sla_dag.py
[2025-12-01T20:27:35.578+0300] {processor.py:753} INFO - DAG(s) dict_keys(['example_sla_dag']) retrieved from /home/pker/airflow_env/lib/python3.7/site-packages/airflow/example_dags/example_sla_dag.py
[2025-12-01T20:27:35.608+0300] {logging_mixin.py:137} INFO - [2025-12-01T20:27:35.608+0300] {dag.py:2705} INFO - Sync 1 DAGs
[2025-12-01T20:27:35.652+0300] {logging_mixin.py:137} INFO - [2025-12-01T20:27:35.651+0300] {dag.py:3456} INFO - Setting next_dagrun for example_sla_dag to 2025-12-01T17:24:00+00:00, run_after=2025-12-01T17:26:00+00:00
[2025-12-01T20:27:35.716+0300] {processor.py:175} INFO - Processing /home/pker/airflow_env/lib/python3.7/site-packages/airflow/example_dags/example_sla_dag.py took 0.210 seconds
[2025-12-01T20:28:23.824+0300] {processor.py:153} INFO - Started process (PID=922506) to work on /home/pker/airflow_env/lib/python3.7/site-packages/airflow/example_dags/example_sla_dag.py
[2025-12-01T20:28:23.846+0300] {processor.py:743} INFO - Processing file /home/pker/airflow_env/lib/python3.7/site-packages/airflow/example_dags/example_sla_dag.py for tasks to queue
[2025-12-01T20:28:23.849+0300] {logging_mixin.py:137} INFO - [2025-12-01T20:28:23.849+0300] {dagbag.py:532} INFO - Filling up the DagBag from /home/pker/airflow_env/lib/python3.7/site-packages/airflow/example_dags/example_sla_dag.py
[2025-12-01T20:28:23.886+0300] {processor.py:753} INFO - DAG(s) dict_keys(['example_sla_dag']) retrieved from /home/pker/airflow_env/lib/python3.7/site-packages/airflow/example_dags/example_sla_dag.py
[2025-12-01T20:28:23.910+0300] {logging_mixin.py:137} INFO - [2025-12-01T20:28:23.909+0300] {dag.py:2705} INFO - Sync 1 DAGs
[2025-12-01T20:28:23.944+0300] {logging_mixin.py:137} INFO - [2025-12-01T20:28:23.944+0300] {dag.py:3456} INFO - Setting next_dagrun for example_sla_dag to 2025-12-01T17:26:00+00:00, run_after=2025-12-01T17:28:00+00:00
[2025-12-01T20:28:24.003+0300] {processor.py:175} INFO - Processing /home/pker/airflow_env/lib/python3.7/site-packages/airflow/example_dags/example_sla_dag.py took 0.183 seconds
[2025-12-01T20:29:07.956+0300] {processor.py:153} INFO - Started process (PID=922692) to work on /home/pker/airflow_env/lib/python3.7/site-packages/airflow/example_dags/example_sla_dag.py
[2025-12-01T20:29:07.980+0300] {processor.py:743} INFO - Processing file /home/pker/airflow_env/lib/python3.7/site-packages/airflow/example_dags/example_sla_dag.py for tasks to queue
[2025-12-01T20:29:07.983+0300] {logging_mixin.py:137} INFO - [2025-12-01T20:29:07.982+0300] {dagbag.py:532} INFO - Filling up the DagBag from /home/pker/airflow_env/lib/python3.7/site-packages/airflow/example_dags/example_sla_dag.py
[2025-12-01T20:29:08.023+0300] {processor.py:753} INFO - DAG(s) dict_keys(['example_sla_dag']) retrieved from /home/pker/airflow_env/lib/python3.7/site-packages/airflow/example_dags/example_sla_dag.py
[2025-12-01T20:29:08.051+0300] {logging_mixin.py:137} INFO - [2025-12-01T20:29:08.051+0300] {dag.py:2705} INFO - Sync 1 DAGs
[2025-12-01T20:29:08.096+0300] {logging_mixin.py:137} INFO - [2025-12-01T20:29:08.096+0300] {dag.py:3456} INFO - Setting next_dagrun for example_sla_dag to 2025-12-01T17:26:00+00:00, run_after=2025-12-01T17:28:00+00:00
[2025-12-01T20:29:08.154+0300] {processor.py:175} INFO - Processing /home/pker/airflow_env/lib/python3.7/site-packages/airflow/example_dags/example_sla_dag.py took 0.203 seconds
[2025-12-01T20:29:56.394+0300] {processor.py:153} INFO - Started process (PID=922863) to work on /home/pker/airflow_env/lib/python3.7/site-packages/airflow/example_dags/example_sla_dag.py
[2025-12-01T20:29:56.409+0300] {processor.py:743} INFO - Processing file /home/pker/airflow_env/lib/python3.7/site-packages/airflow/example_dags/example_sla_dag.py for tasks to queue
[2025-12-01T20:29:56.411+0300] {logging_mixin.py:137} INFO - [2025-12-01T20:29:56.411+0300] {dagbag.py:532} INFO - Filling up the DagBag from /home/pker/airflow_env/lib/python3.7/site-packages/airflow/example_dags/example_sla_dag.py
[2025-12-01T20:29:56.454+0300] {processor.py:753} INFO - DAG(s) dict_keys(['example_sla_dag']) retrieved from /home/pker/airflow_env/lib/python3.7/site-packages/airflow/example_dags/example_sla_dag.py
[2025-12-01T20:29:56.486+0300] {logging_mixin.py:137} INFO - [2025-12-01T20:29:56.485+0300] {dag.py:2705} INFO - Sync 1 DAGs
[2025-12-01T20:29:56.525+0300] {logging_mixin.py:137} INFO - [2025-12-01T20:29:56.525+0300] {dag.py:3456} INFO - Setting next_dagrun for example_sla_dag to 2025-12-01T17:26:00+00:00, run_after=2025-12-01T17:28:00+00:00
[2025-12-01T20:29:56.586+0300] {processor.py:175} INFO - Processing /home/pker/airflow_env/lib/python3.7/site-packages/airflow/example_dags/example_sla_dag.py took 0.202 seconds
[2025-12-01T20:30:48.008+0300] {processor.py:153} INFO - Started process (PID=923048) to work on /home/pker/airflow_env/lib/python3.7/site-packages/airflow/example_dags/example_sla_dag.py
[2025-12-01T20:30:48.010+0300] {processor.py:743} INFO - Processing file /home/pker/airflow_env/lib/python3.7/site-packages/airflow/example_dags/example_sla_dag.py for tasks to queue
[2025-12-01T20:30:48.012+0300] {logging_mixin.py:137} INFO - [2025-12-01T20:30:48.011+0300] {dagbag.py:532} INFO - Filling up the DagBag from /home/pker/airflow_env/lib/python3.7/site-packages/airflow/example_dags/example_sla_dag.py
[2025-12-01T20:30:48.047+0300] {processor.py:753} INFO - DAG(s) dict_keys(['example_sla_dag']) retrieved from /home/pker/airflow_env/lib/python3.7/site-packages/airflow/example_dags/example_sla_dag.py
[2025-12-01T20:30:48.074+0300] {logging_mixin.py:137} INFO - [2025-12-01T20:30:48.074+0300] {dag.py:2705} INFO - Sync 1 DAGs
[2025-12-01T20:30:48.120+0300] {logging_mixin.py:137} INFO - [2025-12-01T20:30:48.120+0300] {dag.py:3456} INFO - Setting next_dagrun for example_sla_dag to 2025-12-01T17:28:00+00:00, run_after=2025-12-01T17:30:00+00:00
[2025-12-01T20:30:48.175+0300] {processor.py:175} INFO - Processing /home/pker/airflow_env/lib/python3.7/site-packages/airflow/example_dags/example_sla_dag.py took 0.174 seconds
[2025-12-01T20:31:39.018+0300] {processor.py:153} INFO - Started process (PID=923233) to work on /home/pker/airflow_env/lib/python3.7/site-packages/airflow/example_dags/example_sla_dag.py
[2025-12-01T20:31:39.040+0300] {processor.py:743} INFO - Processing file /home/pker/airflow_env/lib/python3.7/site-packages/airflow/example_dags/example_sla_dag.py for tasks to queue
[2025-12-01T20:31:39.041+0300] {logging_mixin.py:137} INFO - [2025-12-01T20:31:39.040+0300] {dagbag.py:532} INFO - Filling up the DagBag from /home/pker/airflow_env/lib/python3.7/site-packages/airflow/example_dags/example_sla_dag.py
[2025-12-01T20:31:39.077+0300] {processor.py:753} INFO - DAG(s) dict_keys(['example_sla_dag']) retrieved from /home/pker/airflow_env/lib/python3.7/site-packages/airflow/example_dags/example_sla_dag.py
[2025-12-01T20:31:39.101+0300] {logging_mixin.py:137} INFO - [2025-12-01T20:31:39.101+0300] {dag.py:2705} INFO - Sync 1 DAGs
[2025-12-01T20:31:39.132+0300] {logging_mixin.py:137} INFO - [2025-12-01T20:31:39.131+0300] {dag.py:3456} INFO - Setting next_dagrun for example_sla_dag to 2025-12-01T17:28:00+00:00, run_after=2025-12-01T17:30:00+00:00
[2025-12-01T20:31:39.163+0300] {processor.py:175} INFO - Processing /home/pker/airflow_env/lib/python3.7/site-packages/airflow/example_dags/example_sla_dag.py took 0.153 seconds
