[2025-12-01T13:02:48.214+0300] {processor.py:153} INFO - Started process (PID=912844) to work on /home/pker/airflow_env/lib/python3.7/site-packages/airflow/example_dags/example_complex.py
[2025-12-01T13:02:48.215+0300] {processor.py:743} INFO - Processing file /home/pker/airflow_env/lib/python3.7/site-packages/airflow/example_dags/example_complex.py for tasks to queue
[2025-12-01T13:02:48.217+0300] {logging_mixin.py:137} INFO - [2025-12-01T13:02:48.217+0300] {dagbag.py:532} INFO - Filling up the DagBag from /home/pker/airflow_env/lib/python3.7/site-packages/airflow/example_dags/example_complex.py
[2025-12-01T13:02:48.237+0300] {logging_mixin.py:137} INFO - [2025-12-01T13:02:48.237+0300] {taskmixin.py:211} WARNING - Dependency <Task(BashOperator): create_entry_group>, delete_entry_group already registered for DAG: example_complex
[2025-12-01T13:02:48.237+0300] {logging_mixin.py:137} INFO - [2025-12-01T13:02:48.237+0300] {taskmixin.py:211} WARNING - Dependency <Task(BashOperator): delete_entry_group>, create_entry_group already registered for DAG: example_complex
[2025-12-01T13:02:48.238+0300] {logging_mixin.py:137} INFO - [2025-12-01T13:02:48.238+0300] {taskmixin.py:211} WARNING - Dependency <Task(BashOperator): create_entry_gcs>, delete_entry already registered for DAG: example_complex
[2025-12-01T13:02:48.238+0300] {logging_mixin.py:137} INFO - [2025-12-01T13:02:48.238+0300] {taskmixin.py:211} WARNING - Dependency <Task(BashOperator): delete_entry>, create_entry_gcs already registered for DAG: example_complex
[2025-12-01T13:02:48.238+0300] {logging_mixin.py:137} INFO - [2025-12-01T13:02:48.238+0300] {taskmixin.py:211} WARNING - Dependency <Task(BashOperator): create_tag>, delete_tag already registered for DAG: example_complex
[2025-12-01T13:02:48.238+0300] {logging_mixin.py:137} INFO - [2025-12-01T13:02:48.238+0300] {taskmixin.py:211} WARNING - Dependency <Task(BashOperator): delete_tag>, create_tag already registered for DAG: example_complex
[2025-12-01T13:02:48.247+0300] {processor.py:753} INFO - DAG(s) dict_keys(['example_complex']) retrieved from /home/pker/airflow_env/lib/python3.7/site-packages/airflow/example_dags/example_complex.py
[2025-12-01T13:02:48.380+0300] {logging_mixin.py:137} INFO - [2025-12-01T13:02:48.380+0300] {dag.py:2705} INFO - Sync 1 DAGs
[2025-12-01T13:02:48.432+0300] {logging_mixin.py:137} INFO - [2025-12-01T13:02:48.432+0300] {dag.py:3456} INFO - Setting next_dagrun for example_complex to None, run_after=None
[2025-12-01T13:02:48.480+0300] {processor.py:175} INFO - Processing /home/pker/airflow_env/lib/python3.7/site-packages/airflow/example_dags/example_complex.py took 0.273 seconds
[2025-12-01T20:14:35.663+0300] {processor.py:153} INFO - Started process (PID=919346) to work on /home/pker/airflow_env/lib/python3.7/site-packages/airflow/example_dags/example_complex.py
[2025-12-01T20:14:35.685+0300] {processor.py:743} INFO - Processing file /home/pker/airflow_env/lib/python3.7/site-packages/airflow/example_dags/example_complex.py for tasks to queue
[2025-12-01T20:14:35.687+0300] {logging_mixin.py:137} INFO - [2025-12-01T20:14:35.686+0300] {dagbag.py:532} INFO - Filling up the DagBag from /home/pker/airflow_env/lib/python3.7/site-packages/airflow/example_dags/example_complex.py
[2025-12-01T20:14:35.706+0300] {logging_mixin.py:137} INFO - [2025-12-01T20:14:35.706+0300] {taskmixin.py:211} WARNING - Dependency <Task(BashOperator): create_entry_group>, delete_entry_group already registered for DAG: example_complex
[2025-12-01T20:14:35.707+0300] {logging_mixin.py:137} INFO - [2025-12-01T20:14:35.706+0300] {taskmixin.py:211} WARNING - Dependency <Task(BashOperator): delete_entry_group>, create_entry_group already registered for DAG: example_complex
[2025-12-01T20:14:35.707+0300] {logging_mixin.py:137} INFO - [2025-12-01T20:14:35.707+0300] {taskmixin.py:211} WARNING - Dependency <Task(BashOperator): create_entry_gcs>, delete_entry already registered for DAG: example_complex
[2025-12-01T20:14:35.707+0300] {logging_mixin.py:137} INFO - [2025-12-01T20:14:35.707+0300] {taskmixin.py:211} WARNING - Dependency <Task(BashOperator): delete_entry>, create_entry_gcs already registered for DAG: example_complex
[2025-12-01T20:14:35.708+0300] {logging_mixin.py:137} INFO - [2025-12-01T20:14:35.708+0300] {taskmixin.py:211} WARNING - Dependency <Task(BashOperator): create_tag>, delete_tag already registered for DAG: example_complex
[2025-12-01T20:14:35.708+0300] {logging_mixin.py:137} INFO - [2025-12-01T20:14:35.708+0300] {taskmixin.py:211} WARNING - Dependency <Task(BashOperator): delete_tag>, create_tag already registered for DAG: example_complex
[2025-12-01T20:14:35.718+0300] {processor.py:753} INFO - DAG(s) dict_keys(['example_complex']) retrieved from /home/pker/airflow_env/lib/python3.7/site-packages/airflow/example_dags/example_complex.py
[2025-12-01T20:14:35.764+0300] {logging_mixin.py:137} INFO - [2025-12-01T20:14:35.763+0300] {dag.py:2705} INFO - Sync 1 DAGs
[2025-12-01T20:14:35.797+0300] {logging_mixin.py:137} INFO - [2025-12-01T20:14:35.797+0300] {dag.py:3456} INFO - Setting next_dagrun for example_complex to None, run_after=None
[2025-12-01T20:14:35.837+0300] {processor.py:175} INFO - Processing /home/pker/airflow_env/lib/python3.7/site-packages/airflow/example_dags/example_complex.py took 0.177 seconds
[2025-12-01T20:15:34.895+0300] {processor.py:153} INFO - Started process (PID=919706) to work on /home/pker/airflow_env/lib/python3.7/site-packages/airflow/example_dags/example_complex.py
[2025-12-01T20:15:34.917+0300] {processor.py:743} INFO - Processing file /home/pker/airflow_env/lib/python3.7/site-packages/airflow/example_dags/example_complex.py for tasks to queue
[2025-12-01T20:15:34.920+0300] {logging_mixin.py:137} INFO - [2025-12-01T20:15:34.919+0300] {dagbag.py:532} INFO - Filling up the DagBag from /home/pker/airflow_env/lib/python3.7/site-packages/airflow/example_dags/example_complex.py
[2025-12-01T20:15:34.940+0300] {logging_mixin.py:137} INFO - [2025-12-01T20:15:34.940+0300] {taskmixin.py:211} WARNING - Dependency <Task(BashOperator): create_entry_group>, delete_entry_group already registered for DAG: example_complex
[2025-12-01T20:15:34.941+0300] {logging_mixin.py:137} INFO - [2025-12-01T20:15:34.940+0300] {taskmixin.py:211} WARNING - Dependency <Task(BashOperator): delete_entry_group>, create_entry_group already registered for DAG: example_complex
[2025-12-01T20:15:34.941+0300] {logging_mixin.py:137} INFO - [2025-12-01T20:15:34.941+0300] {taskmixin.py:211} WARNING - Dependency <Task(BashOperator): create_entry_gcs>, delete_entry already registered for DAG: example_complex
[2025-12-01T20:15:34.941+0300] {logging_mixin.py:137} INFO - [2025-12-01T20:15:34.941+0300] {taskmixin.py:211} WARNING - Dependency <Task(BashOperator): delete_entry>, create_entry_gcs already registered for DAG: example_complex
[2025-12-01T20:15:34.941+0300] {logging_mixin.py:137} INFO - [2025-12-01T20:15:34.941+0300] {taskmixin.py:211} WARNING - Dependency <Task(BashOperator): create_tag>, delete_tag already registered for DAG: example_complex
[2025-12-01T20:15:34.941+0300] {logging_mixin.py:137} INFO - [2025-12-01T20:15:34.941+0300] {taskmixin.py:211} WARNING - Dependency <Task(BashOperator): delete_tag>, create_tag already registered for DAG: example_complex
[2025-12-01T20:15:34.952+0300] {processor.py:753} INFO - DAG(s) dict_keys(['example_complex']) retrieved from /home/pker/airflow_env/lib/python3.7/site-packages/airflow/example_dags/example_complex.py
[2025-12-01T20:15:35.009+0300] {logging_mixin.py:137} INFO - [2025-12-01T20:15:35.008+0300] {dag.py:2705} INFO - Sync 1 DAGs
[2025-12-01T20:15:35.047+0300] {logging_mixin.py:137} INFO - [2025-12-01T20:15:35.047+0300] {dag.py:3456} INFO - Setting next_dagrun for example_complex to None, run_after=None
[2025-12-01T20:15:35.107+0300] {processor.py:175} INFO - Processing /home/pker/airflow_env/lib/python3.7/site-packages/airflow/example_dags/example_complex.py took 0.217 seconds
[2025-12-01T20:16:29.450+0300] {processor.py:153} INFO - Started process (PID=919904) to work on /home/pker/airflow_env/lib/python3.7/site-packages/airflow/example_dags/example_complex.py
[2025-12-01T20:16:29.472+0300] {processor.py:743} INFO - Processing file /home/pker/airflow_env/lib/python3.7/site-packages/airflow/example_dags/example_complex.py for tasks to queue
[2025-12-01T20:16:29.475+0300] {logging_mixin.py:137} INFO - [2025-12-01T20:16:29.474+0300] {dagbag.py:532} INFO - Filling up the DagBag from /home/pker/airflow_env/lib/python3.7/site-packages/airflow/example_dags/example_complex.py
[2025-12-01T20:16:29.495+0300] {logging_mixin.py:137} INFO - [2025-12-01T20:16:29.495+0300] {taskmixin.py:211} WARNING - Dependency <Task(BashOperator): create_entry_group>, delete_entry_group already registered for DAG: example_complex
[2025-12-01T20:16:29.496+0300] {logging_mixin.py:137} INFO - [2025-12-01T20:16:29.495+0300] {taskmixin.py:211} WARNING - Dependency <Task(BashOperator): delete_entry_group>, create_entry_group already registered for DAG: example_complex
[2025-12-01T20:16:29.496+0300] {logging_mixin.py:137} INFO - [2025-12-01T20:16:29.496+0300] {taskmixin.py:211} WARNING - Dependency <Task(BashOperator): create_entry_gcs>, delete_entry already registered for DAG: example_complex
[2025-12-01T20:16:29.497+0300] {logging_mixin.py:137} INFO - [2025-12-01T20:16:29.496+0300] {taskmixin.py:211} WARNING - Dependency <Task(BashOperator): delete_entry>, create_entry_gcs already registered for DAG: example_complex
[2025-12-01T20:16:29.497+0300] {logging_mixin.py:137} INFO - [2025-12-01T20:16:29.497+0300] {taskmixin.py:211} WARNING - Dependency <Task(BashOperator): create_tag>, delete_tag already registered for DAG: example_complex
[2025-12-01T20:16:29.498+0300] {logging_mixin.py:137} INFO - [2025-12-01T20:16:29.497+0300] {taskmixin.py:211} WARNING - Dependency <Task(BashOperator): delete_tag>, create_tag already registered for DAG: example_complex
[2025-12-01T20:16:29.508+0300] {processor.py:753} INFO - DAG(s) dict_keys(['example_complex']) retrieved from /home/pker/airflow_env/lib/python3.7/site-packages/airflow/example_dags/example_complex.py
[2025-12-01T20:16:29.544+0300] {logging_mixin.py:137} INFO - [2025-12-01T20:16:29.543+0300] {dag.py:2705} INFO - Sync 1 DAGs
[2025-12-01T20:16:29.574+0300] {logging_mixin.py:137} INFO - [2025-12-01T20:16:29.574+0300] {dag.py:3456} INFO - Setting next_dagrun for example_complex to None, run_after=None
[2025-12-01T20:16:29.617+0300] {processor.py:175} INFO - Processing /home/pker/airflow_env/lib/python3.7/site-packages/airflow/example_dags/example_complex.py took 0.172 seconds
[2025-12-01T20:17:22.978+0300] {processor.py:153} INFO - Started process (PID=920092) to work on /home/pker/airflow_env/lib/python3.7/site-packages/airflow/example_dags/example_complex.py
[2025-12-01T20:17:22.981+0300] {processor.py:743} INFO - Processing file /home/pker/airflow_env/lib/python3.7/site-packages/airflow/example_dags/example_complex.py for tasks to queue
[2025-12-01T20:17:22.982+0300] {logging_mixin.py:137} INFO - [2025-12-01T20:17:22.982+0300] {dagbag.py:532} INFO - Filling up the DagBag from /home/pker/airflow_env/lib/python3.7/site-packages/airflow/example_dags/example_complex.py
[2025-12-01T20:17:22.998+0300] {logging_mixin.py:137} INFO - [2025-12-01T20:17:22.998+0300] {taskmixin.py:211} WARNING - Dependency <Task(BashOperator): create_entry_group>, delete_entry_group already registered for DAG: example_complex
[2025-12-01T20:17:22.999+0300] {logging_mixin.py:137} INFO - [2025-12-01T20:17:22.999+0300] {taskmixin.py:211} WARNING - Dependency <Task(BashOperator): delete_entry_group>, create_entry_group already registered for DAG: example_complex
[2025-12-01T20:17:22.999+0300] {logging_mixin.py:137} INFO - [2025-12-01T20:17:22.999+0300] {taskmixin.py:211} WARNING - Dependency <Task(BashOperator): create_entry_gcs>, delete_entry already registered for DAG: example_complex
[2025-12-01T20:17:22.999+0300] {logging_mixin.py:137} INFO - [2025-12-01T20:17:22.999+0300] {taskmixin.py:211} WARNING - Dependency <Task(BashOperator): delete_entry>, create_entry_gcs already registered for DAG: example_complex
[2025-12-01T20:17:23.000+0300] {logging_mixin.py:137} INFO - [2025-12-01T20:17:22.999+0300] {taskmixin.py:211} WARNING - Dependency <Task(BashOperator): create_tag>, delete_tag already registered for DAG: example_complex
[2025-12-01T20:17:23.000+0300] {logging_mixin.py:137} INFO - [2025-12-01T20:17:23.000+0300] {taskmixin.py:211} WARNING - Dependency <Task(BashOperator): delete_tag>, create_tag already registered for DAG: example_complex
[2025-12-01T20:17:23.008+0300] {processor.py:753} INFO - DAG(s) dict_keys(['example_complex']) retrieved from /home/pker/airflow_env/lib/python3.7/site-packages/airflow/example_dags/example_complex.py
[2025-12-01T20:17:23.045+0300] {logging_mixin.py:137} INFO - [2025-12-01T20:17:23.045+0300] {dag.py:2705} INFO - Sync 1 DAGs
[2025-12-01T20:17:23.077+0300] {logging_mixin.py:137} INFO - [2025-12-01T20:17:23.077+0300] {dag.py:3456} INFO - Setting next_dagrun for example_complex to None, run_after=None
[2025-12-01T20:17:23.106+0300] {processor.py:175} INFO - Processing /home/pker/airflow_env/lib/python3.7/site-packages/airflow/example_dags/example_complex.py took 0.132 seconds
[2025-12-01T20:18:11.675+0300] {processor.py:153} INFO - Started process (PID=920268) to work on /home/pker/airflow_env/lib/python3.7/site-packages/airflow/example_dags/example_complex.py
[2025-12-01T20:18:11.677+0300] {processor.py:743} INFO - Processing file /home/pker/airflow_env/lib/python3.7/site-packages/airflow/example_dags/example_complex.py for tasks to queue
[2025-12-01T20:18:11.679+0300] {logging_mixin.py:137} INFO - [2025-12-01T20:18:11.678+0300] {dagbag.py:532} INFO - Filling up the DagBag from /home/pker/airflow_env/lib/python3.7/site-packages/airflow/example_dags/example_complex.py
[2025-12-01T20:18:11.700+0300] {logging_mixin.py:137} INFO - [2025-12-01T20:18:11.699+0300] {taskmixin.py:211} WARNING - Dependency <Task(BashOperator): create_entry_group>, delete_entry_group already registered for DAG: example_complex
[2025-12-01T20:18:11.700+0300] {logging_mixin.py:137} INFO - [2025-12-01T20:18:11.700+0300] {taskmixin.py:211} WARNING - Dependency <Task(BashOperator): delete_entry_group>, create_entry_group already registered for DAG: example_complex
[2025-12-01T20:18:11.701+0300] {logging_mixin.py:137} INFO - [2025-12-01T20:18:11.701+0300] {taskmixin.py:211} WARNING - Dependency <Task(BashOperator): create_entry_gcs>, delete_entry already registered for DAG: example_complex
[2025-12-01T20:18:11.701+0300] {logging_mixin.py:137} INFO - [2025-12-01T20:18:11.701+0300] {taskmixin.py:211} WARNING - Dependency <Task(BashOperator): delete_entry>, create_entry_gcs already registered for DAG: example_complex
[2025-12-01T20:18:11.702+0300] {logging_mixin.py:137} INFO - [2025-12-01T20:18:11.702+0300] {taskmixin.py:211} WARNING - Dependency <Task(BashOperator): create_tag>, delete_tag already registered for DAG: example_complex
[2025-12-01T20:18:11.702+0300] {logging_mixin.py:137} INFO - [2025-12-01T20:18:11.702+0300] {taskmixin.py:211} WARNING - Dependency <Task(BashOperator): delete_tag>, create_tag already registered for DAG: example_complex
[2025-12-01T20:18:11.718+0300] {processor.py:753} INFO - DAG(s) dict_keys(['example_complex']) retrieved from /home/pker/airflow_env/lib/python3.7/site-packages/airflow/example_dags/example_complex.py
[2025-12-01T20:18:11.782+0300] {logging_mixin.py:137} INFO - [2025-12-01T20:18:11.781+0300] {dag.py:2705} INFO - Sync 1 DAGs
[2025-12-01T20:18:11.813+0300] {logging_mixin.py:137} INFO - [2025-12-01T20:18:11.813+0300] {dag.py:3456} INFO - Setting next_dagrun for example_complex to None, run_after=None
[2025-12-01T20:18:11.841+0300] {processor.py:175} INFO - Processing /home/pker/airflow_env/lib/python3.7/site-packages/airflow/example_dags/example_complex.py took 0.172 seconds
[2025-12-01T20:19:00.501+0300] {processor.py:153} INFO - Started process (PID=920442) to work on /home/pker/airflow_env/lib/python3.7/site-packages/airflow/example_dags/example_complex.py
[2025-12-01T20:19:00.525+0300] {processor.py:743} INFO - Processing file /home/pker/airflow_env/lib/python3.7/site-packages/airflow/example_dags/example_complex.py for tasks to queue
[2025-12-01T20:19:00.527+0300] {logging_mixin.py:137} INFO - [2025-12-01T20:19:00.527+0300] {dagbag.py:532} INFO - Filling up the DagBag from /home/pker/airflow_env/lib/python3.7/site-packages/airflow/example_dags/example_complex.py
[2025-12-01T20:19:00.561+0300] {logging_mixin.py:137} INFO - [2025-12-01T20:19:00.560+0300] {taskmixin.py:211} WARNING - Dependency <Task(BashOperator): create_entry_group>, delete_entry_group already registered for DAG: example_complex
[2025-12-01T20:19:00.561+0300] {logging_mixin.py:137} INFO - [2025-12-01T20:19:00.561+0300] {taskmixin.py:211} WARNING - Dependency <Task(BashOperator): delete_entry_group>, create_entry_group already registered for DAG: example_complex
[2025-12-01T20:19:00.562+0300] {logging_mixin.py:137} INFO - [2025-12-01T20:19:00.561+0300] {taskmixin.py:211} WARNING - Dependency <Task(BashOperator): create_entry_gcs>, delete_entry already registered for DAG: example_complex
[2025-12-01T20:19:00.563+0300] {logging_mixin.py:137} INFO - [2025-12-01T20:19:00.562+0300] {taskmixin.py:211} WARNING - Dependency <Task(BashOperator): delete_entry>, create_entry_gcs already registered for DAG: example_complex
[2025-12-01T20:19:00.564+0300] {logging_mixin.py:137} INFO - [2025-12-01T20:19:00.564+0300] {taskmixin.py:211} WARNING - Dependency <Task(BashOperator): create_tag>, delete_tag already registered for DAG: example_complex
[2025-12-01T20:19:00.564+0300] {logging_mixin.py:137} INFO - [2025-12-01T20:19:00.564+0300] {taskmixin.py:211} WARNING - Dependency <Task(BashOperator): delete_tag>, create_tag already registered for DAG: example_complex
[2025-12-01T20:19:00.577+0300] {processor.py:753} INFO - DAG(s) dict_keys(['example_complex']) retrieved from /home/pker/airflow_env/lib/python3.7/site-packages/airflow/example_dags/example_complex.py
[2025-12-01T20:19:00.629+0300] {logging_mixin.py:137} INFO - [2025-12-01T20:19:00.628+0300] {dag.py:2705} INFO - Sync 1 DAGs
[2025-12-01T20:19:00.658+0300] {logging_mixin.py:137} INFO - [2025-12-01T20:19:00.658+0300] {dag.py:3456} INFO - Setting next_dagrun for example_complex to None, run_after=None
[2025-12-01T20:19:00.723+0300] {processor.py:175} INFO - Processing /home/pker/airflow_env/lib/python3.7/site-packages/airflow/example_dags/example_complex.py took 0.228 seconds
[2025-12-01T20:19:46.398+0300] {processor.py:153} INFO - Started process (PID=920640) to work on /home/pker/airflow_env/lib/python3.7/site-packages/airflow/example_dags/example_complex.py
[2025-12-01T20:19:46.400+0300] {processor.py:743} INFO - Processing file /home/pker/airflow_env/lib/python3.7/site-packages/airflow/example_dags/example_complex.py for tasks to queue
[2025-12-01T20:19:46.402+0300] {logging_mixin.py:137} INFO - [2025-12-01T20:19:46.401+0300] {dagbag.py:532} INFO - Filling up the DagBag from /home/pker/airflow_env/lib/python3.7/site-packages/airflow/example_dags/example_complex.py
[2025-12-01T20:19:46.422+0300] {logging_mixin.py:137} INFO - [2025-12-01T20:19:46.422+0300] {taskmixin.py:211} WARNING - Dependency <Task(BashOperator): create_entry_group>, delete_entry_group already registered for DAG: example_complex
[2025-12-01T20:19:46.422+0300] {logging_mixin.py:137} INFO - [2025-12-01T20:19:46.422+0300] {taskmixin.py:211} WARNING - Dependency <Task(BashOperator): delete_entry_group>, create_entry_group already registered for DAG: example_complex
[2025-12-01T20:19:46.423+0300] {logging_mixin.py:137} INFO - [2025-12-01T20:19:46.423+0300] {taskmixin.py:211} WARNING - Dependency <Task(BashOperator): create_entry_gcs>, delete_entry already registered for DAG: example_complex
[2025-12-01T20:19:46.423+0300] {logging_mixin.py:137} INFO - [2025-12-01T20:19:46.423+0300] {taskmixin.py:211} WARNING - Dependency <Task(BashOperator): delete_entry>, create_entry_gcs already registered for DAG: example_complex
[2025-12-01T20:19:46.424+0300] {logging_mixin.py:137} INFO - [2025-12-01T20:19:46.424+0300] {taskmixin.py:211} WARNING - Dependency <Task(BashOperator): create_tag>, delete_tag already registered for DAG: example_complex
[2025-12-01T20:19:46.424+0300] {logging_mixin.py:137} INFO - [2025-12-01T20:19:46.424+0300] {taskmixin.py:211} WARNING - Dependency <Task(BashOperator): delete_tag>, create_tag already registered for DAG: example_complex
[2025-12-01T20:19:46.435+0300] {processor.py:753} INFO - DAG(s) dict_keys(['example_complex']) retrieved from /home/pker/airflow_env/lib/python3.7/site-packages/airflow/example_dags/example_complex.py
[2025-12-01T20:19:46.480+0300] {logging_mixin.py:137} INFO - [2025-12-01T20:19:46.480+0300] {dag.py:2705} INFO - Sync 1 DAGs
[2025-12-01T20:19:46.518+0300] {logging_mixin.py:137} INFO - [2025-12-01T20:19:46.518+0300] {dag.py:3456} INFO - Setting next_dagrun for example_complex to None, run_after=None
[2025-12-01T20:19:46.578+0300] {processor.py:175} INFO - Processing /home/pker/airflow_env/lib/python3.7/site-packages/airflow/example_dags/example_complex.py took 0.186 seconds
[2025-12-01T20:20:34.147+0300] {processor.py:153} INFO - Started process (PID=920804) to work on /home/pker/airflow_env/lib/python3.7/site-packages/airflow/example_dags/example_complex.py
[2025-12-01T20:20:34.168+0300] {processor.py:743} INFO - Processing file /home/pker/airflow_env/lib/python3.7/site-packages/airflow/example_dags/example_complex.py for tasks to queue
[2025-12-01T20:20:34.169+0300] {logging_mixin.py:137} INFO - [2025-12-01T20:20:34.169+0300] {dagbag.py:532} INFO - Filling up the DagBag from /home/pker/airflow_env/lib/python3.7/site-packages/airflow/example_dags/example_complex.py
[2025-12-01T20:20:34.193+0300] {logging_mixin.py:137} INFO - [2025-12-01T20:20:34.193+0300] {taskmixin.py:211} WARNING - Dependency <Task(BashOperator): create_entry_group>, delete_entry_group already registered for DAG: example_complex
[2025-12-01T20:20:34.194+0300] {logging_mixin.py:137} INFO - [2025-12-01T20:20:34.193+0300] {taskmixin.py:211} WARNING - Dependency <Task(BashOperator): delete_entry_group>, create_entry_group already registered for DAG: example_complex
[2025-12-01T20:20:34.194+0300] {logging_mixin.py:137} INFO - [2025-12-01T20:20:34.194+0300] {taskmixin.py:211} WARNING - Dependency <Task(BashOperator): create_entry_gcs>, delete_entry already registered for DAG: example_complex
[2025-12-01T20:20:34.194+0300] {logging_mixin.py:137} INFO - [2025-12-01T20:20:34.194+0300] {taskmixin.py:211} WARNING - Dependency <Task(BashOperator): delete_entry>, create_entry_gcs already registered for DAG: example_complex
[2025-12-01T20:20:34.195+0300] {logging_mixin.py:137} INFO - [2025-12-01T20:20:34.195+0300] {taskmixin.py:211} WARNING - Dependency <Task(BashOperator): create_tag>, delete_tag already registered for DAG: example_complex
[2025-12-01T20:20:34.195+0300] {logging_mixin.py:137} INFO - [2025-12-01T20:20:34.195+0300] {taskmixin.py:211} WARNING - Dependency <Task(BashOperator): delete_tag>, create_tag already registered for DAG: example_complex
[2025-12-01T20:20:34.203+0300] {processor.py:753} INFO - DAG(s) dict_keys(['example_complex']) retrieved from /home/pker/airflow_env/lib/python3.7/site-packages/airflow/example_dags/example_complex.py
[2025-12-01T20:20:34.238+0300] {logging_mixin.py:137} INFO - [2025-12-01T20:20:34.237+0300] {dag.py:2705} INFO - Sync 1 DAGs
[2025-12-01T20:20:34.263+0300] {logging_mixin.py:137} INFO - [2025-12-01T20:20:34.263+0300] {dag.py:3456} INFO - Setting next_dagrun for example_complex to None, run_after=None
[2025-12-01T20:20:34.329+0300] {processor.py:175} INFO - Processing /home/pker/airflow_env/lib/python3.7/site-packages/airflow/example_dags/example_complex.py took 0.186 seconds
[2025-12-01T20:21:21.362+0300] {processor.py:153} INFO - Started process (PID=920975) to work on /home/pker/airflow_env/lib/python3.7/site-packages/airflow/example_dags/example_complex.py
[2025-12-01T20:21:21.366+0300] {processor.py:743} INFO - Processing file /home/pker/airflow_env/lib/python3.7/site-packages/airflow/example_dags/example_complex.py for tasks to queue
[2025-12-01T20:21:21.368+0300] {logging_mixin.py:137} INFO - [2025-12-01T20:21:21.367+0300] {dagbag.py:532} INFO - Filling up the DagBag from /home/pker/airflow_env/lib/python3.7/site-packages/airflow/example_dags/example_complex.py
[2025-12-01T20:21:21.383+0300] {logging_mixin.py:137} INFO - [2025-12-01T20:21:21.383+0300] {taskmixin.py:211} WARNING - Dependency <Task(BashOperator): create_entry_group>, delete_entry_group already registered for DAG: example_complex
[2025-12-01T20:21:21.384+0300] {logging_mixin.py:137} INFO - [2025-12-01T20:21:21.383+0300] {taskmixin.py:211} WARNING - Dependency <Task(BashOperator): delete_entry_group>, create_entry_group already registered for DAG: example_complex
[2025-12-01T20:21:21.384+0300] {logging_mixin.py:137} INFO - [2025-12-01T20:21:21.384+0300] {taskmixin.py:211} WARNING - Dependency <Task(BashOperator): create_entry_gcs>, delete_entry already registered for DAG: example_complex
[2025-12-01T20:21:21.384+0300] {logging_mixin.py:137} INFO - [2025-12-01T20:21:21.384+0300] {taskmixin.py:211} WARNING - Dependency <Task(BashOperator): delete_entry>, create_entry_gcs already registered for DAG: example_complex
[2025-12-01T20:21:21.384+0300] {logging_mixin.py:137} INFO - [2025-12-01T20:21:21.384+0300] {taskmixin.py:211} WARNING - Dependency <Task(BashOperator): create_tag>, delete_tag already registered for DAG: example_complex
[2025-12-01T20:21:21.385+0300] {logging_mixin.py:137} INFO - [2025-12-01T20:21:21.384+0300] {taskmixin.py:211} WARNING - Dependency <Task(BashOperator): delete_tag>, create_tag already registered for DAG: example_complex
[2025-12-01T20:21:21.392+0300] {processor.py:753} INFO - DAG(s) dict_keys(['example_complex']) retrieved from /home/pker/airflow_env/lib/python3.7/site-packages/airflow/example_dags/example_complex.py
[2025-12-01T20:21:21.425+0300] {logging_mixin.py:137} INFO - [2025-12-01T20:21:21.424+0300] {dag.py:2705} INFO - Sync 1 DAGs
[2025-12-01T20:21:21.454+0300] {logging_mixin.py:137} INFO - [2025-12-01T20:21:21.453+0300] {dag.py:3456} INFO - Setting next_dagrun for example_complex to None, run_after=None
[2025-12-01T20:21:21.511+0300] {processor.py:175} INFO - Processing /home/pker/airflow_env/lib/python3.7/site-packages/airflow/example_dags/example_complex.py took 0.154 seconds
[2025-12-01T20:22:11.025+0300] {processor.py:153} INFO - Started process (PID=921144) to work on /home/pker/airflow_env/lib/python3.7/site-packages/airflow/example_dags/example_complex.py
[2025-12-01T20:22:11.049+0300] {processor.py:743} INFO - Processing file /home/pker/airflow_env/lib/python3.7/site-packages/airflow/example_dags/example_complex.py for tasks to queue
[2025-12-01T20:22:11.052+0300] {logging_mixin.py:137} INFO - [2025-12-01T20:22:11.052+0300] {dagbag.py:532} INFO - Filling up the DagBag from /home/pker/airflow_env/lib/python3.7/site-packages/airflow/example_dags/example_complex.py
[2025-12-01T20:22:11.073+0300] {logging_mixin.py:137} INFO - [2025-12-01T20:22:11.073+0300] {taskmixin.py:211} WARNING - Dependency <Task(BashOperator): create_entry_group>, delete_entry_group already registered for DAG: example_complex
[2025-12-01T20:22:11.074+0300] {logging_mixin.py:137} INFO - [2025-12-01T20:22:11.073+0300] {taskmixin.py:211} WARNING - Dependency <Task(BashOperator): delete_entry_group>, create_entry_group already registered for DAG: example_complex
[2025-12-01T20:22:11.074+0300] {logging_mixin.py:137} INFO - [2025-12-01T20:22:11.074+0300] {taskmixin.py:211} WARNING - Dependency <Task(BashOperator): create_entry_gcs>, delete_entry already registered for DAG: example_complex
[2025-12-01T20:22:11.074+0300] {logging_mixin.py:137} INFO - [2025-12-01T20:22:11.074+0300] {taskmixin.py:211} WARNING - Dependency <Task(BashOperator): delete_entry>, create_entry_gcs already registered for DAG: example_complex
[2025-12-01T20:22:11.075+0300] {logging_mixin.py:137} INFO - [2025-12-01T20:22:11.075+0300] {taskmixin.py:211} WARNING - Dependency <Task(BashOperator): create_tag>, delete_tag already registered for DAG: example_complex
[2025-12-01T20:22:11.075+0300] {logging_mixin.py:137} INFO - [2025-12-01T20:22:11.075+0300] {taskmixin.py:211} WARNING - Dependency <Task(BashOperator): delete_tag>, create_tag already registered for DAG: example_complex
[2025-12-01T20:22:11.086+0300] {processor.py:753} INFO - DAG(s) dict_keys(['example_complex']) retrieved from /home/pker/airflow_env/lib/python3.7/site-packages/airflow/example_dags/example_complex.py
[2025-12-01T20:22:11.121+0300] {logging_mixin.py:137} INFO - [2025-12-01T20:22:11.121+0300] {dag.py:2705} INFO - Sync 1 DAGs
[2025-12-01T20:22:11.151+0300] {logging_mixin.py:137} INFO - [2025-12-01T20:22:11.151+0300] {dag.py:3456} INFO - Setting next_dagrun for example_complex to None, run_after=None
[2025-12-01T20:22:11.191+0300] {processor.py:175} INFO - Processing /home/pker/airflow_env/lib/python3.7/site-packages/airflow/example_dags/example_complex.py took 0.170 seconds
[2025-12-01T20:22:59.743+0300] {processor.py:153} INFO - Started process (PID=921325) to work on /home/pker/airflow_env/lib/python3.7/site-packages/airflow/example_dags/example_complex.py
[2025-12-01T20:22:59.748+0300] {processor.py:743} INFO - Processing file /home/pker/airflow_env/lib/python3.7/site-packages/airflow/example_dags/example_complex.py for tasks to queue
[2025-12-01T20:22:59.750+0300] {logging_mixin.py:137} INFO - [2025-12-01T20:22:59.750+0300] {dagbag.py:532} INFO - Filling up the DagBag from /home/pker/airflow_env/lib/python3.7/site-packages/airflow/example_dags/example_complex.py
[2025-12-01T20:22:59.770+0300] {logging_mixin.py:137} INFO - [2025-12-01T20:22:59.770+0300] {taskmixin.py:211} WARNING - Dependency <Task(BashOperator): create_entry_group>, delete_entry_group already registered for DAG: example_complex
[2025-12-01T20:22:59.771+0300] {logging_mixin.py:137} INFO - [2025-12-01T20:22:59.770+0300] {taskmixin.py:211} WARNING - Dependency <Task(BashOperator): delete_entry_group>, create_entry_group already registered for DAG: example_complex
[2025-12-01T20:22:59.771+0300] {logging_mixin.py:137} INFO - [2025-12-01T20:22:59.771+0300] {taskmixin.py:211} WARNING - Dependency <Task(BashOperator): create_entry_gcs>, delete_entry already registered for DAG: example_complex
[2025-12-01T20:22:59.771+0300] {logging_mixin.py:137} INFO - [2025-12-01T20:22:59.771+0300] {taskmixin.py:211} WARNING - Dependency <Task(BashOperator): delete_entry>, create_entry_gcs already registered for DAG: example_complex
[2025-12-01T20:22:59.772+0300] {logging_mixin.py:137} INFO - [2025-12-01T20:22:59.772+0300] {taskmixin.py:211} WARNING - Dependency <Task(BashOperator): create_tag>, delete_tag already registered for DAG: example_complex
[2025-12-01T20:22:59.772+0300] {logging_mixin.py:137} INFO - [2025-12-01T20:22:59.772+0300] {taskmixin.py:211} WARNING - Dependency <Task(BashOperator): delete_tag>, create_tag already registered for DAG: example_complex
[2025-12-01T20:22:59.782+0300] {processor.py:753} INFO - DAG(s) dict_keys(['example_complex']) retrieved from /home/pker/airflow_env/lib/python3.7/site-packages/airflow/example_dags/example_complex.py
[2025-12-01T20:22:59.815+0300] {logging_mixin.py:137} INFO - [2025-12-01T20:22:59.815+0300] {dag.py:2705} INFO - Sync 1 DAGs
[2025-12-01T20:22:59.842+0300] {logging_mixin.py:137} INFO - [2025-12-01T20:22:59.842+0300] {dag.py:3456} INFO - Setting next_dagrun for example_complex to None, run_after=None
[2025-12-01T20:22:59.876+0300] {processor.py:175} INFO - Processing /home/pker/airflow_env/lib/python3.7/site-packages/airflow/example_dags/example_complex.py took 0.138 seconds
[2025-12-01T20:23:53.571+0300] {processor.py:153} INFO - Started process (PID=921512) to work on /home/pker/airflow_env/lib/python3.7/site-packages/airflow/example_dags/example_complex.py
[2025-12-01T20:23:53.593+0300] {processor.py:743} INFO - Processing file /home/pker/airflow_env/lib/python3.7/site-packages/airflow/example_dags/example_complex.py for tasks to queue
[2025-12-01T20:23:53.594+0300] {logging_mixin.py:137} INFO - [2025-12-01T20:23:53.594+0300] {dagbag.py:532} INFO - Filling up the DagBag from /home/pker/airflow_env/lib/python3.7/site-packages/airflow/example_dags/example_complex.py
[2025-12-01T20:23:52.246+0300] {logging_mixin.py:137} INFO - [2025-12-01T20:23:52.245+0300] {taskmixin.py:211} WARNING - Dependency <Task(BashOperator): create_entry_group>, delete_entry_group already registered for DAG: example_complex
[2025-12-01T20:23:52.246+0300] {logging_mixin.py:137} INFO - [2025-12-01T20:23:52.246+0300] {taskmixin.py:211} WARNING - Dependency <Task(BashOperator): delete_entry_group>, create_entry_group already registered for DAG: example_complex
[2025-12-01T20:23:52.246+0300] {logging_mixin.py:137} INFO - [2025-12-01T20:23:52.246+0300] {taskmixin.py:211} WARNING - Dependency <Task(BashOperator): create_entry_gcs>, delete_entry already registered for DAG: example_complex
[2025-12-01T20:23:52.247+0300] {logging_mixin.py:137} INFO - [2025-12-01T20:23:52.247+0300] {taskmixin.py:211} WARNING - Dependency <Task(BashOperator): delete_entry>, create_entry_gcs already registered for DAG: example_complex
[2025-12-01T20:23:52.247+0300] {logging_mixin.py:137} INFO - [2025-12-01T20:23:52.247+0300] {taskmixin.py:211} WARNING - Dependency <Task(BashOperator): create_tag>, delete_tag already registered for DAG: example_complex
[2025-12-01T20:23:52.247+0300] {logging_mixin.py:137} INFO - [2025-12-01T20:23:52.247+0300] {taskmixin.py:211} WARNING - Dependency <Task(BashOperator): delete_tag>, create_tag already registered for DAG: example_complex
[2025-12-01T20:23:52.265+0300] {processor.py:753} INFO - DAG(s) dict_keys(['example_complex']) retrieved from /home/pker/airflow_env/lib/python3.7/site-packages/airflow/example_dags/example_complex.py
[2025-12-01T20:23:52.317+0300] {logging_mixin.py:137} INFO - [2025-12-01T20:23:52.317+0300] {dag.py:2705} INFO - Sync 1 DAGs
[2025-12-01T20:23:52.344+0300] {logging_mixin.py:137} INFO - [2025-12-01T20:23:52.344+0300] {dag.py:3456} INFO - Setting next_dagrun for example_complex to None, run_after=None
[2025-12-01T20:23:52.389+0300] {processor.py:175} INFO - Processing /home/pker/airflow_env/lib/python3.7/site-packages/airflow/example_dags/example_complex.py took 0.194 seconds
[2025-12-01T20:24:42.440+0300] {processor.py:153} INFO - Started process (PID=921707) to work on /home/pker/airflow_env/lib/python3.7/site-packages/airflow/example_dags/example_complex.py
[2025-12-01T20:24:42.443+0300] {processor.py:743} INFO - Processing file /home/pker/airflow_env/lib/python3.7/site-packages/airflow/example_dags/example_complex.py for tasks to queue
[2025-12-01T20:24:42.445+0300] {logging_mixin.py:137} INFO - [2025-12-01T20:24:42.444+0300] {dagbag.py:532} INFO - Filling up the DagBag from /home/pker/airflow_env/lib/python3.7/site-packages/airflow/example_dags/example_complex.py
[2025-12-01T20:24:42.465+0300] {logging_mixin.py:137} INFO - [2025-12-01T20:24:42.464+0300] {taskmixin.py:211} WARNING - Dependency <Task(BashOperator): create_entry_group>, delete_entry_group already registered for DAG: example_complex
[2025-12-01T20:24:42.465+0300] {logging_mixin.py:137} INFO - [2025-12-01T20:24:42.465+0300] {taskmixin.py:211} WARNING - Dependency <Task(BashOperator): delete_entry_group>, create_entry_group already registered for DAG: example_complex
[2025-12-01T20:24:42.465+0300] {logging_mixin.py:137} INFO - [2025-12-01T20:24:42.465+0300] {taskmixin.py:211} WARNING - Dependency <Task(BashOperator): create_entry_gcs>, delete_entry already registered for DAG: example_complex
[2025-12-01T20:24:42.466+0300] {logging_mixin.py:137} INFO - [2025-12-01T20:24:42.466+0300] {taskmixin.py:211} WARNING - Dependency <Task(BashOperator): delete_entry>, create_entry_gcs already registered for DAG: example_complex
[2025-12-01T20:24:42.466+0300] {logging_mixin.py:137} INFO - [2025-12-01T20:24:42.466+0300] {taskmixin.py:211} WARNING - Dependency <Task(BashOperator): create_tag>, delete_tag already registered for DAG: example_complex
[2025-12-01T20:24:42.466+0300] {logging_mixin.py:137} INFO - [2025-12-01T20:24:42.466+0300] {taskmixin.py:211} WARNING - Dependency <Task(BashOperator): delete_tag>, create_tag already registered for DAG: example_complex
[2025-12-01T20:24:42.476+0300] {processor.py:753} INFO - DAG(s) dict_keys(['example_complex']) retrieved from /home/pker/airflow_env/lib/python3.7/site-packages/airflow/example_dags/example_complex.py
[2025-12-01T20:24:42.516+0300] {logging_mixin.py:137} INFO - [2025-12-01T20:24:42.516+0300] {dag.py:2705} INFO - Sync 1 DAGs
[2025-12-01T20:24:42.546+0300] {logging_mixin.py:137} INFO - [2025-12-01T20:24:42.546+0300] {dag.py:3456} INFO - Setting next_dagrun for example_complex to None, run_after=None
[2025-12-01T20:24:42.579+0300] {processor.py:175} INFO - Processing /home/pker/airflow_env/lib/python3.7/site-packages/airflow/example_dags/example_complex.py took 0.144 seconds
[2025-12-01T20:25:32.593+0300] {processor.py:153} INFO - Started process (PID=921887) to work on /home/pker/airflow_env/lib/python3.7/site-packages/airflow/example_dags/example_complex.py
[2025-12-01T20:25:32.616+0300] {processor.py:743} INFO - Processing file /home/pker/airflow_env/lib/python3.7/site-packages/airflow/example_dags/example_complex.py for tasks to queue
[2025-12-01T20:25:32.618+0300] {logging_mixin.py:137} INFO - [2025-12-01T20:25:32.618+0300] {dagbag.py:532} INFO - Filling up the DagBag from /home/pker/airflow_env/lib/python3.7/site-packages/airflow/example_dags/example_complex.py
[2025-12-01T20:25:32.645+0300] {logging_mixin.py:137} INFO - [2025-12-01T20:25:32.645+0300] {taskmixin.py:211} WARNING - Dependency <Task(BashOperator): create_entry_group>, delete_entry_group already registered for DAG: example_complex
[2025-12-01T20:25:32.645+0300] {logging_mixin.py:137} INFO - [2025-12-01T20:25:32.645+0300] {taskmixin.py:211} WARNING - Dependency <Task(BashOperator): delete_entry_group>, create_entry_group already registered for DAG: example_complex
[2025-12-01T20:25:32.646+0300] {logging_mixin.py:137} INFO - [2025-12-01T20:25:32.646+0300] {taskmixin.py:211} WARNING - Dependency <Task(BashOperator): create_entry_gcs>, delete_entry already registered for DAG: example_complex
[2025-12-01T20:25:32.646+0300] {logging_mixin.py:137} INFO - [2025-12-01T20:25:32.646+0300] {taskmixin.py:211} WARNING - Dependency <Task(BashOperator): delete_entry>, create_entry_gcs already registered for DAG: example_complex
[2025-12-01T20:25:32.647+0300] {logging_mixin.py:137} INFO - [2025-12-01T20:25:32.647+0300] {taskmixin.py:211} WARNING - Dependency <Task(BashOperator): create_tag>, delete_tag already registered for DAG: example_complex
[2025-12-01T20:25:32.647+0300] {logging_mixin.py:137} INFO - [2025-12-01T20:25:32.647+0300] {taskmixin.py:211} WARNING - Dependency <Task(BashOperator): delete_tag>, create_tag already registered for DAG: example_complex
[2025-12-01T20:25:32.659+0300] {processor.py:753} INFO - DAG(s) dict_keys(['example_complex']) retrieved from /home/pker/airflow_env/lib/python3.7/site-packages/airflow/example_dags/example_complex.py
[2025-12-01T20:25:32.705+0300] {logging_mixin.py:137} INFO - [2025-12-01T20:25:32.705+0300] {dag.py:2705} INFO - Sync 1 DAGs
[2025-12-01T20:25:32.745+0300] {logging_mixin.py:137} INFO - [2025-12-01T20:25:32.745+0300] {dag.py:3456} INFO - Setting next_dagrun for example_complex to None, run_after=None
[2025-12-01T20:25:32.806+0300] {processor.py:175} INFO - Processing /home/pker/airflow_env/lib/python3.7/site-packages/airflow/example_dags/example_complex.py took 0.219 seconds
[2025-12-01T20:26:19.015+0300] {processor.py:153} INFO - Started process (PID=922056) to work on /home/pker/airflow_env/lib/python3.7/site-packages/airflow/example_dags/example_complex.py
[2025-12-01T20:26:19.037+0300] {processor.py:743} INFO - Processing file /home/pker/airflow_env/lib/python3.7/site-packages/airflow/example_dags/example_complex.py for tasks to queue
[2025-12-01T20:26:19.040+0300] {logging_mixin.py:137} INFO - [2025-12-01T20:26:19.040+0300] {dagbag.py:532} INFO - Filling up the DagBag from /home/pker/airflow_env/lib/python3.7/site-packages/airflow/example_dags/example_complex.py
[2025-12-01T20:26:19.062+0300] {logging_mixin.py:137} INFO - [2025-12-01T20:26:19.062+0300] {taskmixin.py:211} WARNING - Dependency <Task(BashOperator): create_entry_group>, delete_entry_group already registered for DAG: example_complex
[2025-12-01T20:26:19.063+0300] {logging_mixin.py:137} INFO - [2025-12-01T20:26:19.063+0300] {taskmixin.py:211} WARNING - Dependency <Task(BashOperator): delete_entry_group>, create_entry_group already registered for DAG: example_complex
[2025-12-01T20:26:19.063+0300] {logging_mixin.py:137} INFO - [2025-12-01T20:26:19.063+0300] {taskmixin.py:211} WARNING - Dependency <Task(BashOperator): create_entry_gcs>, delete_entry already registered for DAG: example_complex
[2025-12-01T20:26:19.064+0300] {logging_mixin.py:137} INFO - [2025-12-01T20:26:19.064+0300] {taskmixin.py:211} WARNING - Dependency <Task(BashOperator): delete_entry>, create_entry_gcs already registered for DAG: example_complex
[2025-12-01T20:26:19.064+0300] {logging_mixin.py:137} INFO - [2025-12-01T20:26:19.064+0300] {taskmixin.py:211} WARNING - Dependency <Task(BashOperator): create_tag>, delete_tag already registered for DAG: example_complex
[2025-12-01T20:26:19.065+0300] {logging_mixin.py:137} INFO - [2025-12-01T20:26:19.064+0300] {taskmixin.py:211} WARNING - Dependency <Task(BashOperator): delete_tag>, create_tag already registered for DAG: example_complex
[2025-12-01T20:26:19.075+0300] {processor.py:753} INFO - DAG(s) dict_keys(['example_complex']) retrieved from /home/pker/airflow_env/lib/python3.7/site-packages/airflow/example_dags/example_complex.py
[2025-12-01T20:26:19.115+0300] {logging_mixin.py:137} INFO - [2025-12-01T20:26:19.115+0300] {dag.py:2705} INFO - Sync 1 DAGs
[2025-12-01T20:26:19.151+0300] {logging_mixin.py:137} INFO - [2025-12-01T20:26:19.151+0300] {dag.py:3456} INFO - Setting next_dagrun for example_complex to None, run_after=None
[2025-12-01T20:26:19.212+0300] {processor.py:175} INFO - Processing /home/pker/airflow_env/lib/python3.7/site-packages/airflow/example_dags/example_complex.py took 0.202 seconds
[2025-12-01T20:27:02.503+0300] {processor.py:153} INFO - Started process (PID=922215) to work on /home/pker/airflow_env/lib/python3.7/site-packages/airflow/example_dags/example_complex.py
[2025-12-01T20:27:02.526+0300] {processor.py:743} INFO - Processing file /home/pker/airflow_env/lib/python3.7/site-packages/airflow/example_dags/example_complex.py for tasks to queue
[2025-12-01T20:27:02.528+0300] {logging_mixin.py:137} INFO - [2025-12-01T20:27:02.528+0300] {dagbag.py:532} INFO - Filling up the DagBag from /home/pker/airflow_env/lib/python3.7/site-packages/airflow/example_dags/example_complex.py
[2025-12-01T20:27:02.549+0300] {logging_mixin.py:137} INFO - [2025-12-01T20:27:02.549+0300] {taskmixin.py:211} WARNING - Dependency <Task(BashOperator): create_entry_group>, delete_entry_group already registered for DAG: example_complex
[2025-12-01T20:27:02.550+0300] {logging_mixin.py:137} INFO - [2025-12-01T20:27:02.550+0300] {taskmixin.py:211} WARNING - Dependency <Task(BashOperator): delete_entry_group>, create_entry_group already registered for DAG: example_complex
[2025-12-01T20:27:02.550+0300] {logging_mixin.py:137} INFO - [2025-12-01T20:27:02.550+0300] {taskmixin.py:211} WARNING - Dependency <Task(BashOperator): create_entry_gcs>, delete_entry already registered for DAG: example_complex
[2025-12-01T20:27:02.551+0300] {logging_mixin.py:137} INFO - [2025-12-01T20:27:02.551+0300] {taskmixin.py:211} WARNING - Dependency <Task(BashOperator): delete_entry>, create_entry_gcs already registered for DAG: example_complex
[2025-12-01T20:27:02.551+0300] {logging_mixin.py:137} INFO - [2025-12-01T20:27:02.551+0300] {taskmixin.py:211} WARNING - Dependency <Task(BashOperator): create_tag>, delete_tag already registered for DAG: example_complex
[2025-12-01T20:27:02.552+0300] {logging_mixin.py:137} INFO - [2025-12-01T20:27:02.552+0300] {taskmixin.py:211} WARNING - Dependency <Task(BashOperator): delete_tag>, create_tag already registered for DAG: example_complex
[2025-12-01T20:27:02.563+0300] {processor.py:753} INFO - DAG(s) dict_keys(['example_complex']) retrieved from /home/pker/airflow_env/lib/python3.7/site-packages/airflow/example_dags/example_complex.py
[2025-12-01T20:27:02.597+0300] {logging_mixin.py:137} INFO - [2025-12-01T20:27:02.597+0300] {dag.py:2705} INFO - Sync 1 DAGs
[2025-12-01T20:27:02.624+0300] {logging_mixin.py:137} INFO - [2025-12-01T20:27:02.624+0300] {dag.py:3456} INFO - Setting next_dagrun for example_complex to None, run_after=None
[2025-12-01T20:27:02.673+0300] {processor.py:175} INFO - Processing /home/pker/airflow_env/lib/python3.7/site-packages/airflow/example_dags/example_complex.py took 0.175 seconds
[2025-12-01T20:27:53.845+0300] {processor.py:153} INFO - Started process (PID=922397) to work on /home/pker/airflow_env/lib/python3.7/site-packages/airflow/example_dags/example_complex.py
[2025-12-01T20:27:53.849+0300] {processor.py:743} INFO - Processing file /home/pker/airflow_env/lib/python3.7/site-packages/airflow/example_dags/example_complex.py for tasks to queue
[2025-12-01T20:27:53.850+0300] {logging_mixin.py:137} INFO - [2025-12-01T20:27:53.850+0300] {dagbag.py:532} INFO - Filling up the DagBag from /home/pker/airflow_env/lib/python3.7/site-packages/airflow/example_dags/example_complex.py
[2025-12-01T20:27:53.878+0300] {logging_mixin.py:137} INFO - [2025-12-01T20:27:53.878+0300] {taskmixin.py:211} WARNING - Dependency <Task(BashOperator): create_entry_group>, delete_entry_group already registered for DAG: example_complex
[2025-12-01T20:27:53.879+0300] {logging_mixin.py:137} INFO - [2025-12-01T20:27:53.879+0300] {taskmixin.py:211} WARNING - Dependency <Task(BashOperator): delete_entry_group>, create_entry_group already registered for DAG: example_complex
[2025-12-01T20:27:53.880+0300] {logging_mixin.py:137} INFO - [2025-12-01T20:27:53.880+0300] {taskmixin.py:211} WARNING - Dependency <Task(BashOperator): create_entry_gcs>, delete_entry already registered for DAG: example_complex
[2025-12-01T20:27:53.880+0300] {logging_mixin.py:137} INFO - [2025-12-01T20:27:53.880+0300] {taskmixin.py:211} WARNING - Dependency <Task(BashOperator): delete_entry>, create_entry_gcs already registered for DAG: example_complex
[2025-12-01T20:27:53.881+0300] {logging_mixin.py:137} INFO - [2025-12-01T20:27:53.881+0300] {taskmixin.py:211} WARNING - Dependency <Task(BashOperator): create_tag>, delete_tag already registered for DAG: example_complex
[2025-12-01T20:27:53.881+0300] {logging_mixin.py:137} INFO - [2025-12-01T20:27:53.881+0300] {taskmixin.py:211} WARNING - Dependency <Task(BashOperator): delete_tag>, create_tag already registered for DAG: example_complex
[2025-12-01T20:27:53.894+0300] {processor.py:753} INFO - DAG(s) dict_keys(['example_complex']) retrieved from /home/pker/airflow_env/lib/python3.7/site-packages/airflow/example_dags/example_complex.py
[2025-12-01T20:27:53.937+0300] {logging_mixin.py:137} INFO - [2025-12-01T20:27:53.936+0300] {dag.py:2705} INFO - Sync 1 DAGs
[2025-12-01T20:27:53.971+0300] {logging_mixin.py:137} INFO - [2025-12-01T20:27:53.971+0300] {dag.py:3456} INFO - Setting next_dagrun for example_complex to None, run_after=None
[2025-12-01T20:27:54.006+0300] {processor.py:175} INFO - Processing /home/pker/airflow_env/lib/python3.7/site-packages/airflow/example_dags/example_complex.py took 0.167 seconds
[2025-12-01T20:28:38.259+0300] {processor.py:153} INFO - Started process (PID=922564) to work on /home/pker/airflow_env/lib/python3.7/site-packages/airflow/example_dags/example_complex.py
[2025-12-01T20:28:38.281+0300] {processor.py:743} INFO - Processing file /home/pker/airflow_env/lib/python3.7/site-packages/airflow/example_dags/example_complex.py for tasks to queue
[2025-12-01T20:28:38.284+0300] {logging_mixin.py:137} INFO - [2025-12-01T20:28:38.283+0300] {dagbag.py:532} INFO - Filling up the DagBag from /home/pker/airflow_env/lib/python3.7/site-packages/airflow/example_dags/example_complex.py
[2025-12-01T20:28:38.305+0300] {logging_mixin.py:137} INFO - [2025-12-01T20:28:38.304+0300] {taskmixin.py:211} WARNING - Dependency <Task(BashOperator): create_entry_group>, delete_entry_group already registered for DAG: example_complex
[2025-12-01T20:28:38.305+0300] {logging_mixin.py:137} INFO - [2025-12-01T20:28:38.305+0300] {taskmixin.py:211} WARNING - Dependency <Task(BashOperator): delete_entry_group>, create_entry_group already registered for DAG: example_complex
[2025-12-01T20:28:38.306+0300] {logging_mixin.py:137} INFO - [2025-12-01T20:28:38.305+0300] {taskmixin.py:211} WARNING - Dependency <Task(BashOperator): create_entry_gcs>, delete_entry already registered for DAG: example_complex
[2025-12-01T20:28:38.306+0300] {logging_mixin.py:137} INFO - [2025-12-01T20:28:38.306+0300] {taskmixin.py:211} WARNING - Dependency <Task(BashOperator): delete_entry>, create_entry_gcs already registered for DAG: example_complex
[2025-12-01T20:28:38.306+0300] {logging_mixin.py:137} INFO - [2025-12-01T20:28:38.306+0300] {taskmixin.py:211} WARNING - Dependency <Task(BashOperator): create_tag>, delete_tag already registered for DAG: example_complex
[2025-12-01T20:28:38.307+0300] {logging_mixin.py:137} INFO - [2025-12-01T20:28:38.306+0300] {taskmixin.py:211} WARNING - Dependency <Task(BashOperator): delete_tag>, create_tag already registered for DAG: example_complex
[2025-12-01T20:28:38.317+0300] {processor.py:753} INFO - DAG(s) dict_keys(['example_complex']) retrieved from /home/pker/airflow_env/lib/python3.7/site-packages/airflow/example_dags/example_complex.py
[2025-12-01T20:28:38.351+0300] {logging_mixin.py:137} INFO - [2025-12-01T20:28:38.351+0300] {dag.py:2705} INFO - Sync 1 DAGs
[2025-12-01T20:28:38.381+0300] {logging_mixin.py:137} INFO - [2025-12-01T20:28:38.381+0300] {dag.py:3456} INFO - Setting next_dagrun for example_complex to None, run_after=None
[2025-12-01T20:28:38.443+0300] {processor.py:175} INFO - Processing /home/pker/airflow_env/lib/python3.7/site-packages/airflow/example_dags/example_complex.py took 0.189 seconds
[2025-12-01T20:29:24.002+0300] {processor.py:153} INFO - Started process (PID=922748) to work on /home/pker/airflow_env/lib/python3.7/site-packages/airflow/example_dags/example_complex.py
[2025-12-01T20:29:24.025+0300] {processor.py:743} INFO - Processing file /home/pker/airflow_env/lib/python3.7/site-packages/airflow/example_dags/example_complex.py for tasks to queue
[2025-12-01T20:29:24.026+0300] {logging_mixin.py:137} INFO - [2025-12-01T20:29:24.026+0300] {dagbag.py:532} INFO - Filling up the DagBag from /home/pker/airflow_env/lib/python3.7/site-packages/airflow/example_dags/example_complex.py
[2025-12-01T20:29:24.042+0300] {logging_mixin.py:137} INFO - [2025-12-01T20:29:24.042+0300] {taskmixin.py:211} WARNING - Dependency <Task(BashOperator): create_entry_group>, delete_entry_group already registered for DAG: example_complex
[2025-12-01T20:29:24.043+0300] {logging_mixin.py:137} INFO - [2025-12-01T20:29:24.043+0300] {taskmixin.py:211} WARNING - Dependency <Task(BashOperator): delete_entry_group>, create_entry_group already registered for DAG: example_complex
[2025-12-01T20:29:24.043+0300] {logging_mixin.py:137} INFO - [2025-12-01T20:29:24.043+0300] {taskmixin.py:211} WARNING - Dependency <Task(BashOperator): create_entry_gcs>, delete_entry already registered for DAG: example_complex
[2025-12-01T20:29:24.044+0300] {logging_mixin.py:137} INFO - [2025-12-01T20:29:24.043+0300] {taskmixin.py:211} WARNING - Dependency <Task(BashOperator): delete_entry>, create_entry_gcs already registered for DAG: example_complex
[2025-12-01T20:29:24.045+0300] {logging_mixin.py:137} INFO - [2025-12-01T20:29:24.045+0300] {taskmixin.py:211} WARNING - Dependency <Task(BashOperator): create_tag>, delete_tag already registered for DAG: example_complex
[2025-12-01T20:29:24.045+0300] {logging_mixin.py:137} INFO - [2025-12-01T20:29:24.045+0300] {taskmixin.py:211} WARNING - Dependency <Task(BashOperator): delete_tag>, create_tag already registered for DAG: example_complex
[2025-12-01T20:29:24.054+0300] {processor.py:753} INFO - DAG(s) dict_keys(['example_complex']) retrieved from /home/pker/airflow_env/lib/python3.7/site-packages/airflow/example_dags/example_complex.py
[2025-12-01T20:29:24.100+0300] {logging_mixin.py:137} INFO - [2025-12-01T20:29:24.100+0300] {dag.py:2705} INFO - Sync 1 DAGs
[2025-12-01T20:29:24.152+0300] {logging_mixin.py:137} INFO - [2025-12-01T20:29:24.152+0300] {dag.py:3456} INFO - Setting next_dagrun for example_complex to None, run_after=None
[2025-12-01T20:29:24.219+0300] {processor.py:175} INFO - Processing /home/pker/airflow_env/lib/python3.7/site-packages/airflow/example_dags/example_complex.py took 0.223 seconds
[2025-12-01T20:30:13.514+0300] {processor.py:153} INFO - Started process (PID=922925) to work on /home/pker/airflow_env/lib/python3.7/site-packages/airflow/example_dags/example_complex.py
[2025-12-01T20:30:13.536+0300] {processor.py:743} INFO - Processing file /home/pker/airflow_env/lib/python3.7/site-packages/airflow/example_dags/example_complex.py for tasks to queue
[2025-12-01T20:30:13.539+0300] {logging_mixin.py:137} INFO - [2025-12-01T20:30:13.539+0300] {dagbag.py:532} INFO - Filling up the DagBag from /home/pker/airflow_env/lib/python3.7/site-packages/airflow/example_dags/example_complex.py
[2025-12-01T20:30:13.561+0300] {logging_mixin.py:137} INFO - [2025-12-01T20:30:13.561+0300] {taskmixin.py:211} WARNING - Dependency <Task(BashOperator): create_entry_group>, delete_entry_group already registered for DAG: example_complex
[2025-12-01T20:30:13.562+0300] {logging_mixin.py:137} INFO - [2025-12-01T20:30:13.561+0300] {taskmixin.py:211} WARNING - Dependency <Task(BashOperator): delete_entry_group>, create_entry_group already registered for DAG: example_complex
[2025-12-01T20:30:13.563+0300] {logging_mixin.py:137} INFO - [2025-12-01T20:30:13.562+0300] {taskmixin.py:211} WARNING - Dependency <Task(BashOperator): create_entry_gcs>, delete_entry already registered for DAG: example_complex
[2025-12-01T20:30:13.563+0300] {logging_mixin.py:137} INFO - [2025-12-01T20:30:13.563+0300] {taskmixin.py:211} WARNING - Dependency <Task(BashOperator): delete_entry>, create_entry_gcs already registered for DAG: example_complex
[2025-12-01T20:30:13.564+0300] {logging_mixin.py:137} INFO - [2025-12-01T20:30:13.564+0300] {taskmixin.py:211} WARNING - Dependency <Task(BashOperator): create_tag>, delete_tag already registered for DAG: example_complex
[2025-12-01T20:30:13.564+0300] {logging_mixin.py:137} INFO - [2025-12-01T20:30:13.564+0300] {taskmixin.py:211} WARNING - Dependency <Task(BashOperator): delete_tag>, create_tag already registered for DAG: example_complex
[2025-12-01T20:30:13.575+0300] {processor.py:753} INFO - DAG(s) dict_keys(['example_complex']) retrieved from /home/pker/airflow_env/lib/python3.7/site-packages/airflow/example_dags/example_complex.py
[2025-12-01T20:30:13.609+0300] {logging_mixin.py:137} INFO - [2025-12-01T20:30:13.609+0300] {dag.py:2705} INFO - Sync 1 DAGs
[2025-12-01T20:30:13.635+0300] {logging_mixin.py:137} INFO - [2025-12-01T20:30:13.635+0300] {dag.py:3456} INFO - Setting next_dagrun for example_complex to None, run_after=None
[2025-12-01T20:30:13.680+0300] {processor.py:175} INFO - Processing /home/pker/airflow_env/lib/python3.7/site-packages/airflow/example_dags/example_complex.py took 0.172 seconds
[2025-12-01T20:31:05.736+0300] {processor.py:153} INFO - Started process (PID=923113) to work on /home/pker/airflow_env/lib/python3.7/site-packages/airflow/example_dags/example_complex.py
[2025-12-01T20:31:05.758+0300] {processor.py:743} INFO - Processing file /home/pker/airflow_env/lib/python3.7/site-packages/airflow/example_dags/example_complex.py for tasks to queue
[2025-12-01T20:31:05.760+0300] {logging_mixin.py:137} INFO - [2025-12-01T20:31:05.760+0300] {dagbag.py:532} INFO - Filling up the DagBag from /home/pker/airflow_env/lib/python3.7/site-packages/airflow/example_dags/example_complex.py
[2025-12-01T20:31:05.782+0300] {logging_mixin.py:137} INFO - [2025-12-01T20:31:05.781+0300] {taskmixin.py:211} WARNING - Dependency <Task(BashOperator): create_entry_group>, delete_entry_group already registered for DAG: example_complex
[2025-12-01T20:31:05.782+0300] {logging_mixin.py:137} INFO - [2025-12-01T20:31:05.782+0300] {taskmixin.py:211} WARNING - Dependency <Task(BashOperator): delete_entry_group>, create_entry_group already registered for DAG: example_complex
[2025-12-01T20:31:05.783+0300] {logging_mixin.py:137} INFO - [2025-12-01T20:31:05.783+0300] {taskmixin.py:211} WARNING - Dependency <Task(BashOperator): create_entry_gcs>, delete_entry already registered for DAG: example_complex
[2025-12-01T20:31:05.783+0300] {logging_mixin.py:137} INFO - [2025-12-01T20:31:05.783+0300] {taskmixin.py:211} WARNING - Dependency <Task(BashOperator): delete_entry>, create_entry_gcs already registered for DAG: example_complex
[2025-12-01T20:31:05.784+0300] {logging_mixin.py:137} INFO - [2025-12-01T20:31:05.784+0300] {taskmixin.py:211} WARNING - Dependency <Task(BashOperator): create_tag>, delete_tag already registered for DAG: example_complex
[2025-12-01T20:31:05.784+0300] {logging_mixin.py:137} INFO - [2025-12-01T20:31:05.784+0300] {taskmixin.py:211} WARNING - Dependency <Task(BashOperator): delete_tag>, create_tag already registered for DAG: example_complex
[2025-12-01T20:31:05.794+0300] {processor.py:753} INFO - DAG(s) dict_keys(['example_complex']) retrieved from /home/pker/airflow_env/lib/python3.7/site-packages/airflow/example_dags/example_complex.py
[2025-12-01T20:31:05.845+0300] {logging_mixin.py:137} INFO - [2025-12-01T20:31:05.845+0300] {dag.py:2705} INFO - Sync 1 DAGs
[2025-12-01T20:31:05.872+0300] {logging_mixin.py:137} INFO - [2025-12-01T20:31:05.872+0300] {dag.py:3456} INFO - Setting next_dagrun for example_complex to None, run_after=None
[2025-12-01T20:31:05.925+0300] {processor.py:175} INFO - Processing /home/pker/airflow_env/lib/python3.7/site-packages/airflow/example_dags/example_complex.py took 0.194 seconds
