[2025-12-01T20:15:21.747+0300] {processor.py:153} INFO - Started process (PID=919665) to work on /home/pker/airflow_env/lib/python3.7/site-packages/airflow/example_dags/example_sensors.py
[2025-12-01T20:15:21.749+0300] {processor.py:743} INFO - Processing file /home/pker/airflow_env/lib/python3.7/site-packages/airflow/example_dags/example_sensors.py for tasks to queue
[2025-12-01T20:15:21.751+0300] {logging_mixin.py:137} INFO - [2025-12-01T20:15:21.751+0300] {dagbag.py:532} INFO - Filling up the DagBag from /home/pker/airflow_env/lib/python3.7/site-packages/airflow/example_dags/example_sensors.py
[2025-12-01T20:15:21.782+0300] {processor.py:753} INFO - DAG(s) dict_keys(['example_sensors']) retrieved from /home/pker/airflow_env/lib/python3.7/site-packages/airflow/example_dags/example_sensors.py
[2025-12-01T20:15:21.849+0300] {logging_mixin.py:137} INFO - [2025-12-01T20:15:21.849+0300] {dag.py:2705} INFO - Sync 1 DAGs
[2025-12-01T20:15:21.873+0300] {logging_mixin.py:137} INFO - [2025-12-01T20:15:21.873+0300] {dag.py:3456} INFO - Setting next_dagrun for example_sensors to None, run_after=None
[2025-12-01T20:15:21.927+0300] {processor.py:175} INFO - Processing /home/pker/airflow_env/lib/python3.7/site-packages/airflow/example_dags/example_sensors.py took 0.186 seconds
[2025-12-01T20:16:16.717+0300] {processor.py:153} INFO - Started process (PID=919861) to work on /home/pker/airflow_env/lib/python3.7/site-packages/airflow/example_dags/example_sensors.py
[2025-12-01T20:16:16.738+0300] {processor.py:743} INFO - Processing file /home/pker/airflow_env/lib/python3.7/site-packages/airflow/example_dags/example_sensors.py for tasks to queue
[2025-12-01T20:16:16.739+0300] {logging_mixin.py:137} INFO - [2025-12-01T20:16:16.738+0300] {dagbag.py:532} INFO - Filling up the DagBag from /home/pker/airflow_env/lib/python3.7/site-packages/airflow/example_dags/example_sensors.py
[2025-12-01T20:16:16.768+0300] {processor.py:753} INFO - DAG(s) dict_keys(['example_sensors']) retrieved from /home/pker/airflow_env/lib/python3.7/site-packages/airflow/example_dags/example_sensors.py
[2025-12-01T20:16:16.795+0300] {logging_mixin.py:137} INFO - [2025-12-01T20:16:16.795+0300] {dag.py:2705} INFO - Sync 1 DAGs
[2025-12-01T20:16:16.821+0300] {logging_mixin.py:137} INFO - [2025-12-01T20:16:16.821+0300] {dag.py:3456} INFO - Setting next_dagrun for example_sensors to None, run_after=None
[2025-12-01T20:16:16.861+0300] {processor.py:175} INFO - Processing /home/pker/airflow_env/lib/python3.7/site-packages/airflow/example_dags/example_sensors.py took 0.148 seconds
[2025-12-01T20:17:11.934+0300] {processor.py:153} INFO - Started process (PID=920060) to work on /home/pker/airflow_env/lib/python3.7/site-packages/airflow/example_dags/example_sensors.py
[2025-12-01T20:17:11.957+0300] {processor.py:743} INFO - Processing file /home/pker/airflow_env/lib/python3.7/site-packages/airflow/example_dags/example_sensors.py for tasks to queue
[2025-12-01T20:17:11.959+0300] {logging_mixin.py:137} INFO - [2025-12-01T20:17:11.959+0300] {dagbag.py:532} INFO - Filling up the DagBag from /home/pker/airflow_env/lib/python3.7/site-packages/airflow/example_dags/example_sensors.py
[2025-12-01T20:17:11.991+0300] {processor.py:753} INFO - DAG(s) dict_keys(['example_sensors']) retrieved from /home/pker/airflow_env/lib/python3.7/site-packages/airflow/example_dags/example_sensors.py
[2025-12-01T20:17:12.022+0300] {logging_mixin.py:137} INFO - [2025-12-01T20:17:12.021+0300] {dag.py:2705} INFO - Sync 1 DAGs
[2025-12-01T20:17:12.058+0300] {logging_mixin.py:137} INFO - [2025-12-01T20:17:12.058+0300] {dag.py:3456} INFO - Setting next_dagrun for example_sensors to None, run_after=None
[2025-12-01T20:17:12.095+0300] {processor.py:175} INFO - Processing /home/pker/airflow_env/lib/python3.7/site-packages/airflow/example_dags/example_sensors.py took 0.166 seconds
[2025-12-01T20:18:26.133+0300] {processor.py:153} INFO - Started process (PID=920323) to work on /home/pker/airflow_env/lib/python3.7/site-packages/airflow/example_dags/example_sensors.py
[2025-12-01T20:18:26.153+0300] {processor.py:743} INFO - Processing file /home/pker/airflow_env/lib/python3.7/site-packages/airflow/example_dags/example_sensors.py for tasks to queue
[2025-12-01T20:18:26.154+0300] {logging_mixin.py:137} INFO - [2025-12-01T20:18:26.154+0300] {dagbag.py:532} INFO - Filling up the DagBag from /home/pker/airflow_env/lib/python3.7/site-packages/airflow/example_dags/example_sensors.py
[2025-12-01T20:18:26.179+0300] {processor.py:753} INFO - DAG(s) dict_keys(['example_sensors']) retrieved from /home/pker/airflow_env/lib/python3.7/site-packages/airflow/example_dags/example_sensors.py
[2025-12-01T20:18:26.212+0300] {logging_mixin.py:137} INFO - [2025-12-01T20:18:26.211+0300] {dag.py:2705} INFO - Sync 1 DAGs
[2025-12-01T20:18:26.240+0300] {logging_mixin.py:137} INFO - [2025-12-01T20:18:26.240+0300] {dag.py:3456} INFO - Setting next_dagrun for example_sensors to None, run_after=None
[2025-12-01T20:18:26.271+0300] {processor.py:175} INFO - Processing /home/pker/airflow_env/lib/python3.7/site-packages/airflow/example_dags/example_sensors.py took 0.144 seconds
[2025-12-01T20:19:38.311+0300] {processor.py:153} INFO - Started process (PID=920604) to work on /home/pker/airflow_env/lib/python3.7/site-packages/airflow/example_dags/example_sensors.py
[2025-12-01T20:19:38.335+0300] {processor.py:743} INFO - Processing file /home/pker/airflow_env/lib/python3.7/site-packages/airflow/example_dags/example_sensors.py for tasks to queue
[2025-12-01T20:19:38.337+0300] {logging_mixin.py:137} INFO - [2025-12-01T20:19:38.337+0300] {dagbag.py:532} INFO - Filling up the DagBag from /home/pker/airflow_env/lib/python3.7/site-packages/airflow/example_dags/example_sensors.py
[2025-12-01T20:19:38.396+0300] {processor.py:753} INFO - DAG(s) dict_keys(['example_sensors']) retrieved from /home/pker/airflow_env/lib/python3.7/site-packages/airflow/example_dags/example_sensors.py
[2025-12-01T20:19:38.429+0300] {logging_mixin.py:137} INFO - [2025-12-01T20:19:38.429+0300] {dag.py:2705} INFO - Sync 1 DAGs
[2025-12-01T20:19:38.457+0300] {logging_mixin.py:137} INFO - [2025-12-01T20:19:38.457+0300] {dag.py:3456} INFO - Setting next_dagrun for example_sensors to None, run_after=None
[2025-12-01T20:19:38.518+0300] {processor.py:175} INFO - Processing /home/pker/airflow_env/lib/python3.7/site-packages/airflow/example_dags/example_sensors.py took 0.213 seconds
[2025-12-01T20:20:48.880+0300] {processor.py:153} INFO - Started process (PID=920861) to work on /home/pker/airflow_env/lib/python3.7/site-packages/airflow/example_dags/example_sensors.py
[2025-12-01T20:20:48.882+0300] {processor.py:743} INFO - Processing file /home/pker/airflow_env/lib/python3.7/site-packages/airflow/example_dags/example_sensors.py for tasks to queue
[2025-12-01T20:20:48.884+0300] {logging_mixin.py:137} INFO - [2025-12-01T20:20:48.884+0300] {dagbag.py:532} INFO - Filling up the DagBag from /home/pker/airflow_env/lib/python3.7/site-packages/airflow/example_dags/example_sensors.py
[2025-12-01T20:20:48.913+0300] {processor.py:753} INFO - DAG(s) dict_keys(['example_sensors']) retrieved from /home/pker/airflow_env/lib/python3.7/site-packages/airflow/example_dags/example_sensors.py
[2025-12-01T20:20:48.942+0300] {logging_mixin.py:137} INFO - [2025-12-01T20:20:48.942+0300] {dag.py:2705} INFO - Sync 1 DAGs
[2025-12-01T20:20:48.970+0300] {logging_mixin.py:137} INFO - [2025-12-01T20:20:48.970+0300] {dag.py:3456} INFO - Setting next_dagrun for example_sensors to None, run_after=None
[2025-12-01T20:20:49.001+0300] {processor.py:175} INFO - Processing /home/pker/airflow_env/lib/python3.7/site-packages/airflow/example_dags/example_sensors.py took 0.126 seconds
[2025-12-01T20:22:00.085+0300] {processor.py:153} INFO - Started process (PID=921112) to work on /home/pker/airflow_env/lib/python3.7/site-packages/airflow/example_dags/example_sensors.py
[2025-12-01T20:22:00.108+0300] {processor.py:743} INFO - Processing file /home/pker/airflow_env/lib/python3.7/site-packages/airflow/example_dags/example_sensors.py for tasks to queue
[2025-12-01T20:22:00.110+0300] {logging_mixin.py:137} INFO - [2025-12-01T20:22:00.110+0300] {dagbag.py:532} INFO - Filling up the DagBag from /home/pker/airflow_env/lib/python3.7/site-packages/airflow/example_dags/example_sensors.py
[2025-12-01T20:22:00.139+0300] {processor.py:753} INFO - DAG(s) dict_keys(['example_sensors']) retrieved from /home/pker/airflow_env/lib/python3.7/site-packages/airflow/example_dags/example_sensors.py
[2025-12-01T20:22:00.180+0300] {logging_mixin.py:137} INFO - [2025-12-01T20:22:00.180+0300] {dag.py:2705} INFO - Sync 1 DAGs
[2025-12-01T20:22:00.221+0300] {logging_mixin.py:137} INFO - [2025-12-01T20:22:00.221+0300] {dag.py:3456} INFO - Setting next_dagrun for example_sensors to None, run_after=None
[2025-12-01T20:22:00.281+0300] {processor.py:175} INFO - Processing /home/pker/airflow_env/lib/python3.7/site-packages/airflow/example_dags/example_sensors.py took 0.201 seconds
[2025-12-01T20:23:16.303+0300] {processor.py:153} INFO - Started process (PID=921380) to work on /home/pker/airflow_env/lib/python3.7/site-packages/airflow/example_dags/example_sensors.py
[2025-12-01T20:23:16.323+0300] {processor.py:743} INFO - Processing file /home/pker/airflow_env/lib/python3.7/site-packages/airflow/example_dags/example_sensors.py for tasks to queue
[2025-12-01T20:23:16.324+0300] {logging_mixin.py:137} INFO - [2025-12-01T20:23:16.324+0300] {dagbag.py:532} INFO - Filling up the DagBag from /home/pker/airflow_env/lib/python3.7/site-packages/airflow/example_dags/example_sensors.py
[2025-12-01T20:23:16.351+0300] {processor.py:753} INFO - DAG(s) dict_keys(['example_sensors']) retrieved from /home/pker/airflow_env/lib/python3.7/site-packages/airflow/example_dags/example_sensors.py
[2025-12-01T20:23:16.385+0300] {logging_mixin.py:137} INFO - [2025-12-01T20:23:16.385+0300] {dag.py:2705} INFO - Sync 1 DAGs
[2025-12-01T20:23:16.418+0300] {logging_mixin.py:137} INFO - [2025-12-01T20:23:16.418+0300] {dag.py:3456} INFO - Setting next_dagrun for example_sensors to None, run_after=None
[2025-12-01T20:23:16.447+0300] {processor.py:175} INFO - Processing /home/pker/airflow_env/lib/python3.7/site-packages/airflow/example_dags/example_sensors.py took 0.150 seconds
[2025-12-01T20:24:31.977+0300] {processor.py:153} INFO - Started process (PID=921673) to work on /home/pker/airflow_env/lib/python3.7/site-packages/airflow/example_dags/example_sensors.py
[2025-12-01T20:24:31.980+0300] {processor.py:743} INFO - Processing file /home/pker/airflow_env/lib/python3.7/site-packages/airflow/example_dags/example_sensors.py for tasks to queue
[2025-12-01T20:24:31.982+0300] {logging_mixin.py:137} INFO - [2025-12-01T20:24:31.982+0300] {dagbag.py:532} INFO - Filling up the DagBag from /home/pker/airflow_env/lib/python3.7/site-packages/airflow/example_dags/example_sensors.py
[2025-12-01T20:24:32.026+0300] {processor.py:753} INFO - DAG(s) dict_keys(['example_sensors']) retrieved from /home/pker/airflow_env/lib/python3.7/site-packages/airflow/example_dags/example_sensors.py
[2025-12-01T20:24:32.072+0300] {logging_mixin.py:137} INFO - [2025-12-01T20:24:32.072+0300] {dag.py:2705} INFO - Sync 1 DAGs
[2025-12-01T20:24:32.108+0300] {logging_mixin.py:137} INFO - [2025-12-01T20:24:32.108+0300] {dag.py:3456} INFO - Setting next_dagrun for example_sensors to None, run_after=None
[2025-12-01T20:24:32.173+0300] {processor.py:175} INFO - Processing /home/pker/airflow_env/lib/python3.7/site-packages/airflow/example_dags/example_sensors.py took 0.201 seconds
[2025-12-01T20:25:46.373+0300] {processor.py:153} INFO - Started process (PID=921937) to work on /home/pker/airflow_env/lib/python3.7/site-packages/airflow/example_dags/example_sensors.py
[2025-12-01T20:25:46.396+0300] {processor.py:743} INFO - Processing file /home/pker/airflow_env/lib/python3.7/site-packages/airflow/example_dags/example_sensors.py for tasks to queue
[2025-12-01T20:25:46.398+0300] {logging_mixin.py:137} INFO - [2025-12-01T20:25:46.398+0300] {dagbag.py:532} INFO - Filling up the DagBag from /home/pker/airflow_env/lib/python3.7/site-packages/airflow/example_dags/example_sensors.py
[2025-12-01T20:25:46.431+0300] {processor.py:753} INFO - DAG(s) dict_keys(['example_sensors']) retrieved from /home/pker/airflow_env/lib/python3.7/site-packages/airflow/example_dags/example_sensors.py
[2025-12-01T20:25:46.461+0300] {logging_mixin.py:137} INFO - [2025-12-01T20:25:46.461+0300] {dag.py:2705} INFO - Sync 1 DAGs
[2025-12-01T20:25:46.491+0300] {logging_mixin.py:137} INFO - [2025-12-01T20:25:46.491+0300] {dag.py:3456} INFO - Setting next_dagrun for example_sensors to None, run_after=None
[2025-12-01T20:25:46.526+0300] {processor.py:175} INFO - Processing /home/pker/airflow_env/lib/python3.7/site-packages/airflow/example_dags/example_sensors.py took 0.158 seconds
[2025-12-01T20:26:55.959+0300] {processor.py:153} INFO - Started process (PID=922189) to work on /home/pker/airflow_env/lib/python3.7/site-packages/airflow/example_dags/example_sensors.py
[2025-12-01T20:26:55.982+0300] {processor.py:743} INFO - Processing file /home/pker/airflow_env/lib/python3.7/site-packages/airflow/example_dags/example_sensors.py for tasks to queue
[2025-12-01T20:26:55.985+0300] {logging_mixin.py:137} INFO - [2025-12-01T20:26:55.985+0300] {dagbag.py:532} INFO - Filling up the DagBag from /home/pker/airflow_env/lib/python3.7/site-packages/airflow/example_dags/example_sensors.py
[2025-12-01T20:26:56.021+0300] {processor.py:753} INFO - DAG(s) dict_keys(['example_sensors']) retrieved from /home/pker/airflow_env/lib/python3.7/site-packages/airflow/example_dags/example_sensors.py
[2025-12-01T20:26:56.055+0300] {logging_mixin.py:137} INFO - [2025-12-01T20:26:56.055+0300] {dag.py:2705} INFO - Sync 1 DAGs
[2025-12-01T20:26:56.093+0300] {logging_mixin.py:137} INFO - [2025-12-01T20:26:56.092+0300] {dag.py:3456} INFO - Setting next_dagrun for example_sensors to None, run_after=None
[2025-12-01T20:26:56.148+0300] {processor.py:175} INFO - Processing /home/pker/airflow_env/lib/python3.7/site-packages/airflow/example_dags/example_sensors.py took 0.195 seconds
[2025-12-01T20:28:07.780+0300] {processor.py:153} INFO - Started process (PID=922447) to work on /home/pker/airflow_env/lib/python3.7/site-packages/airflow/example_dags/example_sensors.py
[2025-12-01T20:28:07.782+0300] {processor.py:743} INFO - Processing file /home/pker/airflow_env/lib/python3.7/site-packages/airflow/example_dags/example_sensors.py for tasks to queue
[2025-12-01T20:28:07.783+0300] {logging_mixin.py:137} INFO - [2025-12-01T20:28:07.783+0300] {dagbag.py:532} INFO - Filling up the DagBag from /home/pker/airflow_env/lib/python3.7/site-packages/airflow/example_dags/example_sensors.py
[2025-12-01T20:28:07.817+0300] {processor.py:753} INFO - DAG(s) dict_keys(['example_sensors']) retrieved from /home/pker/airflow_env/lib/python3.7/site-packages/airflow/example_dags/example_sensors.py
[2025-12-01T20:28:07.852+0300] {logging_mixin.py:137} INFO - [2025-12-01T20:28:07.852+0300] {dag.py:2705} INFO - Sync 1 DAGs
[2025-12-01T20:28:07.884+0300] {logging_mixin.py:137} INFO - [2025-12-01T20:28:07.884+0300] {dag.py:3456} INFO - Setting next_dagrun for example_sensors to None, run_after=None
[2025-12-01T20:28:07.932+0300] {processor.py:175} INFO - Processing /home/pker/airflow_env/lib/python3.7/site-packages/airflow/example_dags/example_sensors.py took 0.158 seconds
[2025-12-01T20:29:16.146+0300] {processor.py:153} INFO - Started process (PID=922716) to work on /home/pker/airflow_env/lib/python3.7/site-packages/airflow/example_dags/example_sensors.py
[2025-12-01T20:29:16.148+0300] {processor.py:743} INFO - Processing file /home/pker/airflow_env/lib/python3.7/site-packages/airflow/example_dags/example_sensors.py for tasks to queue
[2025-12-01T20:29:16.150+0300] {logging_mixin.py:137} INFO - [2025-12-01T20:29:16.149+0300] {dagbag.py:532} INFO - Filling up the DagBag from /home/pker/airflow_env/lib/python3.7/site-packages/airflow/example_dags/example_sensors.py
[2025-12-01T20:29:16.174+0300] {processor.py:753} INFO - DAG(s) dict_keys(['example_sensors']) retrieved from /home/pker/airflow_env/lib/python3.7/site-packages/airflow/example_dags/example_sensors.py
[2025-12-01T20:29:16.206+0300] {logging_mixin.py:137} INFO - [2025-12-01T20:29:16.205+0300] {dag.py:2705} INFO - Sync 1 DAGs
[2025-12-01T20:29:16.242+0300] {logging_mixin.py:137} INFO - [2025-12-01T20:29:16.241+0300] {dag.py:3456} INFO - Setting next_dagrun for example_sensors to None, run_after=None
[2025-12-01T20:29:16.273+0300] {processor.py:175} INFO - Processing /home/pker/airflow_env/lib/python3.7/site-packages/airflow/example_dags/example_sensors.py took 0.132 seconds
[2025-12-01T20:30:31.596+0300] {processor.py:153} INFO - Started process (PID=922983) to work on /home/pker/airflow_env/lib/python3.7/site-packages/airflow/example_dags/example_sensors.py
[2025-12-01T20:30:31.618+0300] {processor.py:743} INFO - Processing file /home/pker/airflow_env/lib/python3.7/site-packages/airflow/example_dags/example_sensors.py for tasks to queue
[2025-12-01T20:30:31.620+0300] {logging_mixin.py:137} INFO - [2025-12-01T20:30:31.620+0300] {dagbag.py:532} INFO - Filling up the DagBag from /home/pker/airflow_env/lib/python3.7/site-packages/airflow/example_dags/example_sensors.py
[2025-12-01T20:30:31.650+0300] {processor.py:753} INFO - DAG(s) dict_keys(['example_sensors']) retrieved from /home/pker/airflow_env/lib/python3.7/site-packages/airflow/example_dags/example_sensors.py
[2025-12-01T20:30:31.693+0300] {logging_mixin.py:137} INFO - [2025-12-01T20:30:31.692+0300] {dag.py:2705} INFO - Sync 1 DAGs
[2025-12-01T20:30:31.722+0300] {logging_mixin.py:137} INFO - [2025-12-01T20:30:31.722+0300] {dag.py:3456} INFO - Setting next_dagrun for example_sensors to None, run_after=None
[2025-12-01T20:30:31.779+0300] {processor.py:175} INFO - Processing /home/pker/airflow_env/lib/python3.7/site-packages/airflow/example_dags/example_sensors.py took 0.188 seconds
[2025-12-01T20:31:48.600+0300] {processor.py:153} INFO - Started process (PID=923264) to work on /home/pker/airflow_env/lib/python3.7/site-packages/airflow/example_dags/example_sensors.py
[2025-12-01T20:31:48.637+0300] {processor.py:743} INFO - Processing file /home/pker/airflow_env/lib/python3.7/site-packages/airflow/example_dags/example_sensors.py for tasks to queue
[2025-12-01T20:31:48.641+0300] {logging_mixin.py:137} INFO - [2025-12-01T20:31:48.641+0300] {dagbag.py:532} INFO - Filling up the DagBag from /home/pker/airflow_env/lib/python3.7/site-packages/airflow/example_dags/example_sensors.py
[2025-12-01T20:31:48.711+0300] {processor.py:753} INFO - DAG(s) dict_keys(['example_sensors']) retrieved from /home/pker/airflow_env/lib/python3.7/site-packages/airflow/example_dags/example_sensors.py
[2025-12-01T20:31:48.811+0300] {logging_mixin.py:137} INFO - [2025-12-01T20:31:48.811+0300] {dag.py:2705} INFO - Sync 1 DAGs
[2025-12-01T20:31:48.873+0300] {logging_mixin.py:137} INFO - [2025-12-01T20:31:48.873+0300] {dag.py:3456} INFO - Setting next_dagrun for example_sensors to None, run_after=None
[2025-12-01T20:31:49.260+0300] {processor.py:175} INFO - Processing /home/pker/airflow_env/lib/python3.7/site-packages/airflow/example_dags/example_sensors.py took 0.666 seconds
