[2025-12-01T20:15:18.967+0300] {processor.py:153} INFO - Started process (PID=919657) to work on /home/pker/airflow_env/lib/python3.7/site-packages/airflow/example_dags/example_dynamic_task_mapping.py
[2025-12-01T20:15:18.969+0300] {processor.py:743} INFO - Processing file /home/pker/airflow_env/lib/python3.7/site-packages/airflow/example_dags/example_dynamic_task_mapping.py for tasks to queue
[2025-12-01T20:15:18.970+0300] {logging_mixin.py:137} INFO - [2025-12-01T20:15:18.970+0300] {dagbag.py:532} INFO - Filling up the DagBag from /home/pker/airflow_env/lib/python3.7/site-packages/airflow/example_dags/example_dynamic_task_mapping.py
[2025-12-01T20:15:19.025+0300] {processor.py:753} INFO - DAG(s) dict_keys(['example_dynamic_task_mapping']) retrieved from /home/pker/airflow_env/lib/python3.7/site-packages/airflow/example_dags/example_dynamic_task_mapping.py
[2025-12-01T20:15:19.109+0300] {logging_mixin.py:137} INFO - [2025-12-01T20:15:19.108+0300] {dag.py:2705} INFO - Sync 1 DAGs
[2025-12-01T20:15:19.137+0300] {logging_mixin.py:137} INFO - [2025-12-01T20:15:19.137+0300] {dag.py:3456} INFO - Setting next_dagrun for example_dynamic_task_mapping to 2022-03-04T00:00:00+00:00, run_after=2022-03-05T00:00:00+00:00
[2025-12-01T20:15:19.197+0300] {processor.py:175} INFO - Processing /home/pker/airflow_env/lib/python3.7/site-packages/airflow/example_dags/example_dynamic_task_mapping.py took 0.235 seconds
[2025-12-01T20:16:14.816+0300] {processor.py:153} INFO - Started process (PID=919853) to work on /home/pker/airflow_env/lib/python3.7/site-packages/airflow/example_dags/example_dynamic_task_mapping.py
[2025-12-01T20:16:14.818+0300] {processor.py:743} INFO - Processing file /home/pker/airflow_env/lib/python3.7/site-packages/airflow/example_dags/example_dynamic_task_mapping.py for tasks to queue
[2025-12-01T20:16:14.819+0300] {logging_mixin.py:137} INFO - [2025-12-01T20:16:14.819+0300] {dagbag.py:532} INFO - Filling up the DagBag from /home/pker/airflow_env/lib/python3.7/site-packages/airflow/example_dags/example_dynamic_task_mapping.py
[2025-12-01T20:16:14.863+0300] {processor.py:753} INFO - DAG(s) dict_keys(['example_dynamic_task_mapping']) retrieved from /home/pker/airflow_env/lib/python3.7/site-packages/airflow/example_dags/example_dynamic_task_mapping.py
[2025-12-01T20:16:14.892+0300] {logging_mixin.py:137} INFO - [2025-12-01T20:16:14.891+0300] {dag.py:2705} INFO - Sync 1 DAGs
[2025-12-01T20:16:14.951+0300] {logging_mixin.py:137} INFO - [2025-12-01T20:16:14.950+0300] {dag.py:3456} INFO - Setting next_dagrun for example_dynamic_task_mapping to 2022-03-04T00:00:00+00:00, run_after=2022-03-05T00:00:00+00:00
[2025-12-01T20:16:15.013+0300] {processor.py:175} INFO - Processing /home/pker/airflow_env/lib/python3.7/site-packages/airflow/example_dags/example_dynamic_task_mapping.py took 0.201 seconds
[2025-12-01T20:17:10.671+0300] {processor.py:153} INFO - Started process (PID=920052) to work on /home/pker/airflow_env/lib/python3.7/site-packages/airflow/example_dags/example_dynamic_task_mapping.py
[2025-12-01T20:17:09.389+0300] {processor.py:743} INFO - Processing file /home/pker/airflow_env/lib/python3.7/site-packages/airflow/example_dags/example_dynamic_task_mapping.py for tasks to queue
[2025-12-01T20:17:09.391+0300] {logging_mixin.py:137} INFO - [2025-12-01T20:17:09.390+0300] {dagbag.py:532} INFO - Filling up the DagBag from /home/pker/airflow_env/lib/python3.7/site-packages/airflow/example_dags/example_dynamic_task_mapping.py
[2025-12-01T20:17:09.431+0300] {processor.py:753} INFO - DAG(s) dict_keys(['example_dynamic_task_mapping']) retrieved from /home/pker/airflow_env/lib/python3.7/site-packages/airflow/example_dags/example_dynamic_task_mapping.py
[2025-12-01T20:17:09.458+0300] {logging_mixin.py:137} INFO - [2025-12-01T20:17:09.458+0300] {dag.py:2705} INFO - Sync 1 DAGs
[2025-12-01T20:17:09.491+0300] {logging_mixin.py:137} INFO - [2025-12-01T20:17:09.490+0300] {dag.py:3456} INFO - Setting next_dagrun for example_dynamic_task_mapping to 2022-03-04T00:00:00+00:00, run_after=2022-03-05T00:00:00+00:00
[2025-12-01T20:17:09.528+0300] {processor.py:175} INFO - Processing /home/pker/airflow_env/lib/python3.7/site-packages/airflow/example_dags/example_dynamic_task_mapping.py took 0.168 seconds
[2025-12-01T20:18:04.886+0300] {processor.py:153} INFO - Started process (PID=920240) to work on /home/pker/airflow_env/lib/python3.7/site-packages/airflow/example_dags/example_dynamic_task_mapping.py
[2025-12-01T20:18:04.909+0300] {processor.py:743} INFO - Processing file /home/pker/airflow_env/lib/python3.7/site-packages/airflow/example_dags/example_dynamic_task_mapping.py for tasks to queue
[2025-12-01T20:18:04.912+0300] {logging_mixin.py:137} INFO - [2025-12-01T20:18:04.911+0300] {dagbag.py:532} INFO - Filling up the DagBag from /home/pker/airflow_env/lib/python3.7/site-packages/airflow/example_dags/example_dynamic_task_mapping.py
[2025-12-01T20:18:04.955+0300] {processor.py:753} INFO - DAG(s) dict_keys(['example_dynamic_task_mapping']) retrieved from /home/pker/airflow_env/lib/python3.7/site-packages/airflow/example_dags/example_dynamic_task_mapping.py
[2025-12-01T20:18:04.978+0300] {logging_mixin.py:137} INFO - [2025-12-01T20:18:04.978+0300] {dag.py:2705} INFO - Sync 1 DAGs
[2025-12-01T20:18:05.009+0300] {logging_mixin.py:137} INFO - [2025-12-01T20:18:05.009+0300] {dag.py:3456} INFO - Setting next_dagrun for example_dynamic_task_mapping to 2022-03-04T00:00:00+00:00, run_after=2022-03-05T00:00:00+00:00
[2025-12-01T20:18:05.064+0300] {processor.py:175} INFO - Processing /home/pker/airflow_env/lib/python3.7/site-packages/airflow/example_dags/example_dynamic_task_mapping.py took 0.182 seconds
[2025-12-01T20:19:14.354+0300] {processor.py:153} INFO - Started process (PID=920499) to work on /home/pker/airflow_env/lib/python3.7/site-packages/airflow/example_dags/example_dynamic_task_mapping.py
[2025-12-01T20:19:14.377+0300] {processor.py:743} INFO - Processing file /home/pker/airflow_env/lib/python3.7/site-packages/airflow/example_dags/example_dynamic_task_mapping.py for tasks to queue
[2025-12-01T20:19:14.380+0300] {logging_mixin.py:137} INFO - [2025-12-01T20:19:14.380+0300] {dagbag.py:532} INFO - Filling up the DagBag from /home/pker/airflow_env/lib/python3.7/site-packages/airflow/example_dags/example_dynamic_task_mapping.py
[2025-12-01T20:19:14.419+0300] {processor.py:753} INFO - DAG(s) dict_keys(['example_dynamic_task_mapping']) retrieved from /home/pker/airflow_env/lib/python3.7/site-packages/airflow/example_dags/example_dynamic_task_mapping.py
[2025-12-01T20:19:14.442+0300] {logging_mixin.py:137} INFO - [2025-12-01T20:19:14.442+0300] {dag.py:2705} INFO - Sync 1 DAGs
[2025-12-01T20:19:14.472+0300] {logging_mixin.py:137} INFO - [2025-12-01T20:19:14.472+0300] {dag.py:3456} INFO - Setting next_dagrun for example_dynamic_task_mapping to 2022-03-04T00:00:00+00:00, run_after=2022-03-05T00:00:00+00:00
[2025-12-01T20:19:14.503+0300] {processor.py:175} INFO - Processing /home/pker/airflow_env/lib/python3.7/site-packages/airflow/example_dags/example_dynamic_task_mapping.py took 0.154 seconds
[2025-12-01T20:20:25.376+0300] {processor.py:153} INFO - Started process (PID=920773) to work on /home/pker/airflow_env/lib/python3.7/site-packages/airflow/example_dags/example_dynamic_task_mapping.py
[2025-12-01T20:20:25.398+0300] {processor.py:743} INFO - Processing file /home/pker/airflow_env/lib/python3.7/site-packages/airflow/example_dags/example_dynamic_task_mapping.py for tasks to queue
[2025-12-01T20:20:25.401+0300] {logging_mixin.py:137} INFO - [2025-12-01T20:20:25.401+0300] {dagbag.py:532} INFO - Filling up the DagBag from /home/pker/airflow_env/lib/python3.7/site-packages/airflow/example_dags/example_dynamic_task_mapping.py
[2025-12-01T20:20:25.441+0300] {processor.py:753} INFO - DAG(s) dict_keys(['example_dynamic_task_mapping']) retrieved from /home/pker/airflow_env/lib/python3.7/site-packages/airflow/example_dags/example_dynamic_task_mapping.py
[2025-12-01T20:20:25.471+0300] {logging_mixin.py:137} INFO - [2025-12-01T20:20:25.471+0300] {dag.py:2705} INFO - Sync 1 DAGs
[2025-12-01T20:20:25.502+0300] {logging_mixin.py:137} INFO - [2025-12-01T20:20:25.501+0300] {dag.py:3456} INFO - Setting next_dagrun for example_dynamic_task_mapping to 2022-03-04T00:00:00+00:00, run_after=2022-03-05T00:00:00+00:00
[2025-12-01T20:20:25.559+0300] {processor.py:175} INFO - Processing /home/pker/airflow_env/lib/python3.7/site-packages/airflow/example_dags/example_dynamic_task_mapping.py took 0.190 seconds
[2025-12-01T20:21:36.523+0300] {processor.py:153} INFO - Started process (PID=921024) to work on /home/pker/airflow_env/lib/python3.7/site-packages/airflow/example_dags/example_dynamic_task_mapping.py
[2025-12-01T20:21:36.536+0300] {processor.py:743} INFO - Processing file /home/pker/airflow_env/lib/python3.7/site-packages/airflow/example_dags/example_dynamic_task_mapping.py for tasks to queue
[2025-12-01T20:21:36.538+0300] {logging_mixin.py:137} INFO - [2025-12-01T20:21:36.538+0300] {dagbag.py:532} INFO - Filling up the DagBag from /home/pker/airflow_env/lib/python3.7/site-packages/airflow/example_dags/example_dynamic_task_mapping.py
[2025-12-01T20:21:36.578+0300] {processor.py:753} INFO - DAG(s) dict_keys(['example_dynamic_task_mapping']) retrieved from /home/pker/airflow_env/lib/python3.7/site-packages/airflow/example_dags/example_dynamic_task_mapping.py
[2025-12-01T20:21:36.607+0300] {logging_mixin.py:137} INFO - [2025-12-01T20:21:36.607+0300] {dag.py:2705} INFO - Sync 1 DAGs
[2025-12-01T20:21:36.643+0300] {logging_mixin.py:137} INFO - [2025-12-01T20:21:36.643+0300] {dag.py:3456} INFO - Setting next_dagrun for example_dynamic_task_mapping to 2022-03-04T00:00:00+00:00, run_after=2022-03-05T00:00:00+00:00
[2025-12-01T20:21:36.703+0300] {processor.py:175} INFO - Processing /home/pker/airflow_env/lib/python3.7/site-packages/airflow/example_dags/example_dynamic_task_mapping.py took 0.185 seconds
[2025-12-01T20:22:50.672+0300] {processor.py:153} INFO - Started process (PID=921294) to work on /home/pker/airflow_env/lib/python3.7/site-packages/airflow/example_dags/example_dynamic_task_mapping.py
[2025-12-01T20:22:50.695+0300] {processor.py:743} INFO - Processing file /home/pker/airflow_env/lib/python3.7/site-packages/airflow/example_dags/example_dynamic_task_mapping.py for tasks to queue
[2025-12-01T20:22:50.697+0300] {logging_mixin.py:137} INFO - [2025-12-01T20:22:50.697+0300] {dagbag.py:532} INFO - Filling up the DagBag from /home/pker/airflow_env/lib/python3.7/site-packages/airflow/example_dags/example_dynamic_task_mapping.py
[2025-12-01T20:22:50.735+0300] {processor.py:753} INFO - DAG(s) dict_keys(['example_dynamic_task_mapping']) retrieved from /home/pker/airflow_env/lib/python3.7/site-packages/airflow/example_dags/example_dynamic_task_mapping.py
[2025-12-01T20:22:50.758+0300] {logging_mixin.py:137} INFO - [2025-12-01T20:22:50.758+0300] {dag.py:2705} INFO - Sync 1 DAGs
[2025-12-01T20:22:50.785+0300] {logging_mixin.py:137} INFO - [2025-12-01T20:22:50.784+0300] {dag.py:3456} INFO - Setting next_dagrun for example_dynamic_task_mapping to 2022-03-04T00:00:00+00:00, run_after=2022-03-05T00:00:00+00:00
[2025-12-01T20:22:50.812+0300] {processor.py:175} INFO - Processing /home/pker/airflow_env/lib/python3.7/site-packages/airflow/example_dags/example_dynamic_task_mapping.py took 0.145 seconds
[2025-12-01T20:24:07.811+0300] {processor.py:153} INFO - Started process (PID=921584) to work on /home/pker/airflow_env/lib/python3.7/site-packages/airflow/example_dags/example_dynamic_task_mapping.py
[2025-12-01T20:24:07.833+0300] {processor.py:743} INFO - Processing file /home/pker/airflow_env/lib/python3.7/site-packages/airflow/example_dags/example_dynamic_task_mapping.py for tasks to queue
[2025-12-01T20:24:07.836+0300] {logging_mixin.py:137} INFO - [2025-12-01T20:24:07.836+0300] {dagbag.py:532} INFO - Filling up the DagBag from /home/pker/airflow_env/lib/python3.7/site-packages/airflow/example_dags/example_dynamic_task_mapping.py
[2025-12-01T20:24:07.874+0300] {processor.py:753} INFO - DAG(s) dict_keys(['example_dynamic_task_mapping']) retrieved from /home/pker/airflow_env/lib/python3.7/site-packages/airflow/example_dags/example_dynamic_task_mapping.py
[2025-12-01T20:24:07.903+0300] {logging_mixin.py:137} INFO - [2025-12-01T20:24:07.903+0300] {dag.py:2705} INFO - Sync 1 DAGs
[2025-12-01T20:24:07.942+0300] {logging_mixin.py:137} INFO - [2025-12-01T20:24:07.942+0300] {dag.py:3456} INFO - Setting next_dagrun for example_dynamic_task_mapping to 2022-03-04T00:00:00+00:00, run_after=2022-03-05T00:00:00+00:00
[2025-12-01T20:24:08.003+0300] {processor.py:175} INFO - Processing /home/pker/airflow_env/lib/python3.7/site-packages/airflow/example_dags/example_dynamic_task_mapping.py took 0.197 seconds
[2025-12-01T20:25:24.399+0300] {processor.py:153} INFO - Started process (PID=921855) to work on /home/pker/airflow_env/lib/python3.7/site-packages/airflow/example_dags/example_dynamic_task_mapping.py
[2025-12-01T20:25:24.422+0300] {processor.py:743} INFO - Processing file /home/pker/airflow_env/lib/python3.7/site-packages/airflow/example_dags/example_dynamic_task_mapping.py for tasks to queue
[2025-12-01T20:25:24.424+0300] {logging_mixin.py:137} INFO - [2025-12-01T20:25:24.424+0300] {dagbag.py:532} INFO - Filling up the DagBag from /home/pker/airflow_env/lib/python3.7/site-packages/airflow/example_dags/example_dynamic_task_mapping.py
[2025-12-01T20:25:24.467+0300] {processor.py:753} INFO - DAG(s) dict_keys(['example_dynamic_task_mapping']) retrieved from /home/pker/airflow_env/lib/python3.7/site-packages/airflow/example_dags/example_dynamic_task_mapping.py
[2025-12-01T20:25:24.490+0300] {logging_mixin.py:137} INFO - [2025-12-01T20:25:24.490+0300] {dag.py:2705} INFO - Sync 1 DAGs
[2025-12-01T20:25:24.523+0300] {logging_mixin.py:137} INFO - [2025-12-01T20:25:24.523+0300] {dag.py:3456} INFO - Setting next_dagrun for example_dynamic_task_mapping to 2022-03-04T00:00:00+00:00, run_after=2022-03-05T00:00:00+00:00
[2025-12-01T20:25:24.556+0300] {processor.py:175} INFO - Processing /home/pker/airflow_env/lib/python3.7/site-packages/airflow/example_dags/example_dynamic_task_mapping.py took 0.162 seconds
[2025-12-01T20:26:30.072+0300] {processor.py:153} INFO - Started process (PID=922100) to work on /home/pker/airflow_env/lib/python3.7/site-packages/airflow/example_dags/example_dynamic_task_mapping.py
[2025-12-01T20:26:30.095+0300] {processor.py:743} INFO - Processing file /home/pker/airflow_env/lib/python3.7/site-packages/airflow/example_dags/example_dynamic_task_mapping.py for tasks to queue
[2025-12-01T20:26:30.098+0300] {logging_mixin.py:137} INFO - [2025-12-01T20:26:30.097+0300] {dagbag.py:532} INFO - Filling up the DagBag from /home/pker/airflow_env/lib/python3.7/site-packages/airflow/example_dags/example_dynamic_task_mapping.py
[2025-12-01T20:26:30.134+0300] {processor.py:753} INFO - DAG(s) dict_keys(['example_dynamic_task_mapping']) retrieved from /home/pker/airflow_env/lib/python3.7/site-packages/airflow/example_dags/example_dynamic_task_mapping.py
[2025-12-01T20:26:30.157+0300] {logging_mixin.py:137} INFO - [2025-12-01T20:26:30.156+0300] {dag.py:2705} INFO - Sync 1 DAGs
[2025-12-01T20:26:30.186+0300] {logging_mixin.py:137} INFO - [2025-12-01T20:26:30.186+0300] {dag.py:3456} INFO - Setting next_dagrun for example_dynamic_task_mapping to 2022-03-04T00:00:00+00:00, run_after=2022-03-05T00:00:00+00:00
[2025-12-01T20:26:30.215+0300] {processor.py:175} INFO - Processing /home/pker/airflow_env/lib/python3.7/site-packages/airflow/example_dags/example_dynamic_task_mapping.py took 0.148 seconds
[2025-12-01T20:27:43.424+0300] {processor.py:153} INFO - Started process (PID=922363) to work on /home/pker/airflow_env/lib/python3.7/site-packages/airflow/example_dags/example_dynamic_task_mapping.py
[2025-12-01T20:27:43.443+0300] {processor.py:743} INFO - Processing file /home/pker/airflow_env/lib/python3.7/site-packages/airflow/example_dags/example_dynamic_task_mapping.py for tasks to queue
[2025-12-01T20:27:43.446+0300] {logging_mixin.py:137} INFO - [2025-12-01T20:27:43.446+0300] {dagbag.py:532} INFO - Filling up the DagBag from /home/pker/airflow_env/lib/python3.7/site-packages/airflow/example_dags/example_dynamic_task_mapping.py
[2025-12-01T20:27:43.482+0300] {processor.py:753} INFO - DAG(s) dict_keys(['example_dynamic_task_mapping']) retrieved from /home/pker/airflow_env/lib/python3.7/site-packages/airflow/example_dags/example_dynamic_task_mapping.py
[2025-12-01T20:27:43.505+0300] {logging_mixin.py:137} INFO - [2025-12-01T20:27:43.505+0300] {dag.py:2705} INFO - Sync 1 DAGs
[2025-12-01T20:27:43.532+0300] {logging_mixin.py:137} INFO - [2025-12-01T20:27:43.532+0300] {dag.py:3456} INFO - Setting next_dagrun for example_dynamic_task_mapping to 2022-03-04T00:00:00+00:00, run_after=2022-03-05T00:00:00+00:00
[2025-12-01T20:27:43.561+0300] {processor.py:175} INFO - Processing /home/pker/airflow_env/lib/python3.7/site-packages/airflow/example_dags/example_dynamic_task_mapping.py took 0.143 seconds
[2025-12-01T20:28:52.471+0300] {processor.py:153} INFO - Started process (PID=922614) to work on /home/pker/airflow_env/lib/python3.7/site-packages/airflow/example_dags/example_dynamic_task_mapping.py
[2025-12-01T20:28:52.494+0300] {processor.py:743} INFO - Processing file /home/pker/airflow_env/lib/python3.7/site-packages/airflow/example_dags/example_dynamic_task_mapping.py for tasks to queue
[2025-12-01T20:28:52.497+0300] {logging_mixin.py:137} INFO - [2025-12-01T20:28:52.497+0300] {dagbag.py:532} INFO - Filling up the DagBag from /home/pker/airflow_env/lib/python3.7/site-packages/airflow/example_dags/example_dynamic_task_mapping.py
[2025-12-01T20:28:52.534+0300] {processor.py:753} INFO - DAG(s) dict_keys(['example_dynamic_task_mapping']) retrieved from /home/pker/airflow_env/lib/python3.7/site-packages/airflow/example_dags/example_dynamic_task_mapping.py
[2025-12-01T20:28:52.556+0300] {logging_mixin.py:137} INFO - [2025-12-01T20:28:52.556+0300] {dag.py:2705} INFO - Sync 1 DAGs
[2025-12-01T20:28:52.587+0300] {logging_mixin.py:137} INFO - [2025-12-01T20:28:52.587+0300] {dag.py:3456} INFO - Setting next_dagrun for example_dynamic_task_mapping to 2022-03-04T00:00:00+00:00, run_after=2022-03-05T00:00:00+00:00
[2025-12-01T20:28:52.635+0300] {processor.py:175} INFO - Processing /home/pker/airflow_env/lib/python3.7/site-packages/airflow/example_dags/example_dynamic_task_mapping.py took 0.169 seconds
[2025-12-01T20:30:04.368+0300] {processor.py:153} INFO - Started process (PID=922887) to work on /home/pker/airflow_env/lib/python3.7/site-packages/airflow/example_dags/example_dynamic_task_mapping.py
[2025-12-01T20:30:04.391+0300] {processor.py:743} INFO - Processing file /home/pker/airflow_env/lib/python3.7/site-packages/airflow/example_dags/example_dynamic_task_mapping.py for tasks to queue
[2025-12-01T20:30:04.394+0300] {logging_mixin.py:137} INFO - [2025-12-01T20:30:04.393+0300] {dagbag.py:532} INFO - Filling up the DagBag from /home/pker/airflow_env/lib/python3.7/site-packages/airflow/example_dags/example_dynamic_task_mapping.py
[2025-12-01T20:30:04.429+0300] {processor.py:753} INFO - DAG(s) dict_keys(['example_dynamic_task_mapping']) retrieved from /home/pker/airflow_env/lib/python3.7/site-packages/airflow/example_dags/example_dynamic_task_mapping.py
[2025-12-01T20:30:04.452+0300] {logging_mixin.py:137} INFO - [2025-12-01T20:30:04.451+0300] {dag.py:2705} INFO - Sync 1 DAGs
[2025-12-01T20:30:04.482+0300] {logging_mixin.py:137} INFO - [2025-12-01T20:30:04.482+0300] {dag.py:3456} INFO - Setting next_dagrun for example_dynamic_task_mapping to 2022-03-04T00:00:00+00:00, run_after=2022-03-05T00:00:00+00:00
[2025-12-01T20:30:04.512+0300] {processor.py:175} INFO - Processing /home/pker/airflow_env/lib/python3.7/site-packages/airflow/example_dags/example_dynamic_task_mapping.py took 0.149 seconds
[2025-12-01T20:31:21.174+0300] {processor.py:153} INFO - Started process (PID=923161) to work on /home/pker/airflow_env/lib/python3.7/site-packages/airflow/example_dags/example_dynamic_task_mapping.py
[2025-12-01T20:31:21.176+0300] {processor.py:743} INFO - Processing file /home/pker/airflow_env/lib/python3.7/site-packages/airflow/example_dags/example_dynamic_task_mapping.py for tasks to queue
[2025-12-01T20:31:21.178+0300] {logging_mixin.py:137} INFO - [2025-12-01T20:31:21.177+0300] {dagbag.py:532} INFO - Filling up the DagBag from /home/pker/airflow_env/lib/python3.7/site-packages/airflow/example_dags/example_dynamic_task_mapping.py
[2025-12-01T20:31:21.222+0300] {processor.py:753} INFO - DAG(s) dict_keys(['example_dynamic_task_mapping']) retrieved from /home/pker/airflow_env/lib/python3.7/site-packages/airflow/example_dags/example_dynamic_task_mapping.py
[2025-12-01T20:31:21.247+0300] {logging_mixin.py:137} INFO - [2025-12-01T20:31:21.247+0300] {dag.py:2705} INFO - Sync 1 DAGs
[2025-12-01T20:31:21.281+0300] {logging_mixin.py:137} INFO - [2025-12-01T20:31:21.280+0300] {dag.py:3456} INFO - Setting next_dagrun for example_dynamic_task_mapping to 2022-03-04T00:00:00+00:00, run_after=2022-03-05T00:00:00+00:00
[2025-12-01T20:31:21.334+0300] {processor.py:175} INFO - Processing /home/pker/airflow_env/lib/python3.7/site-packages/airflow/example_dags/example_dynamic_task_mapping.py took 0.166 seconds
