[2025-12-01T13:02:49.596+0300] {processor.py:153} INFO - Started process (PID=912861) to work on /home/pker/airflow_env/lib/python3.7/site-packages/airflow/example_dags/example_trigger_target_dag.py
[2025-12-01T13:02:49.598+0300] {processor.py:743} INFO - Processing file /home/pker/airflow_env/lib/python3.7/site-packages/airflow/example_dags/example_trigger_target_dag.py for tasks to queue
[2025-12-01T13:02:49.599+0300] {logging_mixin.py:137} INFO - [2025-12-01T13:02:49.599+0300] {dagbag.py:532} INFO - Filling up the DagBag from /home/pker/airflow_env/lib/python3.7/site-packages/airflow/example_dags/example_trigger_target_dag.py
[2025-12-01T13:02:49.654+0300] {processor.py:753} INFO - DAG(s) dict_keys(['example_trigger_target_dag']) retrieved from /home/pker/airflow_env/lib/python3.7/site-packages/airflow/example_dags/example_trigger_target_dag.py
[2025-12-01T13:02:49.731+0300] {logging_mixin.py:137} INFO - [2025-12-01T13:02:49.731+0300] {dag.py:2705} INFO - Sync 1 DAGs
[2025-12-01T13:02:49.755+0300] {logging_mixin.py:137} INFO - [2025-12-01T13:02:49.755+0300] {dag.py:3456} INFO - Setting next_dagrun for example_trigger_target_dag to None, run_after=None
[2025-12-01T13:02:49.821+0300] {processor.py:175} INFO - Processing /home/pker/airflow_env/lib/python3.7/site-packages/airflow/example_dags/example_trigger_target_dag.py took 0.229 seconds
[2025-12-01T20:14:36.978+0300] {processor.py:153} INFO - Started process (PID=919356) to work on /home/pker/airflow_env/lib/python3.7/site-packages/airflow/example_dags/example_trigger_target_dag.py
[2025-12-01T20:14:36.981+0300] {processor.py:743} INFO - Processing file /home/pker/airflow_env/lib/python3.7/site-packages/airflow/example_dags/example_trigger_target_dag.py for tasks to queue
[2025-12-01T20:14:36.982+0300] {logging_mixin.py:137} INFO - [2025-12-01T20:14:36.982+0300] {dagbag.py:532} INFO - Filling up the DagBag from /home/pker/airflow_env/lib/python3.7/site-packages/airflow/example_dags/example_trigger_target_dag.py
[2025-12-01T20:14:37.026+0300] {processor.py:753} INFO - DAG(s) dict_keys(['example_trigger_target_dag']) retrieved from /home/pker/airflow_env/lib/python3.7/site-packages/airflow/example_dags/example_trigger_target_dag.py
[2025-12-01T20:14:37.050+0300] {logging_mixin.py:137} INFO - [2025-12-01T20:14:37.050+0300] {dag.py:2705} INFO - Sync 1 DAGs
[2025-12-01T20:14:37.076+0300] {logging_mixin.py:137} INFO - [2025-12-01T20:14:37.076+0300] {dag.py:3456} INFO - Setting next_dagrun for example_trigger_target_dag to None, run_after=None
[2025-12-01T20:14:37.107+0300] {processor.py:175} INFO - Processing /home/pker/airflow_env/lib/python3.7/site-packages/airflow/example_dags/example_trigger_target_dag.py took 0.134 seconds
[2025-12-01T20:15:36.289+0300] {processor.py:153} INFO - Started process (PID=919713) to work on /home/pker/airflow_env/lib/python3.7/site-packages/airflow/example_dags/example_trigger_target_dag.py
[2025-12-01T20:15:36.313+0300] {processor.py:743} INFO - Processing file /home/pker/airflow_env/lib/python3.7/site-packages/airflow/example_dags/example_trigger_target_dag.py for tasks to queue
[2025-12-01T20:15:36.315+0300] {logging_mixin.py:137} INFO - [2025-12-01T20:15:36.315+0300] {dagbag.py:532} INFO - Filling up the DagBag from /home/pker/airflow_env/lib/python3.7/site-packages/airflow/example_dags/example_trigger_target_dag.py
[2025-12-01T20:15:36.353+0300] {processor.py:753} INFO - DAG(s) dict_keys(['example_trigger_target_dag']) retrieved from /home/pker/airflow_env/lib/python3.7/site-packages/airflow/example_dags/example_trigger_target_dag.py
[2025-12-01T20:15:36.377+0300] {logging_mixin.py:137} INFO - [2025-12-01T20:15:36.376+0300] {dag.py:2705} INFO - Sync 1 DAGs
[2025-12-01T20:15:36.413+0300] {logging_mixin.py:137} INFO - [2025-12-01T20:15:36.412+0300] {dag.py:3456} INFO - Setting next_dagrun for example_trigger_target_dag to None, run_after=None
[2025-12-01T20:15:36.457+0300] {processor.py:175} INFO - Processing /home/pker/airflow_env/lib/python3.7/site-packages/airflow/example_dags/example_trigger_target_dag.py took 0.173 seconds
[2025-12-01T20:16:30.767+0300] {processor.py:153} INFO - Started process (PID=919911) to work on /home/pker/airflow_env/lib/python3.7/site-packages/airflow/example_dags/example_trigger_target_dag.py
[2025-12-01T20:16:30.790+0300] {processor.py:743} INFO - Processing file /home/pker/airflow_env/lib/python3.7/site-packages/airflow/example_dags/example_trigger_target_dag.py for tasks to queue
[2025-12-01T20:16:30.792+0300] {logging_mixin.py:137} INFO - [2025-12-01T20:16:30.792+0300] {dagbag.py:532} INFO - Filling up the DagBag from /home/pker/airflow_env/lib/python3.7/site-packages/airflow/example_dags/example_trigger_target_dag.py
[2025-12-01T20:16:30.828+0300] {processor.py:753} INFO - DAG(s) dict_keys(['example_trigger_target_dag']) retrieved from /home/pker/airflow_env/lib/python3.7/site-packages/airflow/example_dags/example_trigger_target_dag.py
[2025-12-01T20:16:30.859+0300] {logging_mixin.py:137} INFO - [2025-12-01T20:16:30.858+0300] {dag.py:2705} INFO - Sync 1 DAGs
[2025-12-01T20:16:30.897+0300] {logging_mixin.py:137} INFO - [2025-12-01T20:16:30.897+0300] {dag.py:3456} INFO - Setting next_dagrun for example_trigger_target_dag to None, run_after=None
[2025-12-01T20:16:30.960+0300] {processor.py:175} INFO - Processing /home/pker/airflow_env/lib/python3.7/site-packages/airflow/example_dags/example_trigger_target_dag.py took 0.198 seconds
[2025-12-01T20:17:24.257+0300] {processor.py:153} INFO - Started process (PID=920099) to work on /home/pker/airflow_env/lib/python3.7/site-packages/airflow/example_dags/example_trigger_target_dag.py
[2025-12-01T20:17:24.281+0300] {processor.py:743} INFO - Processing file /home/pker/airflow_env/lib/python3.7/site-packages/airflow/example_dags/example_trigger_target_dag.py for tasks to queue
[2025-12-01T20:17:24.283+0300] {logging_mixin.py:137} INFO - [2025-12-01T20:17:24.283+0300] {dagbag.py:532} INFO - Filling up the DagBag from /home/pker/airflow_env/lib/python3.7/site-packages/airflow/example_dags/example_trigger_target_dag.py
[2025-12-01T20:17:24.319+0300] {processor.py:753} INFO - DAG(s) dict_keys(['example_trigger_target_dag']) retrieved from /home/pker/airflow_env/lib/python3.7/site-packages/airflow/example_dags/example_trigger_target_dag.py
[2025-12-01T20:17:24.342+0300] {logging_mixin.py:137} INFO - [2025-12-01T20:17:24.342+0300] {dag.py:2705} INFO - Sync 1 DAGs
[2025-12-01T20:17:24.373+0300] {logging_mixin.py:137} INFO - [2025-12-01T20:17:24.373+0300] {dag.py:3456} INFO - Setting next_dagrun for example_trigger_target_dag to None, run_after=None
[2025-12-01T20:17:24.420+0300] {processor.py:175} INFO - Processing /home/pker/airflow_env/lib/python3.7/site-packages/airflow/example_dags/example_trigger_target_dag.py took 0.168 seconds
[2025-12-01T20:18:12.957+0300] {processor.py:153} INFO - Started process (PID=920276) to work on /home/pker/airflow_env/lib/python3.7/site-packages/airflow/example_dags/example_trigger_target_dag.py
[2025-12-01T20:18:12.958+0300] {processor.py:743} INFO - Processing file /home/pker/airflow_env/lib/python3.7/site-packages/airflow/example_dags/example_trigger_target_dag.py for tasks to queue
[2025-12-01T20:18:12.960+0300] {logging_mixin.py:137} INFO - [2025-12-01T20:18:12.959+0300] {dagbag.py:532} INFO - Filling up the DagBag from /home/pker/airflow_env/lib/python3.7/site-packages/airflow/example_dags/example_trigger_target_dag.py
[2025-12-01T20:18:12.992+0300] {processor.py:753} INFO - DAG(s) dict_keys(['example_trigger_target_dag']) retrieved from /home/pker/airflow_env/lib/python3.7/site-packages/airflow/example_dags/example_trigger_target_dag.py
[2025-12-01T20:18:13.019+0300] {logging_mixin.py:137} INFO - [2025-12-01T20:18:13.019+0300] {dag.py:2705} INFO - Sync 1 DAGs
[2025-12-01T20:18:13.055+0300] {logging_mixin.py:137} INFO - [2025-12-01T20:18:13.055+0300] {dag.py:3456} INFO - Setting next_dagrun for example_trigger_target_dag to None, run_after=None
[2025-12-01T20:18:13.086+0300] {processor.py:175} INFO - Processing /home/pker/airflow_env/lib/python3.7/site-packages/airflow/example_dags/example_trigger_target_dag.py took 0.134 seconds
[2025-12-01T20:19:01.685+0300] {processor.py:153} INFO - Started process (PID=920449) to work on /home/pker/airflow_env/lib/python3.7/site-packages/airflow/example_dags/example_trigger_target_dag.py
[2025-12-01T20:19:01.688+0300] {processor.py:743} INFO - Processing file /home/pker/airflow_env/lib/python3.7/site-packages/airflow/example_dags/example_trigger_target_dag.py for tasks to queue
[2025-12-01T20:19:01.689+0300] {logging_mixin.py:137} INFO - [2025-12-01T20:19:01.689+0300] {dagbag.py:532} INFO - Filling up the DagBag from /home/pker/airflow_env/lib/python3.7/site-packages/airflow/example_dags/example_trigger_target_dag.py
[2025-12-01T20:19:01.725+0300] {processor.py:753} INFO - DAG(s) dict_keys(['example_trigger_target_dag']) retrieved from /home/pker/airflow_env/lib/python3.7/site-packages/airflow/example_dags/example_trigger_target_dag.py
[2025-12-01T20:19:01.750+0300] {logging_mixin.py:137} INFO - [2025-12-01T20:19:01.750+0300] {dag.py:2705} INFO - Sync 1 DAGs
[2025-12-01T20:19:01.776+0300] {logging_mixin.py:137} INFO - [2025-12-01T20:19:01.776+0300] {dag.py:3456} INFO - Setting next_dagrun for example_trigger_target_dag to None, run_after=None
[2025-12-01T20:19:01.809+0300] {processor.py:175} INFO - Processing /home/pker/airflow_env/lib/python3.7/site-packages/airflow/example_dags/example_trigger_target_dag.py took 0.129 seconds
[2025-12-01T20:19:47.712+0300] {processor.py:153} INFO - Started process (PID=920641) to work on /home/pker/airflow_env/lib/python3.7/site-packages/airflow/example_dags/example_trigger_target_dag.py
[2025-12-01T20:19:47.735+0300] {processor.py:743} INFO - Processing file /home/pker/airflow_env/lib/python3.7/site-packages/airflow/example_dags/example_trigger_target_dag.py for tasks to queue
[2025-12-01T20:19:47.738+0300] {logging_mixin.py:137} INFO - [2025-12-01T20:19:47.738+0300] {dagbag.py:532} INFO - Filling up the DagBag from /home/pker/airflow_env/lib/python3.7/site-packages/airflow/example_dags/example_trigger_target_dag.py
[2025-12-01T20:19:47.775+0300] {processor.py:753} INFO - DAG(s) dict_keys(['example_trigger_target_dag']) retrieved from /home/pker/airflow_env/lib/python3.7/site-packages/airflow/example_dags/example_trigger_target_dag.py
[2025-12-01T20:19:47.799+0300] {logging_mixin.py:137} INFO - [2025-12-01T20:19:47.799+0300] {dag.py:2705} INFO - Sync 1 DAGs
[2025-12-01T20:19:47.829+0300] {logging_mixin.py:137} INFO - [2025-12-01T20:19:47.829+0300] {dag.py:3456} INFO - Setting next_dagrun for example_trigger_target_dag to None, run_after=None
[2025-12-01T20:19:47.870+0300] {processor.py:175} INFO - Processing /home/pker/airflow_env/lib/python3.7/site-packages/airflow/example_dags/example_trigger_target_dag.py took 0.163 seconds
[2025-12-01T20:20:35.461+0300] {processor.py:153} INFO - Started process (PID=920811) to work on /home/pker/airflow_env/lib/python3.7/site-packages/airflow/example_dags/example_trigger_target_dag.py
[2025-12-01T20:20:35.482+0300] {processor.py:743} INFO - Processing file /home/pker/airflow_env/lib/python3.7/site-packages/airflow/example_dags/example_trigger_target_dag.py for tasks to queue
[2025-12-01T20:20:35.484+0300] {logging_mixin.py:137} INFO - [2025-12-01T20:20:35.483+0300] {dagbag.py:532} INFO - Filling up the DagBag from /home/pker/airflow_env/lib/python3.7/site-packages/airflow/example_dags/example_trigger_target_dag.py
[2025-12-01T20:20:35.536+0300] {processor.py:753} INFO - DAG(s) dict_keys(['example_trigger_target_dag']) retrieved from /home/pker/airflow_env/lib/python3.7/site-packages/airflow/example_dags/example_trigger_target_dag.py
[2025-12-01T20:20:35.570+0300] {logging_mixin.py:137} INFO - [2025-12-01T20:20:35.570+0300] {dag.py:2705} INFO - Sync 1 DAGs
[2025-12-01T20:20:35.598+0300] {logging_mixin.py:137} INFO - [2025-12-01T20:20:35.598+0300] {dag.py:3456} INFO - Setting next_dagrun for example_trigger_target_dag to None, run_after=None
[2025-12-01T20:20:35.642+0300] {processor.py:175} INFO - Processing /home/pker/airflow_env/lib/python3.7/site-packages/airflow/example_dags/example_trigger_target_dag.py took 0.187 seconds
[2025-12-01T20:21:22.510+0300] {processor.py:153} INFO - Started process (PID=920976) to work on /home/pker/airflow_env/lib/python3.7/site-packages/airflow/example_dags/example_trigger_target_dag.py
[2025-12-01T20:21:22.532+0300] {processor.py:743} INFO - Processing file /home/pker/airflow_env/lib/python3.7/site-packages/airflow/example_dags/example_trigger_target_dag.py for tasks to queue
[2025-12-01T20:21:22.535+0300] {logging_mixin.py:137} INFO - [2025-12-01T20:21:22.534+0300] {dagbag.py:532} INFO - Filling up the DagBag from /home/pker/airflow_env/lib/python3.7/site-packages/airflow/example_dags/example_trigger_target_dag.py
[2025-12-01T20:21:22.576+0300] {processor.py:753} INFO - DAG(s) dict_keys(['example_trigger_target_dag']) retrieved from /home/pker/airflow_env/lib/python3.7/site-packages/airflow/example_dags/example_trigger_target_dag.py
[2025-12-01T20:21:22.599+0300] {logging_mixin.py:137} INFO - [2025-12-01T20:21:22.599+0300] {dag.py:2705} INFO - Sync 1 DAGs
[2025-12-01T20:21:22.625+0300] {logging_mixin.py:137} INFO - [2025-12-01T20:21:22.625+0300] {dag.py:3456} INFO - Setting next_dagrun for example_trigger_target_dag to None, run_after=None
[2025-12-01T20:21:22.745+0300] {processor.py:175} INFO - Processing /home/pker/airflow_env/lib/python3.7/site-packages/airflow/example_dags/example_trigger_target_dag.py took 0.241 seconds
[2025-12-01T20:22:12.330+0300] {processor.py:153} INFO - Started process (PID=921151) to work on /home/pker/airflow_env/lib/python3.7/site-packages/airflow/example_dags/example_trigger_target_dag.py
[2025-12-01T20:22:12.352+0300] {processor.py:743} INFO - Processing file /home/pker/airflow_env/lib/python3.7/site-packages/airflow/example_dags/example_trigger_target_dag.py for tasks to queue
[2025-12-01T20:22:12.355+0300] {logging_mixin.py:137} INFO - [2025-12-01T20:22:12.354+0300] {dagbag.py:532} INFO - Filling up the DagBag from /home/pker/airflow_env/lib/python3.7/site-packages/airflow/example_dags/example_trigger_target_dag.py
[2025-12-01T20:22:12.391+0300] {processor.py:753} INFO - DAG(s) dict_keys(['example_trigger_target_dag']) retrieved from /home/pker/airflow_env/lib/python3.7/site-packages/airflow/example_dags/example_trigger_target_dag.py
[2025-12-01T20:22:12.419+0300] {logging_mixin.py:137} INFO - [2025-12-01T20:22:12.419+0300] {dag.py:2705} INFO - Sync 1 DAGs
[2025-12-01T20:22:12.456+0300] {logging_mixin.py:137} INFO - [2025-12-01T20:22:12.456+0300] {dag.py:3456} INFO - Setting next_dagrun for example_trigger_target_dag to None, run_after=None
[2025-12-01T20:22:12.497+0300] {processor.py:175} INFO - Processing /home/pker/airflow_env/lib/python3.7/site-packages/airflow/example_dags/example_trigger_target_dag.py took 0.173 seconds
[2025-12-01T20:23:01.024+0300] {processor.py:153} INFO - Started process (PID=921326) to work on /home/pker/airflow_env/lib/python3.7/site-packages/airflow/example_dags/example_trigger_target_dag.py
[2025-12-01T20:23:01.048+0300] {processor.py:743} INFO - Processing file /home/pker/airflow_env/lib/python3.7/site-packages/airflow/example_dags/example_trigger_target_dag.py for tasks to queue
[2025-12-01T20:23:01.051+0300] {logging_mixin.py:137} INFO - [2025-12-01T20:23:01.050+0300] {dagbag.py:532} INFO - Filling up the DagBag from /home/pker/airflow_env/lib/python3.7/site-packages/airflow/example_dags/example_trigger_target_dag.py
[2025-12-01T20:23:01.089+0300] {processor.py:753} INFO - DAG(s) dict_keys(['example_trigger_target_dag']) retrieved from /home/pker/airflow_env/lib/python3.7/site-packages/airflow/example_dags/example_trigger_target_dag.py
[2025-12-01T20:23:01.114+0300] {logging_mixin.py:137} INFO - [2025-12-01T20:23:01.114+0300] {dag.py:2705} INFO - Sync 1 DAGs
[2025-12-01T20:23:01.143+0300] {logging_mixin.py:137} INFO - [2025-12-01T20:23:01.142+0300] {dag.py:3456} INFO - Setting next_dagrun for example_trigger_target_dag to None, run_after=None
[2025-12-01T20:23:01.181+0300] {processor.py:175} INFO - Processing /home/pker/airflow_env/lib/python3.7/site-packages/airflow/example_dags/example_trigger_target_dag.py took 0.163 seconds
[2025-12-01T20:23:53.468+0300] {processor.py:153} INFO - Started process (PID=921513) to work on /home/pker/airflow_env/lib/python3.7/site-packages/airflow/example_dags/example_trigger_target_dag.py
[2025-12-01T20:23:53.489+0300] {processor.py:743} INFO - Processing file /home/pker/airflow_env/lib/python3.7/site-packages/airflow/example_dags/example_trigger_target_dag.py for tasks to queue
[2025-12-01T20:23:53.490+0300] {logging_mixin.py:137} INFO - [2025-12-01T20:23:53.490+0300] {dagbag.py:532} INFO - Filling up the DagBag from /home/pker/airflow_env/lib/python3.7/site-packages/airflow/example_dags/example_trigger_target_dag.py
[2025-12-01T20:23:53.551+0300] {processor.py:753} INFO - DAG(s) dict_keys(['example_trigger_target_dag']) retrieved from /home/pker/airflow_env/lib/python3.7/site-packages/airflow/example_dags/example_trigger_target_dag.py
[2025-12-01T20:23:53.596+0300] {logging_mixin.py:137} INFO - [2025-12-01T20:23:53.595+0300] {dag.py:2705} INFO - Sync 1 DAGs
[2025-12-01T20:23:53.625+0300] {logging_mixin.py:137} INFO - [2025-12-01T20:23:53.624+0300] {dag.py:3456} INFO - Setting next_dagrun for example_trigger_target_dag to None, run_after=None
[2025-12-01T20:23:53.694+0300] {processor.py:175} INFO - Processing /home/pker/airflow_env/lib/python3.7/site-packages/airflow/example_dags/example_trigger_target_dag.py took 0.235 seconds
[2025-12-01T20:24:43.774+0300] {processor.py:153} INFO - Started process (PID=921714) to work on /home/pker/airflow_env/lib/python3.7/site-packages/airflow/example_dags/example_trigger_target_dag.py
[2025-12-01T20:24:43.797+0300] {processor.py:743} INFO - Processing file /home/pker/airflow_env/lib/python3.7/site-packages/airflow/example_dags/example_trigger_target_dag.py for tasks to queue
[2025-12-01T20:24:43.799+0300] {logging_mixin.py:137} INFO - [2025-12-01T20:24:43.799+0300] {dagbag.py:532} INFO - Filling up the DagBag from /home/pker/airflow_env/lib/python3.7/site-packages/airflow/example_dags/example_trigger_target_dag.py
[2025-12-01T20:24:43.836+0300] {processor.py:753} INFO - DAG(s) dict_keys(['example_trigger_target_dag']) retrieved from /home/pker/airflow_env/lib/python3.7/site-packages/airflow/example_dags/example_trigger_target_dag.py
[2025-12-01T20:24:43.860+0300] {logging_mixin.py:137} INFO - [2025-12-01T20:24:43.860+0300] {dag.py:2705} INFO - Sync 1 DAGs
[2025-12-01T20:24:43.891+0300] {logging_mixin.py:137} INFO - [2025-12-01T20:24:43.891+0300] {dag.py:3456} INFO - Setting next_dagrun for example_trigger_target_dag to None, run_after=None
[2025-12-01T20:24:43.922+0300] {processor.py:175} INFO - Processing /home/pker/airflow_env/lib/python3.7/site-packages/airflow/example_dags/example_trigger_target_dag.py took 0.152 seconds
[2025-12-01T20:25:34.048+0300] {processor.py:153} INFO - Started process (PID=921894) to work on /home/pker/airflow_env/lib/python3.7/site-packages/airflow/example_dags/example_trigger_target_dag.py
[2025-12-01T20:25:34.072+0300] {processor.py:743} INFO - Processing file /home/pker/airflow_env/lib/python3.7/site-packages/airflow/example_dags/example_trigger_target_dag.py for tasks to queue
[2025-12-01T20:25:34.074+0300] {logging_mixin.py:137} INFO - [2025-12-01T20:25:34.074+0300] {dagbag.py:532} INFO - Filling up the DagBag from /home/pker/airflow_env/lib/python3.7/site-packages/airflow/example_dags/example_trigger_target_dag.py
[2025-12-01T20:25:34.113+0300] {processor.py:753} INFO - DAG(s) dict_keys(['example_trigger_target_dag']) retrieved from /home/pker/airflow_env/lib/python3.7/site-packages/airflow/example_dags/example_trigger_target_dag.py
[2025-12-01T20:25:34.136+0300] {logging_mixin.py:137} INFO - [2025-12-01T20:25:34.136+0300] {dag.py:2705} INFO - Sync 1 DAGs
[2025-12-01T20:25:34.168+0300] {logging_mixin.py:137} INFO - [2025-12-01T20:25:34.168+0300] {dag.py:3456} INFO - Setting next_dagrun for example_trigger_target_dag to None, run_after=None
[2025-12-01T20:25:34.230+0300] {processor.py:175} INFO - Processing /home/pker/airflow_env/lib/python3.7/site-packages/airflow/example_dags/example_trigger_target_dag.py took 0.187 seconds
[2025-12-01T20:26:19.787+0300] {processor.py:153} INFO - Started process (PID=922057) to work on /home/pker/airflow_env/lib/python3.7/site-packages/airflow/example_dags/example_trigger_target_dag.py
[2025-12-01T20:26:19.810+0300] {processor.py:743} INFO - Processing file /home/pker/airflow_env/lib/python3.7/site-packages/airflow/example_dags/example_trigger_target_dag.py for tasks to queue
[2025-12-01T20:26:19.812+0300] {logging_mixin.py:137} INFO - [2025-12-01T20:26:19.812+0300] {dagbag.py:532} INFO - Filling up the DagBag from /home/pker/airflow_env/lib/python3.7/site-packages/airflow/example_dags/example_trigger_target_dag.py
[2025-12-01T20:26:19.848+0300] {processor.py:753} INFO - DAG(s) dict_keys(['example_trigger_target_dag']) retrieved from /home/pker/airflow_env/lib/python3.7/site-packages/airflow/example_dags/example_trigger_target_dag.py
[2025-12-01T20:26:19.872+0300] {logging_mixin.py:137} INFO - [2025-12-01T20:26:19.872+0300] {dag.py:2705} INFO - Sync 1 DAGs
[2025-12-01T20:26:19.899+0300] {logging_mixin.py:137} INFO - [2025-12-01T20:26:19.898+0300] {dag.py:3456} INFO - Setting next_dagrun for example_trigger_target_dag to None, run_after=None
[2025-12-01T20:26:19.927+0300] {processor.py:175} INFO - Processing /home/pker/airflow_env/lib/python3.7/site-packages/airflow/example_dags/example_trigger_target_dag.py took 0.147 seconds
[2025-12-01T20:27:03.826+0300] {processor.py:153} INFO - Started process (PID=922219) to work on /home/pker/airflow_env/lib/python3.7/site-packages/airflow/example_dags/example_trigger_target_dag.py
[2025-12-01T20:27:03.829+0300] {processor.py:743} INFO - Processing file /home/pker/airflow_env/lib/python3.7/site-packages/airflow/example_dags/example_trigger_target_dag.py for tasks to queue
[2025-12-01T20:27:03.831+0300] {logging_mixin.py:137} INFO - [2025-12-01T20:27:03.830+0300] {dagbag.py:532} INFO - Filling up the DagBag from /home/pker/airflow_env/lib/python3.7/site-packages/airflow/example_dags/example_trigger_target_dag.py
[2025-12-01T20:27:03.873+0300] {processor.py:753} INFO - DAG(s) dict_keys(['example_trigger_target_dag']) retrieved from /home/pker/airflow_env/lib/python3.7/site-packages/airflow/example_dags/example_trigger_target_dag.py
[2025-12-01T20:27:03.912+0300] {logging_mixin.py:137} INFO - [2025-12-01T20:27:03.912+0300] {dag.py:2705} INFO - Sync 1 DAGs
[2025-12-01T20:27:03.945+0300] {logging_mixin.py:137} INFO - [2025-12-01T20:27:03.945+0300] {dag.py:3456} INFO - Setting next_dagrun for example_trigger_target_dag to None, run_after=None
[2025-12-01T20:27:04.003+0300] {processor.py:175} INFO - Processing /home/pker/airflow_env/lib/python3.7/site-packages/airflow/example_dags/example_trigger_target_dag.py took 0.185 seconds
[2025-12-01T20:27:54.770+0300] {processor.py:153} INFO - Started process (PID=922398) to work on /home/pker/airflow_env/lib/python3.7/site-packages/airflow/example_dags/example_trigger_target_dag.py
[2025-12-01T20:27:54.792+0300] {processor.py:743} INFO - Processing file /home/pker/airflow_env/lib/python3.7/site-packages/airflow/example_dags/example_trigger_target_dag.py for tasks to queue
[2025-12-01T20:27:54.794+0300] {logging_mixin.py:137} INFO - [2025-12-01T20:27:54.794+0300] {dagbag.py:532} INFO - Filling up the DagBag from /home/pker/airflow_env/lib/python3.7/site-packages/airflow/example_dags/example_trigger_target_dag.py
[2025-12-01T20:27:54.837+0300] {processor.py:753} INFO - DAG(s) dict_keys(['example_trigger_target_dag']) retrieved from /home/pker/airflow_env/lib/python3.7/site-packages/airflow/example_dags/example_trigger_target_dag.py
[2025-12-01T20:27:54.863+0300] {logging_mixin.py:137} INFO - [2025-12-01T20:27:54.863+0300] {dag.py:2705} INFO - Sync 1 DAGs
[2025-12-01T20:27:54.897+0300] {logging_mixin.py:137} INFO - [2025-12-01T20:27:54.897+0300] {dag.py:3456} INFO - Setting next_dagrun for example_trigger_target_dag to None, run_after=None
[2025-12-01T20:27:54.944+0300] {processor.py:175} INFO - Processing /home/pker/airflow_env/lib/python3.7/site-packages/airflow/example_dags/example_trigger_target_dag.py took 0.180 seconds
[2025-12-01T20:28:39.550+0300] {processor.py:153} INFO - Started process (PID=922565) to work on /home/pker/airflow_env/lib/python3.7/site-packages/airflow/example_dags/example_trigger_target_dag.py
[2025-12-01T20:28:39.573+0300] {processor.py:743} INFO - Processing file /home/pker/airflow_env/lib/python3.7/site-packages/airflow/example_dags/example_trigger_target_dag.py for tasks to queue
[2025-12-01T20:28:39.576+0300] {logging_mixin.py:137} INFO - [2025-12-01T20:28:39.576+0300] {dagbag.py:532} INFO - Filling up the DagBag from /home/pker/airflow_env/lib/python3.7/site-packages/airflow/example_dags/example_trigger_target_dag.py
[2025-12-01T20:28:39.614+0300] {processor.py:753} INFO - DAG(s) dict_keys(['example_trigger_target_dag']) retrieved from /home/pker/airflow_env/lib/python3.7/site-packages/airflow/example_dags/example_trigger_target_dag.py
[2025-12-01T20:28:39.638+0300] {logging_mixin.py:137} INFO - [2025-12-01T20:28:39.638+0300] {dag.py:2705} INFO - Sync 1 DAGs
[2025-12-01T20:28:39.664+0300] {logging_mixin.py:137} INFO - [2025-12-01T20:28:39.664+0300] {dag.py:3456} INFO - Setting next_dagrun for example_trigger_target_dag to None, run_after=None
[2025-12-01T20:28:39.696+0300] {processor.py:175} INFO - Processing /home/pker/airflow_env/lib/python3.7/site-packages/airflow/example_dags/example_trigger_target_dag.py took 0.150 seconds
[2025-12-01T20:29:25.372+0300] {processor.py:153} INFO - Started process (PID=922749) to work on /home/pker/airflow_env/lib/python3.7/site-packages/airflow/example_dags/example_trigger_target_dag.py
[2025-12-01T20:29:25.395+0300] {processor.py:743} INFO - Processing file /home/pker/airflow_env/lib/python3.7/site-packages/airflow/example_dags/example_trigger_target_dag.py for tasks to queue
[2025-12-01T20:29:25.396+0300] {logging_mixin.py:137} INFO - [2025-12-01T20:29:25.396+0300] {dagbag.py:532} INFO - Filling up the DagBag from /home/pker/airflow_env/lib/python3.7/site-packages/airflow/example_dags/example_trigger_target_dag.py
[2025-12-01T20:29:25.427+0300] {processor.py:753} INFO - DAG(s) dict_keys(['example_trigger_target_dag']) retrieved from /home/pker/airflow_env/lib/python3.7/site-packages/airflow/example_dags/example_trigger_target_dag.py
[2025-12-01T20:29:25.456+0300] {logging_mixin.py:137} INFO - [2025-12-01T20:29:25.456+0300] {dag.py:2705} INFO - Sync 1 DAGs
[2025-12-01T20:29:25.500+0300] {logging_mixin.py:137} INFO - [2025-12-01T20:29:25.500+0300] {dag.py:3456} INFO - Setting next_dagrun for example_trigger_target_dag to None, run_after=None
[2025-12-01T20:29:25.555+0300] {processor.py:175} INFO - Processing /home/pker/airflow_env/lib/python3.7/site-packages/airflow/example_dags/example_trigger_target_dag.py took 0.189 seconds
[2025-12-01T20:30:14.781+0300] {processor.py:153} INFO - Started process (PID=922926) to work on /home/pker/airflow_env/lib/python3.7/site-packages/airflow/example_dags/example_trigger_target_dag.py
[2025-12-01T20:30:14.804+0300] {processor.py:743} INFO - Processing file /home/pker/airflow_env/lib/python3.7/site-packages/airflow/example_dags/example_trigger_target_dag.py for tasks to queue
[2025-12-01T20:30:14.806+0300] {logging_mixin.py:137} INFO - [2025-12-01T20:30:14.806+0300] {dagbag.py:532} INFO - Filling up the DagBag from /home/pker/airflow_env/lib/python3.7/site-packages/airflow/example_dags/example_trigger_target_dag.py
[2025-12-01T20:30:14.842+0300] {processor.py:753} INFO - DAG(s) dict_keys(['example_trigger_target_dag']) retrieved from /home/pker/airflow_env/lib/python3.7/site-packages/airflow/example_dags/example_trigger_target_dag.py
[2025-12-01T20:30:14.866+0300] {logging_mixin.py:137} INFO - [2025-12-01T20:30:14.866+0300] {dag.py:2705} INFO - Sync 1 DAGs
[2025-12-01T20:30:14.892+0300] {logging_mixin.py:137} INFO - [2025-12-01T20:30:14.892+0300] {dag.py:3456} INFO - Setting next_dagrun for example_trigger_target_dag to None, run_after=None
[2025-12-01T20:30:14.927+0300] {processor.py:175} INFO - Processing /home/pker/airflow_env/lib/python3.7/site-packages/airflow/example_dags/example_trigger_target_dag.py took 0.152 seconds
[2025-12-01T20:31:07.110+0300] {processor.py:153} INFO - Started process (PID=923114) to work on /home/pker/airflow_env/lib/python3.7/site-packages/airflow/example_dags/example_trigger_target_dag.py
[2025-12-01T20:31:07.132+0300] {processor.py:743} INFO - Processing file /home/pker/airflow_env/lib/python3.7/site-packages/airflow/example_dags/example_trigger_target_dag.py for tasks to queue
[2025-12-01T20:31:07.135+0300] {logging_mixin.py:137} INFO - [2025-12-01T20:31:07.134+0300] {dagbag.py:532} INFO - Filling up the DagBag from /home/pker/airflow_env/lib/python3.7/site-packages/airflow/example_dags/example_trigger_target_dag.py
[2025-12-01T20:31:07.171+0300] {processor.py:753} INFO - DAG(s) dict_keys(['example_trigger_target_dag']) retrieved from /home/pker/airflow_env/lib/python3.7/site-packages/airflow/example_dags/example_trigger_target_dag.py
[2025-12-01T20:31:07.195+0300] {logging_mixin.py:137} INFO - [2025-12-01T20:31:07.195+0300] {dag.py:2705} INFO - Sync 1 DAGs
[2025-12-01T20:31:07.220+0300] {logging_mixin.py:137} INFO - [2025-12-01T20:31:07.220+0300] {dag.py:3456} INFO - Setting next_dagrun for example_trigger_target_dag to None, run_after=None
[2025-12-01T20:31:07.251+0300] {processor.py:175} INFO - Processing /home/pker/airflow_env/lib/python3.7/site-packages/airflow/example_dags/example_trigger_target_dag.py took 0.146 seconds
