[2025-12-01T20:14:40.952+0300] {processor.py:153} INFO - Started process (PID=919374) to work on /home/pker/airflow_env/lib/python3.7/site-packages/airflow/example_dags/example_task_group_decorator.py
[2025-12-01T20:14:40.954+0300] {processor.py:743} INFO - Processing file /home/pker/airflow_env/lib/python3.7/site-packages/airflow/example_dags/example_task_group_decorator.py for tasks to queue
[2025-12-01T20:14:40.955+0300] {logging_mixin.py:137} INFO - [2025-12-01T20:14:40.955+0300] {dagbag.py:532} INFO - Filling up the DagBag from /home/pker/airflow_env/lib/python3.7/site-packages/airflow/example_dags/example_task_group_decorator.py
[2025-12-01T20:14:40.998+0300] {processor.py:753} INFO - DAG(s) dict_keys(['example_task_group_decorator']) retrieved from /home/pker/airflow_env/lib/python3.7/site-packages/airflow/example_dags/example_task_group_decorator.py
[2025-12-01T20:14:41.073+0300] {logging_mixin.py:137} INFO - [2025-12-01T20:14:41.073+0300] {dag.py:2705} INFO - Sync 1 DAGs
[2025-12-01T20:14:41.099+0300] {logging_mixin.py:137} INFO - [2025-12-01T20:14:41.098+0300] {dag.py:3456} INFO - Setting next_dagrun for example_task_group_decorator to 2025-11-30T17:14:41.098558+00:00, run_after=2025-12-01T17:14:41.098558+00:00
[2025-12-01T20:14:41.168+0300] {processor.py:175} INFO - Processing /home/pker/airflow_env/lib/python3.7/site-packages/airflow/example_dags/example_task_group_decorator.py took 0.223 seconds
[2025-12-01T20:15:38.918+0300] {processor.py:153} INFO - Started process (PID=919731) to work on /home/pker/airflow_env/lib/python3.7/site-packages/airflow/example_dags/example_task_group_decorator.py
[2025-12-01T20:15:38.942+0300] {processor.py:743} INFO - Processing file /home/pker/airflow_env/lib/python3.7/site-packages/airflow/example_dags/example_task_group_decorator.py for tasks to queue
[2025-12-01T20:15:38.944+0300] {logging_mixin.py:137} INFO - [2025-12-01T20:15:38.944+0300] {dagbag.py:532} INFO - Filling up the DagBag from /home/pker/airflow_env/lib/python3.7/site-packages/airflow/example_dags/example_task_group_decorator.py
[2025-12-01T20:15:38.991+0300] {processor.py:753} INFO - DAG(s) dict_keys(['example_task_group_decorator']) retrieved from /home/pker/airflow_env/lib/python3.7/site-packages/airflow/example_dags/example_task_group_decorator.py
[2025-12-01T20:15:39.017+0300] {logging_mixin.py:137} INFO - [2025-12-01T20:15:39.017+0300] {dag.py:2705} INFO - Sync 1 DAGs
[2025-12-01T20:15:39.049+0300] {logging_mixin.py:137} INFO - [2025-12-01T20:15:39.049+0300] {dag.py:3456} INFO - Setting next_dagrun for example_task_group_decorator to 2025-11-30T17:15:39.048678+00:00, run_after=2025-12-01T17:15:39.048678+00:00
[2025-12-01T20:15:39.114+0300] {processor.py:175} INFO - Processing /home/pker/airflow_env/lib/python3.7/site-packages/airflow/example_dags/example_task_group_decorator.py took 0.201 seconds
[2025-12-01T20:16:36.090+0300] {processor.py:153} INFO - Started process (PID=919927) to work on /home/pker/airflow_env/lib/python3.7/site-packages/airflow/example_dags/example_task_group_decorator.py
[2025-12-01T20:16:36.114+0300] {processor.py:743} INFO - Processing file /home/pker/airflow_env/lib/python3.7/site-packages/airflow/example_dags/example_task_group_decorator.py for tasks to queue
[2025-12-01T20:16:36.116+0300] {logging_mixin.py:137} INFO - [2025-12-01T20:16:36.116+0300] {dagbag.py:532} INFO - Filling up the DagBag from /home/pker/airflow_env/lib/python3.7/site-packages/airflow/example_dags/example_task_group_decorator.py
[2025-12-01T20:16:36.165+0300] {processor.py:753} INFO - DAG(s) dict_keys(['example_task_group_decorator']) retrieved from /home/pker/airflow_env/lib/python3.7/site-packages/airflow/example_dags/example_task_group_decorator.py
[2025-12-01T20:16:36.191+0300] {logging_mixin.py:137} INFO - [2025-12-01T20:16:36.191+0300] {dag.py:2705} INFO - Sync 1 DAGs
[2025-12-01T20:16:36.225+0300] {logging_mixin.py:137} INFO - [2025-12-01T20:16:36.224+0300] {dag.py:3456} INFO - Setting next_dagrun for example_task_group_decorator to 2025-11-30T17:16:36.224432+00:00, run_after=2025-12-01T17:16:36.224432+00:00
[2025-12-01T20:16:36.288+0300] {processor.py:175} INFO - Processing /home/pker/airflow_env/lib/python3.7/site-packages/airflow/example_dags/example_task_group_decorator.py took 0.205 seconds
[2025-12-01T20:17:27.518+0300] {processor.py:153} INFO - Started process (PID=920109) to work on /home/pker/airflow_env/lib/python3.7/site-packages/airflow/example_dags/example_task_group_decorator.py
[2025-12-01T20:17:27.523+0300] {processor.py:743} INFO - Processing file /home/pker/airflow_env/lib/python3.7/site-packages/airflow/example_dags/example_task_group_decorator.py for tasks to queue
[2025-12-01T20:17:27.525+0300] {logging_mixin.py:137} INFO - [2025-12-01T20:17:27.524+0300] {dagbag.py:532} INFO - Filling up the DagBag from /home/pker/airflow_env/lib/python3.7/site-packages/airflow/example_dags/example_task_group_decorator.py
[2025-12-01T20:17:27.576+0300] {processor.py:753} INFO - DAG(s) dict_keys(['example_task_group_decorator']) retrieved from /home/pker/airflow_env/lib/python3.7/site-packages/airflow/example_dags/example_task_group_decorator.py
[2025-12-01T20:17:27.612+0300] {logging_mixin.py:137} INFO - [2025-12-01T20:17:27.611+0300] {dag.py:2705} INFO - Sync 1 DAGs
[2025-12-01T20:17:27.638+0300] {logging_mixin.py:137} INFO - [2025-12-01T20:17:27.638+0300] {dag.py:3456} INFO - Setting next_dagrun for example_task_group_decorator to 2025-11-30T17:17:27.638450+00:00, run_after=2025-12-01T17:17:27.638450+00:00
[2025-12-01T20:17:27.693+0300] {processor.py:175} INFO - Processing /home/pker/airflow_env/lib/python3.7/site-packages/airflow/example_dags/example_task_group_decorator.py took 0.182 seconds
[2025-12-01T20:18:16.969+0300] {processor.py:153} INFO - Started process (PID=920292) to work on /home/pker/airflow_env/lib/python3.7/site-packages/airflow/example_dags/example_task_group_decorator.py
[2025-12-01T20:18:16.992+0300] {processor.py:743} INFO - Processing file /home/pker/airflow_env/lib/python3.7/site-packages/airflow/example_dags/example_task_group_decorator.py for tasks to queue
[2025-12-01T20:18:16.994+0300] {logging_mixin.py:137} INFO - [2025-12-01T20:18:16.994+0300] {dagbag.py:532} INFO - Filling up the DagBag from /home/pker/airflow_env/lib/python3.7/site-packages/airflow/example_dags/example_task_group_decorator.py
[2025-12-01T20:18:17.039+0300] {processor.py:753} INFO - DAG(s) dict_keys(['example_task_group_decorator']) retrieved from /home/pker/airflow_env/lib/python3.7/site-packages/airflow/example_dags/example_task_group_decorator.py
[2025-12-01T20:18:17.066+0300] {logging_mixin.py:137} INFO - [2025-12-01T20:18:17.065+0300] {dag.py:2705} INFO - Sync 1 DAGs
[2025-12-01T20:18:17.096+0300] {logging_mixin.py:137} INFO - [2025-12-01T20:18:17.096+0300] {dag.py:3456} INFO - Setting next_dagrun for example_task_group_decorator to 2025-11-30T17:18:17.095848+00:00, run_after=2025-12-01T17:18:17.095848+00:00
[2025-12-01T20:18:17.147+0300] {processor.py:175} INFO - Processing /home/pker/airflow_env/lib/python3.7/site-packages/airflow/example_dags/example_task_group_decorator.py took 0.183 seconds
[2025-12-01T20:19:06.863+0300] {processor.py:153} INFO - Started process (PID=920465) to work on /home/pker/airflow_env/lib/python3.7/site-packages/airflow/example_dags/example_task_group_decorator.py
[2025-12-01T20:19:06.888+0300] {processor.py:743} INFO - Processing file /home/pker/airflow_env/lib/python3.7/site-packages/airflow/example_dags/example_task_group_decorator.py for tasks to queue
[2025-12-01T20:19:06.891+0300] {logging_mixin.py:137} INFO - [2025-12-01T20:19:06.891+0300] {dagbag.py:532} INFO - Filling up the DagBag from /home/pker/airflow_env/lib/python3.7/site-packages/airflow/example_dags/example_task_group_decorator.py
[2025-12-01T20:19:06.936+0300] {processor.py:753} INFO - DAG(s) dict_keys(['example_task_group_decorator']) retrieved from /home/pker/airflow_env/lib/python3.7/site-packages/airflow/example_dags/example_task_group_decorator.py
[2025-12-01T20:19:06.963+0300] {logging_mixin.py:137} INFO - [2025-12-01T20:19:06.963+0300] {dag.py:2705} INFO - Sync 1 DAGs
[2025-12-01T20:19:06.996+0300] {logging_mixin.py:137} INFO - [2025-12-01T20:19:06.996+0300] {dag.py:3456} INFO - Setting next_dagrun for example_task_group_decorator to 2025-11-30T17:19:06.995480+00:00, run_after=2025-12-01T17:19:06.995480+00:00
[2025-12-01T20:19:07.054+0300] {processor.py:175} INFO - Processing /home/pker/airflow_env/lib/python3.7/site-packages/airflow/example_dags/example_task_group_decorator.py took 0.196 seconds
[2025-12-01T20:19:51.683+0300] {processor.py:153} INFO - Started process (PID=920657) to work on /home/pker/airflow_env/lib/python3.7/site-packages/airflow/example_dags/example_task_group_decorator.py
[2025-12-01T20:19:51.706+0300] {processor.py:743} INFO - Processing file /home/pker/airflow_env/lib/python3.7/site-packages/airflow/example_dags/example_task_group_decorator.py for tasks to queue
[2025-12-01T20:19:51.709+0300] {logging_mixin.py:137} INFO - [2025-12-01T20:19:51.708+0300] {dagbag.py:532} INFO - Filling up the DagBag from /home/pker/airflow_env/lib/python3.7/site-packages/airflow/example_dags/example_task_group_decorator.py
[2025-12-01T20:19:51.761+0300] {processor.py:753} INFO - DAG(s) dict_keys(['example_task_group_decorator']) retrieved from /home/pker/airflow_env/lib/python3.7/site-packages/airflow/example_dags/example_task_group_decorator.py
[2025-12-01T20:19:51.797+0300] {logging_mixin.py:137} INFO - [2025-12-01T20:19:51.797+0300] {dag.py:2705} INFO - Sync 1 DAGs
[2025-12-01T20:19:51.826+0300] {logging_mixin.py:137} INFO - [2025-12-01T20:19:51.825+0300] {dag.py:3456} INFO - Setting next_dagrun for example_task_group_decorator to 2025-11-30T17:19:51.825731+00:00, run_after=2025-12-01T17:19:51.825731+00:00
[2025-12-01T20:19:51.878+0300] {processor.py:175} INFO - Processing /home/pker/airflow_env/lib/python3.7/site-packages/airflow/example_dags/example_task_group_decorator.py took 0.198 seconds
[2025-12-01T20:20:40.773+0300] {processor.py:153} INFO - Started process (PID=920829) to work on /home/pker/airflow_env/lib/python3.7/site-packages/airflow/example_dags/example_task_group_decorator.py
[2025-12-01T20:20:40.796+0300] {processor.py:743} INFO - Processing file /home/pker/airflow_env/lib/python3.7/site-packages/airflow/example_dags/example_task_group_decorator.py for tasks to queue
[2025-12-01T20:20:40.798+0300] {logging_mixin.py:137} INFO - [2025-12-01T20:20:40.797+0300] {dagbag.py:532} INFO - Filling up the DagBag from /home/pker/airflow_env/lib/python3.7/site-packages/airflow/example_dags/example_task_group_decorator.py
[2025-12-01T20:20:40.870+0300] {processor.py:753} INFO - DAG(s) dict_keys(['example_task_group_decorator']) retrieved from /home/pker/airflow_env/lib/python3.7/site-packages/airflow/example_dags/example_task_group_decorator.py
[2025-12-01T20:20:40.920+0300] {logging_mixin.py:137} INFO - [2025-12-01T20:20:40.920+0300] {dag.py:2705} INFO - Sync 1 DAGs
[2025-12-01T20:20:40.964+0300] {logging_mixin.py:137} INFO - [2025-12-01T20:20:40.963+0300] {dag.py:3456} INFO - Setting next_dagrun for example_task_group_decorator to 2025-11-30T17:20:40.963426+00:00, run_after=2025-12-01T17:20:40.963426+00:00
[2025-12-01T20:20:41.030+0300] {processor.py:175} INFO - Processing /home/pker/airflow_env/lib/python3.7/site-packages/airflow/example_dags/example_task_group_decorator.py took 0.263 seconds
[2025-12-01T20:21:27.271+0300] {processor.py:153} INFO - Started process (PID=920992) to work on /home/pker/airflow_env/lib/python3.7/site-packages/airflow/example_dags/example_task_group_decorator.py
[2025-12-01T20:21:27.295+0300] {processor.py:743} INFO - Processing file /home/pker/airflow_env/lib/python3.7/site-packages/airflow/example_dags/example_task_group_decorator.py for tasks to queue
[2025-12-01T20:21:27.297+0300] {logging_mixin.py:137} INFO - [2025-12-01T20:21:27.297+0300] {dagbag.py:532} INFO - Filling up the DagBag from /home/pker/airflow_env/lib/python3.7/site-packages/airflow/example_dags/example_task_group_decorator.py
[2025-12-01T20:21:27.343+0300] {processor.py:753} INFO - DAG(s) dict_keys(['example_task_group_decorator']) retrieved from /home/pker/airflow_env/lib/python3.7/site-packages/airflow/example_dags/example_task_group_decorator.py
[2025-12-01T20:21:27.381+0300] {logging_mixin.py:137} INFO - [2025-12-01T20:21:27.381+0300] {dag.py:2705} INFO - Sync 1 DAGs
[2025-12-01T20:21:27.417+0300] {logging_mixin.py:137} INFO - [2025-12-01T20:21:27.417+0300] {dag.py:3456} INFO - Setting next_dagrun for example_task_group_decorator to 2025-11-30T17:21:27.417361+00:00, run_after=2025-12-01T17:21:27.417361+00:00
[2025-12-01T20:21:27.471+0300] {processor.py:175} INFO - Processing /home/pker/airflow_env/lib/python3.7/site-packages/airflow/example_dags/example_task_group_decorator.py took 0.204 seconds
[2025-12-01T20:22:16.323+0300] {processor.py:153} INFO - Started process (PID=921161) to work on /home/pker/airflow_env/lib/python3.7/site-packages/airflow/example_dags/example_task_group_decorator.py
[2025-12-01T20:22:16.348+0300] {processor.py:743} INFO - Processing file /home/pker/airflow_env/lib/python3.7/site-packages/airflow/example_dags/example_task_group_decorator.py for tasks to queue
[2025-12-01T20:22:16.351+0300] {logging_mixin.py:137} INFO - [2025-12-01T20:22:16.350+0300] {dagbag.py:532} INFO - Filling up the DagBag from /home/pker/airflow_env/lib/python3.7/site-packages/airflow/example_dags/example_task_group_decorator.py
[2025-12-01T20:22:16.397+0300] {processor.py:753} INFO - DAG(s) dict_keys(['example_task_group_decorator']) retrieved from /home/pker/airflow_env/lib/python3.7/site-packages/airflow/example_dags/example_task_group_decorator.py
[2025-12-01T20:22:16.438+0300] {logging_mixin.py:137} INFO - [2025-12-01T20:22:16.437+0300] {dag.py:2705} INFO - Sync 1 DAGs
[2025-12-01T20:22:16.471+0300] {logging_mixin.py:137} INFO - [2025-12-01T20:22:16.471+0300] {dag.py:3456} INFO - Setting next_dagrun for example_task_group_decorator to 2025-11-30T17:22:16.471103+00:00, run_after=2025-12-01T17:22:16.471103+00:00
[2025-12-01T20:22:16.533+0300] {processor.py:175} INFO - Processing /home/pker/airflow_env/lib/python3.7/site-packages/airflow/example_dags/example_task_group_decorator.py took 0.215 seconds
[2025-12-01T20:23:06.221+0300] {processor.py:153} INFO - Started process (PID=921342) to work on /home/pker/airflow_env/lib/python3.7/site-packages/airflow/example_dags/example_task_group_decorator.py
[2025-12-01T20:23:06.245+0300] {processor.py:743} INFO - Processing file /home/pker/airflow_env/lib/python3.7/site-packages/airflow/example_dags/example_task_group_decorator.py for tasks to queue
[2025-12-01T20:23:06.248+0300] {logging_mixin.py:137} INFO - [2025-12-01T20:23:06.248+0300] {dagbag.py:532} INFO - Filling up the DagBag from /home/pker/airflow_env/lib/python3.7/site-packages/airflow/example_dags/example_task_group_decorator.py
[2025-12-01T20:23:06.294+0300] {processor.py:753} INFO - DAG(s) dict_keys(['example_task_group_decorator']) retrieved from /home/pker/airflow_env/lib/python3.7/site-packages/airflow/example_dags/example_task_group_decorator.py
[2025-12-01T20:23:06.323+0300] {logging_mixin.py:137} INFO - [2025-12-01T20:23:06.323+0300] {dag.py:2705} INFO - Sync 1 DAGs
[2025-12-01T20:23:06.352+0300] {logging_mixin.py:137} INFO - [2025-12-01T20:23:06.352+0300] {dag.py:3456} INFO - Setting next_dagrun for example_task_group_decorator to 2025-11-30T17:23:06.352348+00:00, run_after=2025-12-01T17:23:06.352348+00:00
[2025-12-01T20:23:06.409+0300] {processor.py:175} INFO - Processing /home/pker/airflow_env/lib/python3.7/site-packages/airflow/example_dags/example_task_group_decorator.py took 0.193 seconds
[2025-12-01T20:23:58.707+0300] {processor.py:153} INFO - Started process (PID=921530) to work on /home/pker/airflow_env/lib/python3.7/site-packages/airflow/example_dags/example_task_group_decorator.py
[2025-12-01T20:23:58.728+0300] {processor.py:743} INFO - Processing file /home/pker/airflow_env/lib/python3.7/site-packages/airflow/example_dags/example_task_group_decorator.py for tasks to queue
[2025-12-01T20:23:58.730+0300] {logging_mixin.py:137} INFO - [2025-12-01T20:23:58.730+0300] {dagbag.py:532} INFO - Filling up the DagBag from /home/pker/airflow_env/lib/python3.7/site-packages/airflow/example_dags/example_task_group_decorator.py
[2025-12-01T20:23:58.799+0300] {processor.py:753} INFO - DAG(s) dict_keys(['example_task_group_decorator']) retrieved from /home/pker/airflow_env/lib/python3.7/site-packages/airflow/example_dags/example_task_group_decorator.py
[2025-12-01T20:23:58.838+0300] {logging_mixin.py:137} INFO - [2025-12-01T20:23:58.837+0300] {dag.py:2705} INFO - Sync 1 DAGs
[2025-12-01T20:23:58.864+0300] {logging_mixin.py:137} INFO - [2025-12-01T20:23:58.864+0300] {dag.py:3456} INFO - Setting next_dagrun for example_task_group_decorator to 2025-11-30T17:23:58.863880+00:00, run_after=2025-12-01T17:23:58.863880+00:00
[2025-12-01T20:23:58.927+0300] {processor.py:175} INFO - Processing /home/pker/airflow_env/lib/python3.7/site-packages/airflow/example_dags/example_task_group_decorator.py took 0.227 seconds
[2025-12-01T20:24:49.040+0300] {processor.py:153} INFO - Started process (PID=921730) to work on /home/pker/airflow_env/lib/python3.7/site-packages/airflow/example_dags/example_task_group_decorator.py
[2025-12-01T20:24:49.064+0300] {processor.py:743} INFO - Processing file /home/pker/airflow_env/lib/python3.7/site-packages/airflow/example_dags/example_task_group_decorator.py for tasks to queue
[2025-12-01T20:24:49.067+0300] {logging_mixin.py:137} INFO - [2025-12-01T20:24:49.066+0300] {dagbag.py:532} INFO - Filling up the DagBag from /home/pker/airflow_env/lib/python3.7/site-packages/airflow/example_dags/example_task_group_decorator.py
[2025-12-01T20:24:49.118+0300] {processor.py:753} INFO - DAG(s) dict_keys(['example_task_group_decorator']) retrieved from /home/pker/airflow_env/lib/python3.7/site-packages/airflow/example_dags/example_task_group_decorator.py
[2025-12-01T20:24:49.150+0300] {logging_mixin.py:137} INFO - [2025-12-01T20:24:49.150+0300] {dag.py:2705} INFO - Sync 1 DAGs
[2025-12-01T20:24:49.178+0300] {logging_mixin.py:137} INFO - [2025-12-01T20:24:49.178+0300] {dag.py:3456} INFO - Setting next_dagrun for example_task_group_decorator to 2025-11-30T17:24:49.178090+00:00, run_after=2025-12-01T17:24:49.178090+00:00
[2025-12-01T20:24:49.234+0300] {processor.py:175} INFO - Processing /home/pker/airflow_env/lib/python3.7/site-packages/airflow/example_dags/example_task_group_decorator.py took 0.200 seconds
[2025-12-01T20:25:39.370+0300] {processor.py:153} INFO - Started process (PID=921912) to work on /home/pker/airflow_env/lib/python3.7/site-packages/airflow/example_dags/example_task_group_decorator.py
[2025-12-01T20:25:39.394+0300] {processor.py:743} INFO - Processing file /home/pker/airflow_env/lib/python3.7/site-packages/airflow/example_dags/example_task_group_decorator.py for tasks to queue
[2025-12-01T20:25:39.396+0300] {logging_mixin.py:137} INFO - [2025-12-01T20:25:39.396+0300] {dagbag.py:532} INFO - Filling up the DagBag from /home/pker/airflow_env/lib/python3.7/site-packages/airflow/example_dags/example_task_group_decorator.py
[2025-12-01T20:25:39.444+0300] {processor.py:753} INFO - DAG(s) dict_keys(['example_task_group_decorator']) retrieved from /home/pker/airflow_env/lib/python3.7/site-packages/airflow/example_dags/example_task_group_decorator.py
[2025-12-01T20:25:39.483+0300] {logging_mixin.py:137} INFO - [2025-12-01T20:25:39.483+0300] {dag.py:2705} INFO - Sync 1 DAGs
[2025-12-01T20:25:39.526+0300] {logging_mixin.py:137} INFO - [2025-12-01T20:25:39.526+0300] {dag.py:3456} INFO - Setting next_dagrun for example_task_group_decorator to 2025-11-30T17:25:39.525698+00:00, run_after=2025-12-01T17:25:39.525698+00:00
[2025-12-01T20:25:39.565+0300] {processor.py:175} INFO - Processing /home/pker/airflow_env/lib/python3.7/site-packages/airflow/example_dags/example_task_group_decorator.py took 0.200 seconds
[2025-12-01T20:26:24.300+0300] {processor.py:153} INFO - Started process (PID=922075) to work on /home/pker/airflow_env/lib/python3.7/site-packages/airflow/example_dags/example_task_group_decorator.py
[2025-12-01T20:26:24.324+0300] {processor.py:743} INFO - Processing file /home/pker/airflow_env/lib/python3.7/site-packages/airflow/example_dags/example_task_group_decorator.py for tasks to queue
[2025-12-01T20:26:24.327+0300] {logging_mixin.py:137} INFO - [2025-12-01T20:26:24.326+0300] {dagbag.py:532} INFO - Filling up the DagBag from /home/pker/airflow_env/lib/python3.7/site-packages/airflow/example_dags/example_task_group_decorator.py
[2025-12-01T20:26:24.369+0300] {processor.py:753} INFO - DAG(s) dict_keys(['example_task_group_decorator']) retrieved from /home/pker/airflow_env/lib/python3.7/site-packages/airflow/example_dags/example_task_group_decorator.py
[2025-12-01T20:26:24.404+0300] {logging_mixin.py:137} INFO - [2025-12-01T20:26:24.404+0300] {dag.py:2705} INFO - Sync 1 DAGs
[2025-12-01T20:26:24.441+0300] {logging_mixin.py:137} INFO - [2025-12-01T20:26:24.441+0300] {dag.py:3456} INFO - Setting next_dagrun for example_task_group_decorator to 2025-11-30T17:26:24.441423+00:00, run_after=2025-12-01T17:26:24.441423+00:00
[2025-12-01T20:26:24.500+0300] {processor.py:175} INFO - Processing /home/pker/airflow_env/lib/python3.7/site-packages/airflow/example_dags/example_task_group_decorator.py took 0.204 seconds
[2025-12-01T20:27:08.429+0300] {processor.py:153} INFO - Started process (PID=922232) to work on /home/pker/airflow_env/lib/python3.7/site-packages/airflow/example_dags/example_task_group_decorator.py
[2025-12-01T20:27:08.432+0300] {processor.py:743} INFO - Processing file /home/pker/airflow_env/lib/python3.7/site-packages/airflow/example_dags/example_task_group_decorator.py for tasks to queue
[2025-12-01T20:27:08.436+0300] {logging_mixin.py:137} INFO - [2025-12-01T20:27:08.435+0300] {dagbag.py:532} INFO - Filling up the DagBag from /home/pker/airflow_env/lib/python3.7/site-packages/airflow/example_dags/example_task_group_decorator.py
[2025-12-01T20:27:08.496+0300] {processor.py:753} INFO - DAG(s) dict_keys(['example_task_group_decorator']) retrieved from /home/pker/airflow_env/lib/python3.7/site-packages/airflow/example_dags/example_task_group_decorator.py
[2025-12-01T20:27:08.538+0300] {logging_mixin.py:137} INFO - [2025-12-01T20:27:08.538+0300] {dag.py:2705} INFO - Sync 1 DAGs
[2025-12-01T20:27:08.593+0300] {logging_mixin.py:137} INFO - [2025-12-01T20:27:08.593+0300] {dag.py:3456} INFO - Setting next_dagrun for example_task_group_decorator to 2025-11-30T17:27:08.593009+00:00, run_after=2025-12-01T17:27:08.593009+00:00
[2025-12-01T20:27:08.645+0300] {processor.py:175} INFO - Processing /home/pker/airflow_env/lib/python3.7/site-packages/airflow/example_dags/example_task_group_decorator.py took 0.222 seconds
[2025-12-01T20:27:58.844+0300] {processor.py:153} INFO - Started process (PID=922414) to work on /home/pker/airflow_env/lib/python3.7/site-packages/airflow/example_dags/example_task_group_decorator.py
[2025-12-01T20:27:58.847+0300] {processor.py:743} INFO - Processing file /home/pker/airflow_env/lib/python3.7/site-packages/airflow/example_dags/example_task_group_decorator.py for tasks to queue
[2025-12-01T20:27:58.848+0300] {logging_mixin.py:137} INFO - [2025-12-01T20:27:58.848+0300] {dagbag.py:532} INFO - Filling up the DagBag from /home/pker/airflow_env/lib/python3.7/site-packages/airflow/example_dags/example_task_group_decorator.py
[2025-12-01T20:27:58.896+0300] {processor.py:753} INFO - DAG(s) dict_keys(['example_task_group_decorator']) retrieved from /home/pker/airflow_env/lib/python3.7/site-packages/airflow/example_dags/example_task_group_decorator.py
[2025-12-01T20:27:58.924+0300] {logging_mixin.py:137} INFO - [2025-12-01T20:27:58.924+0300] {dag.py:2705} INFO - Sync 1 DAGs
[2025-12-01T20:27:58.954+0300] {logging_mixin.py:137} INFO - [2025-12-01T20:27:58.954+0300] {dag.py:3456} INFO - Setting next_dagrun for example_task_group_decorator to 2025-11-30T17:27:58.953653+00:00, run_after=2025-12-01T17:27:58.953653+00:00
[2025-12-01T20:27:59.017+0300] {processor.py:175} INFO - Processing /home/pker/airflow_env/lib/python3.7/site-packages/airflow/example_dags/example_task_group_decorator.py took 0.182 seconds
[2025-12-01T20:28:44.783+0300] {processor.py:153} INFO - Started process (PID=922589) to work on /home/pker/airflow_env/lib/python3.7/site-packages/airflow/example_dags/example_task_group_decorator.py
[2025-12-01T20:28:44.806+0300] {processor.py:743} INFO - Processing file /home/pker/airflow_env/lib/python3.7/site-packages/airflow/example_dags/example_task_group_decorator.py for tasks to queue
[2025-12-01T20:28:44.807+0300] {logging_mixin.py:137} INFO - [2025-12-01T20:28:44.807+0300] {dagbag.py:532} INFO - Filling up the DagBag from /home/pker/airflow_env/lib/python3.7/site-packages/airflow/example_dags/example_task_group_decorator.py
[2025-12-01T20:28:44.847+0300] {processor.py:753} INFO - DAG(s) dict_keys(['example_task_group_decorator']) retrieved from /home/pker/airflow_env/lib/python3.7/site-packages/airflow/example_dags/example_task_group_decorator.py
[2025-12-01T20:28:44.874+0300] {logging_mixin.py:137} INFO - [2025-12-01T20:28:44.874+0300] {dag.py:2705} INFO - Sync 1 DAGs
[2025-12-01T20:28:44.901+0300] {logging_mixin.py:137} INFO - [2025-12-01T20:28:44.901+0300] {dag.py:3456} INFO - Setting next_dagrun for example_task_group_decorator to 2025-11-30T17:28:44.901049+00:00, run_after=2025-12-01T17:28:44.901049+00:00
[2025-12-01T20:28:44.930+0300] {processor.py:175} INFO - Processing /home/pker/airflow_env/lib/python3.7/site-packages/airflow/example_dags/example_task_group_decorator.py took 0.151 seconds
[2025-12-01T20:29:29.372+0300] {processor.py:153} INFO - Started process (PID=922765) to work on /home/pker/airflow_env/lib/python3.7/site-packages/airflow/example_dags/example_task_group_decorator.py
[2025-12-01T20:29:29.395+0300] {processor.py:743} INFO - Processing file /home/pker/airflow_env/lib/python3.7/site-packages/airflow/example_dags/example_task_group_decorator.py for tasks to queue
[2025-12-01T20:29:29.398+0300] {logging_mixin.py:137} INFO - [2025-12-01T20:29:29.398+0300] {dagbag.py:532} INFO - Filling up the DagBag from /home/pker/airflow_env/lib/python3.7/site-packages/airflow/example_dags/example_task_group_decorator.py
[2025-12-01T20:29:29.443+0300] {processor.py:753} INFO - DAG(s) dict_keys(['example_task_group_decorator']) retrieved from /home/pker/airflow_env/lib/python3.7/site-packages/airflow/example_dags/example_task_group_decorator.py
[2025-12-01T20:29:29.470+0300] {logging_mixin.py:137} INFO - [2025-12-01T20:29:29.470+0300] {dag.py:2705} INFO - Sync 1 DAGs
[2025-12-01T20:29:29.503+0300] {logging_mixin.py:137} INFO - [2025-12-01T20:29:29.503+0300] {dag.py:3456} INFO - Setting next_dagrun for example_task_group_decorator to 2025-11-30T17:29:29.503326+00:00, run_after=2025-12-01T17:29:29.503326+00:00
[2025-12-01T20:29:29.556+0300] {processor.py:175} INFO - Processing /home/pker/airflow_env/lib/python3.7/site-packages/airflow/example_dags/example_task_group_decorator.py took 0.191 seconds
[2025-12-01T20:30:19.808+0300] {processor.py:153} INFO - Started process (PID=922942) to work on /home/pker/airflow_env/lib/python3.7/site-packages/airflow/example_dags/example_task_group_decorator.py
[2025-12-01T20:30:19.832+0300] {processor.py:743} INFO - Processing file /home/pker/airflow_env/lib/python3.7/site-packages/airflow/example_dags/example_task_group_decorator.py for tasks to queue
[2025-12-01T20:30:19.835+0300] {logging_mixin.py:137} INFO - [2025-12-01T20:30:19.834+0300] {dagbag.py:532} INFO - Filling up the DagBag from /home/pker/airflow_env/lib/python3.7/site-packages/airflow/example_dags/example_task_group_decorator.py
[2025-12-01T20:30:19.883+0300] {processor.py:753} INFO - DAG(s) dict_keys(['example_task_group_decorator']) retrieved from /home/pker/airflow_env/lib/python3.7/site-packages/airflow/example_dags/example_task_group_decorator.py
[2025-12-01T20:30:19.919+0300] {logging_mixin.py:137} INFO - [2025-12-01T20:30:19.919+0300] {dag.py:2705} INFO - Sync 1 DAGs
[2025-12-01T20:30:19.955+0300] {logging_mixin.py:137} INFO - [2025-12-01T20:30:19.955+0300] {dag.py:3456} INFO - Setting next_dagrun for example_task_group_decorator to 2025-11-30T17:30:19.955238+00:00, run_after=2025-12-01T17:30:19.955238+00:00
[2025-12-01T20:30:20.019+0300] {processor.py:175} INFO - Processing /home/pker/airflow_env/lib/python3.7/site-packages/airflow/example_dags/example_task_group_decorator.py took 0.217 seconds
[2025-12-01T20:31:12.162+0300] {processor.py:153} INFO - Started process (PID=923136) to work on /home/pker/airflow_env/lib/python3.7/site-packages/airflow/example_dags/example_task_group_decorator.py
[2025-12-01T20:31:12.184+0300] {processor.py:743} INFO - Processing file /home/pker/airflow_env/lib/python3.7/site-packages/airflow/example_dags/example_task_group_decorator.py for tasks to queue
[2025-12-01T20:31:12.187+0300] {logging_mixin.py:137} INFO - [2025-12-01T20:31:12.186+0300] {dagbag.py:532} INFO - Filling up the DagBag from /home/pker/airflow_env/lib/python3.7/site-packages/airflow/example_dags/example_task_group_decorator.py
[2025-12-01T20:31:12.227+0300] {processor.py:753} INFO - DAG(s) dict_keys(['example_task_group_decorator']) retrieved from /home/pker/airflow_env/lib/python3.7/site-packages/airflow/example_dags/example_task_group_decorator.py
[2025-12-01T20:31:12.255+0300] {logging_mixin.py:137} INFO - [2025-12-01T20:31:12.255+0300] {dag.py:2705} INFO - Sync 1 DAGs
[2025-12-01T20:31:12.281+0300] {logging_mixin.py:137} INFO - [2025-12-01T20:31:12.281+0300] {dag.py:3456} INFO - Setting next_dagrun for example_task_group_decorator to 2025-11-30T17:31:12.281055+00:00, run_after=2025-12-01T17:31:12.281055+00:00
[2025-12-01T20:31:12.323+0300] {processor.py:175} INFO - Processing /home/pker/airflow_env/lib/python3.7/site-packages/airflow/example_dags/example_task_group_decorator.py took 0.166 seconds
