[2025-12-01T20:14:51.614+0300] {processor.py:153} INFO - Started process (PID=919408) to work on /home/pker/airflow_env/lib/python3.7/site-packages/airflow/example_dags/example_subdag_operator.py
[2025-12-01T20:14:51.616+0300] {processor.py:743} INFO - Processing file /home/pker/airflow_env/lib/python3.7/site-packages/airflow/example_dags/example_subdag_operator.py for tasks to queue
[2025-12-01T20:14:51.617+0300] {logging_mixin.py:137} INFO - [2025-12-01T20:14:51.617+0300] {dagbag.py:532} INFO - Filling up the DagBag from /home/pker/airflow_env/lib/python3.7/site-packages/airflow/example_dags/example_subdag_operator.py
[2025-12-01T20:14:51.658+0300] {processor.py:753} INFO - DAG(s) dict_keys(['example_subdag_operator.section-1', 'example_subdag_operator.section-2', 'example_subdag_operator']) retrieved from /home/pker/airflow_env/lib/python3.7/site-packages/airflow/example_dags/example_subdag_operator.py
[2025-12-01T20:14:51.732+0300] {logging_mixin.py:137} INFO - [2025-12-01T20:14:51.731+0300] {dag.py:2705} INFO - Sync 3 DAGs
[2025-12-01T20:14:51.758+0300] {logging_mixin.py:137} INFO - [2025-12-01T20:14:51.758+0300] {dag.py:3456} INFO - Setting next_dagrun for example_subdag_operator to 2022-01-01T00:00:00+00:00, run_after=2022-01-01T00:00:00+00:00
[2025-12-01T20:14:51.762+0300] {logging_mixin.py:137} INFO - [2025-12-01T20:14:51.762+0300] {dag.py:3456} INFO - Setting next_dagrun for example_subdag_operator.section-1 to None, run_after=None
[2025-12-01T20:14:51.763+0300] {logging_mixin.py:137} INFO - [2025-12-01T20:14:51.763+0300] {dag.py:3456} INFO - Setting next_dagrun for example_subdag_operator.section-2 to None, run_after=None
[2025-12-01T20:14:51.774+0300] {logging_mixin.py:137} INFO - [2025-12-01T20:14:51.774+0300] {dag.py:2705} INFO - Sync 2 DAGs
[2025-12-01T20:14:51.779+0300] {logging_mixin.py:137} INFO - [2025-12-01T20:14:51.779+0300] {dag.py:3456} INFO - Setting next_dagrun for example_subdag_operator.section-1 to None, run_after=None
[2025-12-01T20:14:51.779+0300] {logging_mixin.py:137} INFO - [2025-12-01T20:14:51.779+0300] {dag.py:3456} INFO - Setting next_dagrun for example_subdag_operator.section-2 to None, run_after=None
[2025-12-01T20:14:51.821+0300] {processor.py:175} INFO - Processing /home/pker/airflow_env/lib/python3.7/site-packages/airflow/example_dags/example_subdag_operator.py took 0.212 seconds
[2025-12-01T20:15:52.110+0300] {processor.py:153} INFO - Started process (PID=919773) to work on /home/pker/airflow_env/lib/python3.7/site-packages/airflow/example_dags/example_subdag_operator.py
[2025-12-01T20:15:52.113+0300] {processor.py:743} INFO - Processing file /home/pker/airflow_env/lib/python3.7/site-packages/airflow/example_dags/example_subdag_operator.py for tasks to queue
[2025-12-01T20:15:52.114+0300] {logging_mixin.py:137} INFO - [2025-12-01T20:15:52.114+0300] {dagbag.py:532} INFO - Filling up the DagBag from /home/pker/airflow_env/lib/python3.7/site-packages/airflow/example_dags/example_subdag_operator.py
[2025-12-01T20:15:52.158+0300] {processor.py:753} INFO - DAG(s) dict_keys(['example_subdag_operator.section-1', 'example_subdag_operator.section-2', 'example_subdag_operator']) retrieved from /home/pker/airflow_env/lib/python3.7/site-packages/airflow/example_dags/example_subdag_operator.py
[2025-12-01T20:15:52.189+0300] {logging_mixin.py:137} INFO - [2025-12-01T20:15:52.189+0300] {dag.py:2705} INFO - Sync 3 DAGs
[2025-12-01T20:15:52.230+0300] {logging_mixin.py:137} INFO - [2025-12-01T20:15:52.229+0300] {dag.py:3456} INFO - Setting next_dagrun for example_subdag_operator to 2022-01-01T00:00:00+00:00, run_after=2022-01-01T00:00:00+00:00
[2025-12-01T20:15:52.233+0300] {logging_mixin.py:137} INFO - [2025-12-01T20:15:52.233+0300] {dag.py:3456} INFO - Setting next_dagrun for example_subdag_operator.section-1 to None, run_after=None
[2025-12-01T20:15:52.234+0300] {logging_mixin.py:137} INFO - [2025-12-01T20:15:52.234+0300] {dag.py:3456} INFO - Setting next_dagrun for example_subdag_operator.section-2 to None, run_after=None
[2025-12-01T20:15:52.241+0300] {logging_mixin.py:137} INFO - [2025-12-01T20:15:52.241+0300] {dag.py:2705} INFO - Sync 2 DAGs
[2025-12-01T20:15:52.247+0300] {logging_mixin.py:137} INFO - [2025-12-01T20:15:52.247+0300] {dag.py:3456} INFO - Setting next_dagrun for example_subdag_operator.section-1 to None, run_after=None
[2025-12-01T20:15:52.247+0300] {logging_mixin.py:137} INFO - [2025-12-01T20:15:52.247+0300] {dag.py:3456} INFO - Setting next_dagrun for example_subdag_operator.section-2 to None, run_after=None
[2025-12-01T20:15:52.298+0300] {processor.py:175} INFO - Processing /home/pker/airflow_env/lib/python3.7/site-packages/airflow/example_dags/example_subdag_operator.py took 0.193 seconds
[2025-12-01T20:16:47.647+0300] {processor.py:153} INFO - Started process (PID=919969) to work on /home/pker/airflow_env/lib/python3.7/site-packages/airflow/example_dags/example_subdag_operator.py
[2025-12-01T20:16:47.649+0300] {processor.py:743} INFO - Processing file /home/pker/airflow_env/lib/python3.7/site-packages/airflow/example_dags/example_subdag_operator.py for tasks to queue
[2025-12-01T20:16:47.651+0300] {logging_mixin.py:137} INFO - [2025-12-01T20:16:47.650+0300] {dagbag.py:532} INFO - Filling up the DagBag from /home/pker/airflow_env/lib/python3.7/site-packages/airflow/example_dags/example_subdag_operator.py
[2025-12-01T20:16:47.687+0300] {processor.py:753} INFO - DAG(s) dict_keys(['example_subdag_operator.section-1', 'example_subdag_operator.section-2', 'example_subdag_operator']) retrieved from /home/pker/airflow_env/lib/python3.7/site-packages/airflow/example_dags/example_subdag_operator.py
[2025-12-01T20:16:47.709+0300] {logging_mixin.py:137} INFO - [2025-12-01T20:16:47.708+0300] {dag.py:2705} INFO - Sync 3 DAGs
[2025-12-01T20:16:47.735+0300] {logging_mixin.py:137} INFO - [2025-12-01T20:16:47.735+0300] {dag.py:3456} INFO - Setting next_dagrun for example_subdag_operator to 2022-01-01T00:00:00+00:00, run_after=2022-01-01T00:00:00+00:00
[2025-12-01T20:16:47.739+0300] {logging_mixin.py:137} INFO - [2025-12-01T20:16:47.738+0300] {dag.py:3456} INFO - Setting next_dagrun for example_subdag_operator.section-1 to None, run_after=None
[2025-12-01T20:16:47.740+0300] {logging_mixin.py:137} INFO - [2025-12-01T20:16:47.739+0300] {dag.py:3456} INFO - Setting next_dagrun for example_subdag_operator.section-2 to None, run_after=None
[2025-12-01T20:16:47.746+0300] {logging_mixin.py:137} INFO - [2025-12-01T20:16:47.746+0300] {dag.py:2705} INFO - Sync 2 DAGs
[2025-12-01T20:16:47.751+0300] {logging_mixin.py:137} INFO - [2025-12-01T20:16:47.751+0300] {dag.py:3456} INFO - Setting next_dagrun for example_subdag_operator.section-1 to None, run_after=None
[2025-12-01T20:16:47.752+0300] {logging_mixin.py:137} INFO - [2025-12-01T20:16:47.752+0300] {dag.py:3456} INFO - Setting next_dagrun for example_subdag_operator.section-2 to None, run_after=None
[2025-12-01T20:16:47.778+0300] {processor.py:175} INFO - Processing /home/pker/airflow_env/lib/python3.7/site-packages/airflow/example_dags/example_subdag_operator.py took 0.137 seconds
[2025-12-01T20:17:41.214+0300] {processor.py:153} INFO - Started process (PID=920160) to work on /home/pker/airflow_env/lib/python3.7/site-packages/airflow/example_dags/example_subdag_operator.py
[2025-12-01T20:17:41.235+0300] {processor.py:743} INFO - Processing file /home/pker/airflow_env/lib/python3.7/site-packages/airflow/example_dags/example_subdag_operator.py for tasks to queue
[2025-12-01T20:17:41.237+0300] {logging_mixin.py:137} INFO - [2025-12-01T20:17:41.237+0300] {dagbag.py:532} INFO - Filling up the DagBag from /home/pker/airflow_env/lib/python3.7/site-packages/airflow/example_dags/example_subdag_operator.py
[2025-12-01T20:17:41.280+0300] {processor.py:753} INFO - DAG(s) dict_keys(['example_subdag_operator.section-1', 'example_subdag_operator.section-2', 'example_subdag_operator']) retrieved from /home/pker/airflow_env/lib/python3.7/site-packages/airflow/example_dags/example_subdag_operator.py
[2025-12-01T20:17:41.302+0300] {logging_mixin.py:137} INFO - [2025-12-01T20:17:41.302+0300] {dag.py:2705} INFO - Sync 3 DAGs
[2025-12-01T20:17:41.334+0300] {logging_mixin.py:137} INFO - [2025-12-01T20:17:41.334+0300] {dag.py:3456} INFO - Setting next_dagrun for example_subdag_operator to 2022-01-01T00:00:00+00:00, run_after=2022-01-01T00:00:00+00:00
[2025-12-01T20:17:41.341+0300] {logging_mixin.py:137} INFO - [2025-12-01T20:17:41.341+0300] {dag.py:3456} INFO - Setting next_dagrun for example_subdag_operator.section-1 to None, run_after=None
[2025-12-01T20:17:41.344+0300] {logging_mixin.py:137} INFO - [2025-12-01T20:17:41.344+0300] {dag.py:3456} INFO - Setting next_dagrun for example_subdag_operator.section-2 to None, run_after=None
[2025-12-01T20:17:41.354+0300] {logging_mixin.py:137} INFO - [2025-12-01T20:17:41.354+0300] {dag.py:2705} INFO - Sync 2 DAGs
[2025-12-01T20:17:41.362+0300] {logging_mixin.py:137} INFO - [2025-12-01T20:17:41.362+0300] {dag.py:3456} INFO - Setting next_dagrun for example_subdag_operator.section-1 to None, run_after=None
[2025-12-01T20:17:41.362+0300] {logging_mixin.py:137} INFO - [2025-12-01T20:17:41.362+0300] {dag.py:3456} INFO - Setting next_dagrun for example_subdag_operator.section-2 to None, run_after=None
[2025-12-01T20:17:41.404+0300] {processor.py:175} INFO - Processing /home/pker/airflow_env/lib/python3.7/site-packages/airflow/example_dags/example_subdag_operator.py took 0.195 seconds
[2025-12-01T20:18:32.463+0300] {processor.py:153} INFO - Started process (PID=920343) to work on /home/pker/airflow_env/lib/python3.7/site-packages/airflow/example_dags/example_subdag_operator.py
[2025-12-01T20:18:32.485+0300] {processor.py:743} INFO - Processing file /home/pker/airflow_env/lib/python3.7/site-packages/airflow/example_dags/example_subdag_operator.py for tasks to queue
[2025-12-01T20:18:32.488+0300] {logging_mixin.py:137} INFO - [2025-12-01T20:18:32.488+0300] {dagbag.py:532} INFO - Filling up the DagBag from /home/pker/airflow_env/lib/python3.7/site-packages/airflow/example_dags/example_subdag_operator.py
[2025-12-01T20:18:32.539+0300] {processor.py:753} INFO - DAG(s) dict_keys(['example_subdag_operator.section-1', 'example_subdag_operator.section-2', 'example_subdag_operator']) retrieved from /home/pker/airflow_env/lib/python3.7/site-packages/airflow/example_dags/example_subdag_operator.py
[2025-12-01T20:18:32.564+0300] {logging_mixin.py:137} INFO - [2025-12-01T20:18:32.563+0300] {dag.py:2705} INFO - Sync 3 DAGs
[2025-12-01T20:18:32.589+0300] {logging_mixin.py:137} INFO - [2025-12-01T20:18:32.589+0300] {dag.py:3456} INFO - Setting next_dagrun for example_subdag_operator to 2022-01-01T00:00:00+00:00, run_after=2022-01-01T00:00:00+00:00
[2025-12-01T20:18:32.593+0300] {logging_mixin.py:137} INFO - [2025-12-01T20:18:32.593+0300] {dag.py:3456} INFO - Setting next_dagrun for example_subdag_operator.section-1 to None, run_after=None
[2025-12-01T20:18:32.594+0300] {logging_mixin.py:137} INFO - [2025-12-01T20:18:32.594+0300] {dag.py:3456} INFO - Setting next_dagrun for example_subdag_operator.section-2 to None, run_after=None
[2025-12-01T20:18:32.601+0300] {logging_mixin.py:137} INFO - [2025-12-01T20:18:32.601+0300] {dag.py:2705} INFO - Sync 2 DAGs
[2025-12-01T20:18:32.606+0300] {logging_mixin.py:137} INFO - [2025-12-01T20:18:32.606+0300] {dag.py:3456} INFO - Setting next_dagrun for example_subdag_operator.section-1 to None, run_after=None
[2025-12-01T20:18:32.607+0300] {logging_mixin.py:137} INFO - [2025-12-01T20:18:32.607+0300] {dag.py:3456} INFO - Setting next_dagrun for example_subdag_operator.section-2 to None, run_after=None
[2025-12-01T20:18:32.655+0300] {processor.py:175} INFO - Processing /home/pker/airflow_env/lib/python3.7/site-packages/airflow/example_dags/example_subdag_operator.py took 0.197 seconds
[2025-12-01T20:19:21.744+0300] {processor.py:153} INFO - Started process (PID=920547) to work on /home/pker/airflow_env/lib/python3.7/site-packages/airflow/example_dags/example_subdag_operator.py
[2025-12-01T20:19:21.767+0300] {processor.py:743} INFO - Processing file /home/pker/airflow_env/lib/python3.7/site-packages/airflow/example_dags/example_subdag_operator.py for tasks to queue
[2025-12-01T20:19:21.769+0300] {logging_mixin.py:137} INFO - [2025-12-01T20:19:21.769+0300] {dagbag.py:532} INFO - Filling up the DagBag from /home/pker/airflow_env/lib/python3.7/site-packages/airflow/example_dags/example_subdag_operator.py
[2025-12-01T20:19:21.809+0300] {processor.py:753} INFO - DAG(s) dict_keys(['example_subdag_operator.section-1', 'example_subdag_operator.section-2', 'example_subdag_operator']) retrieved from /home/pker/airflow_env/lib/python3.7/site-packages/airflow/example_dags/example_subdag_operator.py
[2025-12-01T20:19:21.833+0300] {logging_mixin.py:137} INFO - [2025-12-01T20:19:21.833+0300] {dag.py:2705} INFO - Sync 3 DAGs
[2025-12-01T20:19:21.860+0300] {logging_mixin.py:137} INFO - [2025-12-01T20:19:21.860+0300] {dag.py:3456} INFO - Setting next_dagrun for example_subdag_operator to 2022-01-01T00:00:00+00:00, run_after=2022-01-01T00:00:00+00:00
[2025-12-01T20:19:21.863+0300] {logging_mixin.py:137} INFO - [2025-12-01T20:19:21.863+0300] {dag.py:3456} INFO - Setting next_dagrun for example_subdag_operator.section-1 to None, run_after=None
[2025-12-01T20:19:21.864+0300] {logging_mixin.py:137} INFO - [2025-12-01T20:19:21.864+0300] {dag.py:3456} INFO - Setting next_dagrun for example_subdag_operator.section-2 to None, run_after=None
[2025-12-01T20:19:21.871+0300] {logging_mixin.py:137} INFO - [2025-12-01T20:19:21.871+0300] {dag.py:2705} INFO - Sync 2 DAGs
[2025-12-01T20:19:21.878+0300] {logging_mixin.py:137} INFO - [2025-12-01T20:19:21.878+0300] {dag.py:3456} INFO - Setting next_dagrun for example_subdag_operator.section-1 to None, run_after=None
[2025-12-01T20:19:21.892+0300] {logging_mixin.py:137} INFO - [2025-12-01T20:19:21.891+0300] {dag.py:3456} INFO - Setting next_dagrun for example_subdag_operator.section-2 to None, run_after=None
[2025-12-01T20:19:21.919+0300] {processor.py:175} INFO - Processing /home/pker/airflow_env/lib/python3.7/site-packages/airflow/example_dags/example_subdag_operator.py took 0.180 seconds
[2025-12-01T20:20:10.110+0300] {processor.py:153} INFO - Started process (PID=920717) to work on /home/pker/airflow_env/lib/python3.7/site-packages/airflow/example_dags/example_subdag_operator.py
[2025-12-01T20:20:10.134+0300] {processor.py:743} INFO - Processing file /home/pker/airflow_env/lib/python3.7/site-packages/airflow/example_dags/example_subdag_operator.py for tasks to queue
[2025-12-01T20:20:10.136+0300] {logging_mixin.py:137} INFO - [2025-12-01T20:20:10.136+0300] {dagbag.py:532} INFO - Filling up the DagBag from /home/pker/airflow_env/lib/python3.7/site-packages/airflow/example_dags/example_subdag_operator.py
[2025-12-01T20:20:10.193+0300] {processor.py:753} INFO - DAG(s) dict_keys(['example_subdag_operator.section-1', 'example_subdag_operator.section-2', 'example_subdag_operator']) retrieved from /home/pker/airflow_env/lib/python3.7/site-packages/airflow/example_dags/example_subdag_operator.py
[2025-12-01T20:20:10.223+0300] {logging_mixin.py:137} INFO - [2025-12-01T20:20:10.223+0300] {dag.py:2705} INFO - Sync 3 DAGs
[2025-12-01T20:20:10.252+0300] {logging_mixin.py:137} INFO - [2025-12-01T20:20:10.252+0300] {dag.py:3456} INFO - Setting next_dagrun for example_subdag_operator to 2022-01-01T00:00:00+00:00, run_after=2022-01-01T00:00:00+00:00
[2025-12-01T20:20:10.256+0300] {logging_mixin.py:137} INFO - [2025-12-01T20:20:10.256+0300] {dag.py:3456} INFO - Setting next_dagrun for example_subdag_operator.section-1 to None, run_after=None
[2025-12-01T20:20:10.257+0300] {logging_mixin.py:137} INFO - [2025-12-01T20:20:10.257+0300] {dag.py:3456} INFO - Setting next_dagrun for example_subdag_operator.section-2 to None, run_after=None
[2025-12-01T20:20:10.265+0300] {logging_mixin.py:137} INFO - [2025-12-01T20:20:10.265+0300] {dag.py:2705} INFO - Sync 2 DAGs
[2025-12-01T20:20:10.272+0300] {logging_mixin.py:137} INFO - [2025-12-01T20:20:10.271+0300] {dag.py:3456} INFO - Setting next_dagrun for example_subdag_operator.section-1 to None, run_after=None
[2025-12-01T20:20:10.272+0300] {logging_mixin.py:137} INFO - [2025-12-01T20:20:10.272+0300] {dag.py:3456} INFO - Setting next_dagrun for example_subdag_operator.section-2 to None, run_after=None
[2025-12-01T20:20:10.318+0300] {processor.py:175} INFO - Processing /home/pker/airflow_env/lib/python3.7/site-packages/airflow/example_dags/example_subdag_operator.py took 0.217 seconds
[2025-12-01T20:20:57.319+0300] {processor.py:153} INFO - Started process (PID=920887) to work on /home/pker/airflow_env/lib/python3.7/site-packages/airflow/example_dags/example_subdag_operator.py
[2025-12-01T20:20:57.343+0300] {processor.py:743} INFO - Processing file /home/pker/airflow_env/lib/python3.7/site-packages/airflow/example_dags/example_subdag_operator.py for tasks to queue
[2025-12-01T20:20:57.346+0300] {logging_mixin.py:137} INFO - [2025-12-01T20:20:57.345+0300] {dagbag.py:532} INFO - Filling up the DagBag from /home/pker/airflow_env/lib/python3.7/site-packages/airflow/example_dags/example_subdag_operator.py
[2025-12-01T20:20:57.390+0300] {processor.py:753} INFO - DAG(s) dict_keys(['example_subdag_operator.section-1', 'example_subdag_operator.section-2', 'example_subdag_operator']) retrieved from /home/pker/airflow_env/lib/python3.7/site-packages/airflow/example_dags/example_subdag_operator.py
[2025-12-01T20:20:57.412+0300] {logging_mixin.py:137} INFO - [2025-12-01T20:20:57.412+0300] {dag.py:2705} INFO - Sync 3 DAGs
[2025-12-01T20:20:57.446+0300] {logging_mixin.py:137} INFO - [2025-12-01T20:20:57.446+0300] {dag.py:3456} INFO - Setting next_dagrun for example_subdag_operator to 2022-01-01T00:00:00+00:00, run_after=2022-01-01T00:00:00+00:00
[2025-12-01T20:20:57.450+0300] {logging_mixin.py:137} INFO - [2025-12-01T20:20:57.450+0300] {dag.py:3456} INFO - Setting next_dagrun for example_subdag_operator.section-1 to None, run_after=None
[2025-12-01T20:20:57.451+0300] {logging_mixin.py:137} INFO - [2025-12-01T20:20:57.451+0300] {dag.py:3456} INFO - Setting next_dagrun for example_subdag_operator.section-2 to None, run_after=None
[2025-12-01T20:20:57.459+0300] {logging_mixin.py:137} INFO - [2025-12-01T20:20:57.458+0300] {dag.py:2705} INFO - Sync 2 DAGs
[2025-12-01T20:20:57.464+0300] {logging_mixin.py:137} INFO - [2025-12-01T20:20:57.464+0300] {dag.py:3456} INFO - Setting next_dagrun for example_subdag_operator.section-1 to None, run_after=None
[2025-12-01T20:20:57.464+0300] {logging_mixin.py:137} INFO - [2025-12-01T20:20:57.464+0300] {dag.py:3456} INFO - Setting next_dagrun for example_subdag_operator.section-2 to None, run_after=None
[2025-12-01T20:20:57.509+0300] {processor.py:175} INFO - Processing /home/pker/airflow_env/lib/python3.7/site-packages/airflow/example_dags/example_subdag_operator.py took 0.195 seconds
[2025-12-01T20:21:45.865+0300] {processor.py:153} INFO - Started process (PID=921057) to work on /home/pker/airflow_env/lib/python3.7/site-packages/airflow/example_dags/example_subdag_operator.py
[2025-12-01T20:21:45.886+0300] {processor.py:743} INFO - Processing file /home/pker/airflow_env/lib/python3.7/site-packages/airflow/example_dags/example_subdag_operator.py for tasks to queue
[2025-12-01T20:21:45.887+0300] {logging_mixin.py:137} INFO - [2025-12-01T20:21:45.887+0300] {dagbag.py:532} INFO - Filling up the DagBag from /home/pker/airflow_env/lib/python3.7/site-packages/airflow/example_dags/example_subdag_operator.py
[2025-12-01T20:21:45.923+0300] {processor.py:753} INFO - DAG(s) dict_keys(['example_subdag_operator.section-1', 'example_subdag_operator.section-2', 'example_subdag_operator']) retrieved from /home/pker/airflow_env/lib/python3.7/site-packages/airflow/example_dags/example_subdag_operator.py
[2025-12-01T20:21:45.943+0300] {logging_mixin.py:137} INFO - [2025-12-01T20:21:45.943+0300] {dag.py:2705} INFO - Sync 3 DAGs
[2025-12-01T20:21:45.981+0300] {logging_mixin.py:137} INFO - [2025-12-01T20:21:45.981+0300] {dag.py:3456} INFO - Setting next_dagrun for example_subdag_operator to 2022-01-01T00:00:00+00:00, run_after=2022-01-01T00:00:00+00:00
[2025-12-01T20:21:45.987+0300] {logging_mixin.py:137} INFO - [2025-12-01T20:21:45.986+0300] {dag.py:3456} INFO - Setting next_dagrun for example_subdag_operator.section-1 to None, run_after=None
[2025-12-01T20:21:45.988+0300] {logging_mixin.py:137} INFO - [2025-12-01T20:21:45.988+0300] {dag.py:3456} INFO - Setting next_dagrun for example_subdag_operator.section-2 to None, run_after=None
[2025-12-01T20:21:46.004+0300] {logging_mixin.py:137} INFO - [2025-12-01T20:21:46.004+0300] {dag.py:2705} INFO - Sync 2 DAGs
[2025-12-01T20:21:46.010+0300] {logging_mixin.py:137} INFO - [2025-12-01T20:21:46.010+0300] {dag.py:3456} INFO - Setting next_dagrun for example_subdag_operator.section-1 to None, run_after=None
[2025-12-01T20:21:46.011+0300] {logging_mixin.py:137} INFO - [2025-12-01T20:21:46.010+0300] {dag.py:3456} INFO - Setting next_dagrun for example_subdag_operator.section-2 to None, run_after=None
[2025-12-01T20:21:46.056+0300] {processor.py:175} INFO - Processing /home/pker/airflow_env/lib/python3.7/site-packages/airflow/example_dags/example_subdag_operator.py took 0.194 seconds
[2025-12-01T20:22:33.736+0300] {processor.py:153} INFO - Started process (PID=921228) to work on /home/pker/airflow_env/lib/python3.7/site-packages/airflow/example_dags/example_subdag_operator.py
[2025-12-01T20:22:33.759+0300] {processor.py:743} INFO - Processing file /home/pker/airflow_env/lib/python3.7/site-packages/airflow/example_dags/example_subdag_operator.py for tasks to queue
[2025-12-01T20:22:33.762+0300] {logging_mixin.py:137} INFO - [2025-12-01T20:22:33.762+0300] {dagbag.py:532} INFO - Filling up the DagBag from /home/pker/airflow_env/lib/python3.7/site-packages/airflow/example_dags/example_subdag_operator.py
[2025-12-01T20:22:33.806+0300] {processor.py:753} INFO - DAG(s) dict_keys(['example_subdag_operator.section-1', 'example_subdag_operator.section-2', 'example_subdag_operator']) retrieved from /home/pker/airflow_env/lib/python3.7/site-packages/airflow/example_dags/example_subdag_operator.py
[2025-12-01T20:22:33.828+0300] {logging_mixin.py:137} INFO - [2025-12-01T20:22:33.828+0300] {dag.py:2705} INFO - Sync 3 DAGs
[2025-12-01T20:22:33.853+0300] {logging_mixin.py:137} INFO - [2025-12-01T20:22:33.853+0300] {dag.py:3456} INFO - Setting next_dagrun for example_subdag_operator to 2022-01-01T00:00:00+00:00, run_after=2022-01-01T00:00:00+00:00
[2025-12-01T20:22:33.857+0300] {logging_mixin.py:137} INFO - [2025-12-01T20:22:33.856+0300] {dag.py:3456} INFO - Setting next_dagrun for example_subdag_operator.section-1 to None, run_after=None
[2025-12-01T20:22:33.858+0300] {logging_mixin.py:137} INFO - [2025-12-01T20:22:33.857+0300] {dag.py:3456} INFO - Setting next_dagrun for example_subdag_operator.section-2 to None, run_after=None
[2025-12-01T20:22:33.864+0300] {logging_mixin.py:137} INFO - [2025-12-01T20:22:33.864+0300] {dag.py:2705} INFO - Sync 2 DAGs
[2025-12-01T20:22:33.869+0300] {logging_mixin.py:137} INFO - [2025-12-01T20:22:33.869+0300] {dag.py:3456} INFO - Setting next_dagrun for example_subdag_operator.section-1 to None, run_after=None
[2025-12-01T20:22:33.870+0300] {logging_mixin.py:137} INFO - [2025-12-01T20:22:33.870+0300] {dag.py:3456} INFO - Setting next_dagrun for example_subdag_operator.section-2 to None, run_after=None
[2025-12-01T20:22:33.903+0300] {processor.py:175} INFO - Processing /home/pker/airflow_env/lib/python3.7/site-packages/airflow/example_dags/example_subdag_operator.py took 0.172 seconds
[2025-12-01T20:23:24.243+0300] {processor.py:153} INFO - Started process (PID=921409) to work on /home/pker/airflow_env/lib/python3.7/site-packages/airflow/example_dags/example_subdag_operator.py
[2025-12-01T20:23:24.264+0300] {processor.py:743} INFO - Processing file /home/pker/airflow_env/lib/python3.7/site-packages/airflow/example_dags/example_subdag_operator.py for tasks to queue
[2025-12-01T20:23:24.266+0300] {logging_mixin.py:137} INFO - [2025-12-01T20:23:24.266+0300] {dagbag.py:532} INFO - Filling up the DagBag from /home/pker/airflow_env/lib/python3.7/site-packages/airflow/example_dags/example_subdag_operator.py
[2025-12-01T20:23:24.319+0300] {processor.py:753} INFO - DAG(s) dict_keys(['example_subdag_operator.section-1', 'example_subdag_operator.section-2', 'example_subdag_operator']) retrieved from /home/pker/airflow_env/lib/python3.7/site-packages/airflow/example_dags/example_subdag_operator.py
[2025-12-01T20:23:24.344+0300] {logging_mixin.py:137} INFO - [2025-12-01T20:23:24.343+0300] {dag.py:2705} INFO - Sync 3 DAGs
[2025-12-01T20:23:24.370+0300] {logging_mixin.py:137} INFO - [2025-12-01T20:23:24.370+0300] {dag.py:3456} INFO - Setting next_dagrun for example_subdag_operator to 2022-01-01T00:00:00+00:00, run_after=2022-01-01T00:00:00+00:00
[2025-12-01T20:23:24.374+0300] {logging_mixin.py:137} INFO - [2025-12-01T20:23:24.374+0300] {dag.py:3456} INFO - Setting next_dagrun for example_subdag_operator.section-1 to None, run_after=None
[2025-12-01T20:23:24.375+0300] {logging_mixin.py:137} INFO - [2025-12-01T20:23:24.375+0300] {dag.py:3456} INFO - Setting next_dagrun for example_subdag_operator.section-2 to None, run_after=None
[2025-12-01T20:23:24.383+0300] {logging_mixin.py:137} INFO - [2025-12-01T20:23:24.383+0300] {dag.py:2705} INFO - Sync 2 DAGs
[2025-12-01T20:23:24.391+0300] {logging_mixin.py:137} INFO - [2025-12-01T20:23:24.390+0300] {dag.py:3456} INFO - Setting next_dagrun for example_subdag_operator.section-1 to None, run_after=None
[2025-12-01T20:23:24.391+0300] {logging_mixin.py:137} INFO - [2025-12-01T20:23:24.391+0300] {dag.py:3456} INFO - Setting next_dagrun for example_subdag_operator.section-2 to None, run_after=None
[2025-12-01T20:23:24.437+0300] {processor.py:175} INFO - Processing /home/pker/airflow_env/lib/python3.7/site-packages/airflow/example_dags/example_subdag_operator.py took 0.199 seconds
[2025-12-01T20:24:15.982+0300] {processor.py:153} INFO - Started process (PID=921615) to work on /home/pker/airflow_env/lib/python3.7/site-packages/airflow/example_dags/example_subdag_operator.py
[2025-12-01T20:24:16.004+0300] {processor.py:743} INFO - Processing file /home/pker/airflow_env/lib/python3.7/site-packages/airflow/example_dags/example_subdag_operator.py for tasks to queue
[2025-12-01T20:24:16.007+0300] {logging_mixin.py:137} INFO - [2025-12-01T20:24:16.007+0300] {dagbag.py:532} INFO - Filling up the DagBag from /home/pker/airflow_env/lib/python3.7/site-packages/airflow/example_dags/example_subdag_operator.py
[2025-12-01T20:24:16.057+0300] {processor.py:753} INFO - DAG(s) dict_keys(['example_subdag_operator.section-1', 'example_subdag_operator.section-2', 'example_subdag_operator']) retrieved from /home/pker/airflow_env/lib/python3.7/site-packages/airflow/example_dags/example_subdag_operator.py
[2025-12-01T20:24:16.097+0300] {logging_mixin.py:137} INFO - [2025-12-01T20:24:16.097+0300] {dag.py:2705} INFO - Sync 3 DAGs
[2025-12-01T20:24:16.139+0300] {logging_mixin.py:137} INFO - [2025-12-01T20:24:16.139+0300] {dag.py:3456} INFO - Setting next_dagrun for example_subdag_operator to 2022-01-01T00:00:00+00:00, run_after=2022-01-01T00:00:00+00:00
[2025-12-01T20:24:16.142+0300] {logging_mixin.py:137} INFO - [2025-12-01T20:24:16.142+0300] {dag.py:3456} INFO - Setting next_dagrun for example_subdag_operator.section-1 to None, run_after=None
[2025-12-01T20:24:16.143+0300] {logging_mixin.py:137} INFO - [2025-12-01T20:24:16.143+0300] {dag.py:3456} INFO - Setting next_dagrun for example_subdag_operator.section-2 to None, run_after=None
[2025-12-01T20:24:16.151+0300] {logging_mixin.py:137} INFO - [2025-12-01T20:24:16.150+0300] {dag.py:2705} INFO - Sync 2 DAGs
[2025-12-01T20:24:16.156+0300] {logging_mixin.py:137} INFO - [2025-12-01T20:24:16.155+0300] {dag.py:3456} INFO - Setting next_dagrun for example_subdag_operator.section-1 to None, run_after=None
[2025-12-01T20:24:16.156+0300] {logging_mixin.py:137} INFO - [2025-12-01T20:24:16.156+0300] {dag.py:3456} INFO - Setting next_dagrun for example_subdag_operator.section-2 to None, run_after=None
[2025-12-01T20:24:16.204+0300] {processor.py:175} INFO - Processing /home/pker/airflow_env/lib/python3.7/site-packages/airflow/example_dags/example_subdag_operator.py took 0.229 seconds
[2025-12-01T20:25:08.393+0300] {processor.py:153} INFO - Started process (PID=921804) to work on /home/pker/airflow_env/lib/python3.7/site-packages/airflow/example_dags/example_subdag_operator.py
[2025-12-01T20:25:08.415+0300] {processor.py:743} INFO - Processing file /home/pker/airflow_env/lib/python3.7/site-packages/airflow/example_dags/example_subdag_operator.py for tasks to queue
[2025-12-01T20:25:08.418+0300] {logging_mixin.py:137} INFO - [2025-12-01T20:25:08.417+0300] {dagbag.py:532} INFO - Filling up the DagBag from /home/pker/airflow_env/lib/python3.7/site-packages/airflow/example_dags/example_subdag_operator.py
[2025-12-01T20:25:08.460+0300] {processor.py:753} INFO - DAG(s) dict_keys(['example_subdag_operator.section-1', 'example_subdag_operator.section-2', 'example_subdag_operator']) retrieved from /home/pker/airflow_env/lib/python3.7/site-packages/airflow/example_dags/example_subdag_operator.py
[2025-12-01T20:25:08.482+0300] {logging_mixin.py:137} INFO - [2025-12-01T20:25:08.482+0300] {dag.py:2705} INFO - Sync 3 DAGs
[2025-12-01T20:25:08.511+0300] {logging_mixin.py:137} INFO - [2025-12-01T20:25:08.511+0300] {dag.py:3456} INFO - Setting next_dagrun for example_subdag_operator to 2022-01-01T00:00:00+00:00, run_after=2022-01-01T00:00:00+00:00
[2025-12-01T20:25:08.515+0300] {logging_mixin.py:137} INFO - [2025-12-01T20:25:08.515+0300] {dag.py:3456} INFO - Setting next_dagrun for example_subdag_operator.section-1 to None, run_after=None
[2025-12-01T20:25:08.516+0300] {logging_mixin.py:137} INFO - [2025-12-01T20:25:08.516+0300] {dag.py:3456} INFO - Setting next_dagrun for example_subdag_operator.section-2 to None, run_after=None
[2025-12-01T20:25:08.523+0300] {logging_mixin.py:137} INFO - [2025-12-01T20:25:08.523+0300] {dag.py:2705} INFO - Sync 2 DAGs
[2025-12-01T20:25:08.529+0300] {logging_mixin.py:137} INFO - [2025-12-01T20:25:08.529+0300] {dag.py:3456} INFO - Setting next_dagrun for example_subdag_operator.section-1 to None, run_after=None
[2025-12-01T20:25:08.530+0300] {logging_mixin.py:137} INFO - [2025-12-01T20:25:08.530+0300] {dag.py:3456} INFO - Setting next_dagrun for example_subdag_operator.section-2 to None, run_after=None
[2025-12-01T20:25:08.566+0300] {processor.py:175} INFO - Processing /home/pker/airflow_env/lib/python3.7/site-packages/airflow/example_dags/example_subdag_operator.py took 0.178 seconds
[2025-12-01T20:25:55.094+0300] {processor.py:153} INFO - Started process (PID=921969) to work on /home/pker/airflow_env/lib/python3.7/site-packages/airflow/example_dags/example_subdag_operator.py
[2025-12-01T20:25:55.098+0300] {processor.py:743} INFO - Processing file /home/pker/airflow_env/lib/python3.7/site-packages/airflow/example_dags/example_subdag_operator.py for tasks to queue
[2025-12-01T20:25:55.100+0300] {logging_mixin.py:137} INFO - [2025-12-01T20:25:55.100+0300] {dagbag.py:532} INFO - Filling up the DagBag from /home/pker/airflow_env/lib/python3.7/site-packages/airflow/example_dags/example_subdag_operator.py
[2025-12-01T20:25:55.142+0300] {processor.py:753} INFO - DAG(s) dict_keys(['example_subdag_operator.section-1', 'example_subdag_operator.section-2', 'example_subdag_operator']) retrieved from /home/pker/airflow_env/lib/python3.7/site-packages/airflow/example_dags/example_subdag_operator.py
[2025-12-01T20:25:55.170+0300] {logging_mixin.py:137} INFO - [2025-12-01T20:25:55.170+0300] {dag.py:2705} INFO - Sync 3 DAGs
[2025-12-01T20:25:55.198+0300] {logging_mixin.py:137} INFO - [2025-12-01T20:25:55.198+0300] {dag.py:3456} INFO - Setting next_dagrun for example_subdag_operator to 2022-01-01T00:00:00+00:00, run_after=2022-01-01T00:00:00+00:00
[2025-12-01T20:25:55.201+0300] {logging_mixin.py:137} INFO - [2025-12-01T20:25:55.201+0300] {dag.py:3456} INFO - Setting next_dagrun for example_subdag_operator.section-1 to None, run_after=None
[2025-12-01T20:25:55.203+0300] {logging_mixin.py:137} INFO - [2025-12-01T20:25:55.202+0300] {dag.py:3456} INFO - Setting next_dagrun for example_subdag_operator.section-2 to None, run_after=None
[2025-12-01T20:25:55.211+0300] {logging_mixin.py:137} INFO - [2025-12-01T20:25:55.210+0300] {dag.py:2705} INFO - Sync 2 DAGs
[2025-12-01T20:25:55.216+0300] {logging_mixin.py:137} INFO - [2025-12-01T20:25:55.216+0300] {dag.py:3456} INFO - Setting next_dagrun for example_subdag_operator.section-1 to None, run_after=None
[2025-12-01T20:25:55.217+0300] {logging_mixin.py:137} INFO - [2025-12-01T20:25:55.217+0300] {dag.py:3456} INFO - Setting next_dagrun for example_subdag_operator.section-2 to None, run_after=None
[2025-12-01T20:25:55.246+0300] {processor.py:175} INFO - Processing /home/pker/airflow_env/lib/python3.7/site-packages/airflow/example_dags/example_subdag_operator.py took 0.157 seconds
[2025-12-01T20:26:41.217+0300] {processor.py:153} INFO - Started process (PID=922136) to work on /home/pker/airflow_env/lib/python3.7/site-packages/airflow/example_dags/example_subdag_operator.py
[2025-12-01T20:26:41.239+0300] {processor.py:743} INFO - Processing file /home/pker/airflow_env/lib/python3.7/site-packages/airflow/example_dags/example_subdag_operator.py for tasks to queue
[2025-12-01T20:26:41.240+0300] {logging_mixin.py:137} INFO - [2025-12-01T20:26:41.240+0300] {dagbag.py:532} INFO - Filling up the DagBag from /home/pker/airflow_env/lib/python3.7/site-packages/airflow/example_dags/example_subdag_operator.py
[2025-12-01T20:26:41.287+0300] {processor.py:753} INFO - DAG(s) dict_keys(['example_subdag_operator.section-1', 'example_subdag_operator.section-2', 'example_subdag_operator']) retrieved from /home/pker/airflow_env/lib/python3.7/site-packages/airflow/example_dags/example_subdag_operator.py
[2025-12-01T20:26:41.323+0300] {logging_mixin.py:137} INFO - [2025-12-01T20:26:41.323+0300] {dag.py:2705} INFO - Sync 3 DAGs
[2025-12-01T20:26:41.355+0300] {logging_mixin.py:137} INFO - [2025-12-01T20:26:41.354+0300] {dag.py:3456} INFO - Setting next_dagrun for example_subdag_operator to 2022-01-01T00:00:00+00:00, run_after=2022-01-01T00:00:00+00:00
[2025-12-01T20:26:41.358+0300] {logging_mixin.py:137} INFO - [2025-12-01T20:26:41.358+0300] {dag.py:3456} INFO - Setting next_dagrun for example_subdag_operator.section-1 to None, run_after=None
[2025-12-01T20:26:41.359+0300] {logging_mixin.py:137} INFO - [2025-12-01T20:26:41.359+0300] {dag.py:3456} INFO - Setting next_dagrun for example_subdag_operator.section-2 to None, run_after=None
[2025-12-01T20:26:41.366+0300] {logging_mixin.py:137} INFO - [2025-12-01T20:26:41.366+0300] {dag.py:2705} INFO - Sync 2 DAGs
[2025-12-01T20:26:41.371+0300] {logging_mixin.py:137} INFO - [2025-12-01T20:26:41.371+0300] {dag.py:3456} INFO - Setting next_dagrun for example_subdag_operator.section-1 to None, run_after=None
[2025-12-01T20:26:41.371+0300] {logging_mixin.py:137} INFO - [2025-12-01T20:26:41.371+0300] {dag.py:3456} INFO - Setting next_dagrun for example_subdag_operator.section-2 to None, run_after=None
[2025-12-01T20:26:41.417+0300] {processor.py:175} INFO - Processing /home/pker/airflow_env/lib/python3.7/site-packages/airflow/example_dags/example_subdag_operator.py took 0.207 seconds
[2025-12-01T20:27:29.155+0300] {processor.py:153} INFO - Started process (PID=922314) to work on /home/pker/airflow_env/lib/python3.7/site-packages/airflow/example_dags/example_subdag_operator.py
[2025-12-01T20:27:29.178+0300] {processor.py:743} INFO - Processing file /home/pker/airflow_env/lib/python3.7/site-packages/airflow/example_dags/example_subdag_operator.py for tasks to queue
[2025-12-01T20:27:29.180+0300] {logging_mixin.py:137} INFO - [2025-12-01T20:27:29.179+0300] {dagbag.py:532} INFO - Filling up the DagBag from /home/pker/airflow_env/lib/python3.7/site-packages/airflow/example_dags/example_subdag_operator.py
[2025-12-01T20:27:29.225+0300] {processor.py:753} INFO - DAG(s) dict_keys(['example_subdag_operator.section-1', 'example_subdag_operator.section-2', 'example_subdag_operator']) retrieved from /home/pker/airflow_env/lib/python3.7/site-packages/airflow/example_dags/example_subdag_operator.py
[2025-12-01T20:27:29.250+0300] {logging_mixin.py:137} INFO - [2025-12-01T20:27:29.250+0300] {dag.py:2705} INFO - Sync 3 DAGs
[2025-12-01T20:27:29.275+0300] {logging_mixin.py:137} INFO - [2025-12-01T20:27:29.275+0300] {dag.py:3456} INFO - Setting next_dagrun for example_subdag_operator to 2022-01-01T00:00:00+00:00, run_after=2022-01-01T00:00:00+00:00
[2025-12-01T20:27:29.279+0300] {logging_mixin.py:137} INFO - [2025-12-01T20:27:29.278+0300] {dag.py:3456} INFO - Setting next_dagrun for example_subdag_operator.section-1 to None, run_after=None
[2025-12-01T20:27:29.280+0300] {logging_mixin.py:137} INFO - [2025-12-01T20:27:29.280+0300] {dag.py:3456} INFO - Setting next_dagrun for example_subdag_operator.section-2 to None, run_after=None
[2025-12-01T20:27:29.287+0300] {logging_mixin.py:137} INFO - [2025-12-01T20:27:29.287+0300] {dag.py:2705} INFO - Sync 2 DAGs
[2025-12-01T20:27:29.292+0300] {logging_mixin.py:137} INFO - [2025-12-01T20:27:29.292+0300] {dag.py:3456} INFO - Setting next_dagrun for example_subdag_operator.section-1 to None, run_after=None
[2025-12-01T20:27:29.292+0300] {logging_mixin.py:137} INFO - [2025-12-01T20:27:29.292+0300] {dag.py:3456} INFO - Setting next_dagrun for example_subdag_operator.section-2 to None, run_after=None
[2025-12-01T20:27:29.309+0300] {processor.py:175} INFO - Processing /home/pker/airflow_env/lib/python3.7/site-packages/airflow/example_dags/example_subdag_operator.py took 0.159 seconds
[2025-12-01T20:28:18.040+0300] {processor.py:153} INFO - Started process (PID=922487) to work on /home/pker/airflow_env/lib/python3.7/site-packages/airflow/example_dags/example_subdag_operator.py
[2025-12-01T20:28:18.042+0300] {processor.py:743} INFO - Processing file /home/pker/airflow_env/lib/python3.7/site-packages/airflow/example_dags/example_subdag_operator.py for tasks to queue
[2025-12-01T20:28:18.043+0300] {logging_mixin.py:137} INFO - [2025-12-01T20:28:18.043+0300] {dagbag.py:532} INFO - Filling up the DagBag from /home/pker/airflow_env/lib/python3.7/site-packages/airflow/example_dags/example_subdag_operator.py
[2025-12-01T20:28:18.077+0300] {processor.py:753} INFO - DAG(s) dict_keys(['example_subdag_operator.section-1', 'example_subdag_operator.section-2', 'example_subdag_operator']) retrieved from /home/pker/airflow_env/lib/python3.7/site-packages/airflow/example_dags/example_subdag_operator.py
[2025-12-01T20:28:18.101+0300] {logging_mixin.py:137} INFO - [2025-12-01T20:28:18.101+0300] {dag.py:2705} INFO - Sync 3 DAGs
[2025-12-01T20:28:18.135+0300] {logging_mixin.py:137} INFO - [2025-12-01T20:28:18.134+0300] {dag.py:3456} INFO - Setting next_dagrun for example_subdag_operator to 2022-01-01T00:00:00+00:00, run_after=2022-01-01T00:00:00+00:00
[2025-12-01T20:28:18.143+0300] {logging_mixin.py:137} INFO - [2025-12-01T20:28:18.142+0300] {dag.py:3456} INFO - Setting next_dagrun for example_subdag_operator.section-1 to None, run_after=None
[2025-12-01T20:28:18.145+0300] {logging_mixin.py:137} INFO - [2025-12-01T20:28:18.145+0300] {dag.py:3456} INFO - Setting next_dagrun for example_subdag_operator.section-2 to None, run_after=None
[2025-12-01T20:28:18.165+0300] {logging_mixin.py:137} INFO - [2025-12-01T20:28:18.164+0300] {dag.py:2705} INFO - Sync 2 DAGs
[2025-12-01T20:28:18.177+0300] {logging_mixin.py:137} INFO - [2025-12-01T20:28:18.177+0300] {dag.py:3456} INFO - Setting next_dagrun for example_subdag_operator.section-1 to None, run_after=None
[2025-12-01T20:28:18.178+0300] {logging_mixin.py:137} INFO - [2025-12-01T20:28:18.178+0300] {dag.py:3456} INFO - Setting next_dagrun for example_subdag_operator.section-2 to None, run_after=None
[2025-12-01T20:28:18.244+0300] {processor.py:175} INFO - Processing /home/pker/airflow_env/lib/python3.7/site-packages/airflow/example_dags/example_subdag_operator.py took 0.207 seconds
[2025-12-01T20:29:03.139+0300] {processor.py:153} INFO - Started process (PID=922669) to work on /home/pker/airflow_env/lib/python3.7/site-packages/airflow/example_dags/example_subdag_operator.py
[2025-12-01T20:29:03.162+0300] {processor.py:743} INFO - Processing file /home/pker/airflow_env/lib/python3.7/site-packages/airflow/example_dags/example_subdag_operator.py for tasks to queue
[2025-12-01T20:29:03.165+0300] {logging_mixin.py:137} INFO - [2025-12-01T20:29:03.165+0300] {dagbag.py:532} INFO - Filling up the DagBag from /home/pker/airflow_env/lib/python3.7/site-packages/airflow/example_dags/example_subdag_operator.py
[2025-12-01T20:29:03.211+0300] {processor.py:753} INFO - DAG(s) dict_keys(['example_subdag_operator.section-1', 'example_subdag_operator.section-2', 'example_subdag_operator']) retrieved from /home/pker/airflow_env/lib/python3.7/site-packages/airflow/example_dags/example_subdag_operator.py
[2025-12-01T20:29:03.239+0300] {logging_mixin.py:137} INFO - [2025-12-01T20:29:03.239+0300] {dag.py:2705} INFO - Sync 3 DAGs
[2025-12-01T20:29:03.265+0300] {logging_mixin.py:137} INFO - [2025-12-01T20:29:03.265+0300] {dag.py:3456} INFO - Setting next_dagrun for example_subdag_operator to 2022-01-01T00:00:00+00:00, run_after=2022-01-01T00:00:00+00:00
[2025-12-01T20:29:03.270+0300] {logging_mixin.py:137} INFO - [2025-12-01T20:29:03.270+0300] {dag.py:3456} INFO - Setting next_dagrun for example_subdag_operator.section-1 to None, run_after=None
[2025-12-01T20:29:03.271+0300] {logging_mixin.py:137} INFO - [2025-12-01T20:29:03.271+0300] {dag.py:3456} INFO - Setting next_dagrun for example_subdag_operator.section-2 to None, run_after=None
[2025-12-01T20:29:03.278+0300] {logging_mixin.py:137} INFO - [2025-12-01T20:29:03.278+0300] {dag.py:2705} INFO - Sync 2 DAGs
[2025-12-01T20:29:03.285+0300] {logging_mixin.py:137} INFO - [2025-12-01T20:29:03.285+0300] {dag.py:3456} INFO - Setting next_dagrun for example_subdag_operator.section-1 to None, run_after=None
[2025-12-01T20:29:03.285+0300] {logging_mixin.py:137} INFO - [2025-12-01T20:29:03.285+0300] {dag.py:3456} INFO - Setting next_dagrun for example_subdag_operator.section-2 to None, run_after=None
[2025-12-01T20:29:03.315+0300] {processor.py:175} INFO - Processing /home/pker/airflow_env/lib/python3.7/site-packages/airflow/example_dags/example_subdag_operator.py took 0.181 seconds
[2025-12-01T20:29:51.240+0300] {processor.py:153} INFO - Started process (PID=922846) to work on /home/pker/airflow_env/lib/python3.7/site-packages/airflow/example_dags/example_subdag_operator.py
[2025-12-01T20:29:51.243+0300] {processor.py:743} INFO - Processing file /home/pker/airflow_env/lib/python3.7/site-packages/airflow/example_dags/example_subdag_operator.py for tasks to queue
[2025-12-01T20:29:51.245+0300] {logging_mixin.py:137} INFO - [2025-12-01T20:29:51.244+0300] {dagbag.py:532} INFO - Filling up the DagBag from /home/pker/airflow_env/lib/python3.7/site-packages/airflow/example_dags/example_subdag_operator.py
[2025-12-01T20:29:51.285+0300] {processor.py:753} INFO - DAG(s) dict_keys(['example_subdag_operator.section-1', 'example_subdag_operator.section-2', 'example_subdag_operator']) retrieved from /home/pker/airflow_env/lib/python3.7/site-packages/airflow/example_dags/example_subdag_operator.py
[2025-12-01T20:29:51.307+0300] {logging_mixin.py:137} INFO - [2025-12-01T20:29:51.307+0300] {dag.py:2705} INFO - Sync 3 DAGs
[2025-12-01T20:29:51.347+0300] {logging_mixin.py:137} INFO - [2025-12-01T20:29:51.347+0300] {dag.py:3456} INFO - Setting next_dagrun for example_subdag_operator to 2022-01-01T00:00:00+00:00, run_after=2022-01-01T00:00:00+00:00
[2025-12-01T20:29:51.352+0300] {logging_mixin.py:137} INFO - [2025-12-01T20:29:51.352+0300] {dag.py:3456} INFO - Setting next_dagrun for example_subdag_operator.section-1 to None, run_after=None
[2025-12-01T20:29:51.353+0300] {logging_mixin.py:137} INFO - [2025-12-01T20:29:51.353+0300] {dag.py:3456} INFO - Setting next_dagrun for example_subdag_operator.section-2 to None, run_after=None
[2025-12-01T20:29:51.361+0300] {logging_mixin.py:137} INFO - [2025-12-01T20:29:51.361+0300] {dag.py:2705} INFO - Sync 2 DAGs
[2025-12-01T20:29:51.366+0300] {logging_mixin.py:137} INFO - [2025-12-01T20:29:51.366+0300] {dag.py:3456} INFO - Setting next_dagrun for example_subdag_operator.section-1 to None, run_after=None
[2025-12-01T20:29:51.367+0300] {logging_mixin.py:137} INFO - [2025-12-01T20:29:51.367+0300] {dag.py:3456} INFO - Setting next_dagrun for example_subdag_operator.section-2 to None, run_after=None
[2025-12-01T20:29:51.419+0300] {processor.py:175} INFO - Processing /home/pker/airflow_env/lib/python3.7/site-packages/airflow/example_dags/example_subdag_operator.py took 0.188 seconds
[2025-12-01T20:30:41.884+0300] {processor.py:153} INFO - Started process (PID=923025) to work on /home/pker/airflow_env/lib/python3.7/site-packages/airflow/example_dags/example_subdag_operator.py
[2025-12-01T20:30:41.908+0300] {processor.py:743} INFO - Processing file /home/pker/airflow_env/lib/python3.7/site-packages/airflow/example_dags/example_subdag_operator.py for tasks to queue
[2025-12-01T20:30:41.910+0300] {logging_mixin.py:137} INFO - [2025-12-01T20:30:41.910+0300] {dagbag.py:532} INFO - Filling up the DagBag from /home/pker/airflow_env/lib/python3.7/site-packages/airflow/example_dags/example_subdag_operator.py
[2025-12-01T20:30:41.953+0300] {processor.py:753} INFO - DAG(s) dict_keys(['example_subdag_operator.section-1', 'example_subdag_operator.section-2', 'example_subdag_operator']) retrieved from /home/pker/airflow_env/lib/python3.7/site-packages/airflow/example_dags/example_subdag_operator.py
[2025-12-01T20:30:41.976+0300] {logging_mixin.py:137} INFO - [2025-12-01T20:30:41.976+0300] {dag.py:2705} INFO - Sync 3 DAGs
[2025-12-01T20:30:42.005+0300] {logging_mixin.py:137} INFO - [2025-12-01T20:30:42.005+0300] {dag.py:3456} INFO - Setting next_dagrun for example_subdag_operator to 2022-01-01T00:00:00+00:00, run_after=2022-01-01T00:00:00+00:00
[2025-12-01T20:30:42.009+0300] {logging_mixin.py:137} INFO - [2025-12-01T20:30:42.009+0300] {dag.py:3456} INFO - Setting next_dagrun for example_subdag_operator.section-1 to None, run_after=None
[2025-12-01T20:30:42.011+0300] {logging_mixin.py:137} INFO - [2025-12-01T20:30:42.010+0300] {dag.py:3456} INFO - Setting next_dagrun for example_subdag_operator.section-2 to None, run_after=None
[2025-12-01T20:30:42.020+0300] {logging_mixin.py:137} INFO - [2025-12-01T20:30:42.020+0300] {dag.py:2705} INFO - Sync 2 DAGs
[2025-12-01T20:30:42.027+0300] {logging_mixin.py:137} INFO - [2025-12-01T20:30:42.027+0300] {dag.py:3456} INFO - Setting next_dagrun for example_subdag_operator.section-1 to None, run_after=None
[2025-12-01T20:30:42.028+0300] {logging_mixin.py:137} INFO - [2025-12-01T20:30:42.027+0300] {dag.py:3456} INFO - Setting next_dagrun for example_subdag_operator.section-2 to None, run_after=None
[2025-12-01T20:30:42.079+0300] {processor.py:175} INFO - Processing /home/pker/airflow_env/lib/python3.7/site-packages/airflow/example_dags/example_subdag_operator.py took 0.200 seconds
[2025-12-01T20:31:34.060+0300] {processor.py:153} INFO - Started process (PID=923209) to work on /home/pker/airflow_env/lib/python3.7/site-packages/airflow/example_dags/example_subdag_operator.py
[2025-12-01T20:31:34.080+0300] {processor.py:743} INFO - Processing file /home/pker/airflow_env/lib/python3.7/site-packages/airflow/example_dags/example_subdag_operator.py for tasks to queue
[2025-12-01T20:31:34.080+0300] {logging_mixin.py:137} INFO - [2025-12-01T20:31:34.080+0300] {dagbag.py:532} INFO - Filling up the DagBag from /home/pker/airflow_env/lib/python3.7/site-packages/airflow/example_dags/example_subdag_operator.py
[2025-12-01T20:31:34.114+0300] {processor.py:753} INFO - DAG(s) dict_keys(['example_subdag_operator.section-1', 'example_subdag_operator.section-2', 'example_subdag_operator']) retrieved from /home/pker/airflow_env/lib/python3.7/site-packages/airflow/example_dags/example_subdag_operator.py
[2025-12-01T20:31:34.137+0300] {logging_mixin.py:137} INFO - [2025-12-01T20:31:34.137+0300] {dag.py:2705} INFO - Sync 3 DAGs
[2025-12-01T20:31:34.185+0300] {logging_mixin.py:137} INFO - [2025-12-01T20:31:34.185+0300] {dag.py:3456} INFO - Setting next_dagrun for example_subdag_operator to 2022-01-01T00:00:00+00:00, run_after=2022-01-01T00:00:00+00:00
[2025-12-01T20:31:34.197+0300] {logging_mixin.py:137} INFO - [2025-12-01T20:31:34.196+0300] {dag.py:3456} INFO - Setting next_dagrun for example_subdag_operator.section-1 to None, run_after=None
[2025-12-01T20:31:34.199+0300] {logging_mixin.py:137} INFO - [2025-12-01T20:31:34.199+0300] {dag.py:3456} INFO - Setting next_dagrun for example_subdag_operator.section-2 to None, run_after=None
[2025-12-01T20:31:34.215+0300] {logging_mixin.py:137} INFO - [2025-12-01T20:31:34.215+0300] {dag.py:2705} INFO - Sync 2 DAGs
[2025-12-01T20:31:34.222+0300] {logging_mixin.py:137} INFO - [2025-12-01T20:31:34.222+0300] {dag.py:3456} INFO - Setting next_dagrun for example_subdag_operator.section-1 to None, run_after=None
[2025-12-01T20:31:34.222+0300] {logging_mixin.py:137} INFO - [2025-12-01T20:31:34.222+0300] {dag.py:3456} INFO - Setting next_dagrun for example_subdag_operator.section-2 to None, run_after=None
[2025-12-01T20:31:34.272+0300] {processor.py:175} INFO - Processing /home/pker/airflow_env/lib/python3.7/site-packages/airflow/example_dags/example_subdag_operator.py took 0.217 seconds
