[2025-12-01T13:02:53.091+0300] {processor.py:153} INFO - Started process (PID=912933) to work on /home/pker/airflow_env/lib/python3.7/site-packages/airflow/example_dags/example_skip_dag.py
[2025-12-01T13:02:53.094+0300] {processor.py:743} INFO - Processing file /home/pker/airflow_env/lib/python3.7/site-packages/airflow/example_dags/example_skip_dag.py for tasks to queue
[2025-12-01T13:02:53.095+0300] {logging_mixin.py:137} INFO - [2025-12-01T13:02:53.095+0300] {dagbag.py:532} INFO - Filling up the DagBag from /home/pker/airflow_env/lib/python3.7/site-packages/airflow/example_dags/example_skip_dag.py
[2025-12-01T13:02:53.124+0300] {processor.py:753} INFO - DAG(s) dict_keys(['example_skip_dag']) retrieved from /home/pker/airflow_env/lib/python3.7/site-packages/airflow/example_dags/example_skip_dag.py
[2025-12-01T13:02:53.225+0300] {logging_mixin.py:137} INFO - [2025-12-01T13:02:53.225+0300] {dag.py:2705} INFO - Sync 1 DAGs
[2025-12-01T13:02:53.251+0300] {logging_mixin.py:137} INFO - [2025-12-01T13:02:53.250+0300] {dag.py:3456} INFO - Setting next_dagrun for example_skip_dag to 2025-11-30T10:02:53.250670+00:00, run_after=2025-12-01T10:02:53.250670+00:00
[2025-12-01T13:02:53.320+0300] {processor.py:175} INFO - Processing /home/pker/airflow_env/lib/python3.7/site-packages/airflow/example_dags/example_skip_dag.py took 0.241 seconds
[2025-12-01T20:14:39.603+0300] {processor.py:153} INFO - Started process (PID=919367) to work on /home/pker/airflow_env/lib/python3.7/site-packages/airflow/example_dags/example_skip_dag.py
[2025-12-01T20:14:39.626+0300] {processor.py:743} INFO - Processing file /home/pker/airflow_env/lib/python3.7/site-packages/airflow/example_dags/example_skip_dag.py for tasks to queue
[2025-12-01T20:14:39.628+0300] {logging_mixin.py:137} INFO - [2025-12-01T20:14:39.628+0300] {dagbag.py:532} INFO - Filling up the DagBag from /home/pker/airflow_env/lib/python3.7/site-packages/airflow/example_dags/example_skip_dag.py
[2025-12-01T20:14:39.646+0300] {processor.py:753} INFO - DAG(s) dict_keys(['example_skip_dag']) retrieved from /home/pker/airflow_env/lib/python3.7/site-packages/airflow/example_dags/example_skip_dag.py
[2025-12-01T20:14:39.673+0300] {logging_mixin.py:137} INFO - [2025-12-01T20:14:39.673+0300] {dag.py:2705} INFO - Sync 1 DAGs
[2025-12-01T20:14:39.707+0300] {logging_mixin.py:137} INFO - [2025-12-01T20:14:39.707+0300] {dag.py:3456} INFO - Setting next_dagrun for example_skip_dag to 2025-11-30T17:14:39.706894+00:00, run_after=2025-12-01T17:14:39.706894+00:00
[2025-12-01T20:14:39.749+0300] {processor.py:175} INFO - Processing /home/pker/airflow_env/lib/python3.7/site-packages/airflow/example_dags/example_skip_dag.py took 0.153 seconds
[2025-12-01T20:15:37.639+0300] {processor.py:153} INFO - Started process (PID=919724) to work on /home/pker/airflow_env/lib/python3.7/site-packages/airflow/example_dags/example_skip_dag.py
[2025-12-01T20:15:37.661+0300] {processor.py:743} INFO - Processing file /home/pker/airflow_env/lib/python3.7/site-packages/airflow/example_dags/example_skip_dag.py for tasks to queue
[2025-12-01T20:15:37.663+0300] {logging_mixin.py:137} INFO - [2025-12-01T20:15:37.663+0300] {dagbag.py:532} INFO - Filling up the DagBag from /home/pker/airflow_env/lib/python3.7/site-packages/airflow/example_dags/example_skip_dag.py
[2025-12-01T20:15:37.691+0300] {processor.py:753} INFO - DAG(s) dict_keys(['example_skip_dag']) retrieved from /home/pker/airflow_env/lib/python3.7/site-packages/airflow/example_dags/example_skip_dag.py
[2025-12-01T20:15:37.718+0300] {logging_mixin.py:137} INFO - [2025-12-01T20:15:37.718+0300] {dag.py:2705} INFO - Sync 1 DAGs
[2025-12-01T20:15:37.744+0300] {logging_mixin.py:137} INFO - [2025-12-01T20:15:37.744+0300] {dag.py:3456} INFO - Setting next_dagrun for example_skip_dag to 2025-11-30T17:15:37.743850+00:00, run_after=2025-12-01T17:15:37.743850+00:00
[2025-12-01T20:15:37.772+0300] {processor.py:175} INFO - Processing /home/pker/airflow_env/lib/python3.7/site-packages/airflow/example_dags/example_skip_dag.py took 0.138 seconds
[2025-12-01T20:16:34.768+0300] {processor.py:153} INFO - Started process (PID=919920) to work on /home/pker/airflow_env/lib/python3.7/site-packages/airflow/example_dags/example_skip_dag.py
[2025-12-01T20:16:34.791+0300] {processor.py:743} INFO - Processing file /home/pker/airflow_env/lib/python3.7/site-packages/airflow/example_dags/example_skip_dag.py for tasks to queue
[2025-12-01T20:16:34.793+0300] {logging_mixin.py:137} INFO - [2025-12-01T20:16:34.793+0300] {dagbag.py:532} INFO - Filling up the DagBag from /home/pker/airflow_env/lib/python3.7/site-packages/airflow/example_dags/example_skip_dag.py
[2025-12-01T20:16:34.821+0300] {processor.py:753} INFO - DAG(s) dict_keys(['example_skip_dag']) retrieved from /home/pker/airflow_env/lib/python3.7/site-packages/airflow/example_dags/example_skip_dag.py
[2025-12-01T20:16:34.854+0300] {logging_mixin.py:137} INFO - [2025-12-01T20:16:34.854+0300] {dag.py:2705} INFO - Sync 1 DAGs
[2025-12-01T20:16:34.880+0300] {logging_mixin.py:137} INFO - [2025-12-01T20:16:34.880+0300] {dag.py:3456} INFO - Setting next_dagrun for example_skip_dag to 2025-11-30T17:16:34.880307+00:00, run_after=2025-12-01T17:16:34.880307+00:00
[2025-12-01T20:16:34.914+0300] {processor.py:175} INFO - Processing /home/pker/airflow_env/lib/python3.7/site-packages/airflow/example_dags/example_skip_dag.py took 0.156 seconds
[2025-12-01T20:17:26.230+0300] {processor.py:153} INFO - Started process (PID=920108) to work on /home/pker/airflow_env/lib/python3.7/site-packages/airflow/example_dags/example_skip_dag.py
[2025-12-01T20:17:26.253+0300] {processor.py:743} INFO - Processing file /home/pker/airflow_env/lib/python3.7/site-packages/airflow/example_dags/example_skip_dag.py for tasks to queue
[2025-12-01T20:17:26.256+0300] {logging_mixin.py:137} INFO - [2025-12-01T20:17:26.256+0300] {dagbag.py:532} INFO - Filling up the DagBag from /home/pker/airflow_env/lib/python3.7/site-packages/airflow/example_dags/example_skip_dag.py
[2025-12-01T20:17:26.280+0300] {processor.py:753} INFO - DAG(s) dict_keys(['example_skip_dag']) retrieved from /home/pker/airflow_env/lib/python3.7/site-packages/airflow/example_dags/example_skip_dag.py
[2025-12-01T20:17:26.309+0300] {logging_mixin.py:137} INFO - [2025-12-01T20:17:26.309+0300] {dag.py:2705} INFO - Sync 1 DAGs
[2025-12-01T20:17:26.335+0300] {logging_mixin.py:137} INFO - [2025-12-01T20:17:26.335+0300] {dag.py:3456} INFO - Setting next_dagrun for example_skip_dag to 2025-11-30T17:17:26.335270+00:00, run_after=2025-12-01T17:17:26.335270+00:00
[2025-12-01T20:17:26.363+0300] {processor.py:175} INFO - Processing /home/pker/airflow_env/lib/python3.7/site-packages/airflow/example_dags/example_skip_dag.py took 0.138 seconds
[2025-12-01T20:18:15.675+0300] {processor.py:153} INFO - Started process (PID=920285) to work on /home/pker/airflow_env/lib/python3.7/site-packages/airflow/example_dags/example_skip_dag.py
[2025-12-01T20:18:15.699+0300] {processor.py:743} INFO - Processing file /home/pker/airflow_env/lib/python3.7/site-packages/airflow/example_dags/example_skip_dag.py for tasks to queue
[2025-12-01T20:18:15.702+0300] {logging_mixin.py:137} INFO - [2025-12-01T20:18:15.701+0300] {dagbag.py:532} INFO - Filling up the DagBag from /home/pker/airflow_env/lib/python3.7/site-packages/airflow/example_dags/example_skip_dag.py
[2025-12-01T20:18:15.727+0300] {processor.py:753} INFO - DAG(s) dict_keys(['example_skip_dag']) retrieved from /home/pker/airflow_env/lib/python3.7/site-packages/airflow/example_dags/example_skip_dag.py
[2025-12-01T20:18:15.760+0300] {logging_mixin.py:137} INFO - [2025-12-01T20:18:15.760+0300] {dag.py:2705} INFO - Sync 1 DAGs
[2025-12-01T20:18:15.795+0300] {logging_mixin.py:137} INFO - [2025-12-01T20:18:15.794+0300] {dag.py:3456} INFO - Setting next_dagrun for example_skip_dag to 2025-11-30T17:18:15.794675+00:00, run_after=2025-12-01T17:18:15.794675+00:00
[2025-12-01T20:18:15.857+0300] {processor.py:175} INFO - Processing /home/pker/airflow_env/lib/python3.7/site-packages/airflow/example_dags/example_skip_dag.py took 0.188 seconds
[2025-12-01T20:19:05.546+0300] {processor.py:153} INFO - Started process (PID=920464) to work on /home/pker/airflow_env/lib/python3.7/site-packages/airflow/example_dags/example_skip_dag.py
[2025-12-01T20:19:05.569+0300] {processor.py:743} INFO - Processing file /home/pker/airflow_env/lib/python3.7/site-packages/airflow/example_dags/example_skip_dag.py for tasks to queue
[2025-12-01T20:19:05.572+0300] {logging_mixin.py:137} INFO - [2025-12-01T20:19:05.571+0300] {dagbag.py:532} INFO - Filling up the DagBag from /home/pker/airflow_env/lib/python3.7/site-packages/airflow/example_dags/example_skip_dag.py
[2025-12-01T20:19:05.600+0300] {processor.py:753} INFO - DAG(s) dict_keys(['example_skip_dag']) retrieved from /home/pker/airflow_env/lib/python3.7/site-packages/airflow/example_dags/example_skip_dag.py
[2025-12-01T20:19:05.632+0300] {logging_mixin.py:137} INFO - [2025-12-01T20:19:05.632+0300] {dag.py:2705} INFO - Sync 1 DAGs
[2025-12-01T20:19:05.663+0300] {logging_mixin.py:137} INFO - [2025-12-01T20:19:05.662+0300] {dag.py:3456} INFO - Setting next_dagrun for example_skip_dag to 2025-11-30T17:19:05.662473+00:00, run_after=2025-12-01T17:19:05.662473+00:00
[2025-12-01T20:19:05.708+0300] {processor.py:175} INFO - Processing /home/pker/airflow_env/lib/python3.7/site-packages/airflow/example_dags/example_skip_dag.py took 0.167 seconds
[2025-12-01T20:19:51.067+0300] {processor.py:153} INFO - Started process (PID=920656) to work on /home/pker/airflow_env/lib/python3.7/site-packages/airflow/example_dags/example_skip_dag.py
[2025-12-01T20:19:51.091+0300] {processor.py:743} INFO - Processing file /home/pker/airflow_env/lib/python3.7/site-packages/airflow/example_dags/example_skip_dag.py for tasks to queue
[2025-12-01T20:19:51.093+0300] {logging_mixin.py:137} INFO - [2025-12-01T20:19:51.093+0300] {dagbag.py:532} INFO - Filling up the DagBag from /home/pker/airflow_env/lib/python3.7/site-packages/airflow/example_dags/example_skip_dag.py
[2025-12-01T20:19:51.117+0300] {processor.py:753} INFO - DAG(s) dict_keys(['example_skip_dag']) retrieved from /home/pker/airflow_env/lib/python3.7/site-packages/airflow/example_dags/example_skip_dag.py
[2025-12-01T20:19:51.148+0300] {logging_mixin.py:137} INFO - [2025-12-01T20:19:51.148+0300] {dag.py:2705} INFO - Sync 1 DAGs
[2025-12-01T20:19:51.180+0300] {logging_mixin.py:137} INFO - [2025-12-01T20:19:51.179+0300] {dag.py:3456} INFO - Setting next_dagrun for example_skip_dag to 2025-11-30T17:19:51.179698+00:00, run_after=2025-12-01T17:19:51.179698+00:00
[2025-12-01T20:19:51.239+0300] {processor.py:175} INFO - Processing /home/pker/airflow_env/lib/python3.7/site-packages/airflow/example_dags/example_skip_dag.py took 0.177 seconds
[2025-12-01T20:20:39.487+0300] {processor.py:153} INFO - Started process (PID=920822) to work on /home/pker/airflow_env/lib/python3.7/site-packages/airflow/example_dags/example_skip_dag.py
[2025-12-01T20:20:39.488+0300] {processor.py:743} INFO - Processing file /home/pker/airflow_env/lib/python3.7/site-packages/airflow/example_dags/example_skip_dag.py for tasks to queue
[2025-12-01T20:20:39.489+0300] {logging_mixin.py:137} INFO - [2025-12-01T20:20:39.489+0300] {dagbag.py:532} INFO - Filling up the DagBag from /home/pker/airflow_env/lib/python3.7/site-packages/airflow/example_dags/example_skip_dag.py
[2025-12-01T20:20:39.511+0300] {processor.py:753} INFO - DAG(s) dict_keys(['example_skip_dag']) retrieved from /home/pker/airflow_env/lib/python3.7/site-packages/airflow/example_dags/example_skip_dag.py
[2025-12-01T20:20:39.536+0300] {logging_mixin.py:137} INFO - [2025-12-01T20:20:39.536+0300] {dag.py:2705} INFO - Sync 1 DAGs
[2025-12-01T20:20:39.581+0300] {logging_mixin.py:137} INFO - [2025-12-01T20:20:39.581+0300] {dag.py:3456} INFO - Setting next_dagrun for example_skip_dag to 2025-11-30T17:20:39.580416+00:00, run_after=2025-12-01T17:20:39.580416+00:00
[2025-12-01T20:20:39.648+0300] {processor.py:175} INFO - Processing /home/pker/airflow_env/lib/python3.7/site-packages/airflow/example_dags/example_skip_dag.py took 0.164 seconds
[2025-12-01T20:21:25.975+0300] {processor.py:153} INFO - Started process (PID=920991) to work on /home/pker/airflow_env/lib/python3.7/site-packages/airflow/example_dags/example_skip_dag.py
[2025-12-01T20:21:25.998+0300] {processor.py:743} INFO - Processing file /home/pker/airflow_env/lib/python3.7/site-packages/airflow/example_dags/example_skip_dag.py for tasks to queue
[2025-12-01T20:21:26.000+0300] {logging_mixin.py:137} INFO - [2025-12-01T20:21:26.000+0300] {dagbag.py:532} INFO - Filling up the DagBag from /home/pker/airflow_env/lib/python3.7/site-packages/airflow/example_dags/example_skip_dag.py
[2025-12-01T20:21:26.025+0300] {processor.py:753} INFO - DAG(s) dict_keys(['example_skip_dag']) retrieved from /home/pker/airflow_env/lib/python3.7/site-packages/airflow/example_dags/example_skip_dag.py
[2025-12-01T20:21:26.053+0300] {logging_mixin.py:137} INFO - [2025-12-01T20:21:26.053+0300] {dag.py:2705} INFO - Sync 1 DAGs
[2025-12-01T20:21:26.088+0300] {logging_mixin.py:137} INFO - [2025-12-01T20:21:26.088+0300] {dag.py:3456} INFO - Setting next_dagrun for example_skip_dag to 2025-11-30T17:21:26.087809+00:00, run_after=2025-12-01T17:21:26.087809+00:00
[2025-12-01T20:21:26.155+0300] {processor.py:175} INFO - Processing /home/pker/airflow_env/lib/python3.7/site-packages/airflow/example_dags/example_skip_dag.py took 0.186 seconds
[2025-12-01T20:22:15.016+0300] {processor.py:153} INFO - Started process (PID=921160) to work on /home/pker/airflow_env/lib/python3.7/site-packages/airflow/example_dags/example_skip_dag.py
[2025-12-01T20:22:15.040+0300] {processor.py:743} INFO - Processing file /home/pker/airflow_env/lib/python3.7/site-packages/airflow/example_dags/example_skip_dag.py for tasks to queue
[2025-12-01T20:22:15.042+0300] {logging_mixin.py:137} INFO - [2025-12-01T20:22:15.042+0300] {dagbag.py:532} INFO - Filling up the DagBag from /home/pker/airflow_env/lib/python3.7/site-packages/airflow/example_dags/example_skip_dag.py
[2025-12-01T20:22:15.065+0300] {processor.py:753} INFO - DAG(s) dict_keys(['example_skip_dag']) retrieved from /home/pker/airflow_env/lib/python3.7/site-packages/airflow/example_dags/example_skip_dag.py
[2025-12-01T20:22:15.095+0300] {logging_mixin.py:137} INFO - [2025-12-01T20:22:15.095+0300] {dag.py:2705} INFO - Sync 1 DAGs
[2025-12-01T20:22:15.122+0300] {logging_mixin.py:137} INFO - [2025-12-01T20:22:15.122+0300] {dag.py:3456} INFO - Setting next_dagrun for example_skip_dag to 2025-11-30T17:22:15.121743+00:00, run_after=2025-12-01T17:22:15.121743+00:00
[2025-12-01T20:22:15.150+0300] {processor.py:175} INFO - Processing /home/pker/airflow_env/lib/python3.7/site-packages/airflow/example_dags/example_skip_dag.py took 0.139 seconds
[2025-12-01T20:23:04.929+0300] {processor.py:153} INFO - Started process (PID=921341) to work on /home/pker/airflow_env/lib/python3.7/site-packages/airflow/example_dags/example_skip_dag.py
[2025-12-01T20:23:04.931+0300] {processor.py:743} INFO - Processing file /home/pker/airflow_env/lib/python3.7/site-packages/airflow/example_dags/example_skip_dag.py for tasks to queue
[2025-12-01T20:23:04.933+0300] {logging_mixin.py:137} INFO - [2025-12-01T20:23:04.932+0300] {dagbag.py:532} INFO - Filling up the DagBag from /home/pker/airflow_env/lib/python3.7/site-packages/airflow/example_dags/example_skip_dag.py
[2025-12-01T20:23:04.956+0300] {processor.py:753} INFO - DAG(s) dict_keys(['example_skip_dag']) retrieved from /home/pker/airflow_env/lib/python3.7/site-packages/airflow/example_dags/example_skip_dag.py
[2025-12-01T20:23:04.983+0300] {logging_mixin.py:137} INFO - [2025-12-01T20:23:04.983+0300] {dag.py:2705} INFO - Sync 1 DAGs
[2025-12-01T20:23:05.009+0300] {logging_mixin.py:137} INFO - [2025-12-01T20:23:05.009+0300] {dag.py:3456} INFO - Setting next_dagrun for example_skip_dag to 2025-11-30T17:23:05.009199+00:00, run_after=2025-12-01T17:23:05.009199+00:00
[2025-12-01T20:23:05.043+0300] {processor.py:175} INFO - Processing /home/pker/airflow_env/lib/python3.7/site-packages/airflow/example_dags/example_skip_dag.py took 0.119 seconds
[2025-12-01T20:23:57.420+0300] {processor.py:153} INFO - Started process (PID=921529) to work on /home/pker/airflow_env/lib/python3.7/site-packages/airflow/example_dags/example_skip_dag.py
[2025-12-01T20:23:57.442+0300] {processor.py:743} INFO - Processing file /home/pker/airflow_env/lib/python3.7/site-packages/airflow/example_dags/example_skip_dag.py for tasks to queue
[2025-12-01T20:23:57.444+0300] {logging_mixin.py:137} INFO - [2025-12-01T20:23:57.444+0300] {dagbag.py:532} INFO - Filling up the DagBag from /home/pker/airflow_env/lib/python3.7/site-packages/airflow/example_dags/example_skip_dag.py
[2025-12-01T20:23:57.469+0300] {processor.py:753} INFO - DAG(s) dict_keys(['example_skip_dag']) retrieved from /home/pker/airflow_env/lib/python3.7/site-packages/airflow/example_dags/example_skip_dag.py
[2025-12-01T20:23:57.495+0300] {logging_mixin.py:137} INFO - [2025-12-01T20:23:57.495+0300] {dag.py:2705} INFO - Sync 1 DAGs
[2025-12-01T20:23:57.521+0300] {logging_mixin.py:137} INFO - [2025-12-01T20:23:57.521+0300] {dag.py:3456} INFO - Setting next_dagrun for example_skip_dag to 2025-11-30T17:23:57.521031+00:00, run_after=2025-12-01T17:23:57.521031+00:00
[2025-12-01T20:23:57.556+0300] {processor.py:175} INFO - Processing /home/pker/airflow_env/lib/python3.7/site-packages/airflow/example_dags/example_skip_dag.py took 0.141 seconds
[2025-12-01T20:24:47.703+0300] {processor.py:153} INFO - Started process (PID=921723) to work on /home/pker/airflow_env/lib/python3.7/site-packages/airflow/example_dags/example_skip_dag.py
[2025-12-01T20:24:47.706+0300] {processor.py:743} INFO - Processing file /home/pker/airflow_env/lib/python3.7/site-packages/airflow/example_dags/example_skip_dag.py for tasks to queue
[2025-12-01T20:24:47.708+0300] {logging_mixin.py:137} INFO - [2025-12-01T20:24:47.707+0300] {dagbag.py:532} INFO - Filling up the DagBag from /home/pker/airflow_env/lib/python3.7/site-packages/airflow/example_dags/example_skip_dag.py
[2025-12-01T20:24:47.730+0300] {processor.py:753} INFO - DAG(s) dict_keys(['example_skip_dag']) retrieved from /home/pker/airflow_env/lib/python3.7/site-packages/airflow/example_dags/example_skip_dag.py
[2025-12-01T20:24:47.757+0300] {logging_mixin.py:137} INFO - [2025-12-01T20:24:47.757+0300] {dag.py:2705} INFO - Sync 1 DAGs
[2025-12-01T20:24:47.793+0300] {logging_mixin.py:137} INFO - [2025-12-01T20:24:47.793+0300] {dag.py:3456} INFO - Setting next_dagrun for example_skip_dag to 2025-11-30T17:24:47.792711+00:00, run_after=2025-12-01T17:24:47.792711+00:00
[2025-12-01T20:24:47.825+0300] {processor.py:175} INFO - Processing /home/pker/airflow_env/lib/python3.7/site-packages/airflow/example_dags/example_skip_dag.py took 0.129 seconds
[2025-12-01T20:25:38.048+0300] {processor.py:153} INFO - Started process (PID=921909) to work on /home/pker/airflow_env/lib/python3.7/site-packages/airflow/example_dags/example_skip_dag.py
[2025-12-01T20:25:38.050+0300] {processor.py:743} INFO - Processing file /home/pker/airflow_env/lib/python3.7/site-packages/airflow/example_dags/example_skip_dag.py for tasks to queue
[2025-12-01T20:25:38.052+0300] {logging_mixin.py:137} INFO - [2025-12-01T20:25:38.052+0300] {dagbag.py:532} INFO - Filling up the DagBag from /home/pker/airflow_env/lib/python3.7/site-packages/airflow/example_dags/example_skip_dag.py
[2025-12-01T20:25:38.077+0300] {processor.py:753} INFO - DAG(s) dict_keys(['example_skip_dag']) retrieved from /home/pker/airflow_env/lib/python3.7/site-packages/airflow/example_dags/example_skip_dag.py
[2025-12-01T20:25:38.101+0300] {logging_mixin.py:137} INFO - [2025-12-01T20:25:38.101+0300] {dag.py:2705} INFO - Sync 1 DAGs
[2025-12-01T20:25:38.128+0300] {logging_mixin.py:137} INFO - [2025-12-01T20:25:38.128+0300] {dag.py:3456} INFO - Setting next_dagrun for example_skip_dag to 2025-11-30T17:25:38.128186+00:00, run_after=2025-12-01T17:25:38.128186+00:00
[2025-12-01T20:25:38.156+0300] {processor.py:175} INFO - Processing /home/pker/airflow_env/lib/python3.7/site-packages/airflow/example_dags/example_skip_dag.py took 0.115 seconds
[2025-12-01T20:26:23.022+0300] {processor.py:153} INFO - Started process (PID=922068) to work on /home/pker/airflow_env/lib/python3.7/site-packages/airflow/example_dags/example_skip_dag.py
[2025-12-01T20:26:23.046+0300] {processor.py:743} INFO - Processing file /home/pker/airflow_env/lib/python3.7/site-packages/airflow/example_dags/example_skip_dag.py for tasks to queue
[2025-12-01T20:26:23.049+0300] {logging_mixin.py:137} INFO - [2025-12-01T20:26:23.048+0300] {dagbag.py:532} INFO - Filling up the DagBag from /home/pker/airflow_env/lib/python3.7/site-packages/airflow/example_dags/example_skip_dag.py
[2025-12-01T20:26:23.072+0300] {processor.py:753} INFO - DAG(s) dict_keys(['example_skip_dag']) retrieved from /home/pker/airflow_env/lib/python3.7/site-packages/airflow/example_dags/example_skip_dag.py
[2025-12-01T20:26:23.100+0300] {logging_mixin.py:137} INFO - [2025-12-01T20:26:23.100+0300] {dag.py:2705} INFO - Sync 1 DAGs
[2025-12-01T20:26:23.127+0300] {logging_mixin.py:137} INFO - [2025-12-01T20:26:23.127+0300] {dag.py:3456} INFO - Setting next_dagrun for example_skip_dag to 2025-11-30T17:26:23.127015+00:00, run_after=2025-12-01T17:26:23.127015+00:00
[2025-12-01T20:26:23.158+0300] {processor.py:175} INFO - Processing /home/pker/airflow_env/lib/python3.7/site-packages/airflow/example_dags/example_skip_dag.py took 0.141 seconds
[2025-12-01T20:27:07.651+0300] {processor.py:153} INFO - Started process (PID=922231) to work on /home/pker/airflow_env/lib/python3.7/site-packages/airflow/example_dags/example_skip_dag.py
[2025-12-01T20:27:07.656+0300] {processor.py:743} INFO - Processing file /home/pker/airflow_env/lib/python3.7/site-packages/airflow/example_dags/example_skip_dag.py for tasks to queue
[2025-12-01T20:27:07.660+0300] {logging_mixin.py:137} INFO - [2025-12-01T20:27:07.658+0300] {dagbag.py:532} INFO - Filling up the DagBag from /home/pker/airflow_env/lib/python3.7/site-packages/airflow/example_dags/example_skip_dag.py
[2025-12-01T20:27:07.714+0300] {processor.py:753} INFO - DAG(s) dict_keys(['example_skip_dag']) retrieved from /home/pker/airflow_env/lib/python3.7/site-packages/airflow/example_dags/example_skip_dag.py
[2025-12-01T20:27:07.765+0300] {logging_mixin.py:137} INFO - [2025-12-01T20:27:07.765+0300] {dag.py:2705} INFO - Sync 1 DAGs
[2025-12-01T20:27:07.809+0300] {logging_mixin.py:137} INFO - [2025-12-01T20:27:07.809+0300] {dag.py:3456} INFO - Setting next_dagrun for example_skip_dag to 2025-11-30T17:27:07.808831+00:00, run_after=2025-12-01T17:27:07.808831+00:00
[2025-12-01T20:27:07.839+0300] {processor.py:175} INFO - Processing /home/pker/airflow_env/lib/python3.7/site-packages/airflow/example_dags/example_skip_dag.py took 0.193 seconds
[2025-12-01T20:27:58.263+0300] {processor.py:153} INFO - Started process (PID=922413) to work on /home/pker/airflow_env/lib/python3.7/site-packages/airflow/example_dags/example_skip_dag.py
[2025-12-01T20:27:58.286+0300] {processor.py:743} INFO - Processing file /home/pker/airflow_env/lib/python3.7/site-packages/airflow/example_dags/example_skip_dag.py for tasks to queue
[2025-12-01T20:27:58.288+0300] {logging_mixin.py:137} INFO - [2025-12-01T20:27:58.288+0300] {dagbag.py:532} INFO - Filling up the DagBag from /home/pker/airflow_env/lib/python3.7/site-packages/airflow/example_dags/example_skip_dag.py
[2025-12-01T20:27:58.323+0300] {processor.py:753} INFO - DAG(s) dict_keys(['example_skip_dag']) retrieved from /home/pker/airflow_env/lib/python3.7/site-packages/airflow/example_dags/example_skip_dag.py
[2025-12-01T20:27:58.376+0300] {logging_mixin.py:137} INFO - [2025-12-01T20:27:58.376+0300] {dag.py:2705} INFO - Sync 1 DAGs
[2025-12-01T20:27:58.422+0300] {logging_mixin.py:137} INFO - [2025-12-01T20:27:58.422+0300] {dag.py:3456} INFO - Setting next_dagrun for example_skip_dag to 2025-11-30T17:27:58.421659+00:00, run_after=2025-12-01T17:27:58.421659+00:00
[2025-12-01T20:27:58.481+0300] {processor.py:175} INFO - Processing /home/pker/airflow_env/lib/python3.7/site-packages/airflow/example_dags/example_skip_dag.py took 0.225 seconds
[2025-12-01T20:28:43.512+0300] {processor.py:153} INFO - Started process (PID=922580) to work on /home/pker/airflow_env/lib/python3.7/site-packages/airflow/example_dags/example_skip_dag.py
[2025-12-01T20:28:43.535+0300] {processor.py:743} INFO - Processing file /home/pker/airflow_env/lib/python3.7/site-packages/airflow/example_dags/example_skip_dag.py for tasks to queue
[2025-12-01T20:28:43.537+0300] {logging_mixin.py:137} INFO - [2025-12-01T20:28:43.537+0300] {dagbag.py:532} INFO - Filling up the DagBag from /home/pker/airflow_env/lib/python3.7/site-packages/airflow/example_dags/example_skip_dag.py
[2025-12-01T20:28:43.561+0300] {processor.py:753} INFO - DAG(s) dict_keys(['example_skip_dag']) retrieved from /home/pker/airflow_env/lib/python3.7/site-packages/airflow/example_dags/example_skip_dag.py
[2025-12-01T20:28:43.589+0300] {logging_mixin.py:137} INFO - [2025-12-01T20:28:43.589+0300] {dag.py:2705} INFO - Sync 1 DAGs
[2025-12-01T20:28:43.622+0300] {logging_mixin.py:137} INFO - [2025-12-01T20:28:43.622+0300] {dag.py:3456} INFO - Setting next_dagrun for example_skip_dag to 2025-11-30T17:28:43.622223+00:00, run_after=2025-12-01T17:28:43.622223+00:00
[2025-12-01T20:28:43.653+0300] {processor.py:175} INFO - Processing /home/pker/airflow_env/lib/python3.7/site-packages/airflow/example_dags/example_skip_dag.py took 0.147 seconds
[2025-12-01T20:29:28.501+0300] {processor.py:153} INFO - Started process (PID=922764) to work on /home/pker/airflow_env/lib/python3.7/site-packages/airflow/example_dags/example_skip_dag.py
[2025-12-01T20:29:28.522+0300] {processor.py:743} INFO - Processing file /home/pker/airflow_env/lib/python3.7/site-packages/airflow/example_dags/example_skip_dag.py for tasks to queue
[2025-12-01T20:29:28.524+0300] {logging_mixin.py:137} INFO - [2025-12-01T20:29:28.523+0300] {dagbag.py:532} INFO - Filling up the DagBag from /home/pker/airflow_env/lib/python3.7/site-packages/airflow/example_dags/example_skip_dag.py
[2025-12-01T20:29:28.550+0300] {processor.py:753} INFO - DAG(s) dict_keys(['example_skip_dag']) retrieved from /home/pker/airflow_env/lib/python3.7/site-packages/airflow/example_dags/example_skip_dag.py
[2025-12-01T20:29:28.575+0300] {logging_mixin.py:137} INFO - [2025-12-01T20:29:28.575+0300] {dag.py:2705} INFO - Sync 1 DAGs
[2025-12-01T20:29:28.602+0300] {logging_mixin.py:137} INFO - [2025-12-01T20:29:28.602+0300] {dag.py:3456} INFO - Setting next_dagrun for example_skip_dag to 2025-11-30T17:29:28.602253+00:00, run_after=2025-12-01T17:29:28.602253+00:00
[2025-12-01T20:29:28.633+0300] {processor.py:175} INFO - Processing /home/pker/airflow_env/lib/python3.7/site-packages/airflow/example_dags/example_skip_dag.py took 0.137 seconds
[2025-12-01T20:30:18.520+0300] {processor.py:153} INFO - Started process (PID=922941) to work on /home/pker/airflow_env/lib/python3.7/site-packages/airflow/example_dags/example_skip_dag.py
[2025-12-01T20:30:18.544+0300] {processor.py:743} INFO - Processing file /home/pker/airflow_env/lib/python3.7/site-packages/airflow/example_dags/example_skip_dag.py for tasks to queue
[2025-12-01T20:30:18.546+0300] {logging_mixin.py:137} INFO - [2025-12-01T20:30:18.546+0300] {dagbag.py:532} INFO - Filling up the DagBag from /home/pker/airflow_env/lib/python3.7/site-packages/airflow/example_dags/example_skip_dag.py
[2025-12-01T20:30:18.570+0300] {processor.py:753} INFO - DAG(s) dict_keys(['example_skip_dag']) retrieved from /home/pker/airflow_env/lib/python3.7/site-packages/airflow/example_dags/example_skip_dag.py
[2025-12-01T20:30:18.598+0300] {logging_mixin.py:137} INFO - [2025-12-01T20:30:18.598+0300] {dag.py:2705} INFO - Sync 1 DAGs
[2025-12-01T20:30:18.624+0300] {logging_mixin.py:137} INFO - [2025-12-01T20:30:18.624+0300] {dag.py:3456} INFO - Setting next_dagrun for example_skip_dag to 2025-11-30T17:30:18.624530+00:00, run_after=2025-12-01T17:30:18.624530+00:00
[2025-12-01T20:30:18.652+0300] {processor.py:175} INFO - Processing /home/pker/airflow_env/lib/python3.7/site-packages/airflow/example_dags/example_skip_dag.py took 0.137 seconds
[2025-12-01T20:31:10.850+0300] {processor.py:153} INFO - Started process (PID=923129) to work on /home/pker/airflow_env/lib/python3.7/site-packages/airflow/example_dags/example_skip_dag.py
[2025-12-01T20:31:10.871+0300] {processor.py:743} INFO - Processing file /home/pker/airflow_env/lib/python3.7/site-packages/airflow/example_dags/example_skip_dag.py for tasks to queue
[2025-12-01T20:31:10.873+0300] {logging_mixin.py:137} INFO - [2025-12-01T20:31:10.872+0300] {dagbag.py:532} INFO - Filling up the DagBag from /home/pker/airflow_env/lib/python3.7/site-packages/airflow/example_dags/example_skip_dag.py
[2025-12-01T20:31:10.899+0300] {processor.py:753} INFO - DAG(s) dict_keys(['example_skip_dag']) retrieved from /home/pker/airflow_env/lib/python3.7/site-packages/airflow/example_dags/example_skip_dag.py
[2025-12-01T20:31:10.926+0300] {logging_mixin.py:137} INFO - [2025-12-01T20:31:10.926+0300] {dag.py:2705} INFO - Sync 1 DAGs
[2025-12-01T20:31:10.952+0300] {logging_mixin.py:137} INFO - [2025-12-01T20:31:10.951+0300] {dag.py:3456} INFO - Setting next_dagrun for example_skip_dag to 2025-11-30T17:31:10.951692+00:00, run_after=2025-12-01T17:31:10.951692+00:00
[2025-12-01T20:31:10.983+0300] {processor.py:175} INFO - Processing /home/pker/airflow_env/lib/python3.7/site-packages/airflow/example_dags/example_skip_dag.py took 0.139 seconds
