[2025-12-01T20:15:17.534+0300] {processor.py:153} INFO - Started process (PID=919641) to work on /home/pker/airflow_env/lib/python3.7/site-packages/airflow/example_dags/example_params_ui_tutorial.py
[2025-12-01T20:15:17.535+0300] {processor.py:743} INFO - Processing file /home/pker/airflow_env/lib/python3.7/site-packages/airflow/example_dags/example_params_ui_tutorial.py for tasks to queue
[2025-12-01T20:15:17.536+0300] {logging_mixin.py:137} INFO - [2025-12-01T20:15:17.536+0300] {dagbag.py:532} INFO - Filling up the DagBag from /home/pker/airflow_env/lib/python3.7/site-packages/airflow/example_dags/example_params_ui_tutorial.py
[2025-12-01T20:15:17.597+0300] {processor.py:753} INFO - DAG(s) dict_keys(['example_params_ui_tutorial']) retrieved from /home/pker/airflow_env/lib/python3.7/site-packages/airflow/example_dags/example_params_ui_tutorial.py
[2025-12-01T20:15:17.724+0300] {logging_mixin.py:137} INFO - [2025-12-01T20:15:17.724+0300] {dag.py:2705} INFO - Sync 1 DAGs
[2025-12-01T20:15:17.758+0300] {logging_mixin.py:137} INFO - [2025-12-01T20:15:17.757+0300] {dag.py:3456} INFO - Setting next_dagrun for example_params_ui_tutorial to None, run_after=None
[2025-12-01T20:15:17.828+0300] {processor.py:175} INFO - Processing /home/pker/airflow_env/lib/python3.7/site-packages/airflow/example_dags/example_params_ui_tutorial.py took 0.297 seconds
[2025-12-01T20:16:13.344+0300] {processor.py:153} INFO - Started process (PID=919846) to work on /home/pker/airflow_env/lib/python3.7/site-packages/airflow/example_dags/example_params_ui_tutorial.py
[2025-12-01T20:16:13.365+0300] {processor.py:743} INFO - Processing file /home/pker/airflow_env/lib/python3.7/site-packages/airflow/example_dags/example_params_ui_tutorial.py for tasks to queue
[2025-12-01T20:16:13.366+0300] {logging_mixin.py:137} INFO - [2025-12-01T20:16:13.366+0300] {dagbag.py:532} INFO - Filling up the DagBag from /home/pker/airflow_env/lib/python3.7/site-packages/airflow/example_dags/example_params_ui_tutorial.py
[2025-12-01T20:16:13.450+0300] {processor.py:753} INFO - DAG(s) dict_keys(['example_params_ui_tutorial']) retrieved from /home/pker/airflow_env/lib/python3.7/site-packages/airflow/example_dags/example_params_ui_tutorial.py
[2025-12-01T20:16:13.578+0300] {logging_mixin.py:137} INFO - [2025-12-01T20:16:13.578+0300] {dag.py:2705} INFO - Sync 1 DAGs
[2025-12-01T20:16:13.633+0300] {logging_mixin.py:137} INFO - [2025-12-01T20:16:13.633+0300] {dag.py:3456} INFO - Setting next_dagrun for example_params_ui_tutorial to None, run_after=None
[2025-12-01T20:16:13.687+0300] {processor.py:175} INFO - Processing /home/pker/airflow_env/lib/python3.7/site-packages/airflow/example_dags/example_params_ui_tutorial.py took 0.350 seconds
[2025-12-01T20:17:09.594+0300] {processor.py:153} INFO - Started process (PID=920045) to work on /home/pker/airflow_env/lib/python3.7/site-packages/airflow/example_dags/example_params_ui_tutorial.py
[2025-12-01T20:17:09.617+0300] {processor.py:743} INFO - Processing file /home/pker/airflow_env/lib/python3.7/site-packages/airflow/example_dags/example_params_ui_tutorial.py for tasks to queue
[2025-12-01T20:17:09.619+0300] {logging_mixin.py:137} INFO - [2025-12-01T20:17:09.619+0300] {dagbag.py:532} INFO - Filling up the DagBag from /home/pker/airflow_env/lib/python3.7/site-packages/airflow/example_dags/example_params_ui_tutorial.py
[2025-12-01T20:17:09.700+0300] {processor.py:753} INFO - DAG(s) dict_keys(['example_params_ui_tutorial']) retrieved from /home/pker/airflow_env/lib/python3.7/site-packages/airflow/example_dags/example_params_ui_tutorial.py
[2025-12-01T20:17:09.783+0300] {logging_mixin.py:137} INFO - [2025-12-01T20:17:09.783+0300] {dag.py:2705} INFO - Sync 1 DAGs
[2025-12-01T20:17:09.817+0300] {logging_mixin.py:137} INFO - [2025-12-01T20:17:09.817+0300] {dag.py:3456} INFO - Setting next_dagrun for example_params_ui_tutorial to None, run_after=None
[2025-12-01T20:17:09.852+0300] {processor.py:175} INFO - Processing /home/pker/airflow_env/lib/python3.7/site-packages/airflow/example_dags/example_params_ui_tutorial.py took 0.265 seconds
[2025-12-01T20:18:03.415+0300] {processor.py:153} INFO - Started process (PID=920239) to work on /home/pker/airflow_env/lib/python3.7/site-packages/airflow/example_dags/example_params_ui_tutorial.py
[2025-12-01T20:18:03.438+0300] {processor.py:743} INFO - Processing file /home/pker/airflow_env/lib/python3.7/site-packages/airflow/example_dags/example_params_ui_tutorial.py for tasks to queue
[2025-12-01T20:18:03.440+0300] {logging_mixin.py:137} INFO - [2025-12-01T20:18:03.439+0300] {dagbag.py:532} INFO - Filling up the DagBag from /home/pker/airflow_env/lib/python3.7/site-packages/airflow/example_dags/example_params_ui_tutorial.py
[2025-12-01T20:18:03.509+0300] {processor.py:753} INFO - DAG(s) dict_keys(['example_params_ui_tutorial']) retrieved from /home/pker/airflow_env/lib/python3.7/site-packages/airflow/example_dags/example_params_ui_tutorial.py
[2025-12-01T20:18:03.583+0300] {logging_mixin.py:137} INFO - [2025-12-01T20:18:03.583+0300] {dag.py:2705} INFO - Sync 1 DAGs
[2025-12-01T20:18:03.612+0300] {logging_mixin.py:137} INFO - [2025-12-01T20:18:03.612+0300] {dag.py:3456} INFO - Setting next_dagrun for example_params_ui_tutorial to None, run_after=None
[2025-12-01T20:18:03.669+0300] {processor.py:175} INFO - Processing /home/pker/airflow_env/lib/python3.7/site-packages/airflow/example_dags/example_params_ui_tutorial.py took 0.259 seconds
[2025-12-01T20:19:14.690+0300] {processor.py:153} INFO - Started process (PID=920492) to work on /home/pker/airflow_env/lib/python3.7/site-packages/airflow/example_dags/example_params_ui_tutorial.py
[2025-12-01T20:19:14.714+0300] {processor.py:743} INFO - Processing file /home/pker/airflow_env/lib/python3.7/site-packages/airflow/example_dags/example_params_ui_tutorial.py for tasks to queue
[2025-12-01T20:19:14.717+0300] {logging_mixin.py:137} INFO - [2025-12-01T20:19:14.716+0300] {dagbag.py:532} INFO - Filling up the DagBag from /home/pker/airflow_env/lib/python3.7/site-packages/airflow/example_dags/example_params_ui_tutorial.py
[2025-12-01T20:19:14.797+0300] {processor.py:753} INFO - DAG(s) dict_keys(['example_params_ui_tutorial']) retrieved from /home/pker/airflow_env/lib/python3.7/site-packages/airflow/example_dags/example_params_ui_tutorial.py
[2025-12-01T20:19:14.866+0300] {logging_mixin.py:137} INFO - [2025-12-01T20:19:14.866+0300] {dag.py:2705} INFO - Sync 1 DAGs
[2025-12-01T20:19:13.424+0300] {logging_mixin.py:137} INFO - [2025-12-01T20:19:13.424+0300] {dag.py:3456} INFO - Setting next_dagrun for example_params_ui_tutorial to None, run_after=None
[2025-12-01T20:19:13.484+0300] {processor.py:175} INFO - Processing /home/pker/airflow_env/lib/python3.7/site-packages/airflow/example_dags/example_params_ui_tutorial.py took 0.274 seconds
[2025-12-01T20:20:23.965+0300] {processor.py:153} INFO - Started process (PID=920772) to work on /home/pker/airflow_env/lib/python3.7/site-packages/airflow/example_dags/example_params_ui_tutorial.py
[2025-12-01T20:20:23.973+0300] {processor.py:743} INFO - Processing file /home/pker/airflow_env/lib/python3.7/site-packages/airflow/example_dags/example_params_ui_tutorial.py for tasks to queue
[2025-12-01T20:20:23.976+0300] {logging_mixin.py:137} INFO - [2025-12-01T20:20:23.976+0300] {dagbag.py:532} INFO - Filling up the DagBag from /home/pker/airflow_env/lib/python3.7/site-packages/airflow/example_dags/example_params_ui_tutorial.py
[2025-12-01T20:20:24.041+0300] {processor.py:753} INFO - DAG(s) dict_keys(['example_params_ui_tutorial']) retrieved from /home/pker/airflow_env/lib/python3.7/site-packages/airflow/example_dags/example_params_ui_tutorial.py
[2025-12-01T20:20:24.108+0300] {logging_mixin.py:137} INFO - [2025-12-01T20:20:24.107+0300] {dag.py:2705} INFO - Sync 1 DAGs
[2025-12-01T20:20:24.138+0300] {logging_mixin.py:137} INFO - [2025-12-01T20:20:24.138+0300] {dag.py:3456} INFO - Setting next_dagrun for example_params_ui_tutorial to None, run_after=None
[2025-12-01T20:20:24.198+0300] {processor.py:175} INFO - Processing /home/pker/airflow_env/lib/python3.7/site-packages/airflow/example_dags/example_params_ui_tutorial.py took 0.238 seconds
[2025-12-01T20:21:35.129+0300] {processor.py:153} INFO - Started process (PID=921023) to work on /home/pker/airflow_env/lib/python3.7/site-packages/airflow/example_dags/example_params_ui_tutorial.py
[2025-12-01T20:21:35.152+0300] {processor.py:743} INFO - Processing file /home/pker/airflow_env/lib/python3.7/site-packages/airflow/example_dags/example_params_ui_tutorial.py for tasks to queue
[2025-12-01T20:21:35.154+0300] {logging_mixin.py:137} INFO - [2025-12-01T20:21:35.154+0300] {dagbag.py:532} INFO - Filling up the DagBag from /home/pker/airflow_env/lib/python3.7/site-packages/airflow/example_dags/example_params_ui_tutorial.py
[2025-12-01T20:21:35.227+0300] {processor.py:753} INFO - DAG(s) dict_keys(['example_params_ui_tutorial']) retrieved from /home/pker/airflow_env/lib/python3.7/site-packages/airflow/example_dags/example_params_ui_tutorial.py
[2025-12-01T20:21:35.308+0300] {logging_mixin.py:137} INFO - [2025-12-01T20:21:35.308+0300] {dag.py:2705} INFO - Sync 1 DAGs
[2025-12-01T20:21:35.335+0300] {logging_mixin.py:137} INFO - [2025-12-01T20:21:35.335+0300] {dag.py:3456} INFO - Setting next_dagrun for example_params_ui_tutorial to None, run_after=None
[2025-12-01T20:21:35.370+0300] {processor.py:175} INFO - Processing /home/pker/airflow_env/lib/python3.7/site-packages/airflow/example_dags/example_params_ui_tutorial.py took 0.245 seconds
[2025-12-01T20:22:50.483+0300] {processor.py:153} INFO - Started process (PID=921287) to work on /home/pker/airflow_env/lib/python3.7/site-packages/airflow/example_dags/example_params_ui_tutorial.py
[2025-12-01T20:22:50.505+0300] {processor.py:743} INFO - Processing file /home/pker/airflow_env/lib/python3.7/site-packages/airflow/example_dags/example_params_ui_tutorial.py for tasks to queue
[2025-12-01T20:22:50.506+0300] {logging_mixin.py:137} INFO - [2025-12-01T20:22:50.506+0300] {dagbag.py:532} INFO - Filling up the DagBag from /home/pker/airflow_env/lib/python3.7/site-packages/airflow/example_dags/example_params_ui_tutorial.py
[2025-12-01T20:22:50.619+0300] {processor.py:753} INFO - DAG(s) dict_keys(['example_params_ui_tutorial']) retrieved from /home/pker/airflow_env/lib/python3.7/site-packages/airflow/example_dags/example_params_ui_tutorial.py
[2025-12-01T20:22:50.725+0300] {logging_mixin.py:137} INFO - [2025-12-01T20:22:50.725+0300] {dag.py:2705} INFO - Sync 1 DAGs
[2025-12-01T20:22:50.761+0300] {logging_mixin.py:137} INFO - [2025-12-01T20:22:50.760+0300] {dag.py:3456} INFO - Setting next_dagrun for example_params_ui_tutorial to None, run_after=None
[2025-12-01T20:22:50.816+0300] {processor.py:175} INFO - Processing /home/pker/airflow_env/lib/python3.7/site-packages/airflow/example_dags/example_params_ui_tutorial.py took 0.336 seconds
[2025-12-01T20:24:06.420+0300] {processor.py:153} INFO - Started process (PID=921574) to work on /home/pker/airflow_env/lib/python3.7/site-packages/airflow/example_dags/example_params_ui_tutorial.py
[2025-12-01T20:24:06.442+0300] {processor.py:743} INFO - Processing file /home/pker/airflow_env/lib/python3.7/site-packages/airflow/example_dags/example_params_ui_tutorial.py for tasks to queue
[2025-12-01T20:24:06.444+0300] {logging_mixin.py:137} INFO - [2025-12-01T20:24:06.443+0300] {dagbag.py:532} INFO - Filling up the DagBag from /home/pker/airflow_env/lib/python3.7/site-packages/airflow/example_dags/example_params_ui_tutorial.py
[2025-12-01T20:24:06.511+0300] {processor.py:753} INFO - DAG(s) dict_keys(['example_params_ui_tutorial']) retrieved from /home/pker/airflow_env/lib/python3.7/site-packages/airflow/example_dags/example_params_ui_tutorial.py
[2025-12-01T20:24:06.573+0300] {logging_mixin.py:137} INFO - [2025-12-01T20:24:06.573+0300] {dag.py:2705} INFO - Sync 1 DAGs
[2025-12-01T20:24:06.606+0300] {logging_mixin.py:137} INFO - [2025-12-01T20:24:06.606+0300] {dag.py:3456} INFO - Setting next_dagrun for example_params_ui_tutorial to None, run_after=None
[2025-12-01T20:24:06.670+0300] {processor.py:175} INFO - Processing /home/pker/airflow_env/lib/python3.7/site-packages/airflow/example_dags/example_params_ui_tutorial.py took 0.255 seconds
[2025-12-01T20:25:23.011+0300] {processor.py:153} INFO - Started process (PID=921854) to work on /home/pker/airflow_env/lib/python3.7/site-packages/airflow/example_dags/example_params_ui_tutorial.py
[2025-12-01T20:25:23.035+0300] {processor.py:743} INFO - Processing file /home/pker/airflow_env/lib/python3.7/site-packages/airflow/example_dags/example_params_ui_tutorial.py for tasks to queue
[2025-12-01T20:25:23.037+0300] {logging_mixin.py:137} INFO - [2025-12-01T20:25:23.037+0300] {dagbag.py:532} INFO - Filling up the DagBag from /home/pker/airflow_env/lib/python3.7/site-packages/airflow/example_dags/example_params_ui_tutorial.py
[2025-12-01T20:25:23.114+0300] {processor.py:753} INFO - DAG(s) dict_keys(['example_params_ui_tutorial']) retrieved from /home/pker/airflow_env/lib/python3.7/site-packages/airflow/example_dags/example_params_ui_tutorial.py
[2025-12-01T20:25:23.187+0300] {logging_mixin.py:137} INFO - [2025-12-01T20:25:23.187+0300] {dag.py:2705} INFO - Sync 1 DAGs
[2025-12-01T20:25:23.213+0300] {logging_mixin.py:137} INFO - [2025-12-01T20:25:23.212+0300] {dag.py:3456} INFO - Setting next_dagrun for example_params_ui_tutorial to None, run_after=None
[2025-12-01T20:25:23.266+0300] {processor.py:175} INFO - Processing /home/pker/airflow_env/lib/python3.7/site-packages/airflow/example_dags/example_params_ui_tutorial.py took 0.262 seconds
[2025-12-01T20:26:28.665+0300] {processor.py:153} INFO - Started process (PID=922093) to work on /home/pker/airflow_env/lib/python3.7/site-packages/airflow/example_dags/example_params_ui_tutorial.py
[2025-12-01T20:26:28.689+0300] {processor.py:743} INFO - Processing file /home/pker/airflow_env/lib/python3.7/site-packages/airflow/example_dags/example_params_ui_tutorial.py for tasks to queue
[2025-12-01T20:26:28.691+0300] {logging_mixin.py:137} INFO - [2025-12-01T20:26:28.691+0300] {dagbag.py:532} INFO - Filling up the DagBag from /home/pker/airflow_env/lib/python3.7/site-packages/airflow/example_dags/example_params_ui_tutorial.py
[2025-12-01T20:26:28.766+0300] {processor.py:753} INFO - DAG(s) dict_keys(['example_params_ui_tutorial']) retrieved from /home/pker/airflow_env/lib/python3.7/site-packages/airflow/example_dags/example_params_ui_tutorial.py
[2025-12-01T20:26:28.830+0300] {logging_mixin.py:137} INFO - [2025-12-01T20:26:28.830+0300] {dag.py:2705} INFO - Sync 1 DAGs
[2025-12-01T20:26:28.861+0300] {logging_mixin.py:137} INFO - [2025-12-01T20:26:28.861+0300] {dag.py:3456} INFO - Setting next_dagrun for example_params_ui_tutorial to None, run_after=None
[2025-12-01T20:26:28.925+0300] {processor.py:175} INFO - Processing /home/pker/airflow_env/lib/python3.7/site-packages/airflow/example_dags/example_params_ui_tutorial.py took 0.265 seconds
[2025-12-01T20:27:42.073+0300] {processor.py:153} INFO - Started process (PID=922356) to work on /home/pker/airflow_env/lib/python3.7/site-packages/airflow/example_dags/example_params_ui_tutorial.py
[2025-12-01T20:27:42.076+0300] {processor.py:743} INFO - Processing file /home/pker/airflow_env/lib/python3.7/site-packages/airflow/example_dags/example_params_ui_tutorial.py for tasks to queue
[2025-12-01T20:27:42.077+0300] {logging_mixin.py:137} INFO - [2025-12-01T20:27:42.077+0300] {dagbag.py:532} INFO - Filling up the DagBag from /home/pker/airflow_env/lib/python3.7/site-packages/airflow/example_dags/example_params_ui_tutorial.py
[2025-12-01T20:27:42.144+0300] {processor.py:753} INFO - DAG(s) dict_keys(['example_params_ui_tutorial']) retrieved from /home/pker/airflow_env/lib/python3.7/site-packages/airflow/example_dags/example_params_ui_tutorial.py
[2025-12-01T20:27:42.214+0300] {logging_mixin.py:137} INFO - [2025-12-01T20:27:42.214+0300] {dag.py:2705} INFO - Sync 1 DAGs
[2025-12-01T20:27:42.242+0300] {logging_mixin.py:137} INFO - [2025-12-01T20:27:42.242+0300] {dag.py:3456} INFO - Setting next_dagrun for example_params_ui_tutorial to None, run_after=None
[2025-12-01T20:27:42.294+0300] {processor.py:175} INFO - Processing /home/pker/airflow_env/lib/python3.7/site-packages/airflow/example_dags/example_params_ui_tutorial.py took 0.227 seconds
[2025-12-01T20:28:51.366+0300] {processor.py:153} INFO - Started process (PID=922607) to work on /home/pker/airflow_env/lib/python3.7/site-packages/airflow/example_dags/example_params_ui_tutorial.py
[2025-12-01T20:28:51.390+0300] {processor.py:743} INFO - Processing file /home/pker/airflow_env/lib/python3.7/site-packages/airflow/example_dags/example_params_ui_tutorial.py for tasks to queue
[2025-12-01T20:28:51.393+0300] {logging_mixin.py:137} INFO - [2025-12-01T20:28:51.392+0300] {dagbag.py:532} INFO - Filling up the DagBag from /home/pker/airflow_env/lib/python3.7/site-packages/airflow/example_dags/example_params_ui_tutorial.py
[2025-12-01T20:28:51.476+0300] {processor.py:753} INFO - DAG(s) dict_keys(['example_params_ui_tutorial']) retrieved from /home/pker/airflow_env/lib/python3.7/site-packages/airflow/example_dags/example_params_ui_tutorial.py
[2025-12-01T20:28:51.542+0300] {logging_mixin.py:137} INFO - [2025-12-01T20:28:51.542+0300] {dag.py:2705} INFO - Sync 1 DAGs
[2025-12-01T20:28:51.567+0300] {logging_mixin.py:137} INFO - [2025-12-01T20:28:51.567+0300] {dag.py:3456} INFO - Setting next_dagrun for example_params_ui_tutorial to None, run_after=None
[2025-12-01T20:28:51.621+0300] {processor.py:175} INFO - Processing /home/pker/airflow_env/lib/python3.7/site-packages/airflow/example_dags/example_params_ui_tutorial.py took 0.261 seconds
[2025-12-01T20:30:03.040+0300] {processor.py:153} INFO - Started process (PID=922886) to work on /home/pker/airflow_env/lib/python3.7/site-packages/airflow/example_dags/example_params_ui_tutorial.py
[2025-12-01T20:30:03.063+0300] {processor.py:743} INFO - Processing file /home/pker/airflow_env/lib/python3.7/site-packages/airflow/example_dags/example_params_ui_tutorial.py for tasks to queue
[2025-12-01T20:30:03.066+0300] {logging_mixin.py:137} INFO - [2025-12-01T20:30:03.065+0300] {dagbag.py:532} INFO - Filling up the DagBag from /home/pker/airflow_env/lib/python3.7/site-packages/airflow/example_dags/example_params_ui_tutorial.py
[2025-12-01T20:30:03.134+0300] {processor.py:753} INFO - DAG(s) dict_keys(['example_params_ui_tutorial']) retrieved from /home/pker/airflow_env/lib/python3.7/site-packages/airflow/example_dags/example_params_ui_tutorial.py
[2025-12-01T20:30:03.211+0300] {logging_mixin.py:137} INFO - [2025-12-01T20:30:03.210+0300] {dag.py:2705} INFO - Sync 1 DAGs
[2025-12-01T20:30:03.236+0300] {logging_mixin.py:137} INFO - [2025-12-01T20:30:03.236+0300] {dag.py:3456} INFO - Setting next_dagrun for example_params_ui_tutorial to None, run_after=None
[2025-12-01T20:30:03.293+0300] {processor.py:175} INFO - Processing /home/pker/airflow_env/lib/python3.7/site-packages/airflow/example_dags/example_params_ui_tutorial.py took 0.259 seconds
[2025-12-01T20:30:54.968+0300] {processor.py:153} INFO - Started process (PID=923073) to work on /home/pker/airflow_env/lib/python3.7/site-packages/airflow/example_dags/example_params_ui_tutorial.py
[2025-12-01T20:30:54.991+0300] {processor.py:743} INFO - Processing file /home/pker/airflow_env/lib/python3.7/site-packages/airflow/example_dags/example_params_ui_tutorial.py for tasks to queue
[2025-12-01T20:30:54.994+0300] {logging_mixin.py:137} INFO - [2025-12-01T20:30:54.993+0300] {dagbag.py:532} INFO - Filling up the DagBag from /home/pker/airflow_env/lib/python3.7/site-packages/airflow/example_dags/example_params_ui_tutorial.py
[2025-12-01T20:30:55.065+0300] {processor.py:753} INFO - DAG(s) dict_keys(['example_params_ui_tutorial']) retrieved from /home/pker/airflow_env/lib/python3.7/site-packages/airflow/example_dags/example_params_ui_tutorial.py
[2025-12-01T20:30:55.135+0300] {logging_mixin.py:137} INFO - [2025-12-01T20:30:55.135+0300] {dag.py:2705} INFO - Sync 1 DAGs
[2025-12-01T20:30:55.161+0300] {logging_mixin.py:137} INFO - [2025-12-01T20:30:55.161+0300] {dag.py:3456} INFO - Setting next_dagrun for example_params_ui_tutorial to None, run_after=None
[2025-12-01T20:30:55.218+0300] {processor.py:175} INFO - Processing /home/pker/airflow_env/lib/python3.7/site-packages/airflow/example_dags/example_params_ui_tutorial.py took 0.255 seconds
