[2025-12-01T20:15:13.609+0300] {processor.py:153} INFO - Started process (PID=919620) to work on /home/pker/airflow_env/lib/python3.7/site-packages/airflow/example_dags/example_kubernetes_executor.py
[2025-12-01T20:15:13.612+0300] {processor.py:743} INFO - Processing file /home/pker/airflow_env/lib/python3.7/site-packages/airflow/example_dags/example_kubernetes_executor.py for tasks to queue
[2025-12-01T20:15:13.614+0300] {logging_mixin.py:137} INFO - [2025-12-01T20:15:13.613+0300] {dagbag.py:532} INFO - Filling up the DagBag from /home/pker/airflow_env/lib/python3.7/site-packages/airflow/example_dags/example_kubernetes_executor.py
[2025-12-01T20:15:13.644+0300] {logging_mixin.py:137} INFO - [2025-12-01T20:15:13.644+0300] {example_kubernetes_executor.py:42} WARNING - The example_kubernetes_executor example DAG requires the kubernetes provider. Please install it with: pip install apache-airflow[cncf.kubernetes]
[2025-12-01T20:15:13.645+0300] {processor.py:755} WARNING - No viable dags retrieved from /home/pker/airflow_env/lib/python3.7/site-packages/airflow/example_dags/example_kubernetes_executor.py
[2025-12-01T20:15:13.660+0300] {processor.py:175} INFO - Processing /home/pker/airflow_env/lib/python3.7/site-packages/airflow/example_dags/example_kubernetes_executor.py took 0.057 seconds
[2025-12-01T20:16:09.484+0300] {processor.py:153} INFO - Started process (PID=919837) to work on /home/pker/airflow_env/lib/python3.7/site-packages/airflow/example_dags/example_kubernetes_executor.py
[2025-12-01T20:16:09.506+0300] {processor.py:743} INFO - Processing file /home/pker/airflow_env/lib/python3.7/site-packages/airflow/example_dags/example_kubernetes_executor.py for tasks to queue
[2025-12-01T20:16:09.509+0300] {logging_mixin.py:137} INFO - [2025-12-01T20:16:09.509+0300] {dagbag.py:532} INFO - Filling up the DagBag from /home/pker/airflow_env/lib/python3.7/site-packages/airflow/example_dags/example_kubernetes_executor.py
[2025-12-01T20:16:09.535+0300] {logging_mixin.py:137} INFO - [2025-12-01T20:16:09.535+0300] {example_kubernetes_executor.py:42} WARNING - The example_kubernetes_executor example DAG requires the kubernetes provider. Please install it with: pip install apache-airflow[cncf.kubernetes]
[2025-12-01T20:16:09.536+0300] {processor.py:755} WARNING - No viable dags retrieved from /home/pker/airflow_env/lib/python3.7/site-packages/airflow/example_dags/example_kubernetes_executor.py
[2025-12-01T20:16:09.548+0300] {processor.py:175} INFO - Processing /home/pker/airflow_env/lib/python3.7/site-packages/airflow/example_dags/example_kubernetes_executor.py took 0.070 seconds
[2025-12-01T20:17:06.692+0300] {processor.py:153} INFO - Started process (PID=920036) to work on /home/pker/airflow_env/lib/python3.7/site-packages/airflow/example_dags/example_kubernetes_executor.py
[2025-12-01T20:17:06.696+0300] {processor.py:743} INFO - Processing file /home/pker/airflow_env/lib/python3.7/site-packages/airflow/example_dags/example_kubernetes_executor.py for tasks to queue
[2025-12-01T20:17:06.698+0300] {logging_mixin.py:137} INFO - [2025-12-01T20:17:06.698+0300] {dagbag.py:532} INFO - Filling up the DagBag from /home/pker/airflow_env/lib/python3.7/site-packages/airflow/example_dags/example_kubernetes_executor.py
[2025-12-01T20:17:06.723+0300] {logging_mixin.py:137} INFO - [2025-12-01T20:17:06.723+0300] {example_kubernetes_executor.py:42} WARNING - The example_kubernetes_executor example DAG requires the kubernetes provider. Please install it with: pip install apache-airflow[cncf.kubernetes]
[2025-12-01T20:17:06.723+0300] {processor.py:755} WARNING - No viable dags retrieved from /home/pker/airflow_env/lib/python3.7/site-packages/airflow/example_dags/example_kubernetes_executor.py
[2025-12-01T20:17:06.734+0300] {processor.py:175} INFO - Processing /home/pker/airflow_env/lib/python3.7/site-packages/airflow/example_dags/example_kubernetes_executor.py took 0.047 seconds
[2025-12-01T20:17:59.653+0300] {processor.py:153} INFO - Started process (PID=920224) to work on /home/pker/airflow_env/lib/python3.7/site-packages/airflow/example_dags/example_kubernetes_executor.py
[2025-12-01T20:17:59.656+0300] {processor.py:743} INFO - Processing file /home/pker/airflow_env/lib/python3.7/site-packages/airflow/example_dags/example_kubernetes_executor.py for tasks to queue
[2025-12-01T20:17:59.658+0300] {logging_mixin.py:137} INFO - [2025-12-01T20:17:59.658+0300] {dagbag.py:532} INFO - Filling up the DagBag from /home/pker/airflow_env/lib/python3.7/site-packages/airflow/example_dags/example_kubernetes_executor.py
[2025-12-01T20:17:59.685+0300] {logging_mixin.py:137} INFO - [2025-12-01T20:17:59.685+0300] {example_kubernetes_executor.py:42} WARNING - The example_kubernetes_executor example DAG requires the kubernetes provider. Please install it with: pip install apache-airflow[cncf.kubernetes]
[2025-12-01T20:17:59.686+0300] {processor.py:755} WARNING - No viable dags retrieved from /home/pker/airflow_env/lib/python3.7/site-packages/airflow/example_dags/example_kubernetes_executor.py
[2025-12-01T20:17:59.701+0300] {processor.py:175} INFO - Processing /home/pker/airflow_env/lib/python3.7/site-packages/airflow/example_dags/example_kubernetes_executor.py took 0.053 seconds
[2025-12-01T20:19:11.780+0300] {processor.py:153} INFO - Started process (PID=920483) to work on /home/pker/airflow_env/lib/python3.7/site-packages/airflow/example_dags/example_kubernetes_executor.py
[2025-12-01T20:19:11.802+0300] {processor.py:743} INFO - Processing file /home/pker/airflow_env/lib/python3.7/site-packages/airflow/example_dags/example_kubernetes_executor.py for tasks to queue
[2025-12-01T20:19:11.805+0300] {logging_mixin.py:137} INFO - [2025-12-01T20:19:11.804+0300] {dagbag.py:532} INFO - Filling up the DagBag from /home/pker/airflow_env/lib/python3.7/site-packages/airflow/example_dags/example_kubernetes_executor.py
[2025-12-01T20:19:11.833+0300] {logging_mixin.py:137} INFO - [2025-12-01T20:19:11.833+0300] {example_kubernetes_executor.py:42} WARNING - The example_kubernetes_executor example DAG requires the kubernetes provider. Please install it with: pip install apache-airflow[cncf.kubernetes]
[2025-12-01T20:19:11.833+0300] {processor.py:755} WARNING - No viable dags retrieved from /home/pker/airflow_env/lib/python3.7/site-packages/airflow/example_dags/example_kubernetes_executor.py
[2025-12-01T20:19:11.847+0300] {processor.py:175} INFO - Processing /home/pker/airflow_env/lib/python3.7/site-packages/airflow/example_dags/example_kubernetes_executor.py took 0.074 seconds
[2025-12-01T20:20:21.622+0300] {processor.py:153} INFO - Started process (PID=920763) to work on /home/pker/airflow_env/lib/python3.7/site-packages/airflow/example_dags/example_kubernetes_executor.py
[2025-12-01T20:20:21.645+0300] {processor.py:743} INFO - Processing file /home/pker/airflow_env/lib/python3.7/site-packages/airflow/example_dags/example_kubernetes_executor.py for tasks to queue
[2025-12-01T20:20:21.647+0300] {logging_mixin.py:137} INFO - [2025-12-01T20:20:21.647+0300] {dagbag.py:532} INFO - Filling up the DagBag from /home/pker/airflow_env/lib/python3.7/site-packages/airflow/example_dags/example_kubernetes_executor.py
[2025-12-01T20:20:21.674+0300] {logging_mixin.py:137} INFO - [2025-12-01T20:20:21.674+0300] {example_kubernetes_executor.py:42} WARNING - The example_kubernetes_executor example DAG requires the kubernetes provider. Please install it with: pip install apache-airflow[cncf.kubernetes]
[2025-12-01T20:20:21.675+0300] {processor.py:755} WARNING - No viable dags retrieved from /home/pker/airflow_env/lib/python3.7/site-packages/airflow/example_dags/example_kubernetes_executor.py
[2025-12-01T20:20:21.689+0300] {processor.py:175} INFO - Processing /home/pker/airflow_env/lib/python3.7/site-packages/airflow/example_dags/example_kubernetes_executor.py took 0.073 seconds
[2025-12-01T20:21:32.701+0300] {processor.py:153} INFO - Started process (PID=921011) to work on /home/pker/airflow_env/lib/python3.7/site-packages/airflow/example_dags/example_kubernetes_executor.py
[2025-12-01T20:21:32.722+0300] {processor.py:743} INFO - Processing file /home/pker/airflow_env/lib/python3.7/site-packages/airflow/example_dags/example_kubernetes_executor.py for tasks to queue
[2025-12-01T20:21:32.724+0300] {logging_mixin.py:137} INFO - [2025-12-01T20:21:32.724+0300] {dagbag.py:532} INFO - Filling up the DagBag from /home/pker/airflow_env/lib/python3.7/site-packages/airflow/example_dags/example_kubernetes_executor.py
[2025-12-01T20:21:32.750+0300] {logging_mixin.py:137} INFO - [2025-12-01T20:21:32.749+0300] {example_kubernetes_executor.py:42} WARNING - The example_kubernetes_executor example DAG requires the kubernetes provider. Please install it with: pip install apache-airflow[cncf.kubernetes]
[2025-12-01T20:21:32.750+0300] {processor.py:755} WARNING - No viable dags retrieved from /home/pker/airflow_env/lib/python3.7/site-packages/airflow/example_dags/example_kubernetes_executor.py
[2025-12-01T20:21:32.761+0300] {processor.py:175} INFO - Processing /home/pker/airflow_env/lib/python3.7/site-packages/airflow/example_dags/example_kubernetes_executor.py took 0.066 seconds
[2025-12-01T20:22:47.336+0300] {processor.py:153} INFO - Started process (PID=921278) to work on /home/pker/airflow_env/lib/python3.7/site-packages/airflow/example_dags/example_kubernetes_executor.py
[2025-12-01T20:22:47.357+0300] {processor.py:743} INFO - Processing file /home/pker/airflow_env/lib/python3.7/site-packages/airflow/example_dags/example_kubernetes_executor.py for tasks to queue
[2025-12-01T20:22:47.358+0300] {logging_mixin.py:137} INFO - [2025-12-01T20:22:47.357+0300] {dagbag.py:532} INFO - Filling up the DagBag from /home/pker/airflow_env/lib/python3.7/site-packages/airflow/example_dags/example_kubernetes_executor.py
[2025-12-01T20:22:47.385+0300] {logging_mixin.py:137} INFO - [2025-12-01T20:22:47.385+0300] {example_kubernetes_executor.py:42} WARNING - The example_kubernetes_executor example DAG requires the kubernetes provider. Please install it with: pip install apache-airflow[cncf.kubernetes]
[2025-12-01T20:22:47.385+0300] {processor.py:755} WARNING - No viable dags retrieved from /home/pker/airflow_env/lib/python3.7/site-packages/airflow/example_dags/example_kubernetes_executor.py
[2025-12-01T20:22:47.406+0300] {processor.py:175} INFO - Processing /home/pker/airflow_env/lib/python3.7/site-packages/airflow/example_dags/example_kubernetes_executor.py took 0.075 seconds
[2025-12-01T20:23:40.053+0300] {processor.py:153} INFO - Started process (PID=921465) to work on /home/pker/airflow_env/lib/python3.7/site-packages/airflow/example_dags/example_kubernetes_executor.py
[2025-12-01T20:23:40.077+0300] {processor.py:743} INFO - Processing file /home/pker/airflow_env/lib/python3.7/site-packages/airflow/example_dags/example_kubernetes_executor.py for tasks to queue
[2025-12-01T20:23:40.080+0300] {logging_mixin.py:137} INFO - [2025-12-01T20:23:40.079+0300] {dagbag.py:532} INFO - Filling up the DagBag from /home/pker/airflow_env/lib/python3.7/site-packages/airflow/example_dags/example_kubernetes_executor.py
[2025-12-01T20:23:40.110+0300] {logging_mixin.py:137} INFO - [2025-12-01T20:23:40.110+0300] {example_kubernetes_executor.py:42} WARNING - The example_kubernetes_executor example DAG requires the kubernetes provider. Please install it with: pip install apache-airflow[cncf.kubernetes]
[2025-12-01T20:23:40.111+0300] {processor.py:755} WARNING - No viable dags retrieved from /home/pker/airflow_env/lib/python3.7/site-packages/airflow/example_dags/example_kubernetes_executor.py
[2025-12-01T20:23:40.126+0300] {processor.py:175} INFO - Processing /home/pker/airflow_env/lib/python3.7/site-packages/airflow/example_dags/example_kubernetes_executor.py took 0.078 seconds
[2025-12-01T20:24:56.659+0300] {processor.py:153} INFO - Started process (PID=921763) to work on /home/pker/airflow_env/lib/python3.7/site-packages/airflow/example_dags/example_kubernetes_executor.py
[2025-12-01T20:24:56.661+0300] {processor.py:743} INFO - Processing file /home/pker/airflow_env/lib/python3.7/site-packages/airflow/example_dags/example_kubernetes_executor.py for tasks to queue
[2025-12-01T20:24:56.662+0300] {logging_mixin.py:137} INFO - [2025-12-01T20:24:56.661+0300] {dagbag.py:532} INFO - Filling up the DagBag from /home/pker/airflow_env/lib/python3.7/site-packages/airflow/example_dags/example_kubernetes_executor.py
[2025-12-01T20:24:56.702+0300] {logging_mixin.py:137} INFO - [2025-12-01T20:24:56.702+0300] {example_kubernetes_executor.py:42} WARNING - The example_kubernetes_executor example DAG requires the kubernetes provider. Please install it with: pip install apache-airflow[cncf.kubernetes]
[2025-12-01T20:24:56.703+0300] {processor.py:755} WARNING - No viable dags retrieved from /home/pker/airflow_env/lib/python3.7/site-packages/airflow/example_dags/example_kubernetes_executor.py
[2025-12-01T20:24:56.725+0300] {processor.py:175} INFO - Processing /home/pker/airflow_env/lib/python3.7/site-packages/airflow/example_dags/example_kubernetes_executor.py took 0.071 seconds
[2025-12-01T20:26:05.758+0300] {processor.py:153} INFO - Started process (PID=922009) to work on /home/pker/airflow_env/lib/python3.7/site-packages/airflow/example_dags/example_kubernetes_executor.py
[2025-12-01T20:26:05.780+0300] {processor.py:743} INFO - Processing file /home/pker/airflow_env/lib/python3.7/site-packages/airflow/example_dags/example_kubernetes_executor.py for tasks to queue
[2025-12-01T20:26:05.781+0300] {logging_mixin.py:137} INFO - [2025-12-01T20:26:05.780+0300] {dagbag.py:532} INFO - Filling up the DagBag from /home/pker/airflow_env/lib/python3.7/site-packages/airflow/example_dags/example_kubernetes_executor.py
[2025-12-01T20:26:05.801+0300] {logging_mixin.py:137} INFO - [2025-12-01T20:26:05.800+0300] {example_kubernetes_executor.py:42} WARNING - The example_kubernetes_executor example DAG requires the kubernetes provider. Please install it with: pip install apache-airflow[cncf.kubernetes]
[2025-12-01T20:26:05.801+0300] {processor.py:755} WARNING - No viable dags retrieved from /home/pker/airflow_env/lib/python3.7/site-packages/airflow/example_dags/example_kubernetes_executor.py
[2025-12-01T20:26:05.812+0300] {processor.py:175} INFO - Processing /home/pker/airflow_env/lib/python3.7/site-packages/airflow/example_dags/example_kubernetes_executor.py took 0.058 seconds
[2025-12-01T20:27:16.951+0300] {processor.py:153} INFO - Started process (PID=922263) to work on /home/pker/airflow_env/lib/python3.7/site-packages/airflow/example_dags/example_kubernetes_executor.py
[2025-12-01T20:27:16.973+0300] {processor.py:743} INFO - Processing file /home/pker/airflow_env/lib/python3.7/site-packages/airflow/example_dags/example_kubernetes_executor.py for tasks to queue
[2025-12-01T20:27:16.975+0300] {logging_mixin.py:137} INFO - [2025-12-01T20:27:16.975+0300] {dagbag.py:532} INFO - Filling up the DagBag from /home/pker/airflow_env/lib/python3.7/site-packages/airflow/example_dags/example_kubernetes_executor.py
[2025-12-01T20:27:17.001+0300] {logging_mixin.py:137} INFO - [2025-12-01T20:27:17.000+0300] {example_kubernetes_executor.py:42} WARNING - The example_kubernetes_executor example DAG requires the kubernetes provider. Please install it with: pip install apache-airflow[cncf.kubernetes]
[2025-12-01T20:27:17.001+0300] {processor.py:755} WARNING - No viable dags retrieved from /home/pker/airflow_env/lib/python3.7/site-packages/airflow/example_dags/example_kubernetes_executor.py
[2025-12-01T20:27:17.015+0300] {processor.py:175} INFO - Processing /home/pker/airflow_env/lib/python3.7/site-packages/airflow/example_dags/example_kubernetes_executor.py took 0.070 seconds
[2025-12-01T20:28:27.805+0300] {processor.py:153} INFO - Started process (PID=922521) to work on /home/pker/airflow_env/lib/python3.7/site-packages/airflow/example_dags/example_kubernetes_executor.py
[2025-12-01T20:28:27.828+0300] {processor.py:743} INFO - Processing file /home/pker/airflow_env/lib/python3.7/site-packages/airflow/example_dags/example_kubernetes_executor.py for tasks to queue
[2025-12-01T20:28:27.831+0300] {logging_mixin.py:137} INFO - [2025-12-01T20:28:27.831+0300] {dagbag.py:532} INFO - Filling up the DagBag from /home/pker/airflow_env/lib/python3.7/site-packages/airflow/example_dags/example_kubernetes_executor.py
[2025-12-01T20:28:27.859+0300] {logging_mixin.py:137} INFO - [2025-12-01T20:28:27.859+0300] {example_kubernetes_executor.py:42} WARNING - The example_kubernetes_executor example DAG requires the kubernetes provider. Please install it with: pip install apache-airflow[cncf.kubernetes]
[2025-12-01T20:28:27.860+0300] {processor.py:755} WARNING - No viable dags retrieved from /home/pker/airflow_env/lib/python3.7/site-packages/airflow/example_dags/example_kubernetes_executor.py
[2025-12-01T20:28:27.874+0300] {processor.py:175} INFO - Processing /home/pker/airflow_env/lib/python3.7/site-packages/airflow/example_dags/example_kubernetes_executor.py took 0.074 seconds
[2025-12-01T20:29:35.749+0300] {processor.py:153} INFO - Started process (PID=922789) to work on /home/pker/airflow_env/lib/python3.7/site-packages/airflow/example_dags/example_kubernetes_executor.py
[2025-12-01T20:29:35.772+0300] {processor.py:743} INFO - Processing file /home/pker/airflow_env/lib/python3.7/site-packages/airflow/example_dags/example_kubernetes_executor.py for tasks to queue
[2025-12-01T20:29:35.774+0300] {logging_mixin.py:137} INFO - [2025-12-01T20:29:35.774+0300] {dagbag.py:532} INFO - Filling up the DagBag from /home/pker/airflow_env/lib/python3.7/site-packages/airflow/example_dags/example_kubernetes_executor.py
[2025-12-01T20:29:35.801+0300] {logging_mixin.py:137} INFO - [2025-12-01T20:29:35.801+0300] {example_kubernetes_executor.py:42} WARNING - The example_kubernetes_executor example DAG requires the kubernetes provider. Please install it with: pip install apache-airflow[cncf.kubernetes]
[2025-12-01T20:29:35.802+0300] {processor.py:755} WARNING - No viable dags retrieved from /home/pker/airflow_env/lib/python3.7/site-packages/airflow/example_dags/example_kubernetes_executor.py
[2025-12-01T20:29:35.816+0300] {processor.py:175} INFO - Processing /home/pker/airflow_env/lib/python3.7/site-packages/airflow/example_dags/example_kubernetes_executor.py took 0.072 seconds
[2025-12-01T20:30:51.214+0300] {processor.py:153} INFO - Started process (PID=923058) to work on /home/pker/airflow_env/lib/python3.7/site-packages/airflow/example_dags/example_kubernetes_executor.py
[2025-12-01T20:30:51.217+0300] {processor.py:743} INFO - Processing file /home/pker/airflow_env/lib/python3.7/site-packages/airflow/example_dags/example_kubernetes_executor.py for tasks to queue
[2025-12-01T20:30:51.218+0300] {logging_mixin.py:137} INFO - [2025-12-01T20:30:51.218+0300] {dagbag.py:532} INFO - Filling up the DagBag from /home/pker/airflow_env/lib/python3.7/site-packages/airflow/example_dags/example_kubernetes_executor.py
[2025-12-01T20:30:51.245+0300] {logging_mixin.py:137} INFO - [2025-12-01T20:30:51.245+0300] {example_kubernetes_executor.py:42} WARNING - The example_kubernetes_executor example DAG requires the kubernetes provider. Please install it with: pip install apache-airflow[cncf.kubernetes]
[2025-12-01T20:30:51.245+0300] {processor.py:755} WARNING - No viable dags retrieved from /home/pker/airflow_env/lib/python3.7/site-packages/airflow/example_dags/example_kubernetes_executor.py
[2025-12-01T20:30:51.260+0300] {processor.py:175} INFO - Processing /home/pker/airflow_env/lib/python3.7/site-packages/airflow/example_dags/example_kubernetes_executor.py took 0.051 seconds
[2025-12-01T20:31:46.657+0300] {processor.py:153} INFO - Started process (PID=923260) to work on /home/pker/airflow_env/lib/python3.7/site-packages/airflow/example_dags/example_kubernetes_executor.py
[2025-12-01T20:31:46.680+0300] {processor.py:743} INFO - Processing file /home/pker/airflow_env/lib/python3.7/site-packages/airflow/example_dags/example_kubernetes_executor.py for tasks to queue
[2025-12-01T20:31:46.682+0300] {logging_mixin.py:137} INFO - [2025-12-01T20:31:46.682+0300] {dagbag.py:532} INFO - Filling up the DagBag from /home/pker/airflow_env/lib/python3.7/site-packages/airflow/example_dags/example_kubernetes_executor.py
[2025-12-01T20:31:46.709+0300] {logging_mixin.py:137} INFO - [2025-12-01T20:31:46.709+0300] {example_kubernetes_executor.py:42} WARNING - The example_kubernetes_executor example DAG requires the kubernetes provider. Please install it with: pip install apache-airflow[cncf.kubernetes]
[2025-12-01T20:31:46.710+0300] {processor.py:755} WARNING - No viable dags retrieved from /home/pker/airflow_env/lib/python3.7/site-packages/airflow/example_dags/example_kubernetes_executor.py
[2025-12-01T20:31:46.725+0300] {processor.py:175} INFO - Processing /home/pker/airflow_env/lib/python3.7/site-packages/airflow/example_dags/example_kubernetes_executor.py took 0.074 seconds
