[2025-12-01T20:15:03.875+0300] {processor.py:153} INFO - Started process (PID=919460) to work on /home/pker/airflow_env/lib/python3.7/site-packages/airflow/example_dags/example_branch_datetime_operator.py
[2025-12-01T20:15:03.877+0300] {processor.py:743} INFO - Processing file /home/pker/airflow_env/lib/python3.7/site-packages/airflow/example_dags/example_branch_datetime_operator.py for tasks to queue
[2025-12-01T20:15:03.879+0300] {logging_mixin.py:137} INFO - [2025-12-01T20:15:03.879+0300] {dagbag.py:532} INFO - Filling up the DagBag from /home/pker/airflow_env/lib/python3.7/site-packages/airflow/example_dags/example_branch_datetime_operator.py
[2025-12-01T20:15:03.940+0300] {processor.py:753} INFO - DAG(s) dict_keys(['example_branch_datetime_operator_3', 'example_branch_datetime_operator_2', 'example_branch_datetime_operator']) retrieved from /home/pker/airflow_env/lib/python3.7/site-packages/airflow/example_dags/example_branch_datetime_operator.py
[2025-12-01T20:15:04.035+0300] {logging_mixin.py:137} INFO - [2025-12-01T20:15:04.034+0300] {dag.py:2705} INFO - Sync 3 DAGs
[2025-12-01T20:15:04.068+0300] {logging_mixin.py:137} INFO - [2025-12-01T20:15:04.067+0300] {dag.py:3456} INFO - Setting next_dagrun for example_branch_datetime_operator to 2025-11-30T00:00:00+00:00, run_after=2025-12-01T00:00:00+00:00
[2025-12-01T20:15:04.077+0300] {logging_mixin.py:137} INFO - [2025-12-01T20:15:04.077+0300] {dag.py:3456} INFO - Setting next_dagrun for example_branch_datetime_operator_2 to 2025-11-30T00:00:00+00:00, run_after=2025-12-01T00:00:00+00:00
[2025-12-01T20:15:04.082+0300] {logging_mixin.py:137} INFO - [2025-12-01T20:15:04.081+0300] {dag.py:3456} INFO - Setting next_dagrun for example_branch_datetime_operator_3 to 2025-11-30T00:00:00+00:00, run_after=2025-12-01T00:00:00+00:00
[2025-12-01T20:15:04.126+0300] {processor.py:175} INFO - Processing /home/pker/airflow_env/lib/python3.7/site-packages/airflow/example_dags/example_branch_datetime_operator.py took 0.256 seconds
[2025-12-01T20:16:04.087+0300] {processor.py:153} INFO - Started process (PID=919813) to work on /home/pker/airflow_env/lib/python3.7/site-packages/airflow/example_dags/example_branch_datetime_operator.py
[2025-12-01T20:16:04.111+0300] {processor.py:743} INFO - Processing file /home/pker/airflow_env/lib/python3.7/site-packages/airflow/example_dags/example_branch_datetime_operator.py for tasks to queue
[2025-12-01T20:16:04.113+0300] {logging_mixin.py:137} INFO - [2025-12-01T20:16:04.112+0300] {dagbag.py:532} INFO - Filling up the DagBag from /home/pker/airflow_env/lib/python3.7/site-packages/airflow/example_dags/example_branch_datetime_operator.py
[2025-12-01T20:16:04.143+0300] {processor.py:753} INFO - DAG(s) dict_keys(['example_branch_datetime_operator_2', 'example_branch_datetime_operator', 'example_branch_datetime_operator_3']) retrieved from /home/pker/airflow_env/lib/python3.7/site-packages/airflow/example_dags/example_branch_datetime_operator.py
[2025-12-01T20:16:04.183+0300] {logging_mixin.py:137} INFO - [2025-12-01T20:16:04.183+0300] {dag.py:2705} INFO - Sync 3 DAGs
[2025-12-01T20:16:04.210+0300] {logging_mixin.py:137} INFO - [2025-12-01T20:16:04.210+0300] {dag.py:3456} INFO - Setting next_dagrun for example_branch_datetime_operator to 2025-11-30T00:00:00+00:00, run_after=2025-12-01T00:00:00+00:00
[2025-12-01T20:16:04.214+0300] {logging_mixin.py:137} INFO - [2025-12-01T20:16:04.214+0300] {dag.py:3456} INFO - Setting next_dagrun for example_branch_datetime_operator_2 to 2025-11-30T00:00:00+00:00, run_after=2025-12-01T00:00:00+00:00
[2025-12-01T20:16:04.217+0300] {logging_mixin.py:137} INFO - [2025-12-01T20:16:04.217+0300] {dag.py:3456} INFO - Setting next_dagrun for example_branch_datetime_operator_3 to 2025-11-30T00:00:00+00:00, run_after=2025-12-01T00:00:00+00:00
[2025-12-01T20:16:04.278+0300] {processor.py:175} INFO - Processing /home/pker/airflow_env/lib/python3.7/site-packages/airflow/example_dags/example_branch_datetime_operator.py took 0.200 seconds
[2025-12-01T20:16:59.302+0300] {processor.py:153} INFO - Started process (PID=920009) to work on /home/pker/airflow_env/lib/python3.7/site-packages/airflow/example_dags/example_branch_datetime_operator.py
[2025-12-01T20:16:59.324+0300] {processor.py:743} INFO - Processing file /home/pker/airflow_env/lib/python3.7/site-packages/airflow/example_dags/example_branch_datetime_operator.py for tasks to queue
[2025-12-01T20:16:59.327+0300] {logging_mixin.py:137} INFO - [2025-12-01T20:16:59.327+0300] {dagbag.py:532} INFO - Filling up the DagBag from /home/pker/airflow_env/lib/python3.7/site-packages/airflow/example_dags/example_branch_datetime_operator.py
[2025-12-01T20:16:59.357+0300] {processor.py:753} INFO - DAG(s) dict_keys(['example_branch_datetime_operator_3', 'example_branch_datetime_operator_2', 'example_branch_datetime_operator']) retrieved from /home/pker/airflow_env/lib/python3.7/site-packages/airflow/example_dags/example_branch_datetime_operator.py
[2025-12-01T20:16:59.390+0300] {logging_mixin.py:137} INFO - [2025-12-01T20:16:59.390+0300] {dag.py:2705} INFO - Sync 3 DAGs
[2025-12-01T20:16:59.423+0300] {logging_mixin.py:137} INFO - [2025-12-01T20:16:59.423+0300] {dag.py:3456} INFO - Setting next_dagrun for example_branch_datetime_operator to 2025-11-30T00:00:00+00:00, run_after=2025-12-01T00:00:00+00:00
[2025-12-01T20:16:59.427+0300] {logging_mixin.py:137} INFO - [2025-12-01T20:16:59.427+0300] {dag.py:3456} INFO - Setting next_dagrun for example_branch_datetime_operator_2 to 2025-11-30T00:00:00+00:00, run_after=2025-12-01T00:00:00+00:00
[2025-12-01T20:16:59.430+0300] {logging_mixin.py:137} INFO - [2025-12-01T20:16:59.430+0300] {dag.py:3456} INFO - Setting next_dagrun for example_branch_datetime_operator_3 to 2025-11-30T00:00:00+00:00, run_after=2025-12-01T00:00:00+00:00
[2025-12-01T20:16:59.484+0300] {processor.py:175} INFO - Processing /home/pker/airflow_env/lib/python3.7/site-packages/airflow/example_dags/example_branch_datetime_operator.py took 0.187 seconds
[2025-12-01T20:17:52.897+0300] {processor.py:153} INFO - Started process (PID=920200) to work on /home/pker/airflow_env/lib/python3.7/site-packages/airflow/example_dags/example_branch_datetime_operator.py
[2025-12-01T20:17:52.900+0300] {processor.py:743} INFO - Processing file /home/pker/airflow_env/lib/python3.7/site-packages/airflow/example_dags/example_branch_datetime_operator.py for tasks to queue
[2025-12-01T20:17:52.901+0300] {logging_mixin.py:137} INFO - [2025-12-01T20:17:52.901+0300] {dagbag.py:532} INFO - Filling up the DagBag from /home/pker/airflow_env/lib/python3.7/site-packages/airflow/example_dags/example_branch_datetime_operator.py
[2025-12-01T20:17:52.930+0300] {processor.py:753} INFO - DAG(s) dict_keys(['example_branch_datetime_operator_2', 'example_branch_datetime_operator', 'example_branch_datetime_operator_3']) retrieved from /home/pker/airflow_env/lib/python3.7/site-packages/airflow/example_dags/example_branch_datetime_operator.py
[2025-12-01T20:17:52.967+0300] {logging_mixin.py:137} INFO - [2025-12-01T20:17:52.967+0300] {dag.py:2705} INFO - Sync 3 DAGs
[2025-12-01T20:17:52.998+0300] {logging_mixin.py:137} INFO - [2025-12-01T20:17:52.998+0300] {dag.py:3456} INFO - Setting next_dagrun for example_branch_datetime_operator to 2025-11-30T00:00:00+00:00, run_after=2025-12-01T00:00:00+00:00
[2025-12-01T20:17:53.003+0300] {logging_mixin.py:137} INFO - [2025-12-01T20:17:53.003+0300] {dag.py:3456} INFO - Setting next_dagrun for example_branch_datetime_operator_2 to 2025-11-30T00:00:00+00:00, run_after=2025-12-01T00:00:00+00:00
[2025-12-01T20:17:53.005+0300] {logging_mixin.py:137} INFO - [2025-12-01T20:17:53.005+0300] {dag.py:3456} INFO - Setting next_dagrun for example_branch_datetime_operator_3 to 2025-11-30T00:00:00+00:00, run_after=2025-12-01T00:00:00+00:00
[2025-12-01T20:17:53.050+0300] {processor.py:175} INFO - Processing /home/pker/airflow_env/lib/python3.7/site-packages/airflow/example_dags/example_branch_datetime_operator.py took 0.159 seconds
[2025-12-01T20:18:43.124+0300] {processor.py:153} INFO - Started process (PID=920385) to work on /home/pker/airflow_env/lib/python3.7/site-packages/airflow/example_dags/example_branch_datetime_operator.py
[2025-12-01T20:18:43.127+0300] {processor.py:743} INFO - Processing file /home/pker/airflow_env/lib/python3.7/site-packages/airflow/example_dags/example_branch_datetime_operator.py for tasks to queue
[2025-12-01T20:18:43.128+0300] {logging_mixin.py:137} INFO - [2025-12-01T20:18:43.128+0300] {dagbag.py:532} INFO - Filling up the DagBag from /home/pker/airflow_env/lib/python3.7/site-packages/airflow/example_dags/example_branch_datetime_operator.py
[2025-12-01T20:18:43.158+0300] {processor.py:753} INFO - DAG(s) dict_keys(['example_branch_datetime_operator_3', 'example_branch_datetime_operator_2', 'example_branch_datetime_operator']) retrieved from /home/pker/airflow_env/lib/python3.7/site-packages/airflow/example_dags/example_branch_datetime_operator.py
[2025-12-01T20:18:43.192+0300] {logging_mixin.py:137} INFO - [2025-12-01T20:18:43.192+0300] {dag.py:2705} INFO - Sync 3 DAGs
[2025-12-01T20:18:43.222+0300] {logging_mixin.py:137} INFO - [2025-12-01T20:18:43.221+0300] {dag.py:3456} INFO - Setting next_dagrun for example_branch_datetime_operator to 2025-11-30T00:00:00+00:00, run_after=2025-12-01T00:00:00+00:00
[2025-12-01T20:18:43.227+0300] {logging_mixin.py:137} INFO - [2025-12-01T20:18:43.227+0300] {dag.py:3456} INFO - Setting next_dagrun for example_branch_datetime_operator_2 to 2025-11-30T00:00:00+00:00, run_after=2025-12-01T00:00:00+00:00
[2025-12-01T20:18:43.230+0300] {logging_mixin.py:137} INFO - [2025-12-01T20:18:43.230+0300] {dag.py:3456} INFO - Setting next_dagrun for example_branch_datetime_operator_3 to 2025-11-30T00:00:00+00:00, run_after=2025-12-01T00:00:00+00:00
[2025-12-01T20:18:43.266+0300] {processor.py:175} INFO - Processing /home/pker/airflow_env/lib/python3.7/site-packages/airflow/example_dags/example_branch_datetime_operator.py took 0.147 seconds
[2025-12-01T20:19:33.130+0300] {processor.py:153} INFO - Started process (PID=920587) to work on /home/pker/airflow_env/lib/python3.7/site-packages/airflow/example_dags/example_branch_datetime_operator.py
[2025-12-01T20:19:33.151+0300] {processor.py:743} INFO - Processing file /home/pker/airflow_env/lib/python3.7/site-packages/airflow/example_dags/example_branch_datetime_operator.py for tasks to queue
[2025-12-01T20:19:33.153+0300] {logging_mixin.py:137} INFO - [2025-12-01T20:19:33.152+0300] {dagbag.py:532} INFO - Filling up the DagBag from /home/pker/airflow_env/lib/python3.7/site-packages/airflow/example_dags/example_branch_datetime_operator.py
[2025-12-01T20:19:33.193+0300] {processor.py:753} INFO - DAG(s) dict_keys(['example_branch_datetime_operator', 'example_branch_datetime_operator_3', 'example_branch_datetime_operator_2']) retrieved from /home/pker/airflow_env/lib/python3.7/site-packages/airflow/example_dags/example_branch_datetime_operator.py
[2025-12-01T20:19:33.260+0300] {logging_mixin.py:137} INFO - [2025-12-01T20:19:33.259+0300] {dag.py:2705} INFO - Sync 3 DAGs
[2025-12-01T20:19:33.322+0300] {logging_mixin.py:137} INFO - [2025-12-01T20:19:33.322+0300] {dag.py:3456} INFO - Setting next_dagrun for example_branch_datetime_operator to 2025-11-30T00:00:00+00:00, run_after=2025-12-01T00:00:00+00:00
[2025-12-01T20:19:33.329+0300] {logging_mixin.py:137} INFO - [2025-12-01T20:19:33.329+0300] {dag.py:3456} INFO - Setting next_dagrun for example_branch_datetime_operator_2 to 2025-11-30T00:00:00+00:00, run_after=2025-12-01T00:00:00+00:00
[2025-12-01T20:19:33.332+0300] {logging_mixin.py:137} INFO - [2025-12-01T20:19:33.332+0300] {dag.py:3456} INFO - Setting next_dagrun for example_branch_datetime_operator_3 to 2025-11-30T00:00:00+00:00, run_after=2025-12-01T00:00:00+00:00
[2025-12-01T20:19:33.385+0300] {processor.py:175} INFO - Processing /home/pker/airflow_env/lib/python3.7/site-packages/airflow/example_dags/example_branch_datetime_operator.py took 0.260 seconds
[2025-12-01T20:20:20.310+0300] {processor.py:153} INFO - Started process (PID=920754) to work on /home/pker/airflow_env/lib/python3.7/site-packages/airflow/example_dags/example_branch_datetime_operator.py
[2025-12-01T20:20:20.334+0300] {processor.py:743} INFO - Processing file /home/pker/airflow_env/lib/python3.7/site-packages/airflow/example_dags/example_branch_datetime_operator.py for tasks to queue
[2025-12-01T20:20:20.337+0300] {logging_mixin.py:137} INFO - [2025-12-01T20:20:20.337+0300] {dagbag.py:532} INFO - Filling up the DagBag from /home/pker/airflow_env/lib/python3.7/site-packages/airflow/example_dags/example_branch_datetime_operator.py
[2025-12-01T20:20:20.366+0300] {processor.py:753} INFO - DAG(s) dict_keys(['example_branch_datetime_operator_3', 'example_branch_datetime_operator', 'example_branch_datetime_operator_2']) retrieved from /home/pker/airflow_env/lib/python3.7/site-packages/airflow/example_dags/example_branch_datetime_operator.py
[2025-12-01T20:20:20.395+0300] {logging_mixin.py:137} INFO - [2025-12-01T20:20:20.394+0300] {dag.py:2705} INFO - Sync 3 DAGs
[2025-12-01T20:20:20.422+0300] {logging_mixin.py:137} INFO - [2025-12-01T20:20:20.422+0300] {dag.py:3456} INFO - Setting next_dagrun for example_branch_datetime_operator to 2025-11-30T00:00:00+00:00, run_after=2025-12-01T00:00:00+00:00
[2025-12-01T20:20:20.429+0300] {logging_mixin.py:137} INFO - [2025-12-01T20:20:20.429+0300] {dag.py:3456} INFO - Setting next_dagrun for example_branch_datetime_operator_2 to 2025-11-30T00:00:00+00:00, run_after=2025-12-01T00:00:00+00:00
[2025-12-01T20:20:20.434+0300] {logging_mixin.py:137} INFO - [2025-12-01T20:20:20.433+0300] {dag.py:3456} INFO - Setting next_dagrun for example_branch_datetime_operator_3 to 2025-11-30T00:00:00+00:00, run_after=2025-12-01T00:00:00+00:00
[2025-12-01T20:20:20.467+0300] {processor.py:175} INFO - Processing /home/pker/airflow_env/lib/python3.7/site-packages/airflow/example_dags/example_branch_datetime_operator.py took 0.161 seconds
[2025-12-01T20:21:08.863+0300] {processor.py:153} INFO - Started process (PID=920927) to work on /home/pker/airflow_env/lib/python3.7/site-packages/airflow/example_dags/example_branch_datetime_operator.py
[2025-12-01T20:21:08.867+0300] {processor.py:743} INFO - Processing file /home/pker/airflow_env/lib/python3.7/site-packages/airflow/example_dags/example_branch_datetime_operator.py for tasks to queue
[2025-12-01T20:21:08.868+0300] {logging_mixin.py:137} INFO - [2025-12-01T20:21:08.868+0300] {dagbag.py:532} INFO - Filling up the DagBag from /home/pker/airflow_env/lib/python3.7/site-packages/airflow/example_dags/example_branch_datetime_operator.py
[2025-12-01T20:21:08.897+0300] {processor.py:753} INFO - DAG(s) dict_keys(['example_branch_datetime_operator_2', 'example_branch_datetime_operator', 'example_branch_datetime_operator_3']) retrieved from /home/pker/airflow_env/lib/python3.7/site-packages/airflow/example_dags/example_branch_datetime_operator.py
[2025-12-01T20:21:08.928+0300] {logging_mixin.py:137} INFO - [2025-12-01T20:21:08.928+0300] {dag.py:2705} INFO - Sync 3 DAGs
[2025-12-01T20:21:08.956+0300] {logging_mixin.py:137} INFO - [2025-12-01T20:21:08.956+0300] {dag.py:3456} INFO - Setting next_dagrun for example_branch_datetime_operator to 2025-11-30T00:00:00+00:00, run_after=2025-12-01T00:00:00+00:00
[2025-12-01T20:21:08.960+0300] {logging_mixin.py:137} INFO - [2025-12-01T20:21:08.960+0300] {dag.py:3456} INFO - Setting next_dagrun for example_branch_datetime_operator_2 to 2025-11-30T00:00:00+00:00, run_after=2025-12-01T00:00:00+00:00
[2025-12-01T20:21:08.963+0300] {logging_mixin.py:137} INFO - [2025-12-01T20:21:08.963+0300] {dag.py:3456} INFO - Setting next_dagrun for example_branch_datetime_operator_3 to 2025-11-30T00:00:00+00:00, run_after=2025-12-01T00:00:00+00:00
[2025-12-01T20:21:08.989+0300] {processor.py:175} INFO - Processing /home/pker/airflow_env/lib/python3.7/site-packages/airflow/example_dags/example_branch_datetime_operator.py took 0.133 seconds
[2025-12-01T20:22:20.374+0300] {processor.py:153} INFO - Started process (PID=921186) to work on /home/pker/airflow_env/lib/python3.7/site-packages/airflow/example_dags/example_branch_datetime_operator.py
[2025-12-01T20:22:20.376+0300] {processor.py:743} INFO - Processing file /home/pker/airflow_env/lib/python3.7/site-packages/airflow/example_dags/example_branch_datetime_operator.py for tasks to queue
[2025-12-01T20:22:20.377+0300] {logging_mixin.py:137} INFO - [2025-12-01T20:22:20.377+0300] {dagbag.py:532} INFO - Filling up the DagBag from /home/pker/airflow_env/lib/python3.7/site-packages/airflow/example_dags/example_branch_datetime_operator.py
[2025-12-01T20:22:20.408+0300] {processor.py:753} INFO - DAG(s) dict_keys(['example_branch_datetime_operator_3', 'example_branch_datetime_operator_2', 'example_branch_datetime_operator']) retrieved from /home/pker/airflow_env/lib/python3.7/site-packages/airflow/example_dags/example_branch_datetime_operator.py
[2025-12-01T20:22:20.443+0300] {logging_mixin.py:137} INFO - [2025-12-01T20:22:20.443+0300] {dag.py:2705} INFO - Sync 3 DAGs
[2025-12-01T20:22:20.470+0300] {logging_mixin.py:137} INFO - [2025-12-01T20:22:20.470+0300] {dag.py:3456} INFO - Setting next_dagrun for example_branch_datetime_operator to 2025-11-30T00:00:00+00:00, run_after=2025-12-01T00:00:00+00:00
[2025-12-01T20:22:20.475+0300] {logging_mixin.py:137} INFO - [2025-12-01T20:22:20.475+0300] {dag.py:3456} INFO - Setting next_dagrun for example_branch_datetime_operator_2 to 2025-11-30T00:00:00+00:00, run_after=2025-12-01T00:00:00+00:00
[2025-12-01T20:22:20.478+0300] {logging_mixin.py:137} INFO - [2025-12-01T20:22:20.477+0300] {dag.py:3456} INFO - Setting next_dagrun for example_branch_datetime_operator_3 to 2025-11-30T00:00:00+00:00, run_after=2025-12-01T00:00:00+00:00
[2025-12-01T20:22:20.511+0300] {processor.py:175} INFO - Processing /home/pker/airflow_env/lib/python3.7/site-packages/airflow/example_dags/example_branch_datetime_operator.py took 0.142 seconds
[2025-12-01T20:23:12.511+0300] {processor.py:153} INFO - Started process (PID=921365) to work on /home/pker/airflow_env/lib/python3.7/site-packages/airflow/example_dags/example_branch_datetime_operator.py
[2025-12-01T20:23:12.514+0300] {processor.py:743} INFO - Processing file /home/pker/airflow_env/lib/python3.7/site-packages/airflow/example_dags/example_branch_datetime_operator.py for tasks to queue
[2025-12-01T20:23:12.515+0300] {logging_mixin.py:137} INFO - [2025-12-01T20:23:12.515+0300] {dagbag.py:532} INFO - Filling up the DagBag from /home/pker/airflow_env/lib/python3.7/site-packages/airflow/example_dags/example_branch_datetime_operator.py
[2025-12-01T20:23:12.543+0300] {processor.py:753} INFO - DAG(s) dict_keys(['example_branch_datetime_operator_3', 'example_branch_datetime_operator_2', 'example_branch_datetime_operator']) retrieved from /home/pker/airflow_env/lib/python3.7/site-packages/airflow/example_dags/example_branch_datetime_operator.py
[2025-12-01T20:23:12.575+0300] {logging_mixin.py:137} INFO - [2025-12-01T20:23:12.574+0300] {dag.py:2705} INFO - Sync 3 DAGs
[2025-12-01T20:23:12.601+0300] {logging_mixin.py:137} INFO - [2025-12-01T20:23:12.601+0300] {dag.py:3456} INFO - Setting next_dagrun for example_branch_datetime_operator to 2025-11-30T00:00:00+00:00, run_after=2025-12-01T00:00:00+00:00
[2025-12-01T20:23:12.606+0300] {logging_mixin.py:137} INFO - [2025-12-01T20:23:12.606+0300] {dag.py:3456} INFO - Setting next_dagrun for example_branch_datetime_operator_2 to 2025-11-30T00:00:00+00:00, run_after=2025-12-01T00:00:00+00:00
[2025-12-01T20:23:12.608+0300] {logging_mixin.py:137} INFO - [2025-12-01T20:23:12.608+0300] {dag.py:3456} INFO - Setting next_dagrun for example_branch_datetime_operator_3 to 2025-11-30T00:00:00+00:00, run_after=2025-12-01T00:00:00+00:00
[2025-12-01T20:23:12.636+0300] {processor.py:175} INFO - Processing /home/pker/airflow_env/lib/python3.7/site-packages/airflow/example_dags/example_branch_datetime_operator.py took 0.130 seconds
[2025-12-01T20:24:03.781+0300] {processor.py:153} INFO - Started process (PID=921553) to work on /home/pker/airflow_env/lib/python3.7/site-packages/airflow/example_dags/example_branch_datetime_operator.py
[2025-12-01T20:24:03.804+0300] {processor.py:743} INFO - Processing file /home/pker/airflow_env/lib/python3.7/site-packages/airflow/example_dags/example_branch_datetime_operator.py for tasks to queue
[2025-12-01T20:24:03.806+0300] {logging_mixin.py:137} INFO - [2025-12-01T20:24:03.806+0300] {dagbag.py:532} INFO - Filling up the DagBag from /home/pker/airflow_env/lib/python3.7/site-packages/airflow/example_dags/example_branch_datetime_operator.py
[2025-12-01T20:24:03.836+0300] {processor.py:753} INFO - DAG(s) dict_keys(['example_branch_datetime_operator_2', 'example_branch_datetime_operator_3', 'example_branch_datetime_operator']) retrieved from /home/pker/airflow_env/lib/python3.7/site-packages/airflow/example_dags/example_branch_datetime_operator.py
[2025-12-01T20:24:03.869+0300] {logging_mixin.py:137} INFO - [2025-12-01T20:24:03.869+0300] {dag.py:2705} INFO - Sync 3 DAGs
[2025-12-01T20:24:03.901+0300] {logging_mixin.py:137} INFO - [2025-12-01T20:24:03.901+0300] {dag.py:3456} INFO - Setting next_dagrun for example_branch_datetime_operator to 2025-11-30T00:00:00+00:00, run_after=2025-12-01T00:00:00+00:00
[2025-12-01T20:24:03.906+0300] {logging_mixin.py:137} INFO - [2025-12-01T20:24:03.906+0300] {dag.py:3456} INFO - Setting next_dagrun for example_branch_datetime_operator_2 to 2025-11-30T00:00:00+00:00, run_after=2025-12-01T00:00:00+00:00
[2025-12-01T20:24:03.908+0300] {logging_mixin.py:137} INFO - [2025-12-01T20:24:03.908+0300] {dag.py:3456} INFO - Setting next_dagrun for example_branch_datetime_operator_3 to 2025-11-30T00:00:00+00:00, run_after=2025-12-01T00:00:00+00:00
[2025-12-01T20:24:03.973+0300] {processor.py:175} INFO - Processing /home/pker/airflow_env/lib/python3.7/site-packages/airflow/example_dags/example_branch_datetime_operator.py took 0.197 seconds
[2025-12-01T20:24:55.304+0300] {processor.py:153} INFO - Started process (PID=921753) to work on /home/pker/airflow_env/lib/python3.7/site-packages/airflow/example_dags/example_branch_datetime_operator.py
[2025-12-01T20:24:55.307+0300] {processor.py:743} INFO - Processing file /home/pker/airflow_env/lib/python3.7/site-packages/airflow/example_dags/example_branch_datetime_operator.py for tasks to queue
[2025-12-01T20:24:55.308+0300] {logging_mixin.py:137} INFO - [2025-12-01T20:24:55.308+0300] {dagbag.py:532} INFO - Filling up the DagBag from /home/pker/airflow_env/lib/python3.7/site-packages/airflow/example_dags/example_branch_datetime_operator.py
[2025-12-01T20:24:55.334+0300] {processor.py:753} INFO - DAG(s) dict_keys(['example_branch_datetime_operator_3', 'example_branch_datetime_operator_2', 'example_branch_datetime_operator']) retrieved from /home/pker/airflow_env/lib/python3.7/site-packages/airflow/example_dags/example_branch_datetime_operator.py
[2025-12-01T20:24:55.366+0300] {logging_mixin.py:137} INFO - [2025-12-01T20:24:55.366+0300] {dag.py:2705} INFO - Sync 3 DAGs
[2025-12-01T20:24:55.396+0300] {logging_mixin.py:137} INFO - [2025-12-01T20:24:55.396+0300] {dag.py:3456} INFO - Setting next_dagrun for example_branch_datetime_operator to 2025-11-30T00:00:00+00:00, run_after=2025-12-01T00:00:00+00:00
[2025-12-01T20:24:55.400+0300] {logging_mixin.py:137} INFO - [2025-12-01T20:24:55.400+0300] {dag.py:3456} INFO - Setting next_dagrun for example_branch_datetime_operator_2 to 2025-11-30T00:00:00+00:00, run_after=2025-12-01T00:00:00+00:00
[2025-12-01T20:24:55.404+0300] {logging_mixin.py:137} INFO - [2025-12-01T20:24:55.404+0300] {dag.py:3456} INFO - Setting next_dagrun for example_branch_datetime_operator_3 to 2025-11-30T00:00:00+00:00, run_after=2025-12-01T00:00:00+00:00
[2025-12-01T20:24:55.440+0300] {processor.py:175} INFO - Processing /home/pker/airflow_env/lib/python3.7/site-packages/airflow/example_dags/example_branch_datetime_operator.py took 0.141 seconds
[2025-12-01T20:25:43.663+0300] {processor.py:153} INFO - Started process (PID=921929) to work on /home/pker/airflow_env/lib/python3.7/site-packages/airflow/example_dags/example_branch_datetime_operator.py
[2025-12-01T20:25:43.685+0300] {processor.py:743} INFO - Processing file /home/pker/airflow_env/lib/python3.7/site-packages/airflow/example_dags/example_branch_datetime_operator.py for tasks to queue
[2025-12-01T20:25:43.688+0300] {logging_mixin.py:137} INFO - [2025-12-01T20:25:43.687+0300] {dagbag.py:532} INFO - Filling up the DagBag from /home/pker/airflow_env/lib/python3.7/site-packages/airflow/example_dags/example_branch_datetime_operator.py
[2025-12-01T20:25:43.724+0300] {processor.py:753} INFO - DAG(s) dict_keys(['example_branch_datetime_operator_3', 'example_branch_datetime_operator_2', 'example_branch_datetime_operator']) retrieved from /home/pker/airflow_env/lib/python3.7/site-packages/airflow/example_dags/example_branch_datetime_operator.py
[2025-12-01T20:25:43.766+0300] {logging_mixin.py:137} INFO - [2025-12-01T20:25:43.766+0300] {dag.py:2705} INFO - Sync 3 DAGs
[2025-12-01T20:25:43.795+0300] {logging_mixin.py:137} INFO - [2025-12-01T20:25:43.795+0300] {dag.py:3456} INFO - Setting next_dagrun for example_branch_datetime_operator to 2025-11-30T00:00:00+00:00, run_after=2025-12-01T00:00:00+00:00
[2025-12-01T20:25:43.800+0300] {logging_mixin.py:137} INFO - [2025-12-01T20:25:43.800+0300] {dag.py:3456} INFO - Setting next_dagrun for example_branch_datetime_operator_2 to 2025-11-30T00:00:00+00:00, run_after=2025-12-01T00:00:00+00:00
[2025-12-01T20:25:43.802+0300] {logging_mixin.py:137} INFO - [2025-12-01T20:25:43.802+0300] {dag.py:3456} INFO - Setting next_dagrun for example_branch_datetime_operator_3 to 2025-11-30T00:00:00+00:00, run_after=2025-12-01T00:00:00+00:00
[2025-12-01T20:25:43.832+0300] {processor.py:175} INFO - Processing /home/pker/airflow_env/lib/python3.7/site-packages/airflow/example_dags/example_branch_datetime_operator.py took 0.174 seconds
[2025-12-01T20:26:53.170+0300] {processor.py:153} INFO - Started process (PID=922175) to work on /home/pker/airflow_env/lib/python3.7/site-packages/airflow/example_dags/example_branch_datetime_operator.py
[2025-12-01T20:26:53.193+0300] {processor.py:743} INFO - Processing file /home/pker/airflow_env/lib/python3.7/site-packages/airflow/example_dags/example_branch_datetime_operator.py for tasks to queue
[2025-12-01T20:26:53.196+0300] {logging_mixin.py:137} INFO - [2025-12-01T20:26:53.195+0300] {dagbag.py:532} INFO - Filling up the DagBag from /home/pker/airflow_env/lib/python3.7/site-packages/airflow/example_dags/example_branch_datetime_operator.py
[2025-12-01T20:26:53.238+0300] {processor.py:753} INFO - DAG(s) dict_keys(['example_branch_datetime_operator', 'example_branch_datetime_operator_2', 'example_branch_datetime_operator_3']) retrieved from /home/pker/airflow_env/lib/python3.7/site-packages/airflow/example_dags/example_branch_datetime_operator.py
[2025-12-01T20:26:53.283+0300] {logging_mixin.py:137} INFO - [2025-12-01T20:26:53.282+0300] {dag.py:2705} INFO - Sync 3 DAGs
[2025-12-01T20:26:53.315+0300] {logging_mixin.py:137} INFO - [2025-12-01T20:26:53.315+0300] {dag.py:3456} INFO - Setting next_dagrun for example_branch_datetime_operator to 2025-11-30T00:00:00+00:00, run_after=2025-12-01T00:00:00+00:00
[2025-12-01T20:26:53.320+0300] {logging_mixin.py:137} INFO - [2025-12-01T20:26:53.320+0300] {dag.py:3456} INFO - Setting next_dagrun for example_branch_datetime_operator_2 to 2025-11-30T00:00:00+00:00, run_after=2025-12-01T00:00:00+00:00
[2025-12-01T20:26:53.322+0300] {logging_mixin.py:137} INFO - [2025-12-01T20:26:53.322+0300] {dag.py:3456} INFO - Setting next_dagrun for example_branch_datetime_operator_3 to 2025-11-30T00:00:00+00:00, run_after=2025-12-01T00:00:00+00:00
[2025-12-01T20:26:53.376+0300] {processor.py:175} INFO - Processing /home/pker/airflow_env/lib/python3.7/site-packages/airflow/example_dags/example_branch_datetime_operator.py took 0.210 seconds
[2025-12-01T20:28:00.405+0300] {processor.py:153} INFO - Started process (PID=922423) to work on /home/pker/airflow_env/lib/python3.7/site-packages/airflow/example_dags/example_branch_datetime_operator.py
[2025-12-01T20:28:00.428+0300] {processor.py:743} INFO - Processing file /home/pker/airflow_env/lib/python3.7/site-packages/airflow/example_dags/example_branch_datetime_operator.py for tasks to queue
[2025-12-01T20:28:00.430+0300] {logging_mixin.py:137} INFO - [2025-12-01T20:28:00.430+0300] {dagbag.py:532} INFO - Filling up the DagBag from /home/pker/airflow_env/lib/python3.7/site-packages/airflow/example_dags/example_branch_datetime_operator.py
[2025-12-01T20:28:00.462+0300] {processor.py:753} INFO - DAG(s) dict_keys(['example_branch_datetime_operator_3', 'example_branch_datetime_operator_2', 'example_branch_datetime_operator']) retrieved from /home/pker/airflow_env/lib/python3.7/site-packages/airflow/example_dags/example_branch_datetime_operator.py
[2025-12-01T20:28:00.499+0300] {logging_mixin.py:137} INFO - [2025-12-01T20:28:00.499+0300] {dag.py:2705} INFO - Sync 3 DAGs
[2025-12-01T20:28:00.542+0300] {logging_mixin.py:137} INFO - [2025-12-01T20:28:00.542+0300] {dag.py:3456} INFO - Setting next_dagrun for example_branch_datetime_operator to 2025-11-30T00:00:00+00:00, run_after=2025-12-01T00:00:00+00:00
[2025-12-01T20:28:00.549+0300] {logging_mixin.py:137} INFO - [2025-12-01T20:28:00.549+0300] {dag.py:3456} INFO - Setting next_dagrun for example_branch_datetime_operator_2 to 2025-11-30T00:00:00+00:00, run_after=2025-12-01T00:00:00+00:00
[2025-12-01T20:28:00.553+0300] {logging_mixin.py:137} INFO - [2025-12-01T20:28:00.552+0300] {dag.py:3456} INFO - Setting next_dagrun for example_branch_datetime_operator_3 to 2025-11-30T00:00:00+00:00, run_after=2025-12-01T00:00:00+00:00
[2025-12-01T20:28:00.592+0300] {processor.py:175} INFO - Processing /home/pker/airflow_env/lib/python3.7/site-packages/airflow/example_dags/example_branch_datetime_operator.py took 0.195 seconds
[2025-12-01T20:28:48.786+0300] {processor.py:153} INFO - Started process (PID=922599) to work on /home/pker/airflow_env/lib/python3.7/site-packages/airflow/example_dags/example_branch_datetime_operator.py
[2025-12-01T20:28:48.809+0300] {processor.py:743} INFO - Processing file /home/pker/airflow_env/lib/python3.7/site-packages/airflow/example_dags/example_branch_datetime_operator.py for tasks to queue
[2025-12-01T20:28:48.811+0300] {logging_mixin.py:137} INFO - [2025-12-01T20:28:48.811+0300] {dagbag.py:532} INFO - Filling up the DagBag from /home/pker/airflow_env/lib/python3.7/site-packages/airflow/example_dags/example_branch_datetime_operator.py
[2025-12-01T20:28:48.841+0300] {processor.py:753} INFO - DAG(s) dict_keys(['example_branch_datetime_operator', 'example_branch_datetime_operator_2', 'example_branch_datetime_operator_3']) retrieved from /home/pker/airflow_env/lib/python3.7/site-packages/airflow/example_dags/example_branch_datetime_operator.py
[2025-12-01T20:28:48.875+0300] {logging_mixin.py:137} INFO - [2025-12-01T20:28:48.875+0300] {dag.py:2705} INFO - Sync 3 DAGs
[2025-12-01T20:28:48.903+0300] {logging_mixin.py:137} INFO - [2025-12-01T20:28:48.903+0300] {dag.py:3456} INFO - Setting next_dagrun for example_branch_datetime_operator to 2025-11-30T00:00:00+00:00, run_after=2025-12-01T00:00:00+00:00
[2025-12-01T20:28:48.908+0300] {logging_mixin.py:137} INFO - [2025-12-01T20:28:48.908+0300] {dag.py:3456} INFO - Setting next_dagrun for example_branch_datetime_operator_2 to 2025-11-30T00:00:00+00:00, run_after=2025-12-01T00:00:00+00:00
[2025-12-01T20:28:48.911+0300] {logging_mixin.py:137} INFO - [2025-12-01T20:28:48.910+0300] {dag.py:3456} INFO - Setting next_dagrun for example_branch_datetime_operator_3 to 2025-11-30T00:00:00+00:00, run_after=2025-12-01T00:00:00+00:00
[2025-12-01T20:28:48.939+0300] {processor.py:175} INFO - Processing /home/pker/airflow_env/lib/python3.7/site-packages/airflow/example_dags/example_branch_datetime_operator.py took 0.157 seconds
[2025-12-01T20:29:57.776+0300] {processor.py:153} INFO - Started process (PID=922864) to work on /home/pker/airflow_env/lib/python3.7/site-packages/airflow/example_dags/example_branch_datetime_operator.py
[2025-12-01T20:29:57.798+0300] {processor.py:743} INFO - Processing file /home/pker/airflow_env/lib/python3.7/site-packages/airflow/example_dags/example_branch_datetime_operator.py for tasks to queue
[2025-12-01T20:29:57.801+0300] {logging_mixin.py:137} INFO - [2025-12-01T20:29:57.800+0300] {dagbag.py:532} INFO - Filling up the DagBag from /home/pker/airflow_env/lib/python3.7/site-packages/airflow/example_dags/example_branch_datetime_operator.py
[2025-12-01T20:29:57.831+0300] {processor.py:753} INFO - DAG(s) dict_keys(['example_branch_datetime_operator_3', 'example_branch_datetime_operator_2', 'example_branch_datetime_operator']) retrieved from /home/pker/airflow_env/lib/python3.7/site-packages/airflow/example_dags/example_branch_datetime_operator.py
[2025-12-01T20:29:57.865+0300] {logging_mixin.py:137} INFO - [2025-12-01T20:29:57.865+0300] {dag.py:2705} INFO - Sync 3 DAGs
[2025-12-01T20:29:57.893+0300] {logging_mixin.py:137} INFO - [2025-12-01T20:29:57.893+0300] {dag.py:3456} INFO - Setting next_dagrun for example_branch_datetime_operator to 2025-11-30T00:00:00+00:00, run_after=2025-12-01T00:00:00+00:00
[2025-12-01T20:29:57.898+0300] {logging_mixin.py:137} INFO - [2025-12-01T20:29:57.898+0300] {dag.py:3456} INFO - Setting next_dagrun for example_branch_datetime_operator_2 to 2025-11-30T00:00:00+00:00, run_after=2025-12-01T00:00:00+00:00
[2025-12-01T20:29:57.901+0300] {logging_mixin.py:137} INFO - [2025-12-01T20:29:57.901+0300] {dag.py:3456} INFO - Setting next_dagrun for example_branch_datetime_operator_3 to 2025-11-30T00:00:00+00:00, run_after=2025-12-01T00:00:00+00:00
[2025-12-01T20:29:57.930+0300] {processor.py:175} INFO - Processing /home/pker/airflow_env/lib/python3.7/site-packages/airflow/example_dags/example_branch_datetime_operator.py took 0.159 seconds
[2025-12-01T20:30:48.562+0300] {processor.py:153} INFO - Started process (PID=923049) to work on /home/pker/airflow_env/lib/python3.7/site-packages/airflow/example_dags/example_branch_datetime_operator.py
[2025-12-01T20:30:48.584+0300] {processor.py:743} INFO - Processing file /home/pker/airflow_env/lib/python3.7/site-packages/airflow/example_dags/example_branch_datetime_operator.py for tasks to queue
[2025-12-01T20:30:48.586+0300] {logging_mixin.py:137} INFO - [2025-12-01T20:30:48.586+0300] {dagbag.py:532} INFO - Filling up the DagBag from /home/pker/airflow_env/lib/python3.7/site-packages/airflow/example_dags/example_branch_datetime_operator.py
[2025-12-01T20:30:48.617+0300] {processor.py:753} INFO - DAG(s) dict_keys(['example_branch_datetime_operator', 'example_branch_datetime_operator_2', 'example_branch_datetime_operator_3']) retrieved from /home/pker/airflow_env/lib/python3.7/site-packages/airflow/example_dags/example_branch_datetime_operator.py
[2025-12-01T20:30:48.656+0300] {logging_mixin.py:137} INFO - [2025-12-01T20:30:48.656+0300] {dag.py:2705} INFO - Sync 3 DAGs
[2025-12-01T20:30:48.688+0300] {logging_mixin.py:137} INFO - [2025-12-01T20:30:48.688+0300] {dag.py:3456} INFO - Setting next_dagrun for example_branch_datetime_operator to 2025-11-30T00:00:00+00:00, run_after=2025-12-01T00:00:00+00:00
[2025-12-01T20:30:48.693+0300] {logging_mixin.py:137} INFO - [2025-12-01T20:30:48.692+0300] {dag.py:3456} INFO - Setting next_dagrun for example_branch_datetime_operator_2 to 2025-11-30T00:00:00+00:00, run_after=2025-12-01T00:00:00+00:00
[2025-12-01T20:30:48.695+0300] {logging_mixin.py:137} INFO - [2025-12-01T20:30:48.695+0300] {dag.py:3456} INFO - Setting next_dagrun for example_branch_datetime_operator_3 to 2025-11-30T00:00:00+00:00, run_after=2025-12-01T00:00:00+00:00
[2025-12-01T20:30:48.758+0300] {processor.py:175} INFO - Processing /home/pker/airflow_env/lib/python3.7/site-packages/airflow/example_dags/example_branch_datetime_operator.py took 0.200 seconds
[2025-12-01T20:31:40.372+0300] {processor.py:153} INFO - Started process (PID=923237) to work on /home/pker/airflow_env/lib/python3.7/site-packages/airflow/example_dags/example_branch_datetime_operator.py
[2025-12-01T20:31:40.393+0300] {processor.py:743} INFO - Processing file /home/pker/airflow_env/lib/python3.7/site-packages/airflow/example_dags/example_branch_datetime_operator.py for tasks to queue
[2025-12-01T20:31:40.396+0300] {logging_mixin.py:137} INFO - [2025-12-01T20:31:40.395+0300] {dagbag.py:532} INFO - Filling up the DagBag from /home/pker/airflow_env/lib/python3.7/site-packages/airflow/example_dags/example_branch_datetime_operator.py
[2025-12-01T20:31:40.438+0300] {processor.py:753} INFO - DAG(s) dict_keys(['example_branch_datetime_operator', 'example_branch_datetime_operator_2', 'example_branch_datetime_operator_3']) retrieved from /home/pker/airflow_env/lib/python3.7/site-packages/airflow/example_dags/example_branch_datetime_operator.py
[2025-12-01T20:31:40.471+0300] {logging_mixin.py:137} INFO - [2025-12-01T20:31:40.471+0300] {dag.py:2705} INFO - Sync 3 DAGs
[2025-12-01T20:31:40.505+0300] {logging_mixin.py:137} INFO - [2025-12-01T20:31:40.505+0300] {dag.py:3456} INFO - Setting next_dagrun for example_branch_datetime_operator to 2025-11-30T00:00:00+00:00, run_after=2025-12-01T00:00:00+00:00
[2025-12-01T20:31:40.510+0300] {logging_mixin.py:137} INFO - [2025-12-01T20:31:40.510+0300] {dag.py:3456} INFO - Setting next_dagrun for example_branch_datetime_operator_2 to 2025-11-30T00:00:00+00:00, run_after=2025-12-01T00:00:00+00:00
[2025-12-01T20:31:40.512+0300] {logging_mixin.py:137} INFO - [2025-12-01T20:31:40.512+0300] {dag.py:3456} INFO - Setting next_dagrun for example_branch_datetime_operator_3 to 2025-11-30T00:00:00+00:00, run_after=2025-12-01T00:00:00+00:00
[2025-12-01T20:31:40.567+0300] {processor.py:175} INFO - Processing /home/pker/airflow_env/lib/python3.7/site-packages/airflow/example_dags/example_branch_datetime_operator.py took 0.201 seconds
