[2025-12-01T20:14:43.579+0300] {processor.py:153} INFO - Started process (PID=919383) to work on /home/pker/airflow_env/lib/python3.7/site-packages/airflow/example_dags/example_short_circuit_decorator.py
[2025-12-01T20:14:43.580+0300] {processor.py:743} INFO - Processing file /home/pker/airflow_env/lib/python3.7/site-packages/airflow/example_dags/example_short_circuit_decorator.py for tasks to queue
[2025-12-01T20:14:43.581+0300] {logging_mixin.py:137} INFO - [2025-12-01T20:14:43.581+0300] {dagbag.py:532} INFO - Filling up the DagBag from /home/pker/airflow_env/lib/python3.7/site-packages/airflow/example_dags/example_short_circuit_decorator.py
[2025-12-01T20:14:43.619+0300] {processor.py:753} INFO - DAG(s) dict_keys(['example_short_circuit_decorator']) retrieved from /home/pker/airflow_env/lib/python3.7/site-packages/airflow/example_dags/example_short_circuit_decorator.py
[2025-12-01T20:14:43.689+0300] {logging_mixin.py:137} INFO - [2025-12-01T20:14:43.689+0300] {dag.py:2705} INFO - Sync 1 DAGs
[2025-12-01T20:14:43.713+0300] {logging_mixin.py:137} INFO - [2025-12-01T20:14:43.713+0300] {dag.py:3456} INFO - Setting next_dagrun for example_short_circuit_decorator to 2025-11-30T17:14:43.712882+00:00, run_after=2025-12-01T17:14:43.712882+00:00
[2025-12-01T20:14:43.770+0300] {processor.py:175} INFO - Processing /home/pker/airflow_env/lib/python3.7/site-packages/airflow/example_dags/example_short_circuit_decorator.py took 0.196 seconds
[2025-12-01T20:15:42.929+0300] {processor.py:153} INFO - Started process (PID=919740) to work on /home/pker/airflow_env/lib/python3.7/site-packages/airflow/example_dags/example_short_circuit_decorator.py
[2025-12-01T20:15:42.950+0300] {processor.py:743} INFO - Processing file /home/pker/airflow_env/lib/python3.7/site-packages/airflow/example_dags/example_short_circuit_decorator.py for tasks to queue
[2025-12-01T20:15:42.952+0300] {logging_mixin.py:137} INFO - [2025-12-01T20:15:42.952+0300] {dagbag.py:532} INFO - Filling up the DagBag from /home/pker/airflow_env/lib/python3.7/site-packages/airflow/example_dags/example_short_circuit_decorator.py
[2025-12-01T20:15:42.992+0300] {processor.py:753} INFO - DAG(s) dict_keys(['example_short_circuit_decorator']) retrieved from /home/pker/airflow_env/lib/python3.7/site-packages/airflow/example_dags/example_short_circuit_decorator.py
[2025-12-01T20:15:43.016+0300] {logging_mixin.py:137} INFO - [2025-12-01T20:15:43.016+0300] {dag.py:2705} INFO - Sync 1 DAGs
[2025-12-01T20:15:43.041+0300] {logging_mixin.py:137} INFO - [2025-12-01T20:15:43.041+0300] {dag.py:3456} INFO - Setting next_dagrun for example_short_circuit_decorator to 2025-11-30T17:15:43.041378+00:00, run_after=2025-12-01T17:15:43.041378+00:00
[2025-12-01T20:15:43.076+0300] {processor.py:175} INFO - Processing /home/pker/airflow_env/lib/python3.7/site-packages/airflow/example_dags/example_short_circuit_decorator.py took 0.152 seconds
[2025-12-01T20:16:38.728+0300] {processor.py:153} INFO - Started process (PID=919938) to work on /home/pker/airflow_env/lib/python3.7/site-packages/airflow/example_dags/example_short_circuit_decorator.py
[2025-12-01T20:16:38.749+0300] {processor.py:743} INFO - Processing file /home/pker/airflow_env/lib/python3.7/site-packages/airflow/example_dags/example_short_circuit_decorator.py for tasks to queue
[2025-12-01T20:16:38.751+0300] {logging_mixin.py:137} INFO - [2025-12-01T20:16:38.751+0300] {dagbag.py:532} INFO - Filling up the DagBag from /home/pker/airflow_env/lib/python3.7/site-packages/airflow/example_dags/example_short_circuit_decorator.py
[2025-12-01T20:16:38.793+0300] {processor.py:753} INFO - DAG(s) dict_keys(['example_short_circuit_decorator']) retrieved from /home/pker/airflow_env/lib/python3.7/site-packages/airflow/example_dags/example_short_circuit_decorator.py
[2025-12-01T20:16:38.826+0300] {logging_mixin.py:137} INFO - [2025-12-01T20:16:38.826+0300] {dag.py:2705} INFO - Sync 1 DAGs
[2025-12-01T20:16:38.867+0300] {logging_mixin.py:137} INFO - [2025-12-01T20:16:38.866+0300] {dag.py:3456} INFO - Setting next_dagrun for example_short_circuit_decorator to 2025-11-30T17:16:38.866419+00:00, run_after=2025-12-01T17:16:38.866419+00:00
[2025-12-01T20:16:38.925+0300] {processor.py:175} INFO - Processing /home/pker/airflow_env/lib/python3.7/site-packages/airflow/example_dags/example_short_circuit_decorator.py took 0.201 seconds
[2025-12-01T20:17:30.803+0300] {processor.py:153} INFO - Started process (PID=920124) to work on /home/pker/airflow_env/lib/python3.7/site-packages/airflow/example_dags/example_short_circuit_decorator.py
[2025-12-01T20:17:30.826+0300] {processor.py:743} INFO - Processing file /home/pker/airflow_env/lib/python3.7/site-packages/airflow/example_dags/example_short_circuit_decorator.py for tasks to queue
[2025-12-01T20:17:30.828+0300] {logging_mixin.py:137} INFO - [2025-12-01T20:17:30.828+0300] {dagbag.py:532} INFO - Filling up the DagBag from /home/pker/airflow_env/lib/python3.7/site-packages/airflow/example_dags/example_short_circuit_decorator.py
[2025-12-01T20:17:30.866+0300] {processor.py:753} INFO - DAG(s) dict_keys(['example_short_circuit_decorator']) retrieved from /home/pker/airflow_env/lib/python3.7/site-packages/airflow/example_dags/example_short_circuit_decorator.py
[2025-12-01T20:17:30.893+0300] {logging_mixin.py:137} INFO - [2025-12-01T20:17:30.893+0300] {dag.py:2705} INFO - Sync 1 DAGs
[2025-12-01T20:17:30.919+0300] {logging_mixin.py:137} INFO - [2025-12-01T20:17:30.919+0300] {dag.py:3456} INFO - Setting next_dagrun for example_short_circuit_decorator to 2025-11-30T17:17:30.919492+00:00, run_after=2025-12-01T17:17:30.919492+00:00
[2025-12-01T20:17:30.963+0300] {processor.py:175} INFO - Processing /home/pker/airflow_env/lib/python3.7/site-packages/airflow/example_dags/example_short_circuit_decorator.py took 0.164 seconds
[2025-12-01T20:18:20.750+0300] {processor.py:153} INFO - Started process (PID=920303) to work on /home/pker/airflow_env/lib/python3.7/site-packages/airflow/example_dags/example_short_circuit_decorator.py
[2025-12-01T20:18:20.772+0300] {processor.py:743} INFO - Processing file /home/pker/airflow_env/lib/python3.7/site-packages/airflow/example_dags/example_short_circuit_decorator.py for tasks to queue
[2025-12-01T20:18:20.775+0300] {logging_mixin.py:137} INFO - [2025-12-01T20:18:20.774+0300] {dagbag.py:532} INFO - Filling up the DagBag from /home/pker/airflow_env/lib/python3.7/site-packages/airflow/example_dags/example_short_circuit_decorator.py
[2025-12-01T20:18:20.812+0300] {processor.py:753} INFO - DAG(s) dict_keys(['example_short_circuit_decorator']) retrieved from /home/pker/airflow_env/lib/python3.7/site-packages/airflow/example_dags/example_short_circuit_decorator.py
[2025-12-01T20:18:20.843+0300] {logging_mixin.py:137} INFO - [2025-12-01T20:18:20.843+0300] {dag.py:2705} INFO - Sync 1 DAGs
[2025-12-01T20:18:20.884+0300] {logging_mixin.py:137} INFO - [2025-12-01T20:18:20.884+0300] {dag.py:3456} INFO - Setting next_dagrun for example_short_circuit_decorator to 2025-11-30T17:18:20.884352+00:00, run_after=2025-12-01T17:18:20.884352+00:00
[2025-12-01T20:18:20.950+0300] {processor.py:175} INFO - Processing /home/pker/airflow_env/lib/python3.7/site-packages/airflow/example_dags/example_short_circuit_decorator.py took 0.205 seconds
[2025-12-01T20:19:10.495+0300] {processor.py:153} INFO - Started process (PID=920482) to work on /home/pker/airflow_env/lib/python3.7/site-packages/airflow/example_dags/example_short_circuit_decorator.py
[2025-12-01T20:19:10.519+0300] {processor.py:743} INFO - Processing file /home/pker/airflow_env/lib/python3.7/site-packages/airflow/example_dags/example_short_circuit_decorator.py for tasks to queue
[2025-12-01T20:19:10.521+0300] {logging_mixin.py:137} INFO - [2025-12-01T20:19:10.521+0300] {dagbag.py:532} INFO - Filling up the DagBag from /home/pker/airflow_env/lib/python3.7/site-packages/airflow/example_dags/example_short_circuit_decorator.py
[2025-12-01T20:19:10.561+0300] {processor.py:753} INFO - DAG(s) dict_keys(['example_short_circuit_decorator']) retrieved from /home/pker/airflow_env/lib/python3.7/site-packages/airflow/example_dags/example_short_circuit_decorator.py
[2025-12-01T20:19:10.587+0300] {logging_mixin.py:137} INFO - [2025-12-01T20:19:10.587+0300] {dag.py:2705} INFO - Sync 1 DAGs
[2025-12-01T20:19:10.613+0300] {logging_mixin.py:137} INFO - [2025-12-01T20:19:10.613+0300] {dag.py:3456} INFO - Setting next_dagrun for example_short_circuit_decorator to 2025-11-30T17:19:10.612461+00:00, run_after=2025-12-01T17:19:10.612461+00:00
[2025-12-01T20:19:10.653+0300] {processor.py:175} INFO - Processing /home/pker/airflow_env/lib/python3.7/site-packages/airflow/example_dags/example_short_circuit_decorator.py took 0.163 seconds
[2025-12-01T20:19:55.693+0300] {processor.py:153} INFO - Started process (PID=920672) to work on /home/pker/airflow_env/lib/python3.7/site-packages/airflow/example_dags/example_short_circuit_decorator.py
[2025-12-01T20:19:55.714+0300] {processor.py:743} INFO - Processing file /home/pker/airflow_env/lib/python3.7/site-packages/airflow/example_dags/example_short_circuit_decorator.py for tasks to queue
[2025-12-01T20:19:55.715+0300] {logging_mixin.py:137} INFO - [2025-12-01T20:19:55.715+0300] {dagbag.py:532} INFO - Filling up the DagBag from /home/pker/airflow_env/lib/python3.7/site-packages/airflow/example_dags/example_short_circuit_decorator.py
[2025-12-01T20:19:55.754+0300] {processor.py:753} INFO - DAG(s) dict_keys(['example_short_circuit_decorator']) retrieved from /home/pker/airflow_env/lib/python3.7/site-packages/airflow/example_dags/example_short_circuit_decorator.py
[2025-12-01T20:19:55.790+0300] {logging_mixin.py:137} INFO - [2025-12-01T20:19:55.789+0300] {dag.py:2705} INFO - Sync 1 DAGs
[2025-12-01T20:19:55.827+0300] {logging_mixin.py:137} INFO - [2025-12-01T20:19:55.826+0300] {dag.py:3456} INFO - Setting next_dagrun for example_short_circuit_decorator to 2025-11-30T17:19:55.826504+00:00, run_after=2025-12-01T17:19:55.826504+00:00
[2025-12-01T20:19:55.884+0300] {processor.py:175} INFO - Processing /home/pker/airflow_env/lib/python3.7/site-packages/airflow/example_dags/example_short_circuit_decorator.py took 0.195 seconds
[2025-12-01T20:20:44.434+0300] {processor.py:153} INFO - Started process (PID=920838) to work on /home/pker/airflow_env/lib/python3.7/site-packages/airflow/example_dags/example_short_circuit_decorator.py
[2025-12-01T20:20:44.457+0300] {processor.py:743} INFO - Processing file /home/pker/airflow_env/lib/python3.7/site-packages/airflow/example_dags/example_short_circuit_decorator.py for tasks to queue
[2025-12-01T20:20:44.459+0300] {logging_mixin.py:137} INFO - [2025-12-01T20:20:44.458+0300] {dagbag.py:532} INFO - Filling up the DagBag from /home/pker/airflow_env/lib/python3.7/site-packages/airflow/example_dags/example_short_circuit_decorator.py
[2025-12-01T20:20:44.502+0300] {processor.py:753} INFO - DAG(s) dict_keys(['example_short_circuit_decorator']) retrieved from /home/pker/airflow_env/lib/python3.7/site-packages/airflow/example_dags/example_short_circuit_decorator.py
[2025-12-01T20:20:44.531+0300] {logging_mixin.py:137} INFO - [2025-12-01T20:20:44.531+0300] {dag.py:2705} INFO - Sync 1 DAGs
[2025-12-01T20:20:44.566+0300] {logging_mixin.py:137} INFO - [2025-12-01T20:20:44.566+0300] {dag.py:3456} INFO - Setting next_dagrun for example_short_circuit_decorator to 2025-11-30T17:20:44.566210+00:00, run_after=2025-12-01T17:20:44.566210+00:00
[2025-12-01T20:20:44.598+0300] {processor.py:175} INFO - Processing /home/pker/airflow_env/lib/python3.7/site-packages/airflow/example_dags/example_short_circuit_decorator.py took 0.170 seconds
[2025-12-01T20:21:31.345+0300] {processor.py:153} INFO - Started process (PID=921007) to work on /home/pker/airflow_env/lib/python3.7/site-packages/airflow/example_dags/example_short_circuit_decorator.py
[2025-12-01T20:21:31.369+0300] {processor.py:743} INFO - Processing file /home/pker/airflow_env/lib/python3.7/site-packages/airflow/example_dags/example_short_circuit_decorator.py for tasks to queue
[2025-12-01T20:21:31.372+0300] {logging_mixin.py:137} INFO - [2025-12-01T20:21:31.372+0300] {dagbag.py:532} INFO - Filling up the DagBag from /home/pker/airflow_env/lib/python3.7/site-packages/airflow/example_dags/example_short_circuit_decorator.py
[2025-12-01T20:21:31.415+0300] {processor.py:753} INFO - DAG(s) dict_keys(['example_short_circuit_decorator']) retrieved from /home/pker/airflow_env/lib/python3.7/site-packages/airflow/example_dags/example_short_circuit_decorator.py
[2025-12-01T20:21:31.452+0300] {logging_mixin.py:137} INFO - [2025-12-01T20:21:31.451+0300] {dag.py:2705} INFO - Sync 1 DAGs
[2025-12-01T20:21:31.485+0300] {logging_mixin.py:137} INFO - [2025-12-01T20:21:31.485+0300] {dag.py:3456} INFO - Setting next_dagrun for example_short_circuit_decorator to 2025-11-30T17:21:31.485474+00:00, run_after=2025-12-01T17:21:31.485474+00:00
[2025-12-01T20:21:31.526+0300] {processor.py:175} INFO - Processing /home/pker/airflow_env/lib/python3.7/site-packages/airflow/example_dags/example_short_circuit_decorator.py took 0.186 seconds
[2025-12-01T20:22:19.347+0300] {processor.py:153} INFO - Started process (PID=921176) to work on /home/pker/airflow_env/lib/python3.7/site-packages/airflow/example_dags/example_short_circuit_decorator.py
[2025-12-01T20:22:19.370+0300] {processor.py:743} INFO - Processing file /home/pker/airflow_env/lib/python3.7/site-packages/airflow/example_dags/example_short_circuit_decorator.py for tasks to queue
[2025-12-01T20:22:19.372+0300] {logging_mixin.py:137} INFO - [2025-12-01T20:22:19.372+0300] {dagbag.py:532} INFO - Filling up the DagBag from /home/pker/airflow_env/lib/python3.7/site-packages/airflow/example_dags/example_short_circuit_decorator.py
[2025-12-01T20:22:19.416+0300] {processor.py:753} INFO - DAG(s) dict_keys(['example_short_circuit_decorator']) retrieved from /home/pker/airflow_env/lib/python3.7/site-packages/airflow/example_dags/example_short_circuit_decorator.py
[2025-12-01T20:22:19.441+0300] {logging_mixin.py:137} INFO - [2025-12-01T20:22:19.441+0300] {dag.py:2705} INFO - Sync 1 DAGs
[2025-12-01T20:22:19.471+0300] {logging_mixin.py:137} INFO - [2025-12-01T20:22:19.471+0300] {dag.py:3456} INFO - Setting next_dagrun for example_short_circuit_decorator to 2025-11-30T17:22:19.471253+00:00, run_after=2025-12-01T17:22:19.471253+00:00
[2025-12-01T20:22:19.519+0300] {processor.py:175} INFO - Processing /home/pker/airflow_env/lib/python3.7/site-packages/airflow/example_dags/example_short_circuit_decorator.py took 0.177 seconds
[2025-12-01T20:23:10.132+0300] {processor.py:153} INFO - Started process (PID=921357) to work on /home/pker/airflow_env/lib/python3.7/site-packages/airflow/example_dags/example_short_circuit_decorator.py
[2025-12-01T20:23:10.142+0300] {processor.py:743} INFO - Processing file /home/pker/airflow_env/lib/python3.7/site-packages/airflow/example_dags/example_short_circuit_decorator.py for tasks to queue
[2025-12-01T20:23:10.144+0300] {logging_mixin.py:137} INFO - [2025-12-01T20:23:10.143+0300] {dagbag.py:532} INFO - Filling up the DagBag from /home/pker/airflow_env/lib/python3.7/site-packages/airflow/example_dags/example_short_circuit_decorator.py
[2025-12-01T20:23:10.192+0300] {processor.py:753} INFO - DAG(s) dict_keys(['example_short_circuit_decorator']) retrieved from /home/pker/airflow_env/lib/python3.7/site-packages/airflow/example_dags/example_short_circuit_decorator.py
[2025-12-01T20:23:10.218+0300] {logging_mixin.py:137} INFO - [2025-12-01T20:23:10.218+0300] {dag.py:2705} INFO - Sync 1 DAGs
[2025-12-01T20:23:10.247+0300] {logging_mixin.py:137} INFO - [2025-12-01T20:23:10.247+0300] {dag.py:3456} INFO - Setting next_dagrun for example_short_circuit_decorator to 2025-11-30T17:23:10.246990+00:00, run_after=2025-12-01T17:23:10.246990+00:00
[2025-12-01T20:23:10.293+0300] {processor.py:175} INFO - Processing /home/pker/airflow_env/lib/python3.7/site-packages/airflow/example_dags/example_short_circuit_decorator.py took 0.166 seconds
[2025-12-01T20:24:01.187+0300] {processor.py:153} INFO - Started process (PID=921542) to work on /home/pker/airflow_env/lib/python3.7/site-packages/airflow/example_dags/example_short_circuit_decorator.py
[2025-12-01T20:24:01.208+0300] {processor.py:743} INFO - Processing file /home/pker/airflow_env/lib/python3.7/site-packages/airflow/example_dags/example_short_circuit_decorator.py for tasks to queue
[2025-12-01T20:24:01.210+0300] {logging_mixin.py:137} INFO - [2025-12-01T20:24:01.209+0300] {dagbag.py:532} INFO - Filling up the DagBag from /home/pker/airflow_env/lib/python3.7/site-packages/airflow/example_dags/example_short_circuit_decorator.py
[2025-12-01T20:24:01.247+0300] {processor.py:753} INFO - DAG(s) dict_keys(['example_short_circuit_decorator']) retrieved from /home/pker/airflow_env/lib/python3.7/site-packages/airflow/example_dags/example_short_circuit_decorator.py
[2025-12-01T20:24:01.274+0300] {logging_mixin.py:137} INFO - [2025-12-01T20:24:01.274+0300] {dag.py:2705} INFO - Sync 1 DAGs
[2025-12-01T20:24:01.300+0300] {logging_mixin.py:137} INFO - [2025-12-01T20:24:01.300+0300] {dag.py:3456} INFO - Setting next_dagrun for example_short_circuit_decorator to 2025-11-30T17:24:01.299536+00:00, run_after=2025-12-01T17:24:01.299536+00:00
[2025-12-01T20:24:01.337+0300] {processor.py:175} INFO - Processing /home/pker/airflow_env/lib/python3.7/site-packages/airflow/example_dags/example_short_circuit_decorator.py took 0.154 seconds
[2025-12-01T20:24:52.726+0300] {processor.py:153} INFO - Started process (PID=921745) to work on /home/pker/airflow_env/lib/python3.7/site-packages/airflow/example_dags/example_short_circuit_decorator.py
[2025-12-01T20:24:52.750+0300] {processor.py:743} INFO - Processing file /home/pker/airflow_env/lib/python3.7/site-packages/airflow/example_dags/example_short_circuit_decorator.py for tasks to queue
[2025-12-01T20:24:52.752+0300] {logging_mixin.py:137} INFO - [2025-12-01T20:24:52.752+0300] {dagbag.py:532} INFO - Filling up the DagBag from /home/pker/airflow_env/lib/python3.7/site-packages/airflow/example_dags/example_short_circuit_decorator.py
[2025-12-01T20:24:52.793+0300] {processor.py:753} INFO - DAG(s) dict_keys(['example_short_circuit_decorator']) retrieved from /home/pker/airflow_env/lib/python3.7/site-packages/airflow/example_dags/example_short_circuit_decorator.py
[2025-12-01T20:24:52.818+0300] {logging_mixin.py:137} INFO - [2025-12-01T20:24:52.818+0300] {dag.py:2705} INFO - Sync 1 DAGs
[2025-12-01T20:24:52.847+0300] {logging_mixin.py:137} INFO - [2025-12-01T20:24:52.847+0300] {dag.py:3456} INFO - Setting next_dagrun for example_short_circuit_decorator to 2025-11-30T17:24:52.846780+00:00, run_after=2025-12-01T17:24:52.846780+00:00
[2025-12-01T20:24:52.877+0300] {processor.py:175} INFO - Processing /home/pker/airflow_env/lib/python3.7/site-packages/airflow/example_dags/example_short_circuit_decorator.py took 0.157 seconds
[2025-12-01T20:25:41.997+0300] {processor.py:153} INFO - Started process (PID=921921) to work on /home/pker/airflow_env/lib/python3.7/site-packages/airflow/example_dags/example_short_circuit_decorator.py
[2025-12-01T20:25:42.019+0300] {processor.py:743} INFO - Processing file /home/pker/airflow_env/lib/python3.7/site-packages/airflow/example_dags/example_short_circuit_decorator.py for tasks to queue
[2025-12-01T20:25:42.022+0300] {logging_mixin.py:137} INFO - [2025-12-01T20:25:42.021+0300] {dagbag.py:532} INFO - Filling up the DagBag from /home/pker/airflow_env/lib/python3.7/site-packages/airflow/example_dags/example_short_circuit_decorator.py
[2025-12-01T20:25:42.059+0300] {processor.py:753} INFO - DAG(s) dict_keys(['example_short_circuit_decorator']) retrieved from /home/pker/airflow_env/lib/python3.7/site-packages/airflow/example_dags/example_short_circuit_decorator.py
[2025-12-01T20:25:42.092+0300] {logging_mixin.py:137} INFO - [2025-12-01T20:25:42.092+0300] {dag.py:2705} INFO - Sync 1 DAGs
[2025-12-01T20:25:42.130+0300] {logging_mixin.py:137} INFO - [2025-12-01T20:25:42.130+0300] {dag.py:3456} INFO - Setting next_dagrun for example_short_circuit_decorator to 2025-11-30T17:25:42.130011+00:00, run_after=2025-12-01T17:25:42.130011+00:00
[2025-12-01T20:25:42.183+0300] {processor.py:175} INFO - Processing /home/pker/airflow_env/lib/python3.7/site-packages/airflow/example_dags/example_short_circuit_decorator.py took 0.192 seconds
[2025-12-01T20:26:33.470+0300] {processor.py:153} INFO - Started process (PID=922109) to work on /home/pker/airflow_env/lib/python3.7/site-packages/airflow/example_dags/example_short_circuit_decorator.py
[2025-12-01T20:26:33.493+0300] {processor.py:743} INFO - Processing file /home/pker/airflow_env/lib/python3.7/site-packages/airflow/example_dags/example_short_circuit_decorator.py for tasks to queue
[2025-12-01T20:26:33.496+0300] {logging_mixin.py:137} INFO - [2025-12-01T20:26:33.496+0300] {dagbag.py:532} INFO - Filling up the DagBag from /home/pker/airflow_env/lib/python3.7/site-packages/airflow/example_dags/example_short_circuit_decorator.py
[2025-12-01T20:26:33.538+0300] {processor.py:753} INFO - DAG(s) dict_keys(['example_short_circuit_decorator']) retrieved from /home/pker/airflow_env/lib/python3.7/site-packages/airflow/example_dags/example_short_circuit_decorator.py
[2025-12-01T20:26:33.563+0300] {logging_mixin.py:137} INFO - [2025-12-01T20:26:33.563+0300] {dag.py:2705} INFO - Sync 1 DAGs
[2025-12-01T20:26:33.589+0300] {logging_mixin.py:137} INFO - [2025-12-01T20:26:33.589+0300] {dag.py:3456} INFO - Setting next_dagrun for example_short_circuit_decorator to 2025-11-30T17:26:33.588896+00:00, run_after=2025-12-01T17:26:33.588896+00:00
[2025-12-01T20:26:33.617+0300] {processor.py:175} INFO - Processing /home/pker/airflow_env/lib/python3.7/site-packages/airflow/example_dags/example_short_circuit_decorator.py took 0.153 seconds
[2025-12-01T20:27:23.448+0300] {processor.py:153} INFO - Started process (PID=922287) to work on /home/pker/airflow_env/lib/python3.7/site-packages/airflow/example_dags/example_short_circuit_decorator.py
[2025-12-01T20:27:23.470+0300] {processor.py:743} INFO - Processing file /home/pker/airflow_env/lib/python3.7/site-packages/airflow/example_dags/example_short_circuit_decorator.py for tasks to queue
[2025-12-01T20:27:23.473+0300] {logging_mixin.py:137} INFO - [2025-12-01T20:27:23.472+0300] {dagbag.py:532} INFO - Filling up the DagBag from /home/pker/airflow_env/lib/python3.7/site-packages/airflow/example_dags/example_short_circuit_decorator.py
[2025-12-01T20:27:23.515+0300] {processor.py:753} INFO - DAG(s) dict_keys(['example_short_circuit_decorator']) retrieved from /home/pker/airflow_env/lib/python3.7/site-packages/airflow/example_dags/example_short_circuit_decorator.py
[2025-12-01T20:27:23.554+0300] {logging_mixin.py:137} INFO - [2025-12-01T20:27:23.553+0300] {dag.py:2705} INFO - Sync 1 DAGs
[2025-12-01T20:27:23.587+0300] {logging_mixin.py:137} INFO - [2025-12-01T20:27:23.587+0300] {dag.py:3456} INFO - Setting next_dagrun for example_short_circuit_decorator to 2025-11-30T17:27:23.587296+00:00, run_after=2025-12-01T17:27:23.587296+00:00
[2025-12-01T20:27:23.620+0300] {processor.py:175} INFO - Processing /home/pker/airflow_env/lib/python3.7/site-packages/airflow/example_dags/example_short_circuit_decorator.py took 0.178 seconds
[2025-12-01T20:28:10.094+0300] {processor.py:153} INFO - Started process (PID=922456) to work on /home/pker/airflow_env/lib/python3.7/site-packages/airflow/example_dags/example_short_circuit_decorator.py
[2025-12-01T20:28:10.097+0300] {processor.py:743} INFO - Processing file /home/pker/airflow_env/lib/python3.7/site-packages/airflow/example_dags/example_short_circuit_decorator.py for tasks to queue
[2025-12-01T20:28:10.098+0300] {logging_mixin.py:137} INFO - [2025-12-01T20:28:10.098+0300] {dagbag.py:532} INFO - Filling up the DagBag from /home/pker/airflow_env/lib/python3.7/site-packages/airflow/example_dags/example_short_circuit_decorator.py
[2025-12-01T20:28:10.151+0300] {processor.py:753} INFO - DAG(s) dict_keys(['example_short_circuit_decorator']) retrieved from /home/pker/airflow_env/lib/python3.7/site-packages/airflow/example_dags/example_short_circuit_decorator.py
[2025-12-01T20:28:10.181+0300] {logging_mixin.py:137} INFO - [2025-12-01T20:28:10.180+0300] {dag.py:2705} INFO - Sync 1 DAGs
[2025-12-01T20:28:10.213+0300] {logging_mixin.py:137} INFO - [2025-12-01T20:28:10.213+0300] {dag.py:3456} INFO - Setting next_dagrun for example_short_circuit_decorator to 2025-11-30T17:28:10.212765+00:00, run_after=2025-12-01T17:28:10.212765+00:00
[2025-12-01T20:28:10.247+0300] {processor.py:175} INFO - Processing /home/pker/airflow_env/lib/python3.7/site-packages/airflow/example_dags/example_short_circuit_decorator.py took 0.159 seconds
[2025-12-01T20:28:55.374+0300] {processor.py:153} INFO - Started process (PID=922644) to work on /home/pker/airflow_env/lib/python3.7/site-packages/airflow/example_dags/example_short_circuit_decorator.py
[2025-12-01T20:28:55.397+0300] {processor.py:743} INFO - Processing file /home/pker/airflow_env/lib/python3.7/site-packages/airflow/example_dags/example_short_circuit_decorator.py for tasks to queue
[2025-12-01T20:28:55.400+0300] {logging_mixin.py:137} INFO - [2025-12-01T20:28:55.399+0300] {dagbag.py:532} INFO - Filling up the DagBag from /home/pker/airflow_env/lib/python3.7/site-packages/airflow/example_dags/example_short_circuit_decorator.py
[2025-12-01T20:28:55.440+0300] {processor.py:753} INFO - DAG(s) dict_keys(['example_short_circuit_decorator']) retrieved from /home/pker/airflow_env/lib/python3.7/site-packages/airflow/example_dags/example_short_circuit_decorator.py
[2025-12-01T20:28:55.465+0300] {logging_mixin.py:137} INFO - [2025-12-01T20:28:55.465+0300] {dag.py:2705} INFO - Sync 1 DAGs
[2025-12-01T20:28:55.498+0300] {logging_mixin.py:137} INFO - [2025-12-01T20:28:55.497+0300] {dag.py:3456} INFO - Setting next_dagrun for example_short_circuit_decorator to 2025-11-30T17:28:55.497319+00:00, run_after=2025-12-01T17:28:55.497319+00:00
[2025-12-01T20:28:55.558+0300] {processor.py:175} INFO - Processing /home/pker/airflow_env/lib/python3.7/site-packages/airflow/example_dags/example_short_circuit_decorator.py took 0.188 seconds
[2025-12-01T20:29:42.166+0300] {processor.py:153} INFO - Started process (PID=922815) to work on /home/pker/airflow_env/lib/python3.7/site-packages/airflow/example_dags/example_short_circuit_decorator.py
[2025-12-01T20:29:42.190+0300] {processor.py:743} INFO - Processing file /home/pker/airflow_env/lib/python3.7/site-packages/airflow/example_dags/example_short_circuit_decorator.py for tasks to queue
[2025-12-01T20:29:42.193+0300] {logging_mixin.py:137} INFO - [2025-12-01T20:29:42.192+0300] {dagbag.py:532} INFO - Filling up the DagBag from /home/pker/airflow_env/lib/python3.7/site-packages/airflow/example_dags/example_short_circuit_decorator.py
[2025-12-01T20:29:42.238+0300] {processor.py:753} INFO - DAG(s) dict_keys(['example_short_circuit_decorator']) retrieved from /home/pker/airflow_env/lib/python3.7/site-packages/airflow/example_dags/example_short_circuit_decorator.py
[2025-12-01T20:29:42.268+0300] {logging_mixin.py:137} INFO - [2025-12-01T20:29:42.267+0300] {dag.py:2705} INFO - Sync 1 DAGs
[2025-12-01T20:29:42.297+0300] {logging_mixin.py:137} INFO - [2025-12-01T20:29:42.297+0300] {dag.py:3456} INFO - Setting next_dagrun for example_short_circuit_decorator to 2025-11-30T17:29:42.296957+00:00, run_after=2025-12-01T17:29:42.296957+00:00
[2025-12-01T20:29:42.330+0300] {processor.py:175} INFO - Processing /home/pker/airflow_env/lib/python3.7/site-packages/airflow/example_dags/example_short_circuit_decorator.py took 0.169 seconds
[2025-12-01T20:30:35.364+0300] {processor.py:153} INFO - Started process (PID=922998) to work on /home/pker/airflow_env/lib/python3.7/site-packages/airflow/example_dags/example_short_circuit_decorator.py
[2025-12-01T20:30:35.388+0300] {processor.py:743} INFO - Processing file /home/pker/airflow_env/lib/python3.7/site-packages/airflow/example_dags/example_short_circuit_decorator.py for tasks to queue
[2025-12-01T20:30:35.390+0300] {logging_mixin.py:137} INFO - [2025-12-01T20:30:35.390+0300] {dagbag.py:532} INFO - Filling up the DagBag from /home/pker/airflow_env/lib/python3.7/site-packages/airflow/example_dags/example_short_circuit_decorator.py
[2025-12-01T20:30:35.429+0300] {processor.py:753} INFO - DAG(s) dict_keys(['example_short_circuit_decorator']) retrieved from /home/pker/airflow_env/lib/python3.7/site-packages/airflow/example_dags/example_short_circuit_decorator.py
[2025-12-01T20:30:35.455+0300] {logging_mixin.py:137} INFO - [2025-12-01T20:30:35.455+0300] {dag.py:2705} INFO - Sync 1 DAGs
[2025-12-01T20:30:35.481+0300] {logging_mixin.py:137} INFO - [2025-12-01T20:30:35.481+0300] {dag.py:3456} INFO - Setting next_dagrun for example_short_circuit_decorator to 2025-11-30T17:30:35.480899+00:00, run_after=2025-12-01T17:30:35.480899+00:00
[2025-12-01T20:30:35.510+0300] {processor.py:175} INFO - Processing /home/pker/airflow_env/lib/python3.7/site-packages/airflow/example_dags/example_short_circuit_decorator.py took 0.152 seconds
[2025-12-01T20:31:24.995+0300] {processor.py:153} INFO - Started process (PID=923176) to work on /home/pker/airflow_env/lib/python3.7/site-packages/airflow/example_dags/example_short_circuit_decorator.py
[2025-12-01T20:31:24.998+0300] {processor.py:743} INFO - Processing file /home/pker/airflow_env/lib/python3.7/site-packages/airflow/example_dags/example_short_circuit_decorator.py for tasks to queue
[2025-12-01T20:31:25.000+0300] {logging_mixin.py:137} INFO - [2025-12-01T20:31:25.000+0300] {dagbag.py:532} INFO - Filling up the DagBag from /home/pker/airflow_env/lib/python3.7/site-packages/airflow/example_dags/example_short_circuit_decorator.py
[2025-12-01T20:31:25.036+0300] {processor.py:753} INFO - DAG(s) dict_keys(['example_short_circuit_decorator']) retrieved from /home/pker/airflow_env/lib/python3.7/site-packages/airflow/example_dags/example_short_circuit_decorator.py
[2025-12-01T20:31:25.061+0300] {logging_mixin.py:137} INFO - [2025-12-01T20:31:25.061+0300] {dag.py:2705} INFO - Sync 1 DAGs
[2025-12-01T20:31:25.086+0300] {logging_mixin.py:137} INFO - [2025-12-01T20:31:25.086+0300] {dag.py:3456} INFO - Setting next_dagrun for example_short_circuit_decorator to 2025-11-30T17:31:25.086371+00:00, run_after=2025-12-01T17:31:25.086371+00:00
[2025-12-01T20:31:25.117+0300] {processor.py:175} INFO - Processing /home/pker/airflow_env/lib/python3.7/site-packages/airflow/example_dags/example_short_circuit_decorator.py took 0.132 seconds
