[2025-12-01T20:15:08.502+0300] {processor.py:153} INFO - Started process (PID=919569) to work on /home/pker/airflow_env/lib/python3.7/site-packages/airflow/example_dags/example_branch_labels.py
[2025-12-01T20:15:08.503+0300] {processor.py:743} INFO - Processing file /home/pker/airflow_env/lib/python3.7/site-packages/airflow/example_dags/example_branch_labels.py for tasks to queue
[2025-12-01T20:15:08.505+0300] {logging_mixin.py:137} INFO - [2025-12-01T20:15:08.505+0300] {dagbag.py:532} INFO - Filling up the DagBag from /home/pker/airflow_env/lib/python3.7/site-packages/airflow/example_dags/example_branch_labels.py
[2025-12-01T20:15:08.531+0300] {processor.py:753} INFO - DAG(s) dict_keys(['example_branch_labels']) retrieved from /home/pker/airflow_env/lib/python3.7/site-packages/airflow/example_dags/example_branch_labels.py
[2025-12-01T20:15:08.676+0300] {logging_mixin.py:137} INFO - [2025-12-01T20:15:08.675+0300] {dag.py:2705} INFO - Sync 1 DAGs
[2025-12-01T20:15:08.708+0300] {logging_mixin.py:137} INFO - [2025-12-01T20:15:08.708+0300] {dag.py:3456} INFO - Setting next_dagrun for example_branch_labels to 2025-11-30T00:00:00+00:00, run_after=2025-12-01T00:00:00+00:00
[2025-12-01T20:15:08.742+0300] {processor.py:175} INFO - Processing /home/pker/airflow_env/lib/python3.7/site-packages/airflow/example_dags/example_branch_labels.py took 0.245 seconds
[2025-12-01T20:16:06.685+0300] {processor.py:153} INFO - Started process (PID=919821) to work on /home/pker/airflow_env/lib/python3.7/site-packages/airflow/example_dags/example_branch_labels.py
[2025-12-01T20:16:06.707+0300] {processor.py:743} INFO - Processing file /home/pker/airflow_env/lib/python3.7/site-packages/airflow/example_dags/example_branch_labels.py for tasks to queue
[2025-12-01T20:16:06.709+0300] {logging_mixin.py:137} INFO - [2025-12-01T20:16:06.709+0300] {dagbag.py:532} INFO - Filling up the DagBag from /home/pker/airflow_env/lib/python3.7/site-packages/airflow/example_dags/example_branch_labels.py
[2025-12-01T20:16:06.735+0300] {processor.py:753} INFO - DAG(s) dict_keys(['example_branch_labels']) retrieved from /home/pker/airflow_env/lib/python3.7/site-packages/airflow/example_dags/example_branch_labels.py
[2025-12-01T20:16:06.761+0300] {logging_mixin.py:137} INFO - [2025-12-01T20:16:06.760+0300] {dag.py:2705} INFO - Sync 1 DAGs
[2025-12-01T20:16:06.787+0300] {logging_mixin.py:137} INFO - [2025-12-01T20:16:06.787+0300] {dag.py:3456} INFO - Setting next_dagrun for example_branch_labels to 2025-11-30T00:00:00+00:00, run_after=2025-12-01T00:00:00+00:00
[2025-12-01T20:16:06.816+0300] {processor.py:175} INFO - Processing /home/pker/airflow_env/lib/python3.7/site-packages/airflow/example_dags/example_branch_labels.py took 0.136 seconds
[2025-12-01T20:17:01.329+0300] {processor.py:153} INFO - Started process (PID=920017) to work on /home/pker/airflow_env/lib/python3.7/site-packages/airflow/example_dags/example_branch_labels.py
[2025-12-01T20:17:01.352+0300] {processor.py:743} INFO - Processing file /home/pker/airflow_env/lib/python3.7/site-packages/airflow/example_dags/example_branch_labels.py for tasks to queue
[2025-12-01T20:17:01.355+0300] {logging_mixin.py:137} INFO - [2025-12-01T20:17:01.354+0300] {dagbag.py:532} INFO - Filling up the DagBag from /home/pker/airflow_env/lib/python3.7/site-packages/airflow/example_dags/example_branch_labels.py
[2025-12-01T20:17:01.381+0300] {processor.py:753} INFO - DAG(s) dict_keys(['example_branch_labels']) retrieved from /home/pker/airflow_env/lib/python3.7/site-packages/airflow/example_dags/example_branch_labels.py
[2025-12-01T20:17:01.412+0300] {logging_mixin.py:137} INFO - [2025-12-01T20:17:01.412+0300] {dag.py:2705} INFO - Sync 1 DAGs
[2025-12-01T20:17:01.447+0300] {logging_mixin.py:137} INFO - [2025-12-01T20:17:01.446+0300] {dag.py:3456} INFO - Setting next_dagrun for example_branch_labels to 2025-11-30T00:00:00+00:00, run_after=2025-12-01T00:00:00+00:00
[2025-12-01T20:17:01.481+0300] {processor.py:175} INFO - Processing /home/pker/airflow_env/lib/python3.7/site-packages/airflow/example_dags/example_branch_labels.py took 0.157 seconds
[2025-12-01T20:17:55.195+0300] {processor.py:153} INFO - Started process (PID=920208) to work on /home/pker/airflow_env/lib/python3.7/site-packages/airflow/example_dags/example_branch_labels.py
[2025-12-01T20:17:55.198+0300] {processor.py:743} INFO - Processing file /home/pker/airflow_env/lib/python3.7/site-packages/airflow/example_dags/example_branch_labels.py for tasks to queue
[2025-12-01T20:17:55.201+0300] {logging_mixin.py:137} INFO - [2025-12-01T20:17:55.201+0300] {dagbag.py:532} INFO - Filling up the DagBag from /home/pker/airflow_env/lib/python3.7/site-packages/airflow/example_dags/example_branch_labels.py
[2025-12-01T20:17:55.229+0300] {processor.py:753} INFO - DAG(s) dict_keys(['example_branch_labels']) retrieved from /home/pker/airflow_env/lib/python3.7/site-packages/airflow/example_dags/example_branch_labels.py
[2025-12-01T20:17:55.263+0300] {logging_mixin.py:137} INFO - [2025-12-01T20:17:55.263+0300] {dag.py:2705} INFO - Sync 1 DAGs
[2025-12-01T20:17:55.302+0300] {logging_mixin.py:137} INFO - [2025-12-01T20:17:55.302+0300] {dag.py:3456} INFO - Setting next_dagrun for example_branch_labels to 2025-11-30T00:00:00+00:00, run_after=2025-12-01T00:00:00+00:00
[2025-12-01T20:17:55.345+0300] {processor.py:175} INFO - Processing /home/pker/airflow_env/lib/python3.7/site-packages/airflow/example_dags/example_branch_labels.py took 0.156 seconds
[2025-12-01T20:18:44.408+0300] {processor.py:153} INFO - Started process (PID=920393) to work on /home/pker/airflow_env/lib/python3.7/site-packages/airflow/example_dags/example_branch_labels.py
[2025-12-01T20:18:44.430+0300] {processor.py:743} INFO - Processing file /home/pker/airflow_env/lib/python3.7/site-packages/airflow/example_dags/example_branch_labels.py for tasks to queue
[2025-12-01T20:18:44.433+0300] {logging_mixin.py:137} INFO - [2025-12-01T20:18:44.432+0300] {dagbag.py:532} INFO - Filling up the DagBag from /home/pker/airflow_env/lib/python3.7/site-packages/airflow/example_dags/example_branch_labels.py
[2025-12-01T20:18:44.458+0300] {processor.py:753} INFO - DAG(s) dict_keys(['example_branch_labels']) retrieved from /home/pker/airflow_env/lib/python3.7/site-packages/airflow/example_dags/example_branch_labels.py
[2025-12-01T20:18:44.485+0300] {logging_mixin.py:137} INFO - [2025-12-01T20:18:44.485+0300] {dag.py:2705} INFO - Sync 1 DAGs
[2025-12-01T20:18:44.512+0300] {logging_mixin.py:137} INFO - [2025-12-01T20:18:44.512+0300] {dag.py:3456} INFO - Setting next_dagrun for example_branch_labels to 2025-11-30T00:00:00+00:00, run_after=2025-12-01T00:00:00+00:00
[2025-12-01T20:18:44.537+0300] {processor.py:175} INFO - Processing /home/pker/airflow_env/lib/python3.7/site-packages/airflow/example_dags/example_branch_labels.py took 0.134 seconds
[2025-12-01T20:19:34.939+0300] {processor.py:153} INFO - Started process (PID=920589) to work on /home/pker/airflow_env/lib/python3.7/site-packages/airflow/example_dags/example_branch_labels.py
[2025-12-01T20:19:34.960+0300] {processor.py:743} INFO - Processing file /home/pker/airflow_env/lib/python3.7/site-packages/airflow/example_dags/example_branch_labels.py for tasks to queue
[2025-12-01T20:19:34.963+0300] {logging_mixin.py:137} INFO - [2025-12-01T20:19:34.963+0300] {dagbag.py:532} INFO - Filling up the DagBag from /home/pker/airflow_env/lib/python3.7/site-packages/airflow/example_dags/example_branch_labels.py
[2025-12-01T20:19:34.998+0300] {processor.py:753} INFO - DAG(s) dict_keys(['example_branch_labels']) retrieved from /home/pker/airflow_env/lib/python3.7/site-packages/airflow/example_dags/example_branch_labels.py
[2025-12-01T20:19:35.030+0300] {logging_mixin.py:137} INFO - [2025-12-01T20:19:35.030+0300] {dag.py:2705} INFO - Sync 1 DAGs
[2025-12-01T20:19:35.070+0300] {logging_mixin.py:137} INFO - [2025-12-01T20:19:35.069+0300] {dag.py:3456} INFO - Setting next_dagrun for example_branch_labels to 2025-11-30T00:00:00+00:00, run_after=2025-12-01T00:00:00+00:00
[2025-12-01T20:19:35.128+0300] {processor.py:175} INFO - Processing /home/pker/airflow_env/lib/python3.7/site-packages/airflow/example_dags/example_branch_labels.py took 0.197 seconds
[2025-12-01T20:20:47.026+0300] {processor.py:153} INFO - Started process (PID=920846) to work on /home/pker/airflow_env/lib/python3.7/site-packages/airflow/example_dags/example_branch_labels.py
[2025-12-01T20:20:47.050+0300] {processor.py:743} INFO - Processing file /home/pker/airflow_env/lib/python3.7/site-packages/airflow/example_dags/example_branch_labels.py for tasks to queue
[2025-12-01T20:20:47.052+0300] {logging_mixin.py:137} INFO - [2025-12-01T20:20:47.052+0300] {dagbag.py:532} INFO - Filling up the DagBag from /home/pker/airflow_env/lib/python3.7/site-packages/airflow/example_dags/example_branch_labels.py
[2025-12-01T20:20:47.083+0300] {processor.py:753} INFO - DAG(s) dict_keys(['example_branch_labels']) retrieved from /home/pker/airflow_env/lib/python3.7/site-packages/airflow/example_dags/example_branch_labels.py
[2025-12-01T20:20:47.112+0300] {logging_mixin.py:137} INFO - [2025-12-01T20:20:47.112+0300] {dag.py:2705} INFO - Sync 1 DAGs
[2025-12-01T20:20:47.141+0300] {logging_mixin.py:137} INFO - [2025-12-01T20:20:47.141+0300] {dag.py:3456} INFO - Setting next_dagrun for example_branch_labels to 2025-11-30T00:00:00+00:00, run_after=2025-12-01T00:00:00+00:00
[2025-12-01T20:20:47.172+0300] {processor.py:175} INFO - Processing /home/pker/airflow_env/lib/python3.7/site-packages/airflow/example_dags/example_branch_labels.py took 0.152 seconds
[2025-12-01T20:21:56.106+0300] {processor.py:153} INFO - Started process (PID=921097) to work on /home/pker/airflow_env/lib/python3.7/site-packages/airflow/example_dags/example_branch_labels.py
[2025-12-01T20:21:56.129+0300] {processor.py:743} INFO - Processing file /home/pker/airflow_env/lib/python3.7/site-packages/airflow/example_dags/example_branch_labels.py for tasks to queue
[2025-12-01T20:21:56.132+0300] {logging_mixin.py:137} INFO - [2025-12-01T20:21:56.132+0300] {dagbag.py:532} INFO - Filling up the DagBag from /home/pker/airflow_env/lib/python3.7/site-packages/airflow/example_dags/example_branch_labels.py
[2025-12-01T20:21:56.159+0300] {processor.py:753} INFO - DAG(s) dict_keys(['example_branch_labels']) retrieved from /home/pker/airflow_env/lib/python3.7/site-packages/airflow/example_dags/example_branch_labels.py
[2025-12-01T20:21:56.187+0300] {logging_mixin.py:137} INFO - [2025-12-01T20:21:56.187+0300] {dag.py:2705} INFO - Sync 1 DAGs
[2025-12-01T20:21:56.222+0300] {logging_mixin.py:137} INFO - [2025-12-01T20:21:56.222+0300] {dag.py:3456} INFO - Setting next_dagrun for example_branch_labels to 2025-11-30T00:00:00+00:00, run_after=2025-12-01T00:00:00+00:00
[2025-12-01T20:21:56.251+0300] {processor.py:175} INFO - Processing /home/pker/airflow_env/lib/python3.7/site-packages/airflow/example_dags/example_branch_labels.py took 0.150 seconds
[2025-12-01T20:22:46.479+0300] {processor.py:153} INFO - Started process (PID=921277) to work on /home/pker/airflow_env/lib/python3.7/site-packages/airflow/example_dags/example_branch_labels.py
[2025-12-01T20:22:46.502+0300] {processor.py:743} INFO - Processing file /home/pker/airflow_env/lib/python3.7/site-packages/airflow/example_dags/example_branch_labels.py for tasks to queue
[2025-12-01T20:22:46.503+0300] {logging_mixin.py:137} INFO - [2025-12-01T20:22:46.503+0300] {dagbag.py:532} INFO - Filling up the DagBag from /home/pker/airflow_env/lib/python3.7/site-packages/airflow/example_dags/example_branch_labels.py
[2025-12-01T20:22:46.538+0300] {processor.py:753} INFO - DAG(s) dict_keys(['example_branch_labels']) retrieved from /home/pker/airflow_env/lib/python3.7/site-packages/airflow/example_dags/example_branch_labels.py
[2025-12-01T20:22:46.587+0300] {logging_mixin.py:137} INFO - [2025-12-01T20:22:46.586+0300] {dag.py:2705} INFO - Sync 1 DAGs
[2025-12-01T20:22:46.631+0300] {logging_mixin.py:137} INFO - [2025-12-01T20:22:46.630+0300] {dag.py:3456} INFO - Setting next_dagrun for example_branch_labels to 2025-11-30T00:00:00+00:00, run_after=2025-12-01T00:00:00+00:00
[2025-12-01T20:22:46.681+0300] {processor.py:175} INFO - Processing /home/pker/airflow_env/lib/python3.7/site-packages/airflow/example_dags/example_branch_labels.py took 0.205 seconds
[2025-12-01T20:23:36.107+0300] {processor.py:153} INFO - Started process (PID=921451) to work on /home/pker/airflow_env/lib/python3.7/site-packages/airflow/example_dags/example_branch_labels.py
[2025-12-01T20:23:36.128+0300] {processor.py:743} INFO - Processing file /home/pker/airflow_env/lib/python3.7/site-packages/airflow/example_dags/example_branch_labels.py for tasks to queue
[2025-12-01T20:23:36.129+0300] {logging_mixin.py:137} INFO - [2025-12-01T20:23:36.129+0300] {dagbag.py:532} INFO - Filling up the DagBag from /home/pker/airflow_env/lib/python3.7/site-packages/airflow/example_dags/example_branch_labels.py
[2025-12-01T20:23:36.152+0300] {processor.py:753} INFO - DAG(s) dict_keys(['example_branch_labels']) retrieved from /home/pker/airflow_env/lib/python3.7/site-packages/airflow/example_dags/example_branch_labels.py
[2025-12-01T20:23:36.179+0300] {logging_mixin.py:137} INFO - [2025-12-01T20:23:36.179+0300] {dag.py:2705} INFO - Sync 1 DAGs
[2025-12-01T20:23:36.210+0300] {logging_mixin.py:137} INFO - [2025-12-01T20:23:36.210+0300] {dag.py:3456} INFO - Setting next_dagrun for example_branch_labels to 2025-11-30T00:00:00+00:00, run_after=2025-12-01T00:00:00+00:00
[2025-12-01T20:23:36.243+0300] {processor.py:175} INFO - Processing /home/pker/airflow_env/lib/python3.7/site-packages/airflow/example_dags/example_branch_labels.py took 0.144 seconds
[2025-12-01T20:24:28.219+0300] {processor.py:153} INFO - Started process (PID=921657) to work on /home/pker/airflow_env/lib/python3.7/site-packages/airflow/example_dags/example_branch_labels.py
[2025-12-01T20:24:28.238+0300] {processor.py:743} INFO - Processing file /home/pker/airflow_env/lib/python3.7/site-packages/airflow/example_dags/example_branch_labels.py for tasks to queue
[2025-12-01T20:24:28.240+0300] {logging_mixin.py:137} INFO - [2025-12-01T20:24:28.240+0300] {dagbag.py:532} INFO - Filling up the DagBag from /home/pker/airflow_env/lib/python3.7/site-packages/airflow/example_dags/example_branch_labels.py
[2025-12-01T20:24:28.263+0300] {processor.py:753} INFO - DAG(s) dict_keys(['example_branch_labels']) retrieved from /home/pker/airflow_env/lib/python3.7/site-packages/airflow/example_dags/example_branch_labels.py
[2025-12-01T20:24:28.296+0300] {logging_mixin.py:137} INFO - [2025-12-01T20:24:28.296+0300] {dag.py:2705} INFO - Sync 1 DAGs
[2025-12-01T20:24:28.339+0300] {logging_mixin.py:137} INFO - [2025-12-01T20:24:28.339+0300] {dag.py:3456} INFO - Setting next_dagrun for example_branch_labels to 2025-11-30T00:00:00+00:00, run_after=2025-12-01T00:00:00+00:00
[2025-12-01T20:24:28.384+0300] {processor.py:175} INFO - Processing /home/pker/airflow_env/lib/python3.7/site-packages/airflow/example_dags/example_branch_labels.py took 0.170 seconds
[2025-12-01T20:25:18.976+0300] {processor.py:153} INFO - Started process (PID=921838) to work on /home/pker/airflow_env/lib/python3.7/site-packages/airflow/example_dags/example_branch_labels.py
[2025-12-01T20:25:18.998+0300] {processor.py:743} INFO - Processing file /home/pker/airflow_env/lib/python3.7/site-packages/airflow/example_dags/example_branch_labels.py for tasks to queue
[2025-12-01T20:25:19.001+0300] {logging_mixin.py:137} INFO - [2025-12-01T20:25:19.000+0300] {dagbag.py:532} INFO - Filling up the DagBag from /home/pker/airflow_env/lib/python3.7/site-packages/airflow/example_dags/example_branch_labels.py
[2025-12-01T20:25:19.025+0300] {processor.py:753} INFO - DAG(s) dict_keys(['example_branch_labels']) retrieved from /home/pker/airflow_env/lib/python3.7/site-packages/airflow/example_dags/example_branch_labels.py
[2025-12-01T20:25:19.054+0300] {logging_mixin.py:137} INFO - [2025-12-01T20:25:19.053+0300] {dag.py:2705} INFO - Sync 1 DAGs
[2025-12-01T20:25:19.081+0300] {logging_mixin.py:137} INFO - [2025-12-01T20:25:19.081+0300] {dag.py:3456} INFO - Setting next_dagrun for example_branch_labels to 2025-11-30T00:00:00+00:00, run_after=2025-12-01T00:00:00+00:00
[2025-12-01T20:25:19.108+0300] {processor.py:175} INFO - Processing /home/pker/airflow_env/lib/python3.7/site-packages/airflow/example_dags/example_branch_labels.py took 0.137 seconds
[2025-12-01T20:26:27.010+0300] {processor.py:153} INFO - Started process (PID=922083) to work on /home/pker/airflow_env/lib/python3.7/site-packages/airflow/example_dags/example_branch_labels.py
[2025-12-01T20:26:27.033+0300] {processor.py:743} INFO - Processing file /home/pker/airflow_env/lib/python3.7/site-packages/airflow/example_dags/example_branch_labels.py for tasks to queue
[2025-12-01T20:26:27.036+0300] {logging_mixin.py:137} INFO - [2025-12-01T20:26:27.035+0300] {dagbag.py:532} INFO - Filling up the DagBag from /home/pker/airflow_env/lib/python3.7/site-packages/airflow/example_dags/example_branch_labels.py
[2025-12-01T20:26:27.060+0300] {processor.py:753} INFO - DAG(s) dict_keys(['example_branch_labels']) retrieved from /home/pker/airflow_env/lib/python3.7/site-packages/airflow/example_dags/example_branch_labels.py
[2025-12-01T20:26:27.089+0300] {logging_mixin.py:137} INFO - [2025-12-01T20:26:27.089+0300] {dag.py:2705} INFO - Sync 1 DAGs
[2025-12-01T20:26:27.117+0300] {logging_mixin.py:137} INFO - [2025-12-01T20:26:27.117+0300] {dag.py:3456} INFO - Setting next_dagrun for example_branch_labels to 2025-11-30T00:00:00+00:00, run_after=2025-12-01T00:00:00+00:00
[2025-12-01T20:26:27.153+0300] {processor.py:175} INFO - Processing /home/pker/airflow_env/lib/python3.7/site-packages/airflow/example_dags/example_branch_labels.py took 0.147 seconds
[2025-12-01T20:27:12.909+0300] {processor.py:153} INFO - Started process (PID=922248) to work on /home/pker/airflow_env/lib/python3.7/site-packages/airflow/example_dags/example_branch_labels.py
[2025-12-01T20:27:12.930+0300] {processor.py:743} INFO - Processing file /home/pker/airflow_env/lib/python3.7/site-packages/airflow/example_dags/example_branch_labels.py for tasks to queue
[2025-12-01T20:27:12.932+0300] {logging_mixin.py:137} INFO - [2025-12-01T20:27:12.931+0300] {dagbag.py:532} INFO - Filling up the DagBag from /home/pker/airflow_env/lib/python3.7/site-packages/airflow/example_dags/example_branch_labels.py
[2025-12-01T20:27:12.962+0300] {processor.py:753} INFO - DAG(s) dict_keys(['example_branch_labels']) retrieved from /home/pker/airflow_env/lib/python3.7/site-packages/airflow/example_dags/example_branch_labels.py
[2025-12-01T20:27:13.012+0300] {logging_mixin.py:137} INFO - [2025-12-01T20:27:13.012+0300] {dag.py:2705} INFO - Sync 1 DAGs
[2025-12-01T20:27:13.058+0300] {logging_mixin.py:137} INFO - [2025-12-01T20:27:13.057+0300] {dag.py:3456} INFO - Setting next_dagrun for example_branch_labels to 2025-11-30T00:00:00+00:00, run_after=2025-12-01T00:00:00+00:00
[2025-12-01T20:27:13.119+0300] {processor.py:175} INFO - Processing /home/pker/airflow_env/lib/python3.7/site-packages/airflow/example_dags/example_branch_labels.py took 0.215 seconds
[2025-12-01T20:28:03.085+0300] {processor.py:153} INFO - Started process (PID=922431) to work on /home/pker/airflow_env/lib/python3.7/site-packages/airflow/example_dags/example_branch_labels.py
[2025-12-01T20:28:03.107+0300] {processor.py:743} INFO - Processing file /home/pker/airflow_env/lib/python3.7/site-packages/airflow/example_dags/example_branch_labels.py for tasks to queue
[2025-12-01T20:28:03.110+0300] {logging_mixin.py:137} INFO - [2025-12-01T20:28:03.109+0300] {dagbag.py:532} INFO - Filling up the DagBag from /home/pker/airflow_env/lib/python3.7/site-packages/airflow/example_dags/example_branch_labels.py
[2025-12-01T20:28:03.135+0300] {processor.py:753} INFO - DAG(s) dict_keys(['example_branch_labels']) retrieved from /home/pker/airflow_env/lib/python3.7/site-packages/airflow/example_dags/example_branch_labels.py
[2025-12-01T20:28:03.174+0300] {logging_mixin.py:137} INFO - [2025-12-01T20:28:03.173+0300] {dag.py:2705} INFO - Sync 1 DAGs
[2025-12-01T20:28:03.217+0300] {logging_mixin.py:137} INFO - [2025-12-01T20:28:03.216+0300] {dag.py:3456} INFO - Setting next_dagrun for example_branch_labels to 2025-11-30T00:00:00+00:00, run_after=2025-12-01T00:00:00+00:00
[2025-12-01T20:28:03.272+0300] {processor.py:175} INFO - Processing /home/pker/airflow_env/lib/python3.7/site-packages/airflow/example_dags/example_branch_labels.py took 0.192 seconds
[2025-12-01T20:29:10.628+0300] {processor.py:153} INFO - Started process (PID=922700) to work on /home/pker/airflow_env/lib/python3.7/site-packages/airflow/example_dags/example_branch_labels.py
[2025-12-01T20:29:10.650+0300] {processor.py:743} INFO - Processing file /home/pker/airflow_env/lib/python3.7/site-packages/airflow/example_dags/example_branch_labels.py for tasks to queue
[2025-12-01T20:29:10.653+0300] {logging_mixin.py:137} INFO - [2025-12-01T20:29:10.652+0300] {dagbag.py:532} INFO - Filling up the DagBag from /home/pker/airflow_env/lib/python3.7/site-packages/airflow/example_dags/example_branch_labels.py
[2025-12-01T20:29:10.677+0300] {processor.py:753} INFO - DAG(s) dict_keys(['example_branch_labels']) retrieved from /home/pker/airflow_env/lib/python3.7/site-packages/airflow/example_dags/example_branch_labels.py
[2025-12-01T20:29:10.707+0300] {logging_mixin.py:137} INFO - [2025-12-01T20:29:10.707+0300] {dag.py:2705} INFO - Sync 1 DAGs
[2025-12-01T20:29:10.734+0300] {logging_mixin.py:137} INFO - [2025-12-01T20:29:10.734+0300] {dag.py:3456} INFO - Setting next_dagrun for example_branch_labels to 2025-11-30T00:00:00+00:00, run_after=2025-12-01T00:00:00+00:00
[2025-12-01T20:29:10.762+0300] {processor.py:175} INFO - Processing /home/pker/airflow_env/lib/python3.7/site-packages/airflow/example_dags/example_branch_labels.py took 0.139 seconds
[2025-12-01T20:30:00.348+0300] {processor.py:153} INFO - Started process (PID=922872) to work on /home/pker/airflow_env/lib/python3.7/site-packages/airflow/example_dags/example_branch_labels.py
[2025-12-01T20:30:00.369+0300] {processor.py:743} INFO - Processing file /home/pker/airflow_env/lib/python3.7/site-packages/airflow/example_dags/example_branch_labels.py for tasks to queue
[2025-12-01T20:30:00.371+0300] {logging_mixin.py:137} INFO - [2025-12-01T20:30:00.371+0300] {dagbag.py:532} INFO - Filling up the DagBag from /home/pker/airflow_env/lib/python3.7/site-packages/airflow/example_dags/example_branch_labels.py
[2025-12-01T20:30:00.410+0300] {processor.py:753} INFO - DAG(s) dict_keys(['example_branch_labels']) retrieved from /home/pker/airflow_env/lib/python3.7/site-packages/airflow/example_dags/example_branch_labels.py
[2025-12-01T20:30:00.449+0300] {logging_mixin.py:137} INFO - [2025-12-01T20:30:00.449+0300] {dag.py:2705} INFO - Sync 1 DAGs
[2025-12-01T20:30:00.486+0300] {logging_mixin.py:137} INFO - [2025-12-01T20:30:00.486+0300] {dag.py:3456} INFO - Setting next_dagrun for example_branch_labels to 2025-11-30T00:00:00+00:00, run_after=2025-12-01T00:00:00+00:00
[2025-12-01T20:30:00.543+0300] {processor.py:175} INFO - Processing /home/pker/airflow_env/lib/python3.7/site-packages/airflow/example_dags/example_branch_labels.py took 0.201 seconds
[2025-12-01T20:30:50.439+0300] {processor.py:153} INFO - Started process (PID=923057) to work on /home/pker/airflow_env/lib/python3.7/site-packages/airflow/example_dags/example_branch_labels.py
[2025-12-01T20:30:50.461+0300] {processor.py:743} INFO - Processing file /home/pker/airflow_env/lib/python3.7/site-packages/airflow/example_dags/example_branch_labels.py for tasks to queue
[2025-12-01T20:30:50.464+0300] {logging_mixin.py:137} INFO - [2025-12-01T20:30:50.464+0300] {dagbag.py:532} INFO - Filling up the DagBag from /home/pker/airflow_env/lib/python3.7/site-packages/airflow/example_dags/example_branch_labels.py
[2025-12-01T20:30:50.492+0300] {processor.py:753} INFO - DAG(s) dict_keys(['example_branch_labels']) retrieved from /home/pker/airflow_env/lib/python3.7/site-packages/airflow/example_dags/example_branch_labels.py
[2025-12-01T20:30:50.521+0300] {logging_mixin.py:137} INFO - [2025-12-01T20:30:50.521+0300] {dag.py:2705} INFO - Sync 1 DAGs
[2025-12-01T20:30:50.548+0300] {logging_mixin.py:137} INFO - [2025-12-01T20:30:50.548+0300] {dag.py:3456} INFO - Setting next_dagrun for example_branch_labels to 2025-11-30T00:00:00+00:00, run_after=2025-12-01T00:00:00+00:00
[2025-12-01T20:30:50.577+0300] {processor.py:175} INFO - Processing /home/pker/airflow_env/lib/python3.7/site-packages/airflow/example_dags/example_branch_labels.py took 0.144 seconds
[2025-12-01T20:31:43.019+0300] {processor.py:153} INFO - Started process (PID=923245) to work on /home/pker/airflow_env/lib/python3.7/site-packages/airflow/example_dags/example_branch_labels.py
[2025-12-01T20:31:43.021+0300] {processor.py:743} INFO - Processing file /home/pker/airflow_env/lib/python3.7/site-packages/airflow/example_dags/example_branch_labels.py for tasks to queue
[2025-12-01T20:31:43.023+0300] {logging_mixin.py:137} INFO - [2025-12-01T20:31:43.022+0300] {dagbag.py:532} INFO - Filling up the DagBag from /home/pker/airflow_env/lib/python3.7/site-packages/airflow/example_dags/example_branch_labels.py
[2025-12-01T20:31:43.046+0300] {processor.py:753} INFO - DAG(s) dict_keys(['example_branch_labels']) retrieved from /home/pker/airflow_env/lib/python3.7/site-packages/airflow/example_dags/example_branch_labels.py
[2025-12-01T20:31:43.071+0300] {logging_mixin.py:137} INFO - [2025-12-01T20:31:43.071+0300] {dag.py:2705} INFO - Sync 1 DAGs
[2025-12-01T20:31:43.097+0300] {logging_mixin.py:137} INFO - [2025-12-01T20:31:43.097+0300] {dag.py:3456} INFO - Setting next_dagrun for example_branch_labels to 2025-11-30T00:00:00+00:00, run_after=2025-12-01T00:00:00+00:00
[2025-12-01T20:31:43.126+0300] {processor.py:175} INFO - Processing /home/pker/airflow_env/lib/python3.7/site-packages/airflow/example_dags/example_branch_labels.py took 0.114 seconds
