[2025-12-01T20:14:47.817+0300] {processor.py:153} INFO - Started process (PID=919398) to work on /home/pker/airflow_env/lib/python3.7/site-packages/airflow/example_dags/example_local_kubernetes_executor.py
[2025-12-01T20:14:47.818+0300] {processor.py:743} INFO - Processing file /home/pker/airflow_env/lib/python3.7/site-packages/airflow/example_dags/example_local_kubernetes_executor.py for tasks to queue
[2025-12-01T20:14:47.819+0300] {logging_mixin.py:137} INFO - [2025-12-01T20:14:47.819+0300] {dagbag.py:532} INFO - Filling up the DagBag from /home/pker/airflow_env/lib/python3.7/site-packages/airflow/example_dags/example_local_kubernetes_executor.py
[2025-12-01T20:14:47.838+0300] {logging_mixin.py:137} INFO - [2025-12-01T20:14:47.838+0300] {example_local_kubernetes_executor.py:39} WARNING - Could not import DAGs in example_local_kubernetes_executor.py
Traceback (most recent call last):
  File "/home/pker/airflow_env/lib/python3.7/site-packages/airflow/example_dags/example_local_kubernetes_executor.py", line 37, in <module>
    from kubernetes.client import models as k8s
ModuleNotFoundError: No module named 'kubernetes'
[2025-12-01T20:14:47.839+0300] {logging_mixin.py:137} INFO - [2025-12-01T20:14:47.839+0300] {example_local_kubernetes_executor.py:40} WARNING - Install Kubernetes dependencies with: pip install apache-airflow[cncf.kubernetes]
[2025-12-01T20:14:47.839+0300] {processor.py:755} WARNING - No viable dags retrieved from /home/pker/airflow_env/lib/python3.7/site-packages/airflow/example_dags/example_local_kubernetes_executor.py
[2025-12-01T20:14:47.849+0300] {processor.py:175} INFO - Processing /home/pker/airflow_env/lib/python3.7/site-packages/airflow/example_dags/example_local_kubernetes_executor.py took 0.038 seconds
[2025-12-01T20:15:47.168+0300] {processor.py:153} INFO - Started process (PID=919755) to work on /home/pker/airflow_env/lib/python3.7/site-packages/airflow/example_dags/example_local_kubernetes_executor.py
[2025-12-01T20:15:47.190+0300] {processor.py:743} INFO - Processing file /home/pker/airflow_env/lib/python3.7/site-packages/airflow/example_dags/example_local_kubernetes_executor.py for tasks to queue
[2025-12-01T20:15:47.193+0300] {logging_mixin.py:137} INFO - [2025-12-01T20:15:47.192+0300] {dagbag.py:532} INFO - Filling up the DagBag from /home/pker/airflow_env/lib/python3.7/site-packages/airflow/example_dags/example_local_kubernetes_executor.py
[2025-12-01T20:15:47.222+0300] {logging_mixin.py:137} INFO - [2025-12-01T20:15:47.220+0300] {example_local_kubernetes_executor.py:39} WARNING - Could not import DAGs in example_local_kubernetes_executor.py
Traceback (most recent call last):
  File "/home/pker/airflow_env/lib/python3.7/site-packages/airflow/example_dags/example_local_kubernetes_executor.py", line 37, in <module>
    from kubernetes.client import models as k8s
ModuleNotFoundError: No module named 'kubernetes'
[2025-12-01T20:15:47.222+0300] {logging_mixin.py:137} INFO - [2025-12-01T20:15:47.222+0300] {example_local_kubernetes_executor.py:40} WARNING - Install Kubernetes dependencies with: pip install apache-airflow[cncf.kubernetes]
[2025-12-01T20:15:47.223+0300] {processor.py:755} WARNING - No viable dags retrieved from /home/pker/airflow_env/lib/python3.7/site-packages/airflow/example_dags/example_local_kubernetes_executor.py
[2025-12-01T20:15:47.238+0300] {processor.py:175} INFO - Processing /home/pker/airflow_env/lib/python3.7/site-packages/airflow/example_dags/example_local_kubernetes_executor.py took 0.074 seconds
[2025-12-01T20:16:42.865+0300] {processor.py:153} INFO - Started process (PID=919953) to work on /home/pker/airflow_env/lib/python3.7/site-packages/airflow/example_dags/example_local_kubernetes_executor.py
[2025-12-01T20:16:42.888+0300] {processor.py:743} INFO - Processing file /home/pker/airflow_env/lib/python3.7/site-packages/airflow/example_dags/example_local_kubernetes_executor.py for tasks to queue
[2025-12-01T20:16:42.891+0300] {logging_mixin.py:137} INFO - [2025-12-01T20:16:42.890+0300] {dagbag.py:532} INFO - Filling up the DagBag from /home/pker/airflow_env/lib/python3.7/site-packages/airflow/example_dags/example_local_kubernetes_executor.py
[2025-12-01T20:16:42.916+0300] {logging_mixin.py:137} INFO - [2025-12-01T20:16:42.916+0300] {example_local_kubernetes_executor.py:39} WARNING - Could not import DAGs in example_local_kubernetes_executor.py
Traceback (most recent call last):
  File "/home/pker/airflow_env/lib/python3.7/site-packages/airflow/example_dags/example_local_kubernetes_executor.py", line 37, in <module>
    from kubernetes.client import models as k8s
ModuleNotFoundError: No module named 'kubernetes'
[2025-12-01T20:16:42.917+0300] {logging_mixin.py:137} INFO - [2025-12-01T20:16:42.917+0300] {example_local_kubernetes_executor.py:40} WARNING - Install Kubernetes dependencies with: pip install apache-airflow[cncf.kubernetes]
[2025-12-01T20:16:42.917+0300] {processor.py:755} WARNING - No viable dags retrieved from /home/pker/airflow_env/lib/python3.7/site-packages/airflow/example_dags/example_local_kubernetes_executor.py
[2025-12-01T20:16:42.930+0300] {processor.py:175} INFO - Processing /home/pker/airflow_env/lib/python3.7/site-packages/airflow/example_dags/example_local_kubernetes_executor.py took 0.070 seconds
[2025-12-01T20:17:34.938+0300] {processor.py:153} INFO - Started process (PID=920133) to work on /home/pker/airflow_env/lib/python3.7/site-packages/airflow/example_dags/example_local_kubernetes_executor.py
[2025-12-01T20:17:34.962+0300] {processor.py:743} INFO - Processing file /home/pker/airflow_env/lib/python3.7/site-packages/airflow/example_dags/example_local_kubernetes_executor.py for tasks to queue
[2025-12-01T20:17:34.964+0300] {logging_mixin.py:137} INFO - [2025-12-01T20:17:34.964+0300] {dagbag.py:532} INFO - Filling up the DagBag from /home/pker/airflow_env/lib/python3.7/site-packages/airflow/example_dags/example_local_kubernetes_executor.py
[2025-12-01T20:17:34.992+0300] {logging_mixin.py:137} INFO - [2025-12-01T20:17:34.991+0300] {example_local_kubernetes_executor.py:39} WARNING - Could not import DAGs in example_local_kubernetes_executor.py
Traceback (most recent call last):
  File "/home/pker/airflow_env/lib/python3.7/site-packages/airflow/example_dags/example_local_kubernetes_executor.py", line 37, in <module>
    from kubernetes.client import models as k8s
ModuleNotFoundError: No module named 'kubernetes'
[2025-12-01T20:17:34.993+0300] {logging_mixin.py:137} INFO - [2025-12-01T20:17:34.992+0300] {example_local_kubernetes_executor.py:40} WARNING - Install Kubernetes dependencies with: pip install apache-airflow[cncf.kubernetes]
[2025-12-01T20:17:34.993+0300] {processor.py:755} WARNING - No viable dags retrieved from /home/pker/airflow_env/lib/python3.7/site-packages/airflow/example_dags/example_local_kubernetes_executor.py
[2025-12-01T20:17:35.005+0300] {processor.py:175} INFO - Processing /home/pker/airflow_env/lib/python3.7/site-packages/airflow/example_dags/example_local_kubernetes_executor.py took 0.073 seconds
[2025-12-01T20:18:24.522+0300] {processor.py:153} INFO - Started process (PID=920318) to work on /home/pker/airflow_env/lib/python3.7/site-packages/airflow/example_dags/example_local_kubernetes_executor.py
[2025-12-01T20:18:24.525+0300] {processor.py:743} INFO - Processing file /home/pker/airflow_env/lib/python3.7/site-packages/airflow/example_dags/example_local_kubernetes_executor.py for tasks to queue
[2025-12-01T20:18:24.526+0300] {logging_mixin.py:137} INFO - [2025-12-01T20:18:24.526+0300] {dagbag.py:532} INFO - Filling up the DagBag from /home/pker/airflow_env/lib/python3.7/site-packages/airflow/example_dags/example_local_kubernetes_executor.py
[2025-12-01T20:18:24.560+0300] {logging_mixin.py:137} INFO - [2025-12-01T20:18:24.560+0300] {example_local_kubernetes_executor.py:39} WARNING - Could not import DAGs in example_local_kubernetes_executor.py
Traceback (most recent call last):
  File "/home/pker/airflow_env/lib/python3.7/site-packages/airflow/example_dags/example_local_kubernetes_executor.py", line 37, in <module>
    from kubernetes.client import models as k8s
ModuleNotFoundError: No module named 'kubernetes'
[2025-12-01T20:18:24.561+0300] {logging_mixin.py:137} INFO - [2025-12-01T20:18:24.561+0300] {example_local_kubernetes_executor.py:40} WARNING - Install Kubernetes dependencies with: pip install apache-airflow[cncf.kubernetes]
[2025-12-01T20:18:24.561+0300] {processor.py:755} WARNING - No viable dags retrieved from /home/pker/airflow_env/lib/python3.7/site-packages/airflow/example_dags/example_local_kubernetes_executor.py
[2025-12-01T20:18:24.581+0300] {processor.py:175} INFO - Processing /home/pker/airflow_env/lib/python3.7/site-packages/airflow/example_dags/example_local_kubernetes_executor.py took 0.066 seconds
[2025-12-01T20:19:18.251+0300] {processor.py:153} INFO - Started process (PID=920531) to work on /home/pker/airflow_env/lib/python3.7/site-packages/airflow/example_dags/example_local_kubernetes_executor.py
[2025-12-01T20:19:18.273+0300] {processor.py:743} INFO - Processing file /home/pker/airflow_env/lib/python3.7/site-packages/airflow/example_dags/example_local_kubernetes_executor.py for tasks to queue
[2025-12-01T20:19:18.275+0300] {logging_mixin.py:137} INFO - [2025-12-01T20:19:18.275+0300] {dagbag.py:532} INFO - Filling up the DagBag from /home/pker/airflow_env/lib/python3.7/site-packages/airflow/example_dags/example_local_kubernetes_executor.py
[2025-12-01T20:19:18.307+0300] {logging_mixin.py:137} INFO - [2025-12-01T20:19:18.306+0300] {example_local_kubernetes_executor.py:39} WARNING - Could not import DAGs in example_local_kubernetes_executor.py
Traceback (most recent call last):
  File "/home/pker/airflow_env/lib/python3.7/site-packages/airflow/example_dags/example_local_kubernetes_executor.py", line 37, in <module>
    from kubernetes.client import models as k8s
ModuleNotFoundError: No module named 'kubernetes'
[2025-12-01T20:19:18.308+0300] {logging_mixin.py:137} INFO - [2025-12-01T20:19:18.308+0300] {example_local_kubernetes_executor.py:40} WARNING - Install Kubernetes dependencies with: pip install apache-airflow[cncf.kubernetes]
[2025-12-01T20:19:18.308+0300] {processor.py:755} WARNING - No viable dags retrieved from /home/pker/airflow_env/lib/python3.7/site-packages/airflow/example_dags/example_local_kubernetes_executor.py
[2025-12-01T20:19:18.323+0300] {processor.py:175} INFO - Processing /home/pker/airflow_env/lib/python3.7/site-packages/airflow/example_dags/example_local_kubernetes_executor.py took 0.079 seconds
[2025-12-01T20:20:06.037+0300] {processor.py:153} INFO - Started process (PID=920704) to work on /home/pker/airflow_env/lib/python3.7/site-packages/airflow/example_dags/example_local_kubernetes_executor.py
[2025-12-01T20:20:06.061+0300] {processor.py:743} INFO - Processing file /home/pker/airflow_env/lib/python3.7/site-packages/airflow/example_dags/example_local_kubernetes_executor.py for tasks to queue
[2025-12-01T20:20:06.064+0300] {logging_mixin.py:137} INFO - [2025-12-01T20:20:06.064+0300] {dagbag.py:532} INFO - Filling up the DagBag from /home/pker/airflow_env/lib/python3.7/site-packages/airflow/example_dags/example_local_kubernetes_executor.py
[2025-12-01T20:20:06.092+0300] {logging_mixin.py:137} INFO - [2025-12-01T20:20:06.091+0300] {example_local_kubernetes_executor.py:39} WARNING - Could not import DAGs in example_local_kubernetes_executor.py
Traceback (most recent call last):
  File "/home/pker/airflow_env/lib/python3.7/site-packages/airflow/example_dags/example_local_kubernetes_executor.py", line 37, in <module>
    from kubernetes.client import models as k8s
ModuleNotFoundError: No module named 'kubernetes'
[2025-12-01T20:20:06.093+0300] {logging_mixin.py:137} INFO - [2025-12-01T20:20:06.092+0300] {example_local_kubernetes_executor.py:40} WARNING - Install Kubernetes dependencies with: pip install apache-airflow[cncf.kubernetes]
[2025-12-01T20:20:06.093+0300] {processor.py:755} WARNING - No viable dags retrieved from /home/pker/airflow_env/lib/python3.7/site-packages/airflow/example_dags/example_local_kubernetes_executor.py
[2025-12-01T20:20:06.106+0300] {processor.py:175} INFO - Processing /home/pker/airflow_env/lib/python3.7/site-packages/airflow/example_dags/example_local_kubernetes_executor.py took 0.077 seconds
[2025-12-01T20:20:52.882+0300] {processor.py:153} INFO - Started process (PID=920871) to work on /home/pker/airflow_env/lib/python3.7/site-packages/airflow/example_dags/example_local_kubernetes_executor.py
[2025-12-01T20:20:52.898+0300] {processor.py:743} INFO - Processing file /home/pker/airflow_env/lib/python3.7/site-packages/airflow/example_dags/example_local_kubernetes_executor.py for tasks to queue
[2025-12-01T20:20:52.900+0300] {logging_mixin.py:137} INFO - [2025-12-01T20:20:52.900+0300] {dagbag.py:532} INFO - Filling up the DagBag from /home/pker/airflow_env/lib/python3.7/site-packages/airflow/example_dags/example_local_kubernetes_executor.py
[2025-12-01T20:20:52.929+0300] {logging_mixin.py:137} INFO - [2025-12-01T20:20:52.928+0300] {example_local_kubernetes_executor.py:39} WARNING - Could not import DAGs in example_local_kubernetes_executor.py
Traceback (most recent call last):
  File "/home/pker/airflow_env/lib/python3.7/site-packages/airflow/example_dags/example_local_kubernetes_executor.py", line 37, in <module>
    from kubernetes.client import models as k8s
ModuleNotFoundError: No module named 'kubernetes'
[2025-12-01T20:20:52.929+0300] {logging_mixin.py:137} INFO - [2025-12-01T20:20:52.929+0300] {example_local_kubernetes_executor.py:40} WARNING - Install Kubernetes dependencies with: pip install apache-airflow[cncf.kubernetes]
[2025-12-01T20:20:52.929+0300] {processor.py:755} WARNING - No viable dags retrieved from /home/pker/airflow_env/lib/python3.7/site-packages/airflow/example_dags/example_local_kubernetes_executor.py
[2025-12-01T20:20:52.941+0300] {processor.py:175} INFO - Processing /home/pker/airflow_env/lib/python3.7/site-packages/airflow/example_dags/example_local_kubernetes_executor.py took 0.065 seconds
[2025-12-01T20:21:40.467+0300] {processor.py:153} INFO - Started process (PID=921041) to work on /home/pker/airflow_env/lib/python3.7/site-packages/airflow/example_dags/example_local_kubernetes_executor.py
[2025-12-01T20:21:40.490+0300] {processor.py:743} INFO - Processing file /home/pker/airflow_env/lib/python3.7/site-packages/airflow/example_dags/example_local_kubernetes_executor.py for tasks to queue
[2025-12-01T20:21:40.492+0300] {logging_mixin.py:137} INFO - [2025-12-01T20:21:40.492+0300] {dagbag.py:532} INFO - Filling up the DagBag from /home/pker/airflow_env/lib/python3.7/site-packages/airflow/example_dags/example_local_kubernetes_executor.py
[2025-12-01T20:21:40.519+0300] {logging_mixin.py:137} INFO - [2025-12-01T20:21:40.518+0300] {example_local_kubernetes_executor.py:39} WARNING - Could not import DAGs in example_local_kubernetes_executor.py
Traceback (most recent call last):
  File "/home/pker/airflow_env/lib/python3.7/site-packages/airflow/example_dags/example_local_kubernetes_executor.py", line 37, in <module>
    from kubernetes.client import models as k8s
ModuleNotFoundError: No module named 'kubernetes'
[2025-12-01T20:21:40.519+0300] {logging_mixin.py:137} INFO - [2025-12-01T20:21:40.519+0300] {example_local_kubernetes_executor.py:40} WARNING - Install Kubernetes dependencies with: pip install apache-airflow[cncf.kubernetes]
[2025-12-01T20:21:40.520+0300] {processor.py:755} WARNING - No viable dags retrieved from /home/pker/airflow_env/lib/python3.7/site-packages/airflow/example_dags/example_local_kubernetes_executor.py
[2025-12-01T20:21:40.534+0300] {processor.py:175} INFO - Processing /home/pker/airflow_env/lib/python3.7/site-packages/airflow/example_dags/example_local_kubernetes_executor.py took 0.071 seconds
[2025-12-01T20:22:29.596+0300] {processor.py:153} INFO - Started process (PID=921218) to work on /home/pker/airflow_env/lib/python3.7/site-packages/airflow/example_dags/example_local_kubernetes_executor.py
[2025-12-01T20:22:29.616+0300] {processor.py:743} INFO - Processing file /home/pker/airflow_env/lib/python3.7/site-packages/airflow/example_dags/example_local_kubernetes_executor.py for tasks to queue
[2025-12-01T20:22:29.618+0300] {logging_mixin.py:137} INFO - [2025-12-01T20:22:29.618+0300] {dagbag.py:532} INFO - Filling up the DagBag from /home/pker/airflow_env/lib/python3.7/site-packages/airflow/example_dags/example_local_kubernetes_executor.py
[2025-12-01T20:22:29.642+0300] {logging_mixin.py:137} INFO - [2025-12-01T20:22:29.641+0300] {example_local_kubernetes_executor.py:39} WARNING - Could not import DAGs in example_local_kubernetes_executor.py
Traceback (most recent call last):
  File "/home/pker/airflow_env/lib/python3.7/site-packages/airflow/example_dags/example_local_kubernetes_executor.py", line 37, in <module>
    from kubernetes.client import models as k8s
ModuleNotFoundError: No module named 'kubernetes'
[2025-12-01T20:22:29.643+0300] {logging_mixin.py:137} INFO - [2025-12-01T20:22:29.642+0300] {example_local_kubernetes_executor.py:40} WARNING - Install Kubernetes dependencies with: pip install apache-airflow[cncf.kubernetes]
[2025-12-01T20:22:29.643+0300] {processor.py:755} WARNING - No viable dags retrieved from /home/pker/airflow_env/lib/python3.7/site-packages/airflow/example_dags/example_local_kubernetes_executor.py
[2025-12-01T20:22:29.656+0300] {processor.py:175} INFO - Processing /home/pker/airflow_env/lib/python3.7/site-packages/airflow/example_dags/example_local_kubernetes_executor.py took 0.065 seconds
[2025-12-01T20:23:21.545+0300] {processor.py:153} INFO - Started process (PID=921396) to work on /home/pker/airflow_env/lib/python3.7/site-packages/airflow/example_dags/example_local_kubernetes_executor.py
[2025-12-01T20:23:21.566+0300] {processor.py:743} INFO - Processing file /home/pker/airflow_env/lib/python3.7/site-packages/airflow/example_dags/example_local_kubernetes_executor.py for tasks to queue
[2025-12-01T20:23:21.568+0300] {logging_mixin.py:137} INFO - [2025-12-01T20:23:21.568+0300] {dagbag.py:532} INFO - Filling up the DagBag from /home/pker/airflow_env/lib/python3.7/site-packages/airflow/example_dags/example_local_kubernetes_executor.py
[2025-12-01T20:23:21.597+0300] {logging_mixin.py:137} INFO - [2025-12-01T20:23:21.596+0300] {example_local_kubernetes_executor.py:39} WARNING - Could not import DAGs in example_local_kubernetes_executor.py
Traceback (most recent call last):
  File "/home/pker/airflow_env/lib/python3.7/site-packages/airflow/example_dags/example_local_kubernetes_executor.py", line 37, in <module>
    from kubernetes.client import models as k8s
ModuleNotFoundError: No module named 'kubernetes'
[2025-12-01T20:23:21.597+0300] {logging_mixin.py:137} INFO - [2025-12-01T20:23:21.597+0300] {example_local_kubernetes_executor.py:40} WARNING - Install Kubernetes dependencies with: pip install apache-airflow[cncf.kubernetes]
[2025-12-01T20:23:21.598+0300] {processor.py:755} WARNING - No viable dags retrieved from /home/pker/airflow_env/lib/python3.7/site-packages/airflow/example_dags/example_local_kubernetes_executor.py
[2025-12-01T20:23:21.610+0300] {processor.py:175} INFO - Processing /home/pker/airflow_env/lib/python3.7/site-packages/airflow/example_dags/example_local_kubernetes_executor.py took 0.071 seconds
[2025-12-01T20:24:11.479+0300] {processor.py:153} INFO - Started process (PID=921599) to work on /home/pker/airflow_env/lib/python3.7/site-packages/airflow/example_dags/example_local_kubernetes_executor.py
[2025-12-01T20:24:11.500+0300] {processor.py:743} INFO - Processing file /home/pker/airflow_env/lib/python3.7/site-packages/airflow/example_dags/example_local_kubernetes_executor.py for tasks to queue
[2025-12-01T20:24:11.503+0300] {logging_mixin.py:137} INFO - [2025-12-01T20:24:11.502+0300] {dagbag.py:532} INFO - Filling up the DagBag from /home/pker/airflow_env/lib/python3.7/site-packages/airflow/example_dags/example_local_kubernetes_executor.py
[2025-12-01T20:24:11.528+0300] {logging_mixin.py:137} INFO - [2025-12-01T20:24:11.527+0300] {example_local_kubernetes_executor.py:39} WARNING - Could not import DAGs in example_local_kubernetes_executor.py
Traceback (most recent call last):
  File "/home/pker/airflow_env/lib/python3.7/site-packages/airflow/example_dags/example_local_kubernetes_executor.py", line 37, in <module>
    from kubernetes.client import models as k8s
ModuleNotFoundError: No module named 'kubernetes'
[2025-12-01T20:24:11.529+0300] {logging_mixin.py:137} INFO - [2025-12-01T20:24:11.529+0300] {example_local_kubernetes_executor.py:40} WARNING - Install Kubernetes dependencies with: pip install apache-airflow[cncf.kubernetes]
[2025-12-01T20:24:11.529+0300] {processor.py:755} WARNING - No viable dags retrieved from /home/pker/airflow_env/lib/python3.7/site-packages/airflow/example_dags/example_local_kubernetes_executor.py
[2025-12-01T20:24:11.541+0300] {processor.py:175} INFO - Processing /home/pker/airflow_env/lib/python3.7/site-packages/airflow/example_dags/example_local_kubernetes_executor.py took 0.067 seconds
[2025-12-01T20:25:04.201+0300] {processor.py:153} INFO - Started process (PID=921788) to work on /home/pker/airflow_env/lib/python3.7/site-packages/airflow/example_dags/example_local_kubernetes_executor.py
[2025-12-01T20:25:04.224+0300] {processor.py:743} INFO - Processing file /home/pker/airflow_env/lib/python3.7/site-packages/airflow/example_dags/example_local_kubernetes_executor.py for tasks to queue
[2025-12-01T20:25:04.227+0300] {logging_mixin.py:137} INFO - [2025-12-01T20:25:04.227+0300] {dagbag.py:532} INFO - Filling up the DagBag from /home/pker/airflow_env/lib/python3.7/site-packages/airflow/example_dags/example_local_kubernetes_executor.py
[2025-12-01T20:25:04.254+0300] {logging_mixin.py:137} INFO - [2025-12-01T20:25:04.253+0300] {example_local_kubernetes_executor.py:39} WARNING - Could not import DAGs in example_local_kubernetes_executor.py
Traceback (most recent call last):
  File "/home/pker/airflow_env/lib/python3.7/site-packages/airflow/example_dags/example_local_kubernetes_executor.py", line 37, in <module>
    from kubernetes.client import models as k8s
ModuleNotFoundError: No module named 'kubernetes'
[2025-12-01T20:25:04.254+0300] {logging_mixin.py:137} INFO - [2025-12-01T20:25:04.254+0300] {example_local_kubernetes_executor.py:40} WARNING - Install Kubernetes dependencies with: pip install apache-airflow[cncf.kubernetes]
[2025-12-01T20:25:04.255+0300] {processor.py:755} WARNING - No viable dags retrieved from /home/pker/airflow_env/lib/python3.7/site-packages/airflow/example_dags/example_local_kubernetes_executor.py
[2025-12-01T20:25:04.267+0300] {processor.py:175} INFO - Processing /home/pker/airflow_env/lib/python3.7/site-packages/airflow/example_dags/example_local_kubernetes_executor.py took 0.072 seconds
[2025-12-01T20:25:50.559+0300] {processor.py:153} INFO - Started process (PID=921953) to work on /home/pker/airflow_env/lib/python3.7/site-packages/airflow/example_dags/example_local_kubernetes_executor.py
[2025-12-01T20:25:50.581+0300] {processor.py:743} INFO - Processing file /home/pker/airflow_env/lib/python3.7/site-packages/airflow/example_dags/example_local_kubernetes_executor.py for tasks to queue
[2025-12-01T20:25:50.583+0300] {logging_mixin.py:137} INFO - [2025-12-01T20:25:50.583+0300] {dagbag.py:532} INFO - Filling up the DagBag from /home/pker/airflow_env/lib/python3.7/site-packages/airflow/example_dags/example_local_kubernetes_executor.py
[2025-12-01T20:25:50.619+0300] {logging_mixin.py:137} INFO - [2025-12-01T20:25:50.618+0300] {example_local_kubernetes_executor.py:39} WARNING - Could not import DAGs in example_local_kubernetes_executor.py
Traceback (most recent call last):
  File "/home/pker/airflow_env/lib/python3.7/site-packages/airflow/example_dags/example_local_kubernetes_executor.py", line 37, in <module>
    from kubernetes.client import models as k8s
ModuleNotFoundError: No module named 'kubernetes'
[2025-12-01T20:25:50.620+0300] {logging_mixin.py:137} INFO - [2025-12-01T20:25:50.620+0300] {example_local_kubernetes_executor.py:40} WARNING - Install Kubernetes dependencies with: pip install apache-airflow[cncf.kubernetes]
[2025-12-01T20:25:50.621+0300] {processor.py:755} WARNING - No viable dags retrieved from /home/pker/airflow_env/lib/python3.7/site-packages/airflow/example_dags/example_local_kubernetes_executor.py
[2025-12-01T20:25:50.641+0300] {processor.py:175} INFO - Processing /home/pker/airflow_env/lib/python3.7/site-packages/airflow/example_dags/example_local_kubernetes_executor.py took 0.090 seconds
[2025-12-01T20:26:37.481+0300] {processor.py:153} INFO - Started process (PID=922124) to work on /home/pker/airflow_env/lib/python3.7/site-packages/airflow/example_dags/example_local_kubernetes_executor.py
[2025-12-01T20:26:37.506+0300] {processor.py:743} INFO - Processing file /home/pker/airflow_env/lib/python3.7/site-packages/airflow/example_dags/example_local_kubernetes_executor.py for tasks to queue
[2025-12-01T20:26:37.508+0300] {logging_mixin.py:137} INFO - [2025-12-01T20:26:37.508+0300] {dagbag.py:532} INFO - Filling up the DagBag from /home/pker/airflow_env/lib/python3.7/site-packages/airflow/example_dags/example_local_kubernetes_executor.py
[2025-12-01T20:26:37.534+0300] {logging_mixin.py:137} INFO - [2025-12-01T20:26:37.533+0300] {example_local_kubernetes_executor.py:39} WARNING - Could not import DAGs in example_local_kubernetes_executor.py
Traceback (most recent call last):
  File "/home/pker/airflow_env/lib/python3.7/site-packages/airflow/example_dags/example_local_kubernetes_executor.py", line 37, in <module>
    from kubernetes.client import models as k8s
ModuleNotFoundError: No module named 'kubernetes'
[2025-12-01T20:26:37.534+0300] {logging_mixin.py:137} INFO - [2025-12-01T20:26:37.534+0300] {example_local_kubernetes_executor.py:40} WARNING - Install Kubernetes dependencies with: pip install apache-airflow[cncf.kubernetes]
[2025-12-01T20:26:37.535+0300] {processor.py:755} WARNING - No viable dags retrieved from /home/pker/airflow_env/lib/python3.7/site-packages/airflow/example_dags/example_local_kubernetes_executor.py
[2025-12-01T20:26:37.549+0300] {processor.py:175} INFO - Processing /home/pker/airflow_env/lib/python3.7/site-packages/airflow/example_dags/example_local_kubernetes_executor.py took 0.073 seconds
[2025-12-01T20:27:27.043+0300] {processor.py:153} INFO - Started process (PID=922296) to work on /home/pker/airflow_env/lib/python3.7/site-packages/airflow/example_dags/example_local_kubernetes_executor.py
[2025-12-01T20:27:27.065+0300] {processor.py:743} INFO - Processing file /home/pker/airflow_env/lib/python3.7/site-packages/airflow/example_dags/example_local_kubernetes_executor.py for tasks to queue
[2025-12-01T20:27:27.067+0300] {logging_mixin.py:137} INFO - [2025-12-01T20:27:27.067+0300] {dagbag.py:532} INFO - Filling up the DagBag from /home/pker/airflow_env/lib/python3.7/site-packages/airflow/example_dags/example_local_kubernetes_executor.py
[2025-12-01T20:27:27.100+0300] {logging_mixin.py:137} INFO - [2025-12-01T20:27:27.099+0300] {example_local_kubernetes_executor.py:39} WARNING - Could not import DAGs in example_local_kubernetes_executor.py
Traceback (most recent call last):
  File "/home/pker/airflow_env/lib/python3.7/site-packages/airflow/example_dags/example_local_kubernetes_executor.py", line 37, in <module>
    from kubernetes.client import models as k8s
ModuleNotFoundError: No module named 'kubernetes'
[2025-12-01T20:27:27.100+0300] {logging_mixin.py:137} INFO - [2025-12-01T20:27:27.100+0300] {example_local_kubernetes_executor.py:40} WARNING - Install Kubernetes dependencies with: pip install apache-airflow[cncf.kubernetes]
[2025-12-01T20:27:27.100+0300] {processor.py:755} WARNING - No viable dags retrieved from /home/pker/airflow_env/lib/python3.7/site-packages/airflow/example_dags/example_local_kubernetes_executor.py
[2025-12-01T20:27:27.116+0300] {processor.py:175} INFO - Processing /home/pker/airflow_env/lib/python3.7/site-packages/airflow/example_dags/example_local_kubernetes_executor.py took 0.081 seconds
[2025-12-01T20:28:13.545+0300] {processor.py:153} INFO - Started process (PID=922471) to work on /home/pker/airflow_env/lib/python3.7/site-packages/airflow/example_dags/example_local_kubernetes_executor.py
[2025-12-01T20:28:13.566+0300] {processor.py:743} INFO - Processing file /home/pker/airflow_env/lib/python3.7/site-packages/airflow/example_dags/example_local_kubernetes_executor.py for tasks to queue
[2025-12-01T20:28:13.568+0300] {logging_mixin.py:137} INFO - [2025-12-01T20:28:13.568+0300] {dagbag.py:532} INFO - Filling up the DagBag from /home/pker/airflow_env/lib/python3.7/site-packages/airflow/example_dags/example_local_kubernetes_executor.py
[2025-12-01T20:28:13.593+0300] {logging_mixin.py:137} INFO - [2025-12-01T20:28:13.592+0300] {example_local_kubernetes_executor.py:39} WARNING - Could not import DAGs in example_local_kubernetes_executor.py
Traceback (most recent call last):
  File "/home/pker/airflow_env/lib/python3.7/site-packages/airflow/example_dags/example_local_kubernetes_executor.py", line 37, in <module>
    from kubernetes.client import models as k8s
ModuleNotFoundError: No module named 'kubernetes'
[2025-12-01T20:28:13.593+0300] {logging_mixin.py:137} INFO - [2025-12-01T20:28:13.593+0300] {example_local_kubernetes_executor.py:40} WARNING - Install Kubernetes dependencies with: pip install apache-airflow[cncf.kubernetes]
[2025-12-01T20:28:13.593+0300] {processor.py:755} WARNING - No viable dags retrieved from /home/pker/airflow_env/lib/python3.7/site-packages/airflow/example_dags/example_local_kubernetes_executor.py
[2025-12-01T20:28:13.606+0300] {processor.py:175} INFO - Processing /home/pker/airflow_env/lib/python3.7/site-packages/airflow/example_dags/example_local_kubernetes_executor.py took 0.074 seconds
[2025-12-01T20:28:58.069+0300] {processor.py:153} INFO - Started process (PID=922653) to work on /home/pker/airflow_env/lib/python3.7/site-packages/airflow/example_dags/example_local_kubernetes_executor.py
[2025-12-01T20:28:58.072+0300] {processor.py:743} INFO - Processing file /home/pker/airflow_env/lib/python3.7/site-packages/airflow/example_dags/example_local_kubernetes_executor.py for tasks to queue
[2025-12-01T20:28:58.073+0300] {logging_mixin.py:137} INFO - [2025-12-01T20:28:58.073+0300] {dagbag.py:532} INFO - Filling up the DagBag from /home/pker/airflow_env/lib/python3.7/site-packages/airflow/example_dags/example_local_kubernetes_executor.py
[2025-12-01T20:28:58.099+0300] {logging_mixin.py:137} INFO - [2025-12-01T20:28:58.098+0300] {example_local_kubernetes_executor.py:39} WARNING - Could not import DAGs in example_local_kubernetes_executor.py
Traceback (most recent call last):
  File "/home/pker/airflow_env/lib/python3.7/site-packages/airflow/example_dags/example_local_kubernetes_executor.py", line 37, in <module>
    from kubernetes.client import models as k8s
ModuleNotFoundError: No module named 'kubernetes'
[2025-12-01T20:28:58.099+0300] {logging_mixin.py:137} INFO - [2025-12-01T20:28:58.099+0300] {example_local_kubernetes_executor.py:40} WARNING - Install Kubernetes dependencies with: pip install apache-airflow[cncf.kubernetes]
[2025-12-01T20:28:58.100+0300] {processor.py:755} WARNING - No viable dags retrieved from /home/pker/airflow_env/lib/python3.7/site-packages/airflow/example_dags/example_local_kubernetes_executor.py
[2025-12-01T20:28:58.113+0300] {processor.py:175} INFO - Processing /home/pker/airflow_env/lib/python3.7/site-packages/airflow/example_dags/example_local_kubernetes_executor.py took 0.050 seconds
[2025-12-01T20:29:46.212+0300] {processor.py:153} INFO - Started process (PID=922830) to work on /home/pker/airflow_env/lib/python3.7/site-packages/airflow/example_dags/example_local_kubernetes_executor.py
[2025-12-01T20:29:46.234+0300] {processor.py:743} INFO - Processing file /home/pker/airflow_env/lib/python3.7/site-packages/airflow/example_dags/example_local_kubernetes_executor.py for tasks to queue
[2025-12-01T20:29:46.236+0300] {logging_mixin.py:137} INFO - [2025-12-01T20:29:46.236+0300] {dagbag.py:532} INFO - Filling up the DagBag from /home/pker/airflow_env/lib/python3.7/site-packages/airflow/example_dags/example_local_kubernetes_executor.py
[2025-12-01T20:29:46.263+0300] {logging_mixin.py:137} INFO - [2025-12-01T20:29:46.262+0300] {example_local_kubernetes_executor.py:39} WARNING - Could not import DAGs in example_local_kubernetes_executor.py
Traceback (most recent call last):
  File "/home/pker/airflow_env/lib/python3.7/site-packages/airflow/example_dags/example_local_kubernetes_executor.py", line 37, in <module>
    from kubernetes.client import models as k8s
ModuleNotFoundError: No module named 'kubernetes'
[2025-12-01T20:29:46.263+0300] {logging_mixin.py:137} INFO - [2025-12-01T20:29:46.263+0300] {example_local_kubernetes_executor.py:40} WARNING - Install Kubernetes dependencies with: pip install apache-airflow[cncf.kubernetes]
[2025-12-01T20:29:46.264+0300] {processor.py:755} WARNING - No viable dags retrieved from /home/pker/airflow_env/lib/python3.7/site-packages/airflow/example_dags/example_local_kubernetes_executor.py
[2025-12-01T20:29:46.276+0300] {processor.py:175} INFO - Processing /home/pker/airflow_env/lib/python3.7/site-packages/airflow/example_dags/example_local_kubernetes_executor.py took 0.069 seconds
[2025-12-01T20:30:37.705+0300] {processor.py:153} INFO - Started process (PID=923009) to work on /home/pker/airflow_env/lib/python3.7/site-packages/airflow/example_dags/example_local_kubernetes_executor.py
[2025-12-01T20:30:37.730+0300] {processor.py:743} INFO - Processing file /home/pker/airflow_env/lib/python3.7/site-packages/airflow/example_dags/example_local_kubernetes_executor.py for tasks to queue
[2025-12-01T20:30:37.732+0300] {logging_mixin.py:137} INFO - [2025-12-01T20:30:37.732+0300] {dagbag.py:532} INFO - Filling up the DagBag from /home/pker/airflow_env/lib/python3.7/site-packages/airflow/example_dags/example_local_kubernetes_executor.py
[2025-12-01T20:30:37.758+0300] {logging_mixin.py:137} INFO - [2025-12-01T20:30:37.758+0300] {example_local_kubernetes_executor.py:39} WARNING - Could not import DAGs in example_local_kubernetes_executor.py
Traceback (most recent call last):
  File "/home/pker/airflow_env/lib/python3.7/site-packages/airflow/example_dags/example_local_kubernetes_executor.py", line 37, in <module>
    from kubernetes.client import models as k8s
ModuleNotFoundError: No module named 'kubernetes'
[2025-12-01T20:30:37.759+0300] {logging_mixin.py:137} INFO - [2025-12-01T20:30:37.759+0300] {example_local_kubernetes_executor.py:40} WARNING - Install Kubernetes dependencies with: pip install apache-airflow[cncf.kubernetes]
[2025-12-01T20:30:37.759+0300] {processor.py:755} WARNING - No viable dags retrieved from /home/pker/airflow_env/lib/python3.7/site-packages/airflow/example_dags/example_local_kubernetes_executor.py
[2025-12-01T20:30:37.773+0300] {processor.py:175} INFO - Processing /home/pker/airflow_env/lib/python3.7/site-packages/airflow/example_dags/example_local_kubernetes_executor.py took 0.072 seconds
[2025-12-01T20:31:29.051+0300] {processor.py:153} INFO - Started process (PID=923191) to work on /home/pker/airflow_env/lib/python3.7/site-packages/airflow/example_dags/example_local_kubernetes_executor.py
[2025-12-01T20:31:29.075+0300] {processor.py:743} INFO - Processing file /home/pker/airflow_env/lib/python3.7/site-packages/airflow/example_dags/example_local_kubernetes_executor.py for tasks to queue
[2025-12-01T20:31:29.077+0300] {logging_mixin.py:137} INFO - [2025-12-01T20:31:29.077+0300] {dagbag.py:532} INFO - Filling up the DagBag from /home/pker/airflow_env/lib/python3.7/site-packages/airflow/example_dags/example_local_kubernetes_executor.py
[2025-12-01T20:31:29.106+0300] {logging_mixin.py:137} INFO - [2025-12-01T20:31:29.105+0300] {example_local_kubernetes_executor.py:39} WARNING - Could not import DAGs in example_local_kubernetes_executor.py
Traceback (most recent call last):
  File "/home/pker/airflow_env/lib/python3.7/site-packages/airflow/example_dags/example_local_kubernetes_executor.py", line 37, in <module>
    from kubernetes.client import models as k8s
ModuleNotFoundError: No module named 'kubernetes'
[2025-12-01T20:31:29.107+0300] {logging_mixin.py:137} INFO - [2025-12-01T20:31:29.107+0300] {example_local_kubernetes_executor.py:40} WARNING - Install Kubernetes dependencies with: pip install apache-airflow[cncf.kubernetes]
[2025-12-01T20:31:29.107+0300] {processor.py:755} WARNING - No viable dags retrieved from /home/pker/airflow_env/lib/python3.7/site-packages/airflow/example_dags/example_local_kubernetes_executor.py
[2025-12-01T20:31:29.122+0300] {processor.py:175} INFO - Processing /home/pker/airflow_env/lib/python3.7/site-packages/airflow/example_dags/example_local_kubernetes_executor.py took 0.076 seconds
