[2025-12-01T20:15:00.922+0300] {processor.py:153} INFO - Started process (PID=919440) to work on /home/pker/airflow_env/lib/python3.7/site-packages/airflow/example_dags/example_time_delta_sensor_async.py
[2025-12-01T20:15:00.924+0300] {processor.py:743} INFO - Processing file /home/pker/airflow_env/lib/python3.7/site-packages/airflow/example_dags/example_time_delta_sensor_async.py for tasks to queue
[2025-12-01T20:15:00.925+0300] {logging_mixin.py:137} INFO - [2025-12-01T20:15:00.925+0300] {dagbag.py:532} INFO - Filling up the DagBag from /home/pker/airflow_env/lib/python3.7/site-packages/airflow/example_dags/example_time_delta_sensor_async.py
[2025-12-01T20:15:00.996+0300] {processor.py:753} INFO - DAG(s) dict_keys(['example_time_delta_sensor_async']) retrieved from /home/pker/airflow_env/lib/python3.7/site-packages/airflow/example_dags/example_time_delta_sensor_async.py
[2025-12-01T20:15:01.071+0300] {logging_mixin.py:137} INFO - [2025-12-01T20:15:01.071+0300] {dag.py:2705} INFO - Sync 1 DAGs
[2025-12-01T20:15:01.096+0300] {logging_mixin.py:137} INFO - [2025-12-01T20:15:01.096+0300] {dag.py:3456} INFO - Setting next_dagrun for example_time_delta_sensor_async to None, run_after=None
[2025-12-01T20:15:01.284+0300] {processor.py:175} INFO - Processing /home/pker/airflow_env/lib/python3.7/site-packages/airflow/example_dags/example_time_delta_sensor_async.py took 0.366 seconds
[2025-12-01T20:16:01.561+0300] {processor.py:153} INFO - Started process (PID=919805) to work on /home/pker/airflow_env/lib/python3.7/site-packages/airflow/example_dags/example_time_delta_sensor_async.py
[2025-12-01T20:16:01.585+0300] {processor.py:743} INFO - Processing file /home/pker/airflow_env/lib/python3.7/site-packages/airflow/example_dags/example_time_delta_sensor_async.py for tasks to queue
[2025-12-01T20:16:01.588+0300] {logging_mixin.py:137} INFO - [2025-12-01T20:16:01.587+0300] {dagbag.py:532} INFO - Filling up the DagBag from /home/pker/airflow_env/lib/python3.7/site-packages/airflow/example_dags/example_time_delta_sensor_async.py
[2025-12-01T20:16:01.617+0300] {processor.py:753} INFO - DAG(s) dict_keys(['example_time_delta_sensor_async']) retrieved from /home/pker/airflow_env/lib/python3.7/site-packages/airflow/example_dags/example_time_delta_sensor_async.py
[2025-12-01T20:16:01.656+0300] {logging_mixin.py:137} INFO - [2025-12-01T20:16:01.655+0300] {dag.py:2705} INFO - Sync 1 DAGs
[2025-12-01T20:16:01.692+0300] {logging_mixin.py:137} INFO - [2025-12-01T20:16:01.692+0300] {dag.py:3456} INFO - Setting next_dagrun for example_time_delta_sensor_async to None, run_after=None
[2025-12-01T20:16:01.757+0300] {processor.py:175} INFO - Processing /home/pker/airflow_env/lib/python3.7/site-packages/airflow/example_dags/example_time_delta_sensor_async.py took 0.203 seconds
[2025-12-01T20:16:56.661+0300] {processor.py:153} INFO - Started process (PID=920001) to work on /home/pker/airflow_env/lib/python3.7/site-packages/airflow/example_dags/example_time_delta_sensor_async.py
[2025-12-01T20:16:56.685+0300] {processor.py:743} INFO - Processing file /home/pker/airflow_env/lib/python3.7/site-packages/airflow/example_dags/example_time_delta_sensor_async.py for tasks to queue
[2025-12-01T20:16:56.688+0300] {logging_mixin.py:137} INFO - [2025-12-01T20:16:56.687+0300] {dagbag.py:532} INFO - Filling up the DagBag from /home/pker/airflow_env/lib/python3.7/site-packages/airflow/example_dags/example_time_delta_sensor_async.py
[2025-12-01T20:16:56.710+0300] {processor.py:753} INFO - DAG(s) dict_keys(['example_time_delta_sensor_async']) retrieved from /home/pker/airflow_env/lib/python3.7/site-packages/airflow/example_dags/example_time_delta_sensor_async.py
[2025-12-01T20:16:56.738+0300] {logging_mixin.py:137} INFO - [2025-12-01T20:16:56.738+0300] {dag.py:2705} INFO - Sync 1 DAGs
[2025-12-01T20:16:56.766+0300] {logging_mixin.py:137} INFO - [2025-12-01T20:16:56.766+0300] {dag.py:3456} INFO - Setting next_dagrun for example_time_delta_sensor_async to None, run_after=None
[2025-12-01T20:16:56.804+0300] {processor.py:175} INFO - Processing /home/pker/airflow_env/lib/python3.7/site-packages/airflow/example_dags/example_time_delta_sensor_async.py took 0.147 seconds
[2025-12-01T20:17:50.321+0300] {processor.py:153} INFO - Started process (PID=920192) to work on /home/pker/airflow_env/lib/python3.7/site-packages/airflow/example_dags/example_time_delta_sensor_async.py
[2025-12-01T20:17:50.325+0300] {processor.py:743} INFO - Processing file /home/pker/airflow_env/lib/python3.7/site-packages/airflow/example_dags/example_time_delta_sensor_async.py for tasks to queue
[2025-12-01T20:17:50.326+0300] {logging_mixin.py:137} INFO - [2025-12-01T20:17:50.326+0300] {dagbag.py:532} INFO - Filling up the DagBag from /home/pker/airflow_env/lib/python3.7/site-packages/airflow/example_dags/example_time_delta_sensor_async.py
[2025-12-01T20:17:50.347+0300] {processor.py:753} INFO - DAG(s) dict_keys(['example_time_delta_sensor_async']) retrieved from /home/pker/airflow_env/lib/python3.7/site-packages/airflow/example_dags/example_time_delta_sensor_async.py
[2025-12-01T20:17:50.379+0300] {logging_mixin.py:137} INFO - [2025-12-01T20:17:50.379+0300] {dag.py:2705} INFO - Sync 1 DAGs
[2025-12-01T20:17:50.407+0300] {logging_mixin.py:137} INFO - [2025-12-01T20:17:50.407+0300] {dag.py:3456} INFO - Setting next_dagrun for example_time_delta_sensor_async to None, run_after=None
[2025-12-01T20:17:50.450+0300] {processor.py:175} INFO - Processing /home/pker/airflow_env/lib/python3.7/site-packages/airflow/example_dags/example_time_delta_sensor_async.py took 0.134 seconds
[2025-12-01T20:18:41.199+0300] {processor.py:153} INFO - Started process (PID=920377) to work on /home/pker/airflow_env/lib/python3.7/site-packages/airflow/example_dags/example_time_delta_sensor_async.py
[2025-12-01T20:18:41.223+0300] {processor.py:743} INFO - Processing file /home/pker/airflow_env/lib/python3.7/site-packages/airflow/example_dags/example_time_delta_sensor_async.py for tasks to queue
[2025-12-01T20:18:41.225+0300] {logging_mixin.py:137} INFO - [2025-12-01T20:18:41.225+0300] {dagbag.py:532} INFO - Filling up the DagBag from /home/pker/airflow_env/lib/python3.7/site-packages/airflow/example_dags/example_time_delta_sensor_async.py
[2025-12-01T20:18:41.246+0300] {processor.py:753} INFO - DAG(s) dict_keys(['example_time_delta_sensor_async']) retrieved from /home/pker/airflow_env/lib/python3.7/site-packages/airflow/example_dags/example_time_delta_sensor_async.py
[2025-12-01T20:18:41.277+0300] {logging_mixin.py:137} INFO - [2025-12-01T20:18:41.277+0300] {dag.py:2705} INFO - Sync 1 DAGs
[2025-12-01T20:18:41.302+0300] {logging_mixin.py:137} INFO - [2025-12-01T20:18:41.302+0300] {dag.py:3456} INFO - Setting next_dagrun for example_time_delta_sensor_async to None, run_after=None
[2025-12-01T20:18:41.335+0300] {processor.py:175} INFO - Processing /home/pker/airflow_env/lib/python3.7/site-packages/airflow/example_dags/example_time_delta_sensor_async.py took 0.141 seconds
[2025-12-01T20:19:30.712+0300] {processor.py:153} INFO - Started process (PID=920579) to work on /home/pker/airflow_env/lib/python3.7/site-packages/airflow/example_dags/example_time_delta_sensor_async.py
[2025-12-01T20:19:30.735+0300] {processor.py:743} INFO - Processing file /home/pker/airflow_env/lib/python3.7/site-packages/airflow/example_dags/example_time_delta_sensor_async.py for tasks to queue
[2025-12-01T20:19:30.736+0300] {logging_mixin.py:137} INFO - [2025-12-01T20:19:30.736+0300] {dagbag.py:532} INFO - Filling up the DagBag from /home/pker/airflow_env/lib/python3.7/site-packages/airflow/example_dags/example_time_delta_sensor_async.py
[2025-12-01T20:19:30.755+0300] {processor.py:753} INFO - DAG(s) dict_keys(['example_time_delta_sensor_async']) retrieved from /home/pker/airflow_env/lib/python3.7/site-packages/airflow/example_dags/example_time_delta_sensor_async.py
[2025-12-01T20:19:30.811+0300] {logging_mixin.py:137} INFO - [2025-12-01T20:19:30.810+0300] {dag.py:2705} INFO - Sync 1 DAGs
[2025-12-01T20:19:30.856+0300] {logging_mixin.py:137} INFO - [2025-12-01T20:19:30.855+0300] {dag.py:3456} INFO - Setting next_dagrun for example_time_delta_sensor_async to None, run_after=None
[2025-12-01T20:19:30.893+0300] {processor.py:175} INFO - Processing /home/pker/airflow_env/lib/python3.7/site-packages/airflow/example_dags/example_time_delta_sensor_async.py took 0.188 seconds
[2025-12-01T20:20:18.080+0300] {processor.py:153} INFO - Started process (PID=920746) to work on /home/pker/airflow_env/lib/python3.7/site-packages/airflow/example_dags/example_time_delta_sensor_async.py
[2025-12-01T20:20:18.097+0300] {processor.py:743} INFO - Processing file /home/pker/airflow_env/lib/python3.7/site-packages/airflow/example_dags/example_time_delta_sensor_async.py for tasks to queue
[2025-12-01T20:20:18.099+0300] {logging_mixin.py:137} INFO - [2025-12-01T20:20:18.099+0300] {dagbag.py:532} INFO - Filling up the DagBag from /home/pker/airflow_env/lib/python3.7/site-packages/airflow/example_dags/example_time_delta_sensor_async.py
[2025-12-01T20:20:18.122+0300] {processor.py:753} INFO - DAG(s) dict_keys(['example_time_delta_sensor_async']) retrieved from /home/pker/airflow_env/lib/python3.7/site-packages/airflow/example_dags/example_time_delta_sensor_async.py
[2025-12-01T20:20:18.151+0300] {logging_mixin.py:137} INFO - [2025-12-01T20:20:18.151+0300] {dag.py:2705} INFO - Sync 1 DAGs
[2025-12-01T20:20:18.177+0300] {logging_mixin.py:137} INFO - [2025-12-01T20:20:18.176+0300] {dag.py:3456} INFO - Setting next_dagrun for example_time_delta_sensor_async to None, run_after=None
[2025-12-01T20:20:18.206+0300] {processor.py:175} INFO - Processing /home/pker/airflow_env/lib/python3.7/site-packages/airflow/example_dags/example_time_delta_sensor_async.py took 0.133 seconds
[2025-12-01T20:21:07.217+0300] {processor.py:153} INFO - Started process (PID=920919) to work on /home/pker/airflow_env/lib/python3.7/site-packages/airflow/example_dags/example_time_delta_sensor_async.py
[2025-12-01T20:21:07.240+0300] {processor.py:743} INFO - Processing file /home/pker/airflow_env/lib/python3.7/site-packages/airflow/example_dags/example_time_delta_sensor_async.py for tasks to queue
[2025-12-01T20:21:07.241+0300] {logging_mixin.py:137} INFO - [2025-12-01T20:21:07.241+0300] {dagbag.py:532} INFO - Filling up the DagBag from /home/pker/airflow_env/lib/python3.7/site-packages/airflow/example_dags/example_time_delta_sensor_async.py
[2025-12-01T20:21:07.263+0300] {processor.py:753} INFO - DAG(s) dict_keys(['example_time_delta_sensor_async']) retrieved from /home/pker/airflow_env/lib/python3.7/site-packages/airflow/example_dags/example_time_delta_sensor_async.py
[2025-12-01T20:21:07.295+0300] {logging_mixin.py:137} INFO - [2025-12-01T20:21:07.295+0300] {dag.py:2705} INFO - Sync 1 DAGs
[2025-12-01T20:21:07.325+0300] {logging_mixin.py:137} INFO - [2025-12-01T20:21:07.324+0300] {dag.py:3456} INFO - Setting next_dagrun for example_time_delta_sensor_async to None, run_after=None
[2025-12-01T20:21:07.368+0300] {processor.py:175} INFO - Processing /home/pker/airflow_env/lib/python3.7/site-packages/airflow/example_dags/example_time_delta_sensor_async.py took 0.155 seconds
[2025-12-01T20:21:53.467+0300] {processor.py:153} INFO - Started process (PID=921089) to work on /home/pker/airflow_env/lib/python3.7/site-packages/airflow/example_dags/example_time_delta_sensor_async.py
[2025-12-01T20:21:53.488+0300] {processor.py:743} INFO - Processing file /home/pker/airflow_env/lib/python3.7/site-packages/airflow/example_dags/example_time_delta_sensor_async.py for tasks to queue
[2025-12-01T20:21:53.490+0300] {logging_mixin.py:137} INFO - [2025-12-01T20:21:53.490+0300] {dagbag.py:532} INFO - Filling up the DagBag from /home/pker/airflow_env/lib/python3.7/site-packages/airflow/example_dags/example_time_delta_sensor_async.py
[2025-12-01T20:21:53.511+0300] {processor.py:753} INFO - DAG(s) dict_keys(['example_time_delta_sensor_async']) retrieved from /home/pker/airflow_env/lib/python3.7/site-packages/airflow/example_dags/example_time_delta_sensor_async.py
[2025-12-01T20:21:53.543+0300] {logging_mixin.py:137} INFO - [2025-12-01T20:21:53.542+0300] {dag.py:2705} INFO - Sync 1 DAGs
[2025-12-01T20:21:53.575+0300] {logging_mixin.py:137} INFO - [2025-12-01T20:21:53.575+0300] {dag.py:3456} INFO - Setting next_dagrun for example_time_delta_sensor_async to None, run_after=None
[2025-12-01T20:21:53.613+0300] {processor.py:175} INFO - Processing /home/pker/airflow_env/lib/python3.7/site-packages/airflow/example_dags/example_time_delta_sensor_async.py took 0.151 seconds
[2025-12-01T20:22:43.932+0300] {processor.py:153} INFO - Started process (PID=921265) to work on /home/pker/airflow_env/lib/python3.7/site-packages/airflow/example_dags/example_time_delta_sensor_async.py
[2025-12-01T20:22:43.953+0300] {processor.py:743} INFO - Processing file /home/pker/airflow_env/lib/python3.7/site-packages/airflow/example_dags/example_time_delta_sensor_async.py for tasks to queue
[2025-12-01T20:22:43.955+0300] {logging_mixin.py:137} INFO - [2025-12-01T20:22:43.955+0300] {dagbag.py:532} INFO - Filling up the DagBag from /home/pker/airflow_env/lib/python3.7/site-packages/airflow/example_dags/example_time_delta_sensor_async.py
[2025-12-01T20:22:43.979+0300] {processor.py:753} INFO - DAG(s) dict_keys(['example_time_delta_sensor_async']) retrieved from /home/pker/airflow_env/lib/python3.7/site-packages/airflow/example_dags/example_time_delta_sensor_async.py
[2025-12-01T20:22:44.013+0300] {logging_mixin.py:137} INFO - [2025-12-01T20:22:44.012+0300] {dag.py:2705} INFO - Sync 1 DAGs
[2025-12-01T20:22:44.041+0300] {logging_mixin.py:137} INFO - [2025-12-01T20:22:44.040+0300] {dag.py:3456} INFO - Setting next_dagrun for example_time_delta_sensor_async to None, run_after=None
[2025-12-01T20:22:44.070+0300] {processor.py:175} INFO - Processing /home/pker/airflow_env/lib/python3.7/site-packages/airflow/example_dags/example_time_delta_sensor_async.py took 0.144 seconds
[2025-12-01T20:23:34.339+0300] {processor.py:153} INFO - Started process (PID=921444) to work on /home/pker/airflow_env/lib/python3.7/site-packages/airflow/example_dags/example_time_delta_sensor_async.py
[2025-12-01T20:23:34.362+0300] {processor.py:743} INFO - Processing file /home/pker/airflow_env/lib/python3.7/site-packages/airflow/example_dags/example_time_delta_sensor_async.py for tasks to queue
[2025-12-01T20:23:34.365+0300] {logging_mixin.py:137} INFO - [2025-12-01T20:23:34.365+0300] {dagbag.py:532} INFO - Filling up the DagBag from /home/pker/airflow_env/lib/python3.7/site-packages/airflow/example_dags/example_time_delta_sensor_async.py
[2025-12-01T20:23:34.390+0300] {processor.py:753} INFO - DAG(s) dict_keys(['example_time_delta_sensor_async']) retrieved from /home/pker/airflow_env/lib/python3.7/site-packages/airflow/example_dags/example_time_delta_sensor_async.py
[2025-12-01T20:23:34.417+0300] {logging_mixin.py:137} INFO - [2025-12-01T20:23:34.417+0300] {dag.py:2705} INFO - Sync 1 DAGs
[2025-12-01T20:23:34.444+0300] {logging_mixin.py:137} INFO - [2025-12-01T20:23:34.444+0300] {dag.py:3456} INFO - Setting next_dagrun for example_time_delta_sensor_async to None, run_after=None
[2025-12-01T20:23:34.471+0300] {processor.py:175} INFO - Processing /home/pker/airflow_env/lib/python3.7/site-packages/airflow/example_dags/example_time_delta_sensor_async.py took 0.136 seconds
[2025-12-01T20:24:25.564+0300] {processor.py:153} INFO - Started process (PID=921649) to work on /home/pker/airflow_env/lib/python3.7/site-packages/airflow/example_dags/example_time_delta_sensor_async.py
[2025-12-01T20:24:25.567+0300] {processor.py:743} INFO - Processing file /home/pker/airflow_env/lib/python3.7/site-packages/airflow/example_dags/example_time_delta_sensor_async.py for tasks to queue
[2025-12-01T20:24:25.569+0300] {logging_mixin.py:137} INFO - [2025-12-01T20:24:25.569+0300] {dagbag.py:532} INFO - Filling up the DagBag from /home/pker/airflow_env/lib/python3.7/site-packages/airflow/example_dags/example_time_delta_sensor_async.py
[2025-12-01T20:24:25.598+0300] {processor.py:753} INFO - DAG(s) dict_keys(['example_time_delta_sensor_async']) retrieved from /home/pker/airflow_env/lib/python3.7/site-packages/airflow/example_dags/example_time_delta_sensor_async.py
[2025-12-01T20:24:25.633+0300] {logging_mixin.py:137} INFO - [2025-12-01T20:24:25.632+0300] {dag.py:2705} INFO - Sync 1 DAGs
[2025-12-01T20:24:25.678+0300] {logging_mixin.py:137} INFO - [2025-12-01T20:24:25.677+0300] {dag.py:3456} INFO - Setting next_dagrun for example_time_delta_sensor_async to None, run_after=None
[2025-12-01T20:24:25.730+0300] {processor.py:175} INFO - Processing /home/pker/airflow_env/lib/python3.7/site-packages/airflow/example_dags/example_time_delta_sensor_async.py took 0.174 seconds
[2025-12-01T20:25:16.381+0300] {processor.py:153} INFO - Started process (PID=921830) to work on /home/pker/airflow_env/lib/python3.7/site-packages/airflow/example_dags/example_time_delta_sensor_async.py
[2025-12-01T20:25:16.404+0300] {processor.py:743} INFO - Processing file /home/pker/airflow_env/lib/python3.7/site-packages/airflow/example_dags/example_time_delta_sensor_async.py for tasks to queue
[2025-12-01T20:25:16.406+0300] {logging_mixin.py:137} INFO - [2025-12-01T20:25:16.406+0300] {dagbag.py:532} INFO - Filling up the DagBag from /home/pker/airflow_env/lib/python3.7/site-packages/airflow/example_dags/example_time_delta_sensor_async.py
[2025-12-01T20:25:16.427+0300] {processor.py:753} INFO - DAG(s) dict_keys(['example_time_delta_sensor_async']) retrieved from /home/pker/airflow_env/lib/python3.7/site-packages/airflow/example_dags/example_time_delta_sensor_async.py
[2025-12-01T20:25:16.456+0300] {logging_mixin.py:137} INFO - [2025-12-01T20:25:16.456+0300] {dag.py:2705} INFO - Sync 1 DAGs
[2025-12-01T20:25:16.482+0300] {logging_mixin.py:137} INFO - [2025-12-01T20:25:16.482+0300] {dag.py:3456} INFO - Setting next_dagrun for example_time_delta_sensor_async to None, run_after=None
[2025-12-01T20:25:16.517+0300] {processor.py:175} INFO - Processing /home/pker/airflow_env/lib/python3.7/site-packages/airflow/example_dags/example_time_delta_sensor_async.py took 0.142 seconds
[2025-12-01T20:26:03.039+0300] {processor.py:153} INFO - Started process (PID=922001) to work on /home/pker/airflow_env/lib/python3.7/site-packages/airflow/example_dags/example_time_delta_sensor_async.py
[2025-12-01T20:26:03.060+0300] {processor.py:743} INFO - Processing file /home/pker/airflow_env/lib/python3.7/site-packages/airflow/example_dags/example_time_delta_sensor_async.py for tasks to queue
[2025-12-01T20:26:03.061+0300] {logging_mixin.py:137} INFO - [2025-12-01T20:26:03.060+0300] {dagbag.py:532} INFO - Filling up the DagBag from /home/pker/airflow_env/lib/python3.7/site-packages/airflow/example_dags/example_time_delta_sensor_async.py
[2025-12-01T20:26:03.078+0300] {processor.py:753} INFO - DAG(s) dict_keys(['example_time_delta_sensor_async']) retrieved from /home/pker/airflow_env/lib/python3.7/site-packages/airflow/example_dags/example_time_delta_sensor_async.py
[2025-12-01T20:26:03.104+0300] {logging_mixin.py:137} INFO - [2025-12-01T20:26:03.104+0300] {dag.py:2705} INFO - Sync 1 DAGs
[2025-12-01T20:26:03.144+0300] {logging_mixin.py:137} INFO - [2025-12-01T20:26:03.144+0300] {dag.py:3456} INFO - Setting next_dagrun for example_time_delta_sensor_async to None, run_after=None
[2025-12-01T20:26:03.186+0300] {processor.py:175} INFO - Processing /home/pker/airflow_env/lib/python3.7/site-packages/airflow/example_dags/example_time_delta_sensor_async.py took 0.152 seconds
[2025-12-01T20:27:10.449+0300] {processor.py:153} INFO - Started process (PID=922240) to work on /home/pker/airflow_env/lib/python3.7/site-packages/airflow/example_dags/example_time_delta_sensor_async.py
[2025-12-01T20:27:10.473+0300] {processor.py:743} INFO - Processing file /home/pker/airflow_env/lib/python3.7/site-packages/airflow/example_dags/example_time_delta_sensor_async.py for tasks to queue
[2025-12-01T20:27:10.474+0300] {logging_mixin.py:137} INFO - [2025-12-01T20:27:10.474+0300] {dagbag.py:532} INFO - Filling up the DagBag from /home/pker/airflow_env/lib/python3.7/site-packages/airflow/example_dags/example_time_delta_sensor_async.py
[2025-12-01T20:27:10.500+0300] {processor.py:753} INFO - DAG(s) dict_keys(['example_time_delta_sensor_async']) retrieved from /home/pker/airflow_env/lib/python3.7/site-packages/airflow/example_dags/example_time_delta_sensor_async.py
[2025-12-01T20:27:10.530+0300] {logging_mixin.py:137} INFO - [2025-12-01T20:27:10.530+0300] {dag.py:2705} INFO - Sync 1 DAGs
[2025-12-01T20:27:10.558+0300] {logging_mixin.py:137} INFO - [2025-12-01T20:27:10.558+0300] {dag.py:3456} INFO - Setting next_dagrun for example_time_delta_sensor_async to None, run_after=None
[2025-12-01T20:27:10.602+0300] {processor.py:175} INFO - Processing /home/pker/airflow_env/lib/python3.7/site-packages/airflow/example_dags/example_time_delta_sensor_async.py took 0.158 seconds
[2025-12-01T20:28:00.430+0300] {processor.py:153} INFO - Started process (PID=922422) to work on /home/pker/airflow_env/lib/python3.7/site-packages/airflow/example_dags/example_time_delta_sensor_async.py
[2025-12-01T20:28:00.433+0300] {processor.py:743} INFO - Processing file /home/pker/airflow_env/lib/python3.7/site-packages/airflow/example_dags/example_time_delta_sensor_async.py for tasks to queue
[2025-12-01T20:28:00.435+0300] {logging_mixin.py:137} INFO - [2025-12-01T20:28:00.434+0300] {dagbag.py:532} INFO - Filling up the DagBag from /home/pker/airflow_env/lib/python3.7/site-packages/airflow/example_dags/example_time_delta_sensor_async.py
[2025-12-01T20:28:00.455+0300] {processor.py:753} INFO - DAG(s) dict_keys(['example_time_delta_sensor_async']) retrieved from /home/pker/airflow_env/lib/python3.7/site-packages/airflow/example_dags/example_time_delta_sensor_async.py
[2025-12-01T20:28:00.483+0300] {logging_mixin.py:137} INFO - [2025-12-01T20:28:00.483+0300] {dag.py:2705} INFO - Sync 1 DAGs
[2025-12-01T20:28:00.521+0300] {logging_mixin.py:137} INFO - [2025-12-01T20:28:00.520+0300] {dag.py:3456} INFO - Setting next_dagrun for example_time_delta_sensor_async to None, run_after=None
[2025-12-01T20:28:00.556+0300] {processor.py:175} INFO - Processing /home/pker/airflow_env/lib/python3.7/site-packages/airflow/example_dags/example_time_delta_sensor_async.py took 0.130 seconds
[2025-12-01T20:28:47.369+0300] {processor.py:153} INFO - Started process (PID=922597) to work on /home/pker/airflow_env/lib/python3.7/site-packages/airflow/example_dags/example_time_delta_sensor_async.py
[2025-12-01T20:28:47.371+0300] {processor.py:743} INFO - Processing file /home/pker/airflow_env/lib/python3.7/site-packages/airflow/example_dags/example_time_delta_sensor_async.py for tasks to queue
[2025-12-01T20:28:47.373+0300] {logging_mixin.py:137} INFO - [2025-12-01T20:28:47.373+0300] {dagbag.py:532} INFO - Filling up the DagBag from /home/pker/airflow_env/lib/python3.7/site-packages/airflow/example_dags/example_time_delta_sensor_async.py
[2025-12-01T20:28:47.392+0300] {processor.py:753} INFO - DAG(s) dict_keys(['example_time_delta_sensor_async']) retrieved from /home/pker/airflow_env/lib/python3.7/site-packages/airflow/example_dags/example_time_delta_sensor_async.py
[2025-12-01T20:28:47.418+0300] {logging_mixin.py:137} INFO - [2025-12-01T20:28:47.418+0300] {dag.py:2705} INFO - Sync 1 DAGs
[2025-12-01T20:28:47.443+0300] {logging_mixin.py:137} INFO - [2025-12-01T20:28:47.443+0300] {dag.py:3456} INFO - Setting next_dagrun for example_time_delta_sensor_async to None, run_after=None
[2025-12-01T20:28:47.478+0300] {processor.py:175} INFO - Processing /home/pker/airflow_env/lib/python3.7/site-packages/airflow/example_dags/example_time_delta_sensor_async.py took 0.114 seconds
[2025-12-01T20:29:33.185+0300] {processor.py:153} INFO - Started process (PID=922781) to work on /home/pker/airflow_env/lib/python3.7/site-packages/airflow/example_dags/example_time_delta_sensor_async.py
[2025-12-01T20:29:33.207+0300] {processor.py:743} INFO - Processing file /home/pker/airflow_env/lib/python3.7/site-packages/airflow/example_dags/example_time_delta_sensor_async.py for tasks to queue
[2025-12-01T20:29:33.208+0300] {logging_mixin.py:137} INFO - [2025-12-01T20:29:33.208+0300] {dagbag.py:532} INFO - Filling up the DagBag from /home/pker/airflow_env/lib/python3.7/site-packages/airflow/example_dags/example_time_delta_sensor_async.py
[2025-12-01T20:29:33.228+0300] {processor.py:753} INFO - DAG(s) dict_keys(['example_time_delta_sensor_async']) retrieved from /home/pker/airflow_env/lib/python3.7/site-packages/airflow/example_dags/example_time_delta_sensor_async.py
[2025-12-01T20:29:33.260+0300] {logging_mixin.py:137} INFO - [2025-12-01T20:29:33.260+0300] {dag.py:2705} INFO - Sync 1 DAGs
[2025-12-01T20:29:33.289+0300] {logging_mixin.py:137} INFO - [2025-12-01T20:29:33.289+0300] {dag.py:3456} INFO - Setting next_dagrun for example_time_delta_sensor_async to None, run_after=None
[2025-12-01T20:29:33.316+0300] {processor.py:175} INFO - Processing /home/pker/airflow_env/lib/python3.7/site-packages/airflow/example_dags/example_time_delta_sensor_async.py took 0.134 seconds
[2025-12-01T20:30:24.853+0300] {processor.py:153} INFO - Started process (PID=922960) to work on /home/pker/airflow_env/lib/python3.7/site-packages/airflow/example_dags/example_time_delta_sensor_async.py
[2025-12-01T20:30:24.876+0300] {processor.py:743} INFO - Processing file /home/pker/airflow_env/lib/python3.7/site-packages/airflow/example_dags/example_time_delta_sensor_async.py for tasks to queue
[2025-12-01T20:30:24.878+0300] {logging_mixin.py:137} INFO - [2025-12-01T20:30:24.878+0300] {dagbag.py:532} INFO - Filling up the DagBag from /home/pker/airflow_env/lib/python3.7/site-packages/airflow/example_dags/example_time_delta_sensor_async.py
[2025-12-01T20:30:24.900+0300] {processor.py:753} INFO - DAG(s) dict_keys(['example_time_delta_sensor_async']) retrieved from /home/pker/airflow_env/lib/python3.7/site-packages/airflow/example_dags/example_time_delta_sensor_async.py
[2025-12-01T20:30:24.933+0300] {logging_mixin.py:137} INFO - [2025-12-01T20:30:24.933+0300] {dag.py:2705} INFO - Sync 1 DAGs
[2025-12-01T20:30:24.972+0300] {logging_mixin.py:137} INFO - [2025-12-01T20:30:24.972+0300] {dag.py:3456} INFO - Setting next_dagrun for example_time_delta_sensor_async to None, run_after=None
[2025-12-01T20:30:25.009+0300] {processor.py:175} INFO - Processing /home/pker/airflow_env/lib/python3.7/site-packages/airflow/example_dags/example_time_delta_sensor_async.py took 0.161 seconds
[2025-12-01T20:31:17.290+0300] {processor.py:153} INFO - Started process (PID=923152) to work on /home/pker/airflow_env/lib/python3.7/site-packages/airflow/example_dags/example_time_delta_sensor_async.py
[2025-12-01T20:31:17.312+0300] {processor.py:743} INFO - Processing file /home/pker/airflow_env/lib/python3.7/site-packages/airflow/example_dags/example_time_delta_sensor_async.py for tasks to queue
[2025-12-01T20:31:17.315+0300] {logging_mixin.py:137} INFO - [2025-12-01T20:31:17.314+0300] {dagbag.py:532} INFO - Filling up the DagBag from /home/pker/airflow_env/lib/python3.7/site-packages/airflow/example_dags/example_time_delta_sensor_async.py
[2025-12-01T20:31:17.334+0300] {processor.py:753} INFO - DAG(s) dict_keys(['example_time_delta_sensor_async']) retrieved from /home/pker/airflow_env/lib/python3.7/site-packages/airflow/example_dags/example_time_delta_sensor_async.py
[2025-12-01T20:31:17.361+0300] {logging_mixin.py:137} INFO - [2025-12-01T20:31:17.361+0300] {dag.py:2705} INFO - Sync 1 DAGs
[2025-12-01T20:31:17.388+0300] {logging_mixin.py:137} INFO - [2025-12-01T20:31:17.387+0300] {dag.py:3456} INFO - Setting next_dagrun for example_time_delta_sensor_async to None, run_after=None
[2025-12-01T20:31:17.421+0300] {processor.py:175} INFO - Processing /home/pker/airflow_env/lib/python3.7/site-packages/airflow/example_dags/example_time_delta_sensor_async.py took 0.136 seconds
