[2025-12-01T20:14:42.806+0300] {processor.py:153} INFO - Started process (PID=919376) to work on /home/pker/airflow_env/lib/python3.7/site-packages/airflow/example_dags/example_branch_operator_decorator.py
[2025-12-01T20:14:42.808+0300] {processor.py:743} INFO - Processing file /home/pker/airflow_env/lib/python3.7/site-packages/airflow/example_dags/example_branch_operator_decorator.py for tasks to queue
[2025-12-01T20:14:42.810+0300] {logging_mixin.py:137} INFO - [2025-12-01T20:14:42.809+0300] {dagbag.py:532} INFO - Filling up the DagBag from /home/pker/airflow_env/lib/python3.7/site-packages/airflow/example_dags/example_branch_operator_decorator.py
[2025-12-01T20:14:42.856+0300] {processor.py:753} INFO - DAG(s) dict_keys(['example_branch_python_operator_decorator']) retrieved from /home/pker/airflow_env/lib/python3.7/site-packages/airflow/example_dags/example_branch_operator_decorator.py
[2025-12-01T20:14:42.930+0300] {logging_mixin.py:137} INFO - [2025-12-01T20:14:42.930+0300] {dag.py:2705} INFO - Sync 1 DAGs
[2025-12-01T20:14:42.956+0300] {logging_mixin.py:137} INFO - [2025-12-01T20:14:42.956+0300] {dag.py:3456} INFO - Setting next_dagrun for example_branch_python_operator_decorator to 2025-11-30T00:00:00+00:00, run_after=2025-12-01T00:00:00+00:00
[2025-12-01T20:14:42.988+0300] {processor.py:175} INFO - Processing /home/pker/airflow_env/lib/python3.7/site-packages/airflow/example_dags/example_branch_operator_decorator.py took 0.190 seconds
[2025-12-01T20:15:41.665+0300] {processor.py:153} INFO - Started process (PID=919739) to work on /home/pker/airflow_env/lib/python3.7/site-packages/airflow/example_dags/example_branch_operator_decorator.py
[2025-12-01T20:15:41.686+0300] {processor.py:743} INFO - Processing file /home/pker/airflow_env/lib/python3.7/site-packages/airflow/example_dags/example_branch_operator_decorator.py for tasks to queue
[2025-12-01T20:15:41.688+0300] {logging_mixin.py:137} INFO - [2025-12-01T20:15:41.688+0300] {dagbag.py:532} INFO - Filling up the DagBag from /home/pker/airflow_env/lib/python3.7/site-packages/airflow/example_dags/example_branch_operator_decorator.py
[2025-12-01T20:15:41.729+0300] {processor.py:753} INFO - DAG(s) dict_keys(['example_branch_python_operator_decorator']) retrieved from /home/pker/airflow_env/lib/python3.7/site-packages/airflow/example_dags/example_branch_operator_decorator.py
[2025-12-01T20:15:41.754+0300] {logging_mixin.py:137} INFO - [2025-12-01T20:15:41.754+0300] {dag.py:2705} INFO - Sync 1 DAGs
[2025-12-01T20:15:41.781+0300] {logging_mixin.py:137} INFO - [2025-12-01T20:15:41.781+0300] {dag.py:3456} INFO - Setting next_dagrun for example_branch_python_operator_decorator to 2025-11-30T00:00:00+00:00, run_after=2025-12-01T00:00:00+00:00
[2025-12-01T20:15:41.834+0300] {processor.py:175} INFO - Processing /home/pker/airflow_env/lib/python3.7/site-packages/airflow/example_dags/example_branch_operator_decorator.py took 0.175 seconds
[2025-12-01T20:16:38.605+0300] {processor.py:153} INFO - Started process (PID=919935) to work on /home/pker/airflow_env/lib/python3.7/site-packages/airflow/example_dags/example_branch_operator_decorator.py
[2025-12-01T20:16:38.607+0300] {processor.py:743} INFO - Processing file /home/pker/airflow_env/lib/python3.7/site-packages/airflow/example_dags/example_branch_operator_decorator.py for tasks to queue
[2025-12-01T20:16:38.609+0300] {logging_mixin.py:137} INFO - [2025-12-01T20:16:38.609+0300] {dagbag.py:532} INFO - Filling up the DagBag from /home/pker/airflow_env/lib/python3.7/site-packages/airflow/example_dags/example_branch_operator_decorator.py
[2025-12-01T20:16:38.662+0300] {processor.py:753} INFO - DAG(s) dict_keys(['example_branch_python_operator_decorator']) retrieved from /home/pker/airflow_env/lib/python3.7/site-packages/airflow/example_dags/example_branch_operator_decorator.py
[2025-12-01T20:16:38.702+0300] {logging_mixin.py:137} INFO - [2025-12-01T20:16:38.702+0300] {dag.py:2705} INFO - Sync 1 DAGs
[2025-12-01T20:16:38.737+0300] {logging_mixin.py:137} INFO - [2025-12-01T20:16:38.736+0300] {dag.py:3456} INFO - Setting next_dagrun for example_branch_python_operator_decorator to 2025-11-30T00:00:00+00:00, run_after=2025-12-01T00:00:00+00:00
[2025-12-01T20:16:38.807+0300] {processor.py:175} INFO - Processing /home/pker/airflow_env/lib/python3.7/site-packages/airflow/example_dags/example_branch_operator_decorator.py took 0.209 seconds
[2025-12-01T20:17:30.103+0300] {processor.py:153} INFO - Started process (PID=920117) to work on /home/pker/airflow_env/lib/python3.7/site-packages/airflow/example_dags/example_branch_operator_decorator.py
[2025-12-01T20:17:30.126+0300] {processor.py:743} INFO - Processing file /home/pker/airflow_env/lib/python3.7/site-packages/airflow/example_dags/example_branch_operator_decorator.py for tasks to queue
[2025-12-01T20:17:30.129+0300] {logging_mixin.py:137} INFO - [2025-12-01T20:17:30.129+0300] {dagbag.py:532} INFO - Filling up the DagBag from /home/pker/airflow_env/lib/python3.7/site-packages/airflow/example_dags/example_branch_operator_decorator.py
[2025-12-01T20:17:30.168+0300] {processor.py:753} INFO - DAG(s) dict_keys(['example_branch_python_operator_decorator']) retrieved from /home/pker/airflow_env/lib/python3.7/site-packages/airflow/example_dags/example_branch_operator_decorator.py
[2025-12-01T20:17:30.194+0300] {logging_mixin.py:137} INFO - [2025-12-01T20:17:30.193+0300] {dag.py:2705} INFO - Sync 1 DAGs
[2025-12-01T20:17:30.225+0300] {logging_mixin.py:137} INFO - [2025-12-01T20:17:30.225+0300] {dag.py:3456} INFO - Setting next_dagrun for example_branch_python_operator_decorator to 2025-11-30T00:00:00+00:00, run_after=2025-12-01T00:00:00+00:00
[2025-12-01T20:17:30.287+0300] {processor.py:175} INFO - Processing /home/pker/airflow_env/lib/python3.7/site-packages/airflow/example_dags/example_branch_operator_decorator.py took 0.191 seconds
[2025-12-01T20:18:19.429+0300] {processor.py:153} INFO - Started process (PID=920300) to work on /home/pker/airflow_env/lib/python3.7/site-packages/airflow/example_dags/example_branch_operator_decorator.py
[2025-12-01T20:18:19.451+0300] {processor.py:743} INFO - Processing file /home/pker/airflow_env/lib/python3.7/site-packages/airflow/example_dags/example_branch_operator_decorator.py for tasks to queue
[2025-12-01T20:18:19.454+0300] {logging_mixin.py:137} INFO - [2025-12-01T20:18:19.454+0300] {dagbag.py:532} INFO - Filling up the DagBag from /home/pker/airflow_env/lib/python3.7/site-packages/airflow/example_dags/example_branch_operator_decorator.py
[2025-12-01T20:18:19.497+0300] {processor.py:753} INFO - DAG(s) dict_keys(['example_branch_python_operator_decorator']) retrieved from /home/pker/airflow_env/lib/python3.7/site-packages/airflow/example_dags/example_branch_operator_decorator.py
[2025-12-01T20:18:19.529+0300] {logging_mixin.py:137} INFO - [2025-12-01T20:18:19.529+0300] {dag.py:2705} INFO - Sync 1 DAGs
[2025-12-01T20:18:19.561+0300] {logging_mixin.py:137} INFO - [2025-12-01T20:18:19.560+0300] {dag.py:3456} INFO - Setting next_dagrun for example_branch_python_operator_decorator to 2025-11-30T00:00:00+00:00, run_after=2025-12-01T00:00:00+00:00
[2025-12-01T20:18:19.593+0300] {processor.py:175} INFO - Processing /home/pker/airflow_env/lib/python3.7/site-packages/airflow/example_dags/example_branch_operator_decorator.py took 0.170 seconds
[2025-12-01T20:19:09.209+0300] {processor.py:153} INFO - Started process (PID=920473) to work on /home/pker/airflow_env/lib/python3.7/site-packages/airflow/example_dags/example_branch_operator_decorator.py
[2025-12-01T20:19:09.211+0300] {processor.py:743} INFO - Processing file /home/pker/airflow_env/lib/python3.7/site-packages/airflow/example_dags/example_branch_operator_decorator.py for tasks to queue
[2025-12-01T20:19:09.213+0300] {logging_mixin.py:137} INFO - [2025-12-01T20:19:09.212+0300] {dagbag.py:532} INFO - Filling up the DagBag from /home/pker/airflow_env/lib/python3.7/site-packages/airflow/example_dags/example_branch_operator_decorator.py
[2025-12-01T20:19:09.254+0300] {processor.py:753} INFO - DAG(s) dict_keys(['example_branch_python_operator_decorator']) retrieved from /home/pker/airflow_env/lib/python3.7/site-packages/airflow/example_dags/example_branch_operator_decorator.py
[2025-12-01T20:19:09.279+0300] {logging_mixin.py:137} INFO - [2025-12-01T20:19:09.278+0300] {dag.py:2705} INFO - Sync 1 DAGs
[2025-12-01T20:19:09.312+0300] {logging_mixin.py:137} INFO - [2025-12-01T20:19:09.312+0300] {dag.py:3456} INFO - Setting next_dagrun for example_branch_python_operator_decorator to 2025-11-30T00:00:00+00:00, run_after=2025-12-01T00:00:00+00:00
[2025-12-01T20:19:09.359+0300] {processor.py:175} INFO - Processing /home/pker/airflow_env/lib/python3.7/site-packages/airflow/example_dags/example_branch_operator_decorator.py took 0.156 seconds
[2025-12-01T20:19:54.304+0300] {processor.py:153} INFO - Started process (PID=920665) to work on /home/pker/airflow_env/lib/python3.7/site-packages/airflow/example_dags/example_branch_operator_decorator.py
[2025-12-01T20:19:54.318+0300] {processor.py:743} INFO - Processing file /home/pker/airflow_env/lib/python3.7/site-packages/airflow/example_dags/example_branch_operator_decorator.py for tasks to queue
[2025-12-01T20:19:54.322+0300] {logging_mixin.py:137} INFO - [2025-12-01T20:19:54.321+0300] {dagbag.py:532} INFO - Filling up the DagBag from /home/pker/airflow_env/lib/python3.7/site-packages/airflow/example_dags/example_branch_operator_decorator.py
[2025-12-01T20:19:54.377+0300] {processor.py:753} INFO - DAG(s) dict_keys(['example_branch_python_operator_decorator']) retrieved from /home/pker/airflow_env/lib/python3.7/site-packages/airflow/example_dags/example_branch_operator_decorator.py
[2025-12-01T20:19:54.420+0300] {logging_mixin.py:137} INFO - [2025-12-01T20:19:54.419+0300] {dag.py:2705} INFO - Sync 1 DAGs
[2025-12-01T20:19:54.454+0300] {logging_mixin.py:137} INFO - [2025-12-01T20:19:54.454+0300] {dag.py:3456} INFO - Setting next_dagrun for example_branch_python_operator_decorator to 2025-11-30T00:00:00+00:00, run_after=2025-12-01T00:00:00+00:00
[2025-12-01T20:19:54.520+0300] {processor.py:175} INFO - Processing /home/pker/airflow_env/lib/python3.7/site-packages/airflow/example_dags/example_branch_operator_decorator.py took 0.226 seconds
[2025-12-01T20:20:43.494+0300] {processor.py:153} INFO - Started process (PID=920837) to work on /home/pker/airflow_env/lib/python3.7/site-packages/airflow/example_dags/example_branch_operator_decorator.py
[2025-12-01T20:20:43.518+0300] {processor.py:743} INFO - Processing file /home/pker/airflow_env/lib/python3.7/site-packages/airflow/example_dags/example_branch_operator_decorator.py for tasks to queue
[2025-12-01T20:20:43.521+0300] {logging_mixin.py:137} INFO - [2025-12-01T20:20:43.520+0300] {dagbag.py:532} INFO - Filling up the DagBag from /home/pker/airflow_env/lib/python3.7/site-packages/airflow/example_dags/example_branch_operator_decorator.py
[2025-12-01T20:20:43.567+0300] {processor.py:753} INFO - DAG(s) dict_keys(['example_branch_python_operator_decorator']) retrieved from /home/pker/airflow_env/lib/python3.7/site-packages/airflow/example_dags/example_branch_operator_decorator.py
[2025-12-01T20:20:43.618+0300] {logging_mixin.py:137} INFO - [2025-12-01T20:20:43.617+0300] {dag.py:2705} INFO - Sync 1 DAGs
[2025-12-01T20:20:43.686+0300] {logging_mixin.py:137} INFO - [2025-12-01T20:20:43.685+0300] {dag.py:3456} INFO - Setting next_dagrun for example_branch_python_operator_decorator to 2025-11-30T00:00:00+00:00, run_after=2025-12-01T00:00:00+00:00
[2025-12-01T20:20:43.724+0300] {processor.py:175} INFO - Processing /home/pker/airflow_env/lib/python3.7/site-packages/airflow/example_dags/example_branch_operator_decorator.py took 0.235 seconds
[2025-12-01T20:21:29.883+0300] {processor.py:153} INFO - Started process (PID=921000) to work on /home/pker/airflow_env/lib/python3.7/site-packages/airflow/example_dags/example_branch_operator_decorator.py
[2025-12-01T20:21:29.905+0300] {processor.py:743} INFO - Processing file /home/pker/airflow_env/lib/python3.7/site-packages/airflow/example_dags/example_branch_operator_decorator.py for tasks to queue
[2025-12-01T20:21:29.908+0300] {logging_mixin.py:137} INFO - [2025-12-01T20:21:29.907+0300] {dagbag.py:532} INFO - Filling up the DagBag from /home/pker/airflow_env/lib/python3.7/site-packages/airflow/example_dags/example_branch_operator_decorator.py
[2025-12-01T20:21:29.949+0300] {processor.py:753} INFO - DAG(s) dict_keys(['example_branch_python_operator_decorator']) retrieved from /home/pker/airflow_env/lib/python3.7/site-packages/airflow/example_dags/example_branch_operator_decorator.py
[2025-12-01T20:21:29.977+0300] {logging_mixin.py:137} INFO - [2025-12-01T20:21:29.976+0300] {dag.py:2705} INFO - Sync 1 DAGs
[2025-12-01T20:21:30.018+0300] {logging_mixin.py:137} INFO - [2025-12-01T20:21:30.018+0300] {dag.py:3456} INFO - Setting next_dagrun for example_branch_python_operator_decorator to 2025-11-30T00:00:00+00:00, run_after=2025-12-01T00:00:00+00:00
[2025-12-01T20:21:30.080+0300] {processor.py:175} INFO - Processing /home/pker/airflow_env/lib/python3.7/site-packages/airflow/example_dags/example_branch_operator_decorator.py took 0.205 seconds
[2025-12-01T20:22:18.051+0300] {processor.py:153} INFO - Started process (PID=921169) to work on /home/pker/airflow_env/lib/python3.7/site-packages/airflow/example_dags/example_branch_operator_decorator.py
[2025-12-01T20:22:18.054+0300] {processor.py:743} INFO - Processing file /home/pker/airflow_env/lib/python3.7/site-packages/airflow/example_dags/example_branch_operator_decorator.py for tasks to queue
[2025-12-01T20:22:18.055+0300] {logging_mixin.py:137} INFO - [2025-12-01T20:22:18.055+0300] {dagbag.py:532} INFO - Filling up the DagBag from /home/pker/airflow_env/lib/python3.7/site-packages/airflow/example_dags/example_branch_operator_decorator.py
[2025-12-01T20:22:18.088+0300] {processor.py:753} INFO - DAG(s) dict_keys(['example_branch_python_operator_decorator']) retrieved from /home/pker/airflow_env/lib/python3.7/site-packages/airflow/example_dags/example_branch_operator_decorator.py
[2025-12-01T20:22:18.115+0300] {logging_mixin.py:137} INFO - [2025-12-01T20:22:18.115+0300] {dag.py:2705} INFO - Sync 1 DAGs
[2025-12-01T20:22:18.142+0300] {logging_mixin.py:137} INFO - [2025-12-01T20:22:18.142+0300] {dag.py:3456} INFO - Setting next_dagrun for example_branch_python_operator_decorator to 2025-11-30T00:00:00+00:00, run_after=2025-12-01T00:00:00+00:00
[2025-12-01T20:22:18.170+0300] {processor.py:175} INFO - Processing /home/pker/airflow_env/lib/python3.7/site-packages/airflow/example_dags/example_branch_operator_decorator.py took 0.124 seconds
[2025-12-01T20:23:08.718+0300] {processor.py:153} INFO - Started process (PID=921350) to work on /home/pker/airflow_env/lib/python3.7/site-packages/airflow/example_dags/example_branch_operator_decorator.py
[2025-12-01T20:23:08.720+0300] {processor.py:743} INFO - Processing file /home/pker/airflow_env/lib/python3.7/site-packages/airflow/example_dags/example_branch_operator_decorator.py for tasks to queue
[2025-12-01T20:23:08.723+0300] {logging_mixin.py:137} INFO - [2025-12-01T20:23:08.722+0300] {dagbag.py:532} INFO - Filling up the DagBag from /home/pker/airflow_env/lib/python3.7/site-packages/airflow/example_dags/example_branch_operator_decorator.py
[2025-12-01T20:23:08.788+0300] {processor.py:753} INFO - DAG(s) dict_keys(['example_branch_python_operator_decorator']) retrieved from /home/pker/airflow_env/lib/python3.7/site-packages/airflow/example_dags/example_branch_operator_decorator.py
[2025-12-01T20:23:08.823+0300] {logging_mixin.py:137} INFO - [2025-12-01T20:23:08.822+0300] {dag.py:2705} INFO - Sync 1 DAGs
[2025-12-01T20:23:08.854+0300] {logging_mixin.py:137} INFO - [2025-12-01T20:23:08.854+0300] {dag.py:3456} INFO - Setting next_dagrun for example_branch_python_operator_decorator to 2025-11-30T00:00:00+00:00, run_after=2025-12-01T00:00:00+00:00
[2025-12-01T20:23:08.912+0300] {processor.py:175} INFO - Processing /home/pker/airflow_env/lib/python3.7/site-packages/airflow/example_dags/example_branch_operator_decorator.py took 0.201 seconds
[2025-12-01T20:23:59.999+0300] {processor.py:153} INFO - Started process (PID=921538) to work on /home/pker/airflow_env/lib/python3.7/site-packages/airflow/example_dags/example_branch_operator_decorator.py
[2025-12-01T20:24:00.023+0300] {processor.py:743} INFO - Processing file /home/pker/airflow_env/lib/python3.7/site-packages/airflow/example_dags/example_branch_operator_decorator.py for tasks to queue
[2025-12-01T20:24:00.026+0300] {logging_mixin.py:137} INFO - [2025-12-01T20:24:00.026+0300] {dagbag.py:532} INFO - Filling up the DagBag from /home/pker/airflow_env/lib/python3.7/site-packages/airflow/example_dags/example_branch_operator_decorator.py
[2025-12-01T20:24:00.078+0300] {processor.py:753} INFO - DAG(s) dict_keys(['example_branch_python_operator_decorator']) retrieved from /home/pker/airflow_env/lib/python3.7/site-packages/airflow/example_dags/example_branch_operator_decorator.py
[2025-12-01T20:24:00.112+0300] {logging_mixin.py:137} INFO - [2025-12-01T20:24:00.112+0300] {dag.py:2705} INFO - Sync 1 DAGs
[2025-12-01T20:24:00.146+0300] {logging_mixin.py:137} INFO - [2025-12-01T20:24:00.146+0300] {dag.py:3456} INFO - Setting next_dagrun for example_branch_python_operator_decorator to 2025-11-30T00:00:00+00:00, run_after=2025-12-01T00:00:00+00:00
[2025-12-01T20:24:00.204+0300] {processor.py:175} INFO - Processing /home/pker/airflow_env/lib/python3.7/site-packages/airflow/example_dags/example_branch_operator_decorator.py took 0.210 seconds
[2025-12-01T20:24:51.443+0300] {processor.py:153} INFO - Started process (PID=921738) to work on /home/pker/airflow_env/lib/python3.7/site-packages/airflow/example_dags/example_branch_operator_decorator.py
[2025-12-01T20:24:51.466+0300] {processor.py:743} INFO - Processing file /home/pker/airflow_env/lib/python3.7/site-packages/airflow/example_dags/example_branch_operator_decorator.py for tasks to queue
[2025-12-01T20:24:51.469+0300] {logging_mixin.py:137} INFO - [2025-12-01T20:24:51.469+0300] {dagbag.py:532} INFO - Filling up the DagBag from /home/pker/airflow_env/lib/python3.7/site-packages/airflow/example_dags/example_branch_operator_decorator.py
[2025-12-01T20:24:51.502+0300] {processor.py:753} INFO - DAG(s) dict_keys(['example_branch_python_operator_decorator']) retrieved from /home/pker/airflow_env/lib/python3.7/site-packages/airflow/example_dags/example_branch_operator_decorator.py
[2025-12-01T20:24:51.527+0300] {logging_mixin.py:137} INFO - [2025-12-01T20:24:51.527+0300] {dag.py:2705} INFO - Sync 1 DAGs
[2025-12-01T20:24:51.563+0300] {logging_mixin.py:137} INFO - [2025-12-01T20:24:51.563+0300] {dag.py:3456} INFO - Setting next_dagrun for example_branch_python_operator_decorator to 2025-11-30T00:00:00+00:00, run_after=2025-12-01T00:00:00+00:00
[2025-12-01T20:24:51.605+0300] {processor.py:175} INFO - Processing /home/pker/airflow_env/lib/python3.7/site-packages/airflow/example_dags/example_branch_operator_decorator.py took 0.169 seconds
[2025-12-01T20:25:41.586+0300] {processor.py:153} INFO - Started process (PID=921920) to work on /home/pker/airflow_env/lib/python3.7/site-packages/airflow/example_dags/example_branch_operator_decorator.py
[2025-12-01T20:25:41.607+0300] {processor.py:743} INFO - Processing file /home/pker/airflow_env/lib/python3.7/site-packages/airflow/example_dags/example_branch_operator_decorator.py for tasks to queue
[2025-12-01T20:25:41.609+0300] {logging_mixin.py:137} INFO - [2025-12-01T20:25:41.608+0300] {dagbag.py:532} INFO - Filling up the DagBag from /home/pker/airflow_env/lib/python3.7/site-packages/airflow/example_dags/example_branch_operator_decorator.py
[2025-12-01T20:25:41.652+0300] {processor.py:753} INFO - DAG(s) dict_keys(['example_branch_python_operator_decorator']) retrieved from /home/pker/airflow_env/lib/python3.7/site-packages/airflow/example_dags/example_branch_operator_decorator.py
[2025-12-01T20:25:41.684+0300] {logging_mixin.py:137} INFO - [2025-12-01T20:25:41.683+0300] {dag.py:2705} INFO - Sync 1 DAGs
[2025-12-01T20:25:41.719+0300] {logging_mixin.py:137} INFO - [2025-12-01T20:25:41.718+0300] {dag.py:3456} INFO - Setting next_dagrun for example_branch_python_operator_decorator to 2025-11-30T00:00:00+00:00, run_after=2025-12-01T00:00:00+00:00
[2025-12-01T20:25:41.770+0300] {processor.py:175} INFO - Processing /home/pker/airflow_env/lib/python3.7/site-packages/airflow/example_dags/example_branch_operator_decorator.py took 0.189 seconds
[2025-12-01T20:26:32.192+0300] {processor.py:153} INFO - Started process (PID=922108) to work on /home/pker/airflow_env/lib/python3.7/site-packages/airflow/example_dags/example_branch_operator_decorator.py
[2025-12-01T20:26:32.216+0300] {processor.py:743} INFO - Processing file /home/pker/airflow_env/lib/python3.7/site-packages/airflow/example_dags/example_branch_operator_decorator.py for tasks to queue
[2025-12-01T20:26:32.219+0300] {logging_mixin.py:137} INFO - [2025-12-01T20:26:32.218+0300] {dagbag.py:532} INFO - Filling up the DagBag from /home/pker/airflow_env/lib/python3.7/site-packages/airflow/example_dags/example_branch_operator_decorator.py
[2025-12-01T20:26:32.264+0300] {processor.py:753} INFO - DAG(s) dict_keys(['example_branch_python_operator_decorator']) retrieved from /home/pker/airflow_env/lib/python3.7/site-packages/airflow/example_dags/example_branch_operator_decorator.py
[2025-12-01T20:26:32.298+0300] {logging_mixin.py:137} INFO - [2025-12-01T20:26:32.298+0300] {dag.py:2705} INFO - Sync 1 DAGs
[2025-12-01T20:26:32.325+0300] {logging_mixin.py:137} INFO - [2025-12-01T20:26:32.325+0300] {dag.py:3456} INFO - Setting next_dagrun for example_branch_python_operator_decorator to 2025-11-30T00:00:00+00:00, run_after=2025-12-01T00:00:00+00:00
[2025-12-01T20:26:32.381+0300] {processor.py:175} INFO - Processing /home/pker/airflow_env/lib/python3.7/site-packages/airflow/example_dags/example_branch_operator_decorator.py took 0.194 seconds
[2025-12-01T20:27:22.625+0300] {processor.py:153} INFO - Started process (PID=922280) to work on /home/pker/airflow_env/lib/python3.7/site-packages/airflow/example_dags/example_branch_operator_decorator.py
[2025-12-01T20:27:22.648+0300] {processor.py:743} INFO - Processing file /home/pker/airflow_env/lib/python3.7/site-packages/airflow/example_dags/example_branch_operator_decorator.py for tasks to queue
[2025-12-01T20:27:22.650+0300] {logging_mixin.py:137} INFO - [2025-12-01T20:27:22.650+0300] {dagbag.py:532} INFO - Filling up the DagBag from /home/pker/airflow_env/lib/python3.7/site-packages/airflow/example_dags/example_branch_operator_decorator.py
[2025-12-01T20:27:22.692+0300] {processor.py:753} INFO - DAG(s) dict_keys(['example_branch_python_operator_decorator']) retrieved from /home/pker/airflow_env/lib/python3.7/site-packages/airflow/example_dags/example_branch_operator_decorator.py
[2025-12-01T20:27:22.719+0300] {logging_mixin.py:137} INFO - [2025-12-01T20:27:22.718+0300] {dag.py:2705} INFO - Sync 1 DAGs
[2025-12-01T20:27:22.751+0300] {logging_mixin.py:137} INFO - [2025-12-01T20:27:22.751+0300] {dag.py:3456} INFO - Setting next_dagrun for example_branch_python_operator_decorator to 2025-11-30T00:00:00+00:00, run_after=2025-12-01T00:00:00+00:00
[2025-12-01T20:27:22.809+0300] {processor.py:175} INFO - Processing /home/pker/airflow_env/lib/python3.7/site-packages/airflow/example_dags/example_branch_operator_decorator.py took 0.189 seconds
[2025-12-01T20:28:08.698+0300] {processor.py:153} INFO - Started process (PID=922455) to work on /home/pker/airflow_env/lib/python3.7/site-packages/airflow/example_dags/example_branch_operator_decorator.py
[2025-12-01T20:28:08.722+0300] {processor.py:743} INFO - Processing file /home/pker/airflow_env/lib/python3.7/site-packages/airflow/example_dags/example_branch_operator_decorator.py for tasks to queue
[2025-12-01T20:28:08.724+0300] {logging_mixin.py:137} INFO - [2025-12-01T20:28:08.724+0300] {dagbag.py:532} INFO - Filling up the DagBag from /home/pker/airflow_env/lib/python3.7/site-packages/airflow/example_dags/example_branch_operator_decorator.py
[2025-12-01T20:28:08.767+0300] {processor.py:753} INFO - DAG(s) dict_keys(['example_branch_python_operator_decorator']) retrieved from /home/pker/airflow_env/lib/python3.7/site-packages/airflow/example_dags/example_branch_operator_decorator.py
[2025-12-01T20:28:08.800+0300] {logging_mixin.py:137} INFO - [2025-12-01T20:28:08.800+0300] {dag.py:2705} INFO - Sync 1 DAGs
[2025-12-01T20:28:08.828+0300] {logging_mixin.py:137} INFO - [2025-12-01T20:28:08.828+0300] {dag.py:3456} INFO - Setting next_dagrun for example_branch_python_operator_decorator to 2025-11-30T00:00:00+00:00, run_after=2025-12-01T00:00:00+00:00
[2025-12-01T20:28:08.893+0300] {processor.py:175} INFO - Processing /home/pker/airflow_env/lib/python3.7/site-packages/airflow/example_dags/example_branch_operator_decorator.py took 0.199 seconds
[2025-12-01T20:28:54.071+0300] {processor.py:153} INFO - Started process (PID=922629) to work on /home/pker/airflow_env/lib/python3.7/site-packages/airflow/example_dags/example_branch_operator_decorator.py
[2025-12-01T20:28:54.094+0300] {processor.py:743} INFO - Processing file /home/pker/airflow_env/lib/python3.7/site-packages/airflow/example_dags/example_branch_operator_decorator.py for tasks to queue
[2025-12-01T20:28:54.095+0300] {logging_mixin.py:137} INFO - [2025-12-01T20:28:54.095+0300] {dagbag.py:532} INFO - Filling up the DagBag from /home/pker/airflow_env/lib/python3.7/site-packages/airflow/example_dags/example_branch_operator_decorator.py
[2025-12-01T20:28:54.136+0300] {processor.py:753} INFO - DAG(s) dict_keys(['example_branch_python_operator_decorator']) retrieved from /home/pker/airflow_env/lib/python3.7/site-packages/airflow/example_dags/example_branch_operator_decorator.py
[2025-12-01T20:28:54.168+0300] {logging_mixin.py:137} INFO - [2025-12-01T20:28:54.168+0300] {dag.py:2705} INFO - Sync 1 DAGs
[2025-12-01T20:28:54.199+0300] {logging_mixin.py:137} INFO - [2025-12-01T20:28:54.199+0300] {dag.py:3456} INFO - Setting next_dagrun for example_branch_python_operator_decorator to 2025-11-30T00:00:00+00:00, run_after=2025-12-01T00:00:00+00:00
[2025-12-01T20:28:54.243+0300] {processor.py:175} INFO - Processing /home/pker/airflow_env/lib/python3.7/site-packages/airflow/example_dags/example_branch_operator_decorator.py took 0.180 seconds
[2025-12-01T20:29:40.872+0300] {processor.py:153} INFO - Started process (PID=922808) to work on /home/pker/airflow_env/lib/python3.7/site-packages/airflow/example_dags/example_branch_operator_decorator.py
[2025-12-01T20:29:40.875+0300] {processor.py:743} INFO - Processing file /home/pker/airflow_env/lib/python3.7/site-packages/airflow/example_dags/example_branch_operator_decorator.py for tasks to queue
[2025-12-01T20:29:40.876+0300] {logging_mixin.py:137} INFO - [2025-12-01T20:29:40.876+0300] {dagbag.py:532} INFO - Filling up the DagBag from /home/pker/airflow_env/lib/python3.7/site-packages/airflow/example_dags/example_branch_operator_decorator.py
[2025-12-01T20:29:40.917+0300] {processor.py:753} INFO - DAG(s) dict_keys(['example_branch_python_operator_decorator']) retrieved from /home/pker/airflow_env/lib/python3.7/site-packages/airflow/example_dags/example_branch_operator_decorator.py
[2025-12-01T20:29:40.951+0300] {logging_mixin.py:137} INFO - [2025-12-01T20:29:40.951+0300] {dag.py:2705} INFO - Sync 1 DAGs
[2025-12-01T20:29:40.993+0300] {logging_mixin.py:137} INFO - [2025-12-01T20:29:40.992+0300] {dag.py:3456} INFO - Setting next_dagrun for example_branch_python_operator_decorator to 2025-11-30T00:00:00+00:00, run_after=2025-12-01T00:00:00+00:00
[2025-12-01T20:29:41.053+0300] {processor.py:175} INFO - Processing /home/pker/airflow_env/lib/python3.7/site-packages/airflow/example_dags/example_branch_operator_decorator.py took 0.186 seconds
[2025-12-01T20:30:34.070+0300] {processor.py:153} INFO - Started process (PID=922991) to work on /home/pker/airflow_env/lib/python3.7/site-packages/airflow/example_dags/example_branch_operator_decorator.py
[2025-12-01T20:30:34.094+0300] {processor.py:743} INFO - Processing file /home/pker/airflow_env/lib/python3.7/site-packages/airflow/example_dags/example_branch_operator_decorator.py for tasks to queue
[2025-12-01T20:30:34.096+0300] {logging_mixin.py:137} INFO - [2025-12-01T20:30:34.096+0300] {dagbag.py:532} INFO - Filling up the DagBag from /home/pker/airflow_env/lib/python3.7/site-packages/airflow/example_dags/example_branch_operator_decorator.py
[2025-12-01T20:30:34.135+0300] {processor.py:753} INFO - DAG(s) dict_keys(['example_branch_python_operator_decorator']) retrieved from /home/pker/airflow_env/lib/python3.7/site-packages/airflow/example_dags/example_branch_operator_decorator.py
[2025-12-01T20:30:34.163+0300] {logging_mixin.py:137} INFO - [2025-12-01T20:30:34.163+0300] {dag.py:2705} INFO - Sync 1 DAGs
[2025-12-01T20:30:34.194+0300] {logging_mixin.py:137} INFO - [2025-12-01T20:30:34.194+0300] {dag.py:3456} INFO - Setting next_dagrun for example_branch_python_operator_decorator to 2025-11-30T00:00:00+00:00, run_after=2025-12-01T00:00:00+00:00
[2025-12-01T20:30:34.256+0300] {processor.py:175} INFO - Processing /home/pker/airflow_env/lib/python3.7/site-packages/airflow/example_dags/example_branch_operator_decorator.py took 0.192 seconds
[2025-12-01T20:31:23.743+0300] {processor.py:153} INFO - Started process (PID=923169) to work on /home/pker/airflow_env/lib/python3.7/site-packages/airflow/example_dags/example_branch_operator_decorator.py
[2025-12-01T20:31:23.767+0300] {processor.py:743} INFO - Processing file /home/pker/airflow_env/lib/python3.7/site-packages/airflow/example_dags/example_branch_operator_decorator.py for tasks to queue
[2025-12-01T20:31:23.769+0300] {logging_mixin.py:137} INFO - [2025-12-01T20:31:23.769+0300] {dagbag.py:532} INFO - Filling up the DagBag from /home/pker/airflow_env/lib/python3.7/site-packages/airflow/example_dags/example_branch_operator_decorator.py
[2025-12-01T20:31:23.810+0300] {processor.py:753} INFO - DAG(s) dict_keys(['example_branch_python_operator_decorator']) retrieved from /home/pker/airflow_env/lib/python3.7/site-packages/airflow/example_dags/example_branch_operator_decorator.py
[2025-12-01T20:31:23.837+0300] {logging_mixin.py:137} INFO - [2025-12-01T20:31:23.837+0300] {dag.py:2705} INFO - Sync 1 DAGs
[2025-12-01T20:31:23.870+0300] {logging_mixin.py:137} INFO - [2025-12-01T20:31:23.870+0300] {dag.py:3456} INFO - Setting next_dagrun for example_branch_python_operator_decorator to 2025-11-30T00:00:00+00:00, run_after=2025-12-01T00:00:00+00:00
[2025-12-01T20:31:23.922+0300] {processor.py:175} INFO - Processing /home/pker/airflow_env/lib/python3.7/site-packages/airflow/example_dags/example_branch_operator_decorator.py took 0.184 seconds
