[2025-12-01T20:14:50.168+0300] {processor.py:153} INFO - Started process (PID=919404) to work on /home/pker/airflow_env/lib/python3.7/site-packages/airflow/example_dags/example_external_task_marker_dag.py
[2025-12-01T20:14:50.170+0300] {processor.py:743} INFO - Processing file /home/pker/airflow_env/lib/python3.7/site-packages/airflow/example_dags/example_external_task_marker_dag.py for tasks to queue
[2025-12-01T20:14:50.171+0300] {logging_mixin.py:137} INFO - [2025-12-01T20:14:50.171+0300] {dagbag.py:532} INFO - Filling up the DagBag from /home/pker/airflow_env/lib/python3.7/site-packages/airflow/example_dags/example_external_task_marker_dag.py
[2025-12-01T20:14:50.194+0300] {processor.py:753} INFO - DAG(s) dict_keys(['example_external_task_marker_child', 'example_external_task_marker_parent']) retrieved from /home/pker/airflow_env/lib/python3.7/site-packages/airflow/example_dags/example_external_task_marker_dag.py
[2025-12-01T20:14:50.277+0300] {logging_mixin.py:137} INFO - [2025-12-01T20:14:50.277+0300] {dag.py:2705} INFO - Sync 2 DAGs
[2025-12-01T20:14:50.303+0300] {logging_mixin.py:137} INFO - [2025-12-01T20:14:50.303+0300] {dag.py:3456} INFO - Setting next_dagrun for example_external_task_marker_child to None, run_after=None
[2025-12-01T20:14:50.308+0300] {logging_mixin.py:137} INFO - [2025-12-01T20:14:50.307+0300] {dag.py:3456} INFO - Setting next_dagrun for example_external_task_marker_parent to None, run_after=None
[2025-12-01T20:14:50.367+0300] {processor.py:175} INFO - Processing /home/pker/airflow_env/lib/python3.7/site-packages/airflow/example_dags/example_external_task_marker_dag.py took 0.206 seconds
[2025-12-01T20:15:50.827+0300] {processor.py:153} INFO - Started process (PID=919770) to work on /home/pker/airflow_env/lib/python3.7/site-packages/airflow/example_dags/example_external_task_marker_dag.py
[2025-12-01T20:15:50.831+0300] {processor.py:743} INFO - Processing file /home/pker/airflow_env/lib/python3.7/site-packages/airflow/example_dags/example_external_task_marker_dag.py for tasks to queue
[2025-12-01T20:15:50.833+0300] {logging_mixin.py:137} INFO - [2025-12-01T20:15:50.833+0300] {dagbag.py:532} INFO - Filling up the DagBag from /home/pker/airflow_env/lib/python3.7/site-packages/airflow/example_dags/example_external_task_marker_dag.py
[2025-12-01T20:15:50.862+0300] {processor.py:753} INFO - DAG(s) dict_keys(['example_external_task_marker_parent', 'example_external_task_marker_child']) retrieved from /home/pker/airflow_env/lib/python3.7/site-packages/airflow/example_dags/example_external_task_marker_dag.py
[2025-12-01T20:15:50.901+0300] {logging_mixin.py:137} INFO - [2025-12-01T20:15:50.901+0300] {dag.py:2705} INFO - Sync 2 DAGs
[2025-12-01T20:15:50.935+0300] {logging_mixin.py:137} INFO - [2025-12-01T20:15:50.935+0300] {dag.py:3456} INFO - Setting next_dagrun for example_external_task_marker_child to None, run_after=None
[2025-12-01T20:15:50.938+0300] {logging_mixin.py:137} INFO - [2025-12-01T20:15:50.938+0300] {dag.py:3456} INFO - Setting next_dagrun for example_external_task_marker_parent to None, run_after=None
[2025-12-01T20:15:51.003+0300] {processor.py:175} INFO - Processing /home/pker/airflow_env/lib/python3.7/site-packages/airflow/example_dags/example_external_task_marker_dag.py took 0.181 seconds
[2025-12-01T20:16:46.361+0300] {processor.py:153} INFO - Started process (PID=919968) to work on /home/pker/airflow_env/lib/python3.7/site-packages/airflow/example_dags/example_external_task_marker_dag.py
[2025-12-01T20:16:46.363+0300] {processor.py:743} INFO - Processing file /home/pker/airflow_env/lib/python3.7/site-packages/airflow/example_dags/example_external_task_marker_dag.py for tasks to queue
[2025-12-01T20:16:46.365+0300] {logging_mixin.py:137} INFO - [2025-12-01T20:16:46.364+0300] {dagbag.py:532} INFO - Filling up the DagBag from /home/pker/airflow_env/lib/python3.7/site-packages/airflow/example_dags/example_external_task_marker_dag.py
[2025-12-01T20:16:46.387+0300] {processor.py:753} INFO - DAG(s) dict_keys(['example_external_task_marker_parent', 'example_external_task_marker_child']) retrieved from /home/pker/airflow_env/lib/python3.7/site-packages/airflow/example_dags/example_external_task_marker_dag.py
[2025-12-01T20:16:46.414+0300] {logging_mixin.py:137} INFO - [2025-12-01T20:16:46.414+0300] {dag.py:2705} INFO - Sync 2 DAGs
[2025-12-01T20:16:46.439+0300] {logging_mixin.py:137} INFO - [2025-12-01T20:16:46.439+0300] {dag.py:3456} INFO - Setting next_dagrun for example_external_task_marker_child to None, run_after=None
[2025-12-01T20:16:46.446+0300] {logging_mixin.py:137} INFO - [2025-12-01T20:16:46.445+0300] {dag.py:3456} INFO - Setting next_dagrun for example_external_task_marker_parent to None, run_after=None
[2025-12-01T20:16:46.473+0300] {processor.py:175} INFO - Processing /home/pker/airflow_env/lib/python3.7/site-packages/airflow/example_dags/example_external_task_marker_dag.py took 0.119 seconds
[2025-12-01T20:17:41.227+0300] {processor.py:153} INFO - Started process (PID=920159) to work on /home/pker/airflow_env/lib/python3.7/site-packages/airflow/example_dags/example_external_task_marker_dag.py
[2025-12-01T20:17:41.251+0300] {processor.py:743} INFO - Processing file /home/pker/airflow_env/lib/python3.7/site-packages/airflow/example_dags/example_external_task_marker_dag.py for tasks to queue
[2025-12-01T20:17:41.254+0300] {logging_mixin.py:137} INFO - [2025-12-01T20:17:41.254+0300] {dagbag.py:532} INFO - Filling up the DagBag from /home/pker/airflow_env/lib/python3.7/site-packages/airflow/example_dags/example_external_task_marker_dag.py
[2025-12-01T20:17:41.279+0300] {processor.py:753} INFO - DAG(s) dict_keys(['example_external_task_marker_child', 'example_external_task_marker_parent']) retrieved from /home/pker/airflow_env/lib/python3.7/site-packages/airflow/example_dags/example_external_task_marker_dag.py
[2025-12-01T20:17:41.308+0300] {logging_mixin.py:137} INFO - [2025-12-01T20:17:41.308+0300] {dag.py:2705} INFO - Sync 2 DAGs
[2025-12-01T20:17:41.336+0300] {logging_mixin.py:137} INFO - [2025-12-01T20:17:41.336+0300] {dag.py:3456} INFO - Setting next_dagrun for example_external_task_marker_child to None, run_after=None
[2025-12-01T20:17:41.341+0300] {logging_mixin.py:137} INFO - [2025-12-01T20:17:41.341+0300] {dag.py:3456} INFO - Setting next_dagrun for example_external_task_marker_parent to None, run_after=None
[2025-12-01T20:17:41.369+0300] {processor.py:175} INFO - Processing /home/pker/airflow_env/lib/python3.7/site-packages/airflow/example_dags/example_external_task_marker_dag.py took 0.148 seconds
[2025-12-01T20:18:31.161+0300] {processor.py:153} INFO - Started process (PID=920342) to work on /home/pker/airflow_env/lib/python3.7/site-packages/airflow/example_dags/example_external_task_marker_dag.py
[2025-12-01T20:18:31.185+0300] {processor.py:743} INFO - Processing file /home/pker/airflow_env/lib/python3.7/site-packages/airflow/example_dags/example_external_task_marker_dag.py for tasks to queue
[2025-12-01T20:18:31.188+0300] {logging_mixin.py:137} INFO - [2025-12-01T20:18:31.187+0300] {dagbag.py:532} INFO - Filling up the DagBag from /home/pker/airflow_env/lib/python3.7/site-packages/airflow/example_dags/example_external_task_marker_dag.py
[2025-12-01T20:18:31.211+0300] {processor.py:753} INFO - DAG(s) dict_keys(['example_external_task_marker_parent', 'example_external_task_marker_child']) retrieved from /home/pker/airflow_env/lib/python3.7/site-packages/airflow/example_dags/example_external_task_marker_dag.py
[2025-12-01T20:18:31.244+0300] {logging_mixin.py:137} INFO - [2025-12-01T20:18:31.244+0300] {dag.py:2705} INFO - Sync 2 DAGs
[2025-12-01T20:18:31.285+0300] {logging_mixin.py:137} INFO - [2025-12-01T20:18:31.285+0300] {dag.py:3456} INFO - Setting next_dagrun for example_external_task_marker_child to None, run_after=None
[2025-12-01T20:18:31.290+0300] {logging_mixin.py:137} INFO - [2025-12-01T20:18:31.290+0300] {dag.py:3456} INFO - Setting next_dagrun for example_external_task_marker_parent to None, run_after=None
[2025-12-01T20:18:31.350+0300] {processor.py:175} INFO - Processing /home/pker/airflow_env/lib/python3.7/site-packages/airflow/example_dags/example_external_task_marker_dag.py took 0.194 seconds
[2025-12-01T20:19:21.137+0300] {processor.py:153} INFO - Started process (PID=920546) to work on /home/pker/airflow_env/lib/python3.7/site-packages/airflow/example_dags/example_external_task_marker_dag.py
[2025-12-01T20:19:21.160+0300] {processor.py:743} INFO - Processing file /home/pker/airflow_env/lib/python3.7/site-packages/airflow/example_dags/example_external_task_marker_dag.py for tasks to queue
[2025-12-01T20:19:21.164+0300] {logging_mixin.py:137} INFO - [2025-12-01T20:19:21.163+0300] {dagbag.py:532} INFO - Filling up the DagBag from /home/pker/airflow_env/lib/python3.7/site-packages/airflow/example_dags/example_external_task_marker_dag.py
[2025-12-01T20:19:21.188+0300] {processor.py:753} INFO - DAG(s) dict_keys(['example_external_task_marker_parent', 'example_external_task_marker_child']) retrieved from /home/pker/airflow_env/lib/python3.7/site-packages/airflow/example_dags/example_external_task_marker_dag.py
[2025-12-01T20:19:21.216+0300] {logging_mixin.py:137} INFO - [2025-12-01T20:19:21.216+0300] {dag.py:2705} INFO - Sync 2 DAGs
[2025-12-01T20:19:21.242+0300] {logging_mixin.py:137} INFO - [2025-12-01T20:19:21.242+0300] {dag.py:3456} INFO - Setting next_dagrun for example_external_task_marker_child to None, run_after=None
[2025-12-01T20:19:21.245+0300] {logging_mixin.py:137} INFO - [2025-12-01T20:19:21.245+0300] {dag.py:3456} INFO - Setting next_dagrun for example_external_task_marker_parent to None, run_after=None
[2025-12-01T20:19:21.273+0300] {processor.py:175} INFO - Processing /home/pker/airflow_env/lib/python3.7/site-packages/airflow/example_dags/example_external_task_marker_dag.py took 0.141 seconds
[2025-12-01T20:20:08.817+0300] {processor.py:153} INFO - Started process (PID=920713) to work on /home/pker/airflow_env/lib/python3.7/site-packages/airflow/example_dags/example_external_task_marker_dag.py
[2025-12-01T20:20:08.840+0300] {processor.py:743} INFO - Processing file /home/pker/airflow_env/lib/python3.7/site-packages/airflow/example_dags/example_external_task_marker_dag.py for tasks to queue
[2025-12-01T20:20:08.843+0300] {logging_mixin.py:137} INFO - [2025-12-01T20:20:08.843+0300] {dagbag.py:532} INFO - Filling up the DagBag from /home/pker/airflow_env/lib/python3.7/site-packages/airflow/example_dags/example_external_task_marker_dag.py
[2025-12-01T20:20:08.867+0300] {processor.py:753} INFO - DAG(s) dict_keys(['example_external_task_marker_parent', 'example_external_task_marker_child']) retrieved from /home/pker/airflow_env/lib/python3.7/site-packages/airflow/example_dags/example_external_task_marker_dag.py
[2025-12-01T20:20:08.897+0300] {logging_mixin.py:137} INFO - [2025-12-01T20:20:08.897+0300] {dag.py:2705} INFO - Sync 2 DAGs
[2025-12-01T20:20:08.931+0300] {logging_mixin.py:137} INFO - [2025-12-01T20:20:08.931+0300] {dag.py:3456} INFO - Setting next_dagrun for example_external_task_marker_child to None, run_after=None
[2025-12-01T20:20:08.936+0300] {logging_mixin.py:137} INFO - [2025-12-01T20:20:08.936+0300] {dag.py:3456} INFO - Setting next_dagrun for example_external_task_marker_parent to None, run_after=None
[2025-12-01T20:20:09.004+0300] {processor.py:175} INFO - Processing /home/pker/airflow_env/lib/python3.7/site-packages/airflow/example_dags/example_external_task_marker_dag.py took 0.192 seconds
[2025-12-01T20:20:56.040+0300] {processor.py:153} INFO - Started process (PID=920886) to work on /home/pker/airflow_env/lib/python3.7/site-packages/airflow/example_dags/example_external_task_marker_dag.py
[2025-12-01T20:20:56.064+0300] {processor.py:743} INFO - Processing file /home/pker/airflow_env/lib/python3.7/site-packages/airflow/example_dags/example_external_task_marker_dag.py for tasks to queue
[2025-12-01T20:20:56.067+0300] {logging_mixin.py:137} INFO - [2025-12-01T20:20:56.067+0300] {dagbag.py:532} INFO - Filling up the DagBag from /home/pker/airflow_env/lib/python3.7/site-packages/airflow/example_dags/example_external_task_marker_dag.py
[2025-12-01T20:20:56.091+0300] {processor.py:753} INFO - DAG(s) dict_keys(['example_external_task_marker_child', 'example_external_task_marker_parent']) retrieved from /home/pker/airflow_env/lib/python3.7/site-packages/airflow/example_dags/example_external_task_marker_dag.py
[2025-12-01T20:20:56.123+0300] {logging_mixin.py:137} INFO - [2025-12-01T20:20:56.123+0300] {dag.py:2705} INFO - Sync 2 DAGs
[2025-12-01T20:20:56.148+0300] {logging_mixin.py:137} INFO - [2025-12-01T20:20:56.148+0300] {dag.py:3456} INFO - Setting next_dagrun for example_external_task_marker_child to None, run_after=None
[2025-12-01T20:20:56.151+0300] {logging_mixin.py:137} INFO - [2025-12-01T20:20:56.151+0300] {dag.py:3456} INFO - Setting next_dagrun for example_external_task_marker_parent to None, run_after=None
[2025-12-01T20:20:56.191+0300] {processor.py:175} INFO - Processing /home/pker/airflow_env/lib/python3.7/site-packages/airflow/example_dags/example_external_task_marker_dag.py took 0.156 seconds
[2025-12-01T20:21:44.458+0300] {processor.py:153} INFO - Started process (PID=921050) to work on /home/pker/airflow_env/lib/python3.7/site-packages/airflow/example_dags/example_external_task_marker_dag.py
[2025-12-01T20:21:44.480+0300] {processor.py:743} INFO - Processing file /home/pker/airflow_env/lib/python3.7/site-packages/airflow/example_dags/example_external_task_marker_dag.py for tasks to queue
[2025-12-01T20:21:44.481+0300] {logging_mixin.py:137} INFO - [2025-12-01T20:21:44.481+0300] {dagbag.py:532} INFO - Filling up the DagBag from /home/pker/airflow_env/lib/python3.7/site-packages/airflow/example_dags/example_external_task_marker_dag.py
[2025-12-01T20:21:44.505+0300] {processor.py:753} INFO - DAG(s) dict_keys(['example_external_task_marker_child', 'example_external_task_marker_parent']) retrieved from /home/pker/airflow_env/lib/python3.7/site-packages/airflow/example_dags/example_external_task_marker_dag.py
[2025-12-01T20:21:44.570+0300] {logging_mixin.py:137} INFO - [2025-12-01T20:21:44.568+0300] {dag.py:2705} INFO - Sync 2 DAGs
[2025-12-01T20:21:44.628+0300] {logging_mixin.py:137} INFO - [2025-12-01T20:21:44.628+0300] {dag.py:3456} INFO - Setting next_dagrun for example_external_task_marker_child to None, run_after=None
[2025-12-01T20:21:44.634+0300] {logging_mixin.py:137} INFO - [2025-12-01T20:21:44.633+0300] {dag.py:3456} INFO - Setting next_dagrun for example_external_task_marker_parent to None, run_after=None
[2025-12-01T20:21:44.680+0300] {processor.py:175} INFO - Processing /home/pker/airflow_env/lib/python3.7/site-packages/airflow/example_dags/example_external_task_marker_dag.py took 0.226 seconds
[2025-12-01T20:22:32.450+0300] {processor.py:153} INFO - Started process (PID=921227) to work on /home/pker/airflow_env/lib/python3.7/site-packages/airflow/example_dags/example_external_task_marker_dag.py
[2025-12-01T20:22:32.452+0300] {processor.py:743} INFO - Processing file /home/pker/airflow_env/lib/python3.7/site-packages/airflow/example_dags/example_external_task_marker_dag.py for tasks to queue
[2025-12-01T20:22:32.454+0300] {logging_mixin.py:137} INFO - [2025-12-01T20:22:32.453+0300] {dagbag.py:532} INFO - Filling up the DagBag from /home/pker/airflow_env/lib/python3.7/site-packages/airflow/example_dags/example_external_task_marker_dag.py
[2025-12-01T20:22:32.476+0300] {processor.py:753} INFO - DAG(s) dict_keys(['example_external_task_marker_child', 'example_external_task_marker_parent']) retrieved from /home/pker/airflow_env/lib/python3.7/site-packages/airflow/example_dags/example_external_task_marker_dag.py
[2025-12-01T20:22:32.502+0300] {logging_mixin.py:137} INFO - [2025-12-01T20:22:32.502+0300] {dag.py:2705} INFO - Sync 2 DAGs
[2025-12-01T20:22:32.527+0300] {logging_mixin.py:137} INFO - [2025-12-01T20:22:32.527+0300] {dag.py:3456} INFO - Setting next_dagrun for example_external_task_marker_child to None, run_after=None
[2025-12-01T20:22:32.530+0300] {logging_mixin.py:137} INFO - [2025-12-01T20:22:32.530+0300] {dag.py:3456} INFO - Setting next_dagrun for example_external_task_marker_parent to None, run_after=None
[2025-12-01T20:22:32.557+0300] {processor.py:175} INFO - Processing /home/pker/airflow_env/lib/python3.7/site-packages/airflow/example_dags/example_external_task_marker_dag.py took 0.113 seconds
[2025-12-01T20:23:23.961+0300] {processor.py:153} INFO - Started process (PID=921405) to work on /home/pker/airflow_env/lib/python3.7/site-packages/airflow/example_dags/example_external_task_marker_dag.py
[2025-12-01T20:23:23.963+0300] {processor.py:743} INFO - Processing file /home/pker/airflow_env/lib/python3.7/site-packages/airflow/example_dags/example_external_task_marker_dag.py for tasks to queue
[2025-12-01T20:23:23.964+0300] {logging_mixin.py:137} INFO - [2025-12-01T20:23:23.963+0300] {dagbag.py:532} INFO - Filling up the DagBag from /home/pker/airflow_env/lib/python3.7/site-packages/airflow/example_dags/example_external_task_marker_dag.py
[2025-12-01T20:23:23.986+0300] {processor.py:753} INFO - DAG(s) dict_keys(['example_external_task_marker_parent', 'example_external_task_marker_child']) retrieved from /home/pker/airflow_env/lib/python3.7/site-packages/airflow/example_dags/example_external_task_marker_dag.py
[2025-12-01T20:23:24.016+0300] {logging_mixin.py:137} INFO - [2025-12-01T20:23:24.016+0300] {dag.py:2705} INFO - Sync 2 DAGs
[2025-12-01T20:23:24.056+0300] {logging_mixin.py:137} INFO - [2025-12-01T20:23:24.056+0300] {dag.py:3456} INFO - Setting next_dagrun for example_external_task_marker_child to None, run_after=None
[2025-12-01T20:23:24.061+0300] {logging_mixin.py:137} INFO - [2025-12-01T20:23:24.061+0300] {dag.py:3456} INFO - Setting next_dagrun for example_external_task_marker_parent to None, run_after=None
[2025-12-01T20:23:24.116+0300] {processor.py:175} INFO - Processing /home/pker/airflow_env/lib/python3.7/site-packages/airflow/example_dags/example_external_task_marker_dag.py took 0.159 seconds
[2025-12-01T20:24:14.664+0300] {processor.py:153} INFO - Started process (PID=921608) to work on /home/pker/airflow_env/lib/python3.7/site-packages/airflow/example_dags/example_external_task_marker_dag.py
[2025-12-01T20:24:14.687+0300] {processor.py:743} INFO - Processing file /home/pker/airflow_env/lib/python3.7/site-packages/airflow/example_dags/example_external_task_marker_dag.py for tasks to queue
[2025-12-01T20:24:14.690+0300] {logging_mixin.py:137} INFO - [2025-12-01T20:24:14.690+0300] {dagbag.py:532} INFO - Filling up the DagBag from /home/pker/airflow_env/lib/python3.7/site-packages/airflow/example_dags/example_external_task_marker_dag.py
[2025-12-01T20:24:14.714+0300] {processor.py:753} INFO - DAG(s) dict_keys(['example_external_task_marker_child', 'example_external_task_marker_parent']) retrieved from /home/pker/airflow_env/lib/python3.7/site-packages/airflow/example_dags/example_external_task_marker_dag.py
[2025-12-01T20:24:14.743+0300] {logging_mixin.py:137} INFO - [2025-12-01T20:24:14.743+0300] {dag.py:2705} INFO - Sync 2 DAGs
[2025-12-01T20:24:14.769+0300] {logging_mixin.py:137} INFO - [2025-12-01T20:24:14.769+0300] {dag.py:3456} INFO - Setting next_dagrun for example_external_task_marker_child to None, run_after=None
[2025-12-01T20:24:14.772+0300] {logging_mixin.py:137} INFO - [2025-12-01T20:24:14.772+0300] {dag.py:3456} INFO - Setting next_dagrun for example_external_task_marker_parent to None, run_after=None
[2025-12-01T20:24:14.799+0300] {processor.py:175} INFO - Processing /home/pker/airflow_env/lib/python3.7/site-packages/airflow/example_dags/example_external_task_marker_dag.py took 0.140 seconds
[2025-12-01T20:25:07.123+0300] {processor.py:153} INFO - Started process (PID=921797) to work on /home/pker/airflow_env/lib/python3.7/site-packages/airflow/example_dags/example_external_task_marker_dag.py
[2025-12-01T20:25:07.149+0300] {processor.py:743} INFO - Processing file /home/pker/airflow_env/lib/python3.7/site-packages/airflow/example_dags/example_external_task_marker_dag.py for tasks to queue
[2025-12-01T20:25:07.151+0300] {logging_mixin.py:137} INFO - [2025-12-01T20:25:07.151+0300] {dagbag.py:532} INFO - Filling up the DagBag from /home/pker/airflow_env/lib/python3.7/site-packages/airflow/example_dags/example_external_task_marker_dag.py
[2025-12-01T20:25:07.175+0300] {processor.py:753} INFO - DAG(s) dict_keys(['example_external_task_marker_parent', 'example_external_task_marker_child']) retrieved from /home/pker/airflow_env/lib/python3.7/site-packages/airflow/example_dags/example_external_task_marker_dag.py
[2025-12-01T20:25:07.205+0300] {logging_mixin.py:137} INFO - [2025-12-01T20:25:07.205+0300] {dag.py:2705} INFO - Sync 2 DAGs
[2025-12-01T20:25:07.230+0300] {logging_mixin.py:137} INFO - [2025-12-01T20:25:07.230+0300] {dag.py:3456} INFO - Setting next_dagrun for example_external_task_marker_child to None, run_after=None
[2025-12-01T20:25:07.235+0300] {logging_mixin.py:137} INFO - [2025-12-01T20:25:07.234+0300] {dag.py:3456} INFO - Setting next_dagrun for example_external_task_marker_parent to None, run_after=None
[2025-12-01T20:25:07.264+0300] {processor.py:175} INFO - Processing /home/pker/airflow_env/lib/python3.7/site-packages/airflow/example_dags/example_external_task_marker_dag.py took 0.146 seconds
[2025-12-01T20:25:53.828+0300] {processor.py:153} INFO - Started process (PID=921962) to work on /home/pker/airflow_env/lib/python3.7/site-packages/airflow/example_dags/example_external_task_marker_dag.py
[2025-12-01T20:25:53.831+0300] {processor.py:743} INFO - Processing file /home/pker/airflow_env/lib/python3.7/site-packages/airflow/example_dags/example_external_task_marker_dag.py for tasks to queue
[2025-12-01T20:25:53.832+0300] {logging_mixin.py:137} INFO - [2025-12-01T20:25:53.832+0300] {dagbag.py:532} INFO - Filling up the DagBag from /home/pker/airflow_env/lib/python3.7/site-packages/airflow/example_dags/example_external_task_marker_dag.py
[2025-12-01T20:25:53.857+0300] {processor.py:753} INFO - DAG(s) dict_keys(['example_external_task_marker_parent', 'example_external_task_marker_child']) retrieved from /home/pker/airflow_env/lib/python3.7/site-packages/airflow/example_dags/example_external_task_marker_dag.py
[2025-12-01T20:25:53.889+0300] {logging_mixin.py:137} INFO - [2025-12-01T20:25:53.889+0300] {dag.py:2705} INFO - Sync 2 DAGs
[2025-12-01T20:25:53.929+0300] {logging_mixin.py:137} INFO - [2025-12-01T20:25:53.929+0300] {dag.py:3456} INFO - Setting next_dagrun for example_external_task_marker_child to None, run_after=None
[2025-12-01T20:25:53.934+0300] {logging_mixin.py:137} INFO - [2025-12-01T20:25:53.933+0300] {dag.py:3456} INFO - Setting next_dagrun for example_external_task_marker_parent to None, run_after=None
[2025-12-01T20:25:53.968+0300] {processor.py:175} INFO - Processing /home/pker/airflow_env/lib/python3.7/site-packages/airflow/example_dags/example_external_task_marker_dag.py took 0.150 seconds
[2025-12-01T20:26:40.312+0300] {processor.py:153} INFO - Started process (PID=922135) to work on /home/pker/airflow_env/lib/python3.7/site-packages/airflow/example_dags/example_external_task_marker_dag.py
[2025-12-01T20:26:40.333+0300] {processor.py:743} INFO - Processing file /home/pker/airflow_env/lib/python3.7/site-packages/airflow/example_dags/example_external_task_marker_dag.py for tasks to queue
[2025-12-01T20:26:40.335+0300] {logging_mixin.py:137} INFO - [2025-12-01T20:26:40.335+0300] {dagbag.py:532} INFO - Filling up the DagBag from /home/pker/airflow_env/lib/python3.7/site-packages/airflow/example_dags/example_external_task_marker_dag.py
[2025-12-01T20:26:40.359+0300] {processor.py:753} INFO - DAG(s) dict_keys(['example_external_task_marker_child', 'example_external_task_marker_parent']) retrieved from /home/pker/airflow_env/lib/python3.7/site-packages/airflow/example_dags/example_external_task_marker_dag.py
[2025-12-01T20:26:40.394+0300] {logging_mixin.py:137} INFO - [2025-12-01T20:26:40.394+0300] {dag.py:2705} INFO - Sync 2 DAGs
[2025-12-01T20:26:40.423+0300] {logging_mixin.py:137} INFO - [2025-12-01T20:26:40.423+0300] {dag.py:3456} INFO - Setting next_dagrun for example_external_task_marker_child to None, run_after=None
[2025-12-01T20:26:40.427+0300] {logging_mixin.py:137} INFO - [2025-12-01T20:26:40.427+0300] {dag.py:3456} INFO - Setting next_dagrun for example_external_task_marker_parent to None, run_after=None
[2025-12-01T20:26:40.457+0300] {processor.py:175} INFO - Processing /home/pker/airflow_env/lib/python3.7/site-packages/airflow/example_dags/example_external_task_marker_dag.py took 0.150 seconds
[2025-12-01T20:27:29.203+0300] {processor.py:153} INFO - Started process (PID=922305) to work on /home/pker/airflow_env/lib/python3.7/site-packages/airflow/example_dags/example_external_task_marker_dag.py
[2025-12-01T20:27:29.227+0300] {processor.py:743} INFO - Processing file /home/pker/airflow_env/lib/python3.7/site-packages/airflow/example_dags/example_external_task_marker_dag.py for tasks to queue
[2025-12-01T20:27:29.230+0300] {logging_mixin.py:137} INFO - [2025-12-01T20:27:29.229+0300] {dagbag.py:532} INFO - Filling up the DagBag from /home/pker/airflow_env/lib/python3.7/site-packages/airflow/example_dags/example_external_task_marker_dag.py
[2025-12-01T20:27:29.254+0300] {processor.py:753} INFO - DAG(s) dict_keys(['example_external_task_marker_parent', 'example_external_task_marker_child']) retrieved from /home/pker/airflow_env/lib/python3.7/site-packages/airflow/example_dags/example_external_task_marker_dag.py
[2025-12-01T20:27:29.284+0300] {logging_mixin.py:137} INFO - [2025-12-01T20:27:29.284+0300] {dag.py:2705} INFO - Sync 2 DAGs
[2025-12-01T20:27:29.317+0300] {logging_mixin.py:137} INFO - [2025-12-01T20:27:29.317+0300] {dag.py:3456} INFO - Setting next_dagrun for example_external_task_marker_child to None, run_after=None
[2025-12-01T20:27:29.321+0300] {logging_mixin.py:137} INFO - [2025-12-01T20:27:29.321+0300] {dag.py:3456} INFO - Setting next_dagrun for example_external_task_marker_parent to None, run_after=None
[2025-12-01T20:27:29.384+0300] {processor.py:175} INFO - Processing /home/pker/airflow_env/lib/python3.7/site-packages/airflow/example_dags/example_external_task_marker_dag.py took 0.185 seconds
[2025-12-01T20:28:17.436+0300] {processor.py:153} INFO - Started process (PID=922483) to work on /home/pker/airflow_env/lib/python3.7/site-packages/airflow/example_dags/example_external_task_marker_dag.py
[2025-12-01T20:28:17.458+0300] {processor.py:743} INFO - Processing file /home/pker/airflow_env/lib/python3.7/site-packages/airflow/example_dags/example_external_task_marker_dag.py for tasks to queue
[2025-12-01T20:28:17.460+0300] {logging_mixin.py:137} INFO - [2025-12-01T20:28:17.459+0300] {dagbag.py:532} INFO - Filling up the DagBag from /home/pker/airflow_env/lib/python3.7/site-packages/airflow/example_dags/example_external_task_marker_dag.py
[2025-12-01T20:28:17.490+0300] {processor.py:753} INFO - DAG(s) dict_keys(['example_external_task_marker_parent', 'example_external_task_marker_child']) retrieved from /home/pker/airflow_env/lib/python3.7/site-packages/airflow/example_dags/example_external_task_marker_dag.py
[2025-12-01T20:28:17.551+0300] {logging_mixin.py:137} INFO - [2025-12-01T20:28:17.550+0300] {dag.py:2705} INFO - Sync 2 DAGs
[2025-12-01T20:28:17.610+0300] {logging_mixin.py:137} INFO - [2025-12-01T20:28:17.609+0300] {dag.py:3456} INFO - Setting next_dagrun for example_external_task_marker_child to None, run_after=None
[2025-12-01T20:28:17.622+0300] {logging_mixin.py:137} INFO - [2025-12-01T20:28:17.622+0300] {dag.py:3456} INFO - Setting next_dagrun for example_external_task_marker_parent to None, run_after=None
[2025-12-01T20:28:17.701+0300] {processor.py:175} INFO - Processing /home/pker/airflow_env/lib/python3.7/site-packages/airflow/example_dags/example_external_task_marker_dag.py took 0.277 seconds
[2025-12-01T20:29:01.856+0300] {processor.py:153} INFO - Started process (PID=922668) to work on /home/pker/airflow_env/lib/python3.7/site-packages/airflow/example_dags/example_external_task_marker_dag.py
[2025-12-01T20:29:01.873+0300] {processor.py:743} INFO - Processing file /home/pker/airflow_env/lib/python3.7/site-packages/airflow/example_dags/example_external_task_marker_dag.py for tasks to queue
[2025-12-01T20:29:01.876+0300] {logging_mixin.py:137} INFO - [2025-12-01T20:29:01.875+0300] {dagbag.py:532} INFO - Filling up the DagBag from /home/pker/airflow_env/lib/python3.7/site-packages/airflow/example_dags/example_external_task_marker_dag.py
[2025-12-01T20:29:01.907+0300] {processor.py:753} INFO - DAG(s) dict_keys(['example_external_task_marker_child', 'example_external_task_marker_parent']) retrieved from /home/pker/airflow_env/lib/python3.7/site-packages/airflow/example_dags/example_external_task_marker_dag.py
[2025-12-01T20:29:01.938+0300] {logging_mixin.py:137} INFO - [2025-12-01T20:29:01.938+0300] {dag.py:2705} INFO - Sync 2 DAGs
[2025-12-01T20:29:01.964+0300] {logging_mixin.py:137} INFO - [2025-12-01T20:29:01.964+0300] {dag.py:3456} INFO - Setting next_dagrun for example_external_task_marker_child to None, run_after=None
[2025-12-01T20:29:01.967+0300] {logging_mixin.py:137} INFO - [2025-12-01T20:29:01.967+0300] {dag.py:3456} INFO - Setting next_dagrun for example_external_task_marker_parent to None, run_after=None
[2025-12-01T20:29:01.999+0300] {processor.py:175} INFO - Processing /home/pker/airflow_env/lib/python3.7/site-packages/airflow/example_dags/example_external_task_marker_dag.py took 0.149 seconds
[2025-12-01T20:29:49.943+0300] {processor.py:153} INFO - Started process (PID=922839) to work on /home/pker/airflow_env/lib/python3.7/site-packages/airflow/example_dags/example_external_task_marker_dag.py
[2025-12-01T20:29:49.966+0300] {processor.py:743} INFO - Processing file /home/pker/airflow_env/lib/python3.7/site-packages/airflow/example_dags/example_external_task_marker_dag.py for tasks to queue
[2025-12-01T20:29:49.969+0300] {logging_mixin.py:137} INFO - [2025-12-01T20:29:49.968+0300] {dagbag.py:532} INFO - Filling up the DagBag from /home/pker/airflow_env/lib/python3.7/site-packages/airflow/example_dags/example_external_task_marker_dag.py
[2025-12-01T20:29:49.993+0300] {processor.py:753} INFO - DAG(s) dict_keys(['example_external_task_marker_parent', 'example_external_task_marker_child']) retrieved from /home/pker/airflow_env/lib/python3.7/site-packages/airflow/example_dags/example_external_task_marker_dag.py
[2025-12-01T20:29:50.024+0300] {logging_mixin.py:137} INFO - [2025-12-01T20:29:50.024+0300] {dag.py:2705} INFO - Sync 2 DAGs
[2025-12-01T20:29:50.054+0300] {logging_mixin.py:137} INFO - [2025-12-01T20:29:50.054+0300] {dag.py:3456} INFO - Setting next_dagrun for example_external_task_marker_child to None, run_after=None
[2025-12-01T20:29:50.058+0300] {logging_mixin.py:137} INFO - [2025-12-01T20:29:50.058+0300] {dag.py:3456} INFO - Setting next_dagrun for example_external_task_marker_parent to None, run_after=None
[2025-12-01T20:29:50.090+0300] {processor.py:175} INFO - Processing /home/pker/airflow_env/lib/python3.7/site-packages/airflow/example_dags/example_external_task_marker_dag.py took 0.152 seconds
[2025-12-01T20:30:40.588+0300] {processor.py:153} INFO - Started process (PID=923024) to work on /home/pker/airflow_env/lib/python3.7/site-packages/airflow/example_dags/example_external_task_marker_dag.py
[2025-12-01T20:30:40.612+0300] {processor.py:743} INFO - Processing file /home/pker/airflow_env/lib/python3.7/site-packages/airflow/example_dags/example_external_task_marker_dag.py for tasks to queue
[2025-12-01T20:30:40.615+0300] {logging_mixin.py:137} INFO - [2025-12-01T20:30:40.614+0300] {dagbag.py:532} INFO - Filling up the DagBag from /home/pker/airflow_env/lib/python3.7/site-packages/airflow/example_dags/example_external_task_marker_dag.py
[2025-12-01T20:30:40.638+0300] {processor.py:753} INFO - DAG(s) dict_keys(['example_external_task_marker_child', 'example_external_task_marker_parent']) retrieved from /home/pker/airflow_env/lib/python3.7/site-packages/airflow/example_dags/example_external_task_marker_dag.py
[2025-12-01T20:30:40.673+0300] {logging_mixin.py:137} INFO - [2025-12-01T20:30:40.673+0300] {dag.py:2705} INFO - Sync 2 DAGs
[2025-12-01T20:30:40.703+0300] {logging_mixin.py:137} INFO - [2025-12-01T20:30:40.703+0300] {dag.py:3456} INFO - Setting next_dagrun for example_external_task_marker_child to None, run_after=None
[2025-12-01T20:30:40.706+0300] {logging_mixin.py:137} INFO - [2025-12-01T20:30:40.706+0300] {dag.py:3456} INFO - Setting next_dagrun for example_external_task_marker_parent to None, run_after=None
[2025-12-01T20:30:40.755+0300] {processor.py:175} INFO - Processing /home/pker/airflow_env/lib/python3.7/site-packages/airflow/example_dags/example_external_task_marker_dag.py took 0.172 seconds
[2025-12-01T20:31:32.778+0300] {processor.py:153} INFO - Started process (PID=923202) to work on /home/pker/airflow_env/lib/python3.7/site-packages/airflow/example_dags/example_external_task_marker_dag.py
[2025-12-01T20:31:32.780+0300] {processor.py:743} INFO - Processing file /home/pker/airflow_env/lib/python3.7/site-packages/airflow/example_dags/example_external_task_marker_dag.py for tasks to queue
[2025-12-01T20:31:32.781+0300] {logging_mixin.py:137} INFO - [2025-12-01T20:31:32.781+0300] {dagbag.py:532} INFO - Filling up the DagBag from /home/pker/airflow_env/lib/python3.7/site-packages/airflow/example_dags/example_external_task_marker_dag.py
[2025-12-01T20:31:32.809+0300] {processor.py:753} INFO - DAG(s) dict_keys(['example_external_task_marker_child', 'example_external_task_marker_parent']) retrieved from /home/pker/airflow_env/lib/python3.7/site-packages/airflow/example_dags/example_external_task_marker_dag.py
[2025-12-01T20:31:32.853+0300] {logging_mixin.py:137} INFO - [2025-12-01T20:31:32.853+0300] {dag.py:2705} INFO - Sync 2 DAGs
[2025-12-01T20:31:32.896+0300] {logging_mixin.py:137} INFO - [2025-12-01T20:31:32.896+0300] {dag.py:3456} INFO - Setting next_dagrun for example_external_task_marker_child to None, run_after=None
[2025-12-01T20:31:32.900+0300] {logging_mixin.py:137} INFO - [2025-12-01T20:31:32.900+0300] {dag.py:3456} INFO - Setting next_dagrun for example_external_task_marker_parent to None, run_after=None
[2025-12-01T20:31:32.959+0300] {processor.py:175} INFO - Processing /home/pker/airflow_env/lib/python3.7/site-packages/airflow/example_dags/example_external_task_marker_dag.py took 0.186 seconds
