[2025-12-01T20:14:52.983+0300] {processor.py:153} INFO - Started process (PID=919415) to work on /home/pker/airflow_env/lib/python3.7/site-packages/airflow/example_dags/example_branch_day_of_week_operator.py
[2025-12-01T20:14:52.985+0300] {processor.py:743} INFO - Processing file /home/pker/airflow_env/lib/python3.7/site-packages/airflow/example_dags/example_branch_day_of_week_operator.py for tasks to queue
[2025-12-01T20:14:52.986+0300] {logging_mixin.py:137} INFO - [2025-12-01T20:14:52.986+0300] {dagbag.py:532} INFO - Filling up the DagBag from /home/pker/airflow_env/lib/python3.7/site-packages/airflow/example_dags/example_branch_day_of_week_operator.py
[2025-12-01T20:14:53.036+0300] {processor.py:753} INFO - DAG(s) dict_keys(['example_weekday_branch_operator']) retrieved from /home/pker/airflow_env/lib/python3.7/site-packages/airflow/example_dags/example_branch_day_of_week_operator.py
[2025-12-01T20:14:53.112+0300] {logging_mixin.py:137} INFO - [2025-12-01T20:14:53.112+0300] {dag.py:2705} INFO - Sync 1 DAGs
[2025-12-01T20:14:53.153+0300] {logging_mixin.py:137} INFO - [2025-12-01T20:14:53.152+0300] {dag.py:3456} INFO - Setting next_dagrun for example_weekday_branch_operator to 2025-11-30T00:00:00+00:00, run_after=2025-12-01T00:00:00+00:00
[2025-12-01T20:14:53.188+0300] {processor.py:175} INFO - Processing /home/pker/airflow_env/lib/python3.7/site-packages/airflow/example_dags/example_branch_day_of_week_operator.py took 0.210 seconds
[2025-12-01T20:15:53.384+0300] {processor.py:153} INFO - Started process (PID=919780) to work on /home/pker/airflow_env/lib/python3.7/site-packages/airflow/example_dags/example_branch_day_of_week_operator.py
[2025-12-01T20:15:53.387+0300] {processor.py:743} INFO - Processing file /home/pker/airflow_env/lib/python3.7/site-packages/airflow/example_dags/example_branch_day_of_week_operator.py for tasks to queue
[2025-12-01T20:15:53.389+0300] {logging_mixin.py:137} INFO - [2025-12-01T20:15:53.389+0300] {dagbag.py:532} INFO - Filling up the DagBag from /home/pker/airflow_env/lib/python3.7/site-packages/airflow/example_dags/example_branch_day_of_week_operator.py
[2025-12-01T20:15:53.415+0300] {processor.py:753} INFO - DAG(s) dict_keys(['example_weekday_branch_operator']) retrieved from /home/pker/airflow_env/lib/python3.7/site-packages/airflow/example_dags/example_branch_day_of_week_operator.py
[2025-12-01T20:15:53.439+0300] {logging_mixin.py:137} INFO - [2025-12-01T20:15:53.439+0300] {dag.py:2705} INFO - Sync 1 DAGs
[2025-12-01T20:15:53.466+0300] {logging_mixin.py:137} INFO - [2025-12-01T20:15:53.466+0300] {dag.py:3456} INFO - Setting next_dagrun for example_weekday_branch_operator to 2025-11-30T00:00:00+00:00, run_after=2025-12-01T00:00:00+00:00
[2025-12-01T20:15:53.499+0300] {processor.py:175} INFO - Processing /home/pker/airflow_env/lib/python3.7/site-packages/airflow/example_dags/example_branch_day_of_week_operator.py took 0.119 seconds
[2025-12-01T20:16:48.963+0300] {processor.py:153} INFO - Started process (PID=919976) to work on /home/pker/airflow_env/lib/python3.7/site-packages/airflow/example_dags/example_branch_day_of_week_operator.py
[2025-12-01T20:16:48.965+0300] {processor.py:743} INFO - Processing file /home/pker/airflow_env/lib/python3.7/site-packages/airflow/example_dags/example_branch_day_of_week_operator.py for tasks to queue
[2025-12-01T20:16:48.968+0300] {logging_mixin.py:137} INFO - [2025-12-01T20:16:48.967+0300] {dagbag.py:532} INFO - Filling up the DagBag from /home/pker/airflow_env/lib/python3.7/site-packages/airflow/example_dags/example_branch_day_of_week_operator.py
[2025-12-01T20:16:48.996+0300] {processor.py:753} INFO - DAG(s) dict_keys(['example_weekday_branch_operator']) retrieved from /home/pker/airflow_env/lib/python3.7/site-packages/airflow/example_dags/example_branch_day_of_week_operator.py
[2025-12-01T20:16:49.027+0300] {logging_mixin.py:137} INFO - [2025-12-01T20:16:49.026+0300] {dag.py:2705} INFO - Sync 1 DAGs
[2025-12-01T20:16:49.068+0300] {logging_mixin.py:137} INFO - [2025-12-01T20:16:49.067+0300] {dag.py:3456} INFO - Setting next_dagrun for example_weekday_branch_operator to 2025-11-30T00:00:00+00:00, run_after=2025-12-01T00:00:00+00:00
[2025-12-01T20:16:49.127+0300] {processor.py:175} INFO - Processing /home/pker/airflow_env/lib/python3.7/site-packages/airflow/example_dags/example_branch_day_of_week_operator.py took 0.169 seconds
[2025-12-01T20:17:42.488+0300] {processor.py:153} INFO - Started process (PID=920167) to work on /home/pker/airflow_env/lib/python3.7/site-packages/airflow/example_dags/example_branch_day_of_week_operator.py
[2025-12-01T20:17:42.509+0300] {processor.py:743} INFO - Processing file /home/pker/airflow_env/lib/python3.7/site-packages/airflow/example_dags/example_branch_day_of_week_operator.py for tasks to queue
[2025-12-01T20:17:42.511+0300] {logging_mixin.py:137} INFO - [2025-12-01T20:17:42.511+0300] {dagbag.py:532} INFO - Filling up the DagBag from /home/pker/airflow_env/lib/python3.7/site-packages/airflow/example_dags/example_branch_day_of_week_operator.py
[2025-12-01T20:17:42.543+0300] {processor.py:753} INFO - DAG(s) dict_keys(['example_weekday_branch_operator']) retrieved from /home/pker/airflow_env/lib/python3.7/site-packages/airflow/example_dags/example_branch_day_of_week_operator.py
[2025-12-01T20:17:42.577+0300] {logging_mixin.py:137} INFO - [2025-12-01T20:17:42.577+0300] {dag.py:2705} INFO - Sync 1 DAGs
[2025-12-01T20:17:42.612+0300] {logging_mixin.py:137} INFO - [2025-12-01T20:17:42.612+0300] {dag.py:3456} INFO - Setting next_dagrun for example_weekday_branch_operator to 2025-11-30T00:00:00+00:00, run_after=2025-12-01T00:00:00+00:00
[2025-12-01T20:17:42.662+0300] {processor.py:175} INFO - Processing /home/pker/airflow_env/lib/python3.7/site-packages/airflow/example_dags/example_branch_day_of_week_operator.py took 0.179 seconds
[2025-12-01T20:18:33.735+0300] {processor.py:153} INFO - Started process (PID=920350) to work on /home/pker/airflow_env/lib/python3.7/site-packages/airflow/example_dags/example_branch_day_of_week_operator.py
[2025-12-01T20:18:33.758+0300] {processor.py:743} INFO - Processing file /home/pker/airflow_env/lib/python3.7/site-packages/airflow/example_dags/example_branch_day_of_week_operator.py for tasks to queue
[2025-12-01T20:18:33.761+0300] {logging_mixin.py:137} INFO - [2025-12-01T20:18:33.760+0300] {dagbag.py:532} INFO - Filling up the DagBag from /home/pker/airflow_env/lib/python3.7/site-packages/airflow/example_dags/example_branch_day_of_week_operator.py
[2025-12-01T20:18:33.793+0300] {processor.py:753} INFO - DAG(s) dict_keys(['example_weekday_branch_operator']) retrieved from /home/pker/airflow_env/lib/python3.7/site-packages/airflow/example_dags/example_branch_day_of_week_operator.py
[2025-12-01T20:18:33.825+0300] {logging_mixin.py:137} INFO - [2025-12-01T20:18:33.825+0300] {dag.py:2705} INFO - Sync 1 DAGs
[2025-12-01T20:18:33.858+0300] {logging_mixin.py:137} INFO - [2025-12-01T20:18:33.858+0300] {dag.py:3456} INFO - Setting next_dagrun for example_weekday_branch_operator to 2025-11-30T00:00:00+00:00, run_after=2025-12-01T00:00:00+00:00
[2025-12-01T20:18:33.892+0300] {processor.py:175} INFO - Processing /home/pker/airflow_env/lib/python3.7/site-packages/airflow/example_dags/example_branch_day_of_week_operator.py took 0.163 seconds
[2025-12-01T20:19:23.018+0300] {processor.py:153} INFO - Started process (PID=920548) to work on /home/pker/airflow_env/lib/python3.7/site-packages/airflow/example_dags/example_branch_day_of_week_operator.py
[2025-12-01T20:19:23.022+0300] {processor.py:743} INFO - Processing file /home/pker/airflow_env/lib/python3.7/site-packages/airflow/example_dags/example_branch_day_of_week_operator.py for tasks to queue
[2025-12-01T20:19:23.024+0300] {logging_mixin.py:137} INFO - [2025-12-01T20:19:23.024+0300] {dagbag.py:532} INFO - Filling up the DagBag from /home/pker/airflow_env/lib/python3.7/site-packages/airflow/example_dags/example_branch_day_of_week_operator.py
[2025-12-01T20:19:23.052+0300] {processor.py:753} INFO - DAG(s) dict_keys(['example_weekday_branch_operator']) retrieved from /home/pker/airflow_env/lib/python3.7/site-packages/airflow/example_dags/example_branch_day_of_week_operator.py
[2025-12-01T20:19:23.078+0300] {logging_mixin.py:137} INFO - [2025-12-01T20:19:23.078+0300] {dag.py:2705} INFO - Sync 1 DAGs
[2025-12-01T20:19:23.116+0300] {logging_mixin.py:137} INFO - [2025-12-01T20:19:23.116+0300] {dag.py:3456} INFO - Setting next_dagrun for example_weekday_branch_operator to 2025-11-30T00:00:00+00:00, run_after=2025-12-01T00:00:00+00:00
[2025-12-01T20:19:23.163+0300] {processor.py:175} INFO - Processing /home/pker/airflow_env/lib/python3.7/site-packages/airflow/example_dags/example_branch_day_of_week_operator.py took 0.150 seconds
[2025-12-01T20:20:11.476+0300] {processor.py:153} INFO - Started process (PID=920721) to work on /home/pker/airflow_env/lib/python3.7/site-packages/airflow/example_dags/example_branch_day_of_week_operator.py
[2025-12-01T20:20:11.479+0300] {processor.py:743} INFO - Processing file /home/pker/airflow_env/lib/python3.7/site-packages/airflow/example_dags/example_branch_day_of_week_operator.py for tasks to queue
[2025-12-01T20:20:11.481+0300] {logging_mixin.py:137} INFO - [2025-12-01T20:20:11.481+0300] {dagbag.py:532} INFO - Filling up the DagBag from /home/pker/airflow_env/lib/python3.7/site-packages/airflow/example_dags/example_branch_day_of_week_operator.py
[2025-12-01T20:20:11.507+0300] {processor.py:753} INFO - DAG(s) dict_keys(['example_weekday_branch_operator']) retrieved from /home/pker/airflow_env/lib/python3.7/site-packages/airflow/example_dags/example_branch_day_of_week_operator.py
[2025-12-01T20:20:11.534+0300] {logging_mixin.py:137} INFO - [2025-12-01T20:20:11.533+0300] {dag.py:2705} INFO - Sync 1 DAGs
[2025-12-01T20:20:11.568+0300] {logging_mixin.py:137} INFO - [2025-12-01T20:20:11.568+0300] {dag.py:3456} INFO - Setting next_dagrun for example_weekday_branch_operator to 2025-11-30T00:00:00+00:00, run_after=2025-12-01T00:00:00+00:00
[2025-12-01T20:20:11.613+0300] {processor.py:175} INFO - Processing /home/pker/airflow_env/lib/python3.7/site-packages/airflow/example_dags/example_branch_day_of_week_operator.py took 0.143 seconds
[2025-12-01T20:20:58.110+0300] {processor.py:153} INFO - Started process (PID=920894) to work on /home/pker/airflow_env/lib/python3.7/site-packages/airflow/example_dags/example_branch_day_of_week_operator.py
[2025-12-01T20:20:58.133+0300] {processor.py:743} INFO - Processing file /home/pker/airflow_env/lib/python3.7/site-packages/airflow/example_dags/example_branch_day_of_week_operator.py for tasks to queue
[2025-12-01T20:20:58.136+0300] {logging_mixin.py:137} INFO - [2025-12-01T20:20:58.135+0300] {dagbag.py:532} INFO - Filling up the DagBag from /home/pker/airflow_env/lib/python3.7/site-packages/airflow/example_dags/example_branch_day_of_week_operator.py
[2025-12-01T20:20:58.162+0300] {processor.py:753} INFO - DAG(s) dict_keys(['example_weekday_branch_operator']) retrieved from /home/pker/airflow_env/lib/python3.7/site-packages/airflow/example_dags/example_branch_day_of_week_operator.py
[2025-12-01T20:20:58.189+0300] {logging_mixin.py:137} INFO - [2025-12-01T20:20:58.189+0300] {dag.py:2705} INFO - Sync 1 DAGs
[2025-12-01T20:20:58.225+0300] {logging_mixin.py:137} INFO - [2025-12-01T20:20:58.225+0300] {dag.py:3456} INFO - Setting next_dagrun for example_weekday_branch_operator to 2025-11-30T00:00:00+00:00, run_after=2025-12-01T00:00:00+00:00
[2025-12-01T20:20:58.258+0300] {processor.py:175} INFO - Processing /home/pker/airflow_env/lib/python3.7/site-packages/airflow/example_dags/example_branch_day_of_week_operator.py took 0.153 seconds
[2025-12-01T20:21:47.172+0300] {processor.py:153} INFO - Started process (PID=921064) to work on /home/pker/airflow_env/lib/python3.7/site-packages/airflow/example_dags/example_branch_day_of_week_operator.py
[2025-12-01T20:21:47.195+0300] {processor.py:743} INFO - Processing file /home/pker/airflow_env/lib/python3.7/site-packages/airflow/example_dags/example_branch_day_of_week_operator.py for tasks to queue
[2025-12-01T20:21:47.198+0300] {logging_mixin.py:137} INFO - [2025-12-01T20:21:47.198+0300] {dagbag.py:532} INFO - Filling up the DagBag from /home/pker/airflow_env/lib/python3.7/site-packages/airflow/example_dags/example_branch_day_of_week_operator.py
[2025-12-01T20:21:47.225+0300] {processor.py:753} INFO - DAG(s) dict_keys(['example_weekday_branch_operator']) retrieved from /home/pker/airflow_env/lib/python3.7/site-packages/airflow/example_dags/example_branch_day_of_week_operator.py
[2025-12-01T20:21:47.255+0300] {logging_mixin.py:137} INFO - [2025-12-01T20:21:47.255+0300] {dag.py:2705} INFO - Sync 1 DAGs
[2025-12-01T20:21:47.288+0300] {logging_mixin.py:137} INFO - [2025-12-01T20:21:47.287+0300] {dag.py:3456} INFO - Setting next_dagrun for example_weekday_branch_operator to 2025-11-30T00:00:00+00:00, run_after=2025-12-01T00:00:00+00:00
[2025-12-01T20:21:47.335+0300] {processor.py:175} INFO - Processing /home/pker/airflow_env/lib/python3.7/site-packages/airflow/example_dags/example_branch_day_of_week_operator.py took 0.168 seconds
[2025-12-01T20:22:34.799+0300] {processor.py:153} INFO - Started process (PID=921235) to work on /home/pker/airflow_env/lib/python3.7/site-packages/airflow/example_dags/example_branch_day_of_week_operator.py
[2025-12-01T20:22:34.821+0300] {processor.py:743} INFO - Processing file /home/pker/airflow_env/lib/python3.7/site-packages/airflow/example_dags/example_branch_day_of_week_operator.py for tasks to queue
[2025-12-01T20:22:34.824+0300] {logging_mixin.py:137} INFO - [2025-12-01T20:22:34.824+0300] {dagbag.py:532} INFO - Filling up the DagBag from /home/pker/airflow_env/lib/python3.7/site-packages/airflow/example_dags/example_branch_day_of_week_operator.py
[2025-12-01T20:22:34.853+0300] {processor.py:753} INFO - DAG(s) dict_keys(['example_weekday_branch_operator']) retrieved from /home/pker/airflow_env/lib/python3.7/site-packages/airflow/example_dags/example_branch_day_of_week_operator.py
[2025-12-01T20:22:34.880+0300] {logging_mixin.py:137} INFO - [2025-12-01T20:22:34.880+0300] {dag.py:2705} INFO - Sync 1 DAGs
[2025-12-01T20:22:34.908+0300] {logging_mixin.py:137} INFO - [2025-12-01T20:22:34.907+0300] {dag.py:3456} INFO - Setting next_dagrun for example_weekday_branch_operator to 2025-11-30T00:00:00+00:00, run_after=2025-12-01T00:00:00+00:00
[2025-12-01T20:22:34.935+0300] {processor.py:175} INFO - Processing /home/pker/airflow_env/lib/python3.7/site-packages/airflow/example_dags/example_branch_day_of_week_operator.py took 0.141 seconds
[2025-12-01T20:23:25.667+0300] {processor.py:153} INFO - Started process (PID=921413) to work on /home/pker/airflow_env/lib/python3.7/site-packages/airflow/example_dags/example_branch_day_of_week_operator.py
[2025-12-01T20:23:25.670+0300] {processor.py:743} INFO - Processing file /home/pker/airflow_env/lib/python3.7/site-packages/airflow/example_dags/example_branch_day_of_week_operator.py for tasks to queue
[2025-12-01T20:23:25.671+0300] {logging_mixin.py:137} INFO - [2025-12-01T20:23:25.671+0300] {dagbag.py:532} INFO - Filling up the DagBag from /home/pker/airflow_env/lib/python3.7/site-packages/airflow/example_dags/example_branch_day_of_week_operator.py
[2025-12-01T20:23:25.698+0300] {processor.py:753} INFO - DAG(s) dict_keys(['example_weekday_branch_operator']) retrieved from /home/pker/airflow_env/lib/python3.7/site-packages/airflow/example_dags/example_branch_day_of_week_operator.py
[2025-12-01T20:23:25.727+0300] {logging_mixin.py:137} INFO - [2025-12-01T20:23:25.726+0300] {dag.py:2705} INFO - Sync 1 DAGs
[2025-12-01T20:23:25.761+0300] {logging_mixin.py:137} INFO - [2025-12-01T20:23:25.761+0300] {dag.py:3456} INFO - Setting next_dagrun for example_weekday_branch_operator to 2025-11-30T00:00:00+00:00, run_after=2025-12-01T00:00:00+00:00
[2025-12-01T20:23:25.793+0300] {processor.py:175} INFO - Processing /home/pker/airflow_env/lib/python3.7/site-packages/airflow/example_dags/example_branch_day_of_week_operator.py took 0.133 seconds
[2025-12-01T20:24:17.435+0300] {processor.py:153} INFO - Started process (PID=921616) to work on /home/pker/airflow_env/lib/python3.7/site-packages/airflow/example_dags/example_branch_day_of_week_operator.py
[2025-12-01T20:24:17.441+0300] {processor.py:743} INFO - Processing file /home/pker/airflow_env/lib/python3.7/site-packages/airflow/example_dags/example_branch_day_of_week_operator.py for tasks to queue
[2025-12-01T20:24:17.444+0300] {logging_mixin.py:137} INFO - [2025-12-01T20:24:17.443+0300] {dagbag.py:532} INFO - Filling up the DagBag from /home/pker/airflow_env/lib/python3.7/site-packages/airflow/example_dags/example_branch_day_of_week_operator.py
[2025-12-01T20:24:17.491+0300] {processor.py:753} INFO - DAG(s) dict_keys(['example_weekday_branch_operator']) retrieved from /home/pker/airflow_env/lib/python3.7/site-packages/airflow/example_dags/example_branch_day_of_week_operator.py
[2025-12-01T20:24:17.525+0300] {logging_mixin.py:137} INFO - [2025-12-01T20:24:17.524+0300] {dag.py:2705} INFO - Sync 1 DAGs
[2025-12-01T20:24:17.559+0300] {logging_mixin.py:137} INFO - [2025-12-01T20:24:17.559+0300] {dag.py:3456} INFO - Setting next_dagrun for example_weekday_branch_operator to 2025-11-30T00:00:00+00:00, run_after=2025-12-01T00:00:00+00:00
[2025-12-01T20:24:17.626+0300] {processor.py:175} INFO - Processing /home/pker/airflow_env/lib/python3.7/site-packages/airflow/example_dags/example_branch_day_of_week_operator.py took 0.198 seconds
[2025-12-01T20:25:09.684+0300] {processor.py:153} INFO - Started process (PID=921805) to work on /home/pker/airflow_env/lib/python3.7/site-packages/airflow/example_dags/example_branch_day_of_week_operator.py
[2025-12-01T20:25:09.705+0300] {processor.py:743} INFO - Processing file /home/pker/airflow_env/lib/python3.7/site-packages/airflow/example_dags/example_branch_day_of_week_operator.py for tasks to queue
[2025-12-01T20:25:09.707+0300] {logging_mixin.py:137} INFO - [2025-12-01T20:25:09.707+0300] {dagbag.py:532} INFO - Filling up the DagBag from /home/pker/airflow_env/lib/python3.7/site-packages/airflow/example_dags/example_branch_day_of_week_operator.py
[2025-12-01T20:25:09.733+0300] {processor.py:753} INFO - DAG(s) dict_keys(['example_weekday_branch_operator']) retrieved from /home/pker/airflow_env/lib/python3.7/site-packages/airflow/example_dags/example_branch_day_of_week_operator.py
[2025-12-01T20:25:09.758+0300] {logging_mixin.py:137} INFO - [2025-12-01T20:25:09.758+0300] {dag.py:2705} INFO - Sync 1 DAGs
[2025-12-01T20:25:09.793+0300] {logging_mixin.py:137} INFO - [2025-12-01T20:25:09.793+0300] {dag.py:3456} INFO - Setting next_dagrun for example_weekday_branch_operator to 2025-11-30T00:00:00+00:00, run_after=2025-12-01T00:00:00+00:00
[2025-12-01T20:25:09.832+0300] {processor.py:175} INFO - Processing /home/pker/airflow_env/lib/python3.7/site-packages/airflow/example_dags/example_branch_day_of_week_operator.py took 0.154 seconds
[2025-12-01T20:25:56.414+0300] {processor.py:153} INFO - Started process (PID=921970) to work on /home/pker/airflow_env/lib/python3.7/site-packages/airflow/example_dags/example_branch_day_of_week_operator.py
[2025-12-01T20:25:56.416+0300] {processor.py:743} INFO - Processing file /home/pker/airflow_env/lib/python3.7/site-packages/airflow/example_dags/example_branch_day_of_week_operator.py for tasks to queue
[2025-12-01T20:25:56.418+0300] {logging_mixin.py:137} INFO - [2025-12-01T20:25:56.417+0300] {dagbag.py:532} INFO - Filling up the DagBag from /home/pker/airflow_env/lib/python3.7/site-packages/airflow/example_dags/example_branch_day_of_week_operator.py
[2025-12-01T20:25:56.443+0300] {processor.py:753} INFO - DAG(s) dict_keys(['example_weekday_branch_operator']) retrieved from /home/pker/airflow_env/lib/python3.7/site-packages/airflow/example_dags/example_branch_day_of_week_operator.py
[2025-12-01T20:25:56.468+0300] {logging_mixin.py:137} INFO - [2025-12-01T20:25:56.468+0300] {dag.py:2705} INFO - Sync 1 DAGs
[2025-12-01T20:25:56.496+0300] {logging_mixin.py:137} INFO - [2025-12-01T20:25:56.495+0300] {dag.py:3456} INFO - Setting next_dagrun for example_weekday_branch_operator to 2025-11-30T00:00:00+00:00, run_after=2025-12-01T00:00:00+00:00
[2025-12-01T20:25:56.528+0300] {processor.py:175} INFO - Processing /home/pker/airflow_env/lib/python3.7/site-packages/airflow/example_dags/example_branch_day_of_week_operator.py took 0.119 seconds
[2025-12-01T20:26:42.627+0300] {processor.py:153} INFO - Started process (PID=922143) to work on /home/pker/airflow_env/lib/python3.7/site-packages/airflow/example_dags/example_branch_day_of_week_operator.py
[2025-12-01T20:26:42.649+0300] {processor.py:743} INFO - Processing file /home/pker/airflow_env/lib/python3.7/site-packages/airflow/example_dags/example_branch_day_of_week_operator.py for tasks to queue
[2025-12-01T20:26:42.652+0300] {logging_mixin.py:137} INFO - [2025-12-01T20:26:42.652+0300] {dagbag.py:532} INFO - Filling up the DagBag from /home/pker/airflow_env/lib/python3.7/site-packages/airflow/example_dags/example_branch_day_of_week_operator.py
[2025-12-01T20:26:42.679+0300] {processor.py:753} INFO - DAG(s) dict_keys(['example_weekday_branch_operator']) retrieved from /home/pker/airflow_env/lib/python3.7/site-packages/airflow/example_dags/example_branch_day_of_week_operator.py
[2025-12-01T20:26:42.706+0300] {logging_mixin.py:137} INFO - [2025-12-01T20:26:42.706+0300] {dag.py:2705} INFO - Sync 1 DAGs
[2025-12-01T20:26:42.732+0300] {logging_mixin.py:137} INFO - [2025-12-01T20:26:42.732+0300] {dag.py:3456} INFO - Setting next_dagrun for example_weekday_branch_operator to 2025-11-30T00:00:00+00:00, run_after=2025-12-01T00:00:00+00:00
[2025-12-01T20:26:42.762+0300] {processor.py:175} INFO - Processing /home/pker/airflow_env/lib/python3.7/site-packages/airflow/example_dags/example_branch_day_of_week_operator.py took 0.140 seconds
[2025-12-01T20:27:30.474+0300] {processor.py:153} INFO - Started process (PID=922315) to work on /home/pker/airflow_env/lib/python3.7/site-packages/airflow/example_dags/example_branch_day_of_week_operator.py
[2025-12-01T20:27:30.477+0300] {processor.py:743} INFO - Processing file /home/pker/airflow_env/lib/python3.7/site-packages/airflow/example_dags/example_branch_day_of_week_operator.py for tasks to queue
[2025-12-01T20:27:30.478+0300] {logging_mixin.py:137} INFO - [2025-12-01T20:27:30.478+0300] {dagbag.py:532} INFO - Filling up the DagBag from /home/pker/airflow_env/lib/python3.7/site-packages/airflow/example_dags/example_branch_day_of_week_operator.py
[2025-12-01T20:27:30.503+0300] {processor.py:753} INFO - DAG(s) dict_keys(['example_weekday_branch_operator']) retrieved from /home/pker/airflow_env/lib/python3.7/site-packages/airflow/example_dags/example_branch_day_of_week_operator.py
[2025-12-01T20:27:30.527+0300] {logging_mixin.py:137} INFO - [2025-12-01T20:27:30.527+0300] {dag.py:2705} INFO - Sync 1 DAGs
[2025-12-01T20:27:30.561+0300] {logging_mixin.py:137} INFO - [2025-12-01T20:27:30.560+0300] {dag.py:3456} INFO - Setting next_dagrun for example_weekday_branch_operator to 2025-11-30T00:00:00+00:00, run_after=2025-12-01T00:00:00+00:00
[2025-12-01T20:27:30.600+0300] {processor.py:175} INFO - Processing /home/pker/airflow_env/lib/python3.7/site-packages/airflow/example_dags/example_branch_day_of_week_operator.py took 0.131 seconds
[2025-12-01T20:28:18.728+0300] {processor.py:153} INFO - Started process (PID=922488) to work on /home/pker/airflow_env/lib/python3.7/site-packages/airflow/example_dags/example_branch_day_of_week_operator.py
[2025-12-01T20:28:18.749+0300] {processor.py:743} INFO - Processing file /home/pker/airflow_env/lib/python3.7/site-packages/airflow/example_dags/example_branch_day_of_week_operator.py for tasks to queue
[2025-12-01T20:28:18.750+0300] {logging_mixin.py:137} INFO - [2025-12-01T20:28:18.750+0300] {dagbag.py:532} INFO - Filling up the DagBag from /home/pker/airflow_env/lib/python3.7/site-packages/airflow/example_dags/example_branch_day_of_week_operator.py
[2025-12-01T20:28:18.778+0300] {processor.py:753} INFO - DAG(s) dict_keys(['example_weekday_branch_operator']) retrieved from /home/pker/airflow_env/lib/python3.7/site-packages/airflow/example_dags/example_branch_day_of_week_operator.py
[2025-12-01T20:28:18.805+0300] {logging_mixin.py:137} INFO - [2025-12-01T20:28:18.805+0300] {dag.py:2705} INFO - Sync 1 DAGs
[2025-12-01T20:28:18.836+0300] {logging_mixin.py:137} INFO - [2025-12-01T20:28:18.836+0300] {dag.py:3456} INFO - Setting next_dagrun for example_weekday_branch_operator to 2025-11-30T00:00:00+00:00, run_after=2025-12-01T00:00:00+00:00
[2025-12-01T20:28:18.867+0300] {processor.py:175} INFO - Processing /home/pker/airflow_env/lib/python3.7/site-packages/airflow/example_dags/example_branch_day_of_week_operator.py took 0.147 seconds
[2025-12-01T20:29:03.003+0300] {processor.py:153} INFO - Started process (PID=922676) to work on /home/pker/airflow_env/lib/python3.7/site-packages/airflow/example_dags/example_branch_day_of_week_operator.py
[2025-12-01T20:29:03.026+0300] {processor.py:743} INFO - Processing file /home/pker/airflow_env/lib/python3.7/site-packages/airflow/example_dags/example_branch_day_of_week_operator.py for tasks to queue
[2025-12-01T20:29:03.029+0300] {logging_mixin.py:137} INFO - [2025-12-01T20:29:03.029+0300] {dagbag.py:532} INFO - Filling up the DagBag from /home/pker/airflow_env/lib/python3.7/site-packages/airflow/example_dags/example_branch_day_of_week_operator.py
[2025-12-01T20:29:03.056+0300] {processor.py:753} INFO - DAG(s) dict_keys(['example_weekday_branch_operator']) retrieved from /home/pker/airflow_env/lib/python3.7/site-packages/airflow/example_dags/example_branch_day_of_week_operator.py
[2025-12-01T20:29:03.084+0300] {logging_mixin.py:137} INFO - [2025-12-01T20:29:03.084+0300] {dag.py:2705} INFO - Sync 1 DAGs
[2025-12-01T20:29:03.116+0300] {logging_mixin.py:137} INFO - [2025-12-01T20:29:03.115+0300] {dag.py:3456} INFO - Setting next_dagrun for example_weekday_branch_operator to 2025-11-30T00:00:00+00:00, run_after=2025-12-01T00:00:00+00:00
[2025-12-01T20:29:03.145+0300] {processor.py:175} INFO - Processing /home/pker/airflow_env/lib/python3.7/site-packages/airflow/example_dags/example_branch_day_of_week_operator.py took 0.147 seconds
[2025-12-01T20:29:52.508+0300] {processor.py:153} INFO - Started process (PID=922847) to work on /home/pker/airflow_env/lib/python3.7/site-packages/airflow/example_dags/example_branch_day_of_week_operator.py
[2025-12-01T20:29:52.532+0300] {processor.py:743} INFO - Processing file /home/pker/airflow_env/lib/python3.7/site-packages/airflow/example_dags/example_branch_day_of_week_operator.py for tasks to queue
[2025-12-01T20:29:52.534+0300] {logging_mixin.py:137} INFO - [2025-12-01T20:29:52.534+0300] {dagbag.py:532} INFO - Filling up the DagBag from /home/pker/airflow_env/lib/python3.7/site-packages/airflow/example_dags/example_branch_day_of_week_operator.py
[2025-12-01T20:29:52.562+0300] {processor.py:753} INFO - DAG(s) dict_keys(['example_weekday_branch_operator']) retrieved from /home/pker/airflow_env/lib/python3.7/site-packages/airflow/example_dags/example_branch_day_of_week_operator.py
[2025-12-01T20:29:52.592+0300] {logging_mixin.py:137} INFO - [2025-12-01T20:29:52.592+0300] {dag.py:2705} INFO - Sync 1 DAGs
[2025-12-01T20:29:52.621+0300] {logging_mixin.py:137} INFO - [2025-12-01T20:29:52.621+0300] {dag.py:3456} INFO - Setting next_dagrun for example_weekday_branch_operator to 2025-11-30T00:00:00+00:00, run_after=2025-12-01T00:00:00+00:00
[2025-12-01T20:29:52.650+0300] {processor.py:175} INFO - Processing /home/pker/airflow_env/lib/python3.7/site-packages/airflow/example_dags/example_branch_day_of_week_operator.py took 0.148 seconds
[2025-12-01T20:30:43.280+0300] {processor.py:153} INFO - Started process (PID=923032) to work on /home/pker/airflow_env/lib/python3.7/site-packages/airflow/example_dags/example_branch_day_of_week_operator.py
[2025-12-01T20:30:43.303+0300] {processor.py:743} INFO - Processing file /home/pker/airflow_env/lib/python3.7/site-packages/airflow/example_dags/example_branch_day_of_week_operator.py for tasks to queue
[2025-12-01T20:30:43.304+0300] {logging_mixin.py:137} INFO - [2025-12-01T20:30:43.304+0300] {dagbag.py:532} INFO - Filling up the DagBag from /home/pker/airflow_env/lib/python3.7/site-packages/airflow/example_dags/example_branch_day_of_week_operator.py
[2025-12-01T20:30:43.331+0300] {processor.py:753} INFO - DAG(s) dict_keys(['example_weekday_branch_operator']) retrieved from /home/pker/airflow_env/lib/python3.7/site-packages/airflow/example_dags/example_branch_day_of_week_operator.py
[2025-12-01T20:30:43.362+0300] {logging_mixin.py:137} INFO - [2025-12-01T20:30:43.362+0300] {dag.py:2705} INFO - Sync 1 DAGs
[2025-12-01T20:30:43.389+0300] {logging_mixin.py:137} INFO - [2025-12-01T20:30:43.389+0300] {dag.py:3456} INFO - Setting next_dagrun for example_weekday_branch_operator to 2025-11-30T00:00:00+00:00, run_after=2025-12-01T00:00:00+00:00
[2025-12-01T20:30:43.420+0300] {processor.py:175} INFO - Processing /home/pker/airflow_env/lib/python3.7/site-packages/airflow/example_dags/example_branch_day_of_week_operator.py took 0.145 seconds
[2025-12-01T20:31:35.147+0300] {processor.py:153} INFO - Started process (PID=923210) to work on /home/pker/airflow_env/lib/python3.7/site-packages/airflow/example_dags/example_branch_day_of_week_operator.py
[2025-12-01T20:31:35.168+0300] {processor.py:743} INFO - Processing file /home/pker/airflow_env/lib/python3.7/site-packages/airflow/example_dags/example_branch_day_of_week_operator.py for tasks to queue
[2025-12-01T20:31:35.170+0300] {logging_mixin.py:137} INFO - [2025-12-01T20:31:35.169+0300] {dagbag.py:532} INFO - Filling up the DagBag from /home/pker/airflow_env/lib/python3.7/site-packages/airflow/example_dags/example_branch_day_of_week_operator.py
[2025-12-01T20:31:35.208+0300] {processor.py:753} INFO - DAG(s) dict_keys(['example_weekday_branch_operator']) retrieved from /home/pker/airflow_env/lib/python3.7/site-packages/airflow/example_dags/example_branch_day_of_week_operator.py
[2025-12-01T20:31:35.253+0300] {logging_mixin.py:137} INFO - [2025-12-01T20:31:35.253+0300] {dag.py:2705} INFO - Sync 1 DAGs
[2025-12-01T20:31:35.307+0300] {logging_mixin.py:137} INFO - [2025-12-01T20:31:35.307+0300] {dag.py:3456} INFO - Setting next_dagrun for example_weekday_branch_operator to 2025-11-30T00:00:00+00:00, run_after=2025-12-01T00:00:00+00:00
[2025-12-01T20:31:35.362+0300] {processor.py:175} INFO - Processing /home/pker/airflow_env/lib/python3.7/site-packages/airflow/example_dags/example_branch_day_of_week_operator.py took 0.219 seconds
