[2025-12-01T20:15:20.373+0300] {processor.py:153} INFO - Started process (PID=919658) to work on /home/pker/airflow_env/lib/python3.7/site-packages/airflow/example_dags/example_nested_branch_dag.py
[2025-12-01T20:15:20.374+0300] {processor.py:743} INFO - Processing file /home/pker/airflow_env/lib/python3.7/site-packages/airflow/example_dags/example_nested_branch_dag.py for tasks to queue
[2025-12-01T20:15:20.376+0300] {logging_mixin.py:137} INFO - [2025-12-01T20:15:20.375+0300] {dagbag.py:532} INFO - Filling up the DagBag from /home/pker/airflow_env/lib/python3.7/site-packages/airflow/example_dags/example_nested_branch_dag.py
[2025-12-01T20:15:20.422+0300] {processor.py:753} INFO - DAG(s) dict_keys(['example_nested_branch_dag']) retrieved from /home/pker/airflow_env/lib/python3.7/site-packages/airflow/example_dags/example_nested_branch_dag.py
[2025-12-01T20:15:20.525+0300] {logging_mixin.py:137} INFO - [2025-12-01T20:15:20.525+0300] {dag.py:2705} INFO - Sync 1 DAGs
[2025-12-01T20:15:20.561+0300] {logging_mixin.py:137} INFO - [2025-12-01T20:15:20.560+0300] {dag.py:3456} INFO - Setting next_dagrun for example_nested_branch_dag to 2025-11-30T00:00:00+00:00, run_after=2025-12-01T00:00:00+00:00
[2025-12-01T20:15:20.623+0300] {processor.py:175} INFO - Processing /home/pker/airflow_env/lib/python3.7/site-packages/airflow/example_dags/example_nested_branch_dag.py took 0.256 seconds
[2025-12-01T20:16:16.212+0300] {processor.py:153} INFO - Started process (PID=919860) to work on /home/pker/airflow_env/lib/python3.7/site-packages/airflow/example_dags/example_nested_branch_dag.py
[2025-12-01T20:16:16.235+0300] {processor.py:743} INFO - Processing file /home/pker/airflow_env/lib/python3.7/site-packages/airflow/example_dags/example_nested_branch_dag.py for tasks to queue
[2025-12-01T20:16:16.238+0300] {logging_mixin.py:137} INFO - [2025-12-01T20:16:16.237+0300] {dagbag.py:532} INFO - Filling up the DagBag from /home/pker/airflow_env/lib/python3.7/site-packages/airflow/example_dags/example_nested_branch_dag.py
[2025-12-01T20:16:16.292+0300] {processor.py:753} INFO - DAG(s) dict_keys(['example_nested_branch_dag']) retrieved from /home/pker/airflow_env/lib/python3.7/site-packages/airflow/example_dags/example_nested_branch_dag.py
[2025-12-01T20:16:16.324+0300] {logging_mixin.py:137} INFO - [2025-12-01T20:16:16.323+0300] {dag.py:2705} INFO - Sync 1 DAGs
[2025-12-01T20:16:16.358+0300] {logging_mixin.py:137} INFO - [2025-12-01T20:16:16.358+0300] {dag.py:3456} INFO - Setting next_dagrun for example_nested_branch_dag to 2025-11-30T00:00:00+00:00, run_after=2025-12-01T00:00:00+00:00
[2025-12-01T20:16:16.413+0300] {processor.py:175} INFO - Processing /home/pker/airflow_env/lib/python3.7/site-packages/airflow/example_dags/example_nested_branch_dag.py took 0.204 seconds
[2025-12-01T20:17:10.656+0300] {processor.py:153} INFO - Started process (PID=920053) to work on /home/pker/airflow_env/lib/python3.7/site-packages/airflow/example_dags/example_nested_branch_dag.py
[2025-12-01T20:17:10.659+0300] {processor.py:743} INFO - Processing file /home/pker/airflow_env/lib/python3.7/site-packages/airflow/example_dags/example_nested_branch_dag.py for tasks to queue
[2025-12-01T20:17:10.662+0300] {logging_mixin.py:137} INFO - [2025-12-01T20:17:10.661+0300] {dagbag.py:532} INFO - Filling up the DagBag from /home/pker/airflow_env/lib/python3.7/site-packages/airflow/example_dags/example_nested_branch_dag.py
[2025-12-01T20:17:10.701+0300] {processor.py:753} INFO - DAG(s) dict_keys(['example_nested_branch_dag']) retrieved from /home/pker/airflow_env/lib/python3.7/site-packages/airflow/example_dags/example_nested_branch_dag.py
[2025-12-01T20:17:10.729+0300] {logging_mixin.py:137} INFO - [2025-12-01T20:17:10.729+0300] {dag.py:2705} INFO - Sync 1 DAGs
[2025-12-01T20:17:10.763+0300] {logging_mixin.py:137} INFO - [2025-12-01T20:17:10.763+0300] {dag.py:3456} INFO - Setting next_dagrun for example_nested_branch_dag to 2025-11-30T00:00:00+00:00, run_after=2025-12-01T00:00:00+00:00
[2025-12-01T20:17:10.794+0300] {processor.py:175} INFO - Processing /home/pker/airflow_env/lib/python3.7/site-packages/airflow/example_dags/example_nested_branch_dag.py took 0.144 seconds
[2025-12-01T20:18:25.559+0300] {processor.py:153} INFO - Started process (PID=920319) to work on /home/pker/airflow_env/lib/python3.7/site-packages/airflow/example_dags/example_nested_branch_dag.py
[2025-12-01T20:18:25.581+0300] {processor.py:743} INFO - Processing file /home/pker/airflow_env/lib/python3.7/site-packages/airflow/example_dags/example_nested_branch_dag.py for tasks to queue
[2025-12-01T20:18:25.582+0300] {logging_mixin.py:137} INFO - [2025-12-01T20:18:25.582+0300] {dagbag.py:532} INFO - Filling up the DagBag from /home/pker/airflow_env/lib/python3.7/site-packages/airflow/example_dags/example_nested_branch_dag.py
[2025-12-01T20:18:25.641+0300] {processor.py:753} INFO - DAG(s) dict_keys(['example_nested_branch_dag']) retrieved from /home/pker/airflow_env/lib/python3.7/site-packages/airflow/example_dags/example_nested_branch_dag.py
[2025-12-01T20:18:25.677+0300] {logging_mixin.py:137} INFO - [2025-12-01T20:18:25.677+0300] {dag.py:2705} INFO - Sync 1 DAGs
[2025-12-01T20:18:25.715+0300] {logging_mixin.py:137} INFO - [2025-12-01T20:18:25.715+0300] {dag.py:3456} INFO - Setting next_dagrun for example_nested_branch_dag to 2025-11-30T00:00:00+00:00, run_after=2025-12-01T00:00:00+00:00
[2025-12-01T20:18:25.774+0300] {processor.py:175} INFO - Processing /home/pker/airflow_env/lib/python3.7/site-packages/airflow/example_dags/example_nested_branch_dag.py took 0.225 seconds
[2025-12-01T20:19:37.037+0300] {processor.py:153} INFO - Started process (PID=920597) to work on /home/pker/airflow_env/lib/python3.7/site-packages/airflow/example_dags/example_nested_branch_dag.py
[2025-12-01T20:19:37.042+0300] {processor.py:743} INFO - Processing file /home/pker/airflow_env/lib/python3.7/site-packages/airflow/example_dags/example_nested_branch_dag.py for tasks to queue
[2025-12-01T20:19:37.044+0300] {logging_mixin.py:137} INFO - [2025-12-01T20:19:37.044+0300] {dagbag.py:532} INFO - Filling up the DagBag from /home/pker/airflow_env/lib/python3.7/site-packages/airflow/example_dags/example_nested_branch_dag.py
[2025-12-01T20:19:37.091+0300] {processor.py:753} INFO - DAG(s) dict_keys(['example_nested_branch_dag']) retrieved from /home/pker/airflow_env/lib/python3.7/site-packages/airflow/example_dags/example_nested_branch_dag.py
[2025-12-01T20:19:37.125+0300] {logging_mixin.py:137} INFO - [2025-12-01T20:19:37.125+0300] {dag.py:2705} INFO - Sync 1 DAGs
[2025-12-01T20:19:37.161+0300] {logging_mixin.py:137} INFO - [2025-12-01T20:19:37.161+0300] {dag.py:3456} INFO - Setting next_dagrun for example_nested_branch_dag to 2025-11-30T00:00:00+00:00, run_after=2025-12-01T00:00:00+00:00
[2025-12-01T20:19:37.206+0300] {processor.py:175} INFO - Processing /home/pker/airflow_env/lib/python3.7/site-packages/airflow/example_dags/example_nested_branch_dag.py took 0.177 seconds
[2025-12-01T20:20:47.575+0300] {processor.py:153} INFO - Started process (PID=920854) to work on /home/pker/airflow_env/lib/python3.7/site-packages/airflow/example_dags/example_nested_branch_dag.py
[2025-12-01T20:20:47.596+0300] {processor.py:743} INFO - Processing file /home/pker/airflow_env/lib/python3.7/site-packages/airflow/example_dags/example_nested_branch_dag.py for tasks to queue
[2025-12-01T20:20:47.598+0300] {logging_mixin.py:137} INFO - [2025-12-01T20:20:47.598+0300] {dagbag.py:532} INFO - Filling up the DagBag from /home/pker/airflow_env/lib/python3.7/site-packages/airflow/example_dags/example_nested_branch_dag.py
[2025-12-01T20:20:47.643+0300] {processor.py:753} INFO - DAG(s) dict_keys(['example_nested_branch_dag']) retrieved from /home/pker/airflow_env/lib/python3.7/site-packages/airflow/example_dags/example_nested_branch_dag.py
[2025-12-01T20:20:47.667+0300] {logging_mixin.py:137} INFO - [2025-12-01T20:20:47.667+0300] {dag.py:2705} INFO - Sync 1 DAGs
[2025-12-01T20:20:47.696+0300] {logging_mixin.py:137} INFO - [2025-12-01T20:20:47.696+0300] {dag.py:3456} INFO - Setting next_dagrun for example_nested_branch_dag to 2025-11-30T00:00:00+00:00, run_after=2025-12-01T00:00:00+00:00
[2025-12-01T20:20:47.737+0300] {processor.py:175} INFO - Processing /home/pker/airflow_env/lib/python3.7/site-packages/airflow/example_dags/example_nested_branch_dag.py took 0.169 seconds
[2025-12-01T20:21:58.804+0300] {processor.py:153} INFO - Started process (PID=921105) to work on /home/pker/airflow_env/lib/python3.7/site-packages/airflow/example_dags/example_nested_branch_dag.py
[2025-12-01T20:21:58.827+0300] {processor.py:743} INFO - Processing file /home/pker/airflow_env/lib/python3.7/site-packages/airflow/example_dags/example_nested_branch_dag.py for tasks to queue
[2025-12-01T20:21:58.830+0300] {logging_mixin.py:137} INFO - [2025-12-01T20:21:58.830+0300] {dagbag.py:532} INFO - Filling up the DagBag from /home/pker/airflow_env/lib/python3.7/site-packages/airflow/example_dags/example_nested_branch_dag.py
[2025-12-01T20:21:58.871+0300] {processor.py:753} INFO - DAG(s) dict_keys(['example_nested_branch_dag']) retrieved from /home/pker/airflow_env/lib/python3.7/site-packages/airflow/example_dags/example_nested_branch_dag.py
[2025-12-01T20:21:58.901+0300] {logging_mixin.py:137} INFO - [2025-12-01T20:21:58.901+0300] {dag.py:2705} INFO - Sync 1 DAGs
[2025-12-01T20:21:58.938+0300] {logging_mixin.py:137} INFO - [2025-12-01T20:21:58.938+0300] {dag.py:3456} INFO - Setting next_dagrun for example_nested_branch_dag to 2025-11-30T00:00:00+00:00, run_after=2025-12-01T00:00:00+00:00
[2025-12-01T20:21:58.993+0300] {processor.py:175} INFO - Processing /home/pker/airflow_env/lib/python3.7/site-packages/airflow/example_dags/example_nested_branch_dag.py took 0.194 seconds
[2025-12-01T20:23:15.245+0300] {processor.py:153} INFO - Started process (PID=921373) to work on /home/pker/airflow_env/lib/python3.7/site-packages/airflow/example_dags/example_nested_branch_dag.py
[2025-12-01T20:23:15.266+0300] {processor.py:743} INFO - Processing file /home/pker/airflow_env/lib/python3.7/site-packages/airflow/example_dags/example_nested_branch_dag.py for tasks to queue
[2025-12-01T20:23:15.267+0300] {logging_mixin.py:137} INFO - [2025-12-01T20:23:15.267+0300] {dagbag.py:532} INFO - Filling up the DagBag from /home/pker/airflow_env/lib/python3.7/site-packages/airflow/example_dags/example_nested_branch_dag.py
[2025-12-01T20:23:15.303+0300] {processor.py:753} INFO - DAG(s) dict_keys(['example_nested_branch_dag']) retrieved from /home/pker/airflow_env/lib/python3.7/site-packages/airflow/example_dags/example_nested_branch_dag.py
[2025-12-01T20:23:15.331+0300] {logging_mixin.py:137} INFO - [2025-12-01T20:23:15.331+0300] {dag.py:2705} INFO - Sync 1 DAGs
[2025-12-01T20:23:15.366+0300] {logging_mixin.py:137} INFO - [2025-12-01T20:23:15.366+0300] {dag.py:3456} INFO - Setting next_dagrun for example_nested_branch_dag to 2025-11-30T00:00:00+00:00, run_after=2025-12-01T00:00:00+00:00
[2025-12-01T20:23:15.395+0300] {processor.py:175} INFO - Processing /home/pker/airflow_env/lib/python3.7/site-packages/airflow/example_dags/example_nested_branch_dag.py took 0.158 seconds
[2025-12-01T20:24:30.536+0300] {processor.py:153} INFO - Started process (PID=921666) to work on /home/pker/airflow_env/lib/python3.7/site-packages/airflow/example_dags/example_nested_branch_dag.py
[2025-12-01T20:24:30.560+0300] {processor.py:743} INFO - Processing file /home/pker/airflow_env/lib/python3.7/site-packages/airflow/example_dags/example_nested_branch_dag.py for tasks to queue
[2025-12-01T20:24:30.562+0300] {logging_mixin.py:137} INFO - [2025-12-01T20:24:30.562+0300] {dagbag.py:532} INFO - Filling up the DagBag from /home/pker/airflow_env/lib/python3.7/site-packages/airflow/example_dags/example_nested_branch_dag.py
[2025-12-01T20:24:30.605+0300] {processor.py:753} INFO - DAG(s) dict_keys(['example_nested_branch_dag']) retrieved from /home/pker/airflow_env/lib/python3.7/site-packages/airflow/example_dags/example_nested_branch_dag.py
[2025-12-01T20:24:30.646+0300] {logging_mixin.py:137} INFO - [2025-12-01T20:24:30.645+0300] {dag.py:2705} INFO - Sync 1 DAGs
[2025-12-01T20:24:30.676+0300] {logging_mixin.py:137} INFO - [2025-12-01T20:24:30.676+0300] {dag.py:3456} INFO - Setting next_dagrun for example_nested_branch_dag to 2025-11-30T00:00:00+00:00, run_after=2025-12-01T00:00:00+00:00
[2025-12-01T20:24:30.738+0300] {processor.py:175} INFO - Processing /home/pker/airflow_env/lib/python3.7/site-packages/airflow/example_dags/example_nested_branch_dag.py took 0.208 seconds
[2025-12-01T20:25:25.664+0300] {processor.py:153} INFO - Started process (PID=921862) to work on /home/pker/airflow_env/lib/python3.7/site-packages/airflow/example_dags/example_nested_branch_dag.py
[2025-12-01T20:25:25.687+0300] {processor.py:743} INFO - Processing file /home/pker/airflow_env/lib/python3.7/site-packages/airflow/example_dags/example_nested_branch_dag.py for tasks to queue
[2025-12-01T20:25:25.690+0300] {logging_mixin.py:137} INFO - [2025-12-01T20:25:25.689+0300] {dagbag.py:532} INFO - Filling up the DagBag from /home/pker/airflow_env/lib/python3.7/site-packages/airflow/example_dags/example_nested_branch_dag.py
[2025-12-01T20:25:25.728+0300] {processor.py:753} INFO - DAG(s) dict_keys(['example_nested_branch_dag']) retrieved from /home/pker/airflow_env/lib/python3.7/site-packages/airflow/example_dags/example_nested_branch_dag.py
[2025-12-01T20:25:25.752+0300] {logging_mixin.py:137} INFO - [2025-12-01T20:25:25.752+0300] {dag.py:2705} INFO - Sync 1 DAGs
[2025-12-01T20:25:25.786+0300] {logging_mixin.py:137} INFO - [2025-12-01T20:25:25.786+0300] {dag.py:3456} INFO - Setting next_dagrun for example_nested_branch_dag to 2025-11-30T00:00:00+00:00, run_after=2025-12-01T00:00:00+00:00
[2025-12-01T20:25:25.832+0300] {processor.py:175} INFO - Processing /home/pker/airflow_env/lib/python3.7/site-packages/airflow/example_dags/example_nested_branch_dag.py took 0.173 seconds
[2025-12-01T20:26:31.392+0300] {processor.py:153} INFO - Started process (PID=922101) to work on /home/pker/airflow_env/lib/python3.7/site-packages/airflow/example_dags/example_nested_branch_dag.py
[2025-12-01T20:26:31.415+0300] {processor.py:743} INFO - Processing file /home/pker/airflow_env/lib/python3.7/site-packages/airflow/example_dags/example_nested_branch_dag.py for tasks to queue
[2025-12-01T20:26:31.417+0300] {logging_mixin.py:137} INFO - [2025-12-01T20:26:31.417+0300] {dagbag.py:532} INFO - Filling up the DagBag from /home/pker/airflow_env/lib/python3.7/site-packages/airflow/example_dags/example_nested_branch_dag.py
[2025-12-01T20:26:31.460+0300] {processor.py:753} INFO - DAG(s) dict_keys(['example_nested_branch_dag']) retrieved from /home/pker/airflow_env/lib/python3.7/site-packages/airflow/example_dags/example_nested_branch_dag.py
[2025-12-01T20:26:31.485+0300] {logging_mixin.py:137} INFO - [2025-12-01T20:26:31.485+0300] {dag.py:2705} INFO - Sync 1 DAGs
[2025-12-01T20:26:31.513+0300] {logging_mixin.py:137} INFO - [2025-12-01T20:26:31.513+0300] {dag.py:3456} INFO - Setting next_dagrun for example_nested_branch_dag to 2025-11-30T00:00:00+00:00, run_after=2025-12-01T00:00:00+00:00
[2025-12-01T20:26:31.542+0300] {processor.py:175} INFO - Processing /home/pker/airflow_env/lib/python3.7/site-packages/airflow/example_dags/example_nested_branch_dag.py took 0.155 seconds
[2025-12-01T20:27:44.746+0300] {processor.py:153} INFO - Started process (PID=922364) to work on /home/pker/airflow_env/lib/python3.7/site-packages/airflow/example_dags/example_nested_branch_dag.py
[2025-12-01T20:27:44.769+0300] {processor.py:743} INFO - Processing file /home/pker/airflow_env/lib/python3.7/site-packages/airflow/example_dags/example_nested_branch_dag.py for tasks to queue
[2025-12-01T20:27:44.771+0300] {logging_mixin.py:137} INFO - [2025-12-01T20:27:44.771+0300] {dagbag.py:532} INFO - Filling up the DagBag from /home/pker/airflow_env/lib/python3.7/site-packages/airflow/example_dags/example_nested_branch_dag.py
[2025-12-01T20:27:44.810+0300] {processor.py:753} INFO - DAG(s) dict_keys(['example_nested_branch_dag']) retrieved from /home/pker/airflow_env/lib/python3.7/site-packages/airflow/example_dags/example_nested_branch_dag.py
[2025-12-01T20:27:44.835+0300] {logging_mixin.py:137} INFO - [2025-12-01T20:27:44.835+0300] {dag.py:2705} INFO - Sync 1 DAGs
[2025-12-01T20:27:44.871+0300] {logging_mixin.py:137} INFO - [2025-12-01T20:27:44.871+0300] {dag.py:3456} INFO - Setting next_dagrun for example_nested_branch_dag to 2025-11-30T00:00:00+00:00, run_after=2025-12-01T00:00:00+00:00
[2025-12-01T20:27:44.930+0300] {processor.py:175} INFO - Processing /home/pker/airflow_env/lib/python3.7/site-packages/airflow/example_dags/example_nested_branch_dag.py took 0.188 seconds
[2025-12-01T20:28:52.794+0300] {processor.py:153} INFO - Started process (PID=922615) to work on /home/pker/airflow_env/lib/python3.7/site-packages/airflow/example_dags/example_nested_branch_dag.py
[2025-12-01T20:28:52.817+0300] {processor.py:743} INFO - Processing file /home/pker/airflow_env/lib/python3.7/site-packages/airflow/example_dags/example_nested_branch_dag.py for tasks to queue
[2025-12-01T20:28:52.819+0300] {logging_mixin.py:137} INFO - [2025-12-01T20:28:52.819+0300] {dagbag.py:532} INFO - Filling up the DagBag from /home/pker/airflow_env/lib/python3.7/site-packages/airflow/example_dags/example_nested_branch_dag.py
[2025-12-01T20:28:52.861+0300] {processor.py:753} INFO - DAG(s) dict_keys(['example_nested_branch_dag']) retrieved from /home/pker/airflow_env/lib/python3.7/site-packages/airflow/example_dags/example_nested_branch_dag.py
[2025-12-01T20:28:52.892+0300] {logging_mixin.py:137} INFO - [2025-12-01T20:28:52.892+0300] {dag.py:2705} INFO - Sync 1 DAGs
[2025-12-01T20:28:52.926+0300] {logging_mixin.py:137} INFO - [2025-12-01T20:28:52.926+0300] {dag.py:3456} INFO - Setting next_dagrun for example_nested_branch_dag to 2025-11-30T00:00:00+00:00, run_after=2025-12-01T00:00:00+00:00
[2025-12-01T20:28:52.954+0300] {processor.py:175} INFO - Processing /home/pker/airflow_env/lib/python3.7/site-packages/airflow/example_dags/example_nested_branch_dag.py took 0.166 seconds
[2025-12-01T20:30:04.328+0300] {processor.py:153} INFO - Started process (PID=922894) to work on /home/pker/airflow_env/lib/python3.7/site-packages/airflow/example_dags/example_nested_branch_dag.py
[2025-12-01T20:30:04.350+0300] {processor.py:743} INFO - Processing file /home/pker/airflow_env/lib/python3.7/site-packages/airflow/example_dags/example_nested_branch_dag.py for tasks to queue
[2025-12-01T20:30:04.353+0300] {logging_mixin.py:137} INFO - [2025-12-01T20:30:04.352+0300] {dagbag.py:532} INFO - Filling up the DagBag from /home/pker/airflow_env/lib/python3.7/site-packages/airflow/example_dags/example_nested_branch_dag.py
[2025-12-01T20:30:04.395+0300] {processor.py:753} INFO - DAG(s) dict_keys(['example_nested_branch_dag']) retrieved from /home/pker/airflow_env/lib/python3.7/site-packages/airflow/example_dags/example_nested_branch_dag.py
[2025-12-01T20:30:04.428+0300] {logging_mixin.py:137} INFO - [2025-12-01T20:30:04.428+0300] {dag.py:2705} INFO - Sync 1 DAGs
[2025-12-01T20:30:04.466+0300] {logging_mixin.py:137} INFO - [2025-12-01T20:30:04.466+0300] {dag.py:3456} INFO - Setting next_dagrun for example_nested_branch_dag to 2025-11-30T00:00:00+00:00, run_after=2025-12-01T00:00:00+00:00
[2025-12-01T20:30:04.526+0300] {processor.py:175} INFO - Processing /home/pker/airflow_env/lib/python3.7/site-packages/airflow/example_dags/example_nested_branch_dag.py took 0.204 seconds
[2025-12-01T20:31:22.467+0300] {processor.py:153} INFO - Started process (PID=923168) to work on /home/pker/airflow_env/lib/python3.7/site-packages/airflow/example_dags/example_nested_branch_dag.py
[2025-12-01T20:31:22.491+0300] {processor.py:743} INFO - Processing file /home/pker/airflow_env/lib/python3.7/site-packages/airflow/example_dags/example_nested_branch_dag.py for tasks to queue
[2025-12-01T20:31:22.494+0300] {logging_mixin.py:137} INFO - [2025-12-01T20:31:22.494+0300] {dagbag.py:532} INFO - Filling up the DagBag from /home/pker/airflow_env/lib/python3.7/site-packages/airflow/example_dags/example_nested_branch_dag.py
[2025-12-01T20:31:22.524+0300] {processor.py:753} INFO - DAG(s) dict_keys(['example_nested_branch_dag']) retrieved from /home/pker/airflow_env/lib/python3.7/site-packages/airflow/example_dags/example_nested_branch_dag.py
[2025-12-01T20:31:22.555+0300] {logging_mixin.py:137} INFO - [2025-12-01T20:31:22.555+0300] {dag.py:2705} INFO - Sync 1 DAGs
[2025-12-01T20:31:22.598+0300] {logging_mixin.py:137} INFO - [2025-12-01T20:31:22.598+0300] {dag.py:3456} INFO - Setting next_dagrun for example_nested_branch_dag to 2025-11-30T00:00:00+00:00, run_after=2025-12-01T00:00:00+00:00
[2025-12-01T20:31:22.654+0300] {processor.py:175} INFO - Processing /home/pker/airflow_env/lib/python3.7/site-packages/airflow/example_dags/example_nested_branch_dag.py took 0.193 seconds
