[2025-12-01T20:15:16.207+0300] {processor.py:153} INFO - Started process (PID=919628) to work on /home/pker/airflow_env/lib/python3.7/site-packages/airflow/example_dags/example_trigger_controller_dag.py
[2025-12-01T20:15:16.209+0300] {processor.py:743} INFO - Processing file /home/pker/airflow_env/lib/python3.7/site-packages/airflow/example_dags/example_trigger_controller_dag.py for tasks to queue
[2025-12-01T20:15:16.211+0300] {logging_mixin.py:137} INFO - [2025-12-01T20:15:16.211+0300] {dagbag.py:532} INFO - Filling up the DagBag from /home/pker/airflow_env/lib/python3.7/site-packages/airflow/example_dags/example_trigger_controller_dag.py
[2025-12-01T20:15:16.238+0300] {processor.py:753} INFO - DAG(s) dict_keys(['example_trigger_controller_dag']) retrieved from /home/pker/airflow_env/lib/python3.7/site-packages/airflow/example_dags/example_trigger_controller_dag.py
[2025-12-01T20:15:16.335+0300] {logging_mixin.py:137} INFO - [2025-12-01T20:15:16.335+0300] {dag.py:2705} INFO - Sync 1 DAGs
[2025-12-01T20:15:16.361+0300] {logging_mixin.py:137} INFO - [2025-12-01T20:15:16.361+0300] {dag.py:3456} INFO - Setting next_dagrun for example_trigger_controller_dag to 2021-01-01T00:00:00+00:00, run_after=2021-01-01T00:00:00+00:00
[2025-12-01T20:15:16.436+0300] {processor.py:175} INFO - Processing /home/pker/airflow_env/lib/python3.7/site-packages/airflow/example_dags/example_trigger_controller_dag.py took 0.234 seconds
[2025-12-01T20:16:12.037+0300] {processor.py:153} INFO - Started process (PID=919845) to work on /home/pker/airflow_env/lib/python3.7/site-packages/airflow/example_dags/example_trigger_controller_dag.py
[2025-12-01T20:16:12.059+0300] {processor.py:743} INFO - Processing file /home/pker/airflow_env/lib/python3.7/site-packages/airflow/example_dags/example_trigger_controller_dag.py for tasks to queue
[2025-12-01T20:16:12.060+0300] {logging_mixin.py:137} INFO - [2025-12-01T20:16:12.060+0300] {dagbag.py:532} INFO - Filling up the DagBag from /home/pker/airflow_env/lib/python3.7/site-packages/airflow/example_dags/example_trigger_controller_dag.py
[2025-12-01T20:16:12.082+0300] {processor.py:753} INFO - DAG(s) dict_keys(['example_trigger_controller_dag']) retrieved from /home/pker/airflow_env/lib/python3.7/site-packages/airflow/example_dags/example_trigger_controller_dag.py
[2025-12-01T20:16:12.111+0300] {logging_mixin.py:137} INFO - [2025-12-01T20:16:12.111+0300] {dag.py:2705} INFO - Sync 1 DAGs
[2025-12-01T20:16:12.144+0300] {logging_mixin.py:137} INFO - [2025-12-01T20:16:12.144+0300] {dag.py:3456} INFO - Setting next_dagrun for example_trigger_controller_dag to 2021-01-01T00:00:00+00:00, run_after=2021-01-01T00:00:00+00:00
[2025-12-01T20:16:12.177+0300] {processor.py:175} INFO - Processing /home/pker/airflow_env/lib/python3.7/site-packages/airflow/example_dags/example_trigger_controller_dag.py took 0.150 seconds
[2025-12-01T20:17:08.262+0300] {processor.py:153} INFO - Started process (PID=920044) to work on /home/pker/airflow_env/lib/python3.7/site-packages/airflow/example_dags/example_trigger_controller_dag.py
[2025-12-01T20:17:08.284+0300] {processor.py:743} INFO - Processing file /home/pker/airflow_env/lib/python3.7/site-packages/airflow/example_dags/example_trigger_controller_dag.py for tasks to queue
[2025-12-01T20:17:08.286+0300] {logging_mixin.py:137} INFO - [2025-12-01T20:17:08.286+0300] {dagbag.py:532} INFO - Filling up the DagBag from /home/pker/airflow_env/lib/python3.7/site-packages/airflow/example_dags/example_trigger_controller_dag.py
[2025-12-01T20:17:08.306+0300] {processor.py:753} INFO - DAG(s) dict_keys(['example_trigger_controller_dag']) retrieved from /home/pker/airflow_env/lib/python3.7/site-packages/airflow/example_dags/example_trigger_controller_dag.py
[2025-12-01T20:17:08.338+0300] {logging_mixin.py:137} INFO - [2025-12-01T20:17:08.338+0300] {dag.py:2705} INFO - Sync 1 DAGs
[2025-12-01T20:17:08.365+0300] {logging_mixin.py:137} INFO - [2025-12-01T20:17:08.365+0300] {dag.py:3456} INFO - Setting next_dagrun for example_trigger_controller_dag to 2021-01-01T00:00:00+00:00, run_after=2021-01-01T00:00:00+00:00
[2025-12-01T20:17:08.398+0300] {processor.py:175} INFO - Processing /home/pker/airflow_env/lib/python3.7/site-packages/airflow/example_dags/example_trigger_controller_dag.py took 0.142 seconds
[2025-12-01T20:18:02.138+0300] {processor.py:153} INFO - Started process (PID=920232) to work on /home/pker/airflow_env/lib/python3.7/site-packages/airflow/example_dags/example_trigger_controller_dag.py
[2025-12-01T20:18:02.160+0300] {processor.py:743} INFO - Processing file /home/pker/airflow_env/lib/python3.7/site-packages/airflow/example_dags/example_trigger_controller_dag.py for tasks to queue
[2025-12-01T20:18:02.162+0300] {logging_mixin.py:137} INFO - [2025-12-01T20:18:02.162+0300] {dagbag.py:532} INFO - Filling up the DagBag from /home/pker/airflow_env/lib/python3.7/site-packages/airflow/example_dags/example_trigger_controller_dag.py
[2025-12-01T20:18:02.181+0300] {processor.py:753} INFO - DAG(s) dict_keys(['example_trigger_controller_dag']) retrieved from /home/pker/airflow_env/lib/python3.7/site-packages/airflow/example_dags/example_trigger_controller_dag.py
[2025-12-01T20:18:02.217+0300] {logging_mixin.py:137} INFO - [2025-12-01T20:18:02.216+0300] {dag.py:2705} INFO - Sync 1 DAGs
[2025-12-01T20:18:02.269+0300] {logging_mixin.py:137} INFO - [2025-12-01T20:18:02.269+0300] {dag.py:3456} INFO - Setting next_dagrun for example_trigger_controller_dag to 2021-01-01T00:00:00+00:00, run_after=2021-01-01T00:00:00+00:00
[2025-12-01T20:18:02.306+0300] {processor.py:175} INFO - Processing /home/pker/airflow_env/lib/python3.7/site-packages/airflow/example_dags/example_trigger_controller_dag.py took 0.174 seconds
[2025-12-01T20:19:13.415+0300] {processor.py:153} INFO - Started process (PID=920491) to work on /home/pker/airflow_env/lib/python3.7/site-packages/airflow/example_dags/example_trigger_controller_dag.py
[2025-12-01T20:19:13.438+0300] {processor.py:743} INFO - Processing file /home/pker/airflow_env/lib/python3.7/site-packages/airflow/example_dags/example_trigger_controller_dag.py for tasks to queue
[2025-12-01T20:19:13.440+0300] {logging_mixin.py:137} INFO - [2025-12-01T20:19:13.440+0300] {dagbag.py:532} INFO - Filling up the DagBag from /home/pker/airflow_env/lib/python3.7/site-packages/airflow/example_dags/example_trigger_controller_dag.py
[2025-12-01T20:19:13.459+0300] {processor.py:753} INFO - DAG(s) dict_keys(['example_trigger_controller_dag']) retrieved from /home/pker/airflow_env/lib/python3.7/site-packages/airflow/example_dags/example_trigger_controller_dag.py
[2025-12-01T20:19:13.487+0300] {logging_mixin.py:137} INFO - [2025-12-01T20:19:13.486+0300] {dag.py:2705} INFO - Sync 1 DAGs
[2025-12-01T20:19:13.514+0300] {logging_mixin.py:137} INFO - [2025-12-01T20:19:13.513+0300] {dag.py:3456} INFO - Setting next_dagrun for example_trigger_controller_dag to 2021-01-01T00:00:00+00:00, run_after=2021-01-01T00:00:00+00:00
[2025-12-01T20:19:13.546+0300] {processor.py:175} INFO - Processing /home/pker/airflow_env/lib/python3.7/site-packages/airflow/example_dags/example_trigger_controller_dag.py took 0.136 seconds
[2025-12-01T20:20:23.371+0300] {processor.py:153} INFO - Started process (PID=920768) to work on /home/pker/airflow_env/lib/python3.7/site-packages/airflow/example_dags/example_trigger_controller_dag.py
[2025-12-01T20:20:23.393+0300] {processor.py:743} INFO - Processing file /home/pker/airflow_env/lib/python3.7/site-packages/airflow/example_dags/example_trigger_controller_dag.py for tasks to queue
[2025-12-01T20:20:23.394+0300] {logging_mixin.py:137} INFO - [2025-12-01T20:20:23.394+0300] {dagbag.py:532} INFO - Filling up the DagBag from /home/pker/airflow_env/lib/python3.7/site-packages/airflow/example_dags/example_trigger_controller_dag.py
[2025-12-01T20:20:23.411+0300] {processor.py:753} INFO - DAG(s) dict_keys(['example_trigger_controller_dag']) retrieved from /home/pker/airflow_env/lib/python3.7/site-packages/airflow/example_dags/example_trigger_controller_dag.py
[2025-12-01T20:20:23.438+0300] {logging_mixin.py:137} INFO - [2025-12-01T20:20:23.438+0300] {dag.py:2705} INFO - Sync 1 DAGs
[2025-12-01T20:20:23.468+0300] {logging_mixin.py:137} INFO - [2025-12-01T20:20:23.468+0300] {dag.py:3456} INFO - Setting next_dagrun for example_trigger_controller_dag to 2021-01-01T00:00:00+00:00, run_after=2021-01-01T00:00:00+00:00
[2025-12-01T20:20:23.501+0300] {processor.py:175} INFO - Processing /home/pker/airflow_env/lib/python3.7/site-packages/airflow/example_dags/example_trigger_controller_dag.py took 0.138 seconds
[2025-12-01T20:21:33.845+0300] {processor.py:153} INFO - Started process (PID=921016) to work on /home/pker/airflow_env/lib/python3.7/site-packages/airflow/example_dags/example_trigger_controller_dag.py
[2025-12-01T20:21:33.868+0300] {processor.py:743} INFO - Processing file /home/pker/airflow_env/lib/python3.7/site-packages/airflow/example_dags/example_trigger_controller_dag.py for tasks to queue
[2025-12-01T20:21:33.871+0300] {logging_mixin.py:137} INFO - [2025-12-01T20:21:33.871+0300] {dagbag.py:532} INFO - Filling up the DagBag from /home/pker/airflow_env/lib/python3.7/site-packages/airflow/example_dags/example_trigger_controller_dag.py
[2025-12-01T20:21:33.891+0300] {processor.py:753} INFO - DAG(s) dict_keys(['example_trigger_controller_dag']) retrieved from /home/pker/airflow_env/lib/python3.7/site-packages/airflow/example_dags/example_trigger_controller_dag.py
[2025-12-01T20:21:33.918+0300] {logging_mixin.py:137} INFO - [2025-12-01T20:21:33.918+0300] {dag.py:2705} INFO - Sync 1 DAGs
[2025-12-01T20:21:33.947+0300] {logging_mixin.py:137} INFO - [2025-12-01T20:21:33.947+0300] {dag.py:3456} INFO - Setting next_dagrun for example_trigger_controller_dag to 2021-01-01T00:00:00+00:00, run_after=2021-01-01T00:00:00+00:00
[2025-12-01T20:21:33.977+0300] {processor.py:175} INFO - Processing /home/pker/airflow_env/lib/python3.7/site-packages/airflow/example_dags/example_trigger_controller_dag.py took 0.137 seconds
[2025-12-01T20:22:49.797+0300] {processor.py:153} INFO - Started process (PID=921286) to work on /home/pker/airflow_env/lib/python3.7/site-packages/airflow/example_dags/example_trigger_controller_dag.py
[2025-12-01T20:22:49.817+0300] {processor.py:743} INFO - Processing file /home/pker/airflow_env/lib/python3.7/site-packages/airflow/example_dags/example_trigger_controller_dag.py for tasks to queue
[2025-12-01T20:22:49.818+0300] {logging_mixin.py:137} INFO - [2025-12-01T20:22:49.818+0300] {dagbag.py:532} INFO - Filling up the DagBag from /home/pker/airflow_env/lib/python3.7/site-packages/airflow/example_dags/example_trigger_controller_dag.py
[2025-12-01T20:22:49.842+0300] {processor.py:753} INFO - DAG(s) dict_keys(['example_trigger_controller_dag']) retrieved from /home/pker/airflow_env/lib/python3.7/site-packages/airflow/example_dags/example_trigger_controller_dag.py
[2025-12-01T20:22:49.889+0300] {logging_mixin.py:137} INFO - [2025-12-01T20:22:49.889+0300] {dag.py:2705} INFO - Sync 1 DAGs
[2025-12-01T20:22:49.930+0300] {logging_mixin.py:137} INFO - [2025-12-01T20:22:49.929+0300] {dag.py:3456} INFO - Setting next_dagrun for example_trigger_controller_dag to 2021-01-01T00:00:00+00:00, run_after=2021-01-01T00:00:00+00:00
[2025-12-01T20:22:49.980+0300] {processor.py:175} INFO - Processing /home/pker/airflow_env/lib/python3.7/site-packages/airflow/example_dags/example_trigger_controller_dag.py took 0.194 seconds
[2025-12-01T20:24:05.440+0300] {processor.py:153} INFO - Started process (PID=921555) to work on /home/pker/airflow_env/lib/python3.7/site-packages/airflow/example_dags/example_trigger_controller_dag.py
[2025-12-01T20:24:05.464+0300] {processor.py:743} INFO - Processing file /home/pker/airflow_env/lib/python3.7/site-packages/airflow/example_dags/example_trigger_controller_dag.py for tasks to queue
[2025-12-01T20:24:05.466+0300] {logging_mixin.py:137} INFO - [2025-12-01T20:24:05.466+0300] {dagbag.py:532} INFO - Filling up the DagBag from /home/pker/airflow_env/lib/python3.7/site-packages/airflow/example_dags/example_trigger_controller_dag.py
[2025-12-01T20:24:05.497+0300] {processor.py:753} INFO - DAG(s) dict_keys(['example_trigger_controller_dag']) retrieved from /home/pker/airflow_env/lib/python3.7/site-packages/airflow/example_dags/example_trigger_controller_dag.py
[2025-12-01T20:24:05.527+0300] {logging_mixin.py:137} INFO - [2025-12-01T20:24:05.527+0300] {dag.py:2705} INFO - Sync 1 DAGs
[2025-12-01T20:24:05.553+0300] {logging_mixin.py:137} INFO - [2025-12-01T20:24:05.553+0300] {dag.py:3456} INFO - Setting next_dagrun for example_trigger_controller_dag to 2021-01-01T00:00:00+00:00, run_after=2021-01-01T00:00:00+00:00
[2025-12-01T20:24:05.585+0300] {processor.py:175} INFO - Processing /home/pker/airflow_env/lib/python3.7/site-packages/airflow/example_dags/example_trigger_controller_dag.py took 0.151 seconds
[2025-12-01T20:25:21.692+0300] {processor.py:153} INFO - Started process (PID=921847) to work on /home/pker/airflow_env/lib/python3.7/site-packages/airflow/example_dags/example_trigger_controller_dag.py
[2025-12-01T20:25:21.716+0300] {processor.py:743} INFO - Processing file /home/pker/airflow_env/lib/python3.7/site-packages/airflow/example_dags/example_trigger_controller_dag.py for tasks to queue
[2025-12-01T20:25:21.719+0300] {logging_mixin.py:137} INFO - [2025-12-01T20:25:21.718+0300] {dagbag.py:532} INFO - Filling up the DagBag from /home/pker/airflow_env/lib/python3.7/site-packages/airflow/example_dags/example_trigger_controller_dag.py
[2025-12-01T20:25:21.738+0300] {processor.py:753} INFO - DAG(s) dict_keys(['example_trigger_controller_dag']) retrieved from /home/pker/airflow_env/lib/python3.7/site-packages/airflow/example_dags/example_trigger_controller_dag.py
[2025-12-01T20:25:21.768+0300] {logging_mixin.py:137} INFO - [2025-12-01T20:25:21.768+0300] {dag.py:2705} INFO - Sync 1 DAGs
[2025-12-01T20:25:21.795+0300] {logging_mixin.py:137} INFO - [2025-12-01T20:25:21.794+0300] {dag.py:3456} INFO - Setting next_dagrun for example_trigger_controller_dag to 2021-01-01T00:00:00+00:00, run_after=2021-01-01T00:00:00+00:00
[2025-12-01T20:25:21.825+0300] {processor.py:175} INFO - Processing /home/pker/airflow_env/lib/python3.7/site-packages/airflow/example_dags/example_trigger_controller_dag.py took 0.139 seconds
[2025-12-01T20:26:28.181+0300] {processor.py:153} INFO - Started process (PID=922092) to work on /home/pker/airflow_env/lib/python3.7/site-packages/airflow/example_dags/example_trigger_controller_dag.py
[2025-12-01T20:26:28.203+0300] {processor.py:743} INFO - Processing file /home/pker/airflow_env/lib/python3.7/site-packages/airflow/example_dags/example_trigger_controller_dag.py for tasks to queue
[2025-12-01T20:26:28.206+0300] {logging_mixin.py:137} INFO - [2025-12-01T20:26:28.205+0300] {dagbag.py:532} INFO - Filling up the DagBag from /home/pker/airflow_env/lib/python3.7/site-packages/airflow/example_dags/example_trigger_controller_dag.py
[2025-12-01T20:26:28.226+0300] {processor.py:753} INFO - DAG(s) dict_keys(['example_trigger_controller_dag']) retrieved from /home/pker/airflow_env/lib/python3.7/site-packages/airflow/example_dags/example_trigger_controller_dag.py
[2025-12-01T20:26:28.262+0300] {logging_mixin.py:137} INFO - [2025-12-01T20:26:28.262+0300] {dag.py:2705} INFO - Sync 1 DAGs
[2025-12-01T20:26:28.296+0300] {logging_mixin.py:137} INFO - [2025-12-01T20:26:28.296+0300] {dag.py:3456} INFO - Setting next_dagrun for example_trigger_controller_dag to 2021-01-01T00:00:00+00:00, run_after=2021-01-01T00:00:00+00:00
[2025-12-01T20:26:28.328+0300] {processor.py:175} INFO - Processing /home/pker/airflow_env/lib/python3.7/site-packages/airflow/example_dags/example_trigger_controller_dag.py took 0.153 seconds
[2025-12-01T20:27:40.785+0300] {processor.py:153} INFO - Started process (PID=922355) to work on /home/pker/airflow_env/lib/python3.7/site-packages/airflow/example_dags/example_trigger_controller_dag.py
[2025-12-01T20:27:40.809+0300] {processor.py:743} INFO - Processing file /home/pker/airflow_env/lib/python3.7/site-packages/airflow/example_dags/example_trigger_controller_dag.py for tasks to queue
[2025-12-01T20:27:40.811+0300] {logging_mixin.py:137} INFO - [2025-12-01T20:27:40.811+0300] {dagbag.py:532} INFO - Filling up the DagBag from /home/pker/airflow_env/lib/python3.7/site-packages/airflow/example_dags/example_trigger_controller_dag.py
[2025-12-01T20:27:40.832+0300] {processor.py:753} INFO - DAG(s) dict_keys(['example_trigger_controller_dag']) retrieved from /home/pker/airflow_env/lib/python3.7/site-packages/airflow/example_dags/example_trigger_controller_dag.py
[2025-12-01T20:27:40.863+0300] {logging_mixin.py:137} INFO - [2025-12-01T20:27:40.863+0300] {dag.py:2705} INFO - Sync 1 DAGs
[2025-12-01T20:27:40.896+0300] {logging_mixin.py:137} INFO - [2025-12-01T20:27:40.896+0300] {dag.py:3456} INFO - Setting next_dagrun for example_trigger_controller_dag to 2021-01-01T00:00:00+00:00, run_after=2021-01-01T00:00:00+00:00
[2025-12-01T20:27:40.942+0300] {processor.py:175} INFO - Processing /home/pker/airflow_env/lib/python3.7/site-packages/airflow/example_dags/example_trigger_controller_dag.py took 0.162 seconds
[2025-12-01T20:28:50.053+0300] {processor.py:153} INFO - Started process (PID=922606) to work on /home/pker/airflow_env/lib/python3.7/site-packages/airflow/example_dags/example_trigger_controller_dag.py
[2025-12-01T20:28:50.076+0300] {processor.py:743} INFO - Processing file /home/pker/airflow_env/lib/python3.7/site-packages/airflow/example_dags/example_trigger_controller_dag.py for tasks to queue
[2025-12-01T20:28:50.078+0300] {logging_mixin.py:137} INFO - [2025-12-01T20:28:50.077+0300] {dagbag.py:532} INFO - Filling up the DagBag from /home/pker/airflow_env/lib/python3.7/site-packages/airflow/example_dags/example_trigger_controller_dag.py
[2025-12-01T20:28:50.098+0300] {processor.py:753} INFO - DAG(s) dict_keys(['example_trigger_controller_dag']) retrieved from /home/pker/airflow_env/lib/python3.7/site-packages/airflow/example_dags/example_trigger_controller_dag.py
[2025-12-01T20:28:50.125+0300] {logging_mixin.py:137} INFO - [2025-12-01T20:28:50.125+0300] {dag.py:2705} INFO - Sync 1 DAGs
[2025-12-01T20:28:50.152+0300] {logging_mixin.py:137} INFO - [2025-12-01T20:28:50.152+0300] {dag.py:3456} INFO - Setting next_dagrun for example_trigger_controller_dag to 2021-01-01T00:00:00+00:00, run_after=2021-01-01T00:00:00+00:00
[2025-12-01T20:28:50.183+0300] {processor.py:175} INFO - Processing /home/pker/airflow_env/lib/python3.7/site-packages/airflow/example_dags/example_trigger_controller_dag.py took 0.134 seconds
[2025-12-01T20:30:01.768+0300] {processor.py:153} INFO - Started process (PID=922879) to work on /home/pker/airflow_env/lib/python3.7/site-packages/airflow/example_dags/example_trigger_controller_dag.py
[2025-12-01T20:30:01.790+0300] {processor.py:743} INFO - Processing file /home/pker/airflow_env/lib/python3.7/site-packages/airflow/example_dags/example_trigger_controller_dag.py for tasks to queue
[2025-12-01T20:30:01.793+0300] {logging_mixin.py:137} INFO - [2025-12-01T20:30:01.793+0300] {dagbag.py:532} INFO - Filling up the DagBag from /home/pker/airflow_env/lib/python3.7/site-packages/airflow/example_dags/example_trigger_controller_dag.py
[2025-12-01T20:30:01.815+0300] {processor.py:753} INFO - DAG(s) dict_keys(['example_trigger_controller_dag']) retrieved from /home/pker/airflow_env/lib/python3.7/site-packages/airflow/example_dags/example_trigger_controller_dag.py
[2025-12-01T20:30:01.844+0300] {logging_mixin.py:137} INFO - [2025-12-01T20:30:01.843+0300] {dag.py:2705} INFO - Sync 1 DAGs
[2025-12-01T20:30:01.870+0300] {logging_mixin.py:137} INFO - [2025-12-01T20:30:01.870+0300] {dag.py:3456} INFO - Setting next_dagrun for example_trigger_controller_dag to 2021-01-01T00:00:00+00:00, run_after=2021-01-01T00:00:00+00:00
[2025-12-01T20:30:01.900+0300] {processor.py:175} INFO - Processing /home/pker/airflow_env/lib/python3.7/site-packages/airflow/example_dags/example_trigger_controller_dag.py took 0.138 seconds
[2025-12-01T20:30:53.697+0300] {processor.py:153} INFO - Started process (PID=923066) to work on /home/pker/airflow_env/lib/python3.7/site-packages/airflow/example_dags/example_trigger_controller_dag.py
[2025-12-01T20:30:53.721+0300] {processor.py:743} INFO - Processing file /home/pker/airflow_env/lib/python3.7/site-packages/airflow/example_dags/example_trigger_controller_dag.py for tasks to queue
[2025-12-01T20:30:53.723+0300] {logging_mixin.py:137} INFO - [2025-12-01T20:30:53.723+0300] {dagbag.py:532} INFO - Filling up the DagBag from /home/pker/airflow_env/lib/python3.7/site-packages/airflow/example_dags/example_trigger_controller_dag.py
[2025-12-01T20:30:53.742+0300] {processor.py:753} INFO - DAG(s) dict_keys(['example_trigger_controller_dag']) retrieved from /home/pker/airflow_env/lib/python3.7/site-packages/airflow/example_dags/example_trigger_controller_dag.py
[2025-12-01T20:30:53.772+0300] {logging_mixin.py:137} INFO - [2025-12-01T20:30:53.772+0300] {dag.py:2705} INFO - Sync 1 DAGs
[2025-12-01T20:30:53.798+0300] {logging_mixin.py:137} INFO - [2025-12-01T20:30:53.798+0300] {dag.py:3456} INFO - Setting next_dagrun for example_trigger_controller_dag to 2021-01-01T00:00:00+00:00, run_after=2021-01-01T00:00:00+00:00
[2025-12-01T20:30:53.830+0300] {processor.py:175} INFO - Processing /home/pker/airflow_env/lib/python3.7/site-packages/airflow/example_dags/example_trigger_controller_dag.py took 0.139 seconds
