[2025-12-01T13:02:50.291+0300] {processor.py:153} INFO - Started process (PID=912878) to work on /home/pker/airflow_env/lib/python3.7/site-packages/airflow/example_dags/tutorial_dag.py
[2025-12-01T13:02:50.292+0300] {processor.py:743} INFO - Processing file /home/pker/airflow_env/lib/python3.7/site-packages/airflow/example_dags/tutorial_dag.py for tasks to queue
[2025-12-01T13:02:50.294+0300] {logging_mixin.py:137} INFO - [2025-12-01T13:02:50.294+0300] {dagbag.py:532} INFO - Filling up the DagBag from /home/pker/airflow_env/lib/python3.7/site-packages/airflow/example_dags/tutorial_dag.py
[2025-12-01T13:02:50.311+0300] {processor.py:753} INFO - DAG(s) dict_keys(['tutorial_dag']) retrieved from /home/pker/airflow_env/lib/python3.7/site-packages/airflow/example_dags/tutorial_dag.py
[2025-12-01T13:02:50.401+0300] {logging_mixin.py:137} INFO - [2025-12-01T13:02:50.400+0300] {dag.py:2705} INFO - Sync 1 DAGs
[2025-12-01T13:02:50.435+0300] {logging_mixin.py:137} INFO - [2025-12-01T13:02:50.435+0300] {dag.py:3456} INFO - Setting next_dagrun for tutorial_dag to None, run_after=None
[2025-12-01T13:02:50.497+0300] {processor.py:175} INFO - Processing /home/pker/airflow_env/lib/python3.7/site-packages/airflow/example_dags/tutorial_dag.py took 0.209 seconds
[2025-12-01T20:14:37.818+0300] {processor.py:153} INFO - Started process (PID=919359) to work on /home/pker/airflow_env/lib/python3.7/site-packages/airflow/example_dags/tutorial_dag.py
[2025-12-01T20:14:37.822+0300] {processor.py:743} INFO - Processing file /home/pker/airflow_env/lib/python3.7/site-packages/airflow/example_dags/tutorial_dag.py for tasks to queue
[2025-12-01T20:14:37.825+0300] {logging_mixin.py:137} INFO - [2025-12-01T20:14:37.824+0300] {dagbag.py:532} INFO - Filling up the DagBag from /home/pker/airflow_env/lib/python3.7/site-packages/airflow/example_dags/tutorial_dag.py
[2025-12-01T20:14:37.849+0300] {processor.py:753} INFO - DAG(s) dict_keys(['tutorial_dag']) retrieved from /home/pker/airflow_env/lib/python3.7/site-packages/airflow/example_dags/tutorial_dag.py
[2025-12-01T20:14:37.878+0300] {logging_mixin.py:137} INFO - [2025-12-01T20:14:37.877+0300] {dag.py:2705} INFO - Sync 1 DAGs
[2025-12-01T20:14:37.911+0300] {logging_mixin.py:137} INFO - [2025-12-01T20:14:37.911+0300] {dag.py:3456} INFO - Setting next_dagrun for tutorial_dag to None, run_after=None
[2025-12-01T20:14:37.953+0300] {processor.py:175} INFO - Processing /home/pker/airflow_env/lib/python3.7/site-packages/airflow/example_dags/tutorial_dag.py took 0.140 seconds
[2025-12-01T20:15:37.562+0300] {processor.py:153} INFO - Started process (PID=919720) to work on /home/pker/airflow_env/lib/python3.7/site-packages/airflow/example_dags/tutorial_dag.py
[2025-12-01T20:15:37.586+0300] {processor.py:743} INFO - Processing file /home/pker/airflow_env/lib/python3.7/site-packages/airflow/example_dags/tutorial_dag.py for tasks to queue
[2025-12-01T20:15:37.588+0300] {logging_mixin.py:137} INFO - [2025-12-01T20:15:37.588+0300] {dagbag.py:532} INFO - Filling up the DagBag from /home/pker/airflow_env/lib/python3.7/site-packages/airflow/example_dags/tutorial_dag.py
[2025-12-01T20:15:37.614+0300] {processor.py:753} INFO - DAG(s) dict_keys(['tutorial_dag']) retrieved from /home/pker/airflow_env/lib/python3.7/site-packages/airflow/example_dags/tutorial_dag.py
[2025-12-01T20:15:37.645+0300] {logging_mixin.py:137} INFO - [2025-12-01T20:15:37.645+0300] {dag.py:2705} INFO - Sync 1 DAGs
[2025-12-01T20:15:37.678+0300] {logging_mixin.py:137} INFO - [2025-12-01T20:15:37.678+0300] {dag.py:3456} INFO - Setting next_dagrun for tutorial_dag to None, run_after=None
[2025-12-01T20:15:37.713+0300] {processor.py:175} INFO - Processing /home/pker/airflow_env/lib/python3.7/site-packages/airflow/example_dags/tutorial_dag.py took 0.156 seconds
[2025-12-01T20:16:32.076+0300] {processor.py:153} INFO - Started process (PID=919912) to work on /home/pker/airflow_env/lib/python3.7/site-packages/airflow/example_dags/tutorial_dag.py
[2025-12-01T20:16:32.099+0300] {processor.py:743} INFO - Processing file /home/pker/airflow_env/lib/python3.7/site-packages/airflow/example_dags/tutorial_dag.py for tasks to queue
[2025-12-01T20:16:32.101+0300] {logging_mixin.py:137} INFO - [2025-12-01T20:16:32.101+0300] {dagbag.py:532} INFO - Filling up the DagBag from /home/pker/airflow_env/lib/python3.7/site-packages/airflow/example_dags/tutorial_dag.py
[2025-12-01T20:16:32.125+0300] {processor.py:753} INFO - DAG(s) dict_keys(['tutorial_dag']) retrieved from /home/pker/airflow_env/lib/python3.7/site-packages/airflow/example_dags/tutorial_dag.py
[2025-12-01T20:16:32.152+0300] {logging_mixin.py:137} INFO - [2025-12-01T20:16:32.152+0300] {dag.py:2705} INFO - Sync 1 DAGs
[2025-12-01T20:16:32.180+0300] {logging_mixin.py:137} INFO - [2025-12-01T20:16:32.180+0300] {dag.py:3456} INFO - Setting next_dagrun for tutorial_dag to None, run_after=None
[2025-12-01T20:16:32.211+0300] {processor.py:175} INFO - Processing /home/pker/airflow_env/lib/python3.7/site-packages/airflow/example_dags/tutorial_dag.py took 0.140 seconds
[2025-12-01T20:17:24.642+0300] {processor.py:153} INFO - Started process (PID=920100) to work on /home/pker/airflow_env/lib/python3.7/site-packages/airflow/example_dags/tutorial_dag.py
[2025-12-01T20:17:24.649+0300] {processor.py:743} INFO - Processing file /home/pker/airflow_env/lib/python3.7/site-packages/airflow/example_dags/tutorial_dag.py for tasks to queue
[2025-12-01T20:17:24.651+0300] {logging_mixin.py:137} INFO - [2025-12-01T20:17:24.651+0300] {dagbag.py:532} INFO - Filling up the DagBag from /home/pker/airflow_env/lib/python3.7/site-packages/airflow/example_dags/tutorial_dag.py
[2025-12-01T20:17:24.674+0300] {processor.py:753} INFO - DAG(s) dict_keys(['tutorial_dag']) retrieved from /home/pker/airflow_env/lib/python3.7/site-packages/airflow/example_dags/tutorial_dag.py
[2025-12-01T20:17:24.701+0300] {logging_mixin.py:137} INFO - [2025-12-01T20:17:24.701+0300] {dag.py:2705} INFO - Sync 1 DAGs
[2025-12-01T20:17:24.727+0300] {logging_mixin.py:137} INFO - [2025-12-01T20:17:24.727+0300] {dag.py:3456} INFO - Setting next_dagrun for tutorial_dag to None, run_after=None
[2025-12-01T20:17:24.761+0300] {processor.py:175} INFO - Processing /home/pker/airflow_env/lib/python3.7/site-packages/airflow/example_dags/tutorial_dag.py took 0.124 seconds
[2025-12-01T20:18:14.249+0300] {processor.py:153} INFO - Started process (PID=920280) to work on /home/pker/airflow_env/lib/python3.7/site-packages/airflow/example_dags/tutorial_dag.py
[2025-12-01T20:18:14.272+0300] {processor.py:743} INFO - Processing file /home/pker/airflow_env/lib/python3.7/site-packages/airflow/example_dags/tutorial_dag.py for tasks to queue
[2025-12-01T20:18:14.273+0300] {logging_mixin.py:137} INFO - [2025-12-01T20:18:14.273+0300] {dagbag.py:532} INFO - Filling up the DagBag from /home/pker/airflow_env/lib/python3.7/site-packages/airflow/example_dags/tutorial_dag.py
[2025-12-01T20:18:14.293+0300] {processor.py:753} INFO - DAG(s) dict_keys(['tutorial_dag']) retrieved from /home/pker/airflow_env/lib/python3.7/site-packages/airflow/example_dags/tutorial_dag.py
[2025-12-01T20:18:14.318+0300] {logging_mixin.py:137} INFO - [2025-12-01T20:18:14.318+0300] {dag.py:2705} INFO - Sync 1 DAGs
[2025-12-01T20:18:14.347+0300] {logging_mixin.py:137} INFO - [2025-12-01T20:18:14.347+0300] {dag.py:3456} INFO - Setting next_dagrun for tutorial_dag to None, run_after=None
[2025-12-01T20:18:14.385+0300] {processor.py:175} INFO - Processing /home/pker/airflow_env/lib/python3.7/site-packages/airflow/example_dags/tutorial_dag.py took 0.142 seconds
[2025-12-01T20:19:02.982+0300] {processor.py:153} INFO - Started process (PID=920453) to work on /home/pker/airflow_env/lib/python3.7/site-packages/airflow/example_dags/tutorial_dag.py
[2025-12-01T20:19:03.004+0300] {processor.py:743} INFO - Processing file /home/pker/airflow_env/lib/python3.7/site-packages/airflow/example_dags/tutorial_dag.py for tasks to queue
[2025-12-01T20:19:03.005+0300] {logging_mixin.py:137} INFO - [2025-12-01T20:19:03.005+0300] {dagbag.py:532} INFO - Filling up the DagBag from /home/pker/airflow_env/lib/python3.7/site-packages/airflow/example_dags/tutorial_dag.py
[2025-12-01T20:19:03.023+0300] {processor.py:753} INFO - DAG(s) dict_keys(['tutorial_dag']) retrieved from /home/pker/airflow_env/lib/python3.7/site-packages/airflow/example_dags/tutorial_dag.py
[2025-12-01T20:19:03.049+0300] {logging_mixin.py:137} INFO - [2025-12-01T20:19:03.049+0300] {dag.py:2705} INFO - Sync 1 DAGs
[2025-12-01T20:19:03.075+0300] {logging_mixin.py:137} INFO - [2025-12-01T20:19:03.075+0300] {dag.py:3456} INFO - Setting next_dagrun for tutorial_dag to None, run_after=None
[2025-12-01T20:19:03.106+0300] {processor.py:175} INFO - Processing /home/pker/airflow_env/lib/python3.7/site-packages/airflow/example_dags/tutorial_dag.py took 0.132 seconds
[2025-12-01T20:19:49.024+0300] {processor.py:153} INFO - Started process (PID=920648) to work on /home/pker/airflow_env/lib/python3.7/site-packages/airflow/example_dags/tutorial_dag.py
[2025-12-01T20:19:49.047+0300] {processor.py:743} INFO - Processing file /home/pker/airflow_env/lib/python3.7/site-packages/airflow/example_dags/tutorial_dag.py for tasks to queue
[2025-12-01T20:19:49.050+0300] {logging_mixin.py:137} INFO - [2025-12-01T20:19:49.050+0300] {dagbag.py:532} INFO - Filling up the DagBag from /home/pker/airflow_env/lib/python3.7/site-packages/airflow/example_dags/tutorial_dag.py
[2025-12-01T20:19:49.075+0300] {processor.py:753} INFO - DAG(s) dict_keys(['tutorial_dag']) retrieved from /home/pker/airflow_env/lib/python3.7/site-packages/airflow/example_dags/tutorial_dag.py
[2025-12-01T20:19:49.107+0300] {logging_mixin.py:137} INFO - [2025-12-01T20:19:49.107+0300] {dag.py:2705} INFO - Sync 1 DAGs
[2025-12-01T20:19:49.141+0300] {logging_mixin.py:137} INFO - [2025-12-01T20:19:49.141+0300] {dag.py:3456} INFO - Setting next_dagrun for tutorial_dag to None, run_after=None
[2025-12-01T20:19:49.194+0300] {processor.py:175} INFO - Processing /home/pker/airflow_env/lib/python3.7/site-packages/airflow/example_dags/tutorial_dag.py took 0.174 seconds
[2025-12-01T20:20:36.771+0300] {processor.py:153} INFO - Started process (PID=920812) to work on /home/pker/airflow_env/lib/python3.7/site-packages/airflow/example_dags/tutorial_dag.py
[2025-12-01T20:20:36.793+0300] {processor.py:743} INFO - Processing file /home/pker/airflow_env/lib/python3.7/site-packages/airflow/example_dags/tutorial_dag.py for tasks to queue
[2025-12-01T20:20:36.794+0300] {logging_mixin.py:137} INFO - [2025-12-01T20:20:36.794+0300] {dagbag.py:532} INFO - Filling up the DagBag from /home/pker/airflow_env/lib/python3.7/site-packages/airflow/example_dags/tutorial_dag.py
[2025-12-01T20:20:36.815+0300] {processor.py:753} INFO - DAG(s) dict_keys(['tutorial_dag']) retrieved from /home/pker/airflow_env/lib/python3.7/site-packages/airflow/example_dags/tutorial_dag.py
[2025-12-01T20:20:36.847+0300] {logging_mixin.py:137} INFO - [2025-12-01T20:20:36.846+0300] {dag.py:2705} INFO - Sync 1 DAGs
[2025-12-01T20:20:36.880+0300] {logging_mixin.py:137} INFO - [2025-12-01T20:20:36.879+0300] {dag.py:3456} INFO - Setting next_dagrun for tutorial_dag to None, run_after=None
[2025-12-01T20:20:36.912+0300] {processor.py:175} INFO - Processing /home/pker/airflow_env/lib/python3.7/site-packages/airflow/example_dags/tutorial_dag.py took 0.145 seconds
[2025-12-01T20:21:23.311+0300] {processor.py:153} INFO - Started process (PID=920983) to work on /home/pker/airflow_env/lib/python3.7/site-packages/airflow/example_dags/tutorial_dag.py
[2025-12-01T20:21:23.334+0300] {processor.py:743} INFO - Processing file /home/pker/airflow_env/lib/python3.7/site-packages/airflow/example_dags/tutorial_dag.py for tasks to queue
[2025-12-01T20:21:23.336+0300] {logging_mixin.py:137} INFO - [2025-12-01T20:21:23.335+0300] {dagbag.py:532} INFO - Filling up the DagBag from /home/pker/airflow_env/lib/python3.7/site-packages/airflow/example_dags/tutorial_dag.py
[2025-12-01T20:21:23.358+0300] {processor.py:753} INFO - DAG(s) dict_keys(['tutorial_dag']) retrieved from /home/pker/airflow_env/lib/python3.7/site-packages/airflow/example_dags/tutorial_dag.py
[2025-12-01T20:21:23.385+0300] {logging_mixin.py:137} INFO - [2025-12-01T20:21:23.385+0300] {dag.py:2705} INFO - Sync 1 DAGs
[2025-12-01T20:21:23.411+0300] {logging_mixin.py:137} INFO - [2025-12-01T20:21:23.411+0300] {dag.py:3456} INFO - Setting next_dagrun for tutorial_dag to None, run_after=None
[2025-12-01T20:21:23.446+0300] {processor.py:175} INFO - Processing /home/pker/airflow_env/lib/python3.7/site-packages/airflow/example_dags/tutorial_dag.py took 0.140 seconds
[2025-12-01T20:22:13.067+0300] {processor.py:153} INFO - Started process (PID=921152) to work on /home/pker/airflow_env/lib/python3.7/site-packages/airflow/example_dags/tutorial_dag.py
[2025-12-01T20:22:13.089+0300] {processor.py:743} INFO - Processing file /home/pker/airflow_env/lib/python3.7/site-packages/airflow/example_dags/tutorial_dag.py for tasks to queue
[2025-12-01T20:22:13.091+0300] {logging_mixin.py:137} INFO - [2025-12-01T20:22:13.091+0300] {dagbag.py:532} INFO - Filling up the DagBag from /home/pker/airflow_env/lib/python3.7/site-packages/airflow/example_dags/tutorial_dag.py
[2025-12-01T20:22:13.112+0300] {processor.py:753} INFO - DAG(s) dict_keys(['tutorial_dag']) retrieved from /home/pker/airflow_env/lib/python3.7/site-packages/airflow/example_dags/tutorial_dag.py
[2025-12-01T20:22:13.141+0300] {logging_mixin.py:137} INFO - [2025-12-01T20:22:13.141+0300] {dag.py:2705} INFO - Sync 1 DAGs
[2025-12-01T20:22:13.168+0300] {logging_mixin.py:137} INFO - [2025-12-01T20:22:13.168+0300] {dag.py:3456} INFO - Setting next_dagrun for tutorial_dag to None, run_after=None
[2025-12-01T20:22:13.197+0300] {processor.py:175} INFO - Processing /home/pker/airflow_env/lib/python3.7/site-packages/airflow/example_dags/tutorial_dag.py took 0.136 seconds
[2025-12-01T20:23:02.163+0300] {processor.py:153} INFO - Started process (PID=921333) to work on /home/pker/airflow_env/lib/python3.7/site-packages/airflow/example_dags/tutorial_dag.py
[2025-12-01T20:23:02.186+0300] {processor.py:743} INFO - Processing file /home/pker/airflow_env/lib/python3.7/site-packages/airflow/example_dags/tutorial_dag.py for tasks to queue
[2025-12-01T20:23:02.189+0300] {logging_mixin.py:137} INFO - [2025-12-01T20:23:02.188+0300] {dagbag.py:532} INFO - Filling up the DagBag from /home/pker/airflow_env/lib/python3.7/site-packages/airflow/example_dags/tutorial_dag.py
[2025-12-01T20:23:02.211+0300] {processor.py:753} INFO - DAG(s) dict_keys(['tutorial_dag']) retrieved from /home/pker/airflow_env/lib/python3.7/site-packages/airflow/example_dags/tutorial_dag.py
[2025-12-01T20:23:02.239+0300] {logging_mixin.py:137} INFO - [2025-12-01T20:23:02.239+0300] {dag.py:2705} INFO - Sync 1 DAGs
[2025-12-01T20:23:02.265+0300] {logging_mixin.py:137} INFO - [2025-12-01T20:23:02.264+0300] {dag.py:3456} INFO - Setting next_dagrun for tutorial_dag to None, run_after=None
[2025-12-01T20:23:02.309+0300] {processor.py:175} INFO - Processing /home/pker/airflow_env/lib/python3.7/site-packages/airflow/example_dags/tutorial_dag.py took 0.150 seconds
[2025-12-01T20:23:54.615+0300] {processor.py:153} INFO - Started process (PID=921520) to work on /home/pker/airflow_env/lib/python3.7/site-packages/airflow/example_dags/tutorial_dag.py
[2025-12-01T20:23:54.618+0300] {processor.py:743} INFO - Processing file /home/pker/airflow_env/lib/python3.7/site-packages/airflow/example_dags/tutorial_dag.py for tasks to queue
[2025-12-01T20:23:54.619+0300] {logging_mixin.py:137} INFO - [2025-12-01T20:23:54.619+0300] {dagbag.py:532} INFO - Filling up the DagBag from /home/pker/airflow_env/lib/python3.7/site-packages/airflow/example_dags/tutorial_dag.py
[2025-12-01T20:23:54.646+0300] {processor.py:753} INFO - DAG(s) dict_keys(['tutorial_dag']) retrieved from /home/pker/airflow_env/lib/python3.7/site-packages/airflow/example_dags/tutorial_dag.py
[2025-12-01T20:23:54.697+0300] {logging_mixin.py:137} INFO - [2025-12-01T20:23:54.696+0300] {dag.py:2705} INFO - Sync 1 DAGs
[2025-12-01T20:23:54.748+0300] {logging_mixin.py:137} INFO - [2025-12-01T20:23:54.747+0300] {dag.py:3456} INFO - Setting next_dagrun for tutorial_dag to None, run_after=None
[2025-12-01T20:23:54.817+0300] {processor.py:175} INFO - Processing /home/pker/airflow_env/lib/python3.7/site-packages/airflow/example_dags/tutorial_dag.py took 0.207 seconds
[2025-12-01T20:24:45.058+0300] {processor.py:153} INFO - Started process (PID=921715) to work on /home/pker/airflow_env/lib/python3.7/site-packages/airflow/example_dags/tutorial_dag.py
[2025-12-01T20:24:45.080+0300] {processor.py:743} INFO - Processing file /home/pker/airflow_env/lib/python3.7/site-packages/airflow/example_dags/tutorial_dag.py for tasks to queue
[2025-12-01T20:24:45.083+0300] {logging_mixin.py:137} INFO - [2025-12-01T20:24:45.083+0300] {dagbag.py:532} INFO - Filling up the DagBag from /home/pker/airflow_env/lib/python3.7/site-packages/airflow/example_dags/tutorial_dag.py
[2025-12-01T20:24:45.105+0300] {processor.py:753} INFO - DAG(s) dict_keys(['tutorial_dag']) retrieved from /home/pker/airflow_env/lib/python3.7/site-packages/airflow/example_dags/tutorial_dag.py
[2025-12-01T20:24:45.133+0300] {logging_mixin.py:137} INFO - [2025-12-01T20:24:45.133+0300] {dag.py:2705} INFO - Sync 1 DAGs
[2025-12-01T20:24:45.160+0300] {logging_mixin.py:137} INFO - [2025-12-01T20:24:45.160+0300] {dag.py:3456} INFO - Setting next_dagrun for tutorial_dag to None, run_after=None
[2025-12-01T20:24:45.202+0300] {processor.py:175} INFO - Processing /home/pker/airflow_env/lib/python3.7/site-packages/airflow/example_dags/tutorial_dag.py took 0.151 seconds
[2025-12-01T20:25:35.345+0300] {processor.py:153} INFO - Started process (PID=921901) to work on /home/pker/airflow_env/lib/python3.7/site-packages/airflow/example_dags/tutorial_dag.py
[2025-12-01T20:25:35.347+0300] {processor.py:743} INFO - Processing file /home/pker/airflow_env/lib/python3.7/site-packages/airflow/example_dags/tutorial_dag.py for tasks to queue
[2025-12-01T20:25:35.348+0300] {logging_mixin.py:137} INFO - [2025-12-01T20:25:35.348+0300] {dagbag.py:532} INFO - Filling up the DagBag from /home/pker/airflow_env/lib/python3.7/site-packages/airflow/example_dags/tutorial_dag.py
[2025-12-01T20:25:35.369+0300] {processor.py:753} INFO - DAG(s) dict_keys(['tutorial_dag']) retrieved from /home/pker/airflow_env/lib/python3.7/site-packages/airflow/example_dags/tutorial_dag.py
[2025-12-01T20:25:35.393+0300] {logging_mixin.py:137} INFO - [2025-12-01T20:25:35.393+0300] {dag.py:2705} INFO - Sync 1 DAGs
[2025-12-01T20:25:35.419+0300] {logging_mixin.py:137} INFO - [2025-12-01T20:25:35.419+0300] {dag.py:3456} INFO - Setting next_dagrun for tutorial_dag to None, run_after=None
[2025-12-01T20:25:35.455+0300] {processor.py:175} INFO - Processing /home/pker/airflow_env/lib/python3.7/site-packages/airflow/example_dags/tutorial_dag.py took 0.115 seconds
[2025-12-01T20:26:21.063+0300] {processor.py:153} INFO - Started process (PID=922058) to work on /home/pker/airflow_env/lib/python3.7/site-packages/airflow/example_dags/tutorial_dag.py
[2025-12-01T20:26:21.087+0300] {processor.py:743} INFO - Processing file /home/pker/airflow_env/lib/python3.7/site-packages/airflow/example_dags/tutorial_dag.py for tasks to queue
[2025-12-01T20:26:21.089+0300] {logging_mixin.py:137} INFO - [2025-12-01T20:26:21.089+0300] {dagbag.py:532} INFO - Filling up the DagBag from /home/pker/airflow_env/lib/python3.7/site-packages/airflow/example_dags/tutorial_dag.py
[2025-12-01T20:26:21.114+0300] {processor.py:753} INFO - DAG(s) dict_keys(['tutorial_dag']) retrieved from /home/pker/airflow_env/lib/python3.7/site-packages/airflow/example_dags/tutorial_dag.py
[2025-12-01T20:26:21.143+0300] {logging_mixin.py:137} INFO - [2025-12-01T20:26:21.143+0300] {dag.py:2705} INFO - Sync 1 DAGs
[2025-12-01T20:26:21.171+0300] {logging_mixin.py:137} INFO - [2025-12-01T20:26:21.171+0300] {dag.py:3456} INFO - Setting next_dagrun for tutorial_dag to None, run_after=None
[2025-12-01T20:26:21.210+0300] {processor.py:175} INFO - Processing /home/pker/airflow_env/lib/python3.7/site-packages/airflow/example_dags/tutorial_dag.py took 0.153 seconds
[2025-12-01T20:27:05.086+0300] {processor.py:153} INFO - Started process (PID=922223) to work on /home/pker/airflow_env/lib/python3.7/site-packages/airflow/example_dags/tutorial_dag.py
[2025-12-01T20:27:05.108+0300] {processor.py:743} INFO - Processing file /home/pker/airflow_env/lib/python3.7/site-packages/airflow/example_dags/tutorial_dag.py for tasks to queue
[2025-12-01T20:27:05.110+0300] {logging_mixin.py:137} INFO - [2025-12-01T20:27:05.110+0300] {dagbag.py:532} INFO - Filling up the DagBag from /home/pker/airflow_env/lib/python3.7/site-packages/airflow/example_dags/tutorial_dag.py
[2025-12-01T20:27:05.131+0300] {processor.py:753} INFO - DAG(s) dict_keys(['tutorial_dag']) retrieved from /home/pker/airflow_env/lib/python3.7/site-packages/airflow/example_dags/tutorial_dag.py
[2025-12-01T20:27:05.162+0300] {logging_mixin.py:137} INFO - [2025-12-01T20:27:05.162+0300] {dag.py:2705} INFO - Sync 1 DAGs
[2025-12-01T20:27:05.202+0300] {logging_mixin.py:137} INFO - [2025-12-01T20:27:05.202+0300] {dag.py:3456} INFO - Setting next_dagrun for tutorial_dag to None, run_after=None
[2025-12-01T20:27:05.239+0300] {processor.py:175} INFO - Processing /home/pker/airflow_env/lib/python3.7/site-packages/airflow/example_dags/tutorial_dag.py took 0.157 seconds
[2025-12-01T20:27:56.036+0300] {processor.py:153} INFO - Started process (PID=922405) to work on /home/pker/airflow_env/lib/python3.7/site-packages/airflow/example_dags/tutorial_dag.py
[2025-12-01T20:27:56.039+0300] {processor.py:743} INFO - Processing file /home/pker/airflow_env/lib/python3.7/site-packages/airflow/example_dags/tutorial_dag.py for tasks to queue
[2025-12-01T20:27:56.040+0300] {logging_mixin.py:137} INFO - [2025-12-01T20:27:56.040+0300] {dagbag.py:532} INFO - Filling up the DagBag from /home/pker/airflow_env/lib/python3.7/site-packages/airflow/example_dags/tutorial_dag.py
[2025-12-01T20:27:56.060+0300] {processor.py:753} INFO - DAG(s) dict_keys(['tutorial_dag']) retrieved from /home/pker/airflow_env/lib/python3.7/site-packages/airflow/example_dags/tutorial_dag.py
[2025-12-01T20:27:56.091+0300] {logging_mixin.py:137} INFO - [2025-12-01T20:27:56.091+0300] {dag.py:2705} INFO - Sync 1 DAGs
[2025-12-01T20:27:56.128+0300] {logging_mixin.py:137} INFO - [2025-12-01T20:27:56.128+0300] {dag.py:3456} INFO - Setting next_dagrun for tutorial_dag to None, run_after=None
[2025-12-01T20:27:56.168+0300] {processor.py:175} INFO - Processing /home/pker/airflow_env/lib/python3.7/site-packages/airflow/example_dags/tutorial_dag.py took 0.139 seconds
[2025-12-01T20:28:40.848+0300] {processor.py:153} INFO - Started process (PID=922572) to work on /home/pker/airflow_env/lib/python3.7/site-packages/airflow/example_dags/tutorial_dag.py
[2025-12-01T20:28:40.870+0300] {processor.py:743} INFO - Processing file /home/pker/airflow_env/lib/python3.7/site-packages/airflow/example_dags/tutorial_dag.py for tasks to queue
[2025-12-01T20:28:40.872+0300] {logging_mixin.py:137} INFO - [2025-12-01T20:28:40.872+0300] {dagbag.py:532} INFO - Filling up the DagBag from /home/pker/airflow_env/lib/python3.7/site-packages/airflow/example_dags/tutorial_dag.py
[2025-12-01T20:28:40.895+0300] {processor.py:753} INFO - DAG(s) dict_keys(['tutorial_dag']) retrieved from /home/pker/airflow_env/lib/python3.7/site-packages/airflow/example_dags/tutorial_dag.py
[2025-12-01T20:28:40.928+0300] {logging_mixin.py:137} INFO - [2025-12-01T20:28:40.927+0300] {dag.py:2705} INFO - Sync 1 DAGs
[2025-12-01T20:28:40.956+0300] {logging_mixin.py:137} INFO - [2025-12-01T20:28:40.956+0300] {dag.py:3456} INFO - Setting next_dagrun for tutorial_dag to None, run_after=None
[2025-12-01T20:28:40.996+0300] {processor.py:175} INFO - Processing /home/pker/airflow_env/lib/python3.7/site-packages/airflow/example_dags/tutorial_dag.py took 0.153 seconds
[2025-12-01T20:29:26.645+0300] {processor.py:153} INFO - Started process (PID=922756) to work on /home/pker/airflow_env/lib/python3.7/site-packages/airflow/example_dags/tutorial_dag.py
[2025-12-01T20:29:26.666+0300] {processor.py:743} INFO - Processing file /home/pker/airflow_env/lib/python3.7/site-packages/airflow/example_dags/tutorial_dag.py for tasks to queue
[2025-12-01T20:29:26.667+0300] {logging_mixin.py:137} INFO - [2025-12-01T20:29:26.667+0300] {dagbag.py:532} INFO - Filling up the DagBag from /home/pker/airflow_env/lib/python3.7/site-packages/airflow/example_dags/tutorial_dag.py
[2025-12-01T20:29:26.689+0300] {processor.py:753} INFO - DAG(s) dict_keys(['tutorial_dag']) retrieved from /home/pker/airflow_env/lib/python3.7/site-packages/airflow/example_dags/tutorial_dag.py
[2025-12-01T20:29:26.712+0300] {logging_mixin.py:137} INFO - [2025-12-01T20:29:26.712+0300] {dag.py:2705} INFO - Sync 1 DAGs
[2025-12-01T20:29:26.738+0300] {logging_mixin.py:137} INFO - [2025-12-01T20:29:26.738+0300] {dag.py:3456} INFO - Setting next_dagrun for tutorial_dag to None, run_after=None
[2025-12-01T20:29:26.767+0300] {processor.py:175} INFO - Processing /home/pker/airflow_env/lib/python3.7/site-packages/airflow/example_dags/tutorial_dag.py took 0.129 seconds
[2025-12-01T20:30:15.947+0300] {processor.py:153} INFO - Started process (PID=922933) to work on /home/pker/airflow_env/lib/python3.7/site-packages/airflow/example_dags/tutorial_dag.py
[2025-12-01T20:30:15.971+0300] {processor.py:743} INFO - Processing file /home/pker/airflow_env/lib/python3.7/site-packages/airflow/example_dags/tutorial_dag.py for tasks to queue
[2025-12-01T20:30:15.973+0300] {logging_mixin.py:137} INFO - [2025-12-01T20:30:15.973+0300] {dagbag.py:532} INFO - Filling up the DagBag from /home/pker/airflow_env/lib/python3.7/site-packages/airflow/example_dags/tutorial_dag.py
[2025-12-01T20:30:15.997+0300] {processor.py:753} INFO - DAG(s) dict_keys(['tutorial_dag']) retrieved from /home/pker/airflow_env/lib/python3.7/site-packages/airflow/example_dags/tutorial_dag.py
[2025-12-01T20:30:16.026+0300] {logging_mixin.py:137} INFO - [2025-12-01T20:30:16.026+0300] {dag.py:2705} INFO - Sync 1 DAGs
[2025-12-01T20:30:16.059+0300] {logging_mixin.py:137} INFO - [2025-12-01T20:30:16.059+0300] {dag.py:3456} INFO - Setting next_dagrun for tutorial_dag to None, run_after=None
[2025-12-01T20:30:16.090+0300] {processor.py:175} INFO - Processing /home/pker/airflow_env/lib/python3.7/site-packages/airflow/example_dags/tutorial_dag.py took 0.147 seconds
[2025-12-01T20:31:08.198+0300] {processor.py:153} INFO - Started process (PID=923121) to work on /home/pker/airflow_env/lib/python3.7/site-packages/airflow/example_dags/tutorial_dag.py
[2025-12-01T20:31:08.202+0300] {processor.py:743} INFO - Processing file /home/pker/airflow_env/lib/python3.7/site-packages/airflow/example_dags/tutorial_dag.py for tasks to queue
[2025-12-01T20:31:08.204+0300] {logging_mixin.py:137} INFO - [2025-12-01T20:31:08.204+0300] {dagbag.py:532} INFO - Filling up the DagBag from /home/pker/airflow_env/lib/python3.7/site-packages/airflow/example_dags/tutorial_dag.py
[2025-12-01T20:31:08.228+0300] {processor.py:753} INFO - DAG(s) dict_keys(['tutorial_dag']) retrieved from /home/pker/airflow_env/lib/python3.7/site-packages/airflow/example_dags/tutorial_dag.py
[2025-12-01T20:31:08.257+0300] {logging_mixin.py:137} INFO - [2025-12-01T20:31:08.257+0300] {dag.py:2705} INFO - Sync 1 DAGs
[2025-12-01T20:31:08.283+0300] {logging_mixin.py:137} INFO - [2025-12-01T20:31:08.283+0300] {dag.py:3456} INFO - Setting next_dagrun for tutorial_dag to None, run_after=None
[2025-12-01T20:31:08.321+0300] {processor.py:175} INFO - Processing /home/pker/airflow_env/lib/python3.7/site-packages/airflow/example_dags/tutorial_dag.py took 0.129 seconds
