[2025-12-01T20:15:14.847+0300] {processor.py:153} INFO - Started process (PID=919621) to work on /home/pker/airflow_env/lib/python3.7/site-packages/airflow/example_dags/tutorial.py
[2025-12-01T20:15:14.848+0300] {processor.py:743} INFO - Processing file /home/pker/airflow_env/lib/python3.7/site-packages/airflow/example_dags/tutorial.py for tasks to queue
[2025-12-01T20:15:14.850+0300] {logging_mixin.py:137} INFO - [2025-12-01T20:15:14.850+0300] {dagbag.py:532} INFO - Filling up the DagBag from /home/pker/airflow_env/lib/python3.7/site-packages/airflow/example_dags/tutorial.py
[2025-12-01T20:15:14.877+0300] {processor.py:753} INFO - DAG(s) dict_keys(['tutorial']) retrieved from /home/pker/airflow_env/lib/python3.7/site-packages/airflow/example_dags/tutorial.py
[2025-12-01T20:15:14.945+0300] {logging_mixin.py:137} INFO - [2025-12-01T20:15:14.945+0300] {dag.py:2705} INFO - Sync 1 DAGs
[2025-12-01T20:15:14.972+0300] {logging_mixin.py:137} INFO - [2025-12-01T20:15:14.972+0300] {dag.py:3456} INFO - Setting next_dagrun for tutorial to 2025-11-30T17:15:14.971774+00:00, run_after=2025-12-01T17:15:14.971774+00:00
[2025-12-01T20:15:15.028+0300] {processor.py:175} INFO - Processing /home/pker/airflow_env/lib/python3.7/site-packages/airflow/example_dags/tutorial.py took 0.188 seconds
[2025-12-01T20:16:10.688+0300] {processor.py:153} INFO - Started process (PID=919838) to work on /home/pker/airflow_env/lib/python3.7/site-packages/airflow/example_dags/tutorial.py
[2025-12-01T20:16:10.710+0300] {processor.py:743} INFO - Processing file /home/pker/airflow_env/lib/python3.7/site-packages/airflow/example_dags/tutorial.py for tasks to queue
[2025-12-01T20:16:10.713+0300] {logging_mixin.py:137} INFO - [2025-12-01T20:16:10.712+0300] {dagbag.py:532} INFO - Filling up the DagBag from /home/pker/airflow_env/lib/python3.7/site-packages/airflow/example_dags/tutorial.py
[2025-12-01T20:16:10.739+0300] {processor.py:753} INFO - DAG(s) dict_keys(['tutorial']) retrieved from /home/pker/airflow_env/lib/python3.7/site-packages/airflow/example_dags/tutorial.py
[2025-12-01T20:16:10.765+0300] {logging_mixin.py:137} INFO - [2025-12-01T20:16:10.765+0300] {dag.py:2705} INFO - Sync 1 DAGs
[2025-12-01T20:16:10.793+0300] {logging_mixin.py:137} INFO - [2025-12-01T20:16:10.793+0300] {dag.py:3456} INFO - Setting next_dagrun for tutorial to 2025-11-30T17:16:10.792996+00:00, run_after=2025-12-01T17:16:10.792996+00:00
[2025-12-01T20:16:10.841+0300] {processor.py:175} INFO - Processing /home/pker/airflow_env/lib/python3.7/site-packages/airflow/example_dags/tutorial.py took 0.159 seconds
[2025-12-01T20:17:06.983+0300] {processor.py:153} INFO - Started process (PID=920037) to work on /home/pker/airflow_env/lib/python3.7/site-packages/airflow/example_dags/tutorial.py
[2025-12-01T20:17:07.005+0300] {processor.py:743} INFO - Processing file /home/pker/airflow_env/lib/python3.7/site-packages/airflow/example_dags/tutorial.py for tasks to queue
[2025-12-01T20:17:07.007+0300] {logging_mixin.py:137} INFO - [2025-12-01T20:17:07.007+0300] {dagbag.py:532} INFO - Filling up the DagBag from /home/pker/airflow_env/lib/python3.7/site-packages/airflow/example_dags/tutorial.py
[2025-12-01T20:17:07.043+0300] {processor.py:753} INFO - DAG(s) dict_keys(['tutorial']) retrieved from /home/pker/airflow_env/lib/python3.7/site-packages/airflow/example_dags/tutorial.py
[2025-12-01T20:17:07.091+0300] {logging_mixin.py:137} INFO - [2025-12-01T20:17:07.090+0300] {dag.py:2705} INFO - Sync 1 DAGs
[2025-12-01T20:17:07.129+0300] {logging_mixin.py:137} INFO - [2025-12-01T20:17:07.129+0300] {dag.py:3456} INFO - Setting next_dagrun for tutorial to 2025-11-30T17:17:07.129321+00:00, run_after=2025-12-01T17:17:07.129321+00:00
[2025-12-01T20:17:07.161+0300] {processor.py:175} INFO - Processing /home/pker/airflow_env/lib/python3.7/site-packages/airflow/example_dags/tutorial.py took 0.184 seconds
[2025-12-01T20:18:00.825+0300] {processor.py:153} INFO - Started process (PID=920225) to work on /home/pker/airflow_env/lib/python3.7/site-packages/airflow/example_dags/tutorial.py
[2025-12-01T20:18:00.829+0300] {processor.py:743} INFO - Processing file /home/pker/airflow_env/lib/python3.7/site-packages/airflow/example_dags/tutorial.py for tasks to queue
[2025-12-01T20:18:00.830+0300] {logging_mixin.py:137} INFO - [2025-12-01T20:18:00.830+0300] {dagbag.py:532} INFO - Filling up the DagBag from /home/pker/airflow_env/lib/python3.7/site-packages/airflow/example_dags/tutorial.py
[2025-12-01T20:18:00.860+0300] {processor.py:753} INFO - DAG(s) dict_keys(['tutorial']) retrieved from /home/pker/airflow_env/lib/python3.7/site-packages/airflow/example_dags/tutorial.py
[2025-12-01T20:18:00.893+0300] {logging_mixin.py:137} INFO - [2025-12-01T20:18:00.893+0300] {dag.py:2705} INFO - Sync 1 DAGs
[2025-12-01T20:18:00.931+0300] {logging_mixin.py:137} INFO - [2025-12-01T20:18:00.931+0300] {dag.py:3456} INFO - Setting next_dagrun for tutorial to 2025-11-30T17:18:00.930823+00:00, run_after=2025-12-01T17:18:00.930823+00:00
[2025-12-01T20:18:00.986+0300] {processor.py:175} INFO - Processing /home/pker/airflow_env/lib/python3.7/site-packages/airflow/example_dags/tutorial.py took 0.166 seconds
[2025-12-01T20:19:12.137+0300] {processor.py:153} INFO - Started process (PID=920484) to work on /home/pker/airflow_env/lib/python3.7/site-packages/airflow/example_dags/tutorial.py
[2025-12-01T20:19:12.141+0300] {processor.py:743} INFO - Processing file /home/pker/airflow_env/lib/python3.7/site-packages/airflow/example_dags/tutorial.py for tasks to queue
[2025-12-01T20:19:12.143+0300] {logging_mixin.py:137} INFO - [2025-12-01T20:19:12.142+0300] {dagbag.py:532} INFO - Filling up the DagBag from /home/pker/airflow_env/lib/python3.7/site-packages/airflow/example_dags/tutorial.py
[2025-12-01T20:19:12.164+0300] {processor.py:753} INFO - DAG(s) dict_keys(['tutorial']) retrieved from /home/pker/airflow_env/lib/python3.7/site-packages/airflow/example_dags/tutorial.py
[2025-12-01T20:19:12.188+0300] {logging_mixin.py:137} INFO - [2025-12-01T20:19:12.188+0300] {dag.py:2705} INFO - Sync 1 DAGs
[2025-12-01T20:19:12.214+0300] {logging_mixin.py:137} INFO - [2025-12-01T20:19:12.214+0300] {dag.py:3456} INFO - Setting next_dagrun for tutorial to 2025-11-30T17:19:12.213914+00:00, run_after=2025-12-01T17:19:12.213914+00:00
[2025-12-01T20:19:12.245+0300] {processor.py:175} INFO - Processing /home/pker/airflow_env/lib/python3.7/site-packages/airflow/example_dags/tutorial.py took 0.114 seconds
[2025-12-01T20:20:22.046+0300] {processor.py:153} INFO - Started process (PID=920764) to work on /home/pker/airflow_env/lib/python3.7/site-packages/airflow/example_dags/tutorial.py
[2025-12-01T20:20:22.069+0300] {processor.py:743} INFO - Processing file /home/pker/airflow_env/lib/python3.7/site-packages/airflow/example_dags/tutorial.py for tasks to queue
[2025-12-01T20:20:22.072+0300] {logging_mixin.py:137} INFO - [2025-12-01T20:20:22.071+0300] {dagbag.py:532} INFO - Filling up the DagBag from /home/pker/airflow_env/lib/python3.7/site-packages/airflow/example_dags/tutorial.py
[2025-12-01T20:20:22.097+0300] {processor.py:753} INFO - DAG(s) dict_keys(['tutorial']) retrieved from /home/pker/airflow_env/lib/python3.7/site-packages/airflow/example_dags/tutorial.py
[2025-12-01T20:20:22.128+0300] {logging_mixin.py:137} INFO - [2025-12-01T20:20:22.127+0300] {dag.py:2705} INFO - Sync 1 DAGs
[2025-12-01T20:20:22.160+0300] {logging_mixin.py:137} INFO - [2025-12-01T20:20:22.160+0300] {dag.py:3456} INFO - Setting next_dagrun for tutorial to 2025-11-30T17:20:22.160237+00:00, run_after=2025-12-01T17:20:22.160237+00:00
[2025-12-01T20:20:22.191+0300] {processor.py:175} INFO - Processing /home/pker/airflow_env/lib/python3.7/site-packages/airflow/example_dags/tutorial.py took 0.151 seconds
[2025-12-01T20:21:32.887+0300] {processor.py:153} INFO - Started process (PID=921015) to work on /home/pker/airflow_env/lib/python3.7/site-packages/airflow/example_dags/tutorial.py
[2025-12-01T20:21:32.911+0300] {processor.py:743} INFO - Processing file /home/pker/airflow_env/lib/python3.7/site-packages/airflow/example_dags/tutorial.py for tasks to queue
[2025-12-01T20:21:32.914+0300] {logging_mixin.py:137} INFO - [2025-12-01T20:21:32.913+0300] {dagbag.py:532} INFO - Filling up the DagBag from /home/pker/airflow_env/lib/python3.7/site-packages/airflow/example_dags/tutorial.py
[2025-12-01T20:21:32.937+0300] {processor.py:753} INFO - DAG(s) dict_keys(['tutorial']) retrieved from /home/pker/airflow_env/lib/python3.7/site-packages/airflow/example_dags/tutorial.py
[2025-12-01T20:21:32.961+0300] {logging_mixin.py:137} INFO - [2025-12-01T20:21:32.961+0300] {dag.py:2705} INFO - Sync 1 DAGs
[2025-12-01T20:21:32.988+0300] {logging_mixin.py:137} INFO - [2025-12-01T20:21:32.988+0300] {dag.py:3456} INFO - Setting next_dagrun for tutorial to 2025-11-30T17:21:32.988426+00:00, run_after=2025-12-01T17:21:32.988426+00:00
[2025-12-01T20:21:33.018+0300] {processor.py:175} INFO - Processing /home/pker/airflow_env/lib/python3.7/site-packages/airflow/example_dags/tutorial.py took 0.136 seconds
[2025-12-01T20:22:48.519+0300] {processor.py:153} INFO - Started process (PID=921279) to work on /home/pker/airflow_env/lib/python3.7/site-packages/airflow/example_dags/tutorial.py
[2025-12-01T20:22:48.525+0300] {processor.py:743} INFO - Processing file /home/pker/airflow_env/lib/python3.7/site-packages/airflow/example_dags/tutorial.py for tasks to queue
[2025-12-01T20:22:48.526+0300] {logging_mixin.py:137} INFO - [2025-12-01T20:22:48.526+0300] {dagbag.py:532} INFO - Filling up the DagBag from /home/pker/airflow_env/lib/python3.7/site-packages/airflow/example_dags/tutorial.py
[2025-12-01T20:22:48.544+0300] {processor.py:753} INFO - DAG(s) dict_keys(['tutorial']) retrieved from /home/pker/airflow_env/lib/python3.7/site-packages/airflow/example_dags/tutorial.py
[2025-12-01T20:22:48.581+0300] {logging_mixin.py:137} INFO - [2025-12-01T20:22:48.581+0300] {dag.py:2705} INFO - Sync 1 DAGs
[2025-12-01T20:22:48.633+0300] {logging_mixin.py:137} INFO - [2025-12-01T20:22:48.632+0300] {dag.py:3456} INFO - Setting next_dagrun for tutorial to 2025-11-30T17:22:48.632383+00:00, run_after=2025-12-01T17:22:48.632383+00:00
[2025-12-01T20:22:48.699+0300] {processor.py:175} INFO - Processing /home/pker/airflow_env/lib/python3.7/site-packages/airflow/example_dags/tutorial.py took 0.184 seconds
[2025-12-01T20:23:41.295+0300] {processor.py:153} INFO - Started process (PID=921472) to work on /home/pker/airflow_env/lib/python3.7/site-packages/airflow/example_dags/tutorial.py
[2025-12-01T20:23:41.317+0300] {processor.py:743} INFO - Processing file /home/pker/airflow_env/lib/python3.7/site-packages/airflow/example_dags/tutorial.py for tasks to queue
[2025-12-01T20:23:41.319+0300] {logging_mixin.py:137} INFO - [2025-12-01T20:23:41.319+0300] {dagbag.py:532} INFO - Filling up the DagBag from /home/pker/airflow_env/lib/python3.7/site-packages/airflow/example_dags/tutorial.py
[2025-12-01T20:23:41.347+0300] {processor.py:753} INFO - DAG(s) dict_keys(['tutorial']) retrieved from /home/pker/airflow_env/lib/python3.7/site-packages/airflow/example_dags/tutorial.py
[2025-12-01T20:23:41.372+0300] {logging_mixin.py:137} INFO - [2025-12-01T20:23:41.372+0300] {dag.py:2705} INFO - Sync 1 DAGs
[2025-12-01T20:23:41.399+0300] {logging_mixin.py:137} INFO - [2025-12-01T20:23:41.399+0300] {dag.py:3456} INFO - Setting next_dagrun for tutorial to 2025-11-30T17:23:41.398762+00:00, run_after=2025-12-01T17:23:41.398762+00:00
[2025-12-01T20:23:41.428+0300] {processor.py:175} INFO - Processing /home/pker/airflow_env/lib/python3.7/site-packages/airflow/example_dags/tutorial.py took 0.144 seconds
[2025-12-01T20:24:57.743+0300] {processor.py:153} INFO - Started process (PID=921764) to work on /home/pker/airflow_env/lib/python3.7/site-packages/airflow/example_dags/tutorial.py
[2025-12-01T20:24:57.764+0300] {processor.py:743} INFO - Processing file /home/pker/airflow_env/lib/python3.7/site-packages/airflow/example_dags/tutorial.py for tasks to queue
[2025-12-01T20:24:57.765+0300] {logging_mixin.py:137} INFO - [2025-12-01T20:24:57.764+0300] {dagbag.py:532} INFO - Filling up the DagBag from /home/pker/airflow_env/lib/python3.7/site-packages/airflow/example_dags/tutorial.py
[2025-12-01T20:24:57.783+0300] {processor.py:753} INFO - DAG(s) dict_keys(['tutorial']) retrieved from /home/pker/airflow_env/lib/python3.7/site-packages/airflow/example_dags/tutorial.py
[2025-12-01T20:24:57.806+0300] {logging_mixin.py:137} INFO - [2025-12-01T20:24:57.806+0300] {dag.py:2705} INFO - Sync 1 DAGs
[2025-12-01T20:24:57.848+0300] {logging_mixin.py:137} INFO - [2025-12-01T20:24:57.847+0300] {dag.py:3456} INFO - Setting next_dagrun for tutorial to 2025-11-30T17:24:57.847643+00:00, run_after=2025-12-01T17:24:57.847643+00:00
[2025-12-01T20:24:57.890+0300] {processor.py:175} INFO - Processing /home/pker/airflow_env/lib/python3.7/site-packages/airflow/example_dags/tutorial.py took 0.155 seconds
[2025-12-01T20:26:07.014+0300] {processor.py:153} INFO - Started process (PID=922013) to work on /home/pker/airflow_env/lib/python3.7/site-packages/airflow/example_dags/tutorial.py
[2025-12-01T20:26:07.035+0300] {processor.py:743} INFO - Processing file /home/pker/airflow_env/lib/python3.7/site-packages/airflow/example_dags/tutorial.py for tasks to queue
[2025-12-01T20:26:07.036+0300] {logging_mixin.py:137} INFO - [2025-12-01T20:26:07.036+0300] {dagbag.py:532} INFO - Filling up the DagBag from /home/pker/airflow_env/lib/python3.7/site-packages/airflow/example_dags/tutorial.py
[2025-12-01T20:26:07.059+0300] {processor.py:753} INFO - DAG(s) dict_keys(['tutorial']) retrieved from /home/pker/airflow_env/lib/python3.7/site-packages/airflow/example_dags/tutorial.py
[2025-12-01T20:26:07.096+0300] {logging_mixin.py:137} INFO - [2025-12-01T20:26:07.095+0300] {dag.py:2705} INFO - Sync 1 DAGs
[2025-12-01T20:26:07.147+0300] {logging_mixin.py:137} INFO - [2025-12-01T20:26:07.147+0300] {dag.py:3456} INFO - Setting next_dagrun for tutorial to 2025-11-30T17:26:07.146971+00:00, run_after=2025-12-01T17:26:07.146971+00:00
[2025-12-01T20:26:07.215+0300] {processor.py:175} INFO - Processing /home/pker/airflow_env/lib/python3.7/site-packages/airflow/example_dags/tutorial.py took 0.205 seconds
[2025-12-01T20:27:18.128+0300] {processor.py:153} INFO - Started process (PID=922267) to work on /home/pker/airflow_env/lib/python3.7/site-packages/airflow/example_dags/tutorial.py
[2025-12-01T20:27:18.150+0300] {processor.py:743} INFO - Processing file /home/pker/airflow_env/lib/python3.7/site-packages/airflow/example_dags/tutorial.py for tasks to queue
[2025-12-01T20:27:18.151+0300] {logging_mixin.py:137} INFO - [2025-12-01T20:27:18.151+0300] {dagbag.py:532} INFO - Filling up the DagBag from /home/pker/airflow_env/lib/python3.7/site-packages/airflow/example_dags/tutorial.py
[2025-12-01T20:27:18.175+0300] {processor.py:753} INFO - DAG(s) dict_keys(['tutorial']) retrieved from /home/pker/airflow_env/lib/python3.7/site-packages/airflow/example_dags/tutorial.py
[2025-12-01T20:27:18.202+0300] {logging_mixin.py:137} INFO - [2025-12-01T20:27:18.202+0300] {dag.py:2705} INFO - Sync 1 DAGs
[2025-12-01T20:27:18.229+0300] {logging_mixin.py:137} INFO - [2025-12-01T20:27:18.229+0300] {dag.py:3456} INFO - Setting next_dagrun for tutorial to 2025-11-30T17:27:18.229075+00:00, run_after=2025-12-01T17:27:18.229075+00:00
[2025-12-01T20:27:18.259+0300] {processor.py:175} INFO - Processing /home/pker/airflow_env/lib/python3.7/site-packages/airflow/example_dags/tutorial.py took 0.137 seconds
[2025-12-01T20:28:28.451+0300] {processor.py:153} INFO - Started process (PID=922522) to work on /home/pker/airflow_env/lib/python3.7/site-packages/airflow/example_dags/tutorial.py
[2025-12-01T20:28:28.472+0300] {processor.py:743} INFO - Processing file /home/pker/airflow_env/lib/python3.7/site-packages/airflow/example_dags/tutorial.py for tasks to queue
[2025-12-01T20:28:28.475+0300] {logging_mixin.py:137} INFO - [2025-12-01T20:28:28.474+0300] {dagbag.py:532} INFO - Filling up the DagBag from /home/pker/airflow_env/lib/python3.7/site-packages/airflow/example_dags/tutorial.py
[2025-12-01T20:28:28.499+0300] {processor.py:753} INFO - DAG(s) dict_keys(['tutorial']) retrieved from /home/pker/airflow_env/lib/python3.7/site-packages/airflow/example_dags/tutorial.py
[2025-12-01T20:28:28.526+0300] {logging_mixin.py:137} INFO - [2025-12-01T20:28:28.526+0300] {dag.py:2705} INFO - Sync 1 DAGs
[2025-12-01T20:28:28.552+0300] {logging_mixin.py:137} INFO - [2025-12-01T20:28:28.552+0300] {dag.py:3456} INFO - Setting next_dagrun for tutorial to 2025-11-30T17:28:28.552307+00:00, run_after=2025-12-01T17:28:28.552307+00:00
[2025-12-01T20:28:28.588+0300] {processor.py:175} INFO - Processing /home/pker/airflow_env/lib/python3.7/site-packages/airflow/example_dags/tutorial.py took 0.142 seconds
[2025-12-01T20:29:35.962+0300] {processor.py:153} INFO - Started process (PID=922790) to work on /home/pker/airflow_env/lib/python3.7/site-packages/airflow/example_dags/tutorial.py
[2025-12-01T20:29:35.984+0300] {processor.py:743} INFO - Processing file /home/pker/airflow_env/lib/python3.7/site-packages/airflow/example_dags/tutorial.py for tasks to queue
[2025-12-01T20:29:35.987+0300] {logging_mixin.py:137} INFO - [2025-12-01T20:29:35.986+0300] {dagbag.py:532} INFO - Filling up the DagBag from /home/pker/airflow_env/lib/python3.7/site-packages/airflow/example_dags/tutorial.py
[2025-12-01T20:29:36.017+0300] {processor.py:753} INFO - DAG(s) dict_keys(['tutorial']) retrieved from /home/pker/airflow_env/lib/python3.7/site-packages/airflow/example_dags/tutorial.py
[2025-12-01T20:29:36.046+0300] {logging_mixin.py:137} INFO - [2025-12-01T20:29:36.046+0300] {dag.py:2705} INFO - Sync 1 DAGs
[2025-12-01T20:29:36.073+0300] {logging_mixin.py:137} INFO - [2025-12-01T20:29:36.073+0300] {dag.py:3456} INFO - Setting next_dagrun for tutorial to 2025-11-30T17:29:36.073458+00:00, run_after=2025-12-01T17:29:36.073458+00:00
[2025-12-01T20:29:36.103+0300] {processor.py:175} INFO - Processing /home/pker/airflow_env/lib/python3.7/site-packages/airflow/example_dags/tutorial.py took 0.148 seconds
[2025-12-01T20:30:52.388+0300] {processor.py:153} INFO - Started process (PID=923065) to work on /home/pker/airflow_env/lib/python3.7/site-packages/airflow/example_dags/tutorial.py
[2025-12-01T20:30:52.410+0300] {processor.py:743} INFO - Processing file /home/pker/airflow_env/lib/python3.7/site-packages/airflow/example_dags/tutorial.py for tasks to queue
[2025-12-01T20:30:52.412+0300] {logging_mixin.py:137} INFO - [2025-12-01T20:30:52.412+0300] {dagbag.py:532} INFO - Filling up the DagBag from /home/pker/airflow_env/lib/python3.7/site-packages/airflow/example_dags/tutorial.py
[2025-12-01T20:30:52.433+0300] {processor.py:753} INFO - DAG(s) dict_keys(['tutorial']) retrieved from /home/pker/airflow_env/lib/python3.7/site-packages/airflow/example_dags/tutorial.py
[2025-12-01T20:30:52.462+0300] {logging_mixin.py:137} INFO - [2025-12-01T20:30:52.462+0300] {dag.py:2705} INFO - Sync 1 DAGs
[2025-12-01T20:30:52.487+0300] {logging_mixin.py:137} INFO - [2025-12-01T20:30:52.487+0300] {dag.py:3456} INFO - Setting next_dagrun for tutorial to 2025-11-30T17:30:52.487431+00:00, run_after=2025-12-01T17:30:52.487431+00:00
[2025-12-01T20:30:52.515+0300] {processor.py:175} INFO - Processing /home/pker/airflow_env/lib/python3.7/site-packages/airflow/example_dags/tutorial.py took 0.133 seconds
[2025-12-01T20:31:47.829+0300] {processor.py:153} INFO - Started process (PID=923261) to work on /home/pker/airflow_env/lib/python3.7/site-packages/airflow/example_dags/tutorial.py
[2025-12-01T20:31:47.880+0300] {processor.py:743} INFO - Processing file /home/pker/airflow_env/lib/python3.7/site-packages/airflow/example_dags/tutorial.py for tasks to queue
[2025-12-01T20:31:47.890+0300] {logging_mixin.py:137} INFO - [2025-12-01T20:31:47.885+0300] {dagbag.py:532} INFO - Filling up the DagBag from /home/pker/airflow_env/lib/python3.7/site-packages/airflow/example_dags/tutorial.py
[2025-12-01T20:31:47.976+0300] {processor.py:753} INFO - DAG(s) dict_keys(['tutorial']) retrieved from /home/pker/airflow_env/lib/python3.7/site-packages/airflow/example_dags/tutorial.py
[2025-12-01T20:31:47.993+0300] {logging_mixin.py:137} INFO - [2025-12-01T20:31:47.993+0300] {dag.py:2705} INFO - Sync 1 DAGs
[2025-12-01T20:31:48.007+0300] {logging_mixin.py:137} INFO - [2025-12-01T20:31:48.007+0300] {dag.py:3456} INFO - Setting next_dagrun for tutorial to 2025-11-30T17:31:48.007710+00:00, run_after=2025-12-01T17:31:48.007710+00:00
[2025-12-01T20:31:48.211+0300] {processor.py:175} INFO - Processing /home/pker/airflow_env/lib/python3.7/site-packages/airflow/example_dags/tutorial.py took 0.385 seconds
