[2025-11-23T12:09:24.100+0300] {taskinstance.py:1090} INFO - Dependencies all met for dep_context=non-requeueable deps ti=<TaskInstance: execute_python_operator.python_task manual__2025-11-23T09:09:20.803006+00:00 [queued]>
[2025-11-23T12:09:24.110+0300] {taskinstance.py:1090} INFO - Dependencies all met for dep_context=requeueable deps ti=<TaskInstance: execute_python_operator.python_task manual__2025-11-23T09:09:20.803006+00:00 [queued]>
[2025-11-23T12:09:24.110+0300] {taskinstance.py:1288} INFO - 
--------------------------------------------------------------------------------
[2025-11-23T12:09:24.110+0300] {taskinstance.py:1289} INFO - Starting attempt 1 of 1
[2025-11-23T12:09:24.110+0300] {taskinstance.py:1290} INFO - 
--------------------------------------------------------------------------------
[2025-11-23T12:09:24.131+0300] {taskinstance.py:1309} INFO - Executing <Task(PythonOperator): python_task> on 2025-11-23 09:09:20.803006+00:00
[2025-11-23T12:09:24.134+0300] {standard_task_runner.py:55} INFO - Started process 312126 to run task
[2025-11-23T12:09:24.139+0300] {standard_task_runner.py:82} INFO - Running: ['airflow', 'tasks', 'run', 'execute_python_operator', 'python_task', 'manual__2025-11-23T09:09:20.803006+00:00', '--job-id', '35', '--raw', '--subdir', 'DAGS_FOLDER/weather_dag.py', '--cfg-path', '/tmp/tmpvxle2v3b']
[2025-11-23T12:09:24.141+0300] {standard_task_runner.py:83} INFO - Job 35: Subtask python_task
[2025-11-23T12:09:24.221+0300] {task_command.py:389} INFO - Running <TaskInstance: execute_python_operator.python_task manual__2025-11-23T09:09:20.803006+00:00 [running]> on host DESKTOP-P0U82UP.
[2025-11-23T12:09:24.319+0300] {taskinstance.py:1518} INFO - Exporting the following env vars:
AIRFLOW_CTX_DAG_OWNER=pker
AIRFLOW_CTX_DAG_ID=execute_python_operator
AIRFLOW_CTX_TASK_ID=python_task
AIRFLOW_CTX_EXECUTION_DATE=2025-11-23T09:09:20.803006+00:00
AIRFLOW_CTX_TRY_NUMBER=1
AIRFLOW_CTX_DAG_RUN_ID=manual__2025-11-23T09:09:20.803006+00:00
[2025-11-23T12:09:24.320+0300] {logging_mixin.py:137} INFO - Hello World
[2025-11-23T12:09:24.321+0300] {python.py:177} INFO - Done. Returned value was: None
[2025-11-23T12:09:24.327+0300] {taskinstance.py:1332} INFO - Marking task as SUCCESS. dag_id=execute_python_operator, task_id=python_task, execution_date=20251123T090920, start_date=20251123T090924, end_date=20251123T090924
[2025-11-23T12:09:24.357+0300] {local_task_job.py:212} INFO - Task exited with return code 0
[2025-11-23T12:09:24.377+0300] {taskinstance.py:2596} INFO - 0 downstream tasks scheduled from follow-on schedule check
