[2025-11-28T12:30:26.133+0300] {taskinstance.py:1090} INFO - Dependencies all met for dep_context=non-requeueable deps ti=<TaskInstance: pipeline_read_csv.groupby_smoker manual__2025-11-28T09:30:17.744558+00:00 [queued]>
[2025-11-28T12:30:26.152+0300] {taskinstance.py:1090} INFO - Dependencies all met for dep_context=requeueable deps ti=<TaskInstance: pipeline_read_csv.groupby_smoker manual__2025-11-28T09:30:17.744558+00:00 [queued]>
[2025-11-28T12:30:26.152+0300] {taskinstance.py:1288} INFO - 
--------------------------------------------------------------------------------
[2025-11-28T12:30:26.153+0300] {taskinstance.py:1289} INFO - Starting attempt 1 of 1
[2025-11-28T12:30:26.154+0300] {taskinstance.py:1290} INFO - 
--------------------------------------------------------------------------------
[2025-11-28T12:30:26.192+0300] {taskinstance.py:1309} INFO - Executing <Task(PythonOperator): groupby_smoker> on 2025-11-28 09:30:17.744558+00:00
[2025-11-28T12:30:26.199+0300] {standard_task_runner.py:55} INFO - Started process 366994 to run task
[2025-11-28T12:30:26.209+0300] {standard_task_runner.py:82} INFO - Running: ['airflow', 'tasks', 'run', 'pipeline_read_csv', 'groupby_smoker', 'manual__2025-11-28T09:30:17.744558+00:00', '--job-id', '103', '--raw', '--subdir', 'DAGS_FOLDER/pipeline.py', '--cfg-path', '/tmp/tmpjcv3v13x']
[2025-11-28T12:30:26.221+0300] {standard_task_runner.py:83} INFO - Job 103: Subtask groupby_smoker
[2025-11-28T12:30:26.281+0300] {task_command.py:389} INFO - Running <TaskInstance: pipeline_read_csv.groupby_smoker manual__2025-11-28T09:30:17.744558+00:00 [running]> on host DESKTOP-P0U82UP.
[2025-11-28T12:30:26.357+0300] {taskinstance.py:1518} INFO - Exporting the following env vars:
AIRFLOW_CTX_DAG_OWNER=pker
AIRFLOW_CTX_DAG_ID=pipeline_read_csv
AIRFLOW_CTX_TASK_ID=groupby_smoker
AIRFLOW_CTX_EXECUTION_DATE=2025-11-28T09:30:17.744558+00:00
AIRFLOW_CTX_TRY_NUMBER=1
AIRFLOW_CTX_DAG_RUN_ID=manual__2025-11-28T09:30:17.744558+00:00
[2025-11-28T12:30:26.369+0300] {taskinstance.py:1776} ERROR - Task failed with exception
Traceback (most recent call last):
  File "/home/pker/airflow_env/lib/python3.7/site-packages/airflow/operators/python.py", line 175, in execute
    return_value = self.execute_callable()
  File "/home/pker/airflow_env/lib/python3.7/site-packages/airflow/operators/python.py", line 192, in execute_callable
    return self.python_callable(*self.op_args, **self.op_kwargs)
  File "/home/pker/airflow/dags/pipeline.py", line 26, in groupby_smoker
    smoker_df = df.groupby('smoker').agg({
NameError: name 'df' is not defined
[2025-11-28T12:30:26.376+0300] {taskinstance.py:1332} INFO - Marking task as FAILED. dag_id=pipeline_read_csv, task_id=groupby_smoker, execution_date=20251128T093017, start_date=20251128T093026, end_date=20251128T093026
[2025-11-28T12:30:26.393+0300] {standard_task_runner.py:105} ERROR - Failed to execute job 103 for task groupby_smoker (name 'df' is not defined; 366994)
[2025-11-28T12:30:26.435+0300] {local_task_job.py:212} INFO - Task exited with return code 1
[2025-11-28T12:30:26.461+0300] {taskinstance.py:2596} INFO - 0 downstream tasks scheduled from follow-on schedule check
