[2025-11-28T14:42:56.844+0300] {taskinstance.py:1090} INFO - Dependencies all met for dep_context=non-requeueable deps ti=<TaskInstance: sql_pipeline.insert_values_2 manual__2025-11-28T11:42:47.004973+00:00 [queued]>
[2025-11-28T14:42:56.857+0300] {taskinstance.py:1090} INFO - Dependencies all met for dep_context=requeueable deps ti=<TaskInstance: sql_pipeline.insert_values_2 manual__2025-11-28T11:42:47.004973+00:00 [queued]>
[2025-11-28T14:42:56.858+0300] {taskinstance.py:1288} INFO - 
--------------------------------------------------------------------------------
[2025-11-28T14:42:56.858+0300] {taskinstance.py:1289} INFO - Starting attempt 1 of 1
[2025-11-28T14:42:56.858+0300] {taskinstance.py:1290} INFO - 
--------------------------------------------------------------------------------
[2025-11-28T14:42:56.879+0300] {taskinstance.py:1309} INFO - Executing <Task(SqliteOperator): insert_values_2> on 2025-11-28 11:42:47.004973+00:00
[2025-11-28T14:42:56.883+0300] {standard_task_runner.py:55} INFO - Started process 479105 to run task
[2025-11-28T14:42:56.886+0300] {standard_task_runner.py:82} INFO - Running: ['airflow', 'tasks', 'run', 'sql_pipeline', 'insert_values_2', 'manual__2025-11-28T11:42:47.004973+00:00', '--job-id', '113', '--raw', '--subdir', 'DAGS_FOLDER/sql_pipeline.py', '--cfg-path', '/tmp/tmpc99rq5vp']
[2025-11-28T14:42:56.888+0300] {standard_task_runner.py:83} INFO - Job 113: Subtask insert_values_2
[2025-11-28T14:42:56.974+0300] {task_command.py:389} INFO - Running <TaskInstance: sql_pipeline.insert_values_2 manual__2025-11-28T11:42:47.004973+00:00 [running]> on host DESKTOP-P0U82UP.
[2025-11-28T14:42:57.085+0300] {taskinstance.py:1518} INFO - Exporting the following env vars:
AIRFLOW_CTX_DAG_OWNER=pker
AIRFLOW_CTX_DAG_ID=sql_pipeline
AIRFLOW_CTX_TASK_ID=insert_values_2
AIRFLOW_CTX_EXECUTION_DATE=2025-11-28T11:42:47.004973+00:00
AIRFLOW_CTX_TRY_NUMBER=1
AIRFLOW_CTX_DAG_RUN_ID=manual__2025-11-28T11:42:47.004973+00:00
[2025-11-28T14:42:57.086+0300] {sql.py:254} INFO - Executing:         INSERT INTO users (name, age) VALUES
            ('Frank', 40),
            ('Grace', 27),
            ('Heidi', 32),
            ('Ivan', 29),
            ('Judy', 24);
            
[2025-11-28T14:42:57.094+0300] {base.py:73} INFO - Using connection ID 'my_sqlite_conn' for task execution.
[2025-11-28T14:42:57.191+0300] {base.py:73} INFO - Using connection ID 'my_sqlite_conn' for task execution.
[2025-11-28T14:42:57.192+0300] {sql.py:375} INFO - Running statement:         INSERT INTO users (name, age) VALUES
            ('Frank', 40),
            ('Grace', 27),
            ('Heidi', 32),
            ('Ivan', 29),
            ('Judy', 24);
            , parameters: None
[2025-11-28T14:42:57.192+0300] {sql.py:384} INFO - Rows affected: 5
[2025-11-28T14:42:57.224+0300] {taskinstance.py:1332} INFO - Marking task as SUCCESS. dag_id=sql_pipeline, task_id=insert_values_2, execution_date=20251128T114247, start_date=20251128T114256, end_date=20251128T114257
[2025-11-28T14:42:57.373+0300] {local_task_job.py:212} INFO - Task exited with return code 0
[2025-11-28T14:42:57.430+0300] {taskinstance.py:2596} INFO - 1 downstream tasks scheduled from follow-on schedule check
