[2025-11-30T09:18:11.328+0300] {taskinstance.py:1090} INFO - Dependencies all met for dep_context=non-requeueable deps ti=<TaskInstance: execute_multiple_tasks.task_1 scheduled__2025-11-29T00:00:00+00:00 [queued]>
[2025-11-30T09:18:11.349+0300] {taskinstance.py:1090} INFO - Dependencies all met for dep_context=requeueable deps ti=<TaskInstance: execute_multiple_tasks.task_1 scheduled__2025-11-29T00:00:00+00:00 [queued]>
[2025-11-30T09:18:11.349+0300] {taskinstance.py:1288} INFO - 
--------------------------------------------------------------------------------
[2025-11-30T09:18:11.349+0300] {taskinstance.py:1289} INFO - Starting attempt 1 of 1
[2025-11-30T09:18:11.350+0300] {taskinstance.py:1290} INFO - 
--------------------------------------------------------------------------------
[2025-11-30T09:18:11.355+0300] {taskinstance.py:1090} INFO - Dependencies all met for dep_context=non-requeueable deps ti=<TaskInstance: execute_multiple_tasks.task_1 scheduled__2025-11-29T00:00:00+00:00 [queued]>
[2025-11-30T09:18:11.376+0300] {taskinstance.py:1090} INFO - Dependencies all met for dep_context=requeueable deps ti=<TaskInstance: execute_multiple_tasks.task_1 scheduled__2025-11-29T00:00:00+00:00 [queued]>
[2025-11-30T09:18:11.376+0300] {taskinstance.py:1288} INFO - 
--------------------------------------------------------------------------------
[2025-11-30T09:18:11.377+0300] {taskinstance.py:1289} INFO - Starting attempt 1 of 1
[2025-11-30T09:18:11.377+0300] {taskinstance.py:1290} INFO - 
--------------------------------------------------------------------------------
[2025-11-30T09:18:11.709+0300] {taskinstance.py:1309} INFO - Executing <Task(BashOperator): task_1> on 2025-11-29 00:00:00+00:00
[2025-11-30T09:18:11.720+0300] {standard_task_runner.py:55} INFO - Started process 796406 to run task
[2025-11-30T09:18:11.733+0300] {standard_task_runner.py:82} INFO - Running: ['airflow', 'tasks', 'run', 'execute_multiple_tasks', 'task_1', 'scheduled__2025-11-29T00:00:00+00:00', '--job-id', '179', '--raw', '--subdir', 'DAGS_FOLDER/execute_multiple_tasks.py', '--cfg-path', '/tmp/tmp9r9hgldc']
[2025-11-30T09:18:11.734+0300] {standard_task_runner.py:83} INFO - Job 179: Subtask task_1
[2025-11-30T09:18:11.873+0300] {taskinstance.py:1309} INFO - Executing <Task(BashOperator): task_1> on 2025-11-29 00:00:00+00:00
[2025-11-30T09:18:11.880+0300] {standard_task_runner.py:55} INFO - Started process 796407 to run task
[2025-11-30T09:18:11.885+0300] {standard_task_runner.py:82} INFO - Running: ['airflow', 'tasks', 'run', 'execute_multiple_tasks', 'task_1', 'scheduled__2025-11-29T00:00:00+00:00', '--job-id', '178', '--raw', '--subdir', 'DAGS_FOLDER/execute_multiple_tasks.py', '--cfg-path', '/tmp/tmphlo3npbl']
[2025-11-30T09:18:11.886+0300] {standard_task_runner.py:83} INFO - Job 178: Subtask task_1
[2025-11-30T09:18:12.278+0300] {task_command.py:389} INFO - Running <TaskInstance: execute_multiple_tasks.task_1 scheduled__2025-11-29T00:00:00+00:00 [running]> on host DESKTOP-P0U82UP.
[2025-11-30T09:18:12.295+0300] {task_command.py:389} INFO - Running <TaskInstance: execute_multiple_tasks.task_1 scheduled__2025-11-29T00:00:00+00:00 [running]> on host DESKTOP-P0U82UP.
[2025-11-30T09:18:12.866+0300] {taskinstance.py:1518} INFO - Exporting the following env vars:
AIRFLOW_CTX_DAG_OWNER=pker
AIRFLOW_CTX_DAG_ID=execute_multiple_tasks
AIRFLOW_CTX_TASK_ID=task_1
AIRFLOW_CTX_EXECUTION_DATE=2025-11-29T00:00:00+00:00
AIRFLOW_CTX_TRY_NUMBER=1
AIRFLOW_CTX_DAG_RUN_ID=scheduled__2025-11-29T00:00:00+00:00
[2025-11-30T09:18:12.870+0300] {subprocess.py:63} INFO - Tmp dir root location: 
 /tmp
[2025-11-30T09:18:12.872+0300] {subprocess.py:75} INFO - Running command: ['/usr/bin/bash', '-c', '\n        echo "Executing Task 1"\n        \n        for i in {1..10}\n        do \n            echo Task 1 iteration $i\n        done\n        echo "Task 1 completed"\n        ']
[2025-11-30T09:18:12.883+0300] {subprocess.py:86} INFO - Output:
[2025-11-30T09:18:12.884+0300] {subprocess.py:93} INFO - Executing Task 1
[2025-11-30T09:18:12.885+0300] {subprocess.py:93} INFO - Task 1 iteration 1
[2025-11-30T09:18:12.885+0300] {subprocess.py:93} INFO - Task 1 iteration 2
[2025-11-30T09:18:12.885+0300] {subprocess.py:93} INFO - Task 1 iteration 3
[2025-11-30T09:18:12.885+0300] {subprocess.py:93} INFO - Task 1 iteration 4
[2025-11-30T09:18:12.885+0300] {subprocess.py:93} INFO - Task 1 iteration 5
[2025-11-30T09:18:12.886+0300] {subprocess.py:93} INFO - Task 1 iteration 6
[2025-11-30T09:18:12.886+0300] {subprocess.py:93} INFO - Task 1 iteration 7
[2025-11-30T09:18:12.886+0300] {subprocess.py:93} INFO - Task 1 iteration 8
[2025-11-30T09:18:12.886+0300] {subprocess.py:93} INFO - Task 1 iteration 9
[2025-11-30T09:18:12.886+0300] {subprocess.py:93} INFO - Task 1 iteration 10
[2025-11-30T09:18:12.886+0300] {subprocess.py:93} INFO - Task 1 completed
[2025-11-30T09:18:12.887+0300] {subprocess.py:97} INFO - Command exited with return code 0
[2025-11-30T09:18:12.890+0300] {taskinstance.py:1518} INFO - Exporting the following env vars:
AIRFLOW_CTX_DAG_OWNER=pker
AIRFLOW_CTX_DAG_ID=execute_multiple_tasks
AIRFLOW_CTX_TASK_ID=task_1
AIRFLOW_CTX_EXECUTION_DATE=2025-11-29T00:00:00+00:00
AIRFLOW_CTX_TRY_NUMBER=1
AIRFLOW_CTX_DAG_RUN_ID=scheduled__2025-11-29T00:00:00+00:00
[2025-11-30T09:18:12.895+0300] {subprocess.py:63} INFO - Tmp dir root location: 
 /tmp
[2025-11-30T09:18:12.896+0300] {subprocess.py:75} INFO - Running command: ['/usr/bin/bash', '-c', '\n        echo "Executing Task 1"\n        \n        for i in {1..10}\n        do \n            echo Task 1 iteration $i\n        done\n        echo "Task 1 completed"\n        ']
[2025-11-30T09:18:12.907+0300] {subprocess.py:86} INFO - Output:
[2025-11-30T09:18:12.908+0300] {subprocess.py:93} INFO - Executing Task 1
[2025-11-30T09:18:12.908+0300] {subprocess.py:93} INFO - Task 1 iteration 1
[2025-11-30T09:18:12.909+0300] {subprocess.py:93} INFO - Task 1 iteration 2
[2025-11-30T09:18:12.909+0300] {subprocess.py:93} INFO - Task 1 iteration 3
[2025-11-30T09:18:12.909+0300] {subprocess.py:93} INFO - Task 1 iteration 4
[2025-11-30T09:18:12.909+0300] {subprocess.py:93} INFO - Task 1 iteration 5
[2025-11-30T09:18:12.909+0300] {subprocess.py:93} INFO - Task 1 iteration 6
[2025-11-30T09:18:12.909+0300] {subprocess.py:93} INFO - Task 1 iteration 7
[2025-11-30T09:18:12.909+0300] {subprocess.py:93} INFO - Task 1 iteration 8
[2025-11-30T09:18:12.909+0300] {subprocess.py:93} INFO - Task 1 iteration 9
[2025-11-30T09:18:12.909+0300] {subprocess.py:93} INFO - Task 1 iteration 10
[2025-11-30T09:18:12.910+0300] {subprocess.py:93} INFO - Task 1 completed
[2025-11-30T09:18:12.910+0300] {subprocess.py:97} INFO - Command exited with return code 0
[2025-11-30T09:18:13.021+0300] {taskinstance.py:1332} INFO - Marking task as SUCCESS. dag_id=execute_multiple_tasks, task_id=task_1, execution_date=20251129T000000, start_date=20251130T061811, end_date=20251130T061813
[2025-11-30T09:18:13.779+0300] {taskinstance.py:1332} INFO - Marking task as SUCCESS. dag_id=execute_multiple_tasks, task_id=task_1, execution_date=20251129T000000, start_date=20251130T061811, end_date=20251130T061813
[2025-11-30T09:18:13.871+0300] {local_task_job.py:212} INFO - Task exited with return code 0
[2025-11-30T09:18:13.958+0300] {taskinstance.py:2596} INFO - 2 downstream tasks scheduled from follow-on schedule check
[2025-11-30T09:18:13.958+0300] {local_task_job.py:212} INFO - Task exited with return code 0
[2025-11-30T09:18:14.527+0300] {taskinstance.py:2596} INFO - 0 downstream tasks scheduled from follow-on schedule check
