[2025-11-23T12:24:25.153+0300] {taskinstance.py:1090} INFO - Dependencies all met for dep_context=non-requeueable deps ti=<TaskInstance: execute_python_operator.task_b manual__2025-11-23T09:24:19.039664+00:00 [queued]>
[2025-11-23T12:24:25.169+0300] {taskinstance.py:1090} INFO - Dependencies all met for dep_context=requeueable deps ti=<TaskInstance: execute_python_operator.task_b manual__2025-11-23T09:24:19.039664+00:00 [queued]>
[2025-11-23T12:24:25.169+0300] {taskinstance.py:1288} INFO - 
--------------------------------------------------------------------------------
[2025-11-23T12:24:25.169+0300] {taskinstance.py:1289} INFO - Starting attempt 1 of 1
[2025-11-23T12:24:25.169+0300] {taskinstance.py:1290} INFO - 
--------------------------------------------------------------------------------
[2025-11-23T12:24:25.196+0300] {taskinstance.py:1309} INFO - Executing <Task(PythonOperator): task_b> on 2025-11-23 09:24:19.039664+00:00
[2025-11-23T12:24:25.200+0300] {standard_task_runner.py:55} INFO - Started process 315114 to run task
[2025-11-23T12:24:25.206+0300] {standard_task_runner.py:82} INFO - Running: ['airflow', 'tasks', 'run', 'execute_python_operator', 'task_b', 'manual__2025-11-23T09:24:19.039664+00:00', '--job-id', '37', '--raw', '--subdir', 'DAGS_FOLDER/weather_dag.py', '--cfg-path', '/tmp/tmps0qjqeqb']
[2025-11-23T12:24:25.209+0300] {standard_task_runner.py:83} INFO - Job 37: Subtask task_b
[2025-11-23T12:24:25.282+0300] {task_command.py:389} INFO - Running <TaskInstance: execute_python_operator.task_b manual__2025-11-23T09:24:19.039664+00:00 [running]> on host DESKTOP-P0U82UP.
[2025-11-23T12:24:25.377+0300] {taskinstance.py:1518} INFO - Exporting the following env vars:
AIRFLOW_CTX_DAG_OWNER=pker
AIRFLOW_CTX_DAG_ID=execute_python_operator
AIRFLOW_CTX_TASK_ID=task_b
AIRFLOW_CTX_EXECUTION_DATE=2025-11-23T09:24:19.039664+00:00
AIRFLOW_CTX_TRY_NUMBER=1
AIRFLOW_CTX_DAG_RUN_ID=manual__2025-11-23T09:24:19.039664+00:00
[2025-11-23T12:24:30.403+0300] {python.py:177} INFO - Done. Returned value was: None
[2025-11-23T12:24:30.415+0300] {taskinstance.py:1332} INFO - Marking task as SUCCESS. dag_id=execute_python_operator, task_id=task_b, execution_date=20251123T092419, start_date=20251123T092425, end_date=20251123T092430
[2025-11-23T12:24:30.463+0300] {local_task_job.py:212} INFO - Task exited with return code 0
[2025-11-23T12:24:30.517+0300] {taskinstance.py:2596} INFO - 0 downstream tasks scheduled from follow-on schedule check
