[2025-11-21T10:44:06.451+0300] {processor.py:153} INFO - Started process (PID=30091) to work on /home/pker/airflow_env/lib/python3.7/site-packages/airflow/example_dags/example_short_circuit_decorator.py
[2025-11-21T10:44:06.452+0300] {processor.py:743} INFO - Processing file /home/pker/airflow_env/lib/python3.7/site-packages/airflow/example_dags/example_short_circuit_decorator.py for tasks to queue
[2025-11-21T10:44:06.453+0300] {logging_mixin.py:137} INFO - [2025-11-21T10:44:06.453+0300] {dagbag.py:532} INFO - Filling up the DagBag from /home/pker/airflow_env/lib/python3.7/site-packages/airflow/example_dags/example_short_circuit_decorator.py
[2025-11-21T10:44:06.491+0300] {processor.py:753} INFO - DAG(s) dict_keys(['example_short_circuit_decorator']) retrieved from /home/pker/airflow_env/lib/python3.7/site-packages/airflow/example_dags/example_short_circuit_decorator.py
[2025-11-21T10:44:06.647+0300] {logging_mixin.py:137} INFO - [2025-11-21T10:44:06.647+0300] {manager.py:504} INFO - Created Permission View: can delete on DAG:example_short_circuit_decorator
[2025-11-21T10:44:06.661+0300] {logging_mixin.py:137} INFO - [2025-11-21T10:44:06.661+0300] {manager.py:504} INFO - Created Permission View: can read on DAG:example_short_circuit_decorator
[2025-11-21T10:44:06.673+0300] {logging_mixin.py:137} INFO - [2025-11-21T10:44:06.673+0300] {manager.py:504} INFO - Created Permission View: can edit on DAG:example_short_circuit_decorator
[2025-11-21T10:44:06.674+0300] {logging_mixin.py:137} INFO - [2025-11-21T10:44:06.673+0300] {dag.py:2705} INFO - Sync 1 DAGs
[2025-11-21T10:44:06.688+0300] {logging_mixin.py:137} INFO - [2025-11-21T10:44:06.688+0300] {dag.py:2726} INFO - Creating ORM DAG for example_short_circuit_decorator
[2025-11-21T10:44:06.702+0300] {logging_mixin.py:137} INFO - [2025-11-21T10:44:06.702+0300] {dag.py:3456} INFO - Setting next_dagrun for example_short_circuit_decorator to 2025-11-20T07:44:06.701998+00:00, run_after=2025-11-21T07:44:06.701998+00:00
[2025-11-21T10:44:06.741+0300] {processor.py:175} INFO - Processing /home/pker/airflow_env/lib/python3.7/site-packages/airflow/example_dags/example_short_circuit_decorator.py took 0.296 seconds
[2025-11-21T10:44:55.731+0300] {processor.py:153} INFO - Started process (PID=30135) to work on /home/pker/airflow_env/lib/python3.7/site-packages/airflow/example_dags/example_short_circuit_decorator.py
[2025-11-21T10:44:55.733+0300] {processor.py:743} INFO - Processing file /home/pker/airflow_env/lib/python3.7/site-packages/airflow/example_dags/example_short_circuit_decorator.py for tasks to queue
[2025-11-21T10:44:55.734+0300] {logging_mixin.py:137} INFO - [2025-11-21T10:44:55.734+0300] {dagbag.py:532} INFO - Filling up the DagBag from /home/pker/airflow_env/lib/python3.7/site-packages/airflow/example_dags/example_short_circuit_decorator.py
[2025-11-21T10:44:55.773+0300] {processor.py:753} INFO - DAG(s) dict_keys(['example_short_circuit_decorator']) retrieved from /home/pker/airflow_env/lib/python3.7/site-packages/airflow/example_dags/example_short_circuit_decorator.py
[2025-11-21T10:44:55.806+0300] {logging_mixin.py:137} INFO - [2025-11-21T10:44:55.806+0300] {dag.py:2705} INFO - Sync 1 DAGs
[2025-11-21T10:44:55.838+0300] {logging_mixin.py:137} INFO - [2025-11-21T10:44:55.837+0300] {dag.py:3456} INFO - Setting next_dagrun for example_short_circuit_decorator to 2025-11-20T07:44:55.837647+00:00, run_after=2025-11-21T07:44:55.837647+00:00
[2025-11-21T10:44:55.881+0300] {processor.py:175} INFO - Processing /home/pker/airflow_env/lib/python3.7/site-packages/airflow/example_dags/example_short_circuit_decorator.py took 0.156 seconds
[2025-11-21T10:45:47.378+0300] {processor.py:153} INFO - Started process (PID=30203) to work on /home/pker/airflow_env/lib/python3.7/site-packages/airflow/example_dags/example_short_circuit_decorator.py
[2025-11-21T10:45:47.382+0300] {processor.py:743} INFO - Processing file /home/pker/airflow_env/lib/python3.7/site-packages/airflow/example_dags/example_short_circuit_decorator.py for tasks to queue
[2025-11-21T10:45:47.384+0300] {logging_mixin.py:137} INFO - [2025-11-21T10:45:47.383+0300] {dagbag.py:532} INFO - Filling up the DagBag from /home/pker/airflow_env/lib/python3.7/site-packages/airflow/example_dags/example_short_circuit_decorator.py
[2025-11-21T10:45:47.435+0300] {processor.py:753} INFO - DAG(s) dict_keys(['example_short_circuit_decorator']) retrieved from /home/pker/airflow_env/lib/python3.7/site-packages/airflow/example_dags/example_short_circuit_decorator.py
[2025-11-21T10:45:47.462+0300] {logging_mixin.py:137} INFO - [2025-11-21T10:45:47.462+0300] {dag.py:2705} INFO - Sync 1 DAGs
[2025-11-21T10:45:47.489+0300] {logging_mixin.py:137} INFO - [2025-11-21T10:45:47.489+0300] {dag.py:3456} INFO - Setting next_dagrun for example_short_circuit_decorator to 2025-11-20T07:45:47.488796+00:00, run_after=2025-11-21T07:45:47.488796+00:00
[2025-11-21T10:45:47.540+0300] {processor.py:175} INFO - Processing /home/pker/airflow_env/lib/python3.7/site-packages/airflow/example_dags/example_short_circuit_decorator.py took 0.167 seconds
[2025-11-21T10:46:34.516+0300] {processor.py:153} INFO - Started process (PID=30249) to work on /home/pker/airflow_env/lib/python3.7/site-packages/airflow/example_dags/example_short_circuit_decorator.py
[2025-11-21T10:46:34.518+0300] {processor.py:743} INFO - Processing file /home/pker/airflow_env/lib/python3.7/site-packages/airflow/example_dags/example_short_circuit_decorator.py for tasks to queue
[2025-11-21T10:46:34.520+0300] {logging_mixin.py:137} INFO - [2025-11-21T10:46:34.519+0300] {dagbag.py:532} INFO - Filling up the DagBag from /home/pker/airflow_env/lib/python3.7/site-packages/airflow/example_dags/example_short_circuit_decorator.py
[2025-11-21T10:46:34.565+0300] {processor.py:753} INFO - DAG(s) dict_keys(['example_short_circuit_decorator']) retrieved from /home/pker/airflow_env/lib/python3.7/site-packages/airflow/example_dags/example_short_circuit_decorator.py
[2025-11-21T10:46:34.605+0300] {logging_mixin.py:137} INFO - [2025-11-21T10:46:34.604+0300] {dag.py:2705} INFO - Sync 1 DAGs
[2025-11-21T10:46:34.639+0300] {logging_mixin.py:137} INFO - [2025-11-21T10:46:34.639+0300] {dag.py:3456} INFO - Setting next_dagrun for example_short_circuit_decorator to 2025-11-20T07:46:34.638767+00:00, run_after=2025-11-21T07:46:34.638767+00:00
[2025-11-21T10:46:34.707+0300] {processor.py:175} INFO - Processing /home/pker/airflow_env/lib/python3.7/site-packages/airflow/example_dags/example_short_circuit_decorator.py took 0.202 seconds
[2025-11-21T10:47:21.716+0300] {processor.py:153} INFO - Started process (PID=30293) to work on /home/pker/airflow_env/lib/python3.7/site-packages/airflow/example_dags/example_short_circuit_decorator.py
[2025-11-21T10:47:21.739+0300] {processor.py:743} INFO - Processing file /home/pker/airflow_env/lib/python3.7/site-packages/airflow/example_dags/example_short_circuit_decorator.py for tasks to queue
[2025-11-21T10:47:21.742+0300] {logging_mixin.py:137} INFO - [2025-11-21T10:47:21.741+0300] {dagbag.py:532} INFO - Filling up the DagBag from /home/pker/airflow_env/lib/python3.7/site-packages/airflow/example_dags/example_short_circuit_decorator.py
[2025-11-21T10:47:21.789+0300] {processor.py:753} INFO - DAG(s) dict_keys(['example_short_circuit_decorator']) retrieved from /home/pker/airflow_env/lib/python3.7/site-packages/airflow/example_dags/example_short_circuit_decorator.py
[2025-11-21T10:47:21.826+0300] {logging_mixin.py:137} INFO - [2025-11-21T10:47:21.825+0300] {dag.py:2705} INFO - Sync 1 DAGs
[2025-11-21T10:47:21.856+0300] {logging_mixin.py:137} INFO - [2025-11-21T10:47:21.856+0300] {dag.py:3456} INFO - Setting next_dagrun for example_short_circuit_decorator to 2025-11-20T07:47:21.855841+00:00, run_after=2025-11-21T07:47:21.855841+00:00
[2025-11-21T10:47:21.921+0300] {processor.py:175} INFO - Processing /home/pker/airflow_env/lib/python3.7/site-packages/airflow/example_dags/example_short_circuit_decorator.py took 0.213 seconds
[2025-11-21T10:48:09.245+0300] {processor.py:153} INFO - Started process (PID=30337) to work on /home/pker/airflow_env/lib/python3.7/site-packages/airflow/example_dags/example_short_circuit_decorator.py
[2025-11-21T10:48:09.270+0300] {processor.py:743} INFO - Processing file /home/pker/airflow_env/lib/python3.7/site-packages/airflow/example_dags/example_short_circuit_decorator.py for tasks to queue
[2025-11-21T10:48:09.272+0300] {logging_mixin.py:137} INFO - [2025-11-21T10:48:09.272+0300] {dagbag.py:532} INFO - Filling up the DagBag from /home/pker/airflow_env/lib/python3.7/site-packages/airflow/example_dags/example_short_circuit_decorator.py
[2025-11-21T10:48:09.318+0300] {processor.py:753} INFO - DAG(s) dict_keys(['example_short_circuit_decorator']) retrieved from /home/pker/airflow_env/lib/python3.7/site-packages/airflow/example_dags/example_short_circuit_decorator.py
[2025-11-21T10:48:09.349+0300] {logging_mixin.py:137} INFO - [2025-11-21T10:48:09.348+0300] {dag.py:2705} INFO - Sync 1 DAGs
[2025-11-21T10:48:09.379+0300] {logging_mixin.py:137} INFO - [2025-11-21T10:48:09.379+0300] {dag.py:3456} INFO - Setting next_dagrun for example_short_circuit_decorator to 2025-11-20T07:48:09.379185+00:00, run_after=2025-11-21T07:48:09.379185+00:00
[2025-11-21T10:48:09.440+0300] {processor.py:175} INFO - Processing /home/pker/airflow_env/lib/python3.7/site-packages/airflow/example_dags/example_short_circuit_decorator.py took 0.202 seconds
[2025-11-21T10:48:56.623+0300] {processor.py:153} INFO - Started process (PID=30384) to work on /home/pker/airflow_env/lib/python3.7/site-packages/airflow/example_dags/example_short_circuit_decorator.py
[2025-11-21T10:48:56.647+0300] {processor.py:743} INFO - Processing file /home/pker/airflow_env/lib/python3.7/site-packages/airflow/example_dags/example_short_circuit_decorator.py for tasks to queue
[2025-11-21T10:48:56.649+0300] {logging_mixin.py:137} INFO - [2025-11-21T10:48:56.649+0300] {dagbag.py:532} INFO - Filling up the DagBag from /home/pker/airflow_env/lib/python3.7/site-packages/airflow/example_dags/example_short_circuit_decorator.py
[2025-11-21T10:48:56.696+0300] {processor.py:753} INFO - DAG(s) dict_keys(['example_short_circuit_decorator']) retrieved from /home/pker/airflow_env/lib/python3.7/site-packages/airflow/example_dags/example_short_circuit_decorator.py
[2025-11-21T10:48:56.730+0300] {logging_mixin.py:137} INFO - [2025-11-21T10:48:56.730+0300] {dag.py:2705} INFO - Sync 1 DAGs
[2025-11-21T10:48:56.764+0300] {logging_mixin.py:137} INFO - [2025-11-21T10:48:56.764+0300] {dag.py:3456} INFO - Setting next_dagrun for example_short_circuit_decorator to 2025-11-20T07:48:56.763859+00:00, run_after=2025-11-21T07:48:56.763859+00:00
[2025-11-21T10:48:56.827+0300] {processor.py:175} INFO - Processing /home/pker/airflow_env/lib/python3.7/site-packages/airflow/example_dags/example_short_circuit_decorator.py took 0.213 seconds
[2025-11-21T10:49:43.841+0300] {processor.py:153} INFO - Started process (PID=30437) to work on /home/pker/airflow_env/lib/python3.7/site-packages/airflow/example_dags/example_short_circuit_decorator.py
[2025-11-21T10:49:43.843+0300] {processor.py:743} INFO - Processing file /home/pker/airflow_env/lib/python3.7/site-packages/airflow/example_dags/example_short_circuit_decorator.py for tasks to queue
[2025-11-21T10:49:43.844+0300] {logging_mixin.py:137} INFO - [2025-11-21T10:49:43.844+0300] {dagbag.py:532} INFO - Filling up the DagBag from /home/pker/airflow_env/lib/python3.7/site-packages/airflow/example_dags/example_short_circuit_decorator.py
[2025-11-21T10:49:43.909+0300] {processor.py:753} INFO - DAG(s) dict_keys(['example_short_circuit_decorator']) retrieved from /home/pker/airflow_env/lib/python3.7/site-packages/airflow/example_dags/example_short_circuit_decorator.py
[2025-11-21T10:49:43.946+0300] {logging_mixin.py:137} INFO - [2025-11-21T10:49:43.945+0300] {dag.py:2705} INFO - Sync 1 DAGs
[2025-11-21T10:49:43.984+0300] {logging_mixin.py:137} INFO - [2025-11-21T10:49:43.984+0300] {dag.py:3456} INFO - Setting next_dagrun for example_short_circuit_decorator to 2025-11-20T07:49:43.983599+00:00, run_after=2025-11-21T07:49:43.983599+00:00
[2025-11-21T10:49:44.058+0300] {processor.py:175} INFO - Processing /home/pker/airflow_env/lib/python3.7/site-packages/airflow/example_dags/example_short_circuit_decorator.py took 0.222 seconds
[2025-11-21T10:50:32.683+0300] {processor.py:153} INFO - Started process (PID=30482) to work on /home/pker/airflow_env/lib/python3.7/site-packages/airflow/example_dags/example_short_circuit_decorator.py
[2025-11-21T10:50:32.705+0300] {processor.py:743} INFO - Processing file /home/pker/airflow_env/lib/python3.7/site-packages/airflow/example_dags/example_short_circuit_decorator.py for tasks to queue
[2025-11-21T10:50:32.707+0300] {logging_mixin.py:137} INFO - [2025-11-21T10:50:32.707+0300] {dagbag.py:532} INFO - Filling up the DagBag from /home/pker/airflow_env/lib/python3.7/site-packages/airflow/example_dags/example_short_circuit_decorator.py
[2025-11-21T10:50:32.753+0300] {processor.py:753} INFO - DAG(s) dict_keys(['example_short_circuit_decorator']) retrieved from /home/pker/airflow_env/lib/python3.7/site-packages/airflow/example_dags/example_short_circuit_decorator.py
[2025-11-21T10:50:32.784+0300] {logging_mixin.py:137} INFO - [2025-11-21T10:50:32.784+0300] {dag.py:2705} INFO - Sync 1 DAGs
[2025-11-21T10:50:32.819+0300] {logging_mixin.py:137} INFO - [2025-11-21T10:50:32.819+0300] {dag.py:3456} INFO - Setting next_dagrun for example_short_circuit_decorator to 2025-11-20T07:50:32.819195+00:00, run_after=2025-11-21T07:50:32.819195+00:00
[2025-11-21T10:50:32.889+0300] {processor.py:175} INFO - Processing /home/pker/airflow_env/lib/python3.7/site-packages/airflow/example_dags/example_short_circuit_decorator.py took 0.214 seconds
[2025-11-21T10:51:17.201+0300] {processor.py:153} INFO - Started process (PID=30526) to work on /home/pker/airflow_env/lib/python3.7/site-packages/airflow/example_dags/example_short_circuit_decorator.py
[2025-11-21T10:51:17.224+0300] {processor.py:743} INFO - Processing file /home/pker/airflow_env/lib/python3.7/site-packages/airflow/example_dags/example_short_circuit_decorator.py for tasks to queue
[2025-11-21T10:51:17.227+0300] {logging_mixin.py:137} INFO - [2025-11-21T10:51:17.227+0300] {dagbag.py:532} INFO - Filling up the DagBag from /home/pker/airflow_env/lib/python3.7/site-packages/airflow/example_dags/example_short_circuit_decorator.py
[2025-11-21T10:51:17.271+0300] {processor.py:753} INFO - DAG(s) dict_keys(['example_short_circuit_decorator']) retrieved from /home/pker/airflow_env/lib/python3.7/site-packages/airflow/example_dags/example_short_circuit_decorator.py
[2025-11-21T10:51:17.304+0300] {logging_mixin.py:137} INFO - [2025-11-21T10:51:17.304+0300] {dag.py:2705} INFO - Sync 1 DAGs
[2025-11-21T10:51:17.334+0300] {logging_mixin.py:137} INFO - [2025-11-21T10:51:17.334+0300] {dag.py:3456} INFO - Setting next_dagrun for example_short_circuit_decorator to 2025-11-20T07:51:17.334366+00:00, run_after=2025-11-21T07:51:17.334366+00:00
[2025-11-21T10:51:17.398+0300] {processor.py:175} INFO - Processing /home/pker/airflow_env/lib/python3.7/site-packages/airflow/example_dags/example_short_circuit_decorator.py took 0.204 seconds
[2025-11-21T10:52:05.292+0300] {processor.py:153} INFO - Started process (PID=30573) to work on /home/pker/airflow_env/lib/python3.7/site-packages/airflow/example_dags/example_short_circuit_decorator.py
[2025-11-21T10:52:05.315+0300] {processor.py:743} INFO - Processing file /home/pker/airflow_env/lib/python3.7/site-packages/airflow/example_dags/example_short_circuit_decorator.py for tasks to queue
[2025-11-21T10:52:05.317+0300] {logging_mixin.py:137} INFO - [2025-11-21T10:52:05.317+0300] {dagbag.py:532} INFO - Filling up the DagBag from /home/pker/airflow_env/lib/python3.7/site-packages/airflow/example_dags/example_short_circuit_decorator.py
[2025-11-21T10:52:05.361+0300] {processor.py:753} INFO - DAG(s) dict_keys(['example_short_circuit_decorator']) retrieved from /home/pker/airflow_env/lib/python3.7/site-packages/airflow/example_dags/example_short_circuit_decorator.py
[2025-11-21T10:52:05.396+0300] {logging_mixin.py:137} INFO - [2025-11-21T10:52:05.396+0300] {dag.py:2705} INFO - Sync 1 DAGs
[2025-11-21T10:52:05.429+0300] {logging_mixin.py:137} INFO - [2025-11-21T10:52:05.429+0300] {dag.py:3456} INFO - Setting next_dagrun for example_short_circuit_decorator to 2025-11-20T07:52:05.429436+00:00, run_after=2025-11-21T07:52:05.429436+00:00
[2025-11-21T10:52:05.495+0300] {processor.py:175} INFO - Processing /home/pker/airflow_env/lib/python3.7/site-packages/airflow/example_dags/example_short_circuit_decorator.py took 0.209 seconds
[2025-11-21T10:52:48.557+0300] {processor.py:153} INFO - Started process (PID=30618) to work on /home/pker/airflow_env/lib/python3.7/site-packages/airflow/example_dags/example_short_circuit_decorator.py
[2025-11-21T10:52:48.560+0300] {processor.py:743} INFO - Processing file /home/pker/airflow_env/lib/python3.7/site-packages/airflow/example_dags/example_short_circuit_decorator.py for tasks to queue
[2025-11-21T10:52:48.562+0300] {logging_mixin.py:137} INFO - [2025-11-21T10:52:48.561+0300] {dagbag.py:532} INFO - Filling up the DagBag from /home/pker/airflow_env/lib/python3.7/site-packages/airflow/example_dags/example_short_circuit_decorator.py
[2025-11-21T10:52:48.607+0300] {processor.py:753} INFO - DAG(s) dict_keys(['example_short_circuit_decorator']) retrieved from /home/pker/airflow_env/lib/python3.7/site-packages/airflow/example_dags/example_short_circuit_decorator.py
[2025-11-21T10:52:48.643+0300] {logging_mixin.py:137} INFO - [2025-11-21T10:52:48.643+0300] {dag.py:2705} INFO - Sync 1 DAGs
[2025-11-21T10:52:48.683+0300] {logging_mixin.py:137} INFO - [2025-11-21T10:52:48.682+0300] {dag.py:3456} INFO - Setting next_dagrun for example_short_circuit_decorator to 2025-11-20T07:52:48.682293+00:00, run_after=2025-11-21T07:52:48.682293+00:00
[2025-11-21T10:52:48.714+0300] {processor.py:175} INFO - Processing /home/pker/airflow_env/lib/python3.7/site-packages/airflow/example_dags/example_short_circuit_decorator.py took 0.165 seconds
[2025-11-21T10:53:38.679+0300] {processor.py:153} INFO - Started process (PID=30660) to work on /home/pker/airflow_env/lib/python3.7/site-packages/airflow/example_dags/example_short_circuit_decorator.py
[2025-11-21T10:53:38.703+0300] {processor.py:743} INFO - Processing file /home/pker/airflow_env/lib/python3.7/site-packages/airflow/example_dags/example_short_circuit_decorator.py for tasks to queue
[2025-11-21T10:53:38.705+0300] {logging_mixin.py:137} INFO - [2025-11-21T10:53:38.705+0300] {dagbag.py:532} INFO - Filling up the DagBag from /home/pker/airflow_env/lib/python3.7/site-packages/airflow/example_dags/example_short_circuit_decorator.py
[2025-11-21T10:53:38.757+0300] {processor.py:753} INFO - DAG(s) dict_keys(['example_short_circuit_decorator']) retrieved from /home/pker/airflow_env/lib/python3.7/site-packages/airflow/example_dags/example_short_circuit_decorator.py
[2025-11-21T10:53:38.796+0300] {logging_mixin.py:137} INFO - [2025-11-21T10:53:38.795+0300] {dag.py:2705} INFO - Sync 1 DAGs
[2025-11-21T10:53:38.837+0300] {logging_mixin.py:137} INFO - [2025-11-21T10:53:38.836+0300] {dag.py:3456} INFO - Setting next_dagrun for example_short_circuit_decorator to 2025-11-20T07:53:38.836341+00:00, run_after=2025-11-21T07:53:38.836341+00:00
[2025-11-21T10:53:38.907+0300] {processor.py:175} INFO - Processing /home/pker/airflow_env/lib/python3.7/site-packages/airflow/example_dags/example_short_circuit_decorator.py took 0.234 seconds
[2025-11-21T10:54:25.586+0300] {processor.py:153} INFO - Started process (PID=30704) to work on /home/pker/airflow_env/lib/python3.7/site-packages/airflow/example_dags/example_short_circuit_decorator.py
[2025-11-21T10:54:25.609+0300] {processor.py:743} INFO - Processing file /home/pker/airflow_env/lib/python3.7/site-packages/airflow/example_dags/example_short_circuit_decorator.py for tasks to queue
[2025-11-21T10:54:25.612+0300] {logging_mixin.py:137} INFO - [2025-11-21T10:54:25.611+0300] {dagbag.py:532} INFO - Filling up the DagBag from /home/pker/airflow_env/lib/python3.7/site-packages/airflow/example_dags/example_short_circuit_decorator.py
[2025-11-21T10:54:25.662+0300] {processor.py:753} INFO - DAG(s) dict_keys(['example_short_circuit_decorator']) retrieved from /home/pker/airflow_env/lib/python3.7/site-packages/airflow/example_dags/example_short_circuit_decorator.py
[2025-11-21T10:54:25.701+0300] {logging_mixin.py:137} INFO - [2025-11-21T10:54:25.701+0300] {dag.py:2705} INFO - Sync 1 DAGs
[2025-11-21T10:54:25.748+0300] {logging_mixin.py:137} INFO - [2025-11-21T10:54:25.747+0300] {dag.py:3456} INFO - Setting next_dagrun for example_short_circuit_decorator to 2025-11-20T07:54:25.747338+00:00, run_after=2025-11-21T07:54:25.747338+00:00
[2025-11-21T10:54:25.813+0300] {processor.py:175} INFO - Processing /home/pker/airflow_env/lib/python3.7/site-packages/airflow/example_dags/example_short_circuit_decorator.py took 0.235 seconds
[2025-11-21T10:55:14.411+0300] {processor.py:153} INFO - Started process (PID=30754) to work on /home/pker/airflow_env/lib/python3.7/site-packages/airflow/example_dags/example_short_circuit_decorator.py
[2025-11-21T10:55:14.434+0300] {processor.py:743} INFO - Processing file /home/pker/airflow_env/lib/python3.7/site-packages/airflow/example_dags/example_short_circuit_decorator.py for tasks to queue
[2025-11-21T10:55:14.436+0300] {logging_mixin.py:137} INFO - [2025-11-21T10:55:14.436+0300] {dagbag.py:532} INFO - Filling up the DagBag from /home/pker/airflow_env/lib/python3.7/site-packages/airflow/example_dags/example_short_circuit_decorator.py
[2025-11-21T10:55:14.483+0300] {processor.py:753} INFO - DAG(s) dict_keys(['example_short_circuit_decorator']) retrieved from /home/pker/airflow_env/lib/python3.7/site-packages/airflow/example_dags/example_short_circuit_decorator.py
[2025-11-21T10:55:14.522+0300] {logging_mixin.py:137} INFO - [2025-11-21T10:55:14.521+0300] {dag.py:2705} INFO - Sync 1 DAGs
[2025-11-21T10:55:14.568+0300] {logging_mixin.py:137} INFO - [2025-11-21T10:55:14.568+0300] {dag.py:3456} INFO - Setting next_dagrun for example_short_circuit_decorator to 2025-11-20T07:55:14.568321+00:00, run_after=2025-11-21T07:55:14.568321+00:00
[2025-11-21T10:55:14.609+0300] {processor.py:175} INFO - Processing /home/pker/airflow_env/lib/python3.7/site-packages/airflow/example_dags/example_short_circuit_decorator.py took 0.203 seconds
[2025-11-21T10:56:02.889+0300] {processor.py:153} INFO - Started process (PID=30800) to work on /home/pker/airflow_env/lib/python3.7/site-packages/airflow/example_dags/example_short_circuit_decorator.py
[2025-11-21T10:56:02.890+0300] {processor.py:743} INFO - Processing file /home/pker/airflow_env/lib/python3.7/site-packages/airflow/example_dags/example_short_circuit_decorator.py for tasks to queue
[2025-11-21T10:56:02.891+0300] {logging_mixin.py:137} INFO - [2025-11-21T10:56:02.891+0300] {dagbag.py:532} INFO - Filling up the DagBag from /home/pker/airflow_env/lib/python3.7/site-packages/airflow/example_dags/example_short_circuit_decorator.py
[2025-11-21T10:56:02.935+0300] {processor.py:753} INFO - DAG(s) dict_keys(['example_short_circuit_decorator']) retrieved from /home/pker/airflow_env/lib/python3.7/site-packages/airflow/example_dags/example_short_circuit_decorator.py
[2025-11-21T10:56:02.965+0300] {logging_mixin.py:137} INFO - [2025-11-21T10:56:02.965+0300] {dag.py:2705} INFO - Sync 1 DAGs
[2025-11-21T10:56:03.003+0300] {logging_mixin.py:137} INFO - [2025-11-21T10:56:03.003+0300] {dag.py:3456} INFO - Setting next_dagrun for example_short_circuit_decorator to 2025-11-20T07:56:03.002887+00:00, run_after=2025-11-21T07:56:03.002887+00:00
[2025-11-21T10:56:03.039+0300] {processor.py:175} INFO - Processing /home/pker/airflow_env/lib/python3.7/site-packages/airflow/example_dags/example_short_circuit_decorator.py took 0.155 seconds
[2025-11-21T10:56:50.898+0300] {processor.py:153} INFO - Started process (PID=30844) to work on /home/pker/airflow_env/lib/python3.7/site-packages/airflow/example_dags/example_short_circuit_decorator.py
[2025-11-21T10:56:50.922+0300] {processor.py:743} INFO - Processing file /home/pker/airflow_env/lib/python3.7/site-packages/airflow/example_dags/example_short_circuit_decorator.py for tasks to queue
[2025-11-21T10:56:50.924+0300] {logging_mixin.py:137} INFO - [2025-11-21T10:56:50.923+0300] {dagbag.py:532} INFO - Filling up the DagBag from /home/pker/airflow_env/lib/python3.7/site-packages/airflow/example_dags/example_short_circuit_decorator.py
[2025-11-21T10:56:50.968+0300] {processor.py:753} INFO - DAG(s) dict_keys(['example_short_circuit_decorator']) retrieved from /home/pker/airflow_env/lib/python3.7/site-packages/airflow/example_dags/example_short_circuit_decorator.py
[2025-11-21T10:56:51.006+0300] {logging_mixin.py:137} INFO - [2025-11-21T10:56:51.006+0300] {dag.py:2705} INFO - Sync 1 DAGs
[2025-11-21T10:56:51.048+0300] {logging_mixin.py:137} INFO - [2025-11-21T10:56:51.047+0300] {dag.py:3456} INFO - Setting next_dagrun for example_short_circuit_decorator to 2025-11-20T07:56:51.047531+00:00, run_after=2025-11-21T07:56:51.047531+00:00
[2025-11-21T10:56:51.088+0300] {processor.py:175} INFO - Processing /home/pker/airflow_env/lib/python3.7/site-packages/airflow/example_dags/example_short_circuit_decorator.py took 0.196 seconds
[2025-11-21T10:57:38.753+0300] {processor.py:153} INFO - Started process (PID=30886) to work on /home/pker/airflow_env/lib/python3.7/site-packages/airflow/example_dags/example_short_circuit_decorator.py
[2025-11-21T10:57:38.766+0300] {processor.py:743} INFO - Processing file /home/pker/airflow_env/lib/python3.7/site-packages/airflow/example_dags/example_short_circuit_decorator.py for tasks to queue
[2025-11-21T10:57:38.768+0300] {logging_mixin.py:137} INFO - [2025-11-21T10:57:38.768+0300] {dagbag.py:532} INFO - Filling up the DagBag from /home/pker/airflow_env/lib/python3.7/site-packages/airflow/example_dags/example_short_circuit_decorator.py
[2025-11-21T10:57:38.829+0300] {processor.py:753} INFO - DAG(s) dict_keys(['example_short_circuit_decorator']) retrieved from /home/pker/airflow_env/lib/python3.7/site-packages/airflow/example_dags/example_short_circuit_decorator.py
[2025-11-21T10:57:38.861+0300] {logging_mixin.py:137} INFO - [2025-11-21T10:57:38.861+0300] {dag.py:2705} INFO - Sync 1 DAGs
[2025-11-21T10:57:38.891+0300] {logging_mixin.py:137} INFO - [2025-11-21T10:57:38.891+0300] {dag.py:3456} INFO - Setting next_dagrun for example_short_circuit_decorator to 2025-11-20T07:57:38.891188+00:00, run_after=2025-11-21T07:57:38.891188+00:00
[2025-11-21T10:57:38.946+0300] {processor.py:175} INFO - Processing /home/pker/airflow_env/lib/python3.7/site-packages/airflow/example_dags/example_short_circuit_decorator.py took 0.199 seconds
[2025-11-21T10:58:26.904+0300] {processor.py:153} INFO - Started process (PID=30932) to work on /home/pker/airflow_env/lib/python3.7/site-packages/airflow/example_dags/example_short_circuit_decorator.py
[2025-11-21T10:58:26.907+0300] {processor.py:743} INFO - Processing file /home/pker/airflow_env/lib/python3.7/site-packages/airflow/example_dags/example_short_circuit_decorator.py for tasks to queue
[2025-11-21T10:58:26.908+0300] {logging_mixin.py:137} INFO - [2025-11-21T10:58:26.907+0300] {dagbag.py:532} INFO - Filling up the DagBag from /home/pker/airflow_env/lib/python3.7/site-packages/airflow/example_dags/example_short_circuit_decorator.py
[2025-11-21T10:58:26.970+0300] {processor.py:753} INFO - DAG(s) dict_keys(['example_short_circuit_decorator']) retrieved from /home/pker/airflow_env/lib/python3.7/site-packages/airflow/example_dags/example_short_circuit_decorator.py
[2025-11-21T10:58:27.029+0300] {logging_mixin.py:137} INFO - [2025-11-21T10:58:27.028+0300] {dag.py:2705} INFO - Sync 1 DAGs
[2025-11-21T10:58:27.081+0300] {logging_mixin.py:137} INFO - [2025-11-21T10:58:27.081+0300] {dag.py:3456} INFO - Setting next_dagrun for example_short_circuit_decorator to 2025-11-20T07:58:27.081260+00:00, run_after=2025-11-21T07:58:27.081260+00:00
[2025-11-21T10:58:27.115+0300] {processor.py:175} INFO - Processing /home/pker/airflow_env/lib/python3.7/site-packages/airflow/example_dags/example_short_circuit_decorator.py took 0.222 seconds
[2025-11-21T10:59:16.052+0300] {processor.py:153} INFO - Started process (PID=30995) to work on /home/pker/airflow_env/lib/python3.7/site-packages/airflow/example_dags/example_short_circuit_decorator.py
[2025-11-21T10:59:16.054+0300] {processor.py:743} INFO - Processing file /home/pker/airflow_env/lib/python3.7/site-packages/airflow/example_dags/example_short_circuit_decorator.py for tasks to queue
[2025-11-21T10:59:16.057+0300] {logging_mixin.py:137} INFO - [2025-11-21T10:59:16.057+0300] {dagbag.py:532} INFO - Filling up the DagBag from /home/pker/airflow_env/lib/python3.7/site-packages/airflow/example_dags/example_short_circuit_decorator.py
[2025-11-21T10:59:16.107+0300] {processor.py:753} INFO - DAG(s) dict_keys(['example_short_circuit_decorator']) retrieved from /home/pker/airflow_env/lib/python3.7/site-packages/airflow/example_dags/example_short_circuit_decorator.py
[2025-11-21T10:59:16.137+0300] {logging_mixin.py:137} INFO - [2025-11-21T10:59:16.137+0300] {dag.py:2705} INFO - Sync 1 DAGs
[2025-11-21T10:59:16.175+0300] {logging_mixin.py:137} INFO - [2025-11-21T10:59:16.175+0300] {dag.py:3456} INFO - Setting next_dagrun for example_short_circuit_decorator to 2025-11-20T07:59:16.175127+00:00, run_after=2025-11-21T07:59:16.175127+00:00
[2025-11-21T10:59:16.250+0300] {processor.py:175} INFO - Processing /home/pker/airflow_env/lib/python3.7/site-packages/airflow/example_dags/example_short_circuit_decorator.py took 0.206 seconds
[2025-11-21T11:00:04.161+0300] {processor.py:153} INFO - Started process (PID=31042) to work on /home/pker/airflow_env/lib/python3.7/site-packages/airflow/example_dags/example_short_circuit_decorator.py
[2025-11-21T11:00:04.183+0300] {processor.py:743} INFO - Processing file /home/pker/airflow_env/lib/python3.7/site-packages/airflow/example_dags/example_short_circuit_decorator.py for tasks to queue
[2025-11-21T11:00:04.186+0300] {logging_mixin.py:137} INFO - [2025-11-21T11:00:04.185+0300] {dagbag.py:532} INFO - Filling up the DagBag from /home/pker/airflow_env/lib/python3.7/site-packages/airflow/example_dags/example_short_circuit_decorator.py
[2025-11-21T11:00:04.236+0300] {processor.py:753} INFO - DAG(s) dict_keys(['example_short_circuit_decorator']) retrieved from /home/pker/airflow_env/lib/python3.7/site-packages/airflow/example_dags/example_short_circuit_decorator.py
[2025-11-21T11:00:04.264+0300] {logging_mixin.py:137} INFO - [2025-11-21T11:00:04.264+0300] {dag.py:2705} INFO - Sync 1 DAGs
[2025-11-21T11:00:04.293+0300] {logging_mixin.py:137} INFO - [2025-11-21T11:00:04.292+0300] {dag.py:3456} INFO - Setting next_dagrun for example_short_circuit_decorator to 2025-11-20T08:00:04.292548+00:00, run_after=2025-11-21T08:00:04.292548+00:00
[2025-11-21T11:00:04.332+0300] {processor.py:175} INFO - Processing /home/pker/airflow_env/lib/python3.7/site-packages/airflow/example_dags/example_short_circuit_decorator.py took 0.176 seconds
[2025-11-21T11:00:56.877+0300] {processor.py:153} INFO - Started process (PID=31099) to work on /home/pker/airflow_env/lib/python3.7/site-packages/airflow/example_dags/example_short_circuit_decorator.py
[2025-11-21T11:00:56.900+0300] {processor.py:743} INFO - Processing file /home/pker/airflow_env/lib/python3.7/site-packages/airflow/example_dags/example_short_circuit_decorator.py for tasks to queue
[2025-11-21T11:00:56.903+0300] {logging_mixin.py:137} INFO - [2025-11-21T11:00:56.902+0300] {dagbag.py:532} INFO - Filling up the DagBag from /home/pker/airflow_env/lib/python3.7/site-packages/airflow/example_dags/example_short_circuit_decorator.py
[2025-11-21T11:00:56.946+0300] {processor.py:753} INFO - DAG(s) dict_keys(['example_short_circuit_decorator']) retrieved from /home/pker/airflow_env/lib/python3.7/site-packages/airflow/example_dags/example_short_circuit_decorator.py
[2025-11-21T11:00:56.975+0300] {logging_mixin.py:137} INFO - [2025-11-21T11:00:56.975+0300] {dag.py:2705} INFO - Sync 1 DAGs
[2025-11-21T11:00:57.004+0300] {logging_mixin.py:137} INFO - [2025-11-21T11:00:57.003+0300] {dag.py:3456} INFO - Setting next_dagrun for example_short_circuit_decorator to 2025-11-20T08:00:57.003606+00:00, run_after=2025-11-21T08:00:57.003606+00:00
[2025-11-21T11:00:57.127+0300] {processor.py:175} INFO - Processing /home/pker/airflow_env/lib/python3.7/site-packages/airflow/example_dags/example_short_circuit_decorator.py took 0.255 seconds
[2025-11-21T11:01:45.574+0300] {processor.py:153} INFO - Started process (PID=31143) to work on /home/pker/airflow_env/lib/python3.7/site-packages/airflow/example_dags/example_short_circuit_decorator.py
[2025-11-21T11:01:45.600+0300] {processor.py:743} INFO - Processing file /home/pker/airflow_env/lib/python3.7/site-packages/airflow/example_dags/example_short_circuit_decorator.py for tasks to queue
[2025-11-21T11:01:45.602+0300] {logging_mixin.py:137} INFO - [2025-11-21T11:01:45.602+0300] {dagbag.py:532} INFO - Filling up the DagBag from /home/pker/airflow_env/lib/python3.7/site-packages/airflow/example_dags/example_short_circuit_decorator.py
[2025-11-21T11:01:45.680+0300] {processor.py:753} INFO - DAG(s) dict_keys(['example_short_circuit_decorator']) retrieved from /home/pker/airflow_env/lib/python3.7/site-packages/airflow/example_dags/example_short_circuit_decorator.py
[2025-11-21T11:01:45.728+0300] {logging_mixin.py:137} INFO - [2025-11-21T11:01:45.728+0300] {dag.py:2705} INFO - Sync 1 DAGs
[2025-11-21T11:01:45.762+0300] {logging_mixin.py:137} INFO - [2025-11-21T11:01:45.762+0300] {dag.py:3456} INFO - Setting next_dagrun for example_short_circuit_decorator to 2025-11-20T08:01:45.761738+00:00, run_after=2025-11-21T08:01:45.761738+00:00
[2025-11-21T11:01:45.794+0300] {processor.py:175} INFO - Processing /home/pker/airflow_env/lib/python3.7/site-packages/airflow/example_dags/example_short_circuit_decorator.py took 0.243 seconds
[2025-11-21T11:02:32.376+0300] {processor.py:153} INFO - Started process (PID=31187) to work on /home/pker/airflow_env/lib/python3.7/site-packages/airflow/example_dags/example_short_circuit_decorator.py
[2025-11-21T11:02:32.397+0300] {processor.py:743} INFO - Processing file /home/pker/airflow_env/lib/python3.7/site-packages/airflow/example_dags/example_short_circuit_decorator.py for tasks to queue
[2025-11-21T11:02:32.399+0300] {logging_mixin.py:137} INFO - [2025-11-21T11:02:32.399+0300] {dagbag.py:532} INFO - Filling up the DagBag from /home/pker/airflow_env/lib/python3.7/site-packages/airflow/example_dags/example_short_circuit_decorator.py
[2025-11-21T11:02:32.444+0300] {processor.py:753} INFO - DAG(s) dict_keys(['example_short_circuit_decorator']) retrieved from /home/pker/airflow_env/lib/python3.7/site-packages/airflow/example_dags/example_short_circuit_decorator.py
[2025-11-21T11:02:32.477+0300] {logging_mixin.py:137} INFO - [2025-11-21T11:02:32.477+0300] {dag.py:2705} INFO - Sync 1 DAGs
[2025-11-21T11:02:32.517+0300] {logging_mixin.py:137} INFO - [2025-11-21T11:02:32.517+0300] {dag.py:3456} INFO - Setting next_dagrun for example_short_circuit_decorator to 2025-11-20T08:02:32.516962+00:00, run_after=2025-11-21T08:02:32.516962+00:00
[2025-11-21T11:02:32.589+0300] {processor.py:175} INFO - Processing /home/pker/airflow_env/lib/python3.7/site-packages/airflow/example_dags/example_short_circuit_decorator.py took 0.220 seconds
[2025-11-21T11:03:17.678+0300] {processor.py:153} INFO - Started process (PID=31234) to work on /home/pker/airflow_env/lib/python3.7/site-packages/airflow/example_dags/example_short_circuit_decorator.py
[2025-11-21T11:03:17.683+0300] {processor.py:743} INFO - Processing file /home/pker/airflow_env/lib/python3.7/site-packages/airflow/example_dags/example_short_circuit_decorator.py for tasks to queue
[2025-11-21T11:03:17.685+0300] {logging_mixin.py:137} INFO - [2025-11-21T11:03:17.684+0300] {dagbag.py:532} INFO - Filling up the DagBag from /home/pker/airflow_env/lib/python3.7/site-packages/airflow/example_dags/example_short_circuit_decorator.py
[2025-11-21T11:03:17.736+0300] {processor.py:753} INFO - DAG(s) dict_keys(['example_short_circuit_decorator']) retrieved from /home/pker/airflow_env/lib/python3.7/site-packages/airflow/example_dags/example_short_circuit_decorator.py
[2025-11-21T11:03:17.769+0300] {logging_mixin.py:137} INFO - [2025-11-21T11:03:17.769+0300] {dag.py:2705} INFO - Sync 1 DAGs
[2025-11-21T11:03:17.814+0300] {logging_mixin.py:137} INFO - [2025-11-21T11:03:17.814+0300] {dag.py:3456} INFO - Setting next_dagrun for example_short_circuit_decorator to 2025-11-20T08:03:17.814158+00:00, run_after=2025-11-21T08:03:17.814158+00:00
[2025-11-21T11:03:17.882+0300] {processor.py:175} INFO - Processing /home/pker/airflow_env/lib/python3.7/site-packages/airflow/example_dags/example_short_circuit_decorator.py took 0.210 seconds
[2025-11-21T11:04:06.371+0300] {processor.py:153} INFO - Started process (PID=31279) to work on /home/pker/airflow_env/lib/python3.7/site-packages/airflow/example_dags/example_short_circuit_decorator.py
[2025-11-21T11:04:06.393+0300] {processor.py:743} INFO - Processing file /home/pker/airflow_env/lib/python3.7/site-packages/airflow/example_dags/example_short_circuit_decorator.py for tasks to queue
[2025-11-21T11:04:06.395+0300] {logging_mixin.py:137} INFO - [2025-11-21T11:04:06.394+0300] {dagbag.py:532} INFO - Filling up the DagBag from /home/pker/airflow_env/lib/python3.7/site-packages/airflow/example_dags/example_short_circuit_decorator.py
[2025-11-21T11:04:06.438+0300] {processor.py:753} INFO - DAG(s) dict_keys(['example_short_circuit_decorator']) retrieved from /home/pker/airflow_env/lib/python3.7/site-packages/airflow/example_dags/example_short_circuit_decorator.py
[2025-11-21T11:04:06.466+0300] {logging_mixin.py:137} INFO - [2025-11-21T11:04:06.466+0300] {dag.py:2705} INFO - Sync 1 DAGs
[2025-11-21T11:04:06.495+0300] {logging_mixin.py:137} INFO - [2025-11-21T11:04:06.494+0300] {dag.py:3456} INFO - Setting next_dagrun for example_short_circuit_decorator to 2025-11-20T08:04:06.494439+00:00, run_after=2025-11-21T08:04:06.494439+00:00
[2025-11-21T11:04:06.556+0300] {processor.py:175} INFO - Processing /home/pker/airflow_env/lib/python3.7/site-packages/airflow/example_dags/example_short_circuit_decorator.py took 0.190 seconds
[2025-11-21T11:04:54.167+0300] {processor.py:153} INFO - Started process (PID=31324) to work on /home/pker/airflow_env/lib/python3.7/site-packages/airflow/example_dags/example_short_circuit_decorator.py
[2025-11-21T11:04:54.189+0300] {processor.py:743} INFO - Processing file /home/pker/airflow_env/lib/python3.7/site-packages/airflow/example_dags/example_short_circuit_decorator.py for tasks to queue
[2025-11-21T11:04:54.191+0300] {logging_mixin.py:137} INFO - [2025-11-21T11:04:54.191+0300] {dagbag.py:532} INFO - Filling up the DagBag from /home/pker/airflow_env/lib/python3.7/site-packages/airflow/example_dags/example_short_circuit_decorator.py
[2025-11-21T11:04:54.241+0300] {processor.py:753} INFO - DAG(s) dict_keys(['example_short_circuit_decorator']) retrieved from /home/pker/airflow_env/lib/python3.7/site-packages/airflow/example_dags/example_short_circuit_decorator.py
[2025-11-21T11:04:54.280+0300] {logging_mixin.py:137} INFO - [2025-11-21T11:04:54.279+0300] {dag.py:2705} INFO - Sync 1 DAGs
[2025-11-21T11:04:54.322+0300] {logging_mixin.py:137} INFO - [2025-11-21T11:04:54.322+0300] {dag.py:3456} INFO - Setting next_dagrun for example_short_circuit_decorator to 2025-11-20T08:04:54.321502+00:00, run_after=2025-11-21T08:04:54.321502+00:00
[2025-11-21T11:04:54.390+0300] {processor.py:175} INFO - Processing /home/pker/airflow_env/lib/python3.7/site-packages/airflow/example_dags/example_short_circuit_decorator.py took 0.229 seconds
[2025-11-21T11:05:43.348+0300] {processor.py:153} INFO - Started process (PID=31373) to work on /home/pker/airflow_env/lib/python3.7/site-packages/airflow/example_dags/example_short_circuit_decorator.py
[2025-11-21T11:05:43.351+0300] {processor.py:743} INFO - Processing file /home/pker/airflow_env/lib/python3.7/site-packages/airflow/example_dags/example_short_circuit_decorator.py for tasks to queue
[2025-11-21T11:05:43.352+0300] {logging_mixin.py:137} INFO - [2025-11-21T11:05:43.352+0300] {dagbag.py:532} INFO - Filling up the DagBag from /home/pker/airflow_env/lib/python3.7/site-packages/airflow/example_dags/example_short_circuit_decorator.py
[2025-11-21T11:05:43.401+0300] {processor.py:753} INFO - DAG(s) dict_keys(['example_short_circuit_decorator']) retrieved from /home/pker/airflow_env/lib/python3.7/site-packages/airflow/example_dags/example_short_circuit_decorator.py
[2025-11-21T11:05:43.431+0300] {logging_mixin.py:137} INFO - [2025-11-21T11:05:43.431+0300] {dag.py:2705} INFO - Sync 1 DAGs
[2025-11-21T11:05:43.471+0300] {logging_mixin.py:137} INFO - [2025-11-21T11:05:43.470+0300] {dag.py:3456} INFO - Setting next_dagrun for example_short_circuit_decorator to 2025-11-20T08:05:43.470346+00:00, run_after=2025-11-21T08:05:43.470346+00:00
[2025-11-21T11:05:43.505+0300] {processor.py:175} INFO - Processing /home/pker/airflow_env/lib/python3.7/site-packages/airflow/example_dags/example_short_circuit_decorator.py took 0.166 seconds
[2025-11-21T11:06:32.165+0300] {processor.py:153} INFO - Started process (PID=31423) to work on /home/pker/airflow_env/lib/python3.7/site-packages/airflow/example_dags/example_short_circuit_decorator.py
[2025-11-21T11:06:32.187+0300] {processor.py:743} INFO - Processing file /home/pker/airflow_env/lib/python3.7/site-packages/airflow/example_dags/example_short_circuit_decorator.py for tasks to queue
[2025-11-21T11:06:32.188+0300] {logging_mixin.py:137} INFO - [2025-11-21T11:06:32.188+0300] {dagbag.py:532} INFO - Filling up the DagBag from /home/pker/airflow_env/lib/python3.7/site-packages/airflow/example_dags/example_short_circuit_decorator.py
[2025-11-21T11:06:32.229+0300] {processor.py:753} INFO - DAG(s) dict_keys(['example_short_circuit_decorator']) retrieved from /home/pker/airflow_env/lib/python3.7/site-packages/airflow/example_dags/example_short_circuit_decorator.py
[2025-11-21T11:06:32.284+0300] {logging_mixin.py:137} INFO - [2025-11-21T11:06:32.284+0300] {dag.py:2705} INFO - Sync 1 DAGs
[2025-11-21T11:06:32.320+0300] {logging_mixin.py:137} INFO - [2025-11-21T11:06:32.319+0300] {dag.py:3456} INFO - Setting next_dagrun for example_short_circuit_decorator to 2025-11-20T08:06:32.319519+00:00, run_after=2025-11-21T08:06:32.319519+00:00
[2025-11-21T11:06:32.386+0300] {processor.py:175} INFO - Processing /home/pker/airflow_env/lib/python3.7/site-packages/airflow/example_dags/example_short_circuit_decorator.py took 0.227 seconds
[2025-11-21T11:07:17.780+0300] {processor.py:153} INFO - Started process (PID=31471) to work on /home/pker/airflow_env/lib/python3.7/site-packages/airflow/example_dags/example_short_circuit_decorator.py
[2025-11-21T11:07:17.783+0300] {processor.py:743} INFO - Processing file /home/pker/airflow_env/lib/python3.7/site-packages/airflow/example_dags/example_short_circuit_decorator.py for tasks to queue
[2025-11-21T11:07:17.784+0300] {logging_mixin.py:137} INFO - [2025-11-21T11:07:17.784+0300] {dagbag.py:532} INFO - Filling up the DagBag from /home/pker/airflow_env/lib/python3.7/site-packages/airflow/example_dags/example_short_circuit_decorator.py
[2025-11-21T11:07:17.849+0300] {processor.py:753} INFO - DAG(s) dict_keys(['example_short_circuit_decorator']) retrieved from /home/pker/airflow_env/lib/python3.7/site-packages/airflow/example_dags/example_short_circuit_decorator.py
[2025-11-21T11:07:17.894+0300] {logging_mixin.py:137} INFO - [2025-11-21T11:07:17.894+0300] {dag.py:2705} INFO - Sync 1 DAGs
[2025-11-21T11:07:17.928+0300] {logging_mixin.py:137} INFO - [2025-11-21T11:07:17.927+0300] {dag.py:3456} INFO - Setting next_dagrun for example_short_circuit_decorator to 2025-11-20T08:07:17.927256+00:00, run_after=2025-11-21T08:07:17.927256+00:00
[2025-11-21T11:07:17.978+0300] {processor.py:175} INFO - Processing /home/pker/airflow_env/lib/python3.7/site-packages/airflow/example_dags/example_short_circuit_decorator.py took 0.203 seconds
[2025-11-21T11:08:06.972+0300] {processor.py:153} INFO - Started process (PID=31540) to work on /home/pker/airflow_env/lib/python3.7/site-packages/airflow/example_dags/example_short_circuit_decorator.py
[2025-11-21T11:08:06.975+0300] {processor.py:743} INFO - Processing file /home/pker/airflow_env/lib/python3.7/site-packages/airflow/example_dags/example_short_circuit_decorator.py for tasks to queue
[2025-11-21T11:08:06.977+0300] {logging_mixin.py:137} INFO - [2025-11-21T11:08:06.977+0300] {dagbag.py:532} INFO - Filling up the DagBag from /home/pker/airflow_env/lib/python3.7/site-packages/airflow/example_dags/example_short_circuit_decorator.py
[2025-11-21T11:08:07.033+0300] {processor.py:753} INFO - DAG(s) dict_keys(['example_short_circuit_decorator']) retrieved from /home/pker/airflow_env/lib/python3.7/site-packages/airflow/example_dags/example_short_circuit_decorator.py
[2025-11-21T11:08:07.066+0300] {logging_mixin.py:137} INFO - [2025-11-21T11:08:07.066+0300] {dag.py:2705} INFO - Sync 1 DAGs
[2025-11-21T11:08:07.101+0300] {logging_mixin.py:137} INFO - [2025-11-21T11:08:07.100+0300] {dag.py:3456} INFO - Setting next_dagrun for example_short_circuit_decorator to 2025-11-20T08:08:07.100451+00:00, run_after=2025-11-21T08:08:07.100451+00:00
[2025-11-21T11:08:07.163+0300] {processor.py:175} INFO - Processing /home/pker/airflow_env/lib/python3.7/site-packages/airflow/example_dags/example_short_circuit_decorator.py took 0.200 seconds
[2025-11-21T11:08:55.045+0300] {processor.py:153} INFO - Started process (PID=31587) to work on /home/pker/airflow_env/lib/python3.7/site-packages/airflow/example_dags/example_short_circuit_decorator.py
[2025-11-21T11:08:55.067+0300] {processor.py:743} INFO - Processing file /home/pker/airflow_env/lib/python3.7/site-packages/airflow/example_dags/example_short_circuit_decorator.py for tasks to queue
[2025-11-21T11:08:55.068+0300] {logging_mixin.py:137} INFO - [2025-11-21T11:08:55.068+0300] {dagbag.py:532} INFO - Filling up the DagBag from /home/pker/airflow_env/lib/python3.7/site-packages/airflow/example_dags/example_short_circuit_decorator.py
[2025-11-21T11:08:55.120+0300] {processor.py:753} INFO - DAG(s) dict_keys(['example_short_circuit_decorator']) retrieved from /home/pker/airflow_env/lib/python3.7/site-packages/airflow/example_dags/example_short_circuit_decorator.py
[2025-11-21T11:08:55.170+0300] {logging_mixin.py:137} INFO - [2025-11-21T11:08:55.169+0300] {dag.py:2705} INFO - Sync 1 DAGs
[2025-11-21T11:08:55.215+0300] {logging_mixin.py:137} INFO - [2025-11-21T11:08:55.214+0300] {dag.py:3456} INFO - Setting next_dagrun for example_short_circuit_decorator to 2025-11-20T08:08:55.214036+00:00, run_after=2025-11-21T08:08:55.214036+00:00
[2025-11-21T11:08:55.283+0300] {processor.py:175} INFO - Processing /home/pker/airflow_env/lib/python3.7/site-packages/airflow/example_dags/example_short_circuit_decorator.py took 0.243 seconds
