[2025-11-21T10:44:22.912+0300] {processor.py:153} INFO - Started process (PID=30104) to work on /home/pker/airflow_env/lib/python3.7/site-packages/airflow/example_dags/example_sensor_decorator.py
[2025-11-21T10:44:22.914+0300] {processor.py:743} INFO - Processing file /home/pker/airflow_env/lib/python3.7/site-packages/airflow/example_dags/example_sensor_decorator.py for tasks to queue
[2025-11-21T10:44:22.916+0300] {logging_mixin.py:137} INFO - [2025-11-21T10:44:22.916+0300] {dagbag.py:532} INFO - Filling up the DagBag from /home/pker/airflow_env/lib/python3.7/site-packages/airflow/example_dags/example_sensor_decorator.py
[2025-11-21T10:44:22.965+0300] {processor.py:753} INFO - DAG(s) dict_keys(['example_sensor_decorator']) retrieved from /home/pker/airflow_env/lib/python3.7/site-packages/airflow/example_dags/example_sensor_decorator.py
[2025-11-21T10:44:23.137+0300] {logging_mixin.py:137} INFO - [2025-11-21T10:44:23.137+0300] {manager.py:504} INFO - Created Permission View: can delete on DAG:example_sensor_decorator
[2025-11-21T10:44:23.153+0300] {logging_mixin.py:137} INFO - [2025-11-21T10:44:23.153+0300] {manager.py:504} INFO - Created Permission View: can read on DAG:example_sensor_decorator
[2025-11-21T10:44:23.167+0300] {logging_mixin.py:137} INFO - [2025-11-21T10:44:23.167+0300] {manager.py:504} INFO - Created Permission View: can edit on DAG:example_sensor_decorator
[2025-11-21T10:44:23.167+0300] {logging_mixin.py:137} INFO - [2025-11-21T10:44:23.167+0300] {dag.py:2705} INFO - Sync 1 DAGs
[2025-11-21T10:44:23.186+0300] {logging_mixin.py:137} INFO - [2025-11-21T10:44:23.185+0300] {dag.py:2726} INFO - Creating ORM DAG for example_sensor_decorator
[2025-11-21T10:44:23.199+0300] {logging_mixin.py:137} INFO - [2025-11-21T10:44:23.198+0300] {dag.py:3456} INFO - Setting next_dagrun for example_sensor_decorator to None, run_after=None
[2025-11-21T10:44:23.226+0300] {processor.py:175} INFO - Processing /home/pker/airflow_env/lib/python3.7/site-packages/airflow/example_dags/example_sensor_decorator.py took 0.320 seconds
[2025-11-21T10:45:13.068+0300] {processor.py:153} INFO - Started process (PID=30148) to work on /home/pker/airflow_env/lib/python3.7/site-packages/airflow/example_dags/example_sensor_decorator.py
[2025-11-21T10:45:13.091+0300] {processor.py:743} INFO - Processing file /home/pker/airflow_env/lib/python3.7/site-packages/airflow/example_dags/example_sensor_decorator.py for tasks to queue
[2025-11-21T10:45:13.093+0300] {logging_mixin.py:137} INFO - [2025-11-21T10:45:13.093+0300] {dagbag.py:532} INFO - Filling up the DagBag from /home/pker/airflow_env/lib/python3.7/site-packages/airflow/example_dags/example_sensor_decorator.py
[2025-11-21T10:45:13.156+0300] {processor.py:753} INFO - DAG(s) dict_keys(['example_sensor_decorator']) retrieved from /home/pker/airflow_env/lib/python3.7/site-packages/airflow/example_dags/example_sensor_decorator.py
[2025-11-21T10:45:13.189+0300] {logging_mixin.py:137} INFO - [2025-11-21T10:45:13.188+0300] {dag.py:2705} INFO - Sync 1 DAGs
[2025-11-21T10:45:13.234+0300] {logging_mixin.py:137} INFO - [2025-11-21T10:45:13.233+0300] {dag.py:3456} INFO - Setting next_dagrun for example_sensor_decorator to None, run_after=None
[2025-11-21T10:45:13.290+0300] {processor.py:175} INFO - Processing /home/pker/airflow_env/lib/python3.7/site-packages/airflow/example_dags/example_sensor_decorator.py took 0.231 seconds
[2025-11-21T10:46:01.591+0300] {processor.py:153} INFO - Started process (PID=30216) to work on /home/pker/airflow_env/lib/python3.7/site-packages/airflow/example_dags/example_sensor_decorator.py
[2025-11-21T10:46:01.615+0300] {processor.py:743} INFO - Processing file /home/pker/airflow_env/lib/python3.7/site-packages/airflow/example_dags/example_sensor_decorator.py for tasks to queue
[2025-11-21T10:46:01.618+0300] {logging_mixin.py:137} INFO - [2025-11-21T10:46:01.617+0300] {dagbag.py:532} INFO - Filling up the DagBag from /home/pker/airflow_env/lib/python3.7/site-packages/airflow/example_dags/example_sensor_decorator.py
[2025-11-21T10:46:01.665+0300] {processor.py:753} INFO - DAG(s) dict_keys(['example_sensor_decorator']) retrieved from /home/pker/airflow_env/lib/python3.7/site-packages/airflow/example_dags/example_sensor_decorator.py
[2025-11-21T10:46:01.696+0300] {logging_mixin.py:137} INFO - [2025-11-21T10:46:01.696+0300] {dag.py:2705} INFO - Sync 1 DAGs
[2025-11-21T10:46:01.730+0300] {logging_mixin.py:137} INFO - [2025-11-21T10:46:01.730+0300] {dag.py:3456} INFO - Setting next_dagrun for example_sensor_decorator to None, run_after=None
[2025-11-21T10:46:01.795+0300] {processor.py:175} INFO - Processing /home/pker/airflow_env/lib/python3.7/site-packages/airflow/example_dags/example_sensor_decorator.py took 0.209 seconds
[2025-11-21T10:46:49.985+0300] {processor.py:153} INFO - Started process (PID=30264) to work on /home/pker/airflow_env/lib/python3.7/site-packages/airflow/example_dags/example_sensor_decorator.py
[2025-11-21T10:46:50.008+0300] {processor.py:743} INFO - Processing file /home/pker/airflow_env/lib/python3.7/site-packages/airflow/example_dags/example_sensor_decorator.py for tasks to queue
[2025-11-21T10:46:50.011+0300] {logging_mixin.py:137} INFO - [2025-11-21T10:46:50.010+0300] {dagbag.py:532} INFO - Filling up the DagBag from /home/pker/airflow_env/lib/python3.7/site-packages/airflow/example_dags/example_sensor_decorator.py
[2025-11-21T10:46:50.055+0300] {processor.py:753} INFO - DAG(s) dict_keys(['example_sensor_decorator']) retrieved from /home/pker/airflow_env/lib/python3.7/site-packages/airflow/example_dags/example_sensor_decorator.py
[2025-11-21T10:46:50.091+0300] {logging_mixin.py:137} INFO - [2025-11-21T10:46:50.091+0300] {dag.py:2705} INFO - Sync 1 DAGs
[2025-11-21T10:46:50.121+0300] {logging_mixin.py:137} INFO - [2025-11-21T10:46:50.121+0300] {dag.py:3456} INFO - Setting next_dagrun for example_sensor_decorator to None, run_after=None
[2025-11-21T10:46:50.173+0300] {processor.py:175} INFO - Processing /home/pker/airflow_env/lib/python3.7/site-packages/airflow/example_dags/example_sensor_decorator.py took 0.196 seconds
[2025-11-21T10:47:37.533+0300] {processor.py:153} INFO - Started process (PID=30306) to work on /home/pker/airflow_env/lib/python3.7/site-packages/airflow/example_dags/example_sensor_decorator.py
[2025-11-21T10:47:37.555+0300] {processor.py:743} INFO - Processing file /home/pker/airflow_env/lib/python3.7/site-packages/airflow/example_dags/example_sensor_decorator.py for tasks to queue
[2025-11-21T10:47:37.557+0300] {logging_mixin.py:137} INFO - [2025-11-21T10:47:37.557+0300] {dagbag.py:532} INFO - Filling up the DagBag from /home/pker/airflow_env/lib/python3.7/site-packages/airflow/example_dags/example_sensor_decorator.py
[2025-11-21T10:47:37.635+0300] {processor.py:753} INFO - DAG(s) dict_keys(['example_sensor_decorator']) retrieved from /home/pker/airflow_env/lib/python3.7/site-packages/airflow/example_dags/example_sensor_decorator.py
[2025-11-21T10:47:37.684+0300] {logging_mixin.py:137} INFO - [2025-11-21T10:47:37.684+0300] {dag.py:2705} INFO - Sync 1 DAGs
[2025-11-21T10:47:37.739+0300] {logging_mixin.py:137} INFO - [2025-11-21T10:47:37.739+0300] {dag.py:3456} INFO - Setting next_dagrun for example_sensor_decorator to None, run_after=None
[2025-11-21T10:47:37.794+0300] {processor.py:175} INFO - Processing /home/pker/airflow_env/lib/python3.7/site-packages/airflow/example_dags/example_sensor_decorator.py took 0.266 seconds
[2025-11-21T10:48:24.958+0300] {processor.py:153} INFO - Started process (PID=30350) to work on /home/pker/airflow_env/lib/python3.7/site-packages/airflow/example_dags/example_sensor_decorator.py
[2025-11-21T10:48:24.981+0300] {processor.py:743} INFO - Processing file /home/pker/airflow_env/lib/python3.7/site-packages/airflow/example_dags/example_sensor_decorator.py for tasks to queue
[2025-11-21T10:48:24.984+0300] {logging_mixin.py:137} INFO - [2025-11-21T10:48:24.983+0300] {dagbag.py:532} INFO - Filling up the DagBag from /home/pker/airflow_env/lib/python3.7/site-packages/airflow/example_dags/example_sensor_decorator.py
[2025-11-21T10:48:25.023+0300] {processor.py:753} INFO - DAG(s) dict_keys(['example_sensor_decorator']) retrieved from /home/pker/airflow_env/lib/python3.7/site-packages/airflow/example_dags/example_sensor_decorator.py
[2025-11-21T10:48:25.046+0300] {logging_mixin.py:137} INFO - [2025-11-21T10:48:25.046+0300] {dag.py:2705} INFO - Sync 1 DAGs
[2025-11-21T10:48:25.073+0300] {logging_mixin.py:137} INFO - [2025-11-21T10:48:25.073+0300] {dag.py:3456} INFO - Setting next_dagrun for example_sensor_decorator to None, run_after=None
[2025-11-21T10:48:25.108+0300] {processor.py:175} INFO - Processing /home/pker/airflow_env/lib/python3.7/site-packages/airflow/example_dags/example_sensor_decorator.py took 0.156 seconds
[2025-11-21T10:49:10.547+0300] {processor.py:153} INFO - Started process (PID=30407) to work on /home/pker/airflow_env/lib/python3.7/site-packages/airflow/example_dags/example_sensor_decorator.py
[2025-11-21T10:49:10.548+0300] {processor.py:743} INFO - Processing file /home/pker/airflow_env/lib/python3.7/site-packages/airflow/example_dags/example_sensor_decorator.py for tasks to queue
[2025-11-21T10:49:10.549+0300] {logging_mixin.py:137} INFO - [2025-11-21T10:49:10.549+0300] {dagbag.py:532} INFO - Filling up the DagBag from /home/pker/airflow_env/lib/python3.7/site-packages/airflow/example_dags/example_sensor_decorator.py
[2025-11-21T10:49:10.585+0300] {processor.py:753} INFO - DAG(s) dict_keys(['example_sensor_decorator']) retrieved from /home/pker/airflow_env/lib/python3.7/site-packages/airflow/example_dags/example_sensor_decorator.py
[2025-11-21T10:49:10.611+0300] {logging_mixin.py:137} INFO - [2025-11-21T10:49:10.610+0300] {dag.py:2705} INFO - Sync 1 DAGs
[2025-11-21T10:49:10.641+0300] {logging_mixin.py:137} INFO - [2025-11-21T10:49:10.641+0300] {dag.py:3456} INFO - Setting next_dagrun for example_sensor_decorator to None, run_after=None
[2025-11-21T10:49:10.668+0300] {processor.py:175} INFO - Processing /home/pker/airflow_env/lib/python3.7/site-packages/airflow/example_dags/example_sensor_decorator.py took 0.125 seconds
[2025-11-21T10:49:59.781+0300] {processor.py:153} INFO - Started process (PID=30452) to work on /home/pker/airflow_env/lib/python3.7/site-packages/airflow/example_dags/example_sensor_decorator.py
[2025-11-21T10:49:59.805+0300] {processor.py:743} INFO - Processing file /home/pker/airflow_env/lib/python3.7/site-packages/airflow/example_dags/example_sensor_decorator.py for tasks to queue
[2025-11-21T10:49:59.807+0300] {logging_mixin.py:137} INFO - [2025-11-21T10:49:59.807+0300] {dagbag.py:532} INFO - Filling up the DagBag from /home/pker/airflow_env/lib/python3.7/site-packages/airflow/example_dags/example_sensor_decorator.py
[2025-11-21T10:49:59.845+0300] {processor.py:753} INFO - DAG(s) dict_keys(['example_sensor_decorator']) retrieved from /home/pker/airflow_env/lib/python3.7/site-packages/airflow/example_dags/example_sensor_decorator.py
[2025-11-21T10:49:59.872+0300] {logging_mixin.py:137} INFO - [2025-11-21T10:49:59.872+0300] {dag.py:2705} INFO - Sync 1 DAGs
[2025-11-21T10:49:59.899+0300] {logging_mixin.py:137} INFO - [2025-11-21T10:49:59.899+0300] {dag.py:3456} INFO - Setting next_dagrun for example_sensor_decorator to None, run_after=None
[2025-11-21T10:49:59.964+0300] {processor.py:175} INFO - Processing /home/pker/airflow_env/lib/python3.7/site-packages/airflow/example_dags/example_sensor_decorator.py took 0.188 seconds
[2025-11-21T10:50:45.947+0300] {processor.py:153} INFO - Started process (PID=30497) to work on /home/pker/airflow_env/lib/python3.7/site-packages/airflow/example_dags/example_sensor_decorator.py
[2025-11-21T10:50:45.968+0300] {processor.py:743} INFO - Processing file /home/pker/airflow_env/lib/python3.7/site-packages/airflow/example_dags/example_sensor_decorator.py for tasks to queue
[2025-11-21T10:50:45.969+0300] {logging_mixin.py:137} INFO - [2025-11-21T10:50:45.968+0300] {dagbag.py:532} INFO - Filling up the DagBag from /home/pker/airflow_env/lib/python3.7/site-packages/airflow/example_dags/example_sensor_decorator.py
[2025-11-21T10:50:46.014+0300] {processor.py:753} INFO - DAG(s) dict_keys(['example_sensor_decorator']) retrieved from /home/pker/airflow_env/lib/python3.7/site-packages/airflow/example_dags/example_sensor_decorator.py
[2025-11-21T10:50:46.059+0300] {logging_mixin.py:137} INFO - [2025-11-21T10:50:46.057+0300] {dag.py:2705} INFO - Sync 1 DAGs
[2025-11-21T10:50:46.090+0300] {logging_mixin.py:137} INFO - [2025-11-21T10:50:46.090+0300] {dag.py:3456} INFO - Setting next_dagrun for example_sensor_decorator to None, run_after=None
[2025-11-21T10:50:46.145+0300] {processor.py:175} INFO - Processing /home/pker/airflow_env/lib/python3.7/site-packages/airflow/example_dags/example_sensor_decorator.py took 0.206 seconds
[2025-11-21T10:51:32.335+0300] {processor.py:153} INFO - Started process (PID=30539) to work on /home/pker/airflow_env/lib/python3.7/site-packages/airflow/example_dags/example_sensor_decorator.py
[2025-11-21T10:51:32.358+0300] {processor.py:743} INFO - Processing file /home/pker/airflow_env/lib/python3.7/site-packages/airflow/example_dags/example_sensor_decorator.py for tasks to queue
[2025-11-21T10:51:32.360+0300] {logging_mixin.py:137} INFO - [2025-11-21T10:51:32.360+0300] {dagbag.py:532} INFO - Filling up the DagBag from /home/pker/airflow_env/lib/python3.7/site-packages/airflow/example_dags/example_sensor_decorator.py
[2025-11-21T10:51:32.404+0300] {processor.py:753} INFO - DAG(s) dict_keys(['example_sensor_decorator']) retrieved from /home/pker/airflow_env/lib/python3.7/site-packages/airflow/example_dags/example_sensor_decorator.py
[2025-11-21T10:51:32.430+0300] {logging_mixin.py:137} INFO - [2025-11-21T10:51:32.429+0300] {dag.py:2705} INFO - Sync 1 DAGs
[2025-11-21T10:51:32.455+0300] {logging_mixin.py:137} INFO - [2025-11-21T10:51:32.455+0300] {dag.py:3456} INFO - Setting next_dagrun for example_sensor_decorator to None, run_after=None
[2025-11-21T10:51:32.517+0300] {processor.py:175} INFO - Processing /home/pker/airflow_env/lib/python3.7/site-packages/airflow/example_dags/example_sensor_decorator.py took 0.189 seconds
[2025-11-21T10:52:17.618+0300] {processor.py:153} INFO - Started process (PID=30586) to work on /home/pker/airflow_env/lib/python3.7/site-packages/airflow/example_dags/example_sensor_decorator.py
[2025-11-21T10:52:17.639+0300] {processor.py:743} INFO - Processing file /home/pker/airflow_env/lib/python3.7/site-packages/airflow/example_dags/example_sensor_decorator.py for tasks to queue
[2025-11-21T10:52:17.642+0300] {logging_mixin.py:137} INFO - [2025-11-21T10:52:17.641+0300] {dagbag.py:532} INFO - Filling up the DagBag from /home/pker/airflow_env/lib/python3.7/site-packages/airflow/example_dags/example_sensor_decorator.py
[2025-11-21T10:52:17.692+0300] {processor.py:753} INFO - DAG(s) dict_keys(['example_sensor_decorator']) retrieved from /home/pker/airflow_env/lib/python3.7/site-packages/airflow/example_dags/example_sensor_decorator.py
[2025-11-21T10:52:17.723+0300] {logging_mixin.py:137} INFO - [2025-11-21T10:52:17.722+0300] {dag.py:2705} INFO - Sync 1 DAGs
[2025-11-21T10:52:17.761+0300] {logging_mixin.py:137} INFO - [2025-11-21T10:52:17.760+0300] {dag.py:3456} INFO - Setting next_dagrun for example_sensor_decorator to None, run_after=None
[2025-11-21T10:52:17.838+0300] {processor.py:175} INFO - Processing /home/pker/airflow_env/lib/python3.7/site-packages/airflow/example_dags/example_sensor_decorator.py took 0.225 seconds
[2025-11-21T10:53:04.746+0300] {processor.py:153} INFO - Started process (PID=30631) to work on /home/pker/airflow_env/lib/python3.7/site-packages/airflow/example_dags/example_sensor_decorator.py
[2025-11-21T10:53:04.769+0300] {processor.py:743} INFO - Processing file /home/pker/airflow_env/lib/python3.7/site-packages/airflow/example_dags/example_sensor_decorator.py for tasks to queue
[2025-11-21T10:53:04.771+0300] {logging_mixin.py:137} INFO - [2025-11-21T10:53:04.770+0300] {dagbag.py:532} INFO - Filling up the DagBag from /home/pker/airflow_env/lib/python3.7/site-packages/airflow/example_dags/example_sensor_decorator.py
[2025-11-21T10:53:04.829+0300] {processor.py:753} INFO - DAG(s) dict_keys(['example_sensor_decorator']) retrieved from /home/pker/airflow_env/lib/python3.7/site-packages/airflow/example_dags/example_sensor_decorator.py
[2025-11-21T10:53:04.866+0300] {logging_mixin.py:137} INFO - [2025-11-21T10:53:04.866+0300] {dag.py:2705} INFO - Sync 1 DAGs
[2025-11-21T10:53:04.905+0300] {logging_mixin.py:137} INFO - [2025-11-21T10:53:04.905+0300] {dag.py:3456} INFO - Setting next_dagrun for example_sensor_decorator to None, run_after=None
[2025-11-21T10:53:04.968+0300] {processor.py:175} INFO - Processing /home/pker/airflow_env/lib/python3.7/site-packages/airflow/example_dags/example_sensor_decorator.py took 0.226 seconds
[2025-11-21T10:53:53.435+0300] {processor.py:153} INFO - Started process (PID=30675) to work on /home/pker/airflow_env/lib/python3.7/site-packages/airflow/example_dags/example_sensor_decorator.py
[2025-11-21T10:53:53.457+0300] {processor.py:743} INFO - Processing file /home/pker/airflow_env/lib/python3.7/site-packages/airflow/example_dags/example_sensor_decorator.py for tasks to queue
[2025-11-21T10:53:53.459+0300] {logging_mixin.py:137} INFO - [2025-11-21T10:53:53.459+0300] {dagbag.py:532} INFO - Filling up the DagBag from /home/pker/airflow_env/lib/python3.7/site-packages/airflow/example_dags/example_sensor_decorator.py
[2025-11-21T10:53:53.505+0300] {processor.py:753} INFO - DAG(s) dict_keys(['example_sensor_decorator']) retrieved from /home/pker/airflow_env/lib/python3.7/site-packages/airflow/example_dags/example_sensor_decorator.py
[2025-11-21T10:53:53.533+0300] {logging_mixin.py:137} INFO - [2025-11-21T10:53:53.533+0300] {dag.py:2705} INFO - Sync 1 DAGs
[2025-11-21T10:53:53.563+0300] {logging_mixin.py:137} INFO - [2025-11-21T10:53:53.563+0300] {dag.py:3456} INFO - Setting next_dagrun for example_sensor_decorator to None, run_after=None
[2025-11-21T10:53:53.615+0300] {processor.py:175} INFO - Processing /home/pker/airflow_env/lib/python3.7/site-packages/airflow/example_dags/example_sensor_decorator.py took 0.187 seconds
[2025-11-21T10:54:41.460+0300] {processor.py:153} INFO - Started process (PID=30717) to work on /home/pker/airflow_env/lib/python3.7/site-packages/airflow/example_dags/example_sensor_decorator.py
[2025-11-21T10:54:41.481+0300] {processor.py:743} INFO - Processing file /home/pker/airflow_env/lib/python3.7/site-packages/airflow/example_dags/example_sensor_decorator.py for tasks to queue
[2025-11-21T10:54:41.483+0300] {logging_mixin.py:137} INFO - [2025-11-21T10:54:41.483+0300] {dagbag.py:532} INFO - Filling up the DagBag from /home/pker/airflow_env/lib/python3.7/site-packages/airflow/example_dags/example_sensor_decorator.py
[2025-11-21T10:54:41.540+0300] {processor.py:753} INFO - DAG(s) dict_keys(['example_sensor_decorator']) retrieved from /home/pker/airflow_env/lib/python3.7/site-packages/airflow/example_dags/example_sensor_decorator.py
[2025-11-21T10:54:41.579+0300] {logging_mixin.py:137} INFO - [2025-11-21T10:54:41.579+0300] {dag.py:2705} INFO - Sync 1 DAGs
[2025-11-21T10:54:41.630+0300] {logging_mixin.py:137} INFO - [2025-11-21T10:54:41.629+0300] {dag.py:3456} INFO - Setting next_dagrun for example_sensor_decorator to None, run_after=None
[2025-11-21T10:54:41.705+0300] {processor.py:175} INFO - Processing /home/pker/airflow_env/lib/python3.7/site-packages/airflow/example_dags/example_sensor_decorator.py took 0.253 seconds
[2025-11-21T10:55:28.880+0300] {processor.py:153} INFO - Started process (PID=30769) to work on /home/pker/airflow_env/lib/python3.7/site-packages/airflow/example_dags/example_sensor_decorator.py
[2025-11-21T10:55:28.884+0300] {processor.py:743} INFO - Processing file /home/pker/airflow_env/lib/python3.7/site-packages/airflow/example_dags/example_sensor_decorator.py for tasks to queue
[2025-11-21T10:55:28.885+0300] {logging_mixin.py:137} INFO - [2025-11-21T10:55:28.885+0300] {dagbag.py:532} INFO - Filling up the DagBag from /home/pker/airflow_env/lib/python3.7/site-packages/airflow/example_dags/example_sensor_decorator.py
[2025-11-21T10:55:28.934+0300] {processor.py:753} INFO - DAG(s) dict_keys(['example_sensor_decorator']) retrieved from /home/pker/airflow_env/lib/python3.7/site-packages/airflow/example_dags/example_sensor_decorator.py
[2025-11-21T10:55:28.965+0300] {logging_mixin.py:137} INFO - [2025-11-21T10:55:28.964+0300] {dag.py:2705} INFO - Sync 1 DAGs
[2025-11-21T10:55:28.991+0300] {logging_mixin.py:137} INFO - [2025-11-21T10:55:28.991+0300] {dag.py:3456} INFO - Setting next_dagrun for example_sensor_decorator to None, run_after=None
[2025-11-21T10:55:29.052+0300] {processor.py:175} INFO - Processing /home/pker/airflow_env/lib/python3.7/site-packages/airflow/example_dags/example_sensor_decorator.py took 0.179 seconds
[2025-11-21T10:56:16.617+0300] {processor.py:153} INFO - Started process (PID=30813) to work on /home/pker/airflow_env/lib/python3.7/site-packages/airflow/example_dags/example_sensor_decorator.py
[2025-11-21T10:56:16.621+0300] {processor.py:743} INFO - Processing file /home/pker/airflow_env/lib/python3.7/site-packages/airflow/example_dags/example_sensor_decorator.py for tasks to queue
[2025-11-21T10:56:16.622+0300] {logging_mixin.py:137} INFO - [2025-11-21T10:56:16.622+0300] {dagbag.py:532} INFO - Filling up the DagBag from /home/pker/airflow_env/lib/python3.7/site-packages/airflow/example_dags/example_sensor_decorator.py
[2025-11-21T10:56:16.653+0300] {processor.py:753} INFO - DAG(s) dict_keys(['example_sensor_decorator']) retrieved from /home/pker/airflow_env/lib/python3.7/site-packages/airflow/example_dags/example_sensor_decorator.py
[2025-11-21T10:56:16.681+0300] {logging_mixin.py:137} INFO - [2025-11-21T10:56:16.681+0300] {dag.py:2705} INFO - Sync 1 DAGs
[2025-11-21T10:56:16.709+0300] {logging_mixin.py:137} INFO - [2025-11-21T10:56:16.708+0300] {dag.py:3456} INFO - Setting next_dagrun for example_sensor_decorator to None, run_after=None
[2025-11-21T10:56:16.743+0300] {processor.py:175} INFO - Processing /home/pker/airflow_env/lib/python3.7/site-packages/airflow/example_dags/example_sensor_decorator.py took 0.132 seconds
[2025-11-21T10:57:05.659+0300] {processor.py:153} INFO - Started process (PID=30857) to work on /home/pker/airflow_env/lib/python3.7/site-packages/airflow/example_dags/example_sensor_decorator.py
[2025-11-21T10:57:05.664+0300] {processor.py:743} INFO - Processing file /home/pker/airflow_env/lib/python3.7/site-packages/airflow/example_dags/example_sensor_decorator.py for tasks to queue
[2025-11-21T10:57:05.666+0300] {logging_mixin.py:137} INFO - [2025-11-21T10:57:05.665+0300] {dagbag.py:532} INFO - Filling up the DagBag from /home/pker/airflow_env/lib/python3.7/site-packages/airflow/example_dags/example_sensor_decorator.py
[2025-11-21T10:57:05.718+0300] {processor.py:753} INFO - DAG(s) dict_keys(['example_sensor_decorator']) retrieved from /home/pker/airflow_env/lib/python3.7/site-packages/airflow/example_dags/example_sensor_decorator.py
[2025-11-21T10:57:05.751+0300] {logging_mixin.py:137} INFO - [2025-11-21T10:57:05.750+0300] {dag.py:2705} INFO - Sync 1 DAGs
[2025-11-21T10:57:05.798+0300] {logging_mixin.py:137} INFO - [2025-11-21T10:57:05.797+0300] {dag.py:3456} INFO - Setting next_dagrun for example_sensor_decorator to None, run_after=None
[2025-11-21T10:57:05.883+0300] {processor.py:175} INFO - Processing /home/pker/airflow_env/lib/python3.7/site-packages/airflow/example_dags/example_sensor_decorator.py took 0.233 seconds
[2025-11-21T10:57:55.889+0300] {processor.py:153} INFO - Started process (PID=30901) to work on /home/pker/airflow_env/lib/python3.7/site-packages/airflow/example_dags/example_sensor_decorator.py
[2025-11-21T10:57:55.902+0300] {processor.py:743} INFO - Processing file /home/pker/airflow_env/lib/python3.7/site-packages/airflow/example_dags/example_sensor_decorator.py for tasks to queue
[2025-11-21T10:57:55.904+0300] {logging_mixin.py:137} INFO - [2025-11-21T10:57:55.903+0300] {dagbag.py:532} INFO - Filling up the DagBag from /home/pker/airflow_env/lib/python3.7/site-packages/airflow/example_dags/example_sensor_decorator.py
[2025-11-21T10:57:55.945+0300] {processor.py:753} INFO - DAG(s) dict_keys(['example_sensor_decorator']) retrieved from /home/pker/airflow_env/lib/python3.7/site-packages/airflow/example_dags/example_sensor_decorator.py
[2025-11-21T10:57:55.985+0300] {logging_mixin.py:137} INFO - [2025-11-21T10:57:55.984+0300] {dag.py:2705} INFO - Sync 1 DAGs
[2025-11-21T10:57:56.015+0300] {logging_mixin.py:137} INFO - [2025-11-21T10:57:56.014+0300] {dag.py:3456} INFO - Setting next_dagrun for example_sensor_decorator to None, run_after=None
[2025-11-21T10:57:56.053+0300] {processor.py:175} INFO - Processing /home/pker/airflow_env/lib/python3.7/site-packages/airflow/example_dags/example_sensor_decorator.py took 0.171 seconds
[2025-11-21T10:58:44.079+0300] {processor.py:153} INFO - Started process (PID=30959) to work on /home/pker/airflow_env/lib/python3.7/site-packages/airflow/example_dags/example_sensor_decorator.py
[2025-11-21T10:58:44.102+0300] {processor.py:743} INFO - Processing file /home/pker/airflow_env/lib/python3.7/site-packages/airflow/example_dags/example_sensor_decorator.py for tasks to queue
[2025-11-21T10:58:44.104+0300] {logging_mixin.py:137} INFO - [2025-11-21T10:58:44.103+0300] {dagbag.py:532} INFO - Filling up the DagBag from /home/pker/airflow_env/lib/python3.7/site-packages/airflow/example_dags/example_sensor_decorator.py
[2025-11-21T10:58:44.148+0300] {processor.py:753} INFO - DAG(s) dict_keys(['example_sensor_decorator']) retrieved from /home/pker/airflow_env/lib/python3.7/site-packages/airflow/example_dags/example_sensor_decorator.py
[2025-11-21T10:58:44.171+0300] {logging_mixin.py:137} INFO - [2025-11-21T10:58:44.171+0300] {dag.py:2705} INFO - Sync 1 DAGs
[2025-11-21T10:58:44.198+0300] {logging_mixin.py:137} INFO - [2025-11-21T10:58:44.198+0300] {dag.py:3456} INFO - Setting next_dagrun for example_sensor_decorator to None, run_after=None
[2025-11-21T10:58:44.233+0300] {processor.py:175} INFO - Processing /home/pker/airflow_env/lib/python3.7/site-packages/airflow/example_dags/example_sensor_decorator.py took 0.159 seconds
[2025-11-21T10:59:30.729+0300] {processor.py:153} INFO - Started process (PID=31008) to work on /home/pker/airflow_env/lib/python3.7/site-packages/airflow/example_dags/example_sensor_decorator.py
[2025-11-21T10:59:30.751+0300] {processor.py:743} INFO - Processing file /home/pker/airflow_env/lib/python3.7/site-packages/airflow/example_dags/example_sensor_decorator.py for tasks to queue
[2025-11-21T10:59:30.753+0300] {logging_mixin.py:137} INFO - [2025-11-21T10:59:30.752+0300] {dagbag.py:532} INFO - Filling up the DagBag from /home/pker/airflow_env/lib/python3.7/site-packages/airflow/example_dags/example_sensor_decorator.py
[2025-11-21T10:59:30.801+0300] {processor.py:753} INFO - DAG(s) dict_keys(['example_sensor_decorator']) retrieved from /home/pker/airflow_env/lib/python3.7/site-packages/airflow/example_dags/example_sensor_decorator.py
[2025-11-21T10:59:30.828+0300] {logging_mixin.py:137} INFO - [2025-11-21T10:59:30.828+0300] {dag.py:2705} INFO - Sync 1 DAGs
[2025-11-21T10:59:30.866+0300] {logging_mixin.py:137} INFO - [2025-11-21T10:59:30.865+0300] {dag.py:3456} INFO - Setting next_dagrun for example_sensor_decorator to None, run_after=None
[2025-11-21T10:59:30.919+0300] {processor.py:175} INFO - Processing /home/pker/airflow_env/lib/python3.7/site-packages/airflow/example_dags/example_sensor_decorator.py took 0.194 seconds
[2025-11-21T11:00:19.465+0300] {processor.py:153} INFO - Started process (PID=31055) to work on /home/pker/airflow_env/lib/python3.7/site-packages/airflow/example_dags/example_sensor_decorator.py
[2025-11-21T11:00:19.468+0300] {processor.py:743} INFO - Processing file /home/pker/airflow_env/lib/python3.7/site-packages/airflow/example_dags/example_sensor_decorator.py for tasks to queue
[2025-11-21T11:00:19.469+0300] {logging_mixin.py:137} INFO - [2025-11-21T11:00:19.469+0300] {dagbag.py:532} INFO - Filling up the DagBag from /home/pker/airflow_env/lib/python3.7/site-packages/airflow/example_dags/example_sensor_decorator.py
[2025-11-21T11:00:19.506+0300] {processor.py:753} INFO - DAG(s) dict_keys(['example_sensor_decorator']) retrieved from /home/pker/airflow_env/lib/python3.7/site-packages/airflow/example_dags/example_sensor_decorator.py
[2025-11-21T11:00:19.532+0300] {logging_mixin.py:137} INFO - [2025-11-21T11:00:19.531+0300] {dag.py:2705} INFO - Sync 1 DAGs
[2025-11-21T11:00:19.560+0300] {logging_mixin.py:137} INFO - [2025-11-21T11:00:19.559+0300] {dag.py:3456} INFO - Setting next_dagrun for example_sensor_decorator to None, run_after=None
[2025-11-21T11:00:19.603+0300] {processor.py:175} INFO - Processing /home/pker/airflow_env/lib/python3.7/site-packages/airflow/example_dags/example_sensor_decorator.py took 0.145 seconds
[2025-11-21T11:01:11.662+0300] {processor.py:153} INFO - Started process (PID=31112) to work on /home/pker/airflow_env/lib/python3.7/site-packages/airflow/example_dags/example_sensor_decorator.py
[2025-11-21T11:01:11.666+0300] {processor.py:743} INFO - Processing file /home/pker/airflow_env/lib/python3.7/site-packages/airflow/example_dags/example_sensor_decorator.py for tasks to queue
[2025-11-21T11:01:11.668+0300] {logging_mixin.py:137} INFO - [2025-11-21T11:01:11.668+0300] {dagbag.py:532} INFO - Filling up the DagBag from /home/pker/airflow_env/lib/python3.7/site-packages/airflow/example_dags/example_sensor_decorator.py
[2025-11-21T11:01:11.721+0300] {processor.py:753} INFO - DAG(s) dict_keys(['example_sensor_decorator']) retrieved from /home/pker/airflow_env/lib/python3.7/site-packages/airflow/example_dags/example_sensor_decorator.py
[2025-11-21T11:01:11.749+0300] {logging_mixin.py:137} INFO - [2025-11-21T11:01:11.749+0300] {dag.py:2705} INFO - Sync 1 DAGs
[2025-11-21T11:01:11.780+0300] {logging_mixin.py:137} INFO - [2025-11-21T11:01:11.780+0300] {dag.py:3456} INFO - Setting next_dagrun for example_sensor_decorator to None, run_after=None
[2025-11-21T11:01:11.824+0300] {processor.py:175} INFO - Processing /home/pker/airflow_env/lib/python3.7/site-packages/airflow/example_dags/example_sensor_decorator.py took 0.168 seconds
[2025-11-21T11:02:00.928+0300] {processor.py:153} INFO - Started process (PID=31158) to work on /home/pker/airflow_env/lib/python3.7/site-packages/airflow/example_dags/example_sensor_decorator.py
[2025-11-21T11:02:00.953+0300] {processor.py:743} INFO - Processing file /home/pker/airflow_env/lib/python3.7/site-packages/airflow/example_dags/example_sensor_decorator.py for tasks to queue
[2025-11-21T11:02:00.956+0300] {logging_mixin.py:137} INFO - [2025-11-21T11:02:00.955+0300] {dagbag.py:532} INFO - Filling up the DagBag from /home/pker/airflow_env/lib/python3.7/site-packages/airflow/example_dags/example_sensor_decorator.py
[2025-11-21T11:02:01.008+0300] {processor.py:753} INFO - DAG(s) dict_keys(['example_sensor_decorator']) retrieved from /home/pker/airflow_env/lib/python3.7/site-packages/airflow/example_dags/example_sensor_decorator.py
[2025-11-21T11:02:01.059+0300] {logging_mixin.py:137} INFO - [2025-11-21T11:02:01.059+0300] {dag.py:2705} INFO - Sync 1 DAGs
[2025-11-21T11:02:01.101+0300] {logging_mixin.py:137} INFO - [2025-11-21T11:02:01.100+0300] {dag.py:3456} INFO - Setting next_dagrun for example_sensor_decorator to None, run_after=None
[2025-11-21T11:02:01.167+0300] {processor.py:175} INFO - Processing /home/pker/airflow_env/lib/python3.7/site-packages/airflow/example_dags/example_sensor_decorator.py took 0.250 seconds
[2025-11-21T11:02:45.774+0300] {processor.py:153} INFO - Started process (PID=31205) to work on /home/pker/airflow_env/lib/python3.7/site-packages/airflow/example_dags/example_sensor_decorator.py
[2025-11-21T11:02:45.778+0300] {processor.py:743} INFO - Processing file /home/pker/airflow_env/lib/python3.7/site-packages/airflow/example_dags/example_sensor_decorator.py for tasks to queue
[2025-11-21T11:02:45.780+0300] {logging_mixin.py:137} INFO - [2025-11-21T11:02:45.779+0300] {dagbag.py:532} INFO - Filling up the DagBag from /home/pker/airflow_env/lib/python3.7/site-packages/airflow/example_dags/example_sensor_decorator.py
[2025-11-21T11:02:45.822+0300] {processor.py:753} INFO - DAG(s) dict_keys(['example_sensor_decorator']) retrieved from /home/pker/airflow_env/lib/python3.7/site-packages/airflow/example_dags/example_sensor_decorator.py
[2025-11-21T11:02:45.852+0300] {logging_mixin.py:137} INFO - [2025-11-21T11:02:45.851+0300] {dag.py:2705} INFO - Sync 1 DAGs
[2025-11-21T11:02:45.879+0300] {logging_mixin.py:137} INFO - [2025-11-21T11:02:45.879+0300] {dag.py:3456} INFO - Setting next_dagrun for example_sensor_decorator to None, run_after=None
[2025-11-21T11:02:45.953+0300] {processor.py:175} INFO - Processing /home/pker/airflow_env/lib/python3.7/site-packages/airflow/example_dags/example_sensor_decorator.py took 0.185 seconds
[2025-11-21T11:03:35.006+0300] {processor.py:153} INFO - Started process (PID=31247) to work on /home/pker/airflow_env/lib/python3.7/site-packages/airflow/example_dags/example_sensor_decorator.py
[2025-11-21T11:03:35.027+0300] {processor.py:743} INFO - Processing file /home/pker/airflow_env/lib/python3.7/site-packages/airflow/example_dags/example_sensor_decorator.py for tasks to queue
[2025-11-21T11:03:35.029+0300] {logging_mixin.py:137} INFO - [2025-11-21T11:03:35.029+0300] {dagbag.py:532} INFO - Filling up the DagBag from /home/pker/airflow_env/lib/python3.7/site-packages/airflow/example_dags/example_sensor_decorator.py
[2025-11-21T11:03:35.071+0300] {processor.py:753} INFO - DAG(s) dict_keys(['example_sensor_decorator']) retrieved from /home/pker/airflow_env/lib/python3.7/site-packages/airflow/example_dags/example_sensor_decorator.py
[2025-11-21T11:03:35.101+0300] {logging_mixin.py:137} INFO - [2025-11-21T11:03:35.100+0300] {dag.py:2705} INFO - Sync 1 DAGs
[2025-11-21T11:03:35.138+0300] {logging_mixin.py:137} INFO - [2025-11-21T11:03:35.138+0300] {dag.py:3456} INFO - Setting next_dagrun for example_sensor_decorator to None, run_after=None
[2025-11-21T11:03:35.200+0300] {processor.py:175} INFO - Processing /home/pker/airflow_env/lib/python3.7/site-packages/airflow/example_dags/example_sensor_decorator.py took 0.201 seconds
[2025-11-21T11:04:19.698+0300] {processor.py:153} INFO - Started process (PID=31292) to work on /home/pker/airflow_env/lib/python3.7/site-packages/airflow/example_dags/example_sensor_decorator.py
[2025-11-21T11:04:19.722+0300] {processor.py:743} INFO - Processing file /home/pker/airflow_env/lib/python3.7/site-packages/airflow/example_dags/example_sensor_decorator.py for tasks to queue
[2025-11-21T11:04:19.724+0300] {logging_mixin.py:137} INFO - [2025-11-21T11:04:19.724+0300] {dagbag.py:532} INFO - Filling up the DagBag from /home/pker/airflow_env/lib/python3.7/site-packages/airflow/example_dags/example_sensor_decorator.py
[2025-11-21T11:04:19.767+0300] {processor.py:753} INFO - DAG(s) dict_keys(['example_sensor_decorator']) retrieved from /home/pker/airflow_env/lib/python3.7/site-packages/airflow/example_dags/example_sensor_decorator.py
[2025-11-21T11:04:19.791+0300] {logging_mixin.py:137} INFO - [2025-11-21T11:04:19.791+0300] {dag.py:2705} INFO - Sync 1 DAGs
[2025-11-21T11:04:19.818+0300] {logging_mixin.py:137} INFO - [2025-11-21T11:04:19.818+0300] {dag.py:3456} INFO - Setting next_dagrun for example_sensor_decorator to None, run_after=None
[2025-11-21T11:04:19.862+0300] {processor.py:175} INFO - Processing /home/pker/airflow_env/lib/python3.7/site-packages/airflow/example_dags/example_sensor_decorator.py took 0.170 seconds
[2025-11-21T11:05:10.739+0300] {processor.py:153} INFO - Started process (PID=31339) to work on /home/pker/airflow_env/lib/python3.7/site-packages/airflow/example_dags/example_sensor_decorator.py
[2025-11-21T11:05:10.761+0300] {processor.py:743} INFO - Processing file /home/pker/airflow_env/lib/python3.7/site-packages/airflow/example_dags/example_sensor_decorator.py for tasks to queue
[2025-11-21T11:05:10.762+0300] {logging_mixin.py:137} INFO - [2025-11-21T11:05:10.762+0300] {dagbag.py:532} INFO - Filling up the DagBag from /home/pker/airflow_env/lib/python3.7/site-packages/airflow/example_dags/example_sensor_decorator.py
[2025-11-21T11:05:10.796+0300] {processor.py:753} INFO - DAG(s) dict_keys(['example_sensor_decorator']) retrieved from /home/pker/airflow_env/lib/python3.7/site-packages/airflow/example_dags/example_sensor_decorator.py
[2025-11-21T11:05:10.821+0300] {logging_mixin.py:137} INFO - [2025-11-21T11:05:10.821+0300] {dag.py:2705} INFO - Sync 1 DAGs
[2025-11-21T11:05:10.854+0300] {logging_mixin.py:137} INFO - [2025-11-21T11:05:10.854+0300] {dag.py:3456} INFO - Setting next_dagrun for example_sensor_decorator to None, run_after=None
[2025-11-21T11:05:10.907+0300] {processor.py:175} INFO - Processing /home/pker/airflow_env/lib/python3.7/site-packages/airflow/example_dags/example_sensor_decorator.py took 0.176 seconds
[2025-11-21T11:05:57.708+0300] {processor.py:153} INFO - Started process (PID=31390) to work on /home/pker/airflow_env/lib/python3.7/site-packages/airflow/example_dags/example_sensor_decorator.py
[2025-11-21T11:05:57.732+0300] {processor.py:743} INFO - Processing file /home/pker/airflow_env/lib/python3.7/site-packages/airflow/example_dags/example_sensor_decorator.py for tasks to queue
[2025-11-21T11:05:57.735+0300] {logging_mixin.py:137} INFO - [2025-11-21T11:05:57.734+0300] {dagbag.py:532} INFO - Filling up the DagBag from /home/pker/airflow_env/lib/python3.7/site-packages/airflow/example_dags/example_sensor_decorator.py
[2025-11-21T11:05:57.779+0300] {processor.py:753} INFO - DAG(s) dict_keys(['example_sensor_decorator']) retrieved from /home/pker/airflow_env/lib/python3.7/site-packages/airflow/example_dags/example_sensor_decorator.py
[2025-11-21T11:05:57.808+0300] {logging_mixin.py:137} INFO - [2025-11-21T11:05:57.807+0300] {dag.py:2705} INFO - Sync 1 DAGs
[2025-11-21T11:05:57.836+0300] {logging_mixin.py:137} INFO - [2025-11-21T11:05:57.836+0300] {dag.py:3456} INFO - Setting next_dagrun for example_sensor_decorator to None, run_after=None
[2025-11-21T11:05:57.917+0300] {processor.py:175} INFO - Processing /home/pker/airflow_env/lib/python3.7/site-packages/airflow/example_dags/example_sensor_decorator.py took 0.216 seconds
[2025-11-21T11:06:45.946+0300] {processor.py:153} INFO - Started process (PID=31438) to work on /home/pker/airflow_env/lib/python3.7/site-packages/airflow/example_dags/example_sensor_decorator.py
[2025-11-21T11:06:45.967+0300] {processor.py:743} INFO - Processing file /home/pker/airflow_env/lib/python3.7/site-packages/airflow/example_dags/example_sensor_decorator.py for tasks to queue
[2025-11-21T11:06:45.967+0300] {logging_mixin.py:137} INFO - [2025-11-21T11:06:45.967+0300] {dagbag.py:532} INFO - Filling up the DagBag from /home/pker/airflow_env/lib/python3.7/site-packages/airflow/example_dags/example_sensor_decorator.py
[2025-11-21T11:06:45.998+0300] {processor.py:753} INFO - DAG(s) dict_keys(['example_sensor_decorator']) retrieved from /home/pker/airflow_env/lib/python3.7/site-packages/airflow/example_dags/example_sensor_decorator.py
[2025-11-21T11:06:46.039+0300] {logging_mixin.py:137} INFO - [2025-11-21T11:06:46.039+0300] {dag.py:2705} INFO - Sync 1 DAGs
[2025-11-21T11:06:46.073+0300] {logging_mixin.py:137} INFO - [2025-11-21T11:06:46.073+0300] {dag.py:3456} INFO - Setting next_dagrun for example_sensor_decorator to None, run_after=None
[2025-11-21T11:06:46.117+0300] {processor.py:175} INFO - Processing /home/pker/airflow_env/lib/python3.7/site-packages/airflow/example_dags/example_sensor_decorator.py took 0.178 seconds
[2025-11-21T11:07:33.387+0300] {processor.py:153} INFO - Started process (PID=31484) to work on /home/pker/airflow_env/lib/python3.7/site-packages/airflow/example_dags/example_sensor_decorator.py
[2025-11-21T11:07:33.408+0300] {processor.py:743} INFO - Processing file /home/pker/airflow_env/lib/python3.7/site-packages/airflow/example_dags/example_sensor_decorator.py for tasks to queue
[2025-11-21T11:07:33.410+0300] {logging_mixin.py:137} INFO - [2025-11-21T11:07:33.409+0300] {dagbag.py:532} INFO - Filling up the DagBag from /home/pker/airflow_env/lib/python3.7/site-packages/airflow/example_dags/example_sensor_decorator.py
[2025-11-21T11:07:33.448+0300] {processor.py:753} INFO - DAG(s) dict_keys(['example_sensor_decorator']) retrieved from /home/pker/airflow_env/lib/python3.7/site-packages/airflow/example_dags/example_sensor_decorator.py
[2025-11-21T11:07:33.471+0300] {logging_mixin.py:137} INFO - [2025-11-21T11:07:33.471+0300] {dag.py:2705} INFO - Sync 1 DAGs
[2025-11-21T11:07:33.501+0300] {logging_mixin.py:137} INFO - [2025-11-21T11:07:33.501+0300] {dag.py:3456} INFO - Setting next_dagrun for example_sensor_decorator to None, run_after=None
[2025-11-21T11:07:33.542+0300] {processor.py:175} INFO - Processing /home/pker/airflow_env/lib/python3.7/site-packages/airflow/example_dags/example_sensor_decorator.py took 0.161 seconds
[2025-11-21T11:08:21.611+0300] {processor.py:153} INFO - Started process (PID=31553) to work on /home/pker/airflow_env/lib/python3.7/site-packages/airflow/example_dags/example_sensor_decorator.py
[2025-11-21T11:08:21.634+0300] {processor.py:743} INFO - Processing file /home/pker/airflow_env/lib/python3.7/site-packages/airflow/example_dags/example_sensor_decorator.py for tasks to queue
[2025-11-21T11:08:21.636+0300] {logging_mixin.py:137} INFO - [2025-11-21T11:08:21.636+0300] {dagbag.py:532} INFO - Filling up the DagBag from /home/pker/airflow_env/lib/python3.7/site-packages/airflow/example_dags/example_sensor_decorator.py
[2025-11-21T11:08:21.684+0300] {processor.py:753} INFO - DAG(s) dict_keys(['example_sensor_decorator']) retrieved from /home/pker/airflow_env/lib/python3.7/site-packages/airflow/example_dags/example_sensor_decorator.py
[2025-11-21T11:08:21.710+0300] {logging_mixin.py:137} INFO - [2025-11-21T11:08:21.710+0300] {dag.py:2705} INFO - Sync 1 DAGs
[2025-11-21T11:08:21.740+0300] {logging_mixin.py:137} INFO - [2025-11-21T11:08:21.740+0300] {dag.py:3456} INFO - Setting next_dagrun for example_sensor_decorator to None, run_after=None
[2025-11-21T11:08:21.808+0300] {processor.py:175} INFO - Processing /home/pker/airflow_env/lib/python3.7/site-packages/airflow/example_dags/example_sensor_decorator.py took 0.206 seconds
