[2025-11-21T10:44:17.319+0300] {processor.py:153} INFO - Started process (PID=30100) to work on /home/pker/airflow_env/lib/python3.7/site-packages/airflow/example_dags/example_bash_operator.py
[2025-11-21T10:44:17.321+0300] {processor.py:743} INFO - Processing file /home/pker/airflow_env/lib/python3.7/site-packages/airflow/example_dags/example_bash_operator.py for tasks to queue
[2025-11-21T10:44:17.323+0300] {logging_mixin.py:137} INFO - [2025-11-21T10:44:17.323+0300] {dagbag.py:532} INFO - Filling up the DagBag from /home/pker/airflow_env/lib/python3.7/site-packages/airflow/example_dags/example_bash_operator.py
[2025-11-21T10:44:17.362+0300] {processor.py:753} INFO - DAG(s) dict_keys(['example_bash_operator']) retrieved from /home/pker/airflow_env/lib/python3.7/site-packages/airflow/example_dags/example_bash_operator.py
[2025-11-21T10:44:17.566+0300] {logging_mixin.py:137} INFO - [2025-11-21T10:44:17.566+0300] {manager.py:504} INFO - Created Permission View: can delete on DAG:example_bash_operator
[2025-11-21T10:44:17.586+0300] {logging_mixin.py:137} INFO - [2025-11-21T10:44:17.585+0300] {manager.py:504} INFO - Created Permission View: can read on DAG:example_bash_operator
[2025-11-21T10:44:17.598+0300] {logging_mixin.py:137} INFO - [2025-11-21T10:44:17.598+0300] {manager.py:504} INFO - Created Permission View: can edit on DAG:example_bash_operator
[2025-11-21T10:44:17.599+0300] {logging_mixin.py:137} INFO - [2025-11-21T10:44:17.599+0300] {dag.py:2705} INFO - Sync 1 DAGs
[2025-11-21T10:44:17.618+0300] {logging_mixin.py:137} INFO - [2025-11-21T10:44:17.618+0300] {dag.py:2726} INFO - Creating ORM DAG for example_bash_operator
[2025-11-21T10:44:17.653+0300] {logging_mixin.py:137} INFO - [2025-11-21T10:44:17.652+0300] {dag.py:3456} INFO - Setting next_dagrun for example_bash_operator to 2025-11-20T00:00:00+00:00, run_after=2025-11-21T00:00:00+00:00
[2025-11-21T10:44:17.696+0300] {processor.py:175} INFO - Processing /home/pker/airflow_env/lib/python3.7/site-packages/airflow/example_dags/example_bash_operator.py took 0.384 seconds
[2025-11-21T10:45:07.642+0300] {processor.py:153} INFO - Started process (PID=30144) to work on /home/pker/airflow_env/lib/python3.7/site-packages/airflow/example_dags/example_bash_operator.py
[2025-11-21T10:45:07.645+0300] {processor.py:743} INFO - Processing file /home/pker/airflow_env/lib/python3.7/site-packages/airflow/example_dags/example_bash_operator.py for tasks to queue
[2025-11-21T10:45:07.646+0300] {logging_mixin.py:137} INFO - [2025-11-21T10:45:07.646+0300] {dagbag.py:532} INFO - Filling up the DagBag from /home/pker/airflow_env/lib/python3.7/site-packages/airflow/example_dags/example_bash_operator.py
[2025-11-21T10:45:07.701+0300] {processor.py:753} INFO - DAG(s) dict_keys(['example_bash_operator']) retrieved from /home/pker/airflow_env/lib/python3.7/site-packages/airflow/example_dags/example_bash_operator.py
[2025-11-21T10:45:07.764+0300] {logging_mixin.py:137} INFO - [2025-11-21T10:45:07.764+0300] {dag.py:2705} INFO - Sync 1 DAGs
[2025-11-21T10:45:07.800+0300] {logging_mixin.py:137} INFO - [2025-11-21T10:45:07.799+0300] {dag.py:3456} INFO - Setting next_dagrun for example_bash_operator to 2025-11-20T00:00:00+00:00, run_after=2025-11-21T00:00:00+00:00
[2025-11-21T10:45:07.859+0300] {processor.py:175} INFO - Processing /home/pker/airflow_env/lib/python3.7/site-packages/airflow/example_dags/example_bash_operator.py took 0.225 seconds
[2025-11-21T10:45:56.322+0300] {processor.py:153} INFO - Started process (PID=30212) to work on /home/pker/airflow_env/lib/python3.7/site-packages/airflow/example_dags/example_bash_operator.py
[2025-11-21T10:45:56.325+0300] {processor.py:743} INFO - Processing file /home/pker/airflow_env/lib/python3.7/site-packages/airflow/example_dags/example_bash_operator.py for tasks to queue
[2025-11-21T10:45:56.327+0300] {logging_mixin.py:137} INFO - [2025-11-21T10:45:56.326+0300] {dagbag.py:532} INFO - Filling up the DagBag from /home/pker/airflow_env/lib/python3.7/site-packages/airflow/example_dags/example_bash_operator.py
[2025-11-21T10:45:56.364+0300] {processor.py:753} INFO - DAG(s) dict_keys(['example_bash_operator']) retrieved from /home/pker/airflow_env/lib/python3.7/site-packages/airflow/example_dags/example_bash_operator.py
[2025-11-21T10:45:56.403+0300] {logging_mixin.py:137} INFO - [2025-11-21T10:45:56.403+0300] {dag.py:2705} INFO - Sync 1 DAGs
[2025-11-21T10:45:56.431+0300] {logging_mixin.py:137} INFO - [2025-11-21T10:45:56.431+0300] {dag.py:3456} INFO - Setting next_dagrun for example_bash_operator to 2025-11-20T00:00:00+00:00, run_after=2025-11-21T00:00:00+00:00
[2025-11-21T10:45:56.491+0300] {processor.py:175} INFO - Processing /home/pker/airflow_env/lib/python3.7/site-packages/airflow/example_dags/example_bash_operator.py took 0.174 seconds
[2025-11-21T10:46:44.938+0300] {processor.py:153} INFO - Started process (PID=30258) to work on /home/pker/airflow_env/lib/python3.7/site-packages/airflow/example_dags/example_bash_operator.py
[2025-11-21T10:46:44.962+0300] {processor.py:743} INFO - Processing file /home/pker/airflow_env/lib/python3.7/site-packages/airflow/example_dags/example_bash_operator.py for tasks to queue
[2025-11-21T10:46:44.965+0300] {logging_mixin.py:137} INFO - [2025-11-21T10:46:44.964+0300] {dagbag.py:532} INFO - Filling up the DagBag from /home/pker/airflow_env/lib/python3.7/site-packages/airflow/example_dags/example_bash_operator.py
[2025-11-21T10:46:45.014+0300] {processor.py:753} INFO - DAG(s) dict_keys(['example_bash_operator']) retrieved from /home/pker/airflow_env/lib/python3.7/site-packages/airflow/example_dags/example_bash_operator.py
[2025-11-21T10:46:45.069+0300] {logging_mixin.py:137} INFO - [2025-11-21T10:46:45.069+0300] {dag.py:2705} INFO - Sync 1 DAGs
[2025-11-21T10:46:45.105+0300] {logging_mixin.py:137} INFO - [2025-11-21T10:46:45.105+0300] {dag.py:3456} INFO - Setting next_dagrun for example_bash_operator to 2025-11-20T00:00:00+00:00, run_after=2025-11-21T00:00:00+00:00
[2025-11-21T10:46:45.162+0300] {processor.py:175} INFO - Processing /home/pker/airflow_env/lib/python3.7/site-packages/airflow/example_dags/example_bash_operator.py took 0.231 seconds
[2025-11-21T10:47:32.124+0300] {processor.py:153} INFO - Started process (PID=30302) to work on /home/pker/airflow_env/lib/python3.7/site-packages/airflow/example_dags/example_bash_operator.py
[2025-11-21T10:47:32.146+0300] {processor.py:743} INFO - Processing file /home/pker/airflow_env/lib/python3.7/site-packages/airflow/example_dags/example_bash_operator.py for tasks to queue
[2025-11-21T10:47:32.148+0300] {logging_mixin.py:137} INFO - [2025-11-21T10:47:32.148+0300] {dagbag.py:532} INFO - Filling up the DagBag from /home/pker/airflow_env/lib/python3.7/site-packages/airflow/example_dags/example_bash_operator.py
[2025-11-21T10:47:32.190+0300] {processor.py:753} INFO - DAG(s) dict_keys(['example_bash_operator']) retrieved from /home/pker/airflow_env/lib/python3.7/site-packages/airflow/example_dags/example_bash_operator.py
[2025-11-21T10:47:32.242+0300] {logging_mixin.py:137} INFO - [2025-11-21T10:47:32.242+0300] {dag.py:2705} INFO - Sync 1 DAGs
[2025-11-21T10:47:32.288+0300] {logging_mixin.py:137} INFO - [2025-11-21T10:47:32.288+0300] {dag.py:3456} INFO - Setting next_dagrun for example_bash_operator to 2025-11-20T00:00:00+00:00, run_after=2025-11-21T00:00:00+00:00
[2025-11-21T10:47:32.345+0300] {processor.py:175} INFO - Processing /home/pker/airflow_env/lib/python3.7/site-packages/airflow/example_dags/example_bash_operator.py took 0.235 seconds
[2025-11-21T10:48:19.731+0300] {processor.py:153} INFO - Started process (PID=30346) to work on /home/pker/airflow_env/lib/python3.7/site-packages/airflow/example_dags/example_bash_operator.py
[2025-11-21T10:48:19.754+0300] {processor.py:743} INFO - Processing file /home/pker/airflow_env/lib/python3.7/site-packages/airflow/example_dags/example_bash_operator.py for tasks to queue
[2025-11-21T10:48:19.755+0300] {logging_mixin.py:137} INFO - [2025-11-21T10:48:19.755+0300] {dagbag.py:532} INFO - Filling up the DagBag from /home/pker/airflow_env/lib/python3.7/site-packages/airflow/example_dags/example_bash_operator.py
[2025-11-21T10:48:19.793+0300] {processor.py:753} INFO - DAG(s) dict_keys(['example_bash_operator']) retrieved from /home/pker/airflow_env/lib/python3.7/site-packages/airflow/example_dags/example_bash_operator.py
[2025-11-21T10:48:19.838+0300] {logging_mixin.py:137} INFO - [2025-11-21T10:48:19.838+0300] {dag.py:2705} INFO - Sync 1 DAGs
[2025-11-21T10:48:19.866+0300] {logging_mixin.py:137} INFO - [2025-11-21T10:48:19.866+0300] {dag.py:3456} INFO - Setting next_dagrun for example_bash_operator to 2025-11-20T00:00:00+00:00, run_after=2025-11-21T00:00:00+00:00
[2025-11-21T10:48:19.894+0300] {processor.py:175} INFO - Processing /home/pker/airflow_env/lib/python3.7/site-packages/airflow/example_dags/example_bash_operator.py took 0.169 seconds
[2025-11-21T10:49:05.734+0300] {processor.py:153} INFO - Started process (PID=30399) to work on /home/pker/airflow_env/lib/python3.7/site-packages/airflow/example_dags/example_bash_operator.py
[2025-11-21T10:49:05.737+0300] {processor.py:743} INFO - Processing file /home/pker/airflow_env/lib/python3.7/site-packages/airflow/example_dags/example_bash_operator.py for tasks to queue
[2025-11-21T10:49:05.739+0300] {logging_mixin.py:137} INFO - [2025-11-21T10:49:05.738+0300] {dagbag.py:532} INFO - Filling up the DagBag from /home/pker/airflow_env/lib/python3.7/site-packages/airflow/example_dags/example_bash_operator.py
[2025-11-21T10:49:05.784+0300] {processor.py:753} INFO - DAG(s) dict_keys(['example_bash_operator']) retrieved from /home/pker/airflow_env/lib/python3.7/site-packages/airflow/example_dags/example_bash_operator.py
[2025-11-21T10:49:05.837+0300] {logging_mixin.py:137} INFO - [2025-11-21T10:49:05.837+0300] {dag.py:2705} INFO - Sync 1 DAGs
[2025-11-21T10:49:05.875+0300] {logging_mixin.py:137} INFO - [2025-11-21T10:49:05.874+0300] {dag.py:3456} INFO - Setting next_dagrun for example_bash_operator to 2025-11-20T00:00:00+00:00, run_after=2025-11-21T00:00:00+00:00
[2025-11-21T10:49:05.934+0300] {processor.py:175} INFO - Processing /home/pker/airflow_env/lib/python3.7/site-packages/airflow/example_dags/example_bash_operator.py took 0.207 seconds
[2025-11-21T10:49:55.794+0300] {processor.py:153} INFO - Started process (PID=30448) to work on /home/pker/airflow_env/lib/python3.7/site-packages/airflow/example_dags/example_bash_operator.py
[2025-11-21T10:49:55.818+0300] {processor.py:743} INFO - Processing file /home/pker/airflow_env/lib/python3.7/site-packages/airflow/example_dags/example_bash_operator.py for tasks to queue
[2025-11-21T10:49:55.821+0300] {logging_mixin.py:137} INFO - [2025-11-21T10:49:55.820+0300] {dagbag.py:532} INFO - Filling up the DagBag from /home/pker/airflow_env/lib/python3.7/site-packages/airflow/example_dags/example_bash_operator.py
[2025-11-21T10:49:55.867+0300] {processor.py:753} INFO - DAG(s) dict_keys(['example_bash_operator']) retrieved from /home/pker/airflow_env/lib/python3.7/site-packages/airflow/example_dags/example_bash_operator.py
[2025-11-21T10:49:55.925+0300] {logging_mixin.py:137} INFO - [2025-11-21T10:49:55.925+0300] {dag.py:2705} INFO - Sync 1 DAGs
[2025-11-21T10:49:55.971+0300] {logging_mixin.py:137} INFO - [2025-11-21T10:49:55.971+0300] {dag.py:3456} INFO - Setting next_dagrun for example_bash_operator to 2025-11-20T00:00:00+00:00, run_after=2025-11-21T00:00:00+00:00
[2025-11-21T10:49:56.035+0300] {processor.py:175} INFO - Processing /home/pker/airflow_env/lib/python3.7/site-packages/airflow/example_dags/example_bash_operator.py took 0.249 seconds
[2025-11-21T10:50:41.800+0300] {processor.py:153} INFO - Started process (PID=30491) to work on /home/pker/airflow_env/lib/python3.7/site-packages/airflow/example_dags/example_bash_operator.py
[2025-11-21T10:50:41.823+0300] {processor.py:743} INFO - Processing file /home/pker/airflow_env/lib/python3.7/site-packages/airflow/example_dags/example_bash_operator.py for tasks to queue
[2025-11-21T10:50:41.825+0300] {logging_mixin.py:137} INFO - [2025-11-21T10:50:41.825+0300] {dagbag.py:532} INFO - Filling up the DagBag from /home/pker/airflow_env/lib/python3.7/site-packages/airflow/example_dags/example_bash_operator.py
[2025-11-21T10:50:41.874+0300] {processor.py:753} INFO - DAG(s) dict_keys(['example_bash_operator']) retrieved from /home/pker/airflow_env/lib/python3.7/site-packages/airflow/example_dags/example_bash_operator.py
[2025-11-21T10:50:41.934+0300] {logging_mixin.py:137} INFO - [2025-11-21T10:50:41.933+0300] {dag.py:2705} INFO - Sync 1 DAGs
[2025-11-21T10:50:41.980+0300] {logging_mixin.py:137} INFO - [2025-11-21T10:50:41.979+0300] {dag.py:3456} INFO - Setting next_dagrun for example_bash_operator to 2025-11-20T00:00:00+00:00, run_after=2025-11-21T00:00:00+00:00
[2025-11-21T10:50:42.050+0300] {processor.py:175} INFO - Processing /home/pker/airflow_env/lib/python3.7/site-packages/airflow/example_dags/example_bash_operator.py took 0.255 seconds
[2025-11-21T10:51:27.589+0300] {processor.py:153} INFO - Started process (PID=30535) to work on /home/pker/airflow_env/lib/python3.7/site-packages/airflow/example_dags/example_bash_operator.py
[2025-11-21T10:51:27.612+0300] {processor.py:743} INFO - Processing file /home/pker/airflow_env/lib/python3.7/site-packages/airflow/example_dags/example_bash_operator.py for tasks to queue
[2025-11-21T10:51:27.614+0300] {logging_mixin.py:137} INFO - [2025-11-21T10:51:27.613+0300] {dagbag.py:532} INFO - Filling up the DagBag from /home/pker/airflow_env/lib/python3.7/site-packages/airflow/example_dags/example_bash_operator.py
[2025-11-21T10:51:27.653+0300] {processor.py:753} INFO - DAG(s) dict_keys(['example_bash_operator']) retrieved from /home/pker/airflow_env/lib/python3.7/site-packages/airflow/example_dags/example_bash_operator.py
[2025-11-21T10:51:27.691+0300] {logging_mixin.py:137} INFO - [2025-11-21T10:51:27.691+0300] {dag.py:2705} INFO - Sync 1 DAGs
[2025-11-21T10:51:27.722+0300] {logging_mixin.py:137} INFO - [2025-11-21T10:51:27.722+0300] {dag.py:3456} INFO - Setting next_dagrun for example_bash_operator to 2025-11-20T00:00:00+00:00, run_after=2025-11-21T00:00:00+00:00
[2025-11-21T10:51:27.781+0300] {processor.py:175} INFO - Processing /home/pker/airflow_env/lib/python3.7/site-packages/airflow/example_dags/example_bash_operator.py took 0.197 seconds
[2025-11-21T10:52:14.037+0300] {processor.py:153} INFO - Started process (PID=30582) to work on /home/pker/airflow_env/lib/python3.7/site-packages/airflow/example_dags/example_bash_operator.py
[2025-11-21T10:52:14.039+0300] {processor.py:743} INFO - Processing file /home/pker/airflow_env/lib/python3.7/site-packages/airflow/example_dags/example_bash_operator.py for tasks to queue
[2025-11-21T10:52:14.041+0300] {logging_mixin.py:137} INFO - [2025-11-21T10:52:14.041+0300] {dagbag.py:532} INFO - Filling up the DagBag from /home/pker/airflow_env/lib/python3.7/site-packages/airflow/example_dags/example_bash_operator.py
[2025-11-21T10:52:14.085+0300] {processor.py:753} INFO - DAG(s) dict_keys(['example_bash_operator']) retrieved from /home/pker/airflow_env/lib/python3.7/site-packages/airflow/example_dags/example_bash_operator.py
[2025-11-21T10:52:14.135+0300] {logging_mixin.py:137} INFO - [2025-11-21T10:52:14.135+0300] {dag.py:2705} INFO - Sync 1 DAGs
[2025-11-21T10:52:14.175+0300] {logging_mixin.py:137} INFO - [2025-11-21T10:52:14.174+0300] {dag.py:3456} INFO - Setting next_dagrun for example_bash_operator to 2025-11-20T00:00:00+00:00, run_after=2025-11-21T00:00:00+00:00
[2025-11-21T10:52:14.209+0300] {processor.py:175} INFO - Processing /home/pker/airflow_env/lib/python3.7/site-packages/airflow/example_dags/example_bash_operator.py took 0.179 seconds
[2025-11-21T10:52:59.270+0300] {processor.py:153} INFO - Started process (PID=30627) to work on /home/pker/airflow_env/lib/python3.7/site-packages/airflow/example_dags/example_bash_operator.py
[2025-11-21T10:52:59.292+0300] {processor.py:743} INFO - Processing file /home/pker/airflow_env/lib/python3.7/site-packages/airflow/example_dags/example_bash_operator.py for tasks to queue
[2025-11-21T10:52:59.294+0300] {logging_mixin.py:137} INFO - [2025-11-21T10:52:59.294+0300] {dagbag.py:532} INFO - Filling up the DagBag from /home/pker/airflow_env/lib/python3.7/site-packages/airflow/example_dags/example_bash_operator.py
[2025-11-21T10:52:59.329+0300] {processor.py:753} INFO - DAG(s) dict_keys(['example_bash_operator']) retrieved from /home/pker/airflow_env/lib/python3.7/site-packages/airflow/example_dags/example_bash_operator.py
[2025-11-21T10:52:59.381+0300] {logging_mixin.py:137} INFO - [2025-11-21T10:52:59.381+0300] {dag.py:2705} INFO - Sync 1 DAGs
[2025-11-21T10:52:59.426+0300] {logging_mixin.py:137} INFO - [2025-11-21T10:52:59.425+0300] {dag.py:3456} INFO - Setting next_dagrun for example_bash_operator to 2025-11-20T00:00:00+00:00, run_after=2025-11-21T00:00:00+00:00
[2025-11-21T10:52:59.488+0300] {processor.py:175} INFO - Processing /home/pker/airflow_env/lib/python3.7/site-packages/airflow/example_dags/example_bash_operator.py took 0.222 seconds
[2025-11-21T10:53:47.980+0300] {processor.py:153} INFO - Started process (PID=30671) to work on /home/pker/airflow_env/lib/python3.7/site-packages/airflow/example_dags/example_bash_operator.py
[2025-11-21T10:53:48.002+0300] {processor.py:743} INFO - Processing file /home/pker/airflow_env/lib/python3.7/site-packages/airflow/example_dags/example_bash_operator.py for tasks to queue
[2025-11-21T10:53:48.004+0300] {logging_mixin.py:137} INFO - [2025-11-21T10:53:48.004+0300] {dagbag.py:532} INFO - Filling up the DagBag from /home/pker/airflow_env/lib/python3.7/site-packages/airflow/example_dags/example_bash_operator.py
[2025-11-21T10:53:48.050+0300] {processor.py:753} INFO - DAG(s) dict_keys(['example_bash_operator']) retrieved from /home/pker/airflow_env/lib/python3.7/site-packages/airflow/example_dags/example_bash_operator.py
[2025-11-21T10:53:48.111+0300] {logging_mixin.py:137} INFO - [2025-11-21T10:53:48.111+0300] {dag.py:2705} INFO - Sync 1 DAGs
[2025-11-21T10:53:48.147+0300] {logging_mixin.py:137} INFO - [2025-11-21T10:53:48.146+0300] {dag.py:3456} INFO - Setting next_dagrun for example_bash_operator to 2025-11-20T00:00:00+00:00, run_after=2025-11-21T00:00:00+00:00
[2025-11-21T10:53:48.214+0300] {processor.py:175} INFO - Processing /home/pker/airflow_env/lib/python3.7/site-packages/airflow/example_dags/example_bash_operator.py took 0.240 seconds
[2025-11-21T10:54:36.032+0300] {processor.py:153} INFO - Started process (PID=30713) to work on /home/pker/airflow_env/lib/python3.7/site-packages/airflow/example_dags/example_bash_operator.py
[2025-11-21T10:54:36.035+0300] {processor.py:743} INFO - Processing file /home/pker/airflow_env/lib/python3.7/site-packages/airflow/example_dags/example_bash_operator.py for tasks to queue
[2025-11-21T10:54:36.037+0300] {logging_mixin.py:137} INFO - [2025-11-21T10:54:36.037+0300] {dagbag.py:532} INFO - Filling up the DagBag from /home/pker/airflow_env/lib/python3.7/site-packages/airflow/example_dags/example_bash_operator.py
[2025-11-21T10:54:36.086+0300] {processor.py:753} INFO - DAG(s) dict_keys(['example_bash_operator']) retrieved from /home/pker/airflow_env/lib/python3.7/site-packages/airflow/example_dags/example_bash_operator.py
[2025-11-21T10:54:36.148+0300] {logging_mixin.py:137} INFO - [2025-11-21T10:54:36.148+0300] {dag.py:2705} INFO - Sync 1 DAGs
[2025-11-21T10:54:36.189+0300] {logging_mixin.py:137} INFO - [2025-11-21T10:54:36.188+0300] {dag.py:3456} INFO - Setting next_dagrun for example_bash_operator to 2025-11-20T00:00:00+00:00, run_after=2025-11-21T00:00:00+00:00
[2025-11-21T10:54:36.258+0300] {processor.py:175} INFO - Processing /home/pker/airflow_env/lib/python3.7/site-packages/airflow/example_dags/example_bash_operator.py took 0.235 seconds
[2025-11-21T10:55:23.829+0300] {processor.py:153} INFO - Started process (PID=30765) to work on /home/pker/airflow_env/lib/python3.7/site-packages/airflow/example_dags/example_bash_operator.py
[2025-11-21T10:55:23.851+0300] {processor.py:743} INFO - Processing file /home/pker/airflow_env/lib/python3.7/site-packages/airflow/example_dags/example_bash_operator.py for tasks to queue
[2025-11-21T10:55:23.854+0300] {logging_mixin.py:137} INFO - [2025-11-21T10:55:23.853+0300] {dagbag.py:532} INFO - Filling up the DagBag from /home/pker/airflow_env/lib/python3.7/site-packages/airflow/example_dags/example_bash_operator.py
[2025-11-21T10:55:23.911+0300] {processor.py:753} INFO - DAG(s) dict_keys(['example_bash_operator']) retrieved from /home/pker/airflow_env/lib/python3.7/site-packages/airflow/example_dags/example_bash_operator.py
[2025-11-21T10:55:23.988+0300] {logging_mixin.py:137} INFO - [2025-11-21T10:55:23.988+0300] {dag.py:2705} INFO - Sync 1 DAGs
[2025-11-21T10:55:24.024+0300] {logging_mixin.py:137} INFO - [2025-11-21T10:55:24.023+0300] {dag.py:3456} INFO - Setting next_dagrun for example_bash_operator to 2025-11-20T00:00:00+00:00, run_after=2025-11-21T00:00:00+00:00
[2025-11-21T10:55:24.091+0300] {processor.py:175} INFO - Processing /home/pker/airflow_env/lib/python3.7/site-packages/airflow/example_dags/example_bash_operator.py took 0.270 seconds
[2025-11-21T10:56:12.684+0300] {processor.py:153} INFO - Started process (PID=30809) to work on /home/pker/airflow_env/lib/python3.7/site-packages/airflow/example_dags/example_bash_operator.py
[2025-11-21T10:56:12.688+0300] {processor.py:743} INFO - Processing file /home/pker/airflow_env/lib/python3.7/site-packages/airflow/example_dags/example_bash_operator.py for tasks to queue
[2025-11-21T10:56:12.689+0300] {logging_mixin.py:137} INFO - [2025-11-21T10:56:12.689+0300] {dagbag.py:532} INFO - Filling up the DagBag from /home/pker/airflow_env/lib/python3.7/site-packages/airflow/example_dags/example_bash_operator.py
[2025-11-21T10:56:12.732+0300] {processor.py:753} INFO - DAG(s) dict_keys(['example_bash_operator']) retrieved from /home/pker/airflow_env/lib/python3.7/site-packages/airflow/example_dags/example_bash_operator.py
[2025-11-21T10:56:12.791+0300] {logging_mixin.py:137} INFO - [2025-11-21T10:56:12.791+0300] {dag.py:2705} INFO - Sync 1 DAGs
[2025-11-21T10:56:12.833+0300] {logging_mixin.py:137} INFO - [2025-11-21T10:56:12.833+0300] {dag.py:3456} INFO - Setting next_dagrun for example_bash_operator to 2025-11-20T00:00:00+00:00, run_after=2025-11-21T00:00:00+00:00
[2025-11-21T10:56:12.900+0300] {processor.py:175} INFO - Processing /home/pker/airflow_env/lib/python3.7/site-packages/airflow/example_dags/example_bash_operator.py took 0.222 seconds
[2025-11-21T10:57:00.225+0300] {processor.py:153} INFO - Started process (PID=30853) to work on /home/pker/airflow_env/lib/python3.7/site-packages/airflow/example_dags/example_bash_operator.py
[2025-11-21T10:57:00.237+0300] {processor.py:743} INFO - Processing file /home/pker/airflow_env/lib/python3.7/site-packages/airflow/example_dags/example_bash_operator.py for tasks to queue
[2025-11-21T10:57:00.240+0300] {logging_mixin.py:137} INFO - [2025-11-21T10:57:00.239+0300] {dagbag.py:532} INFO - Filling up the DagBag from /home/pker/airflow_env/lib/python3.7/site-packages/airflow/example_dags/example_bash_operator.py
[2025-11-21T10:57:00.293+0300] {processor.py:753} INFO - DAG(s) dict_keys(['example_bash_operator']) retrieved from /home/pker/airflow_env/lib/python3.7/site-packages/airflow/example_dags/example_bash_operator.py
[2025-11-21T10:57:00.350+0300] {logging_mixin.py:137} INFO - [2025-11-21T10:57:00.350+0300] {dag.py:2705} INFO - Sync 1 DAGs
[2025-11-21T10:57:00.389+0300] {logging_mixin.py:137} INFO - [2025-11-21T10:57:00.389+0300] {dag.py:3456} INFO - Setting next_dagrun for example_bash_operator to 2025-11-20T00:00:00+00:00, run_after=2025-11-21T00:00:00+00:00
[2025-11-21T10:57:00.470+0300] {processor.py:175} INFO - Processing /home/pker/airflow_env/lib/python3.7/site-packages/airflow/example_dags/example_bash_operator.py took 0.252 seconds
[2025-11-21T10:57:50.667+0300] {processor.py:153} INFO - Started process (PID=30897) to work on /home/pker/airflow_env/lib/python3.7/site-packages/airflow/example_dags/example_bash_operator.py
[2025-11-21T10:57:50.671+0300] {processor.py:743} INFO - Processing file /home/pker/airflow_env/lib/python3.7/site-packages/airflow/example_dags/example_bash_operator.py for tasks to queue
[2025-11-21T10:57:50.673+0300] {logging_mixin.py:137} INFO - [2025-11-21T10:57:50.673+0300] {dagbag.py:532} INFO - Filling up the DagBag from /home/pker/airflow_env/lib/python3.7/site-packages/airflow/example_dags/example_bash_operator.py
[2025-11-21T10:57:50.728+0300] {processor.py:753} INFO - DAG(s) dict_keys(['example_bash_operator']) retrieved from /home/pker/airflow_env/lib/python3.7/site-packages/airflow/example_dags/example_bash_operator.py
[2025-11-21T10:57:50.792+0300] {logging_mixin.py:137} INFO - [2025-11-21T10:57:50.792+0300] {dag.py:2705} INFO - Sync 1 DAGs
[2025-11-21T10:57:50.823+0300] {logging_mixin.py:137} INFO - [2025-11-21T10:57:50.823+0300] {dag.py:3456} INFO - Setting next_dagrun for example_bash_operator to 2025-11-20T00:00:00+00:00, run_after=2025-11-21T00:00:00+00:00
[2025-11-21T10:57:50.863+0300] {processor.py:175} INFO - Processing /home/pker/airflow_env/lib/python3.7/site-packages/airflow/example_dags/example_bash_operator.py took 0.204 seconds
[2025-11-21T10:58:39.041+0300] {processor.py:153} INFO - Started process (PID=30951) to work on /home/pker/airflow_env/lib/python3.7/site-packages/airflow/example_dags/example_bash_operator.py
[2025-11-21T10:58:39.043+0300] {processor.py:743} INFO - Processing file /home/pker/airflow_env/lib/python3.7/site-packages/airflow/example_dags/example_bash_operator.py for tasks to queue
[2025-11-21T10:58:39.044+0300] {logging_mixin.py:137} INFO - [2025-11-21T10:58:39.044+0300] {dagbag.py:532} INFO - Filling up the DagBag from /home/pker/airflow_env/lib/python3.7/site-packages/airflow/example_dags/example_bash_operator.py
[2025-11-21T10:58:39.075+0300] {processor.py:753} INFO - DAG(s) dict_keys(['example_bash_operator']) retrieved from /home/pker/airflow_env/lib/python3.7/site-packages/airflow/example_dags/example_bash_operator.py
[2025-11-21T10:58:39.122+0300] {logging_mixin.py:137} INFO - [2025-11-21T10:58:39.122+0300] {dag.py:2705} INFO - Sync 1 DAGs
[2025-11-21T10:58:39.148+0300] {logging_mixin.py:137} INFO - [2025-11-21T10:58:39.147+0300] {dag.py:3456} INFO - Setting next_dagrun for example_bash_operator to 2025-11-20T00:00:00+00:00, run_after=2025-11-21T00:00:00+00:00
[2025-11-21T10:58:39.191+0300] {processor.py:175} INFO - Processing /home/pker/airflow_env/lib/python3.7/site-packages/airflow/example_dags/example_bash_operator.py took 0.155 seconds
[2025-11-21T10:59:25.459+0300] {processor.py:153} INFO - Started process (PID=31004) to work on /home/pker/airflow_env/lib/python3.7/site-packages/airflow/example_dags/example_bash_operator.py
[2025-11-21T10:59:25.481+0300] {processor.py:743} INFO - Processing file /home/pker/airflow_env/lib/python3.7/site-packages/airflow/example_dags/example_bash_operator.py for tasks to queue
[2025-11-21T10:59:25.484+0300] {logging_mixin.py:137} INFO - [2025-11-21T10:59:25.483+0300] {dagbag.py:532} INFO - Filling up the DagBag from /home/pker/airflow_env/lib/python3.7/site-packages/airflow/example_dags/example_bash_operator.py
[2025-11-21T10:59:25.538+0300] {processor.py:753} INFO - DAG(s) dict_keys(['example_bash_operator']) retrieved from /home/pker/airflow_env/lib/python3.7/site-packages/airflow/example_dags/example_bash_operator.py
[2025-11-21T10:59:25.597+0300] {logging_mixin.py:137} INFO - [2025-11-21T10:59:25.596+0300] {dag.py:2705} INFO - Sync 1 DAGs
[2025-11-21T10:59:25.632+0300] {logging_mixin.py:137} INFO - [2025-11-21T10:59:25.631+0300] {dag.py:3456} INFO - Setting next_dagrun for example_bash_operator to 2025-11-20T00:00:00+00:00, run_after=2025-11-21T00:00:00+00:00
[2025-11-21T10:59:25.701+0300] {processor.py:175} INFO - Processing /home/pker/airflow_env/lib/python3.7/site-packages/airflow/example_dags/example_bash_operator.py took 0.249 seconds
[2025-11-21T11:00:15.280+0300] {processor.py:153} INFO - Started process (PID=31051) to work on /home/pker/airflow_env/lib/python3.7/site-packages/airflow/example_dags/example_bash_operator.py
[2025-11-21T11:00:15.303+0300] {processor.py:743} INFO - Processing file /home/pker/airflow_env/lib/python3.7/site-packages/airflow/example_dags/example_bash_operator.py for tasks to queue
[2025-11-21T11:00:15.305+0300] {logging_mixin.py:137} INFO - [2025-11-21T11:00:15.305+0300] {dagbag.py:532} INFO - Filling up the DagBag from /home/pker/airflow_env/lib/python3.7/site-packages/airflow/example_dags/example_bash_operator.py
[2025-11-21T11:00:15.346+0300] {processor.py:753} INFO - DAG(s) dict_keys(['example_bash_operator']) retrieved from /home/pker/airflow_env/lib/python3.7/site-packages/airflow/example_dags/example_bash_operator.py
[2025-11-21T11:00:15.396+0300] {logging_mixin.py:137} INFO - [2025-11-21T11:00:15.396+0300] {dag.py:2705} INFO - Sync 1 DAGs
[2025-11-21T11:00:15.426+0300] {logging_mixin.py:137} INFO - [2025-11-21T11:00:15.426+0300] {dag.py:3456} INFO - Setting next_dagrun for example_bash_operator to 2025-11-20T00:00:00+00:00, run_after=2025-11-21T00:00:00+00:00
[2025-11-21T11:00:15.489+0300] {processor.py:175} INFO - Processing /home/pker/airflow_env/lib/python3.7/site-packages/airflow/example_dags/example_bash_operator.py took 0.214 seconds
[2025-11-21T11:01:06.261+0300] {processor.py:153} INFO - Started process (PID=31108) to work on /home/pker/airflow_env/lib/python3.7/site-packages/airflow/example_dags/example_bash_operator.py
[2025-11-21T11:01:06.283+0300] {processor.py:743} INFO - Processing file /home/pker/airflow_env/lib/python3.7/site-packages/airflow/example_dags/example_bash_operator.py for tasks to queue
[2025-11-21T11:01:06.285+0300] {logging_mixin.py:137} INFO - [2025-11-21T11:01:06.285+0300] {dagbag.py:532} INFO - Filling up the DagBag from /home/pker/airflow_env/lib/python3.7/site-packages/airflow/example_dags/example_bash_operator.py
[2025-11-21T11:01:06.327+0300] {processor.py:753} INFO - DAG(s) dict_keys(['example_bash_operator']) retrieved from /home/pker/airflow_env/lib/python3.7/site-packages/airflow/example_dags/example_bash_operator.py
[2025-11-21T11:01:06.372+0300] {logging_mixin.py:137} INFO - [2025-11-21T11:01:06.372+0300] {dag.py:2705} INFO - Sync 1 DAGs
[2025-11-21T11:01:06.405+0300] {logging_mixin.py:137} INFO - [2025-11-21T11:01:06.405+0300] {dag.py:3456} INFO - Setting next_dagrun for example_bash_operator to 2025-11-20T00:00:00+00:00, run_after=2025-11-21T00:00:00+00:00
[2025-11-21T11:01:06.463+0300] {processor.py:175} INFO - Processing /home/pker/airflow_env/lib/python3.7/site-packages/airflow/example_dags/example_bash_operator.py took 0.208 seconds
[2025-11-21T11:01:56.497+0300] {processor.py:153} INFO - Started process (PID=31154) to work on /home/pker/airflow_env/lib/python3.7/site-packages/airflow/example_dags/example_bash_operator.py
[2025-11-21T11:01:56.520+0300] {processor.py:743} INFO - Processing file /home/pker/airflow_env/lib/python3.7/site-packages/airflow/example_dags/example_bash_operator.py for tasks to queue
[2025-11-21T11:01:56.522+0300] {logging_mixin.py:137} INFO - [2025-11-21T11:01:56.521+0300] {dagbag.py:532} INFO - Filling up the DagBag from /home/pker/airflow_env/lib/python3.7/site-packages/airflow/example_dags/example_bash_operator.py
[2025-11-21T11:01:56.583+0300] {processor.py:753} INFO - DAG(s) dict_keys(['example_bash_operator']) retrieved from /home/pker/airflow_env/lib/python3.7/site-packages/airflow/example_dags/example_bash_operator.py
[2025-11-21T11:01:56.645+0300] {logging_mixin.py:137} INFO - [2025-11-21T11:01:56.644+0300] {dag.py:2705} INFO - Sync 1 DAGs
[2025-11-21T11:01:56.677+0300] {logging_mixin.py:137} INFO - [2025-11-21T11:01:56.677+0300] {dag.py:3456} INFO - Setting next_dagrun for example_bash_operator to 2025-11-20T00:00:00+00:00, run_after=2025-11-21T00:00:00+00:00
[2025-11-21T11:01:56.742+0300] {processor.py:175} INFO - Processing /home/pker/airflow_env/lib/python3.7/site-packages/airflow/example_dags/example_bash_operator.py took 0.255 seconds
[2025-11-21T11:02:41.029+0300] {processor.py:153} INFO - Started process (PID=31198) to work on /home/pker/airflow_env/lib/python3.7/site-packages/airflow/example_dags/example_bash_operator.py
[2025-11-21T11:02:41.051+0300] {processor.py:743} INFO - Processing file /home/pker/airflow_env/lib/python3.7/site-packages/airflow/example_dags/example_bash_operator.py for tasks to queue
[2025-11-21T11:02:41.053+0300] {logging_mixin.py:137} INFO - [2025-11-21T11:02:41.053+0300] {dagbag.py:532} INFO - Filling up the DagBag from /home/pker/airflow_env/lib/python3.7/site-packages/airflow/example_dags/example_bash_operator.py
[2025-11-21T11:02:41.092+0300] {processor.py:753} INFO - DAG(s) dict_keys(['example_bash_operator']) retrieved from /home/pker/airflow_env/lib/python3.7/site-packages/airflow/example_dags/example_bash_operator.py
[2025-11-21T11:02:41.131+0300] {logging_mixin.py:137} INFO - [2025-11-21T11:02:41.130+0300] {dag.py:2705} INFO - Sync 1 DAGs
[2025-11-21T11:02:41.158+0300] {logging_mixin.py:137} INFO - [2025-11-21T11:02:41.158+0300] {dag.py:3456} INFO - Setting next_dagrun for example_bash_operator to 2025-11-20T00:00:00+00:00, run_after=2025-11-21T00:00:00+00:00
[2025-11-21T11:02:41.216+0300] {processor.py:175} INFO - Processing /home/pker/airflow_env/lib/python3.7/site-packages/airflow/example_dags/example_bash_operator.py took 0.194 seconds
[2025-11-21T11:03:29.574+0300] {processor.py:153} INFO - Started process (PID=31243) to work on /home/pker/airflow_env/lib/python3.7/site-packages/airflow/example_dags/example_bash_operator.py
[2025-11-21T11:03:29.596+0300] {processor.py:743} INFO - Processing file /home/pker/airflow_env/lib/python3.7/site-packages/airflow/example_dags/example_bash_operator.py for tasks to queue
[2025-11-21T11:03:29.598+0300] {logging_mixin.py:137} INFO - [2025-11-21T11:03:29.598+0300] {dagbag.py:532} INFO - Filling up the DagBag from /home/pker/airflow_env/lib/python3.7/site-packages/airflow/example_dags/example_bash_operator.py
[2025-11-21T11:03:29.649+0300] {processor.py:753} INFO - DAG(s) dict_keys(['example_bash_operator']) retrieved from /home/pker/airflow_env/lib/python3.7/site-packages/airflow/example_dags/example_bash_operator.py
[2025-11-21T11:03:29.721+0300] {logging_mixin.py:137} INFO - [2025-11-21T11:03:29.721+0300] {dag.py:2705} INFO - Sync 1 DAGs
[2025-11-21T11:03:29.762+0300] {logging_mixin.py:137} INFO - [2025-11-21T11:03:29.762+0300] {dag.py:3456} INFO - Setting next_dagrun for example_bash_operator to 2025-11-20T00:00:00+00:00, run_after=2025-11-21T00:00:00+00:00
[2025-11-21T11:03:29.823+0300] {processor.py:175} INFO - Processing /home/pker/airflow_env/lib/python3.7/site-packages/airflow/example_dags/example_bash_operator.py took 0.256 seconds
[2025-11-21T11:04:15.193+0300] {processor.py:153} INFO - Started process (PID=31288) to work on /home/pker/airflow_env/lib/python3.7/site-packages/airflow/example_dags/example_bash_operator.py
[2025-11-21T11:04:15.215+0300] {processor.py:743} INFO - Processing file /home/pker/airflow_env/lib/python3.7/site-packages/airflow/example_dags/example_bash_operator.py for tasks to queue
[2025-11-21T11:04:15.217+0300] {logging_mixin.py:137} INFO - [2025-11-21T11:04:15.217+0300] {dagbag.py:532} INFO - Filling up the DagBag from /home/pker/airflow_env/lib/python3.7/site-packages/airflow/example_dags/example_bash_operator.py
[2025-11-21T11:04:15.253+0300] {processor.py:753} INFO - DAG(s) dict_keys(['example_bash_operator']) retrieved from /home/pker/airflow_env/lib/python3.7/site-packages/airflow/example_dags/example_bash_operator.py
[2025-11-21T11:04:15.308+0300] {logging_mixin.py:137} INFO - [2025-11-21T11:04:15.308+0300] {dag.py:2705} INFO - Sync 1 DAGs
[2025-11-21T11:04:15.346+0300] {logging_mixin.py:137} INFO - [2025-11-21T11:04:15.346+0300] {dag.py:3456} INFO - Setting next_dagrun for example_bash_operator to 2025-11-20T00:00:00+00:00, run_after=2025-11-21T00:00:00+00:00
[2025-11-21T11:04:15.408+0300] {processor.py:175} INFO - Processing /home/pker/airflow_env/lib/python3.7/site-packages/airflow/example_dags/example_bash_operator.py took 0.222 seconds
[2025-11-21T11:05:05.509+0300] {processor.py:153} INFO - Started process (PID=31333) to work on /home/pker/airflow_env/lib/python3.7/site-packages/airflow/example_dags/example_bash_operator.py
[2025-11-21T11:05:05.535+0300] {processor.py:743} INFO - Processing file /home/pker/airflow_env/lib/python3.7/site-packages/airflow/example_dags/example_bash_operator.py for tasks to queue
[2025-11-21T11:05:05.538+0300] {logging_mixin.py:137} INFO - [2025-11-21T11:05:05.537+0300] {dagbag.py:532} INFO - Filling up the DagBag from /home/pker/airflow_env/lib/python3.7/site-packages/airflow/example_dags/example_bash_operator.py
[2025-11-21T11:05:05.593+0300] {processor.py:753} INFO - DAG(s) dict_keys(['example_bash_operator']) retrieved from /home/pker/airflow_env/lib/python3.7/site-packages/airflow/example_dags/example_bash_operator.py
[2025-11-21T11:05:05.663+0300] {logging_mixin.py:137} INFO - [2025-11-21T11:05:05.663+0300] {dag.py:2705} INFO - Sync 1 DAGs
[2025-11-21T11:05:05.716+0300] {logging_mixin.py:137} INFO - [2025-11-21T11:05:05.715+0300] {dag.py:3456} INFO - Setting next_dagrun for example_bash_operator to 2025-11-20T00:00:00+00:00, run_after=2025-11-21T00:00:00+00:00
[2025-11-21T11:05:05.778+0300] {processor.py:175} INFO - Processing /home/pker/airflow_env/lib/python3.7/site-packages/airflow/example_dags/example_bash_operator.py took 0.277 seconds
[2025-11-21T11:05:53.719+0300] {processor.py:153} INFO - Started process (PID=31386) to work on /home/pker/airflow_env/lib/python3.7/site-packages/airflow/example_dags/example_bash_operator.py
[2025-11-21T11:05:53.742+0300] {processor.py:743} INFO - Processing file /home/pker/airflow_env/lib/python3.7/site-packages/airflow/example_dags/example_bash_operator.py for tasks to queue
[2025-11-21T11:05:53.744+0300] {logging_mixin.py:137} INFO - [2025-11-21T11:05:53.744+0300] {dagbag.py:532} INFO - Filling up the DagBag from /home/pker/airflow_env/lib/python3.7/site-packages/airflow/example_dags/example_bash_operator.py
[2025-11-21T11:05:53.786+0300] {processor.py:753} INFO - DAG(s) dict_keys(['example_bash_operator']) retrieved from /home/pker/airflow_env/lib/python3.7/site-packages/airflow/example_dags/example_bash_operator.py
[2025-11-21T11:05:53.827+0300] {logging_mixin.py:137} INFO - [2025-11-21T11:05:53.827+0300] {dag.py:2705} INFO - Sync 1 DAGs
[2025-11-21T11:05:53.862+0300] {logging_mixin.py:137} INFO - [2025-11-21T11:05:53.862+0300] {dag.py:3456} INFO - Setting next_dagrun for example_bash_operator to 2025-11-20T00:00:00+00:00, run_after=2025-11-21T00:00:00+00:00
[2025-11-21T11:05:53.925+0300] {processor.py:175} INFO - Processing /home/pker/airflow_env/lib/python3.7/site-packages/airflow/example_dags/example_bash_operator.py took 0.214 seconds
[2025-11-21T11:06:42.847+0300] {processor.py:153} INFO - Started process (PID=31432) to work on /home/pker/airflow_env/lib/python3.7/site-packages/airflow/example_dags/example_bash_operator.py
[2025-11-21T11:06:42.850+0300] {processor.py:743} INFO - Processing file /home/pker/airflow_env/lib/python3.7/site-packages/airflow/example_dags/example_bash_operator.py for tasks to queue
[2025-11-21T11:06:42.851+0300] {logging_mixin.py:137} INFO - [2025-11-21T11:06:42.851+0300] {dagbag.py:532} INFO - Filling up the DagBag from /home/pker/airflow_env/lib/python3.7/site-packages/airflow/example_dags/example_bash_operator.py
[2025-11-21T11:06:42.891+0300] {processor.py:753} INFO - DAG(s) dict_keys(['example_bash_operator']) retrieved from /home/pker/airflow_env/lib/python3.7/site-packages/airflow/example_dags/example_bash_operator.py
[2025-11-21T11:06:42.945+0300] {logging_mixin.py:137} INFO - [2025-11-21T11:06:42.945+0300] {dag.py:2705} INFO - Sync 1 DAGs
[2025-11-21T11:06:42.978+0300] {logging_mixin.py:137} INFO - [2025-11-21T11:06:42.978+0300] {dag.py:3456} INFO - Setting next_dagrun for example_bash_operator to 2025-11-20T00:00:00+00:00, run_after=2025-11-21T00:00:00+00:00
[2025-11-21T11:06:43.037+0300] {processor.py:175} INFO - Processing /home/pker/airflow_env/lib/python3.7/site-packages/airflow/example_dags/example_bash_operator.py took 0.197 seconds
[2025-11-21T11:07:29.787+0300] {processor.py:153} INFO - Started process (PID=31480) to work on /home/pker/airflow_env/lib/python3.7/site-packages/airflow/example_dags/example_bash_operator.py
[2025-11-21T11:07:29.809+0300] {processor.py:743} INFO - Processing file /home/pker/airflow_env/lib/python3.7/site-packages/airflow/example_dags/example_bash_operator.py for tasks to queue
[2025-11-21T11:07:29.813+0300] {logging_mixin.py:137} INFO - [2025-11-21T11:07:29.813+0300] {dagbag.py:532} INFO - Filling up the DagBag from /home/pker/airflow_env/lib/python3.7/site-packages/airflow/example_dags/example_bash_operator.py
[2025-11-21T11:07:29.850+0300] {processor.py:753} INFO - DAG(s) dict_keys(['example_bash_operator']) retrieved from /home/pker/airflow_env/lib/python3.7/site-packages/airflow/example_dags/example_bash_operator.py
[2025-11-21T11:07:29.898+0300] {logging_mixin.py:137} INFO - [2025-11-21T11:07:29.897+0300] {dag.py:2705} INFO - Sync 1 DAGs
[2025-11-21T11:07:29.931+0300] {logging_mixin.py:137} INFO - [2025-11-21T11:07:29.931+0300] {dag.py:3456} INFO - Setting next_dagrun for example_bash_operator to 2025-11-20T00:00:00+00:00, run_after=2025-11-21T00:00:00+00:00
[2025-11-21T11:07:29.990+0300] {processor.py:175} INFO - Processing /home/pker/airflow_env/lib/python3.7/site-packages/airflow/example_dags/example_bash_operator.py took 0.208 seconds
[2025-11-21T11:08:17.531+0300] {processor.py:153} INFO - Started process (PID=31549) to work on /home/pker/airflow_env/lib/python3.7/site-packages/airflow/example_dags/example_bash_operator.py
[2025-11-21T11:08:17.552+0300] {processor.py:743} INFO - Processing file /home/pker/airflow_env/lib/python3.7/site-packages/airflow/example_dags/example_bash_operator.py for tasks to queue
[2025-11-21T11:08:17.553+0300] {logging_mixin.py:137} INFO - [2025-11-21T11:08:17.553+0300] {dagbag.py:532} INFO - Filling up the DagBag from /home/pker/airflow_env/lib/python3.7/site-packages/airflow/example_dags/example_bash_operator.py
[2025-11-21T11:08:17.594+0300] {processor.py:753} INFO - DAG(s) dict_keys(['example_bash_operator']) retrieved from /home/pker/airflow_env/lib/python3.7/site-packages/airflow/example_dags/example_bash_operator.py
[2025-11-21T11:08:17.665+0300] {logging_mixin.py:137} INFO - [2025-11-21T11:08:17.664+0300] {dag.py:2705} INFO - Sync 1 DAGs
[2025-11-21T11:08:17.714+0300] {logging_mixin.py:137} INFO - [2025-11-21T11:08:17.714+0300] {dag.py:3456} INFO - Setting next_dagrun for example_bash_operator to 2025-11-20T00:00:00+00:00, run_after=2025-11-21T00:00:00+00:00
[2025-11-21T11:08:17.779+0300] {processor.py:175} INFO - Processing /home/pker/airflow_env/lib/python3.7/site-packages/airflow/example_dags/example_bash_operator.py took 0.252 seconds
[2025-11-21T11:09:05.560+0300] {processor.py:153} INFO - Started process (PID=31596) to work on /home/pker/airflow_env/lib/python3.7/site-packages/airflow/example_dags/example_bash_operator.py
[2025-11-21T11:09:05.583+0300] {processor.py:743} INFO - Processing file /home/pker/airflow_env/lib/python3.7/site-packages/airflow/example_dags/example_bash_operator.py for tasks to queue
[2025-11-21T11:09:05.585+0300] {logging_mixin.py:137} INFO - [2025-11-21T11:09:05.585+0300] {dagbag.py:532} INFO - Filling up the DagBag from /home/pker/airflow_env/lib/python3.7/site-packages/airflow/example_dags/example_bash_operator.py
[2025-11-21T11:09:05.628+0300] {processor.py:753} INFO - DAG(s) dict_keys(['example_bash_operator']) retrieved from /home/pker/airflow_env/lib/python3.7/site-packages/airflow/example_dags/example_bash_operator.py
[2025-11-21T11:09:05.687+0300] {logging_mixin.py:137} INFO - [2025-11-21T11:09:05.687+0300] {dag.py:2705} INFO - Sync 1 DAGs
[2025-11-21T11:09:05.718+0300] {logging_mixin.py:137} INFO - [2025-11-21T11:09:05.718+0300] {dag.py:3456} INFO - Setting next_dagrun for example_bash_operator to 2025-11-20T00:00:00+00:00, run_after=2025-11-21T00:00:00+00:00
[2025-11-21T11:09:05.779+0300] {processor.py:175} INFO - Processing /home/pker/airflow_env/lib/python3.7/site-packages/airflow/example_dags/example_bash_operator.py took 0.226 seconds
