[2025-11-21T10:44:35.494+0300] {processor.py:153} INFO - Started process (PID=30114) to work on /home/pker/airflow_env/lib/python3.7/site-packages/airflow/example_dags/example_kubernetes_executor.py
[2025-11-21T10:44:35.495+0300] {processor.py:743} INFO - Processing file /home/pker/airflow_env/lib/python3.7/site-packages/airflow/example_dags/example_kubernetes_executor.py for tasks to queue
[2025-11-21T10:44:35.497+0300] {logging_mixin.py:137} INFO - [2025-11-21T10:44:35.496+0300] {dagbag.py:532} INFO - Filling up the DagBag from /home/pker/airflow_env/lib/python3.7/site-packages/airflow/example_dags/example_kubernetes_executor.py
[2025-11-21T10:44:35.524+0300] {logging_mixin.py:137} INFO - [2025-11-21T10:44:35.524+0300] {example_kubernetes_executor.py:42} WARNING - The example_kubernetes_executor example DAG requires the kubernetes provider. Please install it with: pip install apache-airflow[cncf.kubernetes]
[2025-11-21T10:44:35.525+0300] {processor.py:755} WARNING - No viable dags retrieved from /home/pker/airflow_env/lib/python3.7/site-packages/airflow/example_dags/example_kubernetes_executor.py
[2025-11-21T10:44:35.537+0300] {processor.py:175} INFO - Processing /home/pker/airflow_env/lib/python3.7/site-packages/airflow/example_dags/example_kubernetes_executor.py took 0.049 seconds
[2025-11-21T10:45:22.805+0300] {processor.py:153} INFO - Started process (PID=30180) to work on /home/pker/airflow_env/lib/python3.7/site-packages/airflow/example_dags/example_kubernetes_executor.py
[2025-11-21T10:45:22.827+0300] {processor.py:743} INFO - Processing file /home/pker/airflow_env/lib/python3.7/site-packages/airflow/example_dags/example_kubernetes_executor.py for tasks to queue
[2025-11-21T10:45:22.829+0300] {logging_mixin.py:137} INFO - [2025-11-21T10:45:22.828+0300] {dagbag.py:532} INFO - Filling up the DagBag from /home/pker/airflow_env/lib/python3.7/site-packages/airflow/example_dags/example_kubernetes_executor.py
[2025-11-21T10:45:22.865+0300] {logging_mixin.py:137} INFO - [2025-11-21T10:45:22.865+0300] {example_kubernetes_executor.py:42} WARNING - The example_kubernetes_executor example DAG requires the kubernetes provider. Please install it with: pip install apache-airflow[cncf.kubernetes]
[2025-11-21T10:45:22.866+0300] {processor.py:755} WARNING - No viable dags retrieved from /home/pker/airflow_env/lib/python3.7/site-packages/airflow/example_dags/example_kubernetes_executor.py
[2025-11-21T10:45:22.899+0300] {processor.py:175} INFO - Processing /home/pker/airflow_env/lib/python3.7/site-packages/airflow/example_dags/example_kubernetes_executor.py took 0.104 seconds
[2025-11-21T10:46:12.833+0300] {processor.py:153} INFO - Started process (PID=30226) to work on /home/pker/airflow_env/lib/python3.7/site-packages/airflow/example_dags/example_kubernetes_executor.py
[2025-11-21T10:46:12.835+0300] {processor.py:743} INFO - Processing file /home/pker/airflow_env/lib/python3.7/site-packages/airflow/example_dags/example_kubernetes_executor.py for tasks to queue
[2025-11-21T10:46:12.837+0300] {logging_mixin.py:137} INFO - [2025-11-21T10:46:12.836+0300] {dagbag.py:532} INFO - Filling up the DagBag from /home/pker/airflow_env/lib/python3.7/site-packages/airflow/example_dags/example_kubernetes_executor.py
[2025-11-21T10:46:12.866+0300] {logging_mixin.py:137} INFO - [2025-11-21T10:46:12.866+0300] {example_kubernetes_executor.py:42} WARNING - The example_kubernetes_executor example DAG requires the kubernetes provider. Please install it with: pip install apache-airflow[cncf.kubernetes]
[2025-11-21T10:46:12.867+0300] {processor.py:755} WARNING - No viable dags retrieved from /home/pker/airflow_env/lib/python3.7/site-packages/airflow/example_dags/example_kubernetes_executor.py
[2025-11-21T10:46:12.884+0300] {processor.py:175} INFO - Processing /home/pker/airflow_env/lib/python3.7/site-packages/airflow/example_dags/example_kubernetes_executor.py took 0.057 seconds
[2025-11-21T10:47:00.261+0300] {processor.py:153} INFO - Started process (PID=30274) to work on /home/pker/airflow_env/lib/python3.7/site-packages/airflow/example_dags/example_kubernetes_executor.py
[2025-11-21T10:47:00.284+0300] {processor.py:743} INFO - Processing file /home/pker/airflow_env/lib/python3.7/site-packages/airflow/example_dags/example_kubernetes_executor.py for tasks to queue
[2025-11-21T10:47:00.286+0300] {logging_mixin.py:137} INFO - [2025-11-21T10:47:00.286+0300] {dagbag.py:532} INFO - Filling up the DagBag from /home/pker/airflow_env/lib/python3.7/site-packages/airflow/example_dags/example_kubernetes_executor.py
[2025-11-21T10:47:00.320+0300] {logging_mixin.py:137} INFO - [2025-11-21T10:47:00.320+0300] {example_kubernetes_executor.py:42} WARNING - The example_kubernetes_executor example DAG requires the kubernetes provider. Please install it with: pip install apache-airflow[cncf.kubernetes]
[2025-11-21T10:47:00.320+0300] {processor.py:755} WARNING - No viable dags retrieved from /home/pker/airflow_env/lib/python3.7/site-packages/airflow/example_dags/example_kubernetes_executor.py
[2025-11-21T10:47:00.339+0300] {processor.py:175} INFO - Processing /home/pker/airflow_env/lib/python3.7/site-packages/airflow/example_dags/example_kubernetes_executor.py took 0.086 seconds
[2025-11-21T10:47:48.227+0300] {processor.py:153} INFO - Started process (PID=30318) to work on /home/pker/airflow_env/lib/python3.7/site-packages/airflow/example_dags/example_kubernetes_executor.py
[2025-11-21T10:47:48.250+0300] {processor.py:743} INFO - Processing file /home/pker/airflow_env/lib/python3.7/site-packages/airflow/example_dags/example_kubernetes_executor.py for tasks to queue
[2025-11-21T10:47:48.252+0300] {logging_mixin.py:137} INFO - [2025-11-21T10:47:48.252+0300] {dagbag.py:532} INFO - Filling up the DagBag from /home/pker/airflow_env/lib/python3.7/site-packages/airflow/example_dags/example_kubernetes_executor.py
[2025-11-21T10:47:48.284+0300] {logging_mixin.py:137} INFO - [2025-11-21T10:47:48.283+0300] {example_kubernetes_executor.py:42} WARNING - The example_kubernetes_executor example DAG requires the kubernetes provider. Please install it with: pip install apache-airflow[cncf.kubernetes]
[2025-11-21T10:47:48.284+0300] {processor.py:755} WARNING - No viable dags retrieved from /home/pker/airflow_env/lib/python3.7/site-packages/airflow/example_dags/example_kubernetes_executor.py
[2025-11-21T10:47:48.300+0300] {processor.py:175} INFO - Processing /home/pker/airflow_env/lib/python3.7/site-packages/airflow/example_dags/example_kubernetes_executor.py took 0.079 seconds
[2025-11-21T10:48:35.530+0300] {processor.py:153} INFO - Started process (PID=30360) to work on /home/pker/airflow_env/lib/python3.7/site-packages/airflow/example_dags/example_kubernetes_executor.py
[2025-11-21T10:48:35.532+0300] {processor.py:743} INFO - Processing file /home/pker/airflow_env/lib/python3.7/site-packages/airflow/example_dags/example_kubernetes_executor.py for tasks to queue
[2025-11-21T10:48:35.533+0300] {logging_mixin.py:137} INFO - [2025-11-21T10:48:35.533+0300] {dagbag.py:532} INFO - Filling up the DagBag from /home/pker/airflow_env/lib/python3.7/site-packages/airflow/example_dags/example_kubernetes_executor.py
[2025-11-21T10:48:35.556+0300] {logging_mixin.py:137} INFO - [2025-11-21T10:48:35.555+0300] {example_kubernetes_executor.py:42} WARNING - The example_kubernetes_executor example DAG requires the kubernetes provider. Please install it with: pip install apache-airflow[cncf.kubernetes]
[2025-11-21T10:48:35.556+0300] {processor.py:755} WARNING - No viable dags retrieved from /home/pker/airflow_env/lib/python3.7/site-packages/airflow/example_dags/example_kubernetes_executor.py
[2025-11-21T10:48:35.567+0300] {processor.py:175} INFO - Processing /home/pker/airflow_env/lib/python3.7/site-packages/airflow/example_dags/example_kubernetes_executor.py took 0.042 seconds
[2025-11-21T10:49:22.310+0300] {processor.py:153} INFO - Started process (PID=30417) to work on /home/pker/airflow_env/lib/python3.7/site-packages/airflow/example_dags/example_kubernetes_executor.py
[2025-11-21T10:49:22.334+0300] {processor.py:743} INFO - Processing file /home/pker/airflow_env/lib/python3.7/site-packages/airflow/example_dags/example_kubernetes_executor.py for tasks to queue
[2025-11-21T10:49:22.336+0300] {logging_mixin.py:137} INFO - [2025-11-21T10:49:22.336+0300] {dagbag.py:532} INFO - Filling up the DagBag from /home/pker/airflow_env/lib/python3.7/site-packages/airflow/example_dags/example_kubernetes_executor.py
[2025-11-21T10:49:22.368+0300] {logging_mixin.py:137} INFO - [2025-11-21T10:49:22.368+0300] {example_kubernetes_executor.py:42} WARNING - The example_kubernetes_executor example DAG requires the kubernetes provider. Please install it with: pip install apache-airflow[cncf.kubernetes]
[2025-11-21T10:49:22.368+0300] {processor.py:755} WARNING - No viable dags retrieved from /home/pker/airflow_env/lib/python3.7/site-packages/airflow/example_dags/example_kubernetes_executor.py
[2025-11-21T10:49:22.387+0300] {processor.py:175} INFO - Processing /home/pker/airflow_env/lib/python3.7/site-packages/airflow/example_dags/example_kubernetes_executor.py took 0.083 seconds
[2025-11-21T10:50:08.998+0300] {processor.py:153} INFO - Started process (PID=30462) to work on /home/pker/airflow_env/lib/python3.7/site-packages/airflow/example_dags/example_kubernetes_executor.py
[2025-11-21T10:50:09.003+0300] {processor.py:743} INFO - Processing file /home/pker/airflow_env/lib/python3.7/site-packages/airflow/example_dags/example_kubernetes_executor.py for tasks to queue
[2025-11-21T10:50:09.005+0300] {logging_mixin.py:137} INFO - [2025-11-21T10:50:09.004+0300] {dagbag.py:532} INFO - Filling up the DagBag from /home/pker/airflow_env/lib/python3.7/site-packages/airflow/example_dags/example_kubernetes_executor.py
[2025-11-21T10:50:09.041+0300] {logging_mixin.py:137} INFO - [2025-11-21T10:50:09.041+0300] {example_kubernetes_executor.py:42} WARNING - The example_kubernetes_executor example DAG requires the kubernetes provider. Please install it with: pip install apache-airflow[cncf.kubernetes]
[2025-11-21T10:50:09.042+0300] {processor.py:755} WARNING - No viable dags retrieved from /home/pker/airflow_env/lib/python3.7/site-packages/airflow/example_dags/example_kubernetes_executor.py
[2025-11-21T10:50:09.057+0300] {processor.py:175} INFO - Processing /home/pker/airflow_env/lib/python3.7/site-packages/airflow/example_dags/example_kubernetes_executor.py took 0.065 seconds
[2025-11-21T10:50:58.102+0300] {processor.py:153} INFO - Started process (PID=30507) to work on /home/pker/airflow_env/lib/python3.7/site-packages/airflow/example_dags/example_kubernetes_executor.py
[2025-11-21T10:50:58.105+0300] {processor.py:743} INFO - Processing file /home/pker/airflow_env/lib/python3.7/site-packages/airflow/example_dags/example_kubernetes_executor.py for tasks to queue
[2025-11-21T10:50:58.107+0300] {logging_mixin.py:137} INFO - [2025-11-21T10:50:58.107+0300] {dagbag.py:532} INFO - Filling up the DagBag from /home/pker/airflow_env/lib/python3.7/site-packages/airflow/example_dags/example_kubernetes_executor.py
[2025-11-21T10:50:58.134+0300] {logging_mixin.py:137} INFO - [2025-11-21T10:50:58.133+0300] {example_kubernetes_executor.py:42} WARNING - The example_kubernetes_executor example DAG requires the kubernetes provider. Please install it with: pip install apache-airflow[cncf.kubernetes]
[2025-11-21T10:50:58.134+0300] {processor.py:755} WARNING - No viable dags retrieved from /home/pker/airflow_env/lib/python3.7/site-packages/airflow/example_dags/example_kubernetes_executor.py
[2025-11-21T10:50:58.152+0300] {processor.py:175} INFO - Processing /home/pker/airflow_env/lib/python3.7/site-packages/airflow/example_dags/example_kubernetes_executor.py took 0.057 seconds
[2025-11-21T10:51:42.377+0300] {processor.py:153} INFO - Started process (PID=30549) to work on /home/pker/airflow_env/lib/python3.7/site-packages/airflow/example_dags/example_kubernetes_executor.py
[2025-11-21T10:51:42.399+0300] {processor.py:743} INFO - Processing file /home/pker/airflow_env/lib/python3.7/site-packages/airflow/example_dags/example_kubernetes_executor.py for tasks to queue
[2025-11-21T10:51:42.401+0300] {logging_mixin.py:137} INFO - [2025-11-21T10:51:42.400+0300] {dagbag.py:532} INFO - Filling up the DagBag from /home/pker/airflow_env/lib/python3.7/site-packages/airflow/example_dags/example_kubernetes_executor.py
[2025-11-21T10:51:42.432+0300] {logging_mixin.py:137} INFO - [2025-11-21T10:51:42.432+0300] {example_kubernetes_executor.py:42} WARNING - The example_kubernetes_executor example DAG requires the kubernetes provider. Please install it with: pip install apache-airflow[cncf.kubernetes]
[2025-11-21T10:51:42.432+0300] {processor.py:755} WARNING - No viable dags retrieved from /home/pker/airflow_env/lib/python3.7/site-packages/airflow/example_dags/example_kubernetes_executor.py
[2025-11-21T10:51:42.450+0300] {processor.py:175} INFO - Processing /home/pker/airflow_env/lib/python3.7/site-packages/airflow/example_dags/example_kubernetes_executor.py took 0.079 seconds
[2025-11-21T10:52:29.251+0300] {processor.py:153} INFO - Started process (PID=30596) to work on /home/pker/airflow_env/lib/python3.7/site-packages/airflow/example_dags/example_kubernetes_executor.py
[2025-11-21T10:52:29.273+0300] {processor.py:743} INFO - Processing file /home/pker/airflow_env/lib/python3.7/site-packages/airflow/example_dags/example_kubernetes_executor.py for tasks to queue
[2025-11-21T10:52:29.275+0300] {logging_mixin.py:137} INFO - [2025-11-21T10:52:29.275+0300] {dagbag.py:532} INFO - Filling up the DagBag from /home/pker/airflow_env/lib/python3.7/site-packages/airflow/example_dags/example_kubernetes_executor.py
[2025-11-21T10:52:29.303+0300] {logging_mixin.py:137} INFO - [2025-11-21T10:52:29.303+0300] {example_kubernetes_executor.py:42} WARNING - The example_kubernetes_executor example DAG requires the kubernetes provider. Please install it with: pip install apache-airflow[cncf.kubernetes]
[2025-11-21T10:52:29.304+0300] {processor.py:755} WARNING - No viable dags retrieved from /home/pker/airflow_env/lib/python3.7/site-packages/airflow/example_dags/example_kubernetes_executor.py
[2025-11-21T10:52:29.318+0300] {processor.py:175} INFO - Processing /home/pker/airflow_env/lib/python3.7/site-packages/airflow/example_dags/example_kubernetes_executor.py took 0.074 seconds
[2025-11-21T10:53:16.351+0300] {processor.py:153} INFO - Started process (PID=30641) to work on /home/pker/airflow_env/lib/python3.7/site-packages/airflow/example_dags/example_kubernetes_executor.py
[2025-11-21T10:53:16.374+0300] {processor.py:743} INFO - Processing file /home/pker/airflow_env/lib/python3.7/site-packages/airflow/example_dags/example_kubernetes_executor.py for tasks to queue
[2025-11-21T10:53:16.376+0300] {logging_mixin.py:137} INFO - [2025-11-21T10:53:16.376+0300] {dagbag.py:532} INFO - Filling up the DagBag from /home/pker/airflow_env/lib/python3.7/site-packages/airflow/example_dags/example_kubernetes_executor.py
[2025-11-21T10:53:16.408+0300] {logging_mixin.py:137} INFO - [2025-11-21T10:53:16.408+0300] {example_kubernetes_executor.py:42} WARNING - The example_kubernetes_executor example DAG requires the kubernetes provider. Please install it with: pip install apache-airflow[cncf.kubernetes]
[2025-11-21T10:53:16.409+0300] {processor.py:755} WARNING - No viable dags retrieved from /home/pker/airflow_env/lib/python3.7/site-packages/airflow/example_dags/example_kubernetes_executor.py
[2025-11-21T10:53:16.423+0300] {processor.py:175} INFO - Processing /home/pker/airflow_env/lib/python3.7/site-packages/airflow/example_dags/example_kubernetes_executor.py took 0.079 seconds
[2025-11-21T10:54:05.392+0300] {processor.py:153} INFO - Started process (PID=30685) to work on /home/pker/airflow_env/lib/python3.7/site-packages/airflow/example_dags/example_kubernetes_executor.py
[2025-11-21T10:54:05.414+0300] {processor.py:743} INFO - Processing file /home/pker/airflow_env/lib/python3.7/site-packages/airflow/example_dags/example_kubernetes_executor.py for tasks to queue
[2025-11-21T10:54:05.415+0300] {logging_mixin.py:137} INFO - [2025-11-21T10:54:05.415+0300] {dagbag.py:532} INFO - Filling up the DagBag from /home/pker/airflow_env/lib/python3.7/site-packages/airflow/example_dags/example_kubernetes_executor.py
[2025-11-21T10:54:05.455+0300] {logging_mixin.py:137} INFO - [2025-11-21T10:54:05.454+0300] {example_kubernetes_executor.py:42} WARNING - The example_kubernetes_executor example DAG requires the kubernetes provider. Please install it with: pip install apache-airflow[cncf.kubernetes]
[2025-11-21T10:54:05.455+0300] {processor.py:755} WARNING - No viable dags retrieved from /home/pker/airflow_env/lib/python3.7/site-packages/airflow/example_dags/example_kubernetes_executor.py
[2025-11-21T10:54:05.478+0300] {processor.py:175} INFO - Processing /home/pker/airflow_env/lib/python3.7/site-packages/airflow/example_dags/example_kubernetes_executor.py took 0.093 seconds
[2025-11-21T10:54:52.707+0300] {processor.py:153} INFO - Started process (PID=30732) to work on /home/pker/airflow_env/lib/python3.7/site-packages/airflow/example_dags/example_kubernetes_executor.py
[2025-11-21T10:54:52.711+0300] {processor.py:743} INFO - Processing file /home/pker/airflow_env/lib/python3.7/site-packages/airflow/example_dags/example_kubernetes_executor.py for tasks to queue
[2025-11-21T10:54:52.712+0300] {logging_mixin.py:137} INFO - [2025-11-21T10:54:52.712+0300] {dagbag.py:532} INFO - Filling up the DagBag from /home/pker/airflow_env/lib/python3.7/site-packages/airflow/example_dags/example_kubernetes_executor.py
[2025-11-21T10:54:52.743+0300] {logging_mixin.py:137} INFO - [2025-11-21T10:54:52.742+0300] {example_kubernetes_executor.py:42} WARNING - The example_kubernetes_executor example DAG requires the kubernetes provider. Please install it with: pip install apache-airflow[cncf.kubernetes]
[2025-11-21T10:54:52.743+0300] {processor.py:755} WARNING - No viable dags retrieved from /home/pker/airflow_env/lib/python3.7/site-packages/airflow/example_dags/example_kubernetes_executor.py
[2025-11-21T10:54:52.756+0300] {processor.py:175} INFO - Processing /home/pker/airflow_env/lib/python3.7/site-packages/airflow/example_dags/example_kubernetes_executor.py took 0.055 seconds
[2025-11-21T10:55:39.862+0300] {processor.py:153} INFO - Started process (PID=30779) to work on /home/pker/airflow_env/lib/python3.7/site-packages/airflow/example_dags/example_kubernetes_executor.py
[2025-11-21T10:55:39.885+0300] {processor.py:743} INFO - Processing file /home/pker/airflow_env/lib/python3.7/site-packages/airflow/example_dags/example_kubernetes_executor.py for tasks to queue
[2025-11-21T10:55:39.888+0300] {logging_mixin.py:137} INFO - [2025-11-21T10:55:39.887+0300] {dagbag.py:532} INFO - Filling up the DagBag from /home/pker/airflow_env/lib/python3.7/site-packages/airflow/example_dags/example_kubernetes_executor.py
[2025-11-21T10:55:39.918+0300] {logging_mixin.py:137} INFO - [2025-11-21T10:55:39.918+0300] {example_kubernetes_executor.py:42} WARNING - The example_kubernetes_executor example DAG requires the kubernetes provider. Please install it with: pip install apache-airflow[cncf.kubernetes]
[2025-11-21T10:55:39.918+0300] {processor.py:755} WARNING - No viable dags retrieved from /home/pker/airflow_env/lib/python3.7/site-packages/airflow/example_dags/example_kubernetes_executor.py
[2025-11-21T10:55:39.935+0300] {processor.py:175} INFO - Processing /home/pker/airflow_env/lib/python3.7/site-packages/airflow/example_dags/example_kubernetes_executor.py took 0.080 seconds
[2025-11-21T10:56:28.491+0300] {processor.py:153} INFO - Started process (PID=30823) to work on /home/pker/airflow_env/lib/python3.7/site-packages/airflow/example_dags/example_kubernetes_executor.py
[2025-11-21T10:56:28.513+0300] {processor.py:743} INFO - Processing file /home/pker/airflow_env/lib/python3.7/site-packages/airflow/example_dags/example_kubernetes_executor.py for tasks to queue
[2025-11-21T10:56:28.514+0300] {logging_mixin.py:137} INFO - [2025-11-21T10:56:28.514+0300] {dagbag.py:532} INFO - Filling up the DagBag from /home/pker/airflow_env/lib/python3.7/site-packages/airflow/example_dags/example_kubernetes_executor.py
[2025-11-21T10:56:28.543+0300] {logging_mixin.py:137} INFO - [2025-11-21T10:56:28.543+0300] {example_kubernetes_executor.py:42} WARNING - The example_kubernetes_executor example DAG requires the kubernetes provider. Please install it with: pip install apache-airflow[cncf.kubernetes]
[2025-11-21T10:56:28.544+0300] {processor.py:755} WARNING - No viable dags retrieved from /home/pker/airflow_env/lib/python3.7/site-packages/airflow/example_dags/example_kubernetes_executor.py
[2025-11-21T10:56:28.559+0300] {processor.py:175} INFO - Processing /home/pker/airflow_env/lib/python3.7/site-packages/airflow/example_dags/example_kubernetes_executor.py took 0.075 seconds
[2025-11-21T10:57:19.142+0300] {processor.py:153} INFO - Started process (PID=30867) to work on /home/pker/airflow_env/lib/python3.7/site-packages/airflow/example_dags/example_kubernetes_executor.py
[2025-11-21T10:57:19.158+0300] {processor.py:743} INFO - Processing file /home/pker/airflow_env/lib/python3.7/site-packages/airflow/example_dags/example_kubernetes_executor.py for tasks to queue
[2025-11-21T10:57:19.160+0300] {logging_mixin.py:137} INFO - [2025-11-21T10:57:19.160+0300] {dagbag.py:532} INFO - Filling up the DagBag from /home/pker/airflow_env/lib/python3.7/site-packages/airflow/example_dags/example_kubernetes_executor.py
[2025-11-21T10:57:19.190+0300] {logging_mixin.py:137} INFO - [2025-11-21T10:57:19.190+0300] {example_kubernetes_executor.py:42} WARNING - The example_kubernetes_executor example DAG requires the kubernetes provider. Please install it with: pip install apache-airflow[cncf.kubernetes]
[2025-11-21T10:57:19.191+0300] {processor.py:755} WARNING - No viable dags retrieved from /home/pker/airflow_env/lib/python3.7/site-packages/airflow/example_dags/example_kubernetes_executor.py
[2025-11-21T10:57:19.216+0300] {processor.py:175} INFO - Processing /home/pker/airflow_env/lib/python3.7/site-packages/airflow/example_dags/example_kubernetes_executor.py took 0.079 seconds
[2025-11-21T10:58:05.882+0300] {processor.py:153} INFO - Started process (PID=30911) to work on /home/pker/airflow_env/lib/python3.7/site-packages/airflow/example_dags/example_kubernetes_executor.py
[2025-11-21T10:58:05.904+0300] {processor.py:743} INFO - Processing file /home/pker/airflow_env/lib/python3.7/site-packages/airflow/example_dags/example_kubernetes_executor.py for tasks to queue
[2025-11-21T10:58:05.906+0300] {logging_mixin.py:137} INFO - [2025-11-21T10:58:05.906+0300] {dagbag.py:532} INFO - Filling up the DagBag from /home/pker/airflow_env/lib/python3.7/site-packages/airflow/example_dags/example_kubernetes_executor.py
[2025-11-21T10:58:05.944+0300] {logging_mixin.py:137} INFO - [2025-11-21T10:58:05.944+0300] {example_kubernetes_executor.py:42} WARNING - The example_kubernetes_executor example DAG requires the kubernetes provider. Please install it with: pip install apache-airflow[cncf.kubernetes]
[2025-11-21T10:58:05.944+0300] {processor.py:755} WARNING - No viable dags retrieved from /home/pker/airflow_env/lib/python3.7/site-packages/airflow/example_dags/example_kubernetes_executor.py
[2025-11-21T10:58:05.959+0300] {processor.py:175} INFO - Processing /home/pker/airflow_env/lib/python3.7/site-packages/airflow/example_dags/example_kubernetes_executor.py took 0.086 seconds
[2025-11-21T10:58:56.365+0300] {processor.py:153} INFO - Started process (PID=30972) to work on /home/pker/airflow_env/lib/python3.7/site-packages/airflow/example_dags/example_kubernetes_executor.py
[2025-11-21T10:58:56.389+0300] {processor.py:743} INFO - Processing file /home/pker/airflow_env/lib/python3.7/site-packages/airflow/example_dags/example_kubernetes_executor.py for tasks to queue
[2025-11-21T10:58:56.391+0300] {logging_mixin.py:137} INFO - [2025-11-21T10:58:56.391+0300] {dagbag.py:532} INFO - Filling up the DagBag from /home/pker/airflow_env/lib/python3.7/site-packages/airflow/example_dags/example_kubernetes_executor.py
[2025-11-21T10:58:56.421+0300] {logging_mixin.py:137} INFO - [2025-11-21T10:58:56.421+0300] {example_kubernetes_executor.py:42} WARNING - The example_kubernetes_executor example DAG requires the kubernetes provider. Please install it with: pip install apache-airflow[cncf.kubernetes]
[2025-11-21T10:58:56.421+0300] {processor.py:755} WARNING - No viable dags retrieved from /home/pker/airflow_env/lib/python3.7/site-packages/airflow/example_dags/example_kubernetes_executor.py
[2025-11-21T10:58:56.437+0300] {processor.py:175} INFO - Processing /home/pker/airflow_env/lib/python3.7/site-packages/airflow/example_dags/example_kubernetes_executor.py took 0.076 seconds
[2025-11-21T10:59:41.517+0300] {processor.py:153} INFO - Started process (PID=31018) to work on /home/pker/airflow_env/lib/python3.7/site-packages/airflow/example_dags/example_kubernetes_executor.py
[2025-11-21T10:59:41.541+0300] {processor.py:743} INFO - Processing file /home/pker/airflow_env/lib/python3.7/site-packages/airflow/example_dags/example_kubernetes_executor.py for tasks to queue
[2025-11-21T10:59:41.544+0300] {logging_mixin.py:137} INFO - [2025-11-21T10:59:41.543+0300] {dagbag.py:532} INFO - Filling up the DagBag from /home/pker/airflow_env/lib/python3.7/site-packages/airflow/example_dags/example_kubernetes_executor.py
[2025-11-21T10:59:41.572+0300] {logging_mixin.py:137} INFO - [2025-11-21T10:59:41.572+0300] {example_kubernetes_executor.py:42} WARNING - The example_kubernetes_executor example DAG requires the kubernetes provider. Please install it with: pip install apache-airflow[cncf.kubernetes]
[2025-11-21T10:59:41.573+0300] {processor.py:755} WARNING - No viable dags retrieved from /home/pker/airflow_env/lib/python3.7/site-packages/airflow/example_dags/example_kubernetes_executor.py
[2025-11-21T10:59:41.588+0300] {processor.py:175} INFO - Processing /home/pker/airflow_env/lib/python3.7/site-packages/airflow/example_dags/example_kubernetes_executor.py took 0.077 seconds
[2025-11-21T11:00:33.242+0300] {processor.py:153} INFO - Started process (PID=31078) to work on /home/pker/airflow_env/lib/python3.7/site-packages/airflow/example_dags/example_kubernetes_executor.py
[2025-11-21T11:00:33.265+0300] {processor.py:743} INFO - Processing file /home/pker/airflow_env/lib/python3.7/site-packages/airflow/example_dags/example_kubernetes_executor.py for tasks to queue
[2025-11-21T11:00:33.267+0300] {logging_mixin.py:137} INFO - [2025-11-21T11:00:33.267+0300] {dagbag.py:532} INFO - Filling up the DagBag from /home/pker/airflow_env/lib/python3.7/site-packages/airflow/example_dags/example_kubernetes_executor.py
[2025-11-21T11:00:33.297+0300] {logging_mixin.py:137} INFO - [2025-11-21T11:00:33.297+0300] {example_kubernetes_executor.py:42} WARNING - The example_kubernetes_executor example DAG requires the kubernetes provider. Please install it with: pip install apache-airflow[cncf.kubernetes]
[2025-11-21T11:00:33.298+0300] {processor.py:755} WARNING - No viable dags retrieved from /home/pker/airflow_env/lib/python3.7/site-packages/airflow/example_dags/example_kubernetes_executor.py
[2025-11-21T11:00:33.314+0300] {processor.py:175} INFO - Processing /home/pker/airflow_env/lib/python3.7/site-packages/airflow/example_dags/example_kubernetes_executor.py took 0.078 seconds
[2025-11-21T11:01:23.644+0300] {processor.py:153} INFO - Started process (PID=31122) to work on /home/pker/airflow_env/lib/python3.7/site-packages/airflow/example_dags/example_kubernetes_executor.py
[2025-11-21T11:01:23.665+0300] {processor.py:743} INFO - Processing file /home/pker/airflow_env/lib/python3.7/site-packages/airflow/example_dags/example_kubernetes_executor.py for tasks to queue
[2025-11-21T11:01:23.667+0300] {logging_mixin.py:137} INFO - [2025-11-21T11:01:23.667+0300] {dagbag.py:532} INFO - Filling up the DagBag from /home/pker/airflow_env/lib/python3.7/site-packages/airflow/example_dags/example_kubernetes_executor.py
[2025-11-21T11:01:23.705+0300] {logging_mixin.py:137} INFO - [2025-11-21T11:01:23.705+0300] {example_kubernetes_executor.py:42} WARNING - The example_kubernetes_executor example DAG requires the kubernetes provider. Please install it with: pip install apache-airflow[cncf.kubernetes]
[2025-11-21T11:01:23.706+0300] {processor.py:755} WARNING - No viable dags retrieved from /home/pker/airflow_env/lib/python3.7/site-packages/airflow/example_dags/example_kubernetes_executor.py
[2025-11-21T11:01:23.724+0300] {processor.py:175} INFO - Processing /home/pker/airflow_env/lib/python3.7/site-packages/airflow/example_dags/example_kubernetes_executor.py took 0.087 seconds
[2025-11-21T11:02:11.934+0300] {processor.py:153} INFO - Started process (PID=31168) to work on /home/pker/airflow_env/lib/python3.7/site-packages/airflow/example_dags/example_kubernetes_executor.py
[2025-11-21T11:02:11.957+0300] {processor.py:743} INFO - Processing file /home/pker/airflow_env/lib/python3.7/site-packages/airflow/example_dags/example_kubernetes_executor.py for tasks to queue
[2025-11-21T11:02:11.961+0300] {logging_mixin.py:137} INFO - [2025-11-21T11:02:11.960+0300] {dagbag.py:532} INFO - Filling up the DagBag from /home/pker/airflow_env/lib/python3.7/site-packages/airflow/example_dags/example_kubernetes_executor.py
[2025-11-21T11:02:12.002+0300] {logging_mixin.py:137} INFO - [2025-11-21T11:02:12.002+0300] {example_kubernetes_executor.py:42} WARNING - The example_kubernetes_executor example DAG requires the kubernetes provider. Please install it with: pip install apache-airflow[cncf.kubernetes]
[2025-11-21T11:02:12.003+0300] {processor.py:755} WARNING - No viable dags retrieved from /home/pker/airflow_env/lib/python3.7/site-packages/airflow/example_dags/example_kubernetes_executor.py
[2025-11-21T11:02:12.024+0300] {processor.py:175} INFO - Processing /home/pker/airflow_env/lib/python3.7/site-packages/airflow/example_dags/example_kubernetes_executor.py took 0.102 seconds
[2025-11-21T11:02:58.641+0300] {processor.py:153} INFO - Started process (PID=31215) to work on /home/pker/airflow_env/lib/python3.7/site-packages/airflow/example_dags/example_kubernetes_executor.py
[2025-11-21T11:02:58.661+0300] {processor.py:743} INFO - Processing file /home/pker/airflow_env/lib/python3.7/site-packages/airflow/example_dags/example_kubernetes_executor.py for tasks to queue
[2025-11-21T11:02:58.663+0300] {logging_mixin.py:137} INFO - [2025-11-21T11:02:58.663+0300] {dagbag.py:532} INFO - Filling up the DagBag from /home/pker/airflow_env/lib/python3.7/site-packages/airflow/example_dags/example_kubernetes_executor.py
[2025-11-21T11:02:58.695+0300] {logging_mixin.py:137} INFO - [2025-11-21T11:02:58.694+0300] {example_kubernetes_executor.py:42} WARNING - The example_kubernetes_executor example DAG requires the kubernetes provider. Please install it with: pip install apache-airflow[cncf.kubernetes]
[2025-11-21T11:02:58.696+0300] {processor.py:755} WARNING - No viable dags retrieved from /home/pker/airflow_env/lib/python3.7/site-packages/airflow/example_dags/example_kubernetes_executor.py
[2025-11-21T11:02:58.717+0300] {processor.py:175} INFO - Processing /home/pker/airflow_env/lib/python3.7/site-packages/airflow/example_dags/example_kubernetes_executor.py took 0.088 seconds
[2025-11-21T11:03:44.271+0300] {processor.py:153} INFO - Started process (PID=31260) to work on /home/pker/airflow_env/lib/python3.7/site-packages/airflow/example_dags/example_kubernetes_executor.py
[2025-11-21T11:03:44.275+0300] {processor.py:743} INFO - Processing file /home/pker/airflow_env/lib/python3.7/site-packages/airflow/example_dags/example_kubernetes_executor.py for tasks to queue
[2025-11-21T11:03:44.276+0300] {logging_mixin.py:137} INFO - [2025-11-21T11:03:44.276+0300] {dagbag.py:532} INFO - Filling up the DagBag from /home/pker/airflow_env/lib/python3.7/site-packages/airflow/example_dags/example_kubernetes_executor.py
[2025-11-21T11:03:44.306+0300] {logging_mixin.py:137} INFO - [2025-11-21T11:03:44.306+0300] {example_kubernetes_executor.py:42} WARNING - The example_kubernetes_executor example DAG requires the kubernetes provider. Please install it with: pip install apache-airflow[cncf.kubernetes]
[2025-11-21T11:03:44.307+0300] {processor.py:755} WARNING - No viable dags retrieved from /home/pker/airflow_env/lib/python3.7/site-packages/airflow/example_dags/example_kubernetes_executor.py
[2025-11-21T11:03:44.319+0300] {processor.py:175} INFO - Processing /home/pker/airflow_env/lib/python3.7/site-packages/airflow/example_dags/example_kubernetes_executor.py took 0.053 seconds
[2025-11-21T11:04:31.858+0300] {processor.py:153} INFO - Started process (PID=31302) to work on /home/pker/airflow_env/lib/python3.7/site-packages/airflow/example_dags/example_kubernetes_executor.py
[2025-11-21T11:04:31.879+0300] {processor.py:743} INFO - Processing file /home/pker/airflow_env/lib/python3.7/site-packages/airflow/example_dags/example_kubernetes_executor.py for tasks to queue
[2025-11-21T11:04:31.882+0300] {logging_mixin.py:137} INFO - [2025-11-21T11:04:31.881+0300] {dagbag.py:532} INFO - Filling up the DagBag from /home/pker/airflow_env/lib/python3.7/site-packages/airflow/example_dags/example_kubernetes_executor.py
[2025-11-21T11:04:31.914+0300] {logging_mixin.py:137} INFO - [2025-11-21T11:04:31.914+0300] {example_kubernetes_executor.py:42} WARNING - The example_kubernetes_executor example DAG requires the kubernetes provider. Please install it with: pip install apache-airflow[cncf.kubernetes]
[2025-11-21T11:04:31.914+0300] {processor.py:755} WARNING - No viable dags retrieved from /home/pker/airflow_env/lib/python3.7/site-packages/airflow/example_dags/example_kubernetes_executor.py
[2025-11-21T11:04:31.932+0300] {processor.py:175} INFO - Processing /home/pker/airflow_env/lib/python3.7/site-packages/airflow/example_dags/example_kubernetes_executor.py took 0.080 seconds
[2025-11-21T11:05:21.958+0300] {processor.py:153} INFO - Started process (PID=31349) to work on /home/pker/airflow_env/lib/python3.7/site-packages/airflow/example_dags/example_kubernetes_executor.py
[2025-11-21T11:05:21.980+0300] {processor.py:743} INFO - Processing file /home/pker/airflow_env/lib/python3.7/site-packages/airflow/example_dags/example_kubernetes_executor.py for tasks to queue
[2025-11-21T11:05:21.983+0300] {logging_mixin.py:137} INFO - [2025-11-21T11:05:21.982+0300] {dagbag.py:532} INFO - Filling up the DagBag from /home/pker/airflow_env/lib/python3.7/site-packages/airflow/example_dags/example_kubernetes_executor.py
[2025-11-21T11:05:22.013+0300] {logging_mixin.py:137} INFO - [2025-11-21T11:05:22.013+0300] {example_kubernetes_executor.py:42} WARNING - The example_kubernetes_executor example DAG requires the kubernetes provider. Please install it with: pip install apache-airflow[cncf.kubernetes]
[2025-11-21T11:05:22.014+0300] {processor.py:755} WARNING - No viable dags retrieved from /home/pker/airflow_env/lib/python3.7/site-packages/airflow/example_dags/example_kubernetes_executor.py
[2025-11-21T11:05:22.029+0300] {processor.py:175} INFO - Processing /home/pker/airflow_env/lib/python3.7/site-packages/airflow/example_dags/example_kubernetes_executor.py took 0.078 seconds
[2025-11-21T11:06:09.642+0300] {processor.py:153} INFO - Started process (PID=31400) to work on /home/pker/airflow_env/lib/python3.7/site-packages/airflow/example_dags/example_kubernetes_executor.py
[2025-11-21T11:06:09.664+0300] {processor.py:743} INFO - Processing file /home/pker/airflow_env/lib/python3.7/site-packages/airflow/example_dags/example_kubernetes_executor.py for tasks to queue
[2025-11-21T11:06:09.665+0300] {logging_mixin.py:137} INFO - [2025-11-21T11:06:09.665+0300] {dagbag.py:532} INFO - Filling up the DagBag from /home/pker/airflow_env/lib/python3.7/site-packages/airflow/example_dags/example_kubernetes_executor.py
[2025-11-21T11:06:09.699+0300] {logging_mixin.py:137} INFO - [2025-11-21T11:06:09.699+0300] {example_kubernetes_executor.py:42} WARNING - The example_kubernetes_executor example DAG requires the kubernetes provider. Please install it with: pip install apache-airflow[cncf.kubernetes]
[2025-11-21T11:06:09.700+0300] {processor.py:755} WARNING - No viable dags retrieved from /home/pker/airflow_env/lib/python3.7/site-packages/airflow/example_dags/example_kubernetes_executor.py
[2025-11-21T11:06:09.717+0300] {processor.py:175} INFO - Processing /home/pker/airflow_env/lib/python3.7/site-packages/airflow/example_dags/example_kubernetes_executor.py took 0.084 seconds
[2025-11-21T11:06:57.096+0300] {processor.py:153} INFO - Started process (PID=31448) to work on /home/pker/airflow_env/lib/python3.7/site-packages/airflow/example_dags/example_kubernetes_executor.py
[2025-11-21T11:06:57.113+0300] {processor.py:743} INFO - Processing file /home/pker/airflow_env/lib/python3.7/site-packages/airflow/example_dags/example_kubernetes_executor.py for tasks to queue
[2025-11-21T11:06:57.115+0300] {logging_mixin.py:137} INFO - [2025-11-21T11:06:57.115+0300] {dagbag.py:532} INFO - Filling up the DagBag from /home/pker/airflow_env/lib/python3.7/site-packages/airflow/example_dags/example_kubernetes_executor.py
[2025-11-21T11:06:57.160+0300] {logging_mixin.py:137} INFO - [2025-11-21T11:06:57.160+0300] {example_kubernetes_executor.py:42} WARNING - The example_kubernetes_executor example DAG requires the kubernetes provider. Please install it with: pip install apache-airflow[cncf.kubernetes]
[2025-11-21T11:06:57.161+0300] {processor.py:755} WARNING - No viable dags retrieved from /home/pker/airflow_env/lib/python3.7/site-packages/airflow/example_dags/example_kubernetes_executor.py
[2025-11-21T11:06:57.182+0300] {processor.py:175} INFO - Processing /home/pker/airflow_env/lib/python3.7/site-packages/airflow/example_dags/example_kubernetes_executor.py took 0.093 seconds
[2025-11-21T11:07:46.004+0300] {processor.py:153} INFO - Started process (PID=31516) to work on /home/pker/airflow_env/lib/python3.7/site-packages/airflow/example_dags/example_kubernetes_executor.py
[2025-11-21T11:07:46.027+0300] {processor.py:743} INFO - Processing file /home/pker/airflow_env/lib/python3.7/site-packages/airflow/example_dags/example_kubernetes_executor.py for tasks to queue
[2025-11-21T11:07:46.030+0300] {logging_mixin.py:137} INFO - [2025-11-21T11:07:46.029+0300] {dagbag.py:532} INFO - Filling up the DagBag from /home/pker/airflow_env/lib/python3.7/site-packages/airflow/example_dags/example_kubernetes_executor.py
[2025-11-21T11:07:46.058+0300] {logging_mixin.py:137} INFO - [2025-11-21T11:07:46.058+0300] {example_kubernetes_executor.py:42} WARNING - The example_kubernetes_executor example DAG requires the kubernetes provider. Please install it with: pip install apache-airflow[cncf.kubernetes]
[2025-11-21T11:07:46.058+0300] {processor.py:755} WARNING - No viable dags retrieved from /home/pker/airflow_env/lib/python3.7/site-packages/airflow/example_dags/example_kubernetes_executor.py
[2025-11-21T11:07:46.073+0300] {processor.py:175} INFO - Processing /home/pker/airflow_env/lib/python3.7/site-packages/airflow/example_dags/example_kubernetes_executor.py took 0.073 seconds
[2025-11-21T11:08:33.302+0300] {processor.py:153} INFO - Started process (PID=31565) to work on /home/pker/airflow_env/lib/python3.7/site-packages/airflow/example_dags/example_kubernetes_executor.py
[2025-11-21T11:08:33.327+0300] {processor.py:743} INFO - Processing file /home/pker/airflow_env/lib/python3.7/site-packages/airflow/example_dags/example_kubernetes_executor.py for tasks to queue
[2025-11-21T11:08:33.329+0300] {logging_mixin.py:137} INFO - [2025-11-21T11:08:33.329+0300] {dagbag.py:532} INFO - Filling up the DagBag from /home/pker/airflow_env/lib/python3.7/site-packages/airflow/example_dags/example_kubernetes_executor.py
[2025-11-21T11:08:33.359+0300] {logging_mixin.py:137} INFO - [2025-11-21T11:08:33.359+0300] {example_kubernetes_executor.py:42} WARNING - The example_kubernetes_executor example DAG requires the kubernetes provider. Please install it with: pip install apache-airflow[cncf.kubernetes]
[2025-11-21T11:08:33.359+0300] {processor.py:755} WARNING - No viable dags retrieved from /home/pker/airflow_env/lib/python3.7/site-packages/airflow/example_dags/example_kubernetes_executor.py
[2025-11-21T11:08:33.373+0300] {processor.py:175} INFO - Processing /home/pker/airflow_env/lib/python3.7/site-packages/airflow/example_dags/example_kubernetes_executor.py took 0.076 seconds
