[2025-11-21T10:44:14.298+0300] {processor.py:153} INFO - Started process (PID=30097) to work on /home/pker/airflow_env/lib/python3.7/site-packages/airflow/example_dags/example_external_task_marker_dag.py
[2025-11-21T10:44:14.300+0300] {processor.py:743} INFO - Processing file /home/pker/airflow_env/lib/python3.7/site-packages/airflow/example_dags/example_external_task_marker_dag.py for tasks to queue
[2025-11-21T10:44:14.301+0300] {logging_mixin.py:137} INFO - [2025-11-21T10:44:14.301+0300] {dagbag.py:532} INFO - Filling up the DagBag from /home/pker/airflow_env/lib/python3.7/site-packages/airflow/example_dags/example_external_task_marker_dag.py
[2025-11-21T10:44:14.322+0300] {processor.py:753} INFO - DAG(s) dict_keys(['example_external_task_marker_child', 'example_external_task_marker_parent']) retrieved from /home/pker/airflow_env/lib/python3.7/site-packages/airflow/example_dags/example_external_task_marker_dag.py
[2025-11-21T10:44:14.535+0300] {logging_mixin.py:137} INFO - [2025-11-21T10:44:14.535+0300] {manager.py:504} INFO - Created Permission View: can delete on DAG:example_external_task_marker_child
[2025-11-21T10:44:14.557+0300] {logging_mixin.py:137} INFO - [2025-11-21T10:44:14.557+0300] {manager.py:504} INFO - Created Permission View: can read on DAG:example_external_task_marker_child
[2025-11-21T10:44:14.573+0300] {logging_mixin.py:137} INFO - [2025-11-21T10:44:14.573+0300] {manager.py:504} INFO - Created Permission View: can edit on DAG:example_external_task_marker_child
[2025-11-21T10:44:14.613+0300] {logging_mixin.py:137} INFO - [2025-11-21T10:44:14.612+0300] {manager.py:504} INFO - Created Permission View: can delete on DAG:example_external_task_marker_parent
[2025-11-21T10:44:14.629+0300] {logging_mixin.py:137} INFO - [2025-11-21T10:44:14.628+0300] {manager.py:504} INFO - Created Permission View: can read on DAG:example_external_task_marker_parent
[2025-11-21T10:44:14.645+0300] {logging_mixin.py:137} INFO - [2025-11-21T10:44:14.645+0300] {manager.py:504} INFO - Created Permission View: can edit on DAG:example_external_task_marker_parent
[2025-11-21T10:44:14.646+0300] {logging_mixin.py:137} INFO - [2025-11-21T10:44:14.646+0300] {dag.py:2705} INFO - Sync 2 DAGs
[2025-11-21T10:44:14.664+0300] {logging_mixin.py:137} INFO - [2025-11-21T10:44:14.663+0300] {dag.py:2726} INFO - Creating ORM DAG for example_external_task_marker_parent
[2025-11-21T10:44:14.664+0300] {logging_mixin.py:137} INFO - [2025-11-21T10:44:14.664+0300] {dag.py:2726} INFO - Creating ORM DAG for example_external_task_marker_child
[2025-11-21T10:44:14.677+0300] {logging_mixin.py:137} INFO - [2025-11-21T10:44:14.677+0300] {dag.py:3456} INFO - Setting next_dagrun for example_external_task_marker_child to None, run_after=None
[2025-11-21T10:44:14.678+0300] {logging_mixin.py:137} INFO - [2025-11-21T10:44:14.677+0300] {dag.py:3456} INFO - Setting next_dagrun for example_external_task_marker_parent to None, run_after=None
[2025-11-21T10:44:14.708+0300] {processor.py:175} INFO - Processing /home/pker/airflow_env/lib/python3.7/site-packages/airflow/example_dags/example_external_task_marker_dag.py took 0.415 seconds
[2025-11-21T10:45:03.526+0300] {processor.py:153} INFO - Started process (PID=30141) to work on /home/pker/airflow_env/lib/python3.7/site-packages/airflow/example_dags/example_external_task_marker_dag.py
[2025-11-21T10:45:03.528+0300] {processor.py:743} INFO - Processing file /home/pker/airflow_env/lib/python3.7/site-packages/airflow/example_dags/example_external_task_marker_dag.py for tasks to queue
[2025-11-21T10:45:03.530+0300] {logging_mixin.py:137} INFO - [2025-11-21T10:45:03.530+0300] {dagbag.py:532} INFO - Filling up the DagBag from /home/pker/airflow_env/lib/python3.7/site-packages/airflow/example_dags/example_external_task_marker_dag.py
[2025-11-21T10:45:03.555+0300] {processor.py:753} INFO - DAG(s) dict_keys(['example_external_task_marker_parent', 'example_external_task_marker_child']) retrieved from /home/pker/airflow_env/lib/python3.7/site-packages/airflow/example_dags/example_external_task_marker_dag.py
[2025-11-21T10:45:03.594+0300] {logging_mixin.py:137} INFO - [2025-11-21T10:45:03.594+0300] {dag.py:2705} INFO - Sync 2 DAGs
[2025-11-21T10:45:03.633+0300] {logging_mixin.py:137} INFO - [2025-11-21T10:45:03.633+0300] {dag.py:3456} INFO - Setting next_dagrun for example_external_task_marker_child to None, run_after=None
[2025-11-21T10:45:03.638+0300] {logging_mixin.py:137} INFO - [2025-11-21T10:45:03.638+0300] {dag.py:3456} INFO - Setting next_dagrun for example_external_task_marker_parent to None, run_after=None
[2025-11-21T10:45:03.695+0300] {processor.py:175} INFO - Processing /home/pker/airflow_env/lib/python3.7/site-packages/airflow/example_dags/example_external_task_marker_dag.py took 0.174 seconds
[2025-11-21T10:45:52.269+0300] {processor.py:153} INFO - Started process (PID=30209) to work on /home/pker/airflow_env/lib/python3.7/site-packages/airflow/example_dags/example_external_task_marker_dag.py
[2025-11-21T10:45:52.292+0300] {processor.py:743} INFO - Processing file /home/pker/airflow_env/lib/python3.7/site-packages/airflow/example_dags/example_external_task_marker_dag.py for tasks to queue
[2025-11-21T10:45:52.294+0300] {logging_mixin.py:137} INFO - [2025-11-21T10:45:52.294+0300] {dagbag.py:532} INFO - Filling up the DagBag from /home/pker/airflow_env/lib/python3.7/site-packages/airflow/example_dags/example_external_task_marker_dag.py
[2025-11-21T10:45:52.324+0300] {processor.py:753} INFO - DAG(s) dict_keys(['example_external_task_marker_parent', 'example_external_task_marker_child']) retrieved from /home/pker/airflow_env/lib/python3.7/site-packages/airflow/example_dags/example_external_task_marker_dag.py
[2025-11-21T10:45:52.356+0300] {logging_mixin.py:137} INFO - [2025-11-21T10:45:52.356+0300] {dag.py:2705} INFO - Sync 2 DAGs
[2025-11-21T10:45:52.381+0300] {logging_mixin.py:137} INFO - [2025-11-21T10:45:52.381+0300] {dag.py:3456} INFO - Setting next_dagrun for example_external_task_marker_child to None, run_after=None
[2025-11-21T10:45:52.385+0300] {logging_mixin.py:137} INFO - [2025-11-21T10:45:52.385+0300] {dag.py:3456} INFO - Setting next_dagrun for example_external_task_marker_parent to None, run_after=None
[2025-11-21T10:45:52.409+0300] {processor.py:175} INFO - Processing /home/pker/airflow_env/lib/python3.7/site-packages/airflow/example_dags/example_external_task_marker_dag.py took 0.146 seconds
[2025-11-21T10:46:41.168+0300] {processor.py:153} INFO - Started process (PID=30255) to work on /home/pker/airflow_env/lib/python3.7/site-packages/airflow/example_dags/example_external_task_marker_dag.py
[2025-11-21T10:46:41.190+0300] {processor.py:743} INFO - Processing file /home/pker/airflow_env/lib/python3.7/site-packages/airflow/example_dags/example_external_task_marker_dag.py for tasks to queue
[2025-11-21T10:46:41.192+0300] {logging_mixin.py:137} INFO - [2025-11-21T10:46:41.191+0300] {dagbag.py:532} INFO - Filling up the DagBag from /home/pker/airflow_env/lib/python3.7/site-packages/airflow/example_dags/example_external_task_marker_dag.py
[2025-11-21T10:46:41.225+0300] {processor.py:753} INFO - DAG(s) dict_keys(['example_external_task_marker_child', 'example_external_task_marker_parent']) retrieved from /home/pker/airflow_env/lib/python3.7/site-packages/airflow/example_dags/example_external_task_marker_dag.py
[2025-11-21T10:46:41.283+0300] {logging_mixin.py:137} INFO - [2025-11-21T10:46:41.282+0300] {dag.py:2705} INFO - Sync 2 DAGs
[2025-11-21T10:46:41.315+0300] {logging_mixin.py:137} INFO - [2025-11-21T10:46:41.315+0300] {dag.py:3456} INFO - Setting next_dagrun for example_external_task_marker_child to None, run_after=None
[2025-11-21T10:46:41.319+0300] {logging_mixin.py:137} INFO - [2025-11-21T10:46:41.319+0300] {dag.py:3456} INFO - Setting next_dagrun for example_external_task_marker_parent to None, run_after=None
[2025-11-21T10:46:41.382+0300] {processor.py:175} INFO - Processing /home/pker/airflow_env/lib/python3.7/site-packages/airflow/example_dags/example_external_task_marker_dag.py took 0.225 seconds
[2025-11-21T10:47:28.342+0300] {processor.py:153} INFO - Started process (PID=30299) to work on /home/pker/airflow_env/lib/python3.7/site-packages/airflow/example_dags/example_external_task_marker_dag.py
[2025-11-21T10:47:28.362+0300] {processor.py:743} INFO - Processing file /home/pker/airflow_env/lib/python3.7/site-packages/airflow/example_dags/example_external_task_marker_dag.py for tasks to queue
[2025-11-21T10:47:28.364+0300] {logging_mixin.py:137} INFO - [2025-11-21T10:47:28.364+0300] {dagbag.py:532} INFO - Filling up the DagBag from /home/pker/airflow_env/lib/python3.7/site-packages/airflow/example_dags/example_external_task_marker_dag.py
[2025-11-21T10:47:28.399+0300] {processor.py:753} INFO - DAG(s) dict_keys(['example_external_task_marker_parent', 'example_external_task_marker_child']) retrieved from /home/pker/airflow_env/lib/python3.7/site-packages/airflow/example_dags/example_external_task_marker_dag.py
[2025-11-21T10:47:28.440+0300] {logging_mixin.py:137} INFO - [2025-11-21T10:47:28.439+0300] {dag.py:2705} INFO - Sync 2 DAGs
[2025-11-21T10:47:28.481+0300] {logging_mixin.py:137} INFO - [2025-11-21T10:47:28.481+0300] {dag.py:3456} INFO - Setting next_dagrun for example_external_task_marker_child to None, run_after=None
[2025-11-21T10:47:28.486+0300] {logging_mixin.py:137} INFO - [2025-11-21T10:47:28.486+0300] {dag.py:3456} INFO - Setting next_dagrun for example_external_task_marker_parent to None, run_after=None
[2025-11-21T10:47:28.536+0300] {processor.py:175} INFO - Processing /home/pker/airflow_env/lib/python3.7/site-packages/airflow/example_dags/example_external_task_marker_dag.py took 0.199 seconds
[2025-11-21T10:48:17.167+0300] {processor.py:153} INFO - Started process (PID=30343) to work on /home/pker/airflow_env/lib/python3.7/site-packages/airflow/example_dags/example_external_task_marker_dag.py
[2025-11-21T10:48:17.190+0300] {processor.py:743} INFO - Processing file /home/pker/airflow_env/lib/python3.7/site-packages/airflow/example_dags/example_external_task_marker_dag.py for tasks to queue
[2025-11-21T10:48:17.193+0300] {logging_mixin.py:137} INFO - [2025-11-21T10:48:17.193+0300] {dagbag.py:532} INFO - Filling up the DagBag from /home/pker/airflow_env/lib/python3.7/site-packages/airflow/example_dags/example_external_task_marker_dag.py
[2025-11-21T10:48:17.220+0300] {processor.py:753} INFO - DAG(s) dict_keys(['example_external_task_marker_child', 'example_external_task_marker_parent']) retrieved from /home/pker/airflow_env/lib/python3.7/site-packages/airflow/example_dags/example_external_task_marker_dag.py
[2025-11-21T10:48:17.261+0300] {logging_mixin.py:137} INFO - [2025-11-21T10:48:17.261+0300] {dag.py:2705} INFO - Sync 2 DAGs
[2025-11-21T10:48:17.311+0300] {logging_mixin.py:137} INFO - [2025-11-21T10:48:17.310+0300] {dag.py:3456} INFO - Setting next_dagrun for example_external_task_marker_child to None, run_after=None
[2025-11-21T10:48:17.317+0300] {logging_mixin.py:137} INFO - [2025-11-21T10:48:17.317+0300] {dag.py:3456} INFO - Setting next_dagrun for example_external_task_marker_parent to None, run_after=None
[2025-11-21T10:48:17.353+0300] {processor.py:175} INFO - Processing /home/pker/airflow_env/lib/python3.7/site-packages/airflow/example_dags/example_external_task_marker_dag.py took 0.193 seconds
[2025-11-21T10:49:02.176+0300] {processor.py:153} INFO - Started process (PID=30390) to work on /home/pker/airflow_env/lib/python3.7/site-packages/airflow/example_dags/example_external_task_marker_dag.py
[2025-11-21T10:49:02.199+0300] {processor.py:743} INFO - Processing file /home/pker/airflow_env/lib/python3.7/site-packages/airflow/example_dags/example_external_task_marker_dag.py for tasks to queue
[2025-11-21T10:49:02.201+0300] {logging_mixin.py:137} INFO - [2025-11-21T10:49:02.201+0300] {dagbag.py:532} INFO - Filling up the DagBag from /home/pker/airflow_env/lib/python3.7/site-packages/airflow/example_dags/example_external_task_marker_dag.py
[2025-11-21T10:49:02.229+0300] {processor.py:753} INFO - DAG(s) dict_keys(['example_external_task_marker_parent', 'example_external_task_marker_child']) retrieved from /home/pker/airflow_env/lib/python3.7/site-packages/airflow/example_dags/example_external_task_marker_dag.py
[2025-11-21T10:49:02.261+0300] {logging_mixin.py:137} INFO - [2025-11-21T10:49:02.261+0300] {dag.py:2705} INFO - Sync 2 DAGs
[2025-11-21T10:49:02.287+0300] {logging_mixin.py:137} INFO - [2025-11-21T10:49:02.287+0300] {dag.py:3456} INFO - Setting next_dagrun for example_external_task_marker_child to None, run_after=None
[2025-11-21T10:49:02.290+0300] {logging_mixin.py:137} INFO - [2025-11-21T10:49:02.290+0300] {dag.py:3456} INFO - Setting next_dagrun for example_external_task_marker_parent to None, run_after=None
[2025-11-21T10:49:02.316+0300] {processor.py:175} INFO - Processing /home/pker/airflow_env/lib/python3.7/site-packages/airflow/example_dags/example_external_task_marker_dag.py took 0.146 seconds
[2025-11-21T10:49:51.732+0300] {processor.py:153} INFO - Started process (PID=30445) to work on /home/pker/airflow_env/lib/python3.7/site-packages/airflow/example_dags/example_external_task_marker_dag.py
[2025-11-21T10:49:51.752+0300] {processor.py:743} INFO - Processing file /home/pker/airflow_env/lib/python3.7/site-packages/airflow/example_dags/example_external_task_marker_dag.py for tasks to queue
[2025-11-21T10:49:51.754+0300] {logging_mixin.py:137} INFO - [2025-11-21T10:49:51.753+0300] {dagbag.py:532} INFO - Filling up the DagBag from /home/pker/airflow_env/lib/python3.7/site-packages/airflow/example_dags/example_external_task_marker_dag.py
[2025-11-21T10:49:51.781+0300] {processor.py:753} INFO - DAG(s) dict_keys(['example_external_task_marker_parent', 'example_external_task_marker_child']) retrieved from /home/pker/airflow_env/lib/python3.7/site-packages/airflow/example_dags/example_external_task_marker_dag.py
[2025-11-21T10:49:51.828+0300] {logging_mixin.py:137} INFO - [2025-11-21T10:49:51.828+0300] {dag.py:2705} INFO - Sync 2 DAGs
[2025-11-21T10:49:51.868+0300] {logging_mixin.py:137} INFO - [2025-11-21T10:49:51.868+0300] {dag.py:3456} INFO - Setting next_dagrun for example_external_task_marker_child to None, run_after=None
[2025-11-21T10:49:51.872+0300] {logging_mixin.py:137} INFO - [2025-11-21T10:49:51.872+0300] {dag.py:3456} INFO - Setting next_dagrun for example_external_task_marker_parent to None, run_after=None
[2025-11-21T10:49:51.929+0300] {processor.py:175} INFO - Processing /home/pker/airflow_env/lib/python3.7/site-packages/airflow/example_dags/example_external_task_marker_dag.py took 0.204 seconds
[2025-11-21T10:50:37.647+0300] {processor.py:153} INFO - Started process (PID=30488) to work on /home/pker/airflow_env/lib/python3.7/site-packages/airflow/example_dags/example_external_task_marker_dag.py
[2025-11-21T10:50:37.668+0300] {processor.py:743} INFO - Processing file /home/pker/airflow_env/lib/python3.7/site-packages/airflow/example_dags/example_external_task_marker_dag.py for tasks to queue
[2025-11-21T10:50:37.671+0300] {logging_mixin.py:137} INFO - [2025-11-21T10:50:37.670+0300] {dagbag.py:532} INFO - Filling up the DagBag from /home/pker/airflow_env/lib/python3.7/site-packages/airflow/example_dags/example_external_task_marker_dag.py
[2025-11-21T10:50:37.706+0300] {processor.py:753} INFO - DAG(s) dict_keys(['example_external_task_marker_parent', 'example_external_task_marker_child']) retrieved from /home/pker/airflow_env/lib/python3.7/site-packages/airflow/example_dags/example_external_task_marker_dag.py
[2025-11-21T10:50:37.754+0300] {logging_mixin.py:137} INFO - [2025-11-21T10:50:37.754+0300] {dag.py:2705} INFO - Sync 2 DAGs
[2025-11-21T10:50:37.798+0300] {logging_mixin.py:137} INFO - [2025-11-21T10:50:37.798+0300] {dag.py:3456} INFO - Setting next_dagrun for example_external_task_marker_child to None, run_after=None
[2025-11-21T10:50:37.804+0300] {logging_mixin.py:137} INFO - [2025-11-21T10:50:37.804+0300] {dag.py:3456} INFO - Setting next_dagrun for example_external_task_marker_parent to None, run_after=None
[2025-11-21T10:50:37.854+0300] {processor.py:175} INFO - Processing /home/pker/airflow_env/lib/python3.7/site-packages/airflow/example_dags/example_external_task_marker_dag.py took 0.212 seconds
[2025-11-21T10:51:24.352+0300] {processor.py:153} INFO - Started process (PID=30532) to work on /home/pker/airflow_env/lib/python3.7/site-packages/airflow/example_dags/example_external_task_marker_dag.py
[2025-11-21T10:51:24.374+0300] {processor.py:743} INFO - Processing file /home/pker/airflow_env/lib/python3.7/site-packages/airflow/example_dags/example_external_task_marker_dag.py for tasks to queue
[2025-11-21T10:51:24.376+0300] {logging_mixin.py:137} INFO - [2025-11-21T10:51:24.376+0300] {dagbag.py:532} INFO - Filling up the DagBag from /home/pker/airflow_env/lib/python3.7/site-packages/airflow/example_dags/example_external_task_marker_dag.py
[2025-11-21T10:51:24.400+0300] {processor.py:753} INFO - DAG(s) dict_keys(['example_external_task_marker_child', 'example_external_task_marker_parent']) retrieved from /home/pker/airflow_env/lib/python3.7/site-packages/airflow/example_dags/example_external_task_marker_dag.py
[2025-11-21T10:51:24.435+0300] {logging_mixin.py:137} INFO - [2025-11-21T10:51:24.434+0300] {dag.py:2705} INFO - Sync 2 DAGs
[2025-11-21T10:51:24.464+0300] {logging_mixin.py:137} INFO - [2025-11-21T10:51:24.464+0300] {dag.py:3456} INFO - Setting next_dagrun for example_external_task_marker_child to None, run_after=None
[2025-11-21T10:51:24.468+0300] {logging_mixin.py:137} INFO - [2025-11-21T10:51:24.468+0300] {dag.py:3456} INFO - Setting next_dagrun for example_external_task_marker_parent to None, run_after=None
[2025-11-21T10:51:24.503+0300] {processor.py:175} INFO - Processing /home/pker/airflow_env/lib/python3.7/site-packages/airflow/example_dags/example_external_task_marker_dag.py took 0.157 seconds
[2025-11-21T10:52:10.337+0300] {processor.py:153} INFO - Started process (PID=30579) to work on /home/pker/airflow_env/lib/python3.7/site-packages/airflow/example_dags/example_external_task_marker_dag.py
[2025-11-21T10:52:10.359+0300] {processor.py:743} INFO - Processing file /home/pker/airflow_env/lib/python3.7/site-packages/airflow/example_dags/example_external_task_marker_dag.py for tasks to queue
[2025-11-21T10:52:10.361+0300] {logging_mixin.py:137} INFO - [2025-11-21T10:52:10.361+0300] {dagbag.py:532} INFO - Filling up the DagBag from /home/pker/airflow_env/lib/python3.7/site-packages/airflow/example_dags/example_external_task_marker_dag.py
[2025-11-21T10:52:10.389+0300] {processor.py:753} INFO - DAG(s) dict_keys(['example_external_task_marker_parent', 'example_external_task_marker_child']) retrieved from /home/pker/airflow_env/lib/python3.7/site-packages/airflow/example_dags/example_external_task_marker_dag.py
[2025-11-21T10:52:10.439+0300] {logging_mixin.py:137} INFO - [2025-11-21T10:52:10.439+0300] {dag.py:2705} INFO - Sync 2 DAGs
[2025-11-21T10:52:10.475+0300] {logging_mixin.py:137} INFO - [2025-11-21T10:52:10.475+0300] {dag.py:3456} INFO - Setting next_dagrun for example_external_task_marker_child to None, run_after=None
[2025-11-21T10:52:10.479+0300] {logging_mixin.py:137} INFO - [2025-11-21T10:52:10.479+0300] {dag.py:3456} INFO - Setting next_dagrun for example_external_task_marker_parent to None, run_after=None
[2025-11-21T10:52:10.534+0300] {processor.py:175} INFO - Processing /home/pker/airflow_env/lib/python3.7/site-packages/airflow/example_dags/example_external_task_marker_dag.py took 0.203 seconds
[2025-11-21T10:52:55.853+0300] {processor.py:153} INFO - Started process (PID=30624) to work on /home/pker/airflow_env/lib/python3.7/site-packages/airflow/example_dags/example_external_task_marker_dag.py
[2025-11-21T10:52:55.876+0300] {processor.py:743} INFO - Processing file /home/pker/airflow_env/lib/python3.7/site-packages/airflow/example_dags/example_external_task_marker_dag.py for tasks to queue
[2025-11-21T10:52:55.879+0300] {logging_mixin.py:137} INFO - [2025-11-21T10:52:55.878+0300] {dagbag.py:532} INFO - Filling up the DagBag from /home/pker/airflow_env/lib/python3.7/site-packages/airflow/example_dags/example_external_task_marker_dag.py
[2025-11-21T10:52:55.904+0300] {processor.py:753} INFO - DAG(s) dict_keys(['example_external_task_marker_parent', 'example_external_task_marker_child']) retrieved from /home/pker/airflow_env/lib/python3.7/site-packages/airflow/example_dags/example_external_task_marker_dag.py
[2025-11-21T10:52:55.937+0300] {logging_mixin.py:137} INFO - [2025-11-21T10:52:55.936+0300] {dag.py:2705} INFO - Sync 2 DAGs
[2025-11-21T10:52:55.969+0300] {logging_mixin.py:137} INFO - [2025-11-21T10:52:55.969+0300] {dag.py:3456} INFO - Setting next_dagrun for example_external_task_marker_child to None, run_after=None
[2025-11-21T10:52:55.974+0300] {logging_mixin.py:137} INFO - [2025-11-21T10:52:55.973+0300] {dag.py:3456} INFO - Setting next_dagrun for example_external_task_marker_parent to None, run_after=None
[2025-11-21T10:52:56.024+0300] {processor.py:175} INFO - Processing /home/pker/airflow_env/lib/python3.7/site-packages/airflow/example_dags/example_external_task_marker_dag.py took 0.179 seconds
[2025-11-21T10:53:44.784+0300] {processor.py:153} INFO - Started process (PID=30666) to work on /home/pker/airflow_env/lib/python3.7/site-packages/airflow/example_dags/example_external_task_marker_dag.py
[2025-11-21T10:53:44.789+0300] {processor.py:743} INFO - Processing file /home/pker/airflow_env/lib/python3.7/site-packages/airflow/example_dags/example_external_task_marker_dag.py for tasks to queue
[2025-11-21T10:53:44.790+0300] {logging_mixin.py:137} INFO - [2025-11-21T10:53:44.790+0300] {dagbag.py:532} INFO - Filling up the DagBag from /home/pker/airflow_env/lib/python3.7/site-packages/airflow/example_dags/example_external_task_marker_dag.py
[2025-11-21T10:53:44.819+0300] {processor.py:753} INFO - DAG(s) dict_keys(['example_external_task_marker_child', 'example_external_task_marker_parent']) retrieved from /home/pker/airflow_env/lib/python3.7/site-packages/airflow/example_dags/example_external_task_marker_dag.py
[2025-11-21T10:53:44.860+0300] {logging_mixin.py:137} INFO - [2025-11-21T10:53:44.860+0300] {dag.py:2705} INFO - Sync 2 DAGs
[2025-11-21T10:53:44.896+0300] {logging_mixin.py:137} INFO - [2025-11-21T10:53:44.896+0300] {dag.py:3456} INFO - Setting next_dagrun for example_external_task_marker_child to None, run_after=None
[2025-11-21T10:53:44.900+0300] {logging_mixin.py:137} INFO - [2025-11-21T10:53:44.900+0300] {dag.py:3456} INFO - Setting next_dagrun for example_external_task_marker_parent to None, run_after=None
[2025-11-21T10:53:44.967+0300] {processor.py:175} INFO - Processing /home/pker/airflow_env/lib/python3.7/site-packages/airflow/example_dags/example_external_task_marker_dag.py took 0.189 seconds
[2025-11-21T10:54:32.583+0300] {processor.py:153} INFO - Started process (PID=30710) to work on /home/pker/airflow_env/lib/python3.7/site-packages/airflow/example_dags/example_external_task_marker_dag.py
[2025-11-21T10:54:32.605+0300] {processor.py:743} INFO - Processing file /home/pker/airflow_env/lib/python3.7/site-packages/airflow/example_dags/example_external_task_marker_dag.py for tasks to queue
[2025-11-21T10:54:32.607+0300] {logging_mixin.py:137} INFO - [2025-11-21T10:54:32.607+0300] {dagbag.py:532} INFO - Filling up the DagBag from /home/pker/airflow_env/lib/python3.7/site-packages/airflow/example_dags/example_external_task_marker_dag.py
[2025-11-21T10:54:32.636+0300] {processor.py:753} INFO - DAG(s) dict_keys(['example_external_task_marker_child', 'example_external_task_marker_parent']) retrieved from /home/pker/airflow_env/lib/python3.7/site-packages/airflow/example_dags/example_external_task_marker_dag.py
[2025-11-21T10:54:32.672+0300] {logging_mixin.py:137} INFO - [2025-11-21T10:54:32.672+0300] {dag.py:2705} INFO - Sync 2 DAGs
[2025-11-21T10:54:32.715+0300] {logging_mixin.py:137} INFO - [2025-11-21T10:54:32.715+0300] {dag.py:3456} INFO - Setting next_dagrun for example_external_task_marker_child to None, run_after=None
[2025-11-21T10:54:32.723+0300] {logging_mixin.py:137} INFO - [2025-11-21T10:54:32.722+0300] {dag.py:3456} INFO - Setting next_dagrun for example_external_task_marker_parent to None, run_after=None
[2025-11-21T10:54:32.777+0300] {processor.py:175} INFO - Processing /home/pker/airflow_env/lib/python3.7/site-packages/airflow/example_dags/example_external_task_marker_dag.py took 0.203 seconds
[2025-11-21T10:55:21.284+0300] {processor.py:153} INFO - Started process (PID=30762) to work on /home/pker/airflow_env/lib/python3.7/site-packages/airflow/example_dags/example_external_task_marker_dag.py
[2025-11-21T10:55:21.307+0300] {processor.py:743} INFO - Processing file /home/pker/airflow_env/lib/python3.7/site-packages/airflow/example_dags/example_external_task_marker_dag.py for tasks to queue
[2025-11-21T10:55:21.309+0300] {logging_mixin.py:137} INFO - [2025-11-21T10:55:21.308+0300] {dagbag.py:532} INFO - Filling up the DagBag from /home/pker/airflow_env/lib/python3.7/site-packages/airflow/example_dags/example_external_task_marker_dag.py
[2025-11-21T10:55:21.342+0300] {processor.py:753} INFO - DAG(s) dict_keys(['example_external_task_marker_child', 'example_external_task_marker_parent']) retrieved from /home/pker/airflow_env/lib/python3.7/site-packages/airflow/example_dags/example_external_task_marker_dag.py
[2025-11-21T10:55:21.377+0300] {logging_mixin.py:137} INFO - [2025-11-21T10:55:21.377+0300] {dag.py:2705} INFO - Sync 2 DAGs
[2025-11-21T10:55:21.408+0300] {logging_mixin.py:137} INFO - [2025-11-21T10:55:21.408+0300] {dag.py:3456} INFO - Setting next_dagrun for example_external_task_marker_child to None, run_after=None
[2025-11-21T10:55:21.412+0300] {logging_mixin.py:137} INFO - [2025-11-21T10:55:21.412+0300] {dag.py:3456} INFO - Setting next_dagrun for example_external_task_marker_parent to None, run_after=None
[2025-11-21T10:55:21.443+0300] {processor.py:175} INFO - Processing /home/pker/airflow_env/lib/python3.7/site-packages/airflow/example_dags/example_external_task_marker_dag.py took 0.166 seconds
[2025-11-21T10:56:09.310+0300] {processor.py:153} INFO - Started process (PID=30806) to work on /home/pker/airflow_env/lib/python3.7/site-packages/airflow/example_dags/example_external_task_marker_dag.py
[2025-11-21T10:56:09.332+0300] {processor.py:743} INFO - Processing file /home/pker/airflow_env/lib/python3.7/site-packages/airflow/example_dags/example_external_task_marker_dag.py for tasks to queue
[2025-11-21T10:56:09.334+0300] {logging_mixin.py:137} INFO - [2025-11-21T10:56:09.334+0300] {dagbag.py:532} INFO - Filling up the DagBag from /home/pker/airflow_env/lib/python3.7/site-packages/airflow/example_dags/example_external_task_marker_dag.py
[2025-11-21T10:56:09.363+0300] {processor.py:753} INFO - DAG(s) dict_keys(['example_external_task_marker_parent', 'example_external_task_marker_child']) retrieved from /home/pker/airflow_env/lib/python3.7/site-packages/airflow/example_dags/example_external_task_marker_dag.py
[2025-11-21T10:56:09.412+0300] {logging_mixin.py:137} INFO - [2025-11-21T10:56:09.412+0300] {dag.py:2705} INFO - Sync 2 DAGs
[2025-11-21T10:56:09.445+0300] {logging_mixin.py:137} INFO - [2025-11-21T10:56:09.444+0300] {dag.py:3456} INFO - Setting next_dagrun for example_external_task_marker_child to None, run_after=None
[2025-11-21T10:56:09.450+0300] {logging_mixin.py:137} INFO - [2025-11-21T10:56:09.449+0300] {dag.py:3456} INFO - Setting next_dagrun for example_external_task_marker_parent to None, run_after=None
[2025-11-21T10:56:09.504+0300] {processor.py:175} INFO - Processing /home/pker/airflow_env/lib/python3.7/site-packages/airflow/example_dags/example_external_task_marker_dag.py took 0.198 seconds
[2025-11-21T10:56:56.223+0300] {processor.py:153} INFO - Started process (PID=30850) to work on /home/pker/airflow_env/lib/python3.7/site-packages/airflow/example_dags/example_external_task_marker_dag.py
[2025-11-21T10:56:56.235+0300] {processor.py:743} INFO - Processing file /home/pker/airflow_env/lib/python3.7/site-packages/airflow/example_dags/example_external_task_marker_dag.py for tasks to queue
[2025-11-21T10:56:56.237+0300] {logging_mixin.py:137} INFO - [2025-11-21T10:56:56.236+0300] {dagbag.py:532} INFO - Filling up the DagBag from /home/pker/airflow_env/lib/python3.7/site-packages/airflow/example_dags/example_external_task_marker_dag.py
[2025-11-21T10:56:56.264+0300] {processor.py:753} INFO - DAG(s) dict_keys(['example_external_task_marker_parent', 'example_external_task_marker_child']) retrieved from /home/pker/airflow_env/lib/python3.7/site-packages/airflow/example_dags/example_external_task_marker_dag.py
[2025-11-21T10:56:56.305+0300] {logging_mixin.py:137} INFO - [2025-11-21T10:56:56.305+0300] {dag.py:2705} INFO - Sync 2 DAGs
[2025-11-21T10:56:56.340+0300] {logging_mixin.py:137} INFO - [2025-11-21T10:56:56.340+0300] {dag.py:3456} INFO - Setting next_dagrun for example_external_task_marker_child to None, run_after=None
[2025-11-21T10:56:56.344+0300] {logging_mixin.py:137} INFO - [2025-11-21T10:56:56.344+0300] {dag.py:3456} INFO - Setting next_dagrun for example_external_task_marker_parent to None, run_after=None
[2025-11-21T10:56:56.413+0300] {processor.py:175} INFO - Processing /home/pker/airflow_env/lib/python3.7/site-packages/airflow/example_dags/example_external_task_marker_dag.py took 0.196 seconds
[2025-11-21T10:57:46.650+0300] {processor.py:153} INFO - Started process (PID=30894) to work on /home/pker/airflow_env/lib/python3.7/site-packages/airflow/example_dags/example_external_task_marker_dag.py
[2025-11-21T10:57:46.667+0300] {processor.py:743} INFO - Processing file /home/pker/airflow_env/lib/python3.7/site-packages/airflow/example_dags/example_external_task_marker_dag.py for tasks to queue
[2025-11-21T10:57:46.669+0300] {logging_mixin.py:137} INFO - [2025-11-21T10:57:46.669+0300] {dagbag.py:532} INFO - Filling up the DagBag from /home/pker/airflow_env/lib/python3.7/site-packages/airflow/example_dags/example_external_task_marker_dag.py
[2025-11-21T10:57:46.700+0300] {processor.py:753} INFO - DAG(s) dict_keys(['example_external_task_marker_child', 'example_external_task_marker_parent']) retrieved from /home/pker/airflow_env/lib/python3.7/site-packages/airflow/example_dags/example_external_task_marker_dag.py
[2025-11-21T10:57:46.744+0300] {logging_mixin.py:137} INFO - [2025-11-21T10:57:46.744+0300] {dag.py:2705} INFO - Sync 2 DAGs
[2025-11-21T10:57:46.774+0300] {logging_mixin.py:137} INFO - [2025-11-21T10:57:46.773+0300] {dag.py:3456} INFO - Setting next_dagrun for example_external_task_marker_child to None, run_after=None
[2025-11-21T10:57:46.777+0300] {logging_mixin.py:137} INFO - [2025-11-21T10:57:46.777+0300] {dag.py:3456} INFO - Setting next_dagrun for example_external_task_marker_parent to None, run_after=None
[2025-11-21T10:57:46.826+0300] {processor.py:175} INFO - Processing /home/pker/airflow_env/lib/python3.7/site-packages/airflow/example_dags/example_external_task_marker_dag.py took 0.186 seconds
[2025-11-21T10:58:32.354+0300] {processor.py:153} INFO - Started process (PID=30942) to work on /home/pker/airflow_env/lib/python3.7/site-packages/airflow/example_dags/example_external_task_marker_dag.py
[2025-11-21T10:58:32.357+0300] {processor.py:743} INFO - Processing file /home/pker/airflow_env/lib/python3.7/site-packages/airflow/example_dags/example_external_task_marker_dag.py for tasks to queue
[2025-11-21T10:58:32.358+0300] {logging_mixin.py:137} INFO - [2025-11-21T10:58:32.358+0300] {dagbag.py:532} INFO - Filling up the DagBag from /home/pker/airflow_env/lib/python3.7/site-packages/airflow/example_dags/example_external_task_marker_dag.py
[2025-11-21T10:58:32.377+0300] {processor.py:753} INFO - DAG(s) dict_keys(['example_external_task_marker_parent', 'example_external_task_marker_child']) retrieved from /home/pker/airflow_env/lib/python3.7/site-packages/airflow/example_dags/example_external_task_marker_dag.py
[2025-11-21T10:58:32.434+0300] {logging_mixin.py:137} INFO - [2025-11-21T10:58:32.434+0300] {dag.py:2705} INFO - Sync 2 DAGs
[2025-11-21T10:58:32.468+0300] {logging_mixin.py:137} INFO - [2025-11-21T10:58:32.468+0300] {dag.py:3456} INFO - Setting next_dagrun for example_external_task_marker_child to None, run_after=None
[2025-11-21T10:58:32.472+0300] {logging_mixin.py:137} INFO - [2025-11-21T10:58:32.472+0300] {dag.py:3456} INFO - Setting next_dagrun for example_external_task_marker_parent to None, run_after=None
[2025-11-21T10:58:32.497+0300] {processor.py:175} INFO - Processing /home/pker/airflow_env/lib/python3.7/site-packages/airflow/example_dags/example_external_task_marker_dag.py took 0.148 seconds
[2025-11-21T10:59:21.731+0300] {processor.py:153} INFO - Started process (PID=31001) to work on /home/pker/airflow_env/lib/python3.7/site-packages/airflow/example_dags/example_external_task_marker_dag.py
[2025-11-21T10:59:21.753+0300] {processor.py:743} INFO - Processing file /home/pker/airflow_env/lib/python3.7/site-packages/airflow/example_dags/example_external_task_marker_dag.py for tasks to queue
[2025-11-21T10:59:21.756+0300] {logging_mixin.py:137} INFO - [2025-11-21T10:59:21.755+0300] {dagbag.py:532} INFO - Filling up the DagBag from /home/pker/airflow_env/lib/python3.7/site-packages/airflow/example_dags/example_external_task_marker_dag.py
[2025-11-21T10:59:21.785+0300] {processor.py:753} INFO - DAG(s) dict_keys(['example_external_task_marker_parent', 'example_external_task_marker_child']) retrieved from /home/pker/airflow_env/lib/python3.7/site-packages/airflow/example_dags/example_external_task_marker_dag.py
[2025-11-21T10:59:21.825+0300] {logging_mixin.py:137} INFO - [2025-11-21T10:59:21.825+0300] {dag.py:2705} INFO - Sync 2 DAGs
[2025-11-21T10:59:21.857+0300] {logging_mixin.py:137} INFO - [2025-11-21T10:59:21.856+0300] {dag.py:3456} INFO - Setting next_dagrun for example_external_task_marker_child to None, run_after=None
[2025-11-21T10:59:21.860+0300] {logging_mixin.py:137} INFO - [2025-11-21T10:59:21.860+0300] {dag.py:3456} INFO - Setting next_dagrun for example_external_task_marker_parent to None, run_after=None
[2025-11-21T10:59:21.908+0300] {processor.py:175} INFO - Processing /home/pker/airflow_env/lib/python3.7/site-packages/airflow/example_dags/example_external_task_marker_dag.py took 0.183 seconds
[2025-11-21T11:00:11.763+0300] {processor.py:153} INFO - Started process (PID=31048) to work on /home/pker/airflow_env/lib/python3.7/site-packages/airflow/example_dags/example_external_task_marker_dag.py
[2025-11-21T11:00:11.789+0300] {processor.py:743} INFO - Processing file /home/pker/airflow_env/lib/python3.7/site-packages/airflow/example_dags/example_external_task_marker_dag.py for tasks to queue
[2025-11-21T11:00:11.791+0300] {logging_mixin.py:137} INFO - [2025-11-21T11:00:11.791+0300] {dagbag.py:532} INFO - Filling up the DagBag from /home/pker/airflow_env/lib/python3.7/site-packages/airflow/example_dags/example_external_task_marker_dag.py
[2025-11-21T11:00:11.819+0300] {processor.py:753} INFO - DAG(s) dict_keys(['example_external_task_marker_parent', 'example_external_task_marker_child']) retrieved from /home/pker/airflow_env/lib/python3.7/site-packages/airflow/example_dags/example_external_task_marker_dag.py
[2025-11-21T11:00:11.859+0300] {logging_mixin.py:137} INFO - [2025-11-21T11:00:11.859+0300] {dag.py:2705} INFO - Sync 2 DAGs
[2025-11-21T11:00:11.892+0300] {logging_mixin.py:137} INFO - [2025-11-21T11:00:11.891+0300] {dag.py:3456} INFO - Setting next_dagrun for example_external_task_marker_child to None, run_after=None
[2025-11-21T11:00:11.896+0300] {logging_mixin.py:137} INFO - [2025-11-21T11:00:11.895+0300] {dag.py:3456} INFO - Setting next_dagrun for example_external_task_marker_parent to None, run_after=None
[2025-11-21T11:00:11.951+0300] {processor.py:175} INFO - Processing /home/pker/airflow_env/lib/python3.7/site-packages/airflow/example_dags/example_external_task_marker_dag.py took 0.194 seconds
[2025-11-21T11:01:03.707+0300] {processor.py:153} INFO - Started process (PID=31105) to work on /home/pker/airflow_env/lib/python3.7/site-packages/airflow/example_dags/example_external_task_marker_dag.py
[2025-11-21T11:01:03.729+0300] {processor.py:743} INFO - Processing file /home/pker/airflow_env/lib/python3.7/site-packages/airflow/example_dags/example_external_task_marker_dag.py for tasks to queue
[2025-11-21T11:01:03.730+0300] {logging_mixin.py:137} INFO - [2025-11-21T11:01:03.730+0300] {dagbag.py:532} INFO - Filling up the DagBag from /home/pker/airflow_env/lib/python3.7/site-packages/airflow/example_dags/example_external_task_marker_dag.py
[2025-11-21T11:01:03.761+0300] {processor.py:753} INFO - DAG(s) dict_keys(['example_external_task_marker_parent', 'example_external_task_marker_child']) retrieved from /home/pker/airflow_env/lib/python3.7/site-packages/airflow/example_dags/example_external_task_marker_dag.py
[2025-11-21T11:01:03.797+0300] {logging_mixin.py:137} INFO - [2025-11-21T11:01:03.797+0300] {dag.py:2705} INFO - Sync 2 DAGs
[2025-11-21T11:01:03.826+0300] {logging_mixin.py:137} INFO - [2025-11-21T11:01:03.825+0300] {dag.py:3456} INFO - Setting next_dagrun for example_external_task_marker_child to None, run_after=None
[2025-11-21T11:01:03.830+0300] {logging_mixin.py:137} INFO - [2025-11-21T11:01:03.830+0300] {dag.py:3456} INFO - Setting next_dagrun for example_external_task_marker_parent to None, run_after=None
[2025-11-21T11:01:03.871+0300] {processor.py:175} INFO - Processing /home/pker/airflow_env/lib/python3.7/site-packages/airflow/example_dags/example_external_task_marker_dag.py took 0.170 seconds
[2025-11-21T11:01:52.340+0300] {processor.py:153} INFO - Started process (PID=31151) to work on /home/pker/airflow_env/lib/python3.7/site-packages/airflow/example_dags/example_external_task_marker_dag.py
[2025-11-21T11:01:52.361+0300] {processor.py:743} INFO - Processing file /home/pker/airflow_env/lib/python3.7/site-packages/airflow/example_dags/example_external_task_marker_dag.py for tasks to queue
[2025-11-21T11:01:52.363+0300] {logging_mixin.py:137} INFO - [2025-11-21T11:01:52.363+0300] {dagbag.py:532} INFO - Filling up the DagBag from /home/pker/airflow_env/lib/python3.7/site-packages/airflow/example_dags/example_external_task_marker_dag.py
[2025-11-21T11:01:52.390+0300] {processor.py:753} INFO - DAG(s) dict_keys(['example_external_task_marker_parent', 'example_external_task_marker_child']) retrieved from /home/pker/airflow_env/lib/python3.7/site-packages/airflow/example_dags/example_external_task_marker_dag.py
[2025-11-21T11:01:52.430+0300] {logging_mixin.py:137} INFO - [2025-11-21T11:01:52.430+0300] {dag.py:2705} INFO - Sync 2 DAGs
[2025-11-21T11:01:52.466+0300] {logging_mixin.py:137} INFO - [2025-11-21T11:01:52.465+0300] {dag.py:3456} INFO - Setting next_dagrun for example_external_task_marker_child to None, run_after=None
[2025-11-21T11:01:52.469+0300] {logging_mixin.py:137} INFO - [2025-11-21T11:01:52.469+0300] {dag.py:3456} INFO - Setting next_dagrun for example_external_task_marker_parent to None, run_after=None
[2025-11-21T11:01:52.543+0300] {processor.py:175} INFO - Processing /home/pker/airflow_env/lib/python3.7/site-packages/airflow/example_dags/example_external_task_marker_dag.py took 0.208 seconds
[2025-11-21T11:02:37.750+0300] {processor.py:153} INFO - Started process (PID=31195) to work on /home/pker/airflow_env/lib/python3.7/site-packages/airflow/example_dags/example_external_task_marker_dag.py
[2025-11-21T11:02:37.772+0300] {processor.py:743} INFO - Processing file /home/pker/airflow_env/lib/python3.7/site-packages/airflow/example_dags/example_external_task_marker_dag.py for tasks to queue
[2025-11-21T11:02:37.774+0300] {logging_mixin.py:137} INFO - [2025-11-21T11:02:37.774+0300] {dagbag.py:532} INFO - Filling up the DagBag from /home/pker/airflow_env/lib/python3.7/site-packages/airflow/example_dags/example_external_task_marker_dag.py
[2025-11-21T11:02:37.800+0300] {processor.py:753} INFO - DAG(s) dict_keys(['example_external_task_marker_child', 'example_external_task_marker_parent']) retrieved from /home/pker/airflow_env/lib/python3.7/site-packages/airflow/example_dags/example_external_task_marker_dag.py
[2025-11-21T11:02:37.837+0300] {logging_mixin.py:137} INFO - [2025-11-21T11:02:37.836+0300] {dag.py:2705} INFO - Sync 2 DAGs
[2025-11-21T11:02:37.871+0300] {logging_mixin.py:137} INFO - [2025-11-21T11:02:37.871+0300] {dag.py:3456} INFO - Setting next_dagrun for example_external_task_marker_child to None, run_after=None
[2025-11-21T11:02:37.875+0300] {logging_mixin.py:137} INFO - [2025-11-21T11:02:37.875+0300] {dag.py:3456} INFO - Setting next_dagrun for example_external_task_marker_parent to None, run_after=None
[2025-11-21T11:02:37.920+0300] {processor.py:175} INFO - Processing /home/pker/airflow_env/lib/python3.7/site-packages/airflow/example_dags/example_external_task_marker_dag.py took 0.176 seconds
[2025-11-21T11:03:25.469+0300] {processor.py:153} INFO - Started process (PID=31240) to work on /home/pker/airflow_env/lib/python3.7/site-packages/airflow/example_dags/example_external_task_marker_dag.py
[2025-11-21T11:03:25.493+0300] {processor.py:743} INFO - Processing file /home/pker/airflow_env/lib/python3.7/site-packages/airflow/example_dags/example_external_task_marker_dag.py for tasks to queue
[2025-11-21T11:03:25.495+0300] {logging_mixin.py:137} INFO - [2025-11-21T11:03:25.494+0300] {dagbag.py:532} INFO - Filling up the DagBag from /home/pker/airflow_env/lib/python3.7/site-packages/airflow/example_dags/example_external_task_marker_dag.py
[2025-11-21T11:03:25.525+0300] {processor.py:753} INFO - DAG(s) dict_keys(['example_external_task_marker_child', 'example_external_task_marker_parent']) retrieved from /home/pker/airflow_env/lib/python3.7/site-packages/airflow/example_dags/example_external_task_marker_dag.py
[2025-11-21T11:03:25.560+0300] {logging_mixin.py:137} INFO - [2025-11-21T11:03:25.559+0300] {dag.py:2705} INFO - Sync 2 DAGs
[2025-11-21T11:03:25.601+0300] {logging_mixin.py:137} INFO - [2025-11-21T11:03:25.600+0300] {dag.py:3456} INFO - Setting next_dagrun for example_external_task_marker_child to None, run_after=None
[2025-11-21T11:03:25.610+0300] {logging_mixin.py:137} INFO - [2025-11-21T11:03:25.610+0300] {dag.py:3456} INFO - Setting next_dagrun for example_external_task_marker_parent to None, run_after=None
[2025-11-21T11:03:25.677+0300] {processor.py:175} INFO - Processing /home/pker/airflow_env/lib/python3.7/site-packages/airflow/example_dags/example_external_task_marker_dag.py took 0.213 seconds
[2025-11-21T11:04:11.696+0300] {processor.py:153} INFO - Started process (PID=31285) to work on /home/pker/airflow_env/lib/python3.7/site-packages/airflow/example_dags/example_external_task_marker_dag.py
[2025-11-21T11:04:11.699+0300] {processor.py:743} INFO - Processing file /home/pker/airflow_env/lib/python3.7/site-packages/airflow/example_dags/example_external_task_marker_dag.py for tasks to queue
[2025-11-21T11:04:11.700+0300] {logging_mixin.py:137} INFO - [2025-11-21T11:04:11.699+0300] {dagbag.py:532} INFO - Filling up the DagBag from /home/pker/airflow_env/lib/python3.7/site-packages/airflow/example_dags/example_external_task_marker_dag.py
[2025-11-21T11:04:11.723+0300] {processor.py:753} INFO - DAG(s) dict_keys(['example_external_task_marker_parent', 'example_external_task_marker_child']) retrieved from /home/pker/airflow_env/lib/python3.7/site-packages/airflow/example_dags/example_external_task_marker_dag.py
[2025-11-21T11:04:11.757+0300] {logging_mixin.py:137} INFO - [2025-11-21T11:04:11.757+0300] {dag.py:2705} INFO - Sync 2 DAGs
[2025-11-21T11:04:11.792+0300] {logging_mixin.py:137} INFO - [2025-11-21T11:04:11.791+0300] {dag.py:3456} INFO - Setting next_dagrun for example_external_task_marker_child to None, run_after=None
[2025-11-21T11:04:11.795+0300] {logging_mixin.py:137} INFO - [2025-11-21T11:04:11.795+0300] {dag.py:3456} INFO - Setting next_dagrun for example_external_task_marker_parent to None, run_after=None
[2025-11-21T11:04:11.833+0300] {processor.py:175} INFO - Processing /home/pker/airflow_env/lib/python3.7/site-packages/airflow/example_dags/example_external_task_marker_dag.py took 0.143 seconds
[2025-11-21T11:05:01.240+0300] {processor.py:153} INFO - Started process (PID=31330) to work on /home/pker/airflow_env/lib/python3.7/site-packages/airflow/example_dags/example_external_task_marker_dag.py
[2025-11-21T11:05:01.262+0300] {processor.py:743} INFO - Processing file /home/pker/airflow_env/lib/python3.7/site-packages/airflow/example_dags/example_external_task_marker_dag.py for tasks to queue
[2025-11-21T11:05:01.264+0300] {logging_mixin.py:137} INFO - [2025-11-21T11:05:01.263+0300] {dagbag.py:532} INFO - Filling up the DagBag from /home/pker/airflow_env/lib/python3.7/site-packages/airflow/example_dags/example_external_task_marker_dag.py
[2025-11-21T11:05:01.294+0300] {processor.py:753} INFO - DAG(s) dict_keys(['example_external_task_marker_child', 'example_external_task_marker_parent']) retrieved from /home/pker/airflow_env/lib/python3.7/site-packages/airflow/example_dags/example_external_task_marker_dag.py
[2025-11-21T11:05:01.337+0300] {logging_mixin.py:137} INFO - [2025-11-21T11:05:01.336+0300] {dag.py:2705} INFO - Sync 2 DAGs
[2025-11-21T11:05:01.372+0300] {logging_mixin.py:137} INFO - [2025-11-21T11:05:01.372+0300] {dag.py:3456} INFO - Setting next_dagrun for example_external_task_marker_child to None, run_after=None
[2025-11-21T11:05:01.377+0300] {logging_mixin.py:137} INFO - [2025-11-21T11:05:01.377+0300] {dag.py:3456} INFO - Setting next_dagrun for example_external_task_marker_parent to None, run_after=None
[2025-11-21T11:05:01.428+0300] {processor.py:175} INFO - Processing /home/pker/airflow_env/lib/python3.7/site-packages/airflow/example_dags/example_external_task_marker_dag.py took 0.199 seconds
[2025-11-21T11:05:49.720+0300] {processor.py:153} INFO - Started process (PID=31383) to work on /home/pker/airflow_env/lib/python3.7/site-packages/airflow/example_dags/example_external_task_marker_dag.py
[2025-11-21T11:05:49.724+0300] {processor.py:743} INFO - Processing file /home/pker/airflow_env/lib/python3.7/site-packages/airflow/example_dags/example_external_task_marker_dag.py for tasks to queue
[2025-11-21T11:05:49.726+0300] {logging_mixin.py:137} INFO - [2025-11-21T11:05:49.726+0300] {dagbag.py:532} INFO - Filling up the DagBag from /home/pker/airflow_env/lib/python3.7/site-packages/airflow/example_dags/example_external_task_marker_dag.py
[2025-11-21T11:05:49.756+0300] {processor.py:753} INFO - DAG(s) dict_keys(['example_external_task_marker_child', 'example_external_task_marker_parent']) retrieved from /home/pker/airflow_env/lib/python3.7/site-packages/airflow/example_dags/example_external_task_marker_dag.py
[2025-11-21T11:05:49.792+0300] {logging_mixin.py:137} INFO - [2025-11-21T11:05:49.791+0300] {dag.py:2705} INFO - Sync 2 DAGs
[2025-11-21T11:05:49.819+0300] {logging_mixin.py:137} INFO - [2025-11-21T11:05:49.818+0300] {dag.py:3456} INFO - Setting next_dagrun for example_external_task_marker_child to None, run_after=None
[2025-11-21T11:05:49.824+0300] {logging_mixin.py:137} INFO - [2025-11-21T11:05:49.823+0300] {dag.py:3456} INFO - Setting next_dagrun for example_external_task_marker_parent to None, run_after=None
[2025-11-21T11:05:49.858+0300] {processor.py:175} INFO - Processing /home/pker/airflow_env/lib/python3.7/site-packages/airflow/example_dags/example_external_task_marker_dag.py took 0.143 seconds
[2025-11-21T11:06:38.844+0300] {processor.py:153} INFO - Started process (PID=31429) to work on /home/pker/airflow_env/lib/python3.7/site-packages/airflow/example_dags/example_external_task_marker_dag.py
[2025-11-21T11:06:38.867+0300] {processor.py:743} INFO - Processing file /home/pker/airflow_env/lib/python3.7/site-packages/airflow/example_dags/example_external_task_marker_dag.py for tasks to queue
[2025-11-21T11:06:38.869+0300] {logging_mixin.py:137} INFO - [2025-11-21T11:06:38.869+0300] {dagbag.py:532} INFO - Filling up the DagBag from /home/pker/airflow_env/lib/python3.7/site-packages/airflow/example_dags/example_external_task_marker_dag.py
[2025-11-21T11:06:38.898+0300] {processor.py:753} INFO - DAG(s) dict_keys(['example_external_task_marker_child', 'example_external_task_marker_parent']) retrieved from /home/pker/airflow_env/lib/python3.7/site-packages/airflow/example_dags/example_external_task_marker_dag.py
[2025-11-21T11:06:38.938+0300] {logging_mixin.py:137} INFO - [2025-11-21T11:06:38.937+0300] {dag.py:2705} INFO - Sync 2 DAGs
[2025-11-21T11:06:38.972+0300] {logging_mixin.py:137} INFO - [2025-11-21T11:06:38.971+0300] {dag.py:3456} INFO - Setting next_dagrun for example_external_task_marker_child to None, run_after=None
[2025-11-21T11:06:38.977+0300] {logging_mixin.py:137} INFO - [2025-11-21T11:06:38.977+0300] {dag.py:3456} INFO - Setting next_dagrun for example_external_task_marker_parent to None, run_after=None
[2025-11-21T11:06:39.051+0300] {processor.py:175} INFO - Processing /home/pker/airflow_env/lib/python3.7/site-packages/airflow/example_dags/example_external_task_marker_dag.py took 0.213 seconds
[2025-11-21T11:07:25.721+0300] {processor.py:153} INFO - Started process (PID=31477) to work on /home/pker/airflow_env/lib/python3.7/site-packages/airflow/example_dags/example_external_task_marker_dag.py
[2025-11-21T11:07:25.742+0300] {processor.py:743} INFO - Processing file /home/pker/airflow_env/lib/python3.7/site-packages/airflow/example_dags/example_external_task_marker_dag.py for tasks to queue
[2025-11-21T11:07:25.744+0300] {logging_mixin.py:137} INFO - [2025-11-21T11:07:25.744+0300] {dagbag.py:532} INFO - Filling up the DagBag from /home/pker/airflow_env/lib/python3.7/site-packages/airflow/example_dags/example_external_task_marker_dag.py
[2025-11-21T11:07:25.780+0300] {processor.py:753} INFO - DAG(s) dict_keys(['example_external_task_marker_parent', 'example_external_task_marker_child']) retrieved from /home/pker/airflow_env/lib/python3.7/site-packages/airflow/example_dags/example_external_task_marker_dag.py
[2025-11-21T11:07:25.824+0300] {logging_mixin.py:137} INFO - [2025-11-21T11:07:25.824+0300] {dag.py:2705} INFO - Sync 2 DAGs
[2025-11-21T11:07:25.863+0300] {logging_mixin.py:137} INFO - [2025-11-21T11:07:25.863+0300] {dag.py:3456} INFO - Setting next_dagrun for example_external_task_marker_child to None, run_after=None
[2025-11-21T11:07:25.869+0300] {logging_mixin.py:137} INFO - [2025-11-21T11:07:25.868+0300] {dag.py:3456} INFO - Setting next_dagrun for example_external_task_marker_parent to None, run_after=None
[2025-11-21T11:07:25.927+0300] {processor.py:175} INFO - Processing /home/pker/airflow_env/lib/python3.7/site-packages/airflow/example_dags/example_external_task_marker_dag.py took 0.212 seconds
[2025-11-21T11:08:13.425+0300] {processor.py:153} INFO - Started process (PID=31546) to work on /home/pker/airflow_env/lib/python3.7/site-packages/airflow/example_dags/example_external_task_marker_dag.py
[2025-11-21T11:08:13.447+0300] {processor.py:743} INFO - Processing file /home/pker/airflow_env/lib/python3.7/site-packages/airflow/example_dags/example_external_task_marker_dag.py for tasks to queue
[2025-11-21T11:08:13.450+0300] {logging_mixin.py:137} INFO - [2025-11-21T11:08:13.449+0300] {dagbag.py:532} INFO - Filling up the DagBag from /home/pker/airflow_env/lib/python3.7/site-packages/airflow/example_dags/example_external_task_marker_dag.py
[2025-11-21T11:08:13.476+0300] {processor.py:753} INFO - DAG(s) dict_keys(['example_external_task_marker_child', 'example_external_task_marker_parent']) retrieved from /home/pker/airflow_env/lib/python3.7/site-packages/airflow/example_dags/example_external_task_marker_dag.py
[2025-11-21T11:08:13.525+0300] {logging_mixin.py:137} INFO - [2025-11-21T11:08:13.525+0300] {dag.py:2705} INFO - Sync 2 DAGs
[2025-11-21T11:08:13.560+0300] {logging_mixin.py:137} INFO - [2025-11-21T11:08:13.560+0300] {dag.py:3456} INFO - Setting next_dagrun for example_external_task_marker_child to None, run_after=None
[2025-11-21T11:08:13.566+0300] {logging_mixin.py:137} INFO - [2025-11-21T11:08:13.565+0300] {dag.py:3456} INFO - Setting next_dagrun for example_external_task_marker_parent to None, run_after=None
[2025-11-21T11:08:13.632+0300] {processor.py:175} INFO - Processing /home/pker/airflow_env/lib/python3.7/site-packages/airflow/example_dags/example_external_task_marker_dag.py took 0.216 seconds
[2025-11-21T11:09:01.341+0300] {processor.py:153} INFO - Started process (PID=31593) to work on /home/pker/airflow_env/lib/python3.7/site-packages/airflow/example_dags/example_external_task_marker_dag.py
[2025-11-21T11:09:01.364+0300] {processor.py:743} INFO - Processing file /home/pker/airflow_env/lib/python3.7/site-packages/airflow/example_dags/example_external_task_marker_dag.py for tasks to queue
[2025-11-21T11:09:01.366+0300] {logging_mixin.py:137} INFO - [2025-11-21T11:09:01.365+0300] {dagbag.py:532} INFO - Filling up the DagBag from /home/pker/airflow_env/lib/python3.7/site-packages/airflow/example_dags/example_external_task_marker_dag.py
[2025-11-21T11:09:01.393+0300] {processor.py:753} INFO - DAG(s) dict_keys(['example_external_task_marker_child', 'example_external_task_marker_parent']) retrieved from /home/pker/airflow_env/lib/python3.7/site-packages/airflow/example_dags/example_external_task_marker_dag.py
[2025-11-21T11:09:01.433+0300] {logging_mixin.py:137} INFO - [2025-11-21T11:09:01.433+0300] {dag.py:2705} INFO - Sync 2 DAGs
[2025-11-21T11:09:01.462+0300] {logging_mixin.py:137} INFO - [2025-11-21T11:09:01.461+0300] {dag.py:3456} INFO - Setting next_dagrun for example_external_task_marker_child to None, run_after=None
[2025-11-21T11:09:01.467+0300] {logging_mixin.py:137} INFO - [2025-11-21T11:09:01.466+0300] {dag.py:3456} INFO - Setting next_dagrun for example_external_task_marker_parent to None, run_after=None
[2025-11-21T11:09:01.518+0300] {processor.py:175} INFO - Processing /home/pker/airflow_env/lib/python3.7/site-packages/airflow/example_dags/example_external_task_marker_dag.py took 0.182 seconds
