[2025-11-21T10:44:11.676+0300] {processor.py:153} INFO - Started process (PID=30095) to work on /home/pker/airflow_env/lib/python3.7/site-packages/airflow/example_dags/example_xcom.py
[2025-11-21T10:44:11.677+0300] {processor.py:743} INFO - Processing file /home/pker/airflow_env/lib/python3.7/site-packages/airflow/example_dags/example_xcom.py for tasks to queue
[2025-11-21T10:44:11.678+0300] {logging_mixin.py:137} INFO - [2025-11-21T10:44:11.678+0300] {dagbag.py:532} INFO - Filling up the DagBag from /home/pker/airflow_env/lib/python3.7/site-packages/airflow/example_dags/example_xcom.py
[2025-11-21T10:44:11.717+0300] {processor.py:753} INFO - DAG(s) dict_keys(['example_xcom']) retrieved from /home/pker/airflow_env/lib/python3.7/site-packages/airflow/example_dags/example_xcom.py
[2025-11-21T10:44:11.897+0300] {logging_mixin.py:137} INFO - [2025-11-21T10:44:11.896+0300] {manager.py:504} INFO - Created Permission View: can delete on DAG:example_xcom
[2025-11-21T10:44:11.918+0300] {logging_mixin.py:137} INFO - [2025-11-21T10:44:11.918+0300] {manager.py:504} INFO - Created Permission View: can read on DAG:example_xcom
[2025-11-21T10:44:11.936+0300] {logging_mixin.py:137} INFO - [2025-11-21T10:44:11.936+0300] {manager.py:504} INFO - Created Permission View: can edit on DAG:example_xcom
[2025-11-21T10:44:11.937+0300] {logging_mixin.py:137} INFO - [2025-11-21T10:44:11.936+0300] {dag.py:2705} INFO - Sync 1 DAGs
[2025-11-21T10:44:11.955+0300] {logging_mixin.py:137} INFO - [2025-11-21T10:44:11.955+0300] {dag.py:2726} INFO - Creating ORM DAG for example_xcom
[2025-11-21T10:44:11.968+0300] {logging_mixin.py:137} INFO - [2025-11-21T10:44:11.968+0300] {dag.py:3456} INFO - Setting next_dagrun for example_xcom to 2021-01-01T00:00:00+00:00, run_after=2021-01-01T00:00:00+00:00
[2025-11-21T10:44:11.995+0300] {processor.py:175} INFO - Processing /home/pker/airflow_env/lib/python3.7/site-packages/airflow/example_dags/example_xcom.py took 0.325 seconds
[2025-11-21T10:45:00.959+0300] {processor.py:153} INFO - Started process (PID=30139) to work on /home/pker/airflow_env/lib/python3.7/site-packages/airflow/example_dags/example_xcom.py
[2025-11-21T10:45:00.980+0300] {processor.py:743} INFO - Processing file /home/pker/airflow_env/lib/python3.7/site-packages/airflow/example_dags/example_xcom.py for tasks to queue
[2025-11-21T10:45:00.982+0300] {logging_mixin.py:137} INFO - [2025-11-21T10:45:00.982+0300] {dagbag.py:532} INFO - Filling up the DagBag from /home/pker/airflow_env/lib/python3.7/site-packages/airflow/example_dags/example_xcom.py
[2025-11-21T10:45:01.016+0300] {processor.py:753} INFO - DAG(s) dict_keys(['example_xcom']) retrieved from /home/pker/airflow_env/lib/python3.7/site-packages/airflow/example_dags/example_xcom.py
[2025-11-21T10:45:01.044+0300] {logging_mixin.py:137} INFO - [2025-11-21T10:45:01.043+0300] {dag.py:2705} INFO - Sync 1 DAGs
[2025-11-21T10:45:01.071+0300] {logging_mixin.py:137} INFO - [2025-11-21T10:45:01.071+0300] {dag.py:3456} INFO - Setting next_dagrun for example_xcom to 2021-01-01T00:00:00+00:00, run_after=2021-01-01T00:00:00+00:00
[2025-11-21T10:45:01.098+0300] {processor.py:175} INFO - Processing /home/pker/airflow_env/lib/python3.7/site-packages/airflow/example_dags/example_xcom.py took 0.144 seconds
[2025-11-21T10:45:50.771+0300] {processor.py:153} INFO - Started process (PID=30207) to work on /home/pker/airflow_env/lib/python3.7/site-packages/airflow/example_dags/example_xcom.py
[2025-11-21T10:45:50.792+0300] {processor.py:743} INFO - Processing file /home/pker/airflow_env/lib/python3.7/site-packages/airflow/example_dags/example_xcom.py for tasks to queue
[2025-11-21T10:45:50.794+0300] {logging_mixin.py:137} INFO - [2025-11-21T10:45:50.793+0300] {dagbag.py:532} INFO - Filling up the DagBag from /home/pker/airflow_env/lib/python3.7/site-packages/airflow/example_dags/example_xcom.py
[2025-11-21T10:45:50.836+0300] {processor.py:753} INFO - DAG(s) dict_keys(['example_xcom']) retrieved from /home/pker/airflow_env/lib/python3.7/site-packages/airflow/example_dags/example_xcom.py
[2025-11-21T10:45:50.861+0300] {logging_mixin.py:137} INFO - [2025-11-21T10:45:50.861+0300] {dag.py:2705} INFO - Sync 1 DAGs
[2025-11-21T10:45:50.896+0300] {logging_mixin.py:137} INFO - [2025-11-21T10:45:50.896+0300] {dag.py:3456} INFO - Setting next_dagrun for example_xcom to 2021-01-01T00:00:00+00:00, run_after=2021-01-01T00:00:00+00:00
[2025-11-21T10:45:50.966+0300] {processor.py:175} INFO - Processing /home/pker/airflow_env/lib/python3.7/site-packages/airflow/example_dags/example_xcom.py took 0.201 seconds
[2025-11-21T10:46:38.385+0300] {processor.py:153} INFO - Started process (PID=30253) to work on /home/pker/airflow_env/lib/python3.7/site-packages/airflow/example_dags/example_xcom.py
[2025-11-21T10:46:38.389+0300] {processor.py:743} INFO - Processing file /home/pker/airflow_env/lib/python3.7/site-packages/airflow/example_dags/example_xcom.py for tasks to queue
[2025-11-21T10:46:38.390+0300] {logging_mixin.py:137} INFO - [2025-11-21T10:46:38.390+0300] {dagbag.py:532} INFO - Filling up the DagBag from /home/pker/airflow_env/lib/python3.7/site-packages/airflow/example_dags/example_xcom.py
[2025-11-21T10:46:38.452+0300] {processor.py:753} INFO - DAG(s) dict_keys(['example_xcom']) retrieved from /home/pker/airflow_env/lib/python3.7/site-packages/airflow/example_dags/example_xcom.py
[2025-11-21T10:46:38.490+0300] {logging_mixin.py:137} INFO - [2025-11-21T10:46:38.489+0300] {dag.py:2705} INFO - Sync 1 DAGs
[2025-11-21T10:46:38.526+0300] {logging_mixin.py:137} INFO - [2025-11-21T10:46:38.526+0300] {dag.py:3456} INFO - Setting next_dagrun for example_xcom to 2021-01-01T00:00:00+00:00, run_after=2021-01-01T00:00:00+00:00
[2025-11-21T10:46:38.591+0300] {processor.py:175} INFO - Processing /home/pker/airflow_env/lib/python3.7/site-packages/airflow/example_dags/example_xcom.py took 0.215 seconds
[2025-11-21T10:47:25.553+0300] {processor.py:153} INFO - Started process (PID=30297) to work on /home/pker/airflow_env/lib/python3.7/site-packages/airflow/example_dags/example_xcom.py
[2025-11-21T10:47:25.577+0300] {processor.py:743} INFO - Processing file /home/pker/airflow_env/lib/python3.7/site-packages/airflow/example_dags/example_xcom.py for tasks to queue
[2025-11-21T10:47:25.579+0300] {logging_mixin.py:137} INFO - [2025-11-21T10:47:25.578+0300] {dagbag.py:532} INFO - Filling up the DagBag from /home/pker/airflow_env/lib/python3.7/site-packages/airflow/example_dags/example_xcom.py
[2025-11-21T10:47:25.624+0300] {processor.py:753} INFO - DAG(s) dict_keys(['example_xcom']) retrieved from /home/pker/airflow_env/lib/python3.7/site-packages/airflow/example_dags/example_xcom.py
[2025-11-21T10:47:25.668+0300] {logging_mixin.py:137} INFO - [2025-11-21T10:47:25.668+0300] {dag.py:2705} INFO - Sync 1 DAGs
[2025-11-21T10:47:25.716+0300] {logging_mixin.py:137} INFO - [2025-11-21T10:47:25.716+0300] {dag.py:3456} INFO - Setting next_dagrun for example_xcom to 2021-01-01T00:00:00+00:00, run_after=2021-01-01T00:00:00+00:00
[2025-11-21T10:47:25.775+0300] {processor.py:175} INFO - Processing /home/pker/airflow_env/lib/python3.7/site-packages/airflow/example_dags/example_xcom.py took 0.231 seconds
[2025-11-21T10:48:14.457+0300] {processor.py:153} INFO - Started process (PID=30341) to work on /home/pker/airflow_env/lib/python3.7/site-packages/airflow/example_dags/example_xcom.py
[2025-11-21T10:48:14.479+0300] {processor.py:743} INFO - Processing file /home/pker/airflow_env/lib/python3.7/site-packages/airflow/example_dags/example_xcom.py for tasks to queue
[2025-11-21T10:48:14.482+0300] {logging_mixin.py:137} INFO - [2025-11-21T10:48:14.481+0300] {dagbag.py:532} INFO - Filling up the DagBag from /home/pker/airflow_env/lib/python3.7/site-packages/airflow/example_dags/example_xcom.py
[2025-11-21T10:48:14.523+0300] {processor.py:753} INFO - DAG(s) dict_keys(['example_xcom']) retrieved from /home/pker/airflow_env/lib/python3.7/site-packages/airflow/example_dags/example_xcom.py
[2025-11-21T10:48:14.552+0300] {logging_mixin.py:137} INFO - [2025-11-21T10:48:14.551+0300] {dag.py:2705} INFO - Sync 1 DAGs
[2025-11-21T10:48:14.580+0300] {logging_mixin.py:137} INFO - [2025-11-21T10:48:14.580+0300] {dag.py:3456} INFO - Setting next_dagrun for example_xcom to 2021-01-01T00:00:00+00:00, run_after=2021-01-01T00:00:00+00:00
[2025-11-21T10:48:14.624+0300] {processor.py:175} INFO - Processing /home/pker/airflow_env/lib/python3.7/site-packages/airflow/example_dags/example_xcom.py took 0.174 seconds
[2025-11-21T10:49:00.319+0300] {processor.py:153} INFO - Started process (PID=30388) to work on /home/pker/airflow_env/lib/python3.7/site-packages/airflow/example_dags/example_xcom.py
[2025-11-21T10:49:00.342+0300] {processor.py:743} INFO - Processing file /home/pker/airflow_env/lib/python3.7/site-packages/airflow/example_dags/example_xcom.py for tasks to queue
[2025-11-21T10:49:00.344+0300] {logging_mixin.py:137} INFO - [2025-11-21T10:49:00.344+0300] {dagbag.py:532} INFO - Filling up the DagBag from /home/pker/airflow_env/lib/python3.7/site-packages/airflow/example_dags/example_xcom.py
[2025-11-21T10:49:00.384+0300] {processor.py:753} INFO - DAG(s) dict_keys(['example_xcom']) retrieved from /home/pker/airflow_env/lib/python3.7/site-packages/airflow/example_dags/example_xcom.py
[2025-11-21T10:49:00.409+0300] {logging_mixin.py:137} INFO - [2025-11-21T10:49:00.409+0300] {dag.py:2705} INFO - Sync 1 DAGs
[2025-11-21T10:49:00.435+0300] {logging_mixin.py:137} INFO - [2025-11-21T10:49:00.435+0300] {dag.py:3456} INFO - Setting next_dagrun for example_xcom to 2021-01-01T00:00:00+00:00, run_after=2021-01-01T00:00:00+00:00
[2025-11-21T10:49:00.463+0300] {processor.py:175} INFO - Processing /home/pker/airflow_env/lib/python3.7/site-packages/airflow/example_dags/example_xcom.py took 0.149 seconds
[2025-11-21T10:49:49.002+0300] {processor.py:153} INFO - Started process (PID=30443) to work on /home/pker/airflow_env/lib/python3.7/site-packages/airflow/example_dags/example_xcom.py
[2025-11-21T10:49:49.004+0300] {processor.py:743} INFO - Processing file /home/pker/airflow_env/lib/python3.7/site-packages/airflow/example_dags/example_xcom.py for tasks to queue
[2025-11-21T10:49:49.006+0300] {logging_mixin.py:137} INFO - [2025-11-21T10:49:49.005+0300] {dagbag.py:532} INFO - Filling up the DagBag from /home/pker/airflow_env/lib/python3.7/site-packages/airflow/example_dags/example_xcom.py
[2025-11-21T10:49:49.037+0300] {processor.py:753} INFO - DAG(s) dict_keys(['example_xcom']) retrieved from /home/pker/airflow_env/lib/python3.7/site-packages/airflow/example_dags/example_xcom.py
[2025-11-21T10:49:49.075+0300] {logging_mixin.py:137} INFO - [2025-11-21T10:49:49.074+0300] {dag.py:2705} INFO - Sync 1 DAGs
[2025-11-21T10:49:49.131+0300] {logging_mixin.py:137} INFO - [2025-11-21T10:49:49.131+0300] {dag.py:3456} INFO - Setting next_dagrun for example_xcom to 2021-01-01T00:00:00+00:00, run_after=2021-01-01T00:00:00+00:00
[2025-11-21T10:49:49.208+0300] {processor.py:175} INFO - Processing /home/pker/airflow_env/lib/python3.7/site-packages/airflow/example_dags/example_xcom.py took 0.210 seconds
[2025-11-21T10:50:36.363+0300] {processor.py:153} INFO - Started process (PID=30486) to work on /home/pker/airflow_env/lib/python3.7/site-packages/airflow/example_dags/example_xcom.py
[2025-11-21T10:50:36.379+0300] {processor.py:743} INFO - Processing file /home/pker/airflow_env/lib/python3.7/site-packages/airflow/example_dags/example_xcom.py for tasks to queue
[2025-11-21T10:50:36.381+0300] {logging_mixin.py:137} INFO - [2025-11-21T10:50:36.381+0300] {dagbag.py:532} INFO - Filling up the DagBag from /home/pker/airflow_env/lib/python3.7/site-packages/airflow/example_dags/example_xcom.py
[2025-11-21T10:50:36.434+0300] {processor.py:753} INFO - DAG(s) dict_keys(['example_xcom']) retrieved from /home/pker/airflow_env/lib/python3.7/site-packages/airflow/example_dags/example_xcom.py
[2025-11-21T10:50:36.473+0300] {logging_mixin.py:137} INFO - [2025-11-21T10:50:36.473+0300] {dag.py:2705} INFO - Sync 1 DAGs
[2025-11-21T10:50:36.523+0300] {logging_mixin.py:137} INFO - [2025-11-21T10:50:36.523+0300] {dag.py:3456} INFO - Setting next_dagrun for example_xcom to 2021-01-01T00:00:00+00:00, run_after=2021-01-01T00:00:00+00:00
[2025-11-21T10:50:36.566+0300] {processor.py:175} INFO - Processing /home/pker/airflow_env/lib/python3.7/site-packages/airflow/example_dags/example_xcom.py took 0.210 seconds
[2025-11-21T10:51:21.672+0300] {processor.py:153} INFO - Started process (PID=30530) to work on /home/pker/airflow_env/lib/python3.7/site-packages/airflow/example_dags/example_xcom.py
[2025-11-21T10:51:21.696+0300] {processor.py:743} INFO - Processing file /home/pker/airflow_env/lib/python3.7/site-packages/airflow/example_dags/example_xcom.py for tasks to queue
[2025-11-21T10:51:21.699+0300] {logging_mixin.py:137} INFO - [2025-11-21T10:51:21.698+0300] {dagbag.py:532} INFO - Filling up the DagBag from /home/pker/airflow_env/lib/python3.7/site-packages/airflow/example_dags/example_xcom.py
[2025-11-21T10:51:21.738+0300] {processor.py:753} INFO - DAG(s) dict_keys(['example_xcom']) retrieved from /home/pker/airflow_env/lib/python3.7/site-packages/airflow/example_dags/example_xcom.py
[2025-11-21T10:51:21.778+0300] {logging_mixin.py:137} INFO - [2025-11-21T10:51:21.777+0300] {dag.py:2705} INFO - Sync 1 DAGs
[2025-11-21T10:51:21.818+0300] {logging_mixin.py:137} INFO - [2025-11-21T10:51:21.818+0300] {dag.py:3456} INFO - Setting next_dagrun for example_xcom to 2021-01-01T00:00:00+00:00, run_after=2021-01-01T00:00:00+00:00
[2025-11-21T10:51:21.880+0300] {processor.py:175} INFO - Processing /home/pker/airflow_env/lib/python3.7/site-packages/airflow/example_dags/example_xcom.py took 0.215 seconds
[2025-11-21T10:52:09.879+0300] {processor.py:153} INFO - Started process (PID=30577) to work on /home/pker/airflow_env/lib/python3.7/site-packages/airflow/example_dags/example_xcom.py
[2025-11-21T10:52:09.901+0300] {processor.py:743} INFO - Processing file /home/pker/airflow_env/lib/python3.7/site-packages/airflow/example_dags/example_xcom.py for tasks to queue
[2025-11-21T10:52:09.902+0300] {logging_mixin.py:137} INFO - [2025-11-21T10:52:09.902+0300] {dagbag.py:532} INFO - Filling up the DagBag from /home/pker/airflow_env/lib/python3.7/site-packages/airflow/example_dags/example_xcom.py
[2025-11-21T10:52:09.945+0300] {processor.py:753} INFO - DAG(s) dict_keys(['example_xcom']) retrieved from /home/pker/airflow_env/lib/python3.7/site-packages/airflow/example_dags/example_xcom.py
[2025-11-21T10:52:09.986+0300] {logging_mixin.py:137} INFO - [2025-11-21T10:52:09.986+0300] {dag.py:2705} INFO - Sync 1 DAGs
[2025-11-21T10:52:10.032+0300] {logging_mixin.py:137} INFO - [2025-11-21T10:52:10.032+0300] {dag.py:3456} INFO - Setting next_dagrun for example_xcom to 2021-01-01T00:00:00+00:00, run_after=2021-01-01T00:00:00+00:00
[2025-11-21T10:52:10.075+0300] {processor.py:175} INFO - Processing /home/pker/airflow_env/lib/python3.7/site-packages/airflow/example_dags/example_xcom.py took 0.202 seconds
[2025-11-21T10:52:53.657+0300] {processor.py:153} INFO - Started process (PID=30622) to work on /home/pker/airflow_env/lib/python3.7/site-packages/airflow/example_dags/example_xcom.py
[2025-11-21T10:52:53.682+0300] {processor.py:743} INFO - Processing file /home/pker/airflow_env/lib/python3.7/site-packages/airflow/example_dags/example_xcom.py for tasks to queue
[2025-11-21T10:52:53.684+0300] {logging_mixin.py:137} INFO - [2025-11-21T10:52:53.684+0300] {dagbag.py:532} INFO - Filling up the DagBag from /home/pker/airflow_env/lib/python3.7/site-packages/airflow/example_dags/example_xcom.py
[2025-11-21T10:52:53.732+0300] {processor.py:753} INFO - DAG(s) dict_keys(['example_xcom']) retrieved from /home/pker/airflow_env/lib/python3.7/site-packages/airflow/example_dags/example_xcom.py
[2025-11-21T10:52:53.774+0300] {logging_mixin.py:137} INFO - [2025-11-21T10:52:53.774+0300] {dag.py:2705} INFO - Sync 1 DAGs
[2025-11-21T10:52:53.805+0300] {logging_mixin.py:137} INFO - [2025-11-21T10:52:53.805+0300] {dag.py:3456} INFO - Setting next_dagrun for example_xcom to 2021-01-01T00:00:00+00:00, run_after=2021-01-01T00:00:00+00:00
[2025-11-21T10:52:53.863+0300] {processor.py:175} INFO - Processing /home/pker/airflow_env/lib/python3.7/site-packages/airflow/example_dags/example_xcom.py took 0.212 seconds
[2025-11-21T10:53:42.594+0300] {processor.py:153} INFO - Started process (PID=30664) to work on /home/pker/airflow_env/lib/python3.7/site-packages/airflow/example_dags/example_xcom.py
[2025-11-21T10:53:42.617+0300] {processor.py:743} INFO - Processing file /home/pker/airflow_env/lib/python3.7/site-packages/airflow/example_dags/example_xcom.py for tasks to queue
[2025-11-21T10:53:42.619+0300] {logging_mixin.py:137} INFO - [2025-11-21T10:53:42.619+0300] {dagbag.py:532} INFO - Filling up the DagBag from /home/pker/airflow_env/lib/python3.7/site-packages/airflow/example_dags/example_xcom.py
[2025-11-21T10:53:42.668+0300] {processor.py:753} INFO - DAG(s) dict_keys(['example_xcom']) retrieved from /home/pker/airflow_env/lib/python3.7/site-packages/airflow/example_dags/example_xcom.py
[2025-11-21T10:53:42.695+0300] {logging_mixin.py:137} INFO - [2025-11-21T10:53:42.694+0300] {dag.py:2705} INFO - Sync 1 DAGs
[2025-11-21T10:53:42.726+0300] {logging_mixin.py:137} INFO - [2025-11-21T10:53:42.726+0300] {dag.py:3456} INFO - Setting next_dagrun for example_xcom to 2021-01-01T00:00:00+00:00, run_after=2021-01-01T00:00:00+00:00
[2025-11-21T10:53:42.789+0300] {processor.py:175} INFO - Processing /home/pker/airflow_env/lib/python3.7/site-packages/airflow/example_dags/example_xcom.py took 0.202 seconds
[2025-11-21T10:54:29.862+0300] {processor.py:153} INFO - Started process (PID=30708) to work on /home/pker/airflow_env/lib/python3.7/site-packages/airflow/example_dags/example_xcom.py
[2025-11-21T10:54:29.865+0300] {processor.py:743} INFO - Processing file /home/pker/airflow_env/lib/python3.7/site-packages/airflow/example_dags/example_xcom.py for tasks to queue
[2025-11-21T10:54:29.867+0300] {logging_mixin.py:137} INFO - [2025-11-21T10:54:29.867+0300] {dagbag.py:532} INFO - Filling up the DagBag from /home/pker/airflow_env/lib/python3.7/site-packages/airflow/example_dags/example_xcom.py
[2025-11-21T10:54:29.923+0300] {processor.py:753} INFO - DAG(s) dict_keys(['example_xcom']) retrieved from /home/pker/airflow_env/lib/python3.7/site-packages/airflow/example_dags/example_xcom.py
[2025-11-21T10:54:29.960+0300] {logging_mixin.py:137} INFO - [2025-11-21T10:54:29.960+0300] {dag.py:2705} INFO - Sync 1 DAGs
[2025-11-21T10:54:29.992+0300] {logging_mixin.py:137} INFO - [2025-11-21T10:54:29.991+0300] {dag.py:3456} INFO - Setting next_dagrun for example_xcom to 2021-01-01T00:00:00+00:00, run_after=2021-01-01T00:00:00+00:00
[2025-11-21T10:54:30.050+0300] {processor.py:175} INFO - Processing /home/pker/airflow_env/lib/python3.7/site-packages/airflow/example_dags/example_xcom.py took 0.197 seconds
[2025-11-21T10:55:18.391+0300] {processor.py:153} INFO - Started process (PID=30758) to work on /home/pker/airflow_env/lib/python3.7/site-packages/airflow/example_dags/example_xcom.py
[2025-11-21T10:55:18.414+0300] {processor.py:743} INFO - Processing file /home/pker/airflow_env/lib/python3.7/site-packages/airflow/example_dags/example_xcom.py for tasks to queue
[2025-11-21T10:55:18.417+0300] {logging_mixin.py:137} INFO - [2025-11-21T10:55:18.416+0300] {dagbag.py:532} INFO - Filling up the DagBag from /home/pker/airflow_env/lib/python3.7/site-packages/airflow/example_dags/example_xcom.py
[2025-11-21T10:55:18.487+0300] {processor.py:753} INFO - DAG(s) dict_keys(['example_xcom']) retrieved from /home/pker/airflow_env/lib/python3.7/site-packages/airflow/example_dags/example_xcom.py
[2025-11-21T10:55:18.545+0300] {logging_mixin.py:137} INFO - [2025-11-21T10:55:18.544+0300] {dag.py:2705} INFO - Sync 1 DAGs
[2025-11-21T10:55:18.598+0300] {logging_mixin.py:137} INFO - [2025-11-21T10:55:18.597+0300] {dag.py:3456} INFO - Setting next_dagrun for example_xcom to 2021-01-01T00:00:00+00:00, run_after=2021-01-01T00:00:00+00:00
[2025-11-21T10:55:18.662+0300] {processor.py:175} INFO - Processing /home/pker/airflow_env/lib/python3.7/site-packages/airflow/example_dags/example_xcom.py took 0.277 seconds
[2025-11-21T10:56:06.470+0300] {processor.py:153} INFO - Started process (PID=30804) to work on /home/pker/airflow_env/lib/python3.7/site-packages/airflow/example_dags/example_xcom.py
[2025-11-21T10:56:06.493+0300] {processor.py:743} INFO - Processing file /home/pker/airflow_env/lib/python3.7/site-packages/airflow/example_dags/example_xcom.py for tasks to queue
[2025-11-21T10:56:06.495+0300] {logging_mixin.py:137} INFO - [2025-11-21T10:56:06.495+0300] {dagbag.py:532} INFO - Filling up the DagBag from /home/pker/airflow_env/lib/python3.7/site-packages/airflow/example_dags/example_xcom.py
[2025-11-21T10:56:06.540+0300] {processor.py:753} INFO - DAG(s) dict_keys(['example_xcom']) retrieved from /home/pker/airflow_env/lib/python3.7/site-packages/airflow/example_dags/example_xcom.py
[2025-11-21T10:56:06.583+0300] {logging_mixin.py:137} INFO - [2025-11-21T10:56:06.582+0300] {dag.py:2705} INFO - Sync 1 DAGs
[2025-11-21T10:56:06.622+0300] {logging_mixin.py:137} INFO - [2025-11-21T10:56:06.622+0300] {dag.py:3456} INFO - Setting next_dagrun for example_xcom to 2021-01-01T00:00:00+00:00, run_after=2021-01-01T00:00:00+00:00
[2025-11-21T10:56:06.690+0300] {processor.py:175} INFO - Processing /home/pker/airflow_env/lib/python3.7/site-packages/airflow/example_dags/example_xcom.py took 0.225 seconds
[2025-11-21T10:56:53.845+0300] {processor.py:153} INFO - Started process (PID=30848) to work on /home/pker/airflow_env/lib/python3.7/site-packages/airflow/example_dags/example_xcom.py
[2025-11-21T10:56:53.848+0300] {processor.py:743} INFO - Processing file /home/pker/airflow_env/lib/python3.7/site-packages/airflow/example_dags/example_xcom.py for tasks to queue
[2025-11-21T10:56:53.850+0300] {logging_mixin.py:137} INFO - [2025-11-21T10:56:53.850+0300] {dagbag.py:532} INFO - Filling up the DagBag from /home/pker/airflow_env/lib/python3.7/site-packages/airflow/example_dags/example_xcom.py
[2025-11-21T10:56:53.896+0300] {processor.py:753} INFO - DAG(s) dict_keys(['example_xcom']) retrieved from /home/pker/airflow_env/lib/python3.7/site-packages/airflow/example_dags/example_xcom.py
[2025-11-21T10:56:53.941+0300] {logging_mixin.py:137} INFO - [2025-11-21T10:56:53.941+0300] {dag.py:2705} INFO - Sync 1 DAGs
[2025-11-21T10:56:53.979+0300] {logging_mixin.py:137} INFO - [2025-11-21T10:56:53.979+0300] {dag.py:3456} INFO - Setting next_dagrun for example_xcom to 2021-01-01T00:00:00+00:00, run_after=2021-01-01T00:00:00+00:00
[2025-11-21T10:56:54.042+0300] {processor.py:175} INFO - Processing /home/pker/airflow_env/lib/python3.7/site-packages/airflow/example_dags/example_xcom.py took 0.206 seconds
[2025-11-21T10:57:43.922+0300] {processor.py:153} INFO - Started process (PID=30890) to work on /home/pker/airflow_env/lib/python3.7/site-packages/airflow/example_dags/example_xcom.py
[2025-11-21T10:57:43.940+0300] {processor.py:743} INFO - Processing file /home/pker/airflow_env/lib/python3.7/site-packages/airflow/example_dags/example_xcom.py for tasks to queue
[2025-11-21T10:57:43.943+0300] {logging_mixin.py:137} INFO - [2025-11-21T10:57:43.942+0300] {dagbag.py:532} INFO - Filling up the DagBag from /home/pker/airflow_env/lib/python3.7/site-packages/airflow/example_dags/example_xcom.py
[2025-11-21T10:57:43.985+0300] {processor.py:753} INFO - DAG(s) dict_keys(['example_xcom']) retrieved from /home/pker/airflow_env/lib/python3.7/site-packages/airflow/example_dags/example_xcom.py
[2025-11-21T10:57:44.027+0300] {logging_mixin.py:137} INFO - [2025-11-21T10:57:44.026+0300] {dag.py:2705} INFO - Sync 1 DAGs
[2025-11-21T10:57:44.059+0300] {logging_mixin.py:137} INFO - [2025-11-21T10:57:44.058+0300] {dag.py:3456} INFO - Setting next_dagrun for example_xcom to 2021-01-01T00:00:00+00:00, run_after=2021-01-01T00:00:00+00:00
[2025-11-21T10:57:44.092+0300] {processor.py:175} INFO - Processing /home/pker/airflow_env/lib/python3.7/site-packages/airflow/example_dags/example_xcom.py took 0.179 seconds
[2025-11-21T10:58:30.277+0300] {processor.py:153} INFO - Started process (PID=30940) to work on /home/pker/airflow_env/lib/python3.7/site-packages/airflow/example_dags/example_xcom.py
[2025-11-21T10:58:30.298+0300] {processor.py:743} INFO - Processing file /home/pker/airflow_env/lib/python3.7/site-packages/airflow/example_dags/example_xcom.py for tasks to queue
[2025-11-21T10:58:30.299+0300] {logging_mixin.py:137} INFO - [2025-11-21T10:58:30.299+0300] {dagbag.py:532} INFO - Filling up the DagBag from /home/pker/airflow_env/lib/python3.7/site-packages/airflow/example_dags/example_xcom.py
[2025-11-21T10:58:30.332+0300] {processor.py:753} INFO - DAG(s) dict_keys(['example_xcom']) retrieved from /home/pker/airflow_env/lib/python3.7/site-packages/airflow/example_dags/example_xcom.py
[2025-11-21T10:58:30.357+0300] {logging_mixin.py:137} INFO - [2025-11-21T10:58:30.357+0300] {dag.py:2705} INFO - Sync 1 DAGs
[2025-11-21T10:58:30.392+0300] {logging_mixin.py:137} INFO - [2025-11-21T10:58:30.392+0300] {dag.py:3456} INFO - Setting next_dagrun for example_xcom to 2021-01-01T00:00:00+00:00, run_after=2021-01-01T00:00:00+00:00
[2025-11-21T10:58:30.468+0300] {processor.py:175} INFO - Processing /home/pker/airflow_env/lib/python3.7/site-packages/airflow/example_dags/example_xcom.py took 0.195 seconds
[2025-11-21T10:59:20.052+0300] {processor.py:153} INFO - Started process (PID=30999) to work on /home/pker/airflow_env/lib/python3.7/site-packages/airflow/example_dags/example_xcom.py
[2025-11-21T10:59:20.074+0300] {processor.py:743} INFO - Processing file /home/pker/airflow_env/lib/python3.7/site-packages/airflow/example_dags/example_xcom.py for tasks to queue
[2025-11-21T10:59:20.077+0300] {logging_mixin.py:137} INFO - [2025-11-21T10:59:20.077+0300] {dagbag.py:532} INFO - Filling up the DagBag from /home/pker/airflow_env/lib/python3.7/site-packages/airflow/example_dags/example_xcom.py
[2025-11-21T10:59:20.135+0300] {processor.py:753} INFO - DAG(s) dict_keys(['example_xcom']) retrieved from /home/pker/airflow_env/lib/python3.7/site-packages/airflow/example_dags/example_xcom.py
[2025-11-21T10:59:20.167+0300] {logging_mixin.py:137} INFO - [2025-11-21T10:59:20.166+0300] {dag.py:2705} INFO - Sync 1 DAGs
[2025-11-21T10:59:20.200+0300] {logging_mixin.py:137} INFO - [2025-11-21T10:59:20.199+0300] {dag.py:3456} INFO - Setting next_dagrun for example_xcom to 2021-01-01T00:00:00+00:00, run_after=2021-01-01T00:00:00+00:00
[2025-11-21T10:59:20.265+0300] {processor.py:175} INFO - Processing /home/pker/airflow_env/lib/python3.7/site-packages/airflow/example_dags/example_xcom.py took 0.223 seconds
[2025-11-21T11:00:09.053+0300] {processor.py:153} INFO - Started process (PID=31046) to work on /home/pker/airflow_env/lib/python3.7/site-packages/airflow/example_dags/example_xcom.py
[2025-11-21T11:00:09.078+0300] {processor.py:743} INFO - Processing file /home/pker/airflow_env/lib/python3.7/site-packages/airflow/example_dags/example_xcom.py for tasks to queue
[2025-11-21T11:00:09.080+0300] {logging_mixin.py:137} INFO - [2025-11-21T11:00:09.079+0300] {dagbag.py:532} INFO - Filling up the DagBag from /home/pker/airflow_env/lib/python3.7/site-packages/airflow/example_dags/example_xcom.py
[2025-11-21T11:00:09.129+0300] {processor.py:753} INFO - DAG(s) dict_keys(['example_xcom']) retrieved from /home/pker/airflow_env/lib/python3.7/site-packages/airflow/example_dags/example_xcom.py
[2025-11-21T11:00:09.178+0300] {logging_mixin.py:137} INFO - [2025-11-21T11:00:09.178+0300] {dag.py:2705} INFO - Sync 1 DAGs
[2025-11-21T11:00:09.223+0300] {logging_mixin.py:137} INFO - [2025-11-21T11:00:09.223+0300] {dag.py:3456} INFO - Setting next_dagrun for example_xcom to 2021-01-01T00:00:00+00:00, run_after=2021-01-01T00:00:00+00:00
[2025-11-21T11:00:09.260+0300] {processor.py:175} INFO - Processing /home/pker/airflow_env/lib/python3.7/site-packages/airflow/example_dags/example_xcom.py took 0.212 seconds
[2025-11-21T11:01:00.991+0300] {processor.py:153} INFO - Started process (PID=31103) to work on /home/pker/airflow_env/lib/python3.7/site-packages/airflow/example_dags/example_xcom.py
[2025-11-21T11:01:01.013+0300] {processor.py:743} INFO - Processing file /home/pker/airflow_env/lib/python3.7/site-packages/airflow/example_dags/example_xcom.py for tasks to queue
[2025-11-21T11:01:01.015+0300] {logging_mixin.py:137} INFO - [2025-11-21T11:01:01.015+0300] {dagbag.py:532} INFO - Filling up the DagBag from /home/pker/airflow_env/lib/python3.7/site-packages/airflow/example_dags/example_xcom.py
[2025-11-21T11:01:01.055+0300] {processor.py:753} INFO - DAG(s) dict_keys(['example_xcom']) retrieved from /home/pker/airflow_env/lib/python3.7/site-packages/airflow/example_dags/example_xcom.py
[2025-11-21T11:01:01.083+0300] {logging_mixin.py:137} INFO - [2025-11-21T11:01:01.083+0300] {dag.py:2705} INFO - Sync 1 DAGs
[2025-11-21T11:01:01.111+0300] {logging_mixin.py:137} INFO - [2025-11-21T11:01:01.111+0300] {dag.py:3456} INFO - Setting next_dagrun for example_xcom to 2021-01-01T00:00:00+00:00, run_after=2021-01-01T00:00:00+00:00
[2025-11-21T11:01:01.151+0300] {processor.py:175} INFO - Processing /home/pker/airflow_env/lib/python3.7/site-packages/airflow/example_dags/example_xcom.py took 0.169 seconds
[2025-11-21T11:01:50.453+0300] {processor.py:153} INFO - Started process (PID=31149) to work on /home/pker/airflow_env/lib/python3.7/site-packages/airflow/example_dags/example_xcom.py
[2025-11-21T11:01:50.475+0300] {processor.py:743} INFO - Processing file /home/pker/airflow_env/lib/python3.7/site-packages/airflow/example_dags/example_xcom.py for tasks to queue
[2025-11-21T11:01:50.476+0300] {logging_mixin.py:137} INFO - [2025-11-21T11:01:50.475+0300] {dagbag.py:532} INFO - Filling up the DagBag from /home/pker/airflow_env/lib/python3.7/site-packages/airflow/example_dags/example_xcom.py
[2025-11-21T11:01:50.523+0300] {processor.py:753} INFO - DAG(s) dict_keys(['example_xcom']) retrieved from /home/pker/airflow_env/lib/python3.7/site-packages/airflow/example_dags/example_xcom.py
[2025-11-21T11:01:50.571+0300] {logging_mixin.py:137} INFO - [2025-11-21T11:01:50.571+0300] {dag.py:2705} INFO - Sync 1 DAGs
[2025-11-21T11:01:50.629+0300] {logging_mixin.py:137} INFO - [2025-11-21T11:01:50.628+0300] {dag.py:3456} INFO - Setting next_dagrun for example_xcom to 2021-01-01T00:00:00+00:00, run_after=2021-01-01T00:00:00+00:00
[2025-11-21T11:01:50.691+0300] {processor.py:175} INFO - Processing /home/pker/airflow_env/lib/python3.7/site-packages/airflow/example_dags/example_xcom.py took 0.248 seconds
[2025-11-21T11:02:36.251+0300] {processor.py:153} INFO - Started process (PID=31193) to work on /home/pker/airflow_env/lib/python3.7/site-packages/airflow/example_dags/example_xcom.py
[2025-11-21T11:02:36.254+0300] {processor.py:743} INFO - Processing file /home/pker/airflow_env/lib/python3.7/site-packages/airflow/example_dags/example_xcom.py for tasks to queue
[2025-11-21T11:02:36.256+0300] {logging_mixin.py:137} INFO - [2025-11-21T11:02:36.255+0300] {dagbag.py:532} INFO - Filling up the DagBag from /home/pker/airflow_env/lib/python3.7/site-packages/airflow/example_dags/example_xcom.py
[2025-11-21T11:02:36.299+0300] {processor.py:753} INFO - DAG(s) dict_keys(['example_xcom']) retrieved from /home/pker/airflow_env/lib/python3.7/site-packages/airflow/example_dags/example_xcom.py
[2025-11-21T11:02:36.328+0300] {logging_mixin.py:137} INFO - [2025-11-21T11:02:36.328+0300] {dag.py:2705} INFO - Sync 1 DAGs
[2025-11-21T11:02:36.357+0300] {logging_mixin.py:137} INFO - [2025-11-21T11:02:36.356+0300] {dag.py:3456} INFO - Setting next_dagrun for example_xcom to 2021-01-01T00:00:00+00:00, run_after=2021-01-01T00:00:00+00:00
[2025-11-21T11:02:36.411+0300] {processor.py:175} INFO - Processing /home/pker/airflow_env/lib/python3.7/site-packages/airflow/example_dags/example_xcom.py took 0.167 seconds
[2025-11-21T11:03:22.886+0300] {processor.py:153} INFO - Started process (PID=31238) to work on /home/pker/airflow_env/lib/python3.7/site-packages/airflow/example_dags/example_xcom.py
[2025-11-21T11:03:22.909+0300] {processor.py:743} INFO - Processing file /home/pker/airflow_env/lib/python3.7/site-packages/airflow/example_dags/example_xcom.py for tasks to queue
[2025-11-21T11:03:22.911+0300] {logging_mixin.py:137} INFO - [2025-11-21T11:03:22.911+0300] {dagbag.py:532} INFO - Filling up the DagBag from /home/pker/airflow_env/lib/python3.7/site-packages/airflow/example_dags/example_xcom.py
[2025-11-21T11:03:22.959+0300] {processor.py:753} INFO - DAG(s) dict_keys(['example_xcom']) retrieved from /home/pker/airflow_env/lib/python3.7/site-packages/airflow/example_dags/example_xcom.py
[2025-11-21T11:03:22.987+0300] {logging_mixin.py:137} INFO - [2025-11-21T11:03:22.987+0300] {dag.py:2705} INFO - Sync 1 DAGs
[2025-11-21T11:03:23.017+0300] {logging_mixin.py:137} INFO - [2025-11-21T11:03:23.017+0300] {dag.py:3456} INFO - Setting next_dagrun for example_xcom to 2021-01-01T00:00:00+00:00, run_after=2021-01-01T00:00:00+00:00
[2025-11-21T11:03:23.079+0300] {processor.py:175} INFO - Processing /home/pker/airflow_env/lib/python3.7/site-packages/airflow/example_dags/example_xcom.py took 0.198 seconds
[2025-11-21T11:04:10.515+0300] {processor.py:153} INFO - Started process (PID=31283) to work on /home/pker/airflow_env/lib/python3.7/site-packages/airflow/example_dags/example_xcom.py
[2025-11-21T11:04:10.540+0300] {processor.py:743} INFO - Processing file /home/pker/airflow_env/lib/python3.7/site-packages/airflow/example_dags/example_xcom.py for tasks to queue
[2025-11-21T11:04:10.543+0300] {logging_mixin.py:137} INFO - [2025-11-21T11:04:10.542+0300] {dagbag.py:532} INFO - Filling up the DagBag from /home/pker/airflow_env/lib/python3.7/site-packages/airflow/example_dags/example_xcom.py
[2025-11-21T11:04:10.591+0300] {processor.py:753} INFO - DAG(s) dict_keys(['example_xcom']) retrieved from /home/pker/airflow_env/lib/python3.7/site-packages/airflow/example_dags/example_xcom.py
[2025-11-21T11:04:10.637+0300] {logging_mixin.py:137} INFO - [2025-11-21T11:04:10.636+0300] {dag.py:2705} INFO - Sync 1 DAGs
[2025-11-21T11:04:10.674+0300] {logging_mixin.py:137} INFO - [2025-11-21T11:04:10.674+0300] {dag.py:3456} INFO - Setting next_dagrun for example_xcom to 2021-01-01T00:00:00+00:00, run_after=2021-01-01T00:00:00+00:00
[2025-11-21T11:04:10.733+0300] {processor.py:175} INFO - Processing /home/pker/airflow_env/lib/python3.7/site-packages/airflow/example_dags/example_xcom.py took 0.222 seconds
[2025-11-21T11:04:58.547+0300] {processor.py:153} INFO - Started process (PID=31328) to work on /home/pker/airflow_env/lib/python3.7/site-packages/airflow/example_dags/example_xcom.py
[2025-11-21T11:04:58.569+0300] {processor.py:743} INFO - Processing file /home/pker/airflow_env/lib/python3.7/site-packages/airflow/example_dags/example_xcom.py for tasks to queue
[2025-11-21T11:04:58.571+0300] {logging_mixin.py:137} INFO - [2025-11-21T11:04:58.571+0300] {dagbag.py:532} INFO - Filling up the DagBag from /home/pker/airflow_env/lib/python3.7/site-packages/airflow/example_dags/example_xcom.py
[2025-11-21T11:04:58.622+0300] {processor.py:753} INFO - DAG(s) dict_keys(['example_xcom']) retrieved from /home/pker/airflow_env/lib/python3.7/site-packages/airflow/example_dags/example_xcom.py
[2025-11-21T11:04:58.651+0300] {logging_mixin.py:137} INFO - [2025-11-21T11:04:58.651+0300] {dag.py:2705} INFO - Sync 1 DAGs
[2025-11-21T11:04:58.679+0300] {logging_mixin.py:137} INFO - [2025-11-21T11:04:58.679+0300] {dag.py:3456} INFO - Setting next_dagrun for example_xcom to 2021-01-01T00:00:00+00:00, run_after=2021-01-01T00:00:00+00:00
[2025-11-21T11:04:58.746+0300] {processor.py:175} INFO - Processing /home/pker/airflow_env/lib/python3.7/site-packages/airflow/example_dags/example_xcom.py took 0.206 seconds
[2025-11-21T11:05:47.145+0300] {processor.py:153} INFO - Started process (PID=31381) to work on /home/pker/airflow_env/lib/python3.7/site-packages/airflow/example_dags/example_xcom.py
[2025-11-21T11:05:47.148+0300] {processor.py:743} INFO - Processing file /home/pker/airflow_env/lib/python3.7/site-packages/airflow/example_dags/example_xcom.py for tasks to queue
[2025-11-21T11:05:47.150+0300] {logging_mixin.py:137} INFO - [2025-11-21T11:05:47.150+0300] {dagbag.py:532} INFO - Filling up the DagBag from /home/pker/airflow_env/lib/python3.7/site-packages/airflow/example_dags/example_xcom.py
[2025-11-21T11:05:47.188+0300] {processor.py:753} INFO - DAG(s) dict_keys(['example_xcom']) retrieved from /home/pker/airflow_env/lib/python3.7/site-packages/airflow/example_dags/example_xcom.py
[2025-11-21T11:05:47.214+0300] {logging_mixin.py:137} INFO - [2025-11-21T11:05:47.213+0300] {dag.py:2705} INFO - Sync 1 DAGs
[2025-11-21T11:05:47.241+0300] {logging_mixin.py:137} INFO - [2025-11-21T11:05:47.241+0300] {dag.py:3456} INFO - Setting next_dagrun for example_xcom to 2021-01-01T00:00:00+00:00, run_after=2021-01-01T00:00:00+00:00
[2025-11-21T11:05:47.270+0300] {processor.py:175} INFO - Processing /home/pker/airflow_env/lib/python3.7/site-packages/airflow/example_dags/example_xcom.py took 0.131 seconds
[2025-11-21T11:06:36.521+0300] {processor.py:153} INFO - Started process (PID=31427) to work on /home/pker/airflow_env/lib/python3.7/site-packages/airflow/example_dags/example_xcom.py
[2025-11-21T11:06:36.545+0300] {processor.py:743} INFO - Processing file /home/pker/airflow_env/lib/python3.7/site-packages/airflow/example_dags/example_xcom.py for tasks to queue
[2025-11-21T11:06:36.547+0300] {logging_mixin.py:137} INFO - [2025-11-21T11:06:36.547+0300] {dagbag.py:532} INFO - Filling up the DagBag from /home/pker/airflow_env/lib/python3.7/site-packages/airflow/example_dags/example_xcom.py
[2025-11-21T11:06:36.595+0300] {processor.py:753} INFO - DAG(s) dict_keys(['example_xcom']) retrieved from /home/pker/airflow_env/lib/python3.7/site-packages/airflow/example_dags/example_xcom.py
[2025-11-21T11:06:36.631+0300] {logging_mixin.py:137} INFO - [2025-11-21T11:06:36.631+0300] {dag.py:2705} INFO - Sync 1 DAGs
[2025-11-21T11:06:36.687+0300] {logging_mixin.py:137} INFO - [2025-11-21T11:06:36.686+0300] {dag.py:3456} INFO - Setting next_dagrun for example_xcom to 2021-01-01T00:00:00+00:00, run_after=2021-01-01T00:00:00+00:00
[2025-11-21T11:06:36.755+0300] {processor.py:175} INFO - Processing /home/pker/airflow_env/lib/python3.7/site-packages/airflow/example_dags/example_xcom.py took 0.239 seconds
[2025-11-21T11:07:23.004+0300] {processor.py:153} INFO - Started process (PID=31475) to work on /home/pker/airflow_env/lib/python3.7/site-packages/airflow/example_dags/example_xcom.py
[2025-11-21T11:07:23.025+0300] {processor.py:743} INFO - Processing file /home/pker/airflow_env/lib/python3.7/site-packages/airflow/example_dags/example_xcom.py for tasks to queue
[2025-11-21T11:07:23.027+0300] {logging_mixin.py:137} INFO - [2025-11-21T11:07:23.027+0300] {dagbag.py:532} INFO - Filling up the DagBag from /home/pker/airflow_env/lib/python3.7/site-packages/airflow/example_dags/example_xcom.py
[2025-11-21T11:07:23.071+0300] {processor.py:753} INFO - DAG(s) dict_keys(['example_xcom']) retrieved from /home/pker/airflow_env/lib/python3.7/site-packages/airflow/example_dags/example_xcom.py
[2025-11-21T11:07:23.110+0300] {logging_mixin.py:137} INFO - [2025-11-21T11:07:23.110+0300] {dag.py:2705} INFO - Sync 1 DAGs
[2025-11-21T11:07:23.141+0300] {logging_mixin.py:137} INFO - [2025-11-21T11:07:23.141+0300] {dag.py:3456} INFO - Setting next_dagrun for example_xcom to 2021-01-01T00:00:00+00:00, run_after=2021-01-01T00:00:00+00:00
[2025-11-21T11:07:23.207+0300] {processor.py:175} INFO - Processing /home/pker/airflow_env/lib/python3.7/site-packages/airflow/example_dags/example_xcom.py took 0.209 seconds
[2025-11-21T11:08:12.017+0300] {processor.py:153} INFO - Started process (PID=31544) to work on /home/pker/airflow_env/lib/python3.7/site-packages/airflow/example_dags/example_xcom.py
[2025-11-21T11:08:12.040+0300] {processor.py:743} INFO - Processing file /home/pker/airflow_env/lib/python3.7/site-packages/airflow/example_dags/example_xcom.py for tasks to queue
[2025-11-21T11:08:12.042+0300] {logging_mixin.py:137} INFO - [2025-11-21T11:08:12.041+0300] {dagbag.py:532} INFO - Filling up the DagBag from /home/pker/airflow_env/lib/python3.7/site-packages/airflow/example_dags/example_xcom.py
[2025-11-21T11:08:12.108+0300] {processor.py:753} INFO - DAG(s) dict_keys(['example_xcom']) retrieved from /home/pker/airflow_env/lib/python3.7/site-packages/airflow/example_dags/example_xcom.py
[2025-11-21T11:08:12.149+0300] {logging_mixin.py:137} INFO - [2025-11-21T11:08:12.148+0300] {dag.py:2705} INFO - Sync 1 DAGs
[2025-11-21T11:08:12.185+0300] {logging_mixin.py:137} INFO - [2025-11-21T11:08:12.184+0300] {dag.py:3456} INFO - Setting next_dagrun for example_xcom to 2021-01-01T00:00:00+00:00, run_after=2021-01-01T00:00:00+00:00
[2025-11-21T11:08:12.244+0300] {processor.py:175} INFO - Processing /home/pker/airflow_env/lib/python3.7/site-packages/airflow/example_dags/example_xcom.py took 0.234 seconds
[2025-11-21T11:09:00.240+0300] {processor.py:153} INFO - Started process (PID=31591) to work on /home/pker/airflow_env/lib/python3.7/site-packages/airflow/example_dags/example_xcom.py
[2025-11-21T11:09:00.264+0300] {processor.py:743} INFO - Processing file /home/pker/airflow_env/lib/python3.7/site-packages/airflow/example_dags/example_xcom.py for tasks to queue
[2025-11-21T11:09:00.267+0300] {logging_mixin.py:137} INFO - [2025-11-21T11:09:00.266+0300] {dagbag.py:532} INFO - Filling up the DagBag from /home/pker/airflow_env/lib/python3.7/site-packages/airflow/example_dags/example_xcom.py
[2025-11-21T11:09:00.312+0300] {processor.py:753} INFO - DAG(s) dict_keys(['example_xcom']) retrieved from /home/pker/airflow_env/lib/python3.7/site-packages/airflow/example_dags/example_xcom.py
[2025-11-21T11:09:00.343+0300] {logging_mixin.py:137} INFO - [2025-11-21T11:09:00.343+0300] {dag.py:2705} INFO - Sync 1 DAGs
[2025-11-21T11:09:00.372+0300] {logging_mixin.py:137} INFO - [2025-11-21T11:09:00.372+0300] {dag.py:3456} INFO - Setting next_dagrun for example_xcom to 2021-01-01T00:00:00+00:00, run_after=2021-01-01T00:00:00+00:00
[2025-11-21T11:09:00.438+0300] {processor.py:175} INFO - Processing /home/pker/airflow_env/lib/python3.7/site-packages/airflow/example_dags/example_xcom.py took 0.203 seconds
