[2025-11-21T10:44:37.192+0300] {processor.py:153} INFO - Started process (PID=30116) to work on /home/pker/airflow_env/lib/python3.7/site-packages/airflow/example_dags/example_trigger_controller_dag.py
[2025-11-21T10:44:37.194+0300] {processor.py:743} INFO - Processing file /home/pker/airflow_env/lib/python3.7/site-packages/airflow/example_dags/example_trigger_controller_dag.py for tasks to queue
[2025-11-21T10:44:37.195+0300] {logging_mixin.py:137} INFO - [2025-11-21T10:44:37.195+0300] {dagbag.py:532} INFO - Filling up the DagBag from /home/pker/airflow_env/lib/python3.7/site-packages/airflow/example_dags/example_trigger_controller_dag.py
[2025-11-21T10:44:37.213+0300] {processor.py:753} INFO - DAG(s) dict_keys(['example_trigger_controller_dag']) retrieved from /home/pker/airflow_env/lib/python3.7/site-packages/airflow/example_dags/example_trigger_controller_dag.py
[2025-11-21T10:44:37.360+0300] {logging_mixin.py:137} INFO - [2025-11-21T10:44:37.360+0300] {manager.py:504} INFO - Created Permission View: can delete on DAG:example_trigger_controller_dag
[2025-11-21T10:44:37.377+0300] {logging_mixin.py:137} INFO - [2025-11-21T10:44:37.377+0300] {manager.py:504} INFO - Created Permission View: can read on DAG:example_trigger_controller_dag
[2025-11-21T10:44:37.390+0300] {logging_mixin.py:137} INFO - [2025-11-21T10:44:37.390+0300] {manager.py:504} INFO - Created Permission View: can edit on DAG:example_trigger_controller_dag
[2025-11-21T10:44:37.390+0300] {logging_mixin.py:137} INFO - [2025-11-21T10:44:37.390+0300] {dag.py:2705} INFO - Sync 1 DAGs
[2025-11-21T10:44:37.408+0300] {logging_mixin.py:137} INFO - [2025-11-21T10:44:37.407+0300] {dag.py:2726} INFO - Creating ORM DAG for example_trigger_controller_dag
[2025-11-21T10:44:37.424+0300] {logging_mixin.py:137} INFO - [2025-11-21T10:44:37.423+0300] {dag.py:3456} INFO - Setting next_dagrun for example_trigger_controller_dag to 2021-01-01T00:00:00+00:00, run_after=2021-01-01T00:00:00+00:00
[2025-11-21T10:44:37.459+0300] {processor.py:175} INFO - Processing /home/pker/airflow_env/lib/python3.7/site-packages/airflow/example_dags/example_trigger_controller_dag.py took 0.272 seconds
[2025-11-21T10:45:25.583+0300] {processor.py:153} INFO - Started process (PID=30182) to work on /home/pker/airflow_env/lib/python3.7/site-packages/airflow/example_dags/example_trigger_controller_dag.py
[2025-11-21T10:45:25.586+0300] {processor.py:743} INFO - Processing file /home/pker/airflow_env/lib/python3.7/site-packages/airflow/example_dags/example_trigger_controller_dag.py for tasks to queue
[2025-11-21T10:45:25.587+0300] {logging_mixin.py:137} INFO - [2025-11-21T10:45:25.587+0300] {dagbag.py:532} INFO - Filling up the DagBag from /home/pker/airflow_env/lib/python3.7/site-packages/airflow/example_dags/example_trigger_controller_dag.py
[2025-11-21T10:45:25.617+0300] {processor.py:753} INFO - DAG(s) dict_keys(['example_trigger_controller_dag']) retrieved from /home/pker/airflow_env/lib/python3.7/site-packages/airflow/example_dags/example_trigger_controller_dag.py
[2025-11-21T10:45:25.658+0300] {logging_mixin.py:137} INFO - [2025-11-21T10:45:25.658+0300] {dag.py:2705} INFO - Sync 1 DAGs
[2025-11-21T10:45:25.706+0300] {logging_mixin.py:137} INFO - [2025-11-21T10:45:25.706+0300] {dag.py:3456} INFO - Setting next_dagrun for example_trigger_controller_dag to 2021-01-01T00:00:00+00:00, run_after=2021-01-01T00:00:00+00:00
[2025-11-21T10:45:25.760+0300] {processor.py:175} INFO - Processing /home/pker/airflow_env/lib/python3.7/site-packages/airflow/example_dags/example_trigger_controller_dag.py took 0.183 seconds
[2025-11-21T10:46:15.373+0300] {processor.py:153} INFO - Started process (PID=30228) to work on /home/pker/airflow_env/lib/python3.7/site-packages/airflow/example_dags/example_trigger_controller_dag.py
[2025-11-21T10:46:15.378+0300] {processor.py:743} INFO - Processing file /home/pker/airflow_env/lib/python3.7/site-packages/airflow/example_dags/example_trigger_controller_dag.py for tasks to queue
[2025-11-21T10:46:15.379+0300] {logging_mixin.py:137} INFO - [2025-11-21T10:46:15.379+0300] {dagbag.py:532} INFO - Filling up the DagBag from /home/pker/airflow_env/lib/python3.7/site-packages/airflow/example_dags/example_trigger_controller_dag.py
[2025-11-21T10:46:15.402+0300] {processor.py:753} INFO - DAG(s) dict_keys(['example_trigger_controller_dag']) retrieved from /home/pker/airflow_env/lib/python3.7/site-packages/airflow/example_dags/example_trigger_controller_dag.py
[2025-11-21T10:46:15.432+0300] {logging_mixin.py:137} INFO - [2025-11-21T10:46:15.432+0300] {dag.py:2705} INFO - Sync 1 DAGs
[2025-11-21T10:46:15.460+0300] {logging_mixin.py:137} INFO - [2025-11-21T10:46:15.459+0300] {dag.py:3456} INFO - Setting next_dagrun for example_trigger_controller_dag to 2021-01-01T00:00:00+00:00, run_after=2021-01-01T00:00:00+00:00
[2025-11-21T10:46:15.493+0300] {processor.py:175} INFO - Processing /home/pker/airflow_env/lib/python3.7/site-packages/airflow/example_dags/example_trigger_controller_dag.py took 0.125 seconds
[2025-11-21T10:47:01.507+0300] {processor.py:153} INFO - Started process (PID=30276) to work on /home/pker/airflow_env/lib/python3.7/site-packages/airflow/example_dags/example_trigger_controller_dag.py
[2025-11-21T10:47:01.529+0300] {processor.py:743} INFO - Processing file /home/pker/airflow_env/lib/python3.7/site-packages/airflow/example_dags/example_trigger_controller_dag.py for tasks to queue
[2025-11-21T10:47:01.531+0300] {logging_mixin.py:137} INFO - [2025-11-21T10:47:01.531+0300] {dagbag.py:532} INFO - Filling up the DagBag from /home/pker/airflow_env/lib/python3.7/site-packages/airflow/example_dags/example_trigger_controller_dag.py
[2025-11-21T10:47:01.554+0300] {processor.py:753} INFO - DAG(s) dict_keys(['example_trigger_controller_dag']) retrieved from /home/pker/airflow_env/lib/python3.7/site-packages/airflow/example_dags/example_trigger_controller_dag.py
[2025-11-21T10:47:01.581+0300] {logging_mixin.py:137} INFO - [2025-11-21T10:47:01.581+0300] {dag.py:2705} INFO - Sync 1 DAGs
[2025-11-21T10:47:01.615+0300] {logging_mixin.py:137} INFO - [2025-11-21T10:47:01.615+0300] {dag.py:3456} INFO - Setting next_dagrun for example_trigger_controller_dag to 2021-01-01T00:00:00+00:00, run_after=2021-01-01T00:00:00+00:00
[2025-11-21T10:47:01.651+0300] {processor.py:175} INFO - Processing /home/pker/airflow_env/lib/python3.7/site-packages/airflow/example_dags/example_trigger_controller_dag.py took 0.151 seconds
[2025-11-21T10:47:50.227+0300] {processor.py:153} INFO - Started process (PID=30320) to work on /home/pker/airflow_env/lib/python3.7/site-packages/airflow/example_dags/example_trigger_controller_dag.py
[2025-11-21T10:47:50.229+0300] {processor.py:743} INFO - Processing file /home/pker/airflow_env/lib/python3.7/site-packages/airflow/example_dags/example_trigger_controller_dag.py for tasks to queue
[2025-11-21T10:47:50.231+0300] {logging_mixin.py:137} INFO - [2025-11-21T10:47:50.230+0300] {dagbag.py:532} INFO - Filling up the DagBag from /home/pker/airflow_env/lib/python3.7/site-packages/airflow/example_dags/example_trigger_controller_dag.py
[2025-11-21T10:47:50.251+0300] {processor.py:753} INFO - DAG(s) dict_keys(['example_trigger_controller_dag']) retrieved from /home/pker/airflow_env/lib/python3.7/site-packages/airflow/example_dags/example_trigger_controller_dag.py
[2025-11-21T10:47:50.292+0300] {logging_mixin.py:137} INFO - [2025-11-21T10:47:50.291+0300] {dag.py:2705} INFO - Sync 1 DAGs
[2025-11-21T10:47:50.320+0300] {logging_mixin.py:137} INFO - [2025-11-21T10:47:50.320+0300] {dag.py:3456} INFO - Setting next_dagrun for example_trigger_controller_dag to 2021-01-01T00:00:00+00:00, run_after=2021-01-01T00:00:00+00:00
[2025-11-21T10:47:50.351+0300] {processor.py:175} INFO - Processing /home/pker/airflow_env/lib/python3.7/site-packages/airflow/example_dags/example_trigger_controller_dag.py took 0.130 seconds
[2025-11-21T10:48:38.038+0300] {processor.py:153} INFO - Started process (PID=30362) to work on /home/pker/airflow_env/lib/python3.7/site-packages/airflow/example_dags/example_trigger_controller_dag.py
[2025-11-21T10:48:38.042+0300] {processor.py:743} INFO - Processing file /home/pker/airflow_env/lib/python3.7/site-packages/airflow/example_dags/example_trigger_controller_dag.py for tasks to queue
[2025-11-21T10:48:38.044+0300] {logging_mixin.py:137} INFO - [2025-11-21T10:48:38.044+0300] {dagbag.py:532} INFO - Filling up the DagBag from /home/pker/airflow_env/lib/python3.7/site-packages/airflow/example_dags/example_trigger_controller_dag.py
[2025-11-21T10:48:38.064+0300] {processor.py:753} INFO - DAG(s) dict_keys(['example_trigger_controller_dag']) retrieved from /home/pker/airflow_env/lib/python3.7/site-packages/airflow/example_dags/example_trigger_controller_dag.py
[2025-11-21T10:48:38.095+0300] {logging_mixin.py:137} INFO - [2025-11-21T10:48:38.095+0300] {dag.py:2705} INFO - Sync 1 DAGs
[2025-11-21T10:48:38.148+0300] {logging_mixin.py:137} INFO - [2025-11-21T10:48:38.147+0300] {dag.py:3456} INFO - Setting next_dagrun for example_trigger_controller_dag to 2021-01-01T00:00:00+00:00, run_after=2021-01-01T00:00:00+00:00
[2025-11-21T10:48:38.212+0300] {processor.py:175} INFO - Processing /home/pker/airflow_env/lib/python3.7/site-packages/airflow/example_dags/example_trigger_controller_dag.py took 0.179 seconds
[2025-11-21T10:49:24.472+0300] {processor.py:153} INFO - Started process (PID=30419) to work on /home/pker/airflow_env/lib/python3.7/site-packages/airflow/example_dags/example_trigger_controller_dag.py
[2025-11-21T10:49:24.493+0300] {processor.py:743} INFO - Processing file /home/pker/airflow_env/lib/python3.7/site-packages/airflow/example_dags/example_trigger_controller_dag.py for tasks to queue
[2025-11-21T10:49:24.495+0300] {logging_mixin.py:137} INFO - [2025-11-21T10:49:24.495+0300] {dagbag.py:532} INFO - Filling up the DagBag from /home/pker/airflow_env/lib/python3.7/site-packages/airflow/example_dags/example_trigger_controller_dag.py
[2025-11-21T10:49:24.517+0300] {processor.py:753} INFO - DAG(s) dict_keys(['example_trigger_controller_dag']) retrieved from /home/pker/airflow_env/lib/python3.7/site-packages/airflow/example_dags/example_trigger_controller_dag.py
[2025-11-21T10:49:24.553+0300] {logging_mixin.py:137} INFO - [2025-11-21T10:49:24.552+0300] {dag.py:2705} INFO - Sync 1 DAGs
[2025-11-21T10:49:24.590+0300] {logging_mixin.py:137} INFO - [2025-11-21T10:49:24.590+0300] {dag.py:3456} INFO - Setting next_dagrun for example_trigger_controller_dag to 2021-01-01T00:00:00+00:00, run_after=2021-01-01T00:00:00+00:00
[2025-11-21T10:49:24.641+0300] {processor.py:175} INFO - Processing /home/pker/airflow_env/lib/python3.7/site-packages/airflow/example_dags/example_trigger_controller_dag.py took 0.173 seconds
[2025-11-21T10:50:11.691+0300] {processor.py:153} INFO - Started process (PID=30464) to work on /home/pker/airflow_env/lib/python3.7/site-packages/airflow/example_dags/example_trigger_controller_dag.py
[2025-11-21T10:50:11.717+0300] {processor.py:743} INFO - Processing file /home/pker/airflow_env/lib/python3.7/site-packages/airflow/example_dags/example_trigger_controller_dag.py for tasks to queue
[2025-11-21T10:50:11.719+0300] {logging_mixin.py:137} INFO - [2025-11-21T10:50:11.719+0300] {dagbag.py:532} INFO - Filling up the DagBag from /home/pker/airflow_env/lib/python3.7/site-packages/airflow/example_dags/example_trigger_controller_dag.py
[2025-11-21T10:50:11.749+0300] {processor.py:753} INFO - DAG(s) dict_keys(['example_trigger_controller_dag']) retrieved from /home/pker/airflow_env/lib/python3.7/site-packages/airflow/example_dags/example_trigger_controller_dag.py
[2025-11-21T10:50:11.797+0300] {logging_mixin.py:137} INFO - [2025-11-21T10:50:11.797+0300] {dag.py:2705} INFO - Sync 1 DAGs
[2025-11-21T10:50:11.838+0300] {logging_mixin.py:137} INFO - [2025-11-21T10:50:11.838+0300] {dag.py:3456} INFO - Setting next_dagrun for example_trigger_controller_dag to 2021-01-01T00:00:00+00:00, run_after=2021-01-01T00:00:00+00:00
[2025-11-21T10:50:11.911+0300] {processor.py:175} INFO - Processing /home/pker/airflow_env/lib/python3.7/site-packages/airflow/example_dags/example_trigger_controller_dag.py took 0.230 seconds
[2025-11-21T10:50:59.271+0300] {processor.py:153} INFO - Started process (PID=30509) to work on /home/pker/airflow_env/lib/python3.7/site-packages/airflow/example_dags/example_trigger_controller_dag.py
[2025-11-21T10:50:59.273+0300] {processor.py:743} INFO - Processing file /home/pker/airflow_env/lib/python3.7/site-packages/airflow/example_dags/example_trigger_controller_dag.py for tasks to queue
[2025-11-21T10:50:59.275+0300] {logging_mixin.py:137} INFO - [2025-11-21T10:50:59.274+0300] {dagbag.py:532} INFO - Filling up the DagBag from /home/pker/airflow_env/lib/python3.7/site-packages/airflow/example_dags/example_trigger_controller_dag.py
[2025-11-21T10:50:59.297+0300] {processor.py:753} INFO - DAG(s) dict_keys(['example_trigger_controller_dag']) retrieved from /home/pker/airflow_env/lib/python3.7/site-packages/airflow/example_dags/example_trigger_controller_dag.py
[2025-11-21T10:50:59.334+0300] {logging_mixin.py:137} INFO - [2025-11-21T10:50:59.334+0300] {dag.py:2705} INFO - Sync 1 DAGs
[2025-11-21T10:50:59.371+0300] {logging_mixin.py:137} INFO - [2025-11-21T10:50:59.371+0300] {dag.py:3456} INFO - Setting next_dagrun for example_trigger_controller_dag to 2021-01-01T00:00:00+00:00, run_after=2021-01-01T00:00:00+00:00
[2025-11-21T10:50:59.452+0300] {processor.py:175} INFO - Processing /home/pker/airflow_env/lib/python3.7/site-packages/airflow/example_dags/example_trigger_controller_dag.py took 0.188 seconds
[2025-11-21T10:51:45.037+0300] {processor.py:153} INFO - Started process (PID=30551) to work on /home/pker/airflow_env/lib/python3.7/site-packages/airflow/example_dags/example_trigger_controller_dag.py
[2025-11-21T10:51:45.060+0300] {processor.py:743} INFO - Processing file /home/pker/airflow_env/lib/python3.7/site-packages/airflow/example_dags/example_trigger_controller_dag.py for tasks to queue
[2025-11-21T10:51:45.062+0300] {logging_mixin.py:137} INFO - [2025-11-21T10:51:45.062+0300] {dagbag.py:532} INFO - Filling up the DagBag from /home/pker/airflow_env/lib/python3.7/site-packages/airflow/example_dags/example_trigger_controller_dag.py
[2025-11-21T10:51:45.095+0300] {processor.py:753} INFO - DAG(s) dict_keys(['example_trigger_controller_dag']) retrieved from /home/pker/airflow_env/lib/python3.7/site-packages/airflow/example_dags/example_trigger_controller_dag.py
[2025-11-21T10:51:45.137+0300] {logging_mixin.py:137} INFO - [2025-11-21T10:51:45.137+0300] {dag.py:2705} INFO - Sync 1 DAGs
[2025-11-21T10:51:45.187+0300] {logging_mixin.py:137} INFO - [2025-11-21T10:51:45.187+0300] {dag.py:3456} INFO - Setting next_dagrun for example_trigger_controller_dag to 2021-01-01T00:00:00+00:00, run_after=2021-01-01T00:00:00+00:00
[2025-11-21T10:51:45.256+0300] {processor.py:175} INFO - Processing /home/pker/airflow_env/lib/python3.7/site-packages/airflow/example_dags/example_trigger_controller_dag.py took 0.227 seconds
[2025-11-21T10:52:31.624+0300] {processor.py:153} INFO - Started process (PID=30598) to work on /home/pker/airflow_env/lib/python3.7/site-packages/airflow/example_dags/example_trigger_controller_dag.py
[2025-11-21T10:52:31.647+0300] {processor.py:743} INFO - Processing file /home/pker/airflow_env/lib/python3.7/site-packages/airflow/example_dags/example_trigger_controller_dag.py for tasks to queue
[2025-11-21T10:52:31.649+0300] {logging_mixin.py:137} INFO - [2025-11-21T10:52:31.648+0300] {dagbag.py:532} INFO - Filling up the DagBag from /home/pker/airflow_env/lib/python3.7/site-packages/airflow/example_dags/example_trigger_controller_dag.py
[2025-11-21T10:52:31.670+0300] {processor.py:753} INFO - DAG(s) dict_keys(['example_trigger_controller_dag']) retrieved from /home/pker/airflow_env/lib/python3.7/site-packages/airflow/example_dags/example_trigger_controller_dag.py
[2025-11-21T10:52:31.699+0300] {logging_mixin.py:137} INFO - [2025-11-21T10:52:31.698+0300] {dag.py:2705} INFO - Sync 1 DAGs
[2025-11-21T10:52:31.729+0300] {logging_mixin.py:137} INFO - [2025-11-21T10:52:31.728+0300] {dag.py:3456} INFO - Setting next_dagrun for example_trigger_controller_dag to 2021-01-01T00:00:00+00:00, run_after=2021-01-01T00:00:00+00:00
[2025-11-21T10:52:31.768+0300] {processor.py:175} INFO - Processing /home/pker/airflow_env/lib/python3.7/site-packages/airflow/example_dags/example_trigger_controller_dag.py took 0.151 seconds
[2025-11-21T10:53:18.826+0300] {processor.py:153} INFO - Started process (PID=30643) to work on /home/pker/airflow_env/lib/python3.7/site-packages/airflow/example_dags/example_trigger_controller_dag.py
[2025-11-21T10:53:18.840+0300] {processor.py:743} INFO - Processing file /home/pker/airflow_env/lib/python3.7/site-packages/airflow/example_dags/example_trigger_controller_dag.py for tasks to queue
[2025-11-21T10:53:18.842+0300] {logging_mixin.py:137} INFO - [2025-11-21T10:53:18.842+0300] {dagbag.py:532} INFO - Filling up the DagBag from /home/pker/airflow_env/lib/python3.7/site-packages/airflow/example_dags/example_trigger_controller_dag.py
[2025-11-21T10:53:18.859+0300] {processor.py:753} INFO - DAG(s) dict_keys(['example_trigger_controller_dag']) retrieved from /home/pker/airflow_env/lib/python3.7/site-packages/airflow/example_dags/example_trigger_controller_dag.py
[2025-11-21T10:53:18.887+0300] {logging_mixin.py:137} INFO - [2025-11-21T10:53:18.886+0300] {dag.py:2705} INFO - Sync 1 DAGs
[2025-11-21T10:53:18.913+0300] {logging_mixin.py:137} INFO - [2025-11-21T10:53:18.913+0300] {dag.py:3456} INFO - Setting next_dagrun for example_trigger_controller_dag to 2021-01-01T00:00:00+00:00, run_after=2021-01-01T00:00:00+00:00
[2025-11-21T10:53:18.942+0300] {processor.py:175} INFO - Processing /home/pker/airflow_env/lib/python3.7/site-packages/airflow/example_dags/example_trigger_controller_dag.py took 0.122 seconds
[2025-11-21T10:54:07.871+0300] {processor.py:153} INFO - Started process (PID=30687) to work on /home/pker/airflow_env/lib/python3.7/site-packages/airflow/example_dags/example_trigger_controller_dag.py
[2025-11-21T10:54:07.872+0300] {processor.py:743} INFO - Processing file /home/pker/airflow_env/lib/python3.7/site-packages/airflow/example_dags/example_trigger_controller_dag.py for tasks to queue
[2025-11-21T10:54:07.875+0300] {logging_mixin.py:137} INFO - [2025-11-21T10:54:07.874+0300] {dagbag.py:532} INFO - Filling up the DagBag from /home/pker/airflow_env/lib/python3.7/site-packages/airflow/example_dags/example_trigger_controller_dag.py
[2025-11-21T10:54:07.897+0300] {processor.py:753} INFO - DAG(s) dict_keys(['example_trigger_controller_dag']) retrieved from /home/pker/airflow_env/lib/python3.7/site-packages/airflow/example_dags/example_trigger_controller_dag.py
[2025-11-21T10:54:07.931+0300] {logging_mixin.py:137} INFO - [2025-11-21T10:54:07.931+0300] {dag.py:2705} INFO - Sync 1 DAGs
[2025-11-21T10:54:07.967+0300] {logging_mixin.py:137} INFO - [2025-11-21T10:54:07.967+0300] {dag.py:3456} INFO - Setting next_dagrun for example_trigger_controller_dag to 2021-01-01T00:00:00+00:00, run_after=2021-01-01T00:00:00+00:00
[2025-11-21T10:54:07.997+0300] {processor.py:175} INFO - Processing /home/pker/airflow_env/lib/python3.7/site-packages/airflow/example_dags/example_trigger_controller_dag.py took 0.131 seconds
[2025-11-21T10:54:53.976+0300] {processor.py:153} INFO - Started process (PID=30734) to work on /home/pker/airflow_env/lib/python3.7/site-packages/airflow/example_dags/example_trigger_controller_dag.py
[2025-11-21T10:54:53.995+0300] {processor.py:743} INFO - Processing file /home/pker/airflow_env/lib/python3.7/site-packages/airflow/example_dags/example_trigger_controller_dag.py for tasks to queue
[2025-11-21T10:54:53.997+0300] {logging_mixin.py:137} INFO - [2025-11-21T10:54:53.997+0300] {dagbag.py:532} INFO - Filling up the DagBag from /home/pker/airflow_env/lib/python3.7/site-packages/airflow/example_dags/example_trigger_controller_dag.py
[2025-11-21T10:54:54.025+0300] {processor.py:753} INFO - DAG(s) dict_keys(['example_trigger_controller_dag']) retrieved from /home/pker/airflow_env/lib/python3.7/site-packages/airflow/example_dags/example_trigger_controller_dag.py
[2025-11-21T10:54:54.061+0300] {logging_mixin.py:137} INFO - [2025-11-21T10:54:54.061+0300] {dag.py:2705} INFO - Sync 1 DAGs
[2025-11-21T10:54:54.092+0300] {logging_mixin.py:137} INFO - [2025-11-21T10:54:54.091+0300] {dag.py:3456} INFO - Setting next_dagrun for example_trigger_controller_dag to 2021-01-01T00:00:00+00:00, run_after=2021-01-01T00:00:00+00:00
[2025-11-21T10:54:54.145+0300] {processor.py:175} INFO - Processing /home/pker/airflow_env/lib/python3.7/site-packages/airflow/example_dags/example_trigger_controller_dag.py took 0.178 seconds
[2025-11-21T10:55:42.460+0300] {processor.py:153} INFO - Started process (PID=30781) to work on /home/pker/airflow_env/lib/python3.7/site-packages/airflow/example_dags/example_trigger_controller_dag.py
[2025-11-21T10:55:42.464+0300] {processor.py:743} INFO - Processing file /home/pker/airflow_env/lib/python3.7/site-packages/airflow/example_dags/example_trigger_controller_dag.py for tasks to queue
[2025-11-21T10:55:42.466+0300] {logging_mixin.py:137} INFO - [2025-11-21T10:55:42.466+0300] {dagbag.py:532} INFO - Filling up the DagBag from /home/pker/airflow_env/lib/python3.7/site-packages/airflow/example_dags/example_trigger_controller_dag.py
[2025-11-21T10:55:42.487+0300] {processor.py:753} INFO - DAG(s) dict_keys(['example_trigger_controller_dag']) retrieved from /home/pker/airflow_env/lib/python3.7/site-packages/airflow/example_dags/example_trigger_controller_dag.py
[2025-11-21T10:55:42.527+0300] {logging_mixin.py:137} INFO - [2025-11-21T10:55:42.526+0300] {dag.py:2705} INFO - Sync 1 DAGs
[2025-11-21T10:55:42.565+0300] {logging_mixin.py:137} INFO - [2025-11-21T10:55:42.565+0300] {dag.py:3456} INFO - Setting next_dagrun for example_trigger_controller_dag to 2021-01-01T00:00:00+00:00, run_after=2021-01-01T00:00:00+00:00
[2025-11-21T10:55:42.614+0300] {processor.py:175} INFO - Processing /home/pker/airflow_env/lib/python3.7/site-packages/airflow/example_dags/example_trigger_controller_dag.py took 0.162 seconds
[2025-11-21T10:56:31.019+0300] {processor.py:153} INFO - Started process (PID=30825) to work on /home/pker/airflow_env/lib/python3.7/site-packages/airflow/example_dags/example_trigger_controller_dag.py
[2025-11-21T10:56:31.041+0300] {processor.py:743} INFO - Processing file /home/pker/airflow_env/lib/python3.7/site-packages/airflow/example_dags/example_trigger_controller_dag.py for tasks to queue
[2025-11-21T10:56:31.043+0300] {logging_mixin.py:137} INFO - [2025-11-21T10:56:31.043+0300] {dagbag.py:532} INFO - Filling up the DagBag from /home/pker/airflow_env/lib/python3.7/site-packages/airflow/example_dags/example_trigger_controller_dag.py
[2025-11-21T10:56:31.074+0300] {processor.py:753} INFO - DAG(s) dict_keys(['example_trigger_controller_dag']) retrieved from /home/pker/airflow_env/lib/python3.7/site-packages/airflow/example_dags/example_trigger_controller_dag.py
[2025-11-21T10:56:31.113+0300] {logging_mixin.py:137} INFO - [2025-11-21T10:56:31.113+0300] {dag.py:2705} INFO - Sync 1 DAGs
[2025-11-21T10:56:31.149+0300] {logging_mixin.py:137} INFO - [2025-11-21T10:56:31.149+0300] {dag.py:3456} INFO - Setting next_dagrun for example_trigger_controller_dag to 2021-01-01T00:00:00+00:00, run_after=2021-01-01T00:00:00+00:00
[2025-11-21T10:56:31.179+0300] {processor.py:175} INFO - Processing /home/pker/airflow_env/lib/python3.7/site-packages/airflow/example_dags/example_trigger_controller_dag.py took 0.166 seconds
[2025-11-21T10:57:21.318+0300] {processor.py:153} INFO - Started process (PID=30869) to work on /home/pker/airflow_env/lib/python3.7/site-packages/airflow/example_dags/example_trigger_controller_dag.py
[2025-11-21T10:57:21.322+0300] {processor.py:743} INFO - Processing file /home/pker/airflow_env/lib/python3.7/site-packages/airflow/example_dags/example_trigger_controller_dag.py for tasks to queue
[2025-11-21T10:57:21.324+0300] {logging_mixin.py:137} INFO - [2025-11-21T10:57:21.323+0300] {dagbag.py:532} INFO - Filling up the DagBag from /home/pker/airflow_env/lib/python3.7/site-packages/airflow/example_dags/example_trigger_controller_dag.py
[2025-11-21T10:57:21.346+0300] {processor.py:753} INFO - DAG(s) dict_keys(['example_trigger_controller_dag']) retrieved from /home/pker/airflow_env/lib/python3.7/site-packages/airflow/example_dags/example_trigger_controller_dag.py
[2025-11-21T10:57:21.375+0300] {logging_mixin.py:137} INFO - [2025-11-21T10:57:21.375+0300] {dag.py:2705} INFO - Sync 1 DAGs
[2025-11-21T10:57:21.407+0300] {logging_mixin.py:137} INFO - [2025-11-21T10:57:21.407+0300] {dag.py:3456} INFO - Setting next_dagrun for example_trigger_controller_dag to 2021-01-01T00:00:00+00:00, run_after=2021-01-01T00:00:00+00:00
[2025-11-21T10:57:21.476+0300] {processor.py:175} INFO - Processing /home/pker/airflow_env/lib/python3.7/site-packages/airflow/example_dags/example_trigger_controller_dag.py took 0.164 seconds
[2025-11-21T10:58:07.878+0300] {processor.py:153} INFO - Started process (PID=30913) to work on /home/pker/airflow_env/lib/python3.7/site-packages/airflow/example_dags/example_trigger_controller_dag.py
[2025-11-21T10:58:07.882+0300] {processor.py:743} INFO - Processing file /home/pker/airflow_env/lib/python3.7/site-packages/airflow/example_dags/example_trigger_controller_dag.py for tasks to queue
[2025-11-21T10:58:07.884+0300] {logging_mixin.py:137} INFO - [2025-11-21T10:58:07.884+0300] {dagbag.py:532} INFO - Filling up the DagBag from /home/pker/airflow_env/lib/python3.7/site-packages/airflow/example_dags/example_trigger_controller_dag.py
[2025-11-21T10:58:07.908+0300] {processor.py:753} INFO - DAG(s) dict_keys(['example_trigger_controller_dag']) retrieved from /home/pker/airflow_env/lib/python3.7/site-packages/airflow/example_dags/example_trigger_controller_dag.py
[2025-11-21T10:58:07.954+0300] {logging_mixin.py:137} INFO - [2025-11-21T10:58:07.954+0300] {dag.py:2705} INFO - Sync 1 DAGs
[2025-11-21T10:58:07.986+0300] {logging_mixin.py:137} INFO - [2025-11-21T10:58:07.986+0300] {dag.py:3456} INFO - Setting next_dagrun for example_trigger_controller_dag to 2021-01-01T00:00:00+00:00, run_after=2021-01-01T00:00:00+00:00
[2025-11-21T10:58:08.047+0300] {processor.py:175} INFO - Processing /home/pker/airflow_env/lib/python3.7/site-packages/airflow/example_dags/example_trigger_controller_dag.py took 0.179 seconds
[2025-11-21T10:58:59.026+0300] {processor.py:153} INFO - Started process (PID=30974) to work on /home/pker/airflow_env/lib/python3.7/site-packages/airflow/example_dags/example_trigger_controller_dag.py
[2025-11-21T10:58:59.048+0300] {processor.py:743} INFO - Processing file /home/pker/airflow_env/lib/python3.7/site-packages/airflow/example_dags/example_trigger_controller_dag.py for tasks to queue
[2025-11-21T10:58:59.050+0300] {logging_mixin.py:137} INFO - [2025-11-21T10:58:59.049+0300] {dagbag.py:532} INFO - Filling up the DagBag from /home/pker/airflow_env/lib/python3.7/site-packages/airflow/example_dags/example_trigger_controller_dag.py
[2025-11-21T10:58:59.075+0300] {processor.py:753} INFO - DAG(s) dict_keys(['example_trigger_controller_dag']) retrieved from /home/pker/airflow_env/lib/python3.7/site-packages/airflow/example_dags/example_trigger_controller_dag.py
[2025-11-21T10:58:59.123+0300] {logging_mixin.py:137} INFO - [2025-11-21T10:58:59.122+0300] {dag.py:2705} INFO - Sync 1 DAGs
[2025-11-21T10:58:59.168+0300] {logging_mixin.py:137} INFO - [2025-11-21T10:58:59.168+0300] {dag.py:3456} INFO - Setting next_dagrun for example_trigger_controller_dag to 2021-01-01T00:00:00+00:00, run_after=2021-01-01T00:00:00+00:00
[2025-11-21T10:58:59.234+0300] {processor.py:175} INFO - Processing /home/pker/airflow_env/lib/python3.7/site-packages/airflow/example_dags/example_trigger_controller_dag.py took 0.214 seconds
[2025-11-21T10:59:44.035+0300] {processor.py:153} INFO - Started process (PID=31020) to work on /home/pker/airflow_env/lib/python3.7/site-packages/airflow/example_dags/example_trigger_controller_dag.py
[2025-11-21T10:59:44.057+0300] {processor.py:743} INFO - Processing file /home/pker/airflow_env/lib/python3.7/site-packages/airflow/example_dags/example_trigger_controller_dag.py for tasks to queue
[2025-11-21T10:59:44.060+0300] {logging_mixin.py:137} INFO - [2025-11-21T10:59:44.059+0300] {dagbag.py:532} INFO - Filling up the DagBag from /home/pker/airflow_env/lib/python3.7/site-packages/airflow/example_dags/example_trigger_controller_dag.py
[2025-11-21T10:59:44.081+0300] {processor.py:753} INFO - DAG(s) dict_keys(['example_trigger_controller_dag']) retrieved from /home/pker/airflow_env/lib/python3.7/site-packages/airflow/example_dags/example_trigger_controller_dag.py
[2025-11-21T10:59:44.118+0300] {logging_mixin.py:137} INFO - [2025-11-21T10:59:44.118+0300] {dag.py:2705} INFO - Sync 1 DAGs
[2025-11-21T10:59:44.157+0300] {logging_mixin.py:137} INFO - [2025-11-21T10:59:44.157+0300] {dag.py:3456} INFO - Setting next_dagrun for example_trigger_controller_dag to 2021-01-01T00:00:00+00:00, run_after=2021-01-01T00:00:00+00:00
[2025-11-21T10:59:44.196+0300] {processor.py:175} INFO - Processing /home/pker/airflow_env/lib/python3.7/site-packages/airflow/example_dags/example_trigger_controller_dag.py took 0.168 seconds
[2025-11-21T11:00:35.717+0300] {processor.py:153} INFO - Started process (PID=31080) to work on /home/pker/airflow_env/lib/python3.7/site-packages/airflow/example_dags/example_trigger_controller_dag.py
[2025-11-21T11:00:35.742+0300] {processor.py:743} INFO - Processing file /home/pker/airflow_env/lib/python3.7/site-packages/airflow/example_dags/example_trigger_controller_dag.py for tasks to queue
[2025-11-21T11:00:35.745+0300] {logging_mixin.py:137} INFO - [2025-11-21T11:00:35.744+0300] {dagbag.py:532} INFO - Filling up the DagBag from /home/pker/airflow_env/lib/python3.7/site-packages/airflow/example_dags/example_trigger_controller_dag.py
[2025-11-21T11:00:35.782+0300] {processor.py:753} INFO - DAG(s) dict_keys(['example_trigger_controller_dag']) retrieved from /home/pker/airflow_env/lib/python3.7/site-packages/airflow/example_dags/example_trigger_controller_dag.py
[2025-11-21T11:00:35.848+0300] {logging_mixin.py:137} INFO - [2025-11-21T11:00:35.848+0300] {dag.py:2705} INFO - Sync 1 DAGs
[2025-11-21T11:00:35.895+0300] {logging_mixin.py:137} INFO - [2025-11-21T11:00:35.895+0300] {dag.py:3456} INFO - Setting next_dagrun for example_trigger_controller_dag to 2021-01-01T00:00:00+00:00, run_after=2021-01-01T00:00:00+00:00
[2025-11-21T11:00:35.962+0300] {processor.py:175} INFO - Processing /home/pker/airflow_env/lib/python3.7/site-packages/airflow/example_dags/example_trigger_controller_dag.py took 0.256 seconds
[2025-11-21T11:01:26.206+0300] {processor.py:153} INFO - Started process (PID=31124) to work on /home/pker/airflow_env/lib/python3.7/site-packages/airflow/example_dags/example_trigger_controller_dag.py
[2025-11-21T11:01:26.228+0300] {processor.py:743} INFO - Processing file /home/pker/airflow_env/lib/python3.7/site-packages/airflow/example_dags/example_trigger_controller_dag.py for tasks to queue
[2025-11-21T11:01:26.232+0300] {logging_mixin.py:137} INFO - [2025-11-21T11:01:26.231+0300] {dagbag.py:532} INFO - Filling up the DagBag from /home/pker/airflow_env/lib/python3.7/site-packages/airflow/example_dags/example_trigger_controller_dag.py
[2025-11-21T11:01:26.255+0300] {processor.py:753} INFO - DAG(s) dict_keys(['example_trigger_controller_dag']) retrieved from /home/pker/airflow_env/lib/python3.7/site-packages/airflow/example_dags/example_trigger_controller_dag.py
[2025-11-21T11:01:26.293+0300] {logging_mixin.py:137} INFO - [2025-11-21T11:01:26.293+0300] {dag.py:2705} INFO - Sync 1 DAGs
[2025-11-21T11:01:26.320+0300] {logging_mixin.py:137} INFO - [2025-11-21T11:01:26.320+0300] {dag.py:3456} INFO - Setting next_dagrun for example_trigger_controller_dag to 2021-01-01T00:00:00+00:00, run_after=2021-01-01T00:00:00+00:00
[2025-11-21T11:01:26.354+0300] {processor.py:175} INFO - Processing /home/pker/airflow_env/lib/python3.7/site-packages/airflow/example_dags/example_trigger_controller_dag.py took 0.155 seconds
[2025-11-21T11:02:13.833+0300] {processor.py:153} INFO - Started process (PID=31170) to work on /home/pker/airflow_env/lib/python3.7/site-packages/airflow/example_dags/example_trigger_controller_dag.py
[2025-11-21T11:02:13.857+0300] {processor.py:743} INFO - Processing file /home/pker/airflow_env/lib/python3.7/site-packages/airflow/example_dags/example_trigger_controller_dag.py for tasks to queue
[2025-11-21T11:02:13.859+0300] {logging_mixin.py:137} INFO - [2025-11-21T11:02:13.859+0300] {dagbag.py:532} INFO - Filling up the DagBag from /home/pker/airflow_env/lib/python3.7/site-packages/airflow/example_dags/example_trigger_controller_dag.py
[2025-11-21T11:02:13.891+0300] {processor.py:753} INFO - DAG(s) dict_keys(['example_trigger_controller_dag']) retrieved from /home/pker/airflow_env/lib/python3.7/site-packages/airflow/example_dags/example_trigger_controller_dag.py
[2025-11-21T11:02:13.943+0300] {logging_mixin.py:137} INFO - [2025-11-21T11:02:13.942+0300] {dag.py:2705} INFO - Sync 1 DAGs
[2025-11-21T11:02:13.988+0300] {logging_mixin.py:137} INFO - [2025-11-21T11:02:13.988+0300] {dag.py:3456} INFO - Setting next_dagrun for example_trigger_controller_dag to 2021-01-01T00:00:00+00:00, run_after=2021-01-01T00:00:00+00:00
[2025-11-21T11:02:14.051+0300] {processor.py:175} INFO - Processing /home/pker/airflow_env/lib/python3.7/site-packages/airflow/example_dags/example_trigger_controller_dag.py took 0.227 seconds
[2025-11-21T11:03:00.245+0300] {processor.py:153} INFO - Started process (PID=31217) to work on /home/pker/airflow_env/lib/python3.7/site-packages/airflow/example_dags/example_trigger_controller_dag.py
[2025-11-21T11:03:00.268+0300] {processor.py:743} INFO - Processing file /home/pker/airflow_env/lib/python3.7/site-packages/airflow/example_dags/example_trigger_controller_dag.py for tasks to queue
[2025-11-21T11:03:00.270+0300] {logging_mixin.py:137} INFO - [2025-11-21T11:03:00.270+0300] {dagbag.py:532} INFO - Filling up the DagBag from /home/pker/airflow_env/lib/python3.7/site-packages/airflow/example_dags/example_trigger_controller_dag.py
[2025-11-21T11:03:00.298+0300] {processor.py:753} INFO - DAG(s) dict_keys(['example_trigger_controller_dag']) retrieved from /home/pker/airflow_env/lib/python3.7/site-packages/airflow/example_dags/example_trigger_controller_dag.py
[2025-11-21T11:03:00.326+0300] {logging_mixin.py:137} INFO - [2025-11-21T11:03:00.326+0300] {dag.py:2705} INFO - Sync 1 DAGs
[2025-11-21T11:03:00.353+0300] {logging_mixin.py:137} INFO - [2025-11-21T11:03:00.352+0300] {dag.py:3456} INFO - Setting next_dagrun for example_trigger_controller_dag to 2021-01-01T00:00:00+00:00, run_after=2021-01-01T00:00:00+00:00
[2025-11-21T11:03:00.384+0300] {processor.py:175} INFO - Processing /home/pker/airflow_env/lib/python3.7/site-packages/airflow/example_dags/example_trigger_controller_dag.py took 0.142 seconds
[2025-11-21T11:03:45.926+0300] {processor.py:153} INFO - Started process (PID=31262) to work on /home/pker/airflow_env/lib/python3.7/site-packages/airflow/example_dags/example_trigger_controller_dag.py
[2025-11-21T11:03:45.950+0300] {processor.py:743} INFO - Processing file /home/pker/airflow_env/lib/python3.7/site-packages/airflow/example_dags/example_trigger_controller_dag.py for tasks to queue
[2025-11-21T11:03:45.952+0300] {logging_mixin.py:137} INFO - [2025-11-21T11:03:45.952+0300] {dagbag.py:532} INFO - Filling up the DagBag from /home/pker/airflow_env/lib/python3.7/site-packages/airflow/example_dags/example_trigger_controller_dag.py
[2025-11-21T11:03:45.980+0300] {processor.py:753} INFO - DAG(s) dict_keys(['example_trigger_controller_dag']) retrieved from /home/pker/airflow_env/lib/python3.7/site-packages/airflow/example_dags/example_trigger_controller_dag.py
[2025-11-21T11:03:46.020+0300] {logging_mixin.py:137} INFO - [2025-11-21T11:03:46.020+0300] {dag.py:2705} INFO - Sync 1 DAGs
[2025-11-21T11:03:46.065+0300] {logging_mixin.py:137} INFO - [2025-11-21T11:03:46.065+0300] {dag.py:3456} INFO - Setting next_dagrun for example_trigger_controller_dag to 2021-01-01T00:00:00+00:00, run_after=2021-01-01T00:00:00+00:00
[2025-11-21T11:03:46.107+0300] {processor.py:175} INFO - Processing /home/pker/airflow_env/lib/python3.7/site-packages/airflow/example_dags/example_trigger_controller_dag.py took 0.191 seconds
[2025-11-21T11:04:34.506+0300] {processor.py:153} INFO - Started process (PID=31304) to work on /home/pker/airflow_env/lib/python3.7/site-packages/airflow/example_dags/example_trigger_controller_dag.py
[2025-11-21T11:04:34.528+0300] {processor.py:743} INFO - Processing file /home/pker/airflow_env/lib/python3.7/site-packages/airflow/example_dags/example_trigger_controller_dag.py for tasks to queue
[2025-11-21T11:04:34.530+0300] {logging_mixin.py:137} INFO - [2025-11-21T11:04:34.530+0300] {dagbag.py:532} INFO - Filling up the DagBag from /home/pker/airflow_env/lib/python3.7/site-packages/airflow/example_dags/example_trigger_controller_dag.py
[2025-11-21T11:04:34.556+0300] {processor.py:753} INFO - DAG(s) dict_keys(['example_trigger_controller_dag']) retrieved from /home/pker/airflow_env/lib/python3.7/site-packages/airflow/example_dags/example_trigger_controller_dag.py
[2025-11-21T11:04:34.601+0300] {logging_mixin.py:137} INFO - [2025-11-21T11:04:34.600+0300] {dag.py:2705} INFO - Sync 1 DAGs
[2025-11-21T11:04:34.652+0300] {logging_mixin.py:137} INFO - [2025-11-21T11:04:34.652+0300] {dag.py:3456} INFO - Setting next_dagrun for example_trigger_controller_dag to 2021-01-01T00:00:00+00:00, run_after=2021-01-01T00:00:00+00:00
[2025-11-21T11:04:34.693+0300] {processor.py:175} INFO - Processing /home/pker/airflow_env/lib/python3.7/site-packages/airflow/example_dags/example_trigger_controller_dag.py took 0.194 seconds
[2025-11-21T11:05:24.457+0300] {processor.py:153} INFO - Started process (PID=31351) to work on /home/pker/airflow_env/lib/python3.7/site-packages/airflow/example_dags/example_trigger_controller_dag.py
[2025-11-21T11:05:24.479+0300] {processor.py:743} INFO - Processing file /home/pker/airflow_env/lib/python3.7/site-packages/airflow/example_dags/example_trigger_controller_dag.py for tasks to queue
[2025-11-21T11:05:24.482+0300] {logging_mixin.py:137} INFO - [2025-11-21T11:05:24.481+0300] {dagbag.py:532} INFO - Filling up the DagBag from /home/pker/airflow_env/lib/python3.7/site-packages/airflow/example_dags/example_trigger_controller_dag.py
[2025-11-21T11:05:24.516+0300] {processor.py:753} INFO - DAG(s) dict_keys(['example_trigger_controller_dag']) retrieved from /home/pker/airflow_env/lib/python3.7/site-packages/airflow/example_dags/example_trigger_controller_dag.py
[2025-11-21T11:05:24.549+0300] {logging_mixin.py:137} INFO - [2025-11-21T11:05:24.548+0300] {dag.py:2705} INFO - Sync 1 DAGs
[2025-11-21T11:05:24.585+0300] {logging_mixin.py:137} INFO - [2025-11-21T11:05:24.585+0300] {dag.py:3456} INFO - Setting next_dagrun for example_trigger_controller_dag to 2021-01-01T00:00:00+00:00, run_after=2021-01-01T00:00:00+00:00
[2025-11-21T11:05:24.638+0300] {processor.py:175} INFO - Processing /home/pker/airflow_env/lib/python3.7/site-packages/airflow/example_dags/example_trigger_controller_dag.py took 0.187 seconds
[2025-11-21T11:06:12.107+0300] {processor.py:153} INFO - Started process (PID=31402) to work on /home/pker/airflow_env/lib/python3.7/site-packages/airflow/example_dags/example_trigger_controller_dag.py
[2025-11-21T11:06:12.134+0300] {processor.py:743} INFO - Processing file /home/pker/airflow_env/lib/python3.7/site-packages/airflow/example_dags/example_trigger_controller_dag.py for tasks to queue
[2025-11-21T11:06:12.137+0300] {logging_mixin.py:137} INFO - [2025-11-21T11:06:12.136+0300] {dagbag.py:532} INFO - Filling up the DagBag from /home/pker/airflow_env/lib/python3.7/site-packages/airflow/example_dags/example_trigger_controller_dag.py
[2025-11-21T11:06:12.170+0300] {processor.py:753} INFO - DAG(s) dict_keys(['example_trigger_controller_dag']) retrieved from /home/pker/airflow_env/lib/python3.7/site-packages/airflow/example_dags/example_trigger_controller_dag.py
[2025-11-21T11:06:12.213+0300] {logging_mixin.py:137} INFO - [2025-11-21T11:06:12.212+0300] {dag.py:2705} INFO - Sync 1 DAGs
[2025-11-21T11:06:12.263+0300] {logging_mixin.py:137} INFO - [2025-11-21T11:06:12.262+0300] {dag.py:3456} INFO - Setting next_dagrun for example_trigger_controller_dag to 2021-01-01T00:00:00+00:00, run_after=2021-01-01T00:00:00+00:00
[2025-11-21T11:06:12.338+0300] {processor.py:175} INFO - Processing /home/pker/airflow_env/lib/python3.7/site-packages/airflow/example_dags/example_trigger_controller_dag.py took 0.238 seconds
[2025-11-21T11:06:58.982+0300] {processor.py:153} INFO - Started process (PID=31450) to work on /home/pker/airflow_env/lib/python3.7/site-packages/airflow/example_dags/example_trigger_controller_dag.py
[2025-11-21T11:06:59.004+0300] {processor.py:743} INFO - Processing file /home/pker/airflow_env/lib/python3.7/site-packages/airflow/example_dags/example_trigger_controller_dag.py for tasks to queue
[2025-11-21T11:06:59.006+0300] {logging_mixin.py:137} INFO - [2025-11-21T11:06:59.006+0300] {dagbag.py:532} INFO - Filling up the DagBag from /home/pker/airflow_env/lib/python3.7/site-packages/airflow/example_dags/example_trigger_controller_dag.py
[2025-11-21T11:06:59.032+0300] {processor.py:753} INFO - DAG(s) dict_keys(['example_trigger_controller_dag']) retrieved from /home/pker/airflow_env/lib/python3.7/site-packages/airflow/example_dags/example_trigger_controller_dag.py
[2025-11-21T11:06:59.067+0300] {logging_mixin.py:137} INFO - [2025-11-21T11:06:59.067+0300] {dag.py:2705} INFO - Sync 1 DAGs
[2025-11-21T11:06:59.095+0300] {logging_mixin.py:137} INFO - [2025-11-21T11:06:59.095+0300] {dag.py:3456} INFO - Setting next_dagrun for example_trigger_controller_dag to 2021-01-01T00:00:00+00:00, run_after=2021-01-01T00:00:00+00:00
[2025-11-21T11:06:59.130+0300] {processor.py:175} INFO - Processing /home/pker/airflow_env/lib/python3.7/site-packages/airflow/example_dags/example_trigger_controller_dag.py took 0.156 seconds
[2025-11-21T11:07:48.397+0300] {processor.py:153} INFO - Started process (PID=31520) to work on /home/pker/airflow_env/lib/python3.7/site-packages/airflow/example_dags/example_trigger_controller_dag.py
[2025-11-21T11:07:48.420+0300] {processor.py:743} INFO - Processing file /home/pker/airflow_env/lib/python3.7/site-packages/airflow/example_dags/example_trigger_controller_dag.py for tasks to queue
[2025-11-21T11:07:48.422+0300] {logging_mixin.py:137} INFO - [2025-11-21T11:07:48.422+0300] {dagbag.py:532} INFO - Filling up the DagBag from /home/pker/airflow_env/lib/python3.7/site-packages/airflow/example_dags/example_trigger_controller_dag.py
[2025-11-21T11:07:48.445+0300] {processor.py:753} INFO - DAG(s) dict_keys(['example_trigger_controller_dag']) retrieved from /home/pker/airflow_env/lib/python3.7/site-packages/airflow/example_dags/example_trigger_controller_dag.py
[2025-11-21T11:07:48.479+0300] {logging_mixin.py:137} INFO - [2025-11-21T11:07:48.479+0300] {dag.py:2705} INFO - Sync 1 DAGs
[2025-11-21T11:07:48.514+0300] {logging_mixin.py:137} INFO - [2025-11-21T11:07:48.514+0300] {dag.py:3456} INFO - Setting next_dagrun for example_trigger_controller_dag to 2021-01-01T00:00:00+00:00, run_after=2021-01-01T00:00:00+00:00
[2025-11-21T11:07:48.547+0300] {processor.py:175} INFO - Processing /home/pker/airflow_env/lib/python3.7/site-packages/airflow/example_dags/example_trigger_controller_dag.py took 0.155 seconds
[2025-11-21T11:08:35.041+0300] {processor.py:153} INFO - Started process (PID=31567) to work on /home/pker/airflow_env/lib/python3.7/site-packages/airflow/example_dags/example_trigger_controller_dag.py
[2025-11-21T11:08:35.064+0300] {processor.py:743} INFO - Processing file /home/pker/airflow_env/lib/python3.7/site-packages/airflow/example_dags/example_trigger_controller_dag.py for tasks to queue
[2025-11-21T11:08:35.066+0300] {logging_mixin.py:137} INFO - [2025-11-21T11:08:35.066+0300] {dagbag.py:532} INFO - Filling up the DagBag from /home/pker/airflow_env/lib/python3.7/site-packages/airflow/example_dags/example_trigger_controller_dag.py
[2025-11-21T11:08:35.089+0300] {processor.py:753} INFO - DAG(s) dict_keys(['example_trigger_controller_dag']) retrieved from /home/pker/airflow_env/lib/python3.7/site-packages/airflow/example_dags/example_trigger_controller_dag.py
[2025-11-21T11:08:35.120+0300] {logging_mixin.py:137} INFO - [2025-11-21T11:08:35.119+0300] {dag.py:2705} INFO - Sync 1 DAGs
[2025-11-21T11:08:35.155+0300] {logging_mixin.py:137} INFO - [2025-11-21T11:08:35.155+0300] {dag.py:3456} INFO - Setting next_dagrun for example_trigger_controller_dag to 2021-01-01T00:00:00+00:00, run_after=2021-01-01T00:00:00+00:00
[2025-11-21T11:08:35.222+0300] {processor.py:175} INFO - Processing /home/pker/airflow_env/lib/python3.7/site-packages/airflow/example_dags/example_trigger_controller_dag.py took 0.189 seconds
