[2025-11-21T10:43:55.920+0300] {processor.py:153} INFO - Started process (PID=30084) to work on /home/pker/airflow_env/lib/python3.7/site-packages/airflow/example_dags/example_trigger_target_dag.py
[2025-11-21T10:43:55.922+0300] {processor.py:743} INFO - Processing file /home/pker/airflow_env/lib/python3.7/site-packages/airflow/example_dags/example_trigger_target_dag.py for tasks to queue
[2025-11-21T10:43:55.923+0300] {logging_mixin.py:137} INFO - [2025-11-21T10:43:55.923+0300] {dagbag.py:532} INFO - Filling up the DagBag from /home/pker/airflow_env/lib/python3.7/site-packages/airflow/example_dags/example_trigger_target_dag.py
[2025-11-21T10:43:56.000+0300] {processor.py:753} INFO - DAG(s) dict_keys(['example_trigger_target_dag']) retrieved from /home/pker/airflow_env/lib/python3.7/site-packages/airflow/example_dags/example_trigger_target_dag.py
[2025-11-21T10:43:56.181+0300] {logging_mixin.py:137} INFO - [2025-11-21T10:43:56.180+0300] {manager.py:504} INFO - Created Permission View: can delete on DAG:example_trigger_target_dag
[2025-11-21T10:43:56.199+0300] {logging_mixin.py:137} INFO - [2025-11-21T10:43:56.199+0300] {manager.py:504} INFO - Created Permission View: can read on DAG:example_trigger_target_dag
[2025-11-21T10:43:56.215+0300] {logging_mixin.py:137} INFO - [2025-11-21T10:43:56.215+0300] {manager.py:504} INFO - Created Permission View: can edit on DAG:example_trigger_target_dag
[2025-11-21T10:43:56.215+0300] {logging_mixin.py:137} INFO - [2025-11-21T10:43:56.215+0300] {dag.py:2705} INFO - Sync 1 DAGs
[2025-11-21T10:43:56.233+0300] {logging_mixin.py:137} INFO - [2025-11-21T10:43:56.233+0300] {dag.py:2726} INFO - Creating ORM DAG for example_trigger_target_dag
[2025-11-21T10:43:56.245+0300] {logging_mixin.py:137} INFO - [2025-11-21T10:43:56.245+0300] {dag.py:3456} INFO - Setting next_dagrun for example_trigger_target_dag to None, run_after=None
[2025-11-21T10:43:56.277+0300] {processor.py:175} INFO - Processing /home/pker/airflow_env/lib/python3.7/site-packages/airflow/example_dags/example_trigger_target_dag.py took 0.363 seconds
[2025-11-21T10:44:47.697+0300] {processor.py:153} INFO - Started process (PID=30128) to work on /home/pker/airflow_env/lib/python3.7/site-packages/airflow/example_dags/example_trigger_target_dag.py
[2025-11-21T10:44:47.699+0300] {processor.py:743} INFO - Processing file /home/pker/airflow_env/lib/python3.7/site-packages/airflow/example_dags/example_trigger_target_dag.py for tasks to queue
[2025-11-21T10:44:47.701+0300] {logging_mixin.py:137} INFO - [2025-11-21T10:44:47.700+0300] {dagbag.py:532} INFO - Filling up the DagBag from /home/pker/airflow_env/lib/python3.7/site-packages/airflow/example_dags/example_trigger_target_dag.py
[2025-11-21T10:44:47.737+0300] {processor.py:753} INFO - DAG(s) dict_keys(['example_trigger_target_dag']) retrieved from /home/pker/airflow_env/lib/python3.7/site-packages/airflow/example_dags/example_trigger_target_dag.py
[2025-11-21T10:44:47.767+0300] {logging_mixin.py:137} INFO - [2025-11-21T10:44:47.766+0300] {dag.py:2705} INFO - Sync 1 DAGs
[2025-11-21T10:44:47.796+0300] {logging_mixin.py:137} INFO - [2025-11-21T10:44:47.796+0300] {dag.py:3456} INFO - Setting next_dagrun for example_trigger_target_dag to None, run_after=None
[2025-11-21T10:44:47.831+0300] {processor.py:175} INFO - Processing /home/pker/airflow_env/lib/python3.7/site-packages/airflow/example_dags/example_trigger_target_dag.py took 0.140 seconds
[2025-11-21T10:45:38.200+0300] {processor.py:153} INFO - Started process (PID=30194) to work on /home/pker/airflow_env/lib/python3.7/site-packages/airflow/example_dags/example_trigger_target_dag.py
[2025-11-21T10:45:38.222+0300] {processor.py:743} INFO - Processing file /home/pker/airflow_env/lib/python3.7/site-packages/airflow/example_dags/example_trigger_target_dag.py for tasks to queue
[2025-11-21T10:45:38.225+0300] {logging_mixin.py:137} INFO - [2025-11-21T10:45:38.224+0300] {dagbag.py:532} INFO - Filling up the DagBag from /home/pker/airflow_env/lib/python3.7/site-packages/airflow/example_dags/example_trigger_target_dag.py
[2025-11-21T10:45:38.269+0300] {processor.py:753} INFO - DAG(s) dict_keys(['example_trigger_target_dag']) retrieved from /home/pker/airflow_env/lib/python3.7/site-packages/airflow/example_dags/example_trigger_target_dag.py
[2025-11-21T10:45:38.299+0300] {logging_mixin.py:137} INFO - [2025-11-21T10:45:38.299+0300] {dag.py:2705} INFO - Sync 1 DAGs
[2025-11-21T10:45:38.344+0300] {logging_mixin.py:137} INFO - [2025-11-21T10:45:38.343+0300] {dag.py:3456} INFO - Setting next_dagrun for example_trigger_target_dag to None, run_after=None
[2025-11-21T10:45:38.412+0300] {processor.py:175} INFO - Processing /home/pker/airflow_env/lib/python3.7/site-packages/airflow/example_dags/example_trigger_target_dag.py took 0.218 seconds
[2025-11-21T10:46:25.354+0300] {processor.py:153} INFO - Started process (PID=30241) to work on /home/pker/airflow_env/lib/python3.7/site-packages/airflow/example_dags/example_trigger_target_dag.py
[2025-11-21T10:46:25.374+0300] {processor.py:743} INFO - Processing file /home/pker/airflow_env/lib/python3.7/site-packages/airflow/example_dags/example_trigger_target_dag.py for tasks to queue
[2025-11-21T10:46:25.375+0300] {logging_mixin.py:137} INFO - [2025-11-21T10:46:25.374+0300] {dagbag.py:532} INFO - Filling up the DagBag from /home/pker/airflow_env/lib/python3.7/site-packages/airflow/example_dags/example_trigger_target_dag.py
[2025-11-21T10:46:25.407+0300] {processor.py:753} INFO - DAG(s) dict_keys(['example_trigger_target_dag']) retrieved from /home/pker/airflow_env/lib/python3.7/site-packages/airflow/example_dags/example_trigger_target_dag.py
[2025-11-21T10:46:25.433+0300] {logging_mixin.py:137} INFO - [2025-11-21T10:46:25.433+0300] {dag.py:2705} INFO - Sync 1 DAGs
[2025-11-21T10:46:25.466+0300] {logging_mixin.py:137} INFO - [2025-11-21T10:46:25.466+0300] {dag.py:3456} INFO - Setting next_dagrun for example_trigger_target_dag to None, run_after=None
[2025-11-21T10:46:25.499+0300] {processor.py:175} INFO - Processing /home/pker/airflow_env/lib/python3.7/site-packages/airflow/example_dags/example_trigger_target_dag.py took 0.159 seconds
[2025-11-21T10:47:13.635+0300] {processor.py:153} INFO - Started process (PID=30286) to work on /home/pker/airflow_env/lib/python3.7/site-packages/airflow/example_dags/example_trigger_target_dag.py
[2025-11-21T10:47:13.657+0300] {processor.py:743} INFO - Processing file /home/pker/airflow_env/lib/python3.7/site-packages/airflow/example_dags/example_trigger_target_dag.py for tasks to queue
[2025-11-21T10:47:13.660+0300] {logging_mixin.py:137} INFO - [2025-11-21T10:47:13.660+0300] {dagbag.py:532} INFO - Filling up the DagBag from /home/pker/airflow_env/lib/python3.7/site-packages/airflow/example_dags/example_trigger_target_dag.py
[2025-11-21T10:47:13.702+0300] {processor.py:753} INFO - DAG(s) dict_keys(['example_trigger_target_dag']) retrieved from /home/pker/airflow_env/lib/python3.7/site-packages/airflow/example_dags/example_trigger_target_dag.py
[2025-11-21T10:47:13.729+0300] {logging_mixin.py:137} INFO - [2025-11-21T10:47:13.729+0300] {dag.py:2705} INFO - Sync 1 DAGs
[2025-11-21T10:47:13.768+0300] {logging_mixin.py:137} INFO - [2025-11-21T10:47:13.768+0300] {dag.py:3456} INFO - Setting next_dagrun for example_trigger_target_dag to None, run_after=None
[2025-11-21T10:47:13.831+0300] {processor.py:175} INFO - Processing /home/pker/airflow_env/lib/python3.7/site-packages/airflow/example_dags/example_trigger_target_dag.py took 0.202 seconds
[2025-11-21T10:48:00.035+0300] {processor.py:153} INFO - Started process (PID=30330) to work on /home/pker/airflow_env/lib/python3.7/site-packages/airflow/example_dags/example_trigger_target_dag.py
[2025-11-21T10:48:00.058+0300] {processor.py:743} INFO - Processing file /home/pker/airflow_env/lib/python3.7/site-packages/airflow/example_dags/example_trigger_target_dag.py for tasks to queue
[2025-11-21T10:48:00.060+0300] {logging_mixin.py:137} INFO - [2025-11-21T10:48:00.060+0300] {dagbag.py:532} INFO - Filling up the DagBag from /home/pker/airflow_env/lib/python3.7/site-packages/airflow/example_dags/example_trigger_target_dag.py
[2025-11-21T10:48:00.101+0300] {processor.py:753} INFO - DAG(s) dict_keys(['example_trigger_target_dag']) retrieved from /home/pker/airflow_env/lib/python3.7/site-packages/airflow/example_dags/example_trigger_target_dag.py
[2025-11-21T10:48:00.137+0300] {logging_mixin.py:137} INFO - [2025-11-21T10:48:00.136+0300] {dag.py:2705} INFO - Sync 1 DAGs
[2025-11-21T10:48:00.175+0300] {logging_mixin.py:137} INFO - [2025-11-21T10:48:00.174+0300] {dag.py:3456} INFO - Setting next_dagrun for example_trigger_target_dag to None, run_after=None
[2025-11-21T10:48:00.236+0300] {processor.py:175} INFO - Processing /home/pker/airflow_env/lib/python3.7/site-packages/airflow/example_dags/example_trigger_target_dag.py took 0.207 seconds
[2025-11-21T10:48:48.567+0300] {processor.py:153} INFO - Started process (PID=30376) to work on /home/pker/airflow_env/lib/python3.7/site-packages/airflow/example_dags/example_trigger_target_dag.py
[2025-11-21T10:48:48.588+0300] {processor.py:743} INFO - Processing file /home/pker/airflow_env/lib/python3.7/site-packages/airflow/example_dags/example_trigger_target_dag.py for tasks to queue
[2025-11-21T10:48:48.589+0300] {logging_mixin.py:137} INFO - [2025-11-21T10:48:48.589+0300] {dagbag.py:532} INFO - Filling up the DagBag from /home/pker/airflow_env/lib/python3.7/site-packages/airflow/example_dags/example_trigger_target_dag.py
[2025-11-21T10:48:48.637+0300] {processor.py:753} INFO - DAG(s) dict_keys(['example_trigger_target_dag']) retrieved from /home/pker/airflow_env/lib/python3.7/site-packages/airflow/example_dags/example_trigger_target_dag.py
[2025-11-21T10:48:48.666+0300] {logging_mixin.py:137} INFO - [2025-11-21T10:48:48.666+0300] {dag.py:2705} INFO - Sync 1 DAGs
[2025-11-21T10:48:48.695+0300] {logging_mixin.py:137} INFO - [2025-11-21T10:48:48.695+0300] {dag.py:3456} INFO - Setting next_dagrun for example_trigger_target_dag to None, run_after=None
[2025-11-21T10:48:48.743+0300] {processor.py:175} INFO - Processing /home/pker/airflow_env/lib/python3.7/site-packages/airflow/example_dags/example_trigger_target_dag.py took 0.182 seconds
[2025-11-21T10:49:34.861+0300] {processor.py:153} INFO - Started process (PID=30429) to work on /home/pker/airflow_env/lib/python3.7/site-packages/airflow/example_dags/example_trigger_target_dag.py
[2025-11-21T10:49:34.882+0300] {processor.py:743} INFO - Processing file /home/pker/airflow_env/lib/python3.7/site-packages/airflow/example_dags/example_trigger_target_dag.py for tasks to queue
[2025-11-21T10:49:34.883+0300] {logging_mixin.py:137} INFO - [2025-11-21T10:49:34.883+0300] {dagbag.py:532} INFO - Filling up the DagBag from /home/pker/airflow_env/lib/python3.7/site-packages/airflow/example_dags/example_trigger_target_dag.py
[2025-11-21T10:49:34.931+0300] {processor.py:753} INFO - DAG(s) dict_keys(['example_trigger_target_dag']) retrieved from /home/pker/airflow_env/lib/python3.7/site-packages/airflow/example_dags/example_trigger_target_dag.py
[2025-11-21T10:49:34.984+0300] {logging_mixin.py:137} INFO - [2025-11-21T10:49:34.983+0300] {dag.py:2705} INFO - Sync 1 DAGs
[2025-11-21T10:49:35.023+0300] {logging_mixin.py:137} INFO - [2025-11-21T10:49:35.023+0300] {dag.py:3456} INFO - Setting next_dagrun for example_trigger_target_dag to None, run_after=None
[2025-11-21T10:49:35.091+0300] {processor.py:175} INFO - Processing /home/pker/airflow_env/lib/python3.7/site-packages/airflow/example_dags/example_trigger_target_dag.py took 0.235 seconds
[2025-11-21T10:50:23.468+0300] {processor.py:153} INFO - Started process (PID=30474) to work on /home/pker/airflow_env/lib/python3.7/site-packages/airflow/example_dags/example_trigger_target_dag.py
[2025-11-21T10:50:23.490+0300] {processor.py:743} INFO - Processing file /home/pker/airflow_env/lib/python3.7/site-packages/airflow/example_dags/example_trigger_target_dag.py for tasks to queue
[2025-11-21T10:50:23.493+0300] {logging_mixin.py:137} INFO - [2025-11-21T10:50:23.492+0300] {dagbag.py:532} INFO - Filling up the DagBag from /home/pker/airflow_env/lib/python3.7/site-packages/airflow/example_dags/example_trigger_target_dag.py
[2025-11-21T10:50:23.543+0300] {processor.py:753} INFO - DAG(s) dict_keys(['example_trigger_target_dag']) retrieved from /home/pker/airflow_env/lib/python3.7/site-packages/airflow/example_dags/example_trigger_target_dag.py
[2025-11-21T10:50:23.569+0300] {logging_mixin.py:137} INFO - [2025-11-21T10:50:23.568+0300] {dag.py:2705} INFO - Sync 1 DAGs
[2025-11-21T10:50:23.598+0300] {logging_mixin.py:137} INFO - [2025-11-21T10:50:23.598+0300] {dag.py:3456} INFO - Setting next_dagrun for example_trigger_target_dag to None, run_after=None
[2025-11-21T10:50:23.638+0300] {processor.py:175} INFO - Processing /home/pker/airflow_env/lib/python3.7/site-packages/airflow/example_dags/example_trigger_target_dag.py took 0.176 seconds
[2025-11-21T10:51:09.775+0300] {processor.py:153} INFO - Started process (PID=30519) to work on /home/pker/airflow_env/lib/python3.7/site-packages/airflow/example_dags/example_trigger_target_dag.py
[2025-11-21T10:51:09.798+0300] {processor.py:743} INFO - Processing file /home/pker/airflow_env/lib/python3.7/site-packages/airflow/example_dags/example_trigger_target_dag.py for tasks to queue
[2025-11-21T10:51:09.801+0300] {logging_mixin.py:137} INFO - [2025-11-21T10:51:09.800+0300] {dagbag.py:532} INFO - Filling up the DagBag from /home/pker/airflow_env/lib/python3.7/site-packages/airflow/example_dags/example_trigger_target_dag.py
[2025-11-21T10:51:09.838+0300] {processor.py:753} INFO - DAG(s) dict_keys(['example_trigger_target_dag']) retrieved from /home/pker/airflow_env/lib/python3.7/site-packages/airflow/example_dags/example_trigger_target_dag.py
[2025-11-21T10:51:09.869+0300] {logging_mixin.py:137} INFO - [2025-11-21T10:51:09.868+0300] {dag.py:2705} INFO - Sync 1 DAGs
[2025-11-21T10:51:09.906+0300] {logging_mixin.py:137} INFO - [2025-11-21T10:51:09.906+0300] {dag.py:3456} INFO - Setting next_dagrun for example_trigger_target_dag to None, run_after=None
[2025-11-21T10:51:09.975+0300] {processor.py:175} INFO - Processing /home/pker/airflow_env/lib/python3.7/site-packages/airflow/example_dags/example_trigger_target_dag.py took 0.206 seconds
[2025-11-21T10:51:56.967+0300] {processor.py:153} INFO - Started process (PID=30563) to work on /home/pker/airflow_env/lib/python3.7/site-packages/airflow/example_dags/example_trigger_target_dag.py
[2025-11-21T10:51:56.988+0300] {processor.py:743} INFO - Processing file /home/pker/airflow_env/lib/python3.7/site-packages/airflow/example_dags/example_trigger_target_dag.py for tasks to queue
[2025-11-21T10:51:56.989+0300] {logging_mixin.py:137} INFO - [2025-11-21T10:51:56.989+0300] {dagbag.py:532} INFO - Filling up the DagBag from /home/pker/airflow_env/lib/python3.7/site-packages/airflow/example_dags/example_trigger_target_dag.py
[2025-11-21T10:51:57.017+0300] {processor.py:753} INFO - DAG(s) dict_keys(['example_trigger_target_dag']) retrieved from /home/pker/airflow_env/lib/python3.7/site-packages/airflow/example_dags/example_trigger_target_dag.py
[2025-11-21T10:51:57.050+0300] {logging_mixin.py:137} INFO - [2025-11-21T10:51:57.049+0300] {dag.py:2705} INFO - Sync 1 DAGs
[2025-11-21T10:51:57.083+0300] {logging_mixin.py:137} INFO - [2025-11-21T10:51:57.083+0300] {dag.py:3456} INFO - Setting next_dagrun for example_trigger_target_dag to None, run_after=None
[2025-11-21T10:51:57.144+0300] {processor.py:175} INFO - Processing /home/pker/airflow_env/lib/python3.7/site-packages/airflow/example_dags/example_trigger_target_dag.py took 0.182 seconds
[2025-11-21T10:52:40.469+0300] {processor.py:153} INFO - Started process (PID=30608) to work on /home/pker/airflow_env/lib/python3.7/site-packages/airflow/example_dags/example_trigger_target_dag.py
[2025-11-21T10:52:40.492+0300] {processor.py:743} INFO - Processing file /home/pker/airflow_env/lib/python3.7/site-packages/airflow/example_dags/example_trigger_target_dag.py for tasks to queue
[2025-11-21T10:52:40.495+0300] {logging_mixin.py:137} INFO - [2025-11-21T10:52:40.494+0300] {dagbag.py:532} INFO - Filling up the DagBag from /home/pker/airflow_env/lib/python3.7/site-packages/airflow/example_dags/example_trigger_target_dag.py
[2025-11-21T10:52:40.541+0300] {processor.py:753} INFO - DAG(s) dict_keys(['example_trigger_target_dag']) retrieved from /home/pker/airflow_env/lib/python3.7/site-packages/airflow/example_dags/example_trigger_target_dag.py
[2025-11-21T10:52:40.585+0300] {logging_mixin.py:137} INFO - [2025-11-21T10:52:40.585+0300] {dag.py:2705} INFO - Sync 1 DAGs
[2025-11-21T10:52:40.630+0300] {logging_mixin.py:137} INFO - [2025-11-21T10:52:40.630+0300] {dag.py:3456} INFO - Setting next_dagrun for example_trigger_target_dag to None, run_after=None
[2025-11-21T10:52:40.691+0300] {processor.py:175} INFO - Processing /home/pker/airflow_env/lib/python3.7/site-packages/airflow/example_dags/example_trigger_target_dag.py took 0.229 seconds
[2025-11-21T10:53:29.696+0300] {processor.py:153} INFO - Started process (PID=30653) to work on /home/pker/airflow_env/lib/python3.7/site-packages/airflow/example_dags/example_trigger_target_dag.py
[2025-11-21T10:53:29.718+0300] {processor.py:743} INFO - Processing file /home/pker/airflow_env/lib/python3.7/site-packages/airflow/example_dags/example_trigger_target_dag.py for tasks to queue
[2025-11-21T10:53:29.720+0300] {logging_mixin.py:137} INFO - [2025-11-21T10:53:29.720+0300] {dagbag.py:532} INFO - Filling up the DagBag from /home/pker/airflow_env/lib/python3.7/site-packages/airflow/example_dags/example_trigger_target_dag.py
[2025-11-21T10:53:29.764+0300] {processor.py:753} INFO - DAG(s) dict_keys(['example_trigger_target_dag']) retrieved from /home/pker/airflow_env/lib/python3.7/site-packages/airflow/example_dags/example_trigger_target_dag.py
[2025-11-21T10:53:29.793+0300] {logging_mixin.py:137} INFO - [2025-11-21T10:53:29.792+0300] {dag.py:2705} INFO - Sync 1 DAGs
[2025-11-21T10:53:29.822+0300] {logging_mixin.py:137} INFO - [2025-11-21T10:53:29.822+0300] {dag.py:3456} INFO - Setting next_dagrun for example_trigger_target_dag to None, run_after=None
[2025-11-21T10:53:29.888+0300] {processor.py:175} INFO - Processing /home/pker/airflow_env/lib/python3.7/site-packages/airflow/example_dags/example_trigger_target_dag.py took 0.198 seconds
[2025-11-21T10:54:17.502+0300] {processor.py:153} INFO - Started process (PID=30697) to work on /home/pker/airflow_env/lib/python3.7/site-packages/airflow/example_dags/example_trigger_target_dag.py
[2025-11-21T10:54:17.506+0300] {processor.py:743} INFO - Processing file /home/pker/airflow_env/lib/python3.7/site-packages/airflow/example_dags/example_trigger_target_dag.py for tasks to queue
[2025-11-21T10:54:17.507+0300] {logging_mixin.py:137} INFO - [2025-11-21T10:54:17.507+0300] {dagbag.py:532} INFO - Filling up the DagBag from /home/pker/airflow_env/lib/python3.7/site-packages/airflow/example_dags/example_trigger_target_dag.py
[2025-11-21T10:54:17.551+0300] {processor.py:753} INFO - DAG(s) dict_keys(['example_trigger_target_dag']) retrieved from /home/pker/airflow_env/lib/python3.7/site-packages/airflow/example_dags/example_trigger_target_dag.py
[2025-11-21T10:54:17.577+0300] {logging_mixin.py:137} INFO - [2025-11-21T10:54:17.577+0300] {dag.py:2705} INFO - Sync 1 DAGs
[2025-11-21T10:54:17.618+0300] {logging_mixin.py:137} INFO - [2025-11-21T10:54:17.618+0300] {dag.py:3456} INFO - Setting next_dagrun for example_trigger_target_dag to None, run_after=None
[2025-11-21T10:54:17.677+0300] {processor.py:175} INFO - Processing /home/pker/airflow_env/lib/python3.7/site-packages/airflow/example_dags/example_trigger_target_dag.py took 0.183 seconds
[2025-11-21T10:55:05.440+0300] {processor.py:153} INFO - Started process (PID=30746) to work on /home/pker/airflow_env/lib/python3.7/site-packages/airflow/example_dags/example_trigger_target_dag.py
[2025-11-21T10:55:05.463+0300] {processor.py:743} INFO - Processing file /home/pker/airflow_env/lib/python3.7/site-packages/airflow/example_dags/example_trigger_target_dag.py for tasks to queue
[2025-11-21T10:55:05.465+0300] {logging_mixin.py:137} INFO - [2025-11-21T10:55:05.465+0300] {dagbag.py:532} INFO - Filling up the DagBag from /home/pker/airflow_env/lib/python3.7/site-packages/airflow/example_dags/example_trigger_target_dag.py
[2025-11-21T10:55:05.512+0300] {processor.py:753} INFO - DAG(s) dict_keys(['example_trigger_target_dag']) retrieved from /home/pker/airflow_env/lib/python3.7/site-packages/airflow/example_dags/example_trigger_target_dag.py
[2025-11-21T10:55:05.555+0300] {logging_mixin.py:137} INFO - [2025-11-21T10:55:05.555+0300] {dag.py:2705} INFO - Sync 1 DAGs
[2025-11-21T10:55:05.586+0300] {logging_mixin.py:137} INFO - [2025-11-21T10:55:05.586+0300] {dag.py:3456} INFO - Setting next_dagrun for example_trigger_target_dag to None, run_after=None
[2025-11-21T10:55:05.650+0300] {processor.py:175} INFO - Processing /home/pker/airflow_env/lib/python3.7/site-packages/airflow/example_dags/example_trigger_target_dag.py took 0.217 seconds
[2025-11-21T10:55:53.902+0300] {processor.py:153} INFO - Started process (PID=30793) to work on /home/pker/airflow_env/lib/python3.7/site-packages/airflow/example_dags/example_trigger_target_dag.py
[2025-11-21T10:55:53.924+0300] {processor.py:743} INFO - Processing file /home/pker/airflow_env/lib/python3.7/site-packages/airflow/example_dags/example_trigger_target_dag.py for tasks to queue
[2025-11-21T10:55:53.926+0300] {logging_mixin.py:137} INFO - [2025-11-21T10:55:53.926+0300] {dagbag.py:532} INFO - Filling up the DagBag from /home/pker/airflow_env/lib/python3.7/site-packages/airflow/example_dags/example_trigger_target_dag.py
[2025-11-21T10:55:53.973+0300] {processor.py:753} INFO - DAG(s) dict_keys(['example_trigger_target_dag']) retrieved from /home/pker/airflow_env/lib/python3.7/site-packages/airflow/example_dags/example_trigger_target_dag.py
[2025-11-21T10:55:54.017+0300] {logging_mixin.py:137} INFO - [2025-11-21T10:55:54.016+0300] {dag.py:2705} INFO - Sync 1 DAGs
[2025-11-21T10:55:54.069+0300] {logging_mixin.py:137} INFO - [2025-11-21T10:55:54.068+0300] {dag.py:3456} INFO - Setting next_dagrun for example_trigger_target_dag to None, run_after=None
[2025-11-21T10:55:54.137+0300] {processor.py:175} INFO - Processing /home/pker/airflow_env/lib/python3.7/site-packages/airflow/example_dags/example_trigger_target_dag.py took 0.243 seconds
[2025-11-21T10:56:42.584+0300] {processor.py:153} INFO - Started process (PID=30835) to work on /home/pker/airflow_env/lib/python3.7/site-packages/airflow/example_dags/example_trigger_target_dag.py
[2025-11-21T10:56:42.599+0300] {processor.py:743} INFO - Processing file /home/pker/airflow_env/lib/python3.7/site-packages/airflow/example_dags/example_trigger_target_dag.py for tasks to queue
[2025-11-21T10:56:42.602+0300] {logging_mixin.py:137} INFO - [2025-11-21T10:56:42.601+0300] {dagbag.py:532} INFO - Filling up the DagBag from /home/pker/airflow_env/lib/python3.7/site-packages/airflow/example_dags/example_trigger_target_dag.py
[2025-11-21T10:56:42.639+0300] {processor.py:753} INFO - DAG(s) dict_keys(['example_trigger_target_dag']) retrieved from /home/pker/airflow_env/lib/python3.7/site-packages/airflow/example_dags/example_trigger_target_dag.py
[2025-11-21T10:56:42.670+0300] {logging_mixin.py:137} INFO - [2025-11-21T10:56:42.670+0300] {dag.py:2705} INFO - Sync 1 DAGs
[2025-11-21T10:56:42.705+0300] {logging_mixin.py:137} INFO - [2025-11-21T10:56:42.704+0300] {dag.py:3456} INFO - Setting next_dagrun for example_trigger_target_dag to None, run_after=None
[2025-11-21T10:56:42.772+0300] {processor.py:175} INFO - Processing /home/pker/airflow_env/lib/python3.7/site-packages/airflow/example_dags/example_trigger_target_dag.py took 0.195 seconds
[2025-11-21T10:57:30.578+0300] {processor.py:153} INFO - Started process (PID=30879) to work on /home/pker/airflow_env/lib/python3.7/site-packages/airflow/example_dags/example_trigger_target_dag.py
[2025-11-21T10:57:30.592+0300] {processor.py:743} INFO - Processing file /home/pker/airflow_env/lib/python3.7/site-packages/airflow/example_dags/example_trigger_target_dag.py for tasks to queue
[2025-11-21T10:57:30.594+0300] {logging_mixin.py:137} INFO - [2025-11-21T10:57:30.594+0300] {dagbag.py:532} INFO - Filling up the DagBag from /home/pker/airflow_env/lib/python3.7/site-packages/airflow/example_dags/example_trigger_target_dag.py
[2025-11-21T10:57:30.639+0300] {processor.py:753} INFO - DAG(s) dict_keys(['example_trigger_target_dag']) retrieved from /home/pker/airflow_env/lib/python3.7/site-packages/airflow/example_dags/example_trigger_target_dag.py
[2025-11-21T10:57:30.687+0300] {logging_mixin.py:137} INFO - [2025-11-21T10:57:30.686+0300] {dag.py:2705} INFO - Sync 1 DAGs
[2025-11-21T10:57:30.737+0300] {logging_mixin.py:137} INFO - [2025-11-21T10:57:30.737+0300] {dag.py:3456} INFO - Setting next_dagrun for example_trigger_target_dag to None, run_after=None
[2025-11-21T10:57:30.790+0300] {processor.py:175} INFO - Processing /home/pker/airflow_env/lib/python3.7/site-packages/airflow/example_dags/example_trigger_target_dag.py took 0.218 seconds
[2025-11-21T10:58:18.593+0300] {processor.py:153} INFO - Started process (PID=30923) to work on /home/pker/airflow_env/lib/python3.7/site-packages/airflow/example_dags/example_trigger_target_dag.py
[2025-11-21T10:58:18.616+0300] {processor.py:743} INFO - Processing file /home/pker/airflow_env/lib/python3.7/site-packages/airflow/example_dags/example_trigger_target_dag.py for tasks to queue
[2025-11-21T10:58:18.618+0300] {logging_mixin.py:137} INFO - [2025-11-21T10:58:18.618+0300] {dagbag.py:532} INFO - Filling up the DagBag from /home/pker/airflow_env/lib/python3.7/site-packages/airflow/example_dags/example_trigger_target_dag.py
[2025-11-21T10:58:18.669+0300] {processor.py:753} INFO - DAG(s) dict_keys(['example_trigger_target_dag']) retrieved from /home/pker/airflow_env/lib/python3.7/site-packages/airflow/example_dags/example_trigger_target_dag.py
[2025-11-21T10:58:18.704+0300] {logging_mixin.py:137} INFO - [2025-11-21T10:58:18.704+0300] {dag.py:2705} INFO - Sync 1 DAGs
[2025-11-21T10:58:18.735+0300] {logging_mixin.py:137} INFO - [2025-11-21T10:58:18.735+0300] {dag.py:3456} INFO - Setting next_dagrun for example_trigger_target_dag to None, run_after=None
[2025-11-21T10:58:18.768+0300] {processor.py:175} INFO - Processing /home/pker/airflow_env/lib/python3.7/site-packages/airflow/example_dags/example_trigger_target_dag.py took 0.185 seconds
[2025-11-21T10:59:08.170+0300] {processor.py:153} INFO - Started process (PID=30987) to work on /home/pker/airflow_env/lib/python3.7/site-packages/airflow/example_dags/example_trigger_target_dag.py
[2025-11-21T10:59:08.172+0300] {processor.py:743} INFO - Processing file /home/pker/airflow_env/lib/python3.7/site-packages/airflow/example_dags/example_trigger_target_dag.py for tasks to queue
[2025-11-21T10:59:08.173+0300] {logging_mixin.py:137} INFO - [2025-11-21T10:59:08.173+0300] {dagbag.py:532} INFO - Filling up the DagBag from /home/pker/airflow_env/lib/python3.7/site-packages/airflow/example_dags/example_trigger_target_dag.py
[2025-11-21T10:59:08.209+0300] {processor.py:753} INFO - DAG(s) dict_keys(['example_trigger_target_dag']) retrieved from /home/pker/airflow_env/lib/python3.7/site-packages/airflow/example_dags/example_trigger_target_dag.py
[2025-11-21T10:59:08.235+0300] {logging_mixin.py:137} INFO - [2025-11-21T10:59:08.235+0300] {dag.py:2705} INFO - Sync 1 DAGs
[2025-11-21T10:59:08.262+0300] {logging_mixin.py:137} INFO - [2025-11-21T10:59:08.262+0300] {dag.py:3456} INFO - Setting next_dagrun for example_trigger_target_dag to None, run_after=None
[2025-11-21T10:59:08.293+0300] {processor.py:175} INFO - Processing /home/pker/airflow_env/lib/python3.7/site-packages/airflow/example_dags/example_trigger_target_dag.py took 0.128 seconds
[2025-11-21T10:59:55.903+0300] {processor.py:153} INFO - Started process (PID=31032) to work on /home/pker/airflow_env/lib/python3.7/site-packages/airflow/example_dags/example_trigger_target_dag.py
[2025-11-21T10:59:55.925+0300] {processor.py:743} INFO - Processing file /home/pker/airflow_env/lib/python3.7/site-packages/airflow/example_dags/example_trigger_target_dag.py for tasks to queue
[2025-11-21T10:59:55.927+0300] {logging_mixin.py:137} INFO - [2025-11-21T10:59:55.927+0300] {dagbag.py:532} INFO - Filling up the DagBag from /home/pker/airflow_env/lib/python3.7/site-packages/airflow/example_dags/example_trigger_target_dag.py
[2025-11-21T10:59:55.966+0300] {processor.py:753} INFO - DAG(s) dict_keys(['example_trigger_target_dag']) retrieved from /home/pker/airflow_env/lib/python3.7/site-packages/airflow/example_dags/example_trigger_target_dag.py
[2025-11-21T10:59:56.002+0300] {logging_mixin.py:137} INFO - [2025-11-21T10:59:56.002+0300] {dag.py:2705} INFO - Sync 1 DAGs
[2025-11-21T10:59:56.046+0300] {logging_mixin.py:137} INFO - [2025-11-21T10:59:56.045+0300] {dag.py:3456} INFO - Setting next_dagrun for example_trigger_target_dag to None, run_after=None
[2025-11-21T10:59:56.113+0300] {processor.py:175} INFO - Processing /home/pker/airflow_env/lib/python3.7/site-packages/airflow/example_dags/example_trigger_target_dag.py took 0.219 seconds
[2025-11-21T11:00:47.852+0300] {processor.py:153} INFO - Started process (PID=31092) to work on /home/pker/airflow_env/lib/python3.7/site-packages/airflow/example_dags/example_trigger_target_dag.py
[2025-11-21T11:00:47.874+0300] {processor.py:743} INFO - Processing file /home/pker/airflow_env/lib/python3.7/site-packages/airflow/example_dags/example_trigger_target_dag.py for tasks to queue
[2025-11-21T11:00:47.876+0300] {logging_mixin.py:137} INFO - [2025-11-21T11:00:47.876+0300] {dagbag.py:532} INFO - Filling up the DagBag from /home/pker/airflow_env/lib/python3.7/site-packages/airflow/example_dags/example_trigger_target_dag.py
[2025-11-21T11:00:47.939+0300] {processor.py:753} INFO - DAG(s) dict_keys(['example_trigger_target_dag']) retrieved from /home/pker/airflow_env/lib/python3.7/site-packages/airflow/example_dags/example_trigger_target_dag.py
[2025-11-21T11:00:47.990+0300] {logging_mixin.py:137} INFO - [2025-11-21T11:00:47.990+0300] {dag.py:2705} INFO - Sync 1 DAGs
[2025-11-21T11:00:48.029+0300] {logging_mixin.py:137} INFO - [2025-11-21T11:00:48.029+0300] {dag.py:3456} INFO - Setting next_dagrun for example_trigger_target_dag to None, run_after=None
[2025-11-21T11:00:48.095+0300] {processor.py:175} INFO - Processing /home/pker/airflow_env/lib/python3.7/site-packages/airflow/example_dags/example_trigger_target_dag.py took 0.252 seconds
[2025-11-21T11:01:36.509+0300] {processor.py:153} INFO - Started process (PID=31134) to work on /home/pker/airflow_env/lib/python3.7/site-packages/airflow/example_dags/example_trigger_target_dag.py
[2025-11-21T11:01:36.532+0300] {processor.py:743} INFO - Processing file /home/pker/airflow_env/lib/python3.7/site-packages/airflow/example_dags/example_trigger_target_dag.py for tasks to queue
[2025-11-21T11:01:36.535+0300] {logging_mixin.py:137} INFO - [2025-11-21T11:01:36.535+0300] {dagbag.py:532} INFO - Filling up the DagBag from /home/pker/airflow_env/lib/python3.7/site-packages/airflow/example_dags/example_trigger_target_dag.py
[2025-11-21T11:01:36.581+0300] {processor.py:753} INFO - DAG(s) dict_keys(['example_trigger_target_dag']) retrieved from /home/pker/airflow_env/lib/python3.7/site-packages/airflow/example_dags/example_trigger_target_dag.py
[2025-11-21T11:01:36.617+0300] {logging_mixin.py:137} INFO - [2025-11-21T11:01:36.617+0300] {dag.py:2705} INFO - Sync 1 DAGs
[2025-11-21T11:01:36.651+0300] {logging_mixin.py:137} INFO - [2025-11-21T11:01:36.650+0300] {dag.py:3456} INFO - Setting next_dagrun for example_trigger_target_dag to None, run_after=None
[2025-11-21T11:01:36.716+0300] {processor.py:175} INFO - Processing /home/pker/airflow_env/lib/python3.7/site-packages/airflow/example_dags/example_trigger_target_dag.py took 0.213 seconds
[2025-11-21T11:02:24.371+0300] {processor.py:153} INFO - Started process (PID=31180) to work on /home/pker/airflow_env/lib/python3.7/site-packages/airflow/example_dags/example_trigger_target_dag.py
[2025-11-21T11:02:24.395+0300] {processor.py:743} INFO - Processing file /home/pker/airflow_env/lib/python3.7/site-packages/airflow/example_dags/example_trigger_target_dag.py for tasks to queue
[2025-11-21T11:02:24.397+0300] {logging_mixin.py:137} INFO - [2025-11-21T11:02:24.397+0300] {dagbag.py:532} INFO - Filling up the DagBag from /home/pker/airflow_env/lib/python3.7/site-packages/airflow/example_dags/example_trigger_target_dag.py
[2025-11-21T11:02:24.441+0300] {processor.py:753} INFO - DAG(s) dict_keys(['example_trigger_target_dag']) retrieved from /home/pker/airflow_env/lib/python3.7/site-packages/airflow/example_dags/example_trigger_target_dag.py
[2025-11-21T11:02:24.466+0300] {logging_mixin.py:137} INFO - [2025-11-21T11:02:24.466+0300] {dag.py:2705} INFO - Sync 1 DAGs
[2025-11-21T11:02:24.492+0300] {logging_mixin.py:137} INFO - [2025-11-21T11:02:24.492+0300] {dag.py:3456} INFO - Setting next_dagrun for example_trigger_target_dag to None, run_after=None
[2025-11-21T11:02:24.524+0300] {processor.py:175} INFO - Processing /home/pker/airflow_env/lib/python3.7/site-packages/airflow/example_dags/example_trigger_target_dag.py took 0.160 seconds
[2025-11-21T11:03:09.455+0300] {processor.py:153} INFO - Started process (PID=31227) to work on /home/pker/airflow_env/lib/python3.7/site-packages/airflow/example_dags/example_trigger_target_dag.py
[2025-11-21T11:03:09.479+0300] {processor.py:743} INFO - Processing file /home/pker/airflow_env/lib/python3.7/site-packages/airflow/example_dags/example_trigger_target_dag.py for tasks to queue
[2025-11-21T11:03:09.481+0300] {logging_mixin.py:137} INFO - [2025-11-21T11:03:09.480+0300] {dagbag.py:532} INFO - Filling up the DagBag from /home/pker/airflow_env/lib/python3.7/site-packages/airflow/example_dags/example_trigger_target_dag.py
[2025-11-21T11:03:09.523+0300] {processor.py:753} INFO - DAG(s) dict_keys(['example_trigger_target_dag']) retrieved from /home/pker/airflow_env/lib/python3.7/site-packages/airflow/example_dags/example_trigger_target_dag.py
[2025-11-21T11:03:09.550+0300] {logging_mixin.py:137} INFO - [2025-11-21T11:03:09.549+0300] {dag.py:2705} INFO - Sync 1 DAGs
[2025-11-21T11:03:09.592+0300] {logging_mixin.py:137} INFO - [2025-11-21T11:03:09.592+0300] {dag.py:3456} INFO - Setting next_dagrun for example_trigger_target_dag to None, run_after=None
[2025-11-21T11:03:09.668+0300] {processor.py:175} INFO - Processing /home/pker/airflow_env/lib/python3.7/site-packages/airflow/example_dags/example_trigger_target_dag.py took 0.220 seconds
[2025-11-21T11:03:57.334+0300] {processor.py:153} INFO - Started process (PID=31272) to work on /home/pker/airflow_env/lib/python3.7/site-packages/airflow/example_dags/example_trigger_target_dag.py
[2025-11-21T11:03:57.358+0300] {processor.py:743} INFO - Processing file /home/pker/airflow_env/lib/python3.7/site-packages/airflow/example_dags/example_trigger_target_dag.py for tasks to queue
[2025-11-21T11:03:57.359+0300] {logging_mixin.py:137} INFO - [2025-11-21T11:03:57.359+0300] {dagbag.py:532} INFO - Filling up the DagBag from /home/pker/airflow_env/lib/python3.7/site-packages/airflow/example_dags/example_trigger_target_dag.py
[2025-11-21T11:03:57.407+0300] {processor.py:753} INFO - DAG(s) dict_keys(['example_trigger_target_dag']) retrieved from /home/pker/airflow_env/lib/python3.7/site-packages/airflow/example_dags/example_trigger_target_dag.py
[2025-11-21T11:03:57.453+0300] {logging_mixin.py:137} INFO - [2025-11-21T11:03:57.453+0300] {dag.py:2705} INFO - Sync 1 DAGs
[2025-11-21T11:03:57.483+0300] {logging_mixin.py:137} INFO - [2025-11-21T11:03:57.483+0300] {dag.py:3456} INFO - Setting next_dagrun for example_trigger_target_dag to None, run_after=None
[2025-11-21T11:03:57.514+0300] {processor.py:175} INFO - Processing /home/pker/airflow_env/lib/python3.7/site-packages/airflow/example_dags/example_trigger_target_dag.py took 0.186 seconds
[2025-11-21T11:04:45.221+0300] {processor.py:153} INFO - Started process (PID=31315) to work on /home/pker/airflow_env/lib/python3.7/site-packages/airflow/example_dags/example_trigger_target_dag.py
[2025-11-21T11:04:45.249+0300] {processor.py:743} INFO - Processing file /home/pker/airflow_env/lib/python3.7/site-packages/airflow/example_dags/example_trigger_target_dag.py for tasks to queue
[2025-11-21T11:04:45.250+0300] {logging_mixin.py:137} INFO - [2025-11-21T11:04:45.250+0300] {dagbag.py:532} INFO - Filling up the DagBag from /home/pker/airflow_env/lib/python3.7/site-packages/airflow/example_dags/example_trigger_target_dag.py
[2025-11-21T11:04:45.319+0300] {processor.py:753} INFO - DAG(s) dict_keys(['example_trigger_target_dag']) retrieved from /home/pker/airflow_env/lib/python3.7/site-packages/airflow/example_dags/example_trigger_target_dag.py
[2025-11-21T11:04:45.354+0300] {logging_mixin.py:137} INFO - [2025-11-21T11:04:45.353+0300] {dag.py:2705} INFO - Sync 1 DAGs
[2025-11-21T11:04:45.386+0300] {logging_mixin.py:137} INFO - [2025-11-21T11:04:45.386+0300] {dag.py:3456} INFO - Setting next_dagrun for example_trigger_target_dag to None, run_after=None
[2025-11-21T11:04:45.449+0300] {processor.py:175} INFO - Processing /home/pker/airflow_env/lib/python3.7/site-packages/airflow/example_dags/example_trigger_target_dag.py took 0.235 seconds
[2025-11-21T11:05:36.649+0300] {processor.py:153} INFO - Started process (PID=31363) to work on /home/pker/airflow_env/lib/python3.7/site-packages/airflow/example_dags/example_trigger_target_dag.py
[2025-11-21T11:05:36.672+0300] {processor.py:743} INFO - Processing file /home/pker/airflow_env/lib/python3.7/site-packages/airflow/example_dags/example_trigger_target_dag.py for tasks to queue
[2025-11-21T11:05:36.674+0300] {logging_mixin.py:137} INFO - [2025-11-21T11:05:36.674+0300] {dagbag.py:532} INFO - Filling up the DagBag from /home/pker/airflow_env/lib/python3.7/site-packages/airflow/example_dags/example_trigger_target_dag.py
[2025-11-21T11:05:36.712+0300] {processor.py:753} INFO - DAG(s) dict_keys(['example_trigger_target_dag']) retrieved from /home/pker/airflow_env/lib/python3.7/site-packages/airflow/example_dags/example_trigger_target_dag.py
[2025-11-21T11:05:36.738+0300] {logging_mixin.py:137} INFO - [2025-11-21T11:05:36.738+0300] {dag.py:2705} INFO - Sync 1 DAGs
[2025-11-21T11:05:36.769+0300] {logging_mixin.py:137} INFO - [2025-11-21T11:05:36.769+0300] {dag.py:3456} INFO - Setting next_dagrun for example_trigger_target_dag to None, run_after=None
[2025-11-21T11:05:36.835+0300] {processor.py:175} INFO - Processing /home/pker/airflow_env/lib/python3.7/site-packages/airflow/example_dags/example_trigger_target_dag.py took 0.191 seconds
[2025-11-21T11:06:22.744+0300] {processor.py:153} INFO - Started process (PID=31412) to work on /home/pker/airflow_env/lib/python3.7/site-packages/airflow/example_dags/example_trigger_target_dag.py
[2025-11-21T11:06:22.749+0300] {processor.py:743} INFO - Processing file /home/pker/airflow_env/lib/python3.7/site-packages/airflow/example_dags/example_trigger_target_dag.py for tasks to queue
[2025-11-21T11:06:22.751+0300] {logging_mixin.py:137} INFO - [2025-11-21T11:06:22.751+0300] {dagbag.py:532} INFO - Filling up the DagBag from /home/pker/airflow_env/lib/python3.7/site-packages/airflow/example_dags/example_trigger_target_dag.py
[2025-11-21T11:06:22.803+0300] {processor.py:753} INFO - DAG(s) dict_keys(['example_trigger_target_dag']) retrieved from /home/pker/airflow_env/lib/python3.7/site-packages/airflow/example_dags/example_trigger_target_dag.py
[2025-11-21T11:06:22.834+0300] {logging_mixin.py:137} INFO - [2025-11-21T11:06:22.834+0300] {dag.py:2705} INFO - Sync 1 DAGs
[2025-11-21T11:06:22.866+0300] {logging_mixin.py:137} INFO - [2025-11-21T11:06:22.866+0300] {dag.py:3456} INFO - Setting next_dagrun for example_trigger_target_dag to None, run_after=None
[2025-11-21T11:06:22.901+0300] {processor.py:175} INFO - Processing /home/pker/airflow_env/lib/python3.7/site-packages/airflow/example_dags/example_trigger_target_dag.py took 0.165 seconds
[2025-11-21T11:07:11.203+0300] {processor.py:153} INFO - Started process (PID=31463) to work on /home/pker/airflow_env/lib/python3.7/site-packages/airflow/example_dags/example_trigger_target_dag.py
[2025-11-21T11:07:11.207+0300] {processor.py:743} INFO - Processing file /home/pker/airflow_env/lib/python3.7/site-packages/airflow/example_dags/example_trigger_target_dag.py for tasks to queue
[2025-11-21T11:07:11.209+0300] {logging_mixin.py:137} INFO - [2025-11-21T11:07:11.208+0300] {dagbag.py:532} INFO - Filling up the DagBag from /home/pker/airflow_env/lib/python3.7/site-packages/airflow/example_dags/example_trigger_target_dag.py
[2025-11-21T11:07:11.255+0300] {processor.py:753} INFO - DAG(s) dict_keys(['example_trigger_target_dag']) retrieved from /home/pker/airflow_env/lib/python3.7/site-packages/airflow/example_dags/example_trigger_target_dag.py
[2025-11-21T11:07:11.291+0300] {logging_mixin.py:137} INFO - [2025-11-21T11:07:11.290+0300] {dag.py:2705} INFO - Sync 1 DAGs
[2025-11-21T11:07:11.342+0300] {logging_mixin.py:137} INFO - [2025-11-21T11:07:11.342+0300] {dag.py:3456} INFO - Setting next_dagrun for example_trigger_target_dag to None, run_after=None
[2025-11-21T11:07:11.449+0300] {processor.py:175} INFO - Processing /home/pker/airflow_env/lib/python3.7/site-packages/airflow/example_dags/example_trigger_target_dag.py took 0.255 seconds
[2025-11-21T11:07:59.014+0300] {processor.py:153} INFO - Started process (PID=31532) to work on /home/pker/airflow_env/lib/python3.7/site-packages/airflow/example_dags/example_trigger_target_dag.py
[2025-11-21T11:07:59.036+0300] {processor.py:743} INFO - Processing file /home/pker/airflow_env/lib/python3.7/site-packages/airflow/example_dags/example_trigger_target_dag.py for tasks to queue
[2025-11-21T11:07:59.038+0300] {logging_mixin.py:137} INFO - [2025-11-21T11:07:59.038+0300] {dagbag.py:532} INFO - Filling up the DagBag from /home/pker/airflow_env/lib/python3.7/site-packages/airflow/example_dags/example_trigger_target_dag.py
[2025-11-21T11:07:59.075+0300] {processor.py:753} INFO - DAG(s) dict_keys(['example_trigger_target_dag']) retrieved from /home/pker/airflow_env/lib/python3.7/site-packages/airflow/example_dags/example_trigger_target_dag.py
[2025-11-21T11:07:59.101+0300] {logging_mixin.py:137} INFO - [2025-11-21T11:07:59.101+0300] {dag.py:2705} INFO - Sync 1 DAGs
[2025-11-21T11:07:59.135+0300] {logging_mixin.py:137} INFO - [2025-11-21T11:07:59.135+0300] {dag.py:3456} INFO - Setting next_dagrun for example_trigger_target_dag to None, run_after=None
[2025-11-21T11:07:59.206+0300] {processor.py:175} INFO - Processing /home/pker/airflow_env/lib/python3.7/site-packages/airflow/example_dags/example_trigger_target_dag.py took 0.196 seconds
[2025-11-21T11:08:46.979+0300] {processor.py:153} INFO - Started process (PID=31580) to work on /home/pker/airflow_env/lib/python3.7/site-packages/airflow/example_dags/example_trigger_target_dag.py
[2025-11-21T11:08:46.983+0300] {processor.py:743} INFO - Processing file /home/pker/airflow_env/lib/python3.7/site-packages/airflow/example_dags/example_trigger_target_dag.py for tasks to queue
[2025-11-21T11:08:46.985+0300] {logging_mixin.py:137} INFO - [2025-11-21T11:08:46.984+0300] {dagbag.py:532} INFO - Filling up the DagBag from /home/pker/airflow_env/lib/python3.7/site-packages/airflow/example_dags/example_trigger_target_dag.py
[2025-11-21T11:08:47.026+0300] {processor.py:753} INFO - DAG(s) dict_keys(['example_trigger_target_dag']) retrieved from /home/pker/airflow_env/lib/python3.7/site-packages/airflow/example_dags/example_trigger_target_dag.py
[2025-11-21T11:08:47.060+0300] {logging_mixin.py:137} INFO - [2025-11-21T11:08:47.060+0300] {dag.py:2705} INFO - Sync 1 DAGs
[2025-11-21T11:08:47.088+0300] {logging_mixin.py:137} INFO - [2025-11-21T11:08:47.088+0300] {dag.py:3456} INFO - Setting next_dagrun for example_trigger_target_dag to None, run_after=None
[2025-11-21T11:08:47.160+0300] {processor.py:175} INFO - Processing /home/pker/airflow_env/lib/python3.7/site-packages/airflow/example_dags/example_trigger_target_dag.py took 0.187 seconds
