[2025-11-21T10:43:54.264+0300] {processor.py:153} INFO - Started process (PID=30083) to work on /home/pker/airflow_env/lib/python3.7/site-packages/airflow/example_dags/example_complex.py
[2025-11-21T10:43:54.265+0300] {processor.py:743} INFO - Processing file /home/pker/airflow_env/lib/python3.7/site-packages/airflow/example_dags/example_complex.py for tasks to queue
[2025-11-21T10:43:54.267+0300] {logging_mixin.py:137} INFO - [2025-11-21T10:43:54.266+0300] {dagbag.py:532} INFO - Filling up the DagBag from /home/pker/airflow_env/lib/python3.7/site-packages/airflow/example_dags/example_complex.py
[2025-11-21T10:43:54.296+0300] {logging_mixin.py:137} INFO - [2025-11-21T10:43:54.295+0300] {taskmixin.py:211} WARNING - Dependency <Task(BashOperator): create_entry_group>, delete_entry_group already registered for DAG: example_complex
[2025-11-21T10:43:54.296+0300] {logging_mixin.py:137} INFO - [2025-11-21T10:43:54.296+0300] {taskmixin.py:211} WARNING - Dependency <Task(BashOperator): delete_entry_group>, create_entry_group already registered for DAG: example_complex
[2025-11-21T10:43:54.296+0300] {logging_mixin.py:137} INFO - [2025-11-21T10:43:54.296+0300] {taskmixin.py:211} WARNING - Dependency <Task(BashOperator): create_entry_gcs>, delete_entry already registered for DAG: example_complex
[2025-11-21T10:43:54.296+0300] {logging_mixin.py:137} INFO - [2025-11-21T10:43:54.296+0300] {taskmixin.py:211} WARNING - Dependency <Task(BashOperator): delete_entry>, create_entry_gcs already registered for DAG: example_complex
[2025-11-21T10:43:54.297+0300] {logging_mixin.py:137} INFO - [2025-11-21T10:43:54.297+0300] {taskmixin.py:211} WARNING - Dependency <Task(BashOperator): create_tag>, delete_tag already registered for DAG: example_complex
[2025-11-21T10:43:54.297+0300] {logging_mixin.py:137} INFO - [2025-11-21T10:43:54.297+0300] {taskmixin.py:211} WARNING - Dependency <Task(BashOperator): delete_tag>, create_tag already registered for DAG: example_complex
[2025-11-21T10:43:54.318+0300] {processor.py:753} INFO - DAG(s) dict_keys(['example_complex']) retrieved from /home/pker/airflow_env/lib/python3.7/site-packages/airflow/example_dags/example_complex.py
[2025-11-21T10:43:54.556+0300] {logging_mixin.py:137} INFO - [2025-11-21T10:43:54.556+0300] {manager.py:504} INFO - Created Permission View: can delete on DAG:example_complex
[2025-11-21T10:43:54.578+0300] {logging_mixin.py:137} INFO - [2025-11-21T10:43:54.577+0300] {manager.py:504} INFO - Created Permission View: can read on DAG:example_complex
[2025-11-21T10:43:54.593+0300] {logging_mixin.py:137} INFO - [2025-11-21T10:43:54.593+0300] {manager.py:504} INFO - Created Permission View: can edit on DAG:example_complex
[2025-11-21T10:43:54.594+0300] {logging_mixin.py:137} INFO - [2025-11-21T10:43:54.594+0300] {dag.py:2705} INFO - Sync 1 DAGs
[2025-11-21T10:43:54.618+0300] {logging_mixin.py:137} INFO - [2025-11-21T10:43:54.618+0300] {dag.py:2726} INFO - Creating ORM DAG for example_complex
[2025-11-21T10:43:54.633+0300] {logging_mixin.py:137} INFO - [2025-11-21T10:43:54.632+0300] {dag.py:3456} INFO - Setting next_dagrun for example_complex to None, run_after=None
[2025-11-21T10:43:54.671+0300] {processor.py:175} INFO - Processing /home/pker/airflow_env/lib/python3.7/site-packages/airflow/example_dags/example_complex.py took 0.415 seconds
[2025-11-21T10:44:46.377+0300] {processor.py:153} INFO - Started process (PID=30127) to work on /home/pker/airflow_env/lib/python3.7/site-packages/airflow/example_dags/example_complex.py
[2025-11-21T10:44:46.399+0300] {processor.py:743} INFO - Processing file /home/pker/airflow_env/lib/python3.7/site-packages/airflow/example_dags/example_complex.py for tasks to queue
[2025-11-21T10:44:46.401+0300] {logging_mixin.py:137} INFO - [2025-11-21T10:44:46.401+0300] {dagbag.py:532} INFO - Filling up the DagBag from /home/pker/airflow_env/lib/python3.7/site-packages/airflow/example_dags/example_complex.py
[2025-11-21T10:44:46.426+0300] {logging_mixin.py:137} INFO - [2025-11-21T10:44:46.426+0300] {taskmixin.py:211} WARNING - Dependency <Task(BashOperator): create_entry_group>, delete_entry_group already registered for DAG: example_complex
[2025-11-21T10:44:46.426+0300] {logging_mixin.py:137} INFO - [2025-11-21T10:44:46.426+0300] {taskmixin.py:211} WARNING - Dependency <Task(BashOperator): delete_entry_group>, create_entry_group already registered for DAG: example_complex
[2025-11-21T10:44:46.427+0300] {logging_mixin.py:137} INFO - [2025-11-21T10:44:46.427+0300] {taskmixin.py:211} WARNING - Dependency <Task(BashOperator): create_entry_gcs>, delete_entry already registered for DAG: example_complex
[2025-11-21T10:44:46.427+0300] {logging_mixin.py:137} INFO - [2025-11-21T10:44:46.427+0300] {taskmixin.py:211} WARNING - Dependency <Task(BashOperator): delete_entry>, create_entry_gcs already registered for DAG: example_complex
[2025-11-21T10:44:46.427+0300] {logging_mixin.py:137} INFO - [2025-11-21T10:44:46.427+0300] {taskmixin.py:211} WARNING - Dependency <Task(BashOperator): create_tag>, delete_tag already registered for DAG: example_complex
[2025-11-21T10:44:46.427+0300] {logging_mixin.py:137} INFO - [2025-11-21T10:44:46.427+0300] {taskmixin.py:211} WARNING - Dependency <Task(BashOperator): delete_tag>, create_tag already registered for DAG: example_complex
[2025-11-21T10:44:46.439+0300] {processor.py:753} INFO - DAG(s) dict_keys(['example_complex']) retrieved from /home/pker/airflow_env/lib/python3.7/site-packages/airflow/example_dags/example_complex.py
[2025-11-21T10:44:46.479+0300] {logging_mixin.py:137} INFO - [2025-11-21T10:44:46.478+0300] {dag.py:2705} INFO - Sync 1 DAGs
[2025-11-21T10:44:46.507+0300] {logging_mixin.py:137} INFO - [2025-11-21T10:44:46.507+0300] {dag.py:3456} INFO - Setting next_dagrun for example_complex to None, run_after=None
[2025-11-21T10:44:46.562+0300] {processor.py:175} INFO - Processing /home/pker/airflow_env/lib/python3.7/site-packages/airflow/example_dags/example_complex.py took 0.191 seconds
[2025-11-21T10:45:36.791+0300] {processor.py:153} INFO - Started process (PID=30191) to work on /home/pker/airflow_env/lib/python3.7/site-packages/airflow/example_dags/example_complex.py
[2025-11-21T10:45:36.795+0300] {processor.py:743} INFO - Processing file /home/pker/airflow_env/lib/python3.7/site-packages/airflow/example_dags/example_complex.py for tasks to queue
[2025-11-21T10:45:36.797+0300] {logging_mixin.py:137} INFO - [2025-11-21T10:45:36.797+0300] {dagbag.py:532} INFO - Filling up the DagBag from /home/pker/airflow_env/lib/python3.7/site-packages/airflow/example_dags/example_complex.py
[2025-11-21T10:45:36.824+0300] {logging_mixin.py:137} INFO - [2025-11-21T10:45:36.823+0300] {taskmixin.py:211} WARNING - Dependency <Task(BashOperator): create_entry_group>, delete_entry_group already registered for DAG: example_complex
[2025-11-21T10:45:36.824+0300] {logging_mixin.py:137} INFO - [2025-11-21T10:45:36.824+0300] {taskmixin.py:211} WARNING - Dependency <Task(BashOperator): delete_entry_group>, create_entry_group already registered for DAG: example_complex
[2025-11-21T10:45:36.825+0300] {logging_mixin.py:137} INFO - [2025-11-21T10:45:36.824+0300] {taskmixin.py:211} WARNING - Dependency <Task(BashOperator): create_entry_gcs>, delete_entry already registered for DAG: example_complex
[2025-11-21T10:45:36.825+0300] {logging_mixin.py:137} INFO - [2025-11-21T10:45:36.825+0300] {taskmixin.py:211} WARNING - Dependency <Task(BashOperator): delete_entry>, create_entry_gcs already registered for DAG: example_complex
[2025-11-21T10:45:36.826+0300] {logging_mixin.py:137} INFO - [2025-11-21T10:45:36.825+0300] {taskmixin.py:211} WARNING - Dependency <Task(BashOperator): create_tag>, delete_tag already registered for DAG: example_complex
[2025-11-21T10:45:36.826+0300] {logging_mixin.py:137} INFO - [2025-11-21T10:45:36.826+0300] {taskmixin.py:211} WARNING - Dependency <Task(BashOperator): delete_tag>, create_tag already registered for DAG: example_complex
[2025-11-21T10:45:36.839+0300] {processor.py:753} INFO - DAG(s) dict_keys(['example_complex']) retrieved from /home/pker/airflow_env/lib/python3.7/site-packages/airflow/example_dags/example_complex.py
[2025-11-21T10:45:36.882+0300] {logging_mixin.py:137} INFO - [2025-11-21T10:45:36.882+0300] {dag.py:2705} INFO - Sync 1 DAGs
[2025-11-21T10:45:36.916+0300] {logging_mixin.py:137} INFO - [2025-11-21T10:45:36.915+0300] {dag.py:3456} INFO - Setting next_dagrun for example_complex to None, run_after=None
[2025-11-21T10:45:36.993+0300] {processor.py:175} INFO - Processing /home/pker/airflow_env/lib/python3.7/site-packages/airflow/example_dags/example_complex.py took 0.210 seconds
[2025-11-21T10:46:23.932+0300] {processor.py:153} INFO - Started process (PID=30240) to work on /home/pker/airflow_env/lib/python3.7/site-packages/airflow/example_dags/example_complex.py
[2025-11-21T10:46:23.955+0300] {processor.py:743} INFO - Processing file /home/pker/airflow_env/lib/python3.7/site-packages/airflow/example_dags/example_complex.py for tasks to queue
[2025-11-21T10:46:23.956+0300] {logging_mixin.py:137} INFO - [2025-11-21T10:46:23.956+0300] {dagbag.py:532} INFO - Filling up the DagBag from /home/pker/airflow_env/lib/python3.7/site-packages/airflow/example_dags/example_complex.py
[2025-11-21T10:46:23.987+0300] {logging_mixin.py:137} INFO - [2025-11-21T10:46:23.986+0300] {taskmixin.py:211} WARNING - Dependency <Task(BashOperator): create_entry_group>, delete_entry_group already registered for DAG: example_complex
[2025-11-21T10:46:23.987+0300] {logging_mixin.py:137} INFO - [2025-11-21T10:46:23.987+0300] {taskmixin.py:211} WARNING - Dependency <Task(BashOperator): delete_entry_group>, create_entry_group already registered for DAG: example_complex
[2025-11-21T10:46:23.987+0300] {logging_mixin.py:137} INFO - [2025-11-21T10:46:23.987+0300] {taskmixin.py:211} WARNING - Dependency <Task(BashOperator): create_entry_gcs>, delete_entry already registered for DAG: example_complex
[2025-11-21T10:46:23.988+0300] {logging_mixin.py:137} INFO - [2025-11-21T10:46:23.988+0300] {taskmixin.py:211} WARNING - Dependency <Task(BashOperator): delete_entry>, create_entry_gcs already registered for DAG: example_complex
[2025-11-21T10:46:23.988+0300] {logging_mixin.py:137} INFO - [2025-11-21T10:46:23.988+0300] {taskmixin.py:211} WARNING - Dependency <Task(BashOperator): create_tag>, delete_tag already registered for DAG: example_complex
[2025-11-21T10:46:23.988+0300] {logging_mixin.py:137} INFO - [2025-11-21T10:46:23.988+0300] {taskmixin.py:211} WARNING - Dependency <Task(BashOperator): delete_tag>, create_tag already registered for DAG: example_complex
[2025-11-21T10:46:24.004+0300] {processor.py:753} INFO - DAG(s) dict_keys(['example_complex']) retrieved from /home/pker/airflow_env/lib/python3.7/site-packages/airflow/example_dags/example_complex.py
[2025-11-21T10:46:24.068+0300] {logging_mixin.py:137} INFO - [2025-11-21T10:46:24.068+0300] {dag.py:2705} INFO - Sync 1 DAGs
[2025-11-21T10:46:24.094+0300] {logging_mixin.py:137} INFO - [2025-11-21T10:46:24.094+0300] {dag.py:3456} INFO - Setting next_dagrun for example_complex to None, run_after=None
[2025-11-21T10:46:24.153+0300] {processor.py:175} INFO - Processing /home/pker/airflow_env/lib/python3.7/site-packages/airflow/example_dags/example_complex.py took 0.228 seconds
[2025-11-21T10:47:12.267+0300] {processor.py:153} INFO - Started process (PID=30285) to work on /home/pker/airflow_env/lib/python3.7/site-packages/airflow/example_dags/example_complex.py
[2025-11-21T10:47:12.291+0300] {processor.py:743} INFO - Processing file /home/pker/airflow_env/lib/python3.7/site-packages/airflow/example_dags/example_complex.py for tasks to queue
[2025-11-21T10:47:12.293+0300] {logging_mixin.py:137} INFO - [2025-11-21T10:47:12.293+0300] {dagbag.py:532} INFO - Filling up the DagBag from /home/pker/airflow_env/lib/python3.7/site-packages/airflow/example_dags/example_complex.py
[2025-11-21T10:47:12.316+0300] {logging_mixin.py:137} INFO - [2025-11-21T10:47:12.316+0300] {taskmixin.py:211} WARNING - Dependency <Task(BashOperator): create_entry_group>, delete_entry_group already registered for DAG: example_complex
[2025-11-21T10:47:12.316+0300] {logging_mixin.py:137} INFO - [2025-11-21T10:47:12.316+0300] {taskmixin.py:211} WARNING - Dependency <Task(BashOperator): delete_entry_group>, create_entry_group already registered for DAG: example_complex
[2025-11-21T10:47:12.316+0300] {logging_mixin.py:137} INFO - [2025-11-21T10:47:12.316+0300] {taskmixin.py:211} WARNING - Dependency <Task(BashOperator): create_entry_gcs>, delete_entry already registered for DAG: example_complex
[2025-11-21T10:47:12.317+0300] {logging_mixin.py:137} INFO - [2025-11-21T10:47:12.317+0300] {taskmixin.py:211} WARNING - Dependency <Task(BashOperator): delete_entry>, create_entry_gcs already registered for DAG: example_complex
[2025-11-21T10:47:12.317+0300] {logging_mixin.py:137} INFO - [2025-11-21T10:47:12.317+0300] {taskmixin.py:211} WARNING - Dependency <Task(BashOperator): create_tag>, delete_tag already registered for DAG: example_complex
[2025-11-21T10:47:12.317+0300] {logging_mixin.py:137} INFO - [2025-11-21T10:47:12.317+0300] {taskmixin.py:211} WARNING - Dependency <Task(BashOperator): delete_tag>, create_tag already registered for DAG: example_complex
[2025-11-21T10:47:12.328+0300] {processor.py:753} INFO - DAG(s) dict_keys(['example_complex']) retrieved from /home/pker/airflow_env/lib/python3.7/site-packages/airflow/example_dags/example_complex.py
[2025-11-21T10:47:12.369+0300] {logging_mixin.py:137} INFO - [2025-11-21T10:47:12.369+0300] {dag.py:2705} INFO - Sync 1 DAGs
[2025-11-21T10:47:12.398+0300] {logging_mixin.py:137} INFO - [2025-11-21T10:47:12.397+0300] {dag.py:3456} INFO - Setting next_dagrun for example_complex to None, run_after=None
[2025-11-21T10:47:12.441+0300] {processor.py:175} INFO - Processing /home/pker/airflow_env/lib/python3.7/site-packages/airflow/example_dags/example_complex.py took 0.180 seconds
[2025-11-21T10:47:58.611+0300] {processor.py:153} INFO - Started process (PID=30329) to work on /home/pker/airflow_env/lib/python3.7/site-packages/airflow/example_dags/example_complex.py
[2025-11-21T10:47:58.634+0300] {processor.py:743} INFO - Processing file /home/pker/airflow_env/lib/python3.7/site-packages/airflow/example_dags/example_complex.py for tasks to queue
[2025-11-21T10:47:58.636+0300] {logging_mixin.py:137} INFO - [2025-11-21T10:47:58.636+0300] {dagbag.py:532} INFO - Filling up the DagBag from /home/pker/airflow_env/lib/python3.7/site-packages/airflow/example_dags/example_complex.py
[2025-11-21T10:47:58.660+0300] {logging_mixin.py:137} INFO - [2025-11-21T10:47:58.659+0300] {taskmixin.py:211} WARNING - Dependency <Task(BashOperator): create_entry_group>, delete_entry_group already registered for DAG: example_complex
[2025-11-21T10:47:58.660+0300] {logging_mixin.py:137} INFO - [2025-11-21T10:47:58.660+0300] {taskmixin.py:211} WARNING - Dependency <Task(BashOperator): delete_entry_group>, create_entry_group already registered for DAG: example_complex
[2025-11-21T10:47:58.660+0300] {logging_mixin.py:137} INFO - [2025-11-21T10:47:58.660+0300] {taskmixin.py:211} WARNING - Dependency <Task(BashOperator): create_entry_gcs>, delete_entry already registered for DAG: example_complex
[2025-11-21T10:47:58.660+0300] {logging_mixin.py:137} INFO - [2025-11-21T10:47:58.660+0300] {taskmixin.py:211} WARNING - Dependency <Task(BashOperator): delete_entry>, create_entry_gcs already registered for DAG: example_complex
[2025-11-21T10:47:58.661+0300] {logging_mixin.py:137} INFO - [2025-11-21T10:47:58.661+0300] {taskmixin.py:211} WARNING - Dependency <Task(BashOperator): create_tag>, delete_tag already registered for DAG: example_complex
[2025-11-21T10:47:58.661+0300] {logging_mixin.py:137} INFO - [2025-11-21T10:47:58.661+0300] {taskmixin.py:211} WARNING - Dependency <Task(BashOperator): delete_tag>, create_tag already registered for DAG: example_complex
[2025-11-21T10:47:58.672+0300] {processor.py:753} INFO - DAG(s) dict_keys(['example_complex']) retrieved from /home/pker/airflow_env/lib/python3.7/site-packages/airflow/example_dags/example_complex.py
[2025-11-21T10:47:58.715+0300] {logging_mixin.py:137} INFO - [2025-11-21T10:47:58.715+0300] {dag.py:2705} INFO - Sync 1 DAGs
[2025-11-21T10:47:58.741+0300] {logging_mixin.py:137} INFO - [2025-11-21T10:47:58.741+0300] {dag.py:3456} INFO - Setting next_dagrun for example_complex to None, run_after=None
[2025-11-21T10:47:58.805+0300] {processor.py:175} INFO - Processing /home/pker/airflow_env/lib/python3.7/site-packages/airflow/example_dags/example_complex.py took 0.199 seconds
[2025-11-21T10:48:48.287+0300] {processor.py:153} INFO - Started process (PID=30375) to work on /home/pker/airflow_env/lib/python3.7/site-packages/airflow/example_dags/example_complex.py
[2025-11-21T10:48:48.290+0300] {processor.py:743} INFO - Processing file /home/pker/airflow_env/lib/python3.7/site-packages/airflow/example_dags/example_complex.py for tasks to queue
[2025-11-21T10:48:48.292+0300] {logging_mixin.py:137} INFO - [2025-11-21T10:48:48.292+0300] {dagbag.py:532} INFO - Filling up the DagBag from /home/pker/airflow_env/lib/python3.7/site-packages/airflow/example_dags/example_complex.py
[2025-11-21T10:48:48.315+0300] {logging_mixin.py:137} INFO - [2025-11-21T10:48:48.315+0300] {taskmixin.py:211} WARNING - Dependency <Task(BashOperator): create_entry_group>, delete_entry_group already registered for DAG: example_complex
[2025-11-21T10:48:48.315+0300] {logging_mixin.py:137} INFO - [2025-11-21T10:48:48.315+0300] {taskmixin.py:211} WARNING - Dependency <Task(BashOperator): delete_entry_group>, create_entry_group already registered for DAG: example_complex
[2025-11-21T10:48:48.316+0300] {logging_mixin.py:137} INFO - [2025-11-21T10:48:48.316+0300] {taskmixin.py:211} WARNING - Dependency <Task(BashOperator): create_entry_gcs>, delete_entry already registered for DAG: example_complex
[2025-11-21T10:48:48.316+0300] {logging_mixin.py:137} INFO - [2025-11-21T10:48:48.316+0300] {taskmixin.py:211} WARNING - Dependency <Task(BashOperator): delete_entry>, create_entry_gcs already registered for DAG: example_complex
[2025-11-21T10:48:48.317+0300] {logging_mixin.py:137} INFO - [2025-11-21T10:48:48.316+0300] {taskmixin.py:211} WARNING - Dependency <Task(BashOperator): create_tag>, delete_tag already registered for DAG: example_complex
[2025-11-21T10:48:48.317+0300] {logging_mixin.py:137} INFO - [2025-11-21T10:48:48.317+0300] {taskmixin.py:211} WARNING - Dependency <Task(BashOperator): delete_tag>, create_tag already registered for DAG: example_complex
[2025-11-21T10:48:48.329+0300] {processor.py:753} INFO - DAG(s) dict_keys(['example_complex']) retrieved from /home/pker/airflow_env/lib/python3.7/site-packages/airflow/example_dags/example_complex.py
[2025-11-21T10:48:48.372+0300] {logging_mixin.py:137} INFO - [2025-11-21T10:48:48.372+0300] {dag.py:2705} INFO - Sync 1 DAGs
[2025-11-21T10:48:48.413+0300] {logging_mixin.py:137} INFO - [2025-11-21T10:48:48.413+0300] {dag.py:3456} INFO - Setting next_dagrun for example_complex to None, run_after=None
[2025-11-21T10:48:48.468+0300] {processor.py:175} INFO - Processing /home/pker/airflow_env/lib/python3.7/site-packages/airflow/example_dags/example_complex.py took 0.187 seconds
[2025-11-21T10:49:33.553+0300] {processor.py:153} INFO - Started process (PID=30428) to work on /home/pker/airflow_env/lib/python3.7/site-packages/airflow/example_dags/example_complex.py
[2025-11-21T10:49:33.560+0300] {processor.py:743} INFO - Processing file /home/pker/airflow_env/lib/python3.7/site-packages/airflow/example_dags/example_complex.py for tasks to queue
[2025-11-21T10:49:33.562+0300] {logging_mixin.py:137} INFO - [2025-11-21T10:49:33.562+0300] {dagbag.py:532} INFO - Filling up the DagBag from /home/pker/airflow_env/lib/python3.7/site-packages/airflow/example_dags/example_complex.py
[2025-11-21T10:49:33.582+0300] {logging_mixin.py:137} INFO - [2025-11-21T10:49:33.581+0300] {taskmixin.py:211} WARNING - Dependency <Task(BashOperator): create_entry_group>, delete_entry_group already registered for DAG: example_complex
[2025-11-21T10:49:33.582+0300] {logging_mixin.py:137} INFO - [2025-11-21T10:49:33.582+0300] {taskmixin.py:211} WARNING - Dependency <Task(BashOperator): delete_entry_group>, create_entry_group already registered for DAG: example_complex
[2025-11-21T10:49:33.582+0300] {logging_mixin.py:137} INFO - [2025-11-21T10:49:33.582+0300] {taskmixin.py:211} WARNING - Dependency <Task(BashOperator): create_entry_gcs>, delete_entry already registered for DAG: example_complex
[2025-11-21T10:49:33.582+0300] {logging_mixin.py:137} INFO - [2025-11-21T10:49:33.582+0300] {taskmixin.py:211} WARNING - Dependency <Task(BashOperator): delete_entry>, create_entry_gcs already registered for DAG: example_complex
[2025-11-21T10:49:33.583+0300] {logging_mixin.py:137} INFO - [2025-11-21T10:49:33.583+0300] {taskmixin.py:211} WARNING - Dependency <Task(BashOperator): create_tag>, delete_tag already registered for DAG: example_complex
[2025-11-21T10:49:33.583+0300] {logging_mixin.py:137} INFO - [2025-11-21T10:49:33.583+0300] {taskmixin.py:211} WARNING - Dependency <Task(BashOperator): delete_tag>, create_tag already registered for DAG: example_complex
[2025-11-21T10:49:33.592+0300] {processor.py:753} INFO - DAG(s) dict_keys(['example_complex']) retrieved from /home/pker/airflow_env/lib/python3.7/site-packages/airflow/example_dags/example_complex.py
[2025-11-21T10:49:33.638+0300] {logging_mixin.py:137} INFO - [2025-11-21T10:49:33.637+0300] {dag.py:2705} INFO - Sync 1 DAGs
[2025-11-21T10:49:33.678+0300] {logging_mixin.py:137} INFO - [2025-11-21T10:49:33.678+0300] {dag.py:3456} INFO - Setting next_dagrun for example_complex to None, run_after=None
[2025-11-21T10:49:33.743+0300] {processor.py:175} INFO - Processing /home/pker/airflow_env/lib/python3.7/site-packages/airflow/example_dags/example_complex.py took 0.196 seconds
[2025-11-21T10:50:22.032+0300] {processor.py:153} INFO - Started process (PID=30473) to work on /home/pker/airflow_env/lib/python3.7/site-packages/airflow/example_dags/example_complex.py
[2025-11-21T10:50:22.054+0300] {processor.py:743} INFO - Processing file /home/pker/airflow_env/lib/python3.7/site-packages/airflow/example_dags/example_complex.py for tasks to queue
[2025-11-21T10:50:22.056+0300] {logging_mixin.py:137} INFO - [2025-11-21T10:50:22.055+0300] {dagbag.py:532} INFO - Filling up the DagBag from /home/pker/airflow_env/lib/python3.7/site-packages/airflow/example_dags/example_complex.py
[2025-11-21T10:50:22.085+0300] {logging_mixin.py:137} INFO - [2025-11-21T10:50:22.084+0300] {taskmixin.py:211} WARNING - Dependency <Task(BashOperator): create_entry_group>, delete_entry_group already registered for DAG: example_complex
[2025-11-21T10:50:22.085+0300] {logging_mixin.py:137} INFO - [2025-11-21T10:50:22.085+0300] {taskmixin.py:211} WARNING - Dependency <Task(BashOperator): delete_entry_group>, create_entry_group already registered for DAG: example_complex
[2025-11-21T10:50:22.085+0300] {logging_mixin.py:137} INFO - [2025-11-21T10:50:22.085+0300] {taskmixin.py:211} WARNING - Dependency <Task(BashOperator): create_entry_gcs>, delete_entry already registered for DAG: example_complex
[2025-11-21T10:50:22.085+0300] {logging_mixin.py:137} INFO - [2025-11-21T10:50:22.085+0300] {taskmixin.py:211} WARNING - Dependency <Task(BashOperator): delete_entry>, create_entry_gcs already registered for DAG: example_complex
[2025-11-21T10:50:22.086+0300] {logging_mixin.py:137} INFO - [2025-11-21T10:50:22.086+0300] {taskmixin.py:211} WARNING - Dependency <Task(BashOperator): create_tag>, delete_tag already registered for DAG: example_complex
[2025-11-21T10:50:22.086+0300] {logging_mixin.py:137} INFO - [2025-11-21T10:50:22.086+0300] {taskmixin.py:211} WARNING - Dependency <Task(BashOperator): delete_tag>, create_tag already registered for DAG: example_complex
[2025-11-21T10:50:22.097+0300] {processor.py:753} INFO - DAG(s) dict_keys(['example_complex']) retrieved from /home/pker/airflow_env/lib/python3.7/site-packages/airflow/example_dags/example_complex.py
[2025-11-21T10:50:22.151+0300] {logging_mixin.py:137} INFO - [2025-11-21T10:50:22.151+0300] {dag.py:2705} INFO - Sync 1 DAGs
[2025-11-21T10:50:22.199+0300] {logging_mixin.py:137} INFO - [2025-11-21T10:50:22.199+0300] {dag.py:3456} INFO - Setting next_dagrun for example_complex to None, run_after=None
[2025-11-21T10:50:22.272+0300] {processor.py:175} INFO - Processing /home/pker/airflow_env/lib/python3.7/site-packages/airflow/example_dags/example_complex.py took 0.246 seconds
[2025-11-21T10:51:09.369+0300] {processor.py:153} INFO - Started process (PID=30518) to work on /home/pker/airflow_env/lib/python3.7/site-packages/airflow/example_dags/example_complex.py
[2025-11-21T10:51:09.391+0300] {processor.py:743} INFO - Processing file /home/pker/airflow_env/lib/python3.7/site-packages/airflow/example_dags/example_complex.py for tasks to queue
[2025-11-21T10:51:09.393+0300] {logging_mixin.py:137} INFO - [2025-11-21T10:51:09.393+0300] {dagbag.py:532} INFO - Filling up the DagBag from /home/pker/airflow_env/lib/python3.7/site-packages/airflow/example_dags/example_complex.py
[2025-11-21T10:51:09.421+0300] {logging_mixin.py:137} INFO - [2025-11-21T10:51:09.421+0300] {taskmixin.py:211} WARNING - Dependency <Task(BashOperator): create_entry_group>, delete_entry_group already registered for DAG: example_complex
[2025-11-21T10:51:09.422+0300] {logging_mixin.py:137} INFO - [2025-11-21T10:51:09.422+0300] {taskmixin.py:211} WARNING - Dependency <Task(BashOperator): delete_entry_group>, create_entry_group already registered for DAG: example_complex
[2025-11-21T10:51:09.422+0300] {logging_mixin.py:137} INFO - [2025-11-21T10:51:09.422+0300] {taskmixin.py:211} WARNING - Dependency <Task(BashOperator): create_entry_gcs>, delete_entry already registered for DAG: example_complex
[2025-11-21T10:51:09.422+0300] {logging_mixin.py:137} INFO - [2025-11-21T10:51:09.422+0300] {taskmixin.py:211} WARNING - Dependency <Task(BashOperator): delete_entry>, create_entry_gcs already registered for DAG: example_complex
[2025-11-21T10:51:09.423+0300] {logging_mixin.py:137} INFO - [2025-11-21T10:51:09.423+0300] {taskmixin.py:211} WARNING - Dependency <Task(BashOperator): create_tag>, delete_tag already registered for DAG: example_complex
[2025-11-21T10:51:09.423+0300] {logging_mixin.py:137} INFO - [2025-11-21T10:51:09.423+0300] {taskmixin.py:211} WARNING - Dependency <Task(BashOperator): delete_tag>, create_tag already registered for DAG: example_complex
[2025-11-21T10:51:09.436+0300] {processor.py:753} INFO - DAG(s) dict_keys(['example_complex']) retrieved from /home/pker/airflow_env/lib/python3.7/site-packages/airflow/example_dags/example_complex.py
[2025-11-21T10:51:09.487+0300] {logging_mixin.py:137} INFO - [2025-11-21T10:51:09.487+0300] {dag.py:2705} INFO - Sync 1 DAGs
[2025-11-21T10:51:09.523+0300] {logging_mixin.py:137} INFO - [2025-11-21T10:51:09.523+0300] {dag.py:3456} INFO - Setting next_dagrun for example_complex to None, run_after=None
[2025-11-21T10:51:09.583+0300] {processor.py:175} INFO - Processing /home/pker/airflow_env/lib/python3.7/site-packages/airflow/example_dags/example_complex.py took 0.219 seconds
[2025-11-21T10:51:55.747+0300] {processor.py:153} INFO - Started process (PID=30562) to work on /home/pker/airflow_env/lib/python3.7/site-packages/airflow/example_dags/example_complex.py
[2025-11-21T10:51:55.769+0300] {processor.py:743} INFO - Processing file /home/pker/airflow_env/lib/python3.7/site-packages/airflow/example_dags/example_complex.py for tasks to queue
[2025-11-21T10:51:55.771+0300] {logging_mixin.py:137} INFO - [2025-11-21T10:51:55.771+0300] {dagbag.py:532} INFO - Filling up the DagBag from /home/pker/airflow_env/lib/python3.7/site-packages/airflow/example_dags/example_complex.py
[2025-11-21T10:51:55.796+0300] {logging_mixin.py:137} INFO - [2025-11-21T10:51:55.796+0300] {taskmixin.py:211} WARNING - Dependency <Task(BashOperator): create_entry_group>, delete_entry_group already registered for DAG: example_complex
[2025-11-21T10:51:55.796+0300] {logging_mixin.py:137} INFO - [2025-11-21T10:51:55.796+0300] {taskmixin.py:211} WARNING - Dependency <Task(BashOperator): delete_entry_group>, create_entry_group already registered for DAG: example_complex
[2025-11-21T10:51:55.797+0300] {logging_mixin.py:137} INFO - [2025-11-21T10:51:55.796+0300] {taskmixin.py:211} WARNING - Dependency <Task(BashOperator): create_entry_gcs>, delete_entry already registered for DAG: example_complex
[2025-11-21T10:51:55.797+0300] {logging_mixin.py:137} INFO - [2025-11-21T10:51:55.797+0300] {taskmixin.py:211} WARNING - Dependency <Task(BashOperator): delete_entry>, create_entry_gcs already registered for DAG: example_complex
[2025-11-21T10:51:55.797+0300] {logging_mixin.py:137} INFO - [2025-11-21T10:51:55.797+0300] {taskmixin.py:211} WARNING - Dependency <Task(BashOperator): create_tag>, delete_tag already registered for DAG: example_complex
[2025-11-21T10:51:55.798+0300] {logging_mixin.py:137} INFO - [2025-11-21T10:51:55.797+0300] {taskmixin.py:211} WARNING - Dependency <Task(BashOperator): delete_tag>, create_tag already registered for DAG: example_complex
[2025-11-21T10:51:55.812+0300] {processor.py:753} INFO - DAG(s) dict_keys(['example_complex']) retrieved from /home/pker/airflow_env/lib/python3.7/site-packages/airflow/example_dags/example_complex.py
[2025-11-21T10:51:55.859+0300] {logging_mixin.py:137} INFO - [2025-11-21T10:51:55.859+0300] {dag.py:2705} INFO - Sync 1 DAGs
[2025-11-21T10:51:55.888+0300] {logging_mixin.py:137} INFO - [2025-11-21T10:51:55.888+0300] {dag.py:3456} INFO - Setting next_dagrun for example_complex to None, run_after=None
[2025-11-21T10:51:55.923+0300] {processor.py:175} INFO - Processing /home/pker/airflow_env/lib/python3.7/site-packages/airflow/example_dags/example_complex.py took 0.187 seconds
[2025-11-21T10:52:40.532+0300] {processor.py:153} INFO - Started process (PID=30607) to work on /home/pker/airflow_env/lib/python3.7/site-packages/airflow/example_dags/example_complex.py
[2025-11-21T10:52:40.535+0300] {processor.py:743} INFO - Processing file /home/pker/airflow_env/lib/python3.7/site-packages/airflow/example_dags/example_complex.py for tasks to queue
[2025-11-21T10:52:40.537+0300] {logging_mixin.py:137} INFO - [2025-11-21T10:52:40.537+0300] {dagbag.py:532} INFO - Filling up the DagBag from /home/pker/airflow_env/lib/python3.7/site-packages/airflow/example_dags/example_complex.py
[2025-11-21T10:52:40.564+0300] {logging_mixin.py:137} INFO - [2025-11-21T10:52:40.563+0300] {taskmixin.py:211} WARNING - Dependency <Task(BashOperator): create_entry_group>, delete_entry_group already registered for DAG: example_complex
[2025-11-21T10:52:40.564+0300] {logging_mixin.py:137} INFO - [2025-11-21T10:52:40.564+0300] {taskmixin.py:211} WARNING - Dependency <Task(BashOperator): delete_entry_group>, create_entry_group already registered for DAG: example_complex
[2025-11-21T10:52:40.565+0300] {logging_mixin.py:137} INFO - [2025-11-21T10:52:40.565+0300] {taskmixin.py:211} WARNING - Dependency <Task(BashOperator): create_entry_gcs>, delete_entry already registered for DAG: example_complex
[2025-11-21T10:52:40.565+0300] {logging_mixin.py:137} INFO - [2025-11-21T10:52:40.565+0300] {taskmixin.py:211} WARNING - Dependency <Task(BashOperator): delete_entry>, create_entry_gcs already registered for DAG: example_complex
[2025-11-21T10:52:40.565+0300] {logging_mixin.py:137} INFO - [2025-11-21T10:52:40.565+0300] {taskmixin.py:211} WARNING - Dependency <Task(BashOperator): create_tag>, delete_tag already registered for DAG: example_complex
[2025-11-21T10:52:40.565+0300] {logging_mixin.py:137} INFO - [2025-11-21T10:52:40.565+0300] {taskmixin.py:211} WARNING - Dependency <Task(BashOperator): delete_tag>, create_tag already registered for DAG: example_complex
[2025-11-21T10:52:40.578+0300] {processor.py:753} INFO - DAG(s) dict_keys(['example_complex']) retrieved from /home/pker/airflow_env/lib/python3.7/site-packages/airflow/example_dags/example_complex.py
[2025-11-21T10:52:40.632+0300] {logging_mixin.py:137} INFO - [2025-11-21T10:52:40.632+0300] {dag.py:2705} INFO - Sync 1 DAGs
[2025-11-21T10:52:40.662+0300] {logging_mixin.py:137} INFO - [2025-11-21T10:52:40.662+0300] {dag.py:3456} INFO - Setting next_dagrun for example_complex to None, run_after=None
[2025-11-21T10:52:40.716+0300] {processor.py:175} INFO - Processing /home/pker/airflow_env/lib/python3.7/site-packages/airflow/example_dags/example_complex.py took 0.193 seconds
[2025-11-21T10:53:28.269+0300] {processor.py:153} INFO - Started process (PID=30652) to work on /home/pker/airflow_env/lib/python3.7/site-packages/airflow/example_dags/example_complex.py
[2025-11-21T10:53:28.292+0300] {processor.py:743} INFO - Processing file /home/pker/airflow_env/lib/python3.7/site-packages/airflow/example_dags/example_complex.py for tasks to queue
[2025-11-21T10:53:28.295+0300] {logging_mixin.py:137} INFO - [2025-11-21T10:53:28.295+0300] {dagbag.py:532} INFO - Filling up the DagBag from /home/pker/airflow_env/lib/python3.7/site-packages/airflow/example_dags/example_complex.py
[2025-11-21T10:53:28.318+0300] {logging_mixin.py:137} INFO - [2025-11-21T10:53:28.317+0300] {taskmixin.py:211} WARNING - Dependency <Task(BashOperator): create_entry_group>, delete_entry_group already registered for DAG: example_complex
[2025-11-21T10:53:28.318+0300] {logging_mixin.py:137} INFO - [2025-11-21T10:53:28.318+0300] {taskmixin.py:211} WARNING - Dependency <Task(BashOperator): delete_entry_group>, create_entry_group already registered for DAG: example_complex
[2025-11-21T10:53:28.318+0300] {logging_mixin.py:137} INFO - [2025-11-21T10:53:28.318+0300] {taskmixin.py:211} WARNING - Dependency <Task(BashOperator): create_entry_gcs>, delete_entry already registered for DAG: example_complex
[2025-11-21T10:53:28.318+0300] {logging_mixin.py:137} INFO - [2025-11-21T10:53:28.318+0300] {taskmixin.py:211} WARNING - Dependency <Task(BashOperator): delete_entry>, create_entry_gcs already registered for DAG: example_complex
[2025-11-21T10:53:28.319+0300] {logging_mixin.py:137} INFO - [2025-11-21T10:53:28.319+0300] {taskmixin.py:211} WARNING - Dependency <Task(BashOperator): create_tag>, delete_tag already registered for DAG: example_complex
[2025-11-21T10:53:28.319+0300] {logging_mixin.py:137} INFO - [2025-11-21T10:53:28.319+0300] {taskmixin.py:211} WARNING - Dependency <Task(BashOperator): delete_tag>, create_tag already registered for DAG: example_complex
[2025-11-21T10:53:28.332+0300] {processor.py:753} INFO - DAG(s) dict_keys(['example_complex']) retrieved from /home/pker/airflow_env/lib/python3.7/site-packages/airflow/example_dags/example_complex.py
[2025-11-21T10:53:28.386+0300] {logging_mixin.py:137} INFO - [2025-11-21T10:53:28.386+0300] {dag.py:2705} INFO - Sync 1 DAGs
[2025-11-21T10:53:28.436+0300] {logging_mixin.py:137} INFO - [2025-11-21T10:53:28.436+0300] {dag.py:3456} INFO - Setting next_dagrun for example_complex to None, run_after=None
[2025-11-21T10:53:28.496+0300] {processor.py:175} INFO - Processing /home/pker/airflow_env/lib/python3.7/site-packages/airflow/example_dags/example_complex.py took 0.232 seconds
[2025-11-21T10:54:16.524+0300] {processor.py:153} INFO - Started process (PID=30696) to work on /home/pker/airflow_env/lib/python3.7/site-packages/airflow/example_dags/example_complex.py
[2025-11-21T10:54:16.545+0300] {processor.py:743} INFO - Processing file /home/pker/airflow_env/lib/python3.7/site-packages/airflow/example_dags/example_complex.py for tasks to queue
[2025-11-21T10:54:16.548+0300] {logging_mixin.py:137} INFO - [2025-11-21T10:54:16.548+0300] {dagbag.py:532} INFO - Filling up the DagBag from /home/pker/airflow_env/lib/python3.7/site-packages/airflow/example_dags/example_complex.py
[2025-11-21T10:54:16.582+0300] {logging_mixin.py:137} INFO - [2025-11-21T10:54:16.581+0300] {taskmixin.py:211} WARNING - Dependency <Task(BashOperator): create_entry_group>, delete_entry_group already registered for DAG: example_complex
[2025-11-21T10:54:16.582+0300] {logging_mixin.py:137} INFO - [2025-11-21T10:54:16.582+0300] {taskmixin.py:211} WARNING - Dependency <Task(BashOperator): delete_entry_group>, create_entry_group already registered for DAG: example_complex
[2025-11-21T10:54:16.583+0300] {logging_mixin.py:137} INFO - [2025-11-21T10:54:16.583+0300] {taskmixin.py:211} WARNING - Dependency <Task(BashOperator): create_entry_gcs>, delete_entry already registered for DAG: example_complex
[2025-11-21T10:54:16.583+0300] {logging_mixin.py:137} INFO - [2025-11-21T10:54:16.583+0300] {taskmixin.py:211} WARNING - Dependency <Task(BashOperator): delete_entry>, create_entry_gcs already registered for DAG: example_complex
[2025-11-21T10:54:16.583+0300] {logging_mixin.py:137} INFO - [2025-11-21T10:54:16.583+0300] {taskmixin.py:211} WARNING - Dependency <Task(BashOperator): create_tag>, delete_tag already registered for DAG: example_complex
[2025-11-21T10:54:16.584+0300] {logging_mixin.py:137} INFO - [2025-11-21T10:54:16.583+0300] {taskmixin.py:211} WARNING - Dependency <Task(BashOperator): delete_tag>, create_tag already registered for DAG: example_complex
[2025-11-21T10:54:16.600+0300] {processor.py:753} INFO - DAG(s) dict_keys(['example_complex']) retrieved from /home/pker/airflow_env/lib/python3.7/site-packages/airflow/example_dags/example_complex.py
[2025-11-21T10:54:16.651+0300] {logging_mixin.py:137} INFO - [2025-11-21T10:54:16.651+0300] {dag.py:2705} INFO - Sync 1 DAGs
[2025-11-21T10:54:16.690+0300] {logging_mixin.py:137} INFO - [2025-11-21T10:54:16.689+0300] {dag.py:3456} INFO - Setting next_dagrun for example_complex to None, run_after=None
[2025-11-21T10:54:16.755+0300] {processor.py:175} INFO - Processing /home/pker/airflow_env/lib/python3.7/site-packages/airflow/example_dags/example_complex.py took 0.240 seconds
[2025-11-21T10:55:03.999+0300] {processor.py:153} INFO - Started process (PID=30745) to work on /home/pker/airflow_env/lib/python3.7/site-packages/airflow/example_dags/example_complex.py
[2025-11-21T10:55:04.022+0300] {processor.py:743} INFO - Processing file /home/pker/airflow_env/lib/python3.7/site-packages/airflow/example_dags/example_complex.py for tasks to queue
[2025-11-21T10:55:04.024+0300] {logging_mixin.py:137} INFO - [2025-11-21T10:55:04.024+0300] {dagbag.py:532} INFO - Filling up the DagBag from /home/pker/airflow_env/lib/python3.7/site-packages/airflow/example_dags/example_complex.py
[2025-11-21T10:55:04.051+0300] {logging_mixin.py:137} INFO - [2025-11-21T10:55:04.051+0300] {taskmixin.py:211} WARNING - Dependency <Task(BashOperator): create_entry_group>, delete_entry_group already registered for DAG: example_complex
[2025-11-21T10:55:04.052+0300] {logging_mixin.py:137} INFO - [2025-11-21T10:55:04.052+0300] {taskmixin.py:211} WARNING - Dependency <Task(BashOperator): delete_entry_group>, create_entry_group already registered for DAG: example_complex
[2025-11-21T10:55:04.052+0300] {logging_mixin.py:137} INFO - [2025-11-21T10:55:04.052+0300] {taskmixin.py:211} WARNING - Dependency <Task(BashOperator): create_entry_gcs>, delete_entry already registered for DAG: example_complex
[2025-11-21T10:55:04.052+0300] {logging_mixin.py:137} INFO - [2025-11-21T10:55:04.052+0300] {taskmixin.py:211} WARNING - Dependency <Task(BashOperator): delete_entry>, create_entry_gcs already registered for DAG: example_complex
[2025-11-21T10:55:04.053+0300] {logging_mixin.py:137} INFO - [2025-11-21T10:55:04.053+0300] {taskmixin.py:211} WARNING - Dependency <Task(BashOperator): create_tag>, delete_tag already registered for DAG: example_complex
[2025-11-21T10:55:04.054+0300] {logging_mixin.py:137} INFO - [2025-11-21T10:55:04.054+0300] {taskmixin.py:211} WARNING - Dependency <Task(BashOperator): delete_tag>, create_tag already registered for DAG: example_complex
[2025-11-21T10:55:04.067+0300] {processor.py:753} INFO - DAG(s) dict_keys(['example_complex']) retrieved from /home/pker/airflow_env/lib/python3.7/site-packages/airflow/example_dags/example_complex.py
[2025-11-21T10:55:04.110+0300] {logging_mixin.py:137} INFO - [2025-11-21T10:55:04.109+0300] {dag.py:2705} INFO - Sync 1 DAGs
[2025-11-21T10:55:04.142+0300] {logging_mixin.py:137} INFO - [2025-11-21T10:55:04.142+0300] {dag.py:3456} INFO - Setting next_dagrun for example_complex to None, run_after=None
[2025-11-21T10:55:04.203+0300] {processor.py:175} INFO - Processing /home/pker/airflow_env/lib/python3.7/site-packages/airflow/example_dags/example_complex.py took 0.209 seconds
[2025-11-21T10:55:52.496+0300] {processor.py:153} INFO - Started process (PID=30792) to work on /home/pker/airflow_env/lib/python3.7/site-packages/airflow/example_dags/example_complex.py
[2025-11-21T10:55:52.518+0300] {processor.py:743} INFO - Processing file /home/pker/airflow_env/lib/python3.7/site-packages/airflow/example_dags/example_complex.py for tasks to queue
[2025-11-21T10:55:52.521+0300] {logging_mixin.py:137} INFO - [2025-11-21T10:55:52.520+0300] {dagbag.py:532} INFO - Filling up the DagBag from /home/pker/airflow_env/lib/python3.7/site-packages/airflow/example_dags/example_complex.py
[2025-11-21T10:55:52.554+0300] {logging_mixin.py:137} INFO - [2025-11-21T10:55:52.553+0300] {taskmixin.py:211} WARNING - Dependency <Task(BashOperator): create_entry_group>, delete_entry_group already registered for DAG: example_complex
[2025-11-21T10:55:52.554+0300] {logging_mixin.py:137} INFO - [2025-11-21T10:55:52.554+0300] {taskmixin.py:211} WARNING - Dependency <Task(BashOperator): delete_entry_group>, create_entry_group already registered for DAG: example_complex
[2025-11-21T10:55:52.554+0300] {logging_mixin.py:137} INFO - [2025-11-21T10:55:52.554+0300] {taskmixin.py:211} WARNING - Dependency <Task(BashOperator): create_entry_gcs>, delete_entry already registered for DAG: example_complex
[2025-11-21T10:55:52.556+0300] {logging_mixin.py:137} INFO - [2025-11-21T10:55:52.556+0300] {taskmixin.py:211} WARNING - Dependency <Task(BashOperator): delete_entry>, create_entry_gcs already registered for DAG: example_complex
[2025-11-21T10:55:52.557+0300] {logging_mixin.py:137} INFO - [2025-11-21T10:55:52.557+0300] {taskmixin.py:211} WARNING - Dependency <Task(BashOperator): create_tag>, delete_tag already registered for DAG: example_complex
[2025-11-21T10:55:52.557+0300] {logging_mixin.py:137} INFO - [2025-11-21T10:55:52.557+0300] {taskmixin.py:211} WARNING - Dependency <Task(BashOperator): delete_tag>, create_tag already registered for DAG: example_complex
[2025-11-21T10:55:52.569+0300] {processor.py:753} INFO - DAG(s) dict_keys(['example_complex']) retrieved from /home/pker/airflow_env/lib/python3.7/site-packages/airflow/example_dags/example_complex.py
[2025-11-21T10:55:52.621+0300] {logging_mixin.py:137} INFO - [2025-11-21T10:55:52.620+0300] {dag.py:2705} INFO - Sync 1 DAGs
[2025-11-21T10:55:52.662+0300] {logging_mixin.py:137} INFO - [2025-11-21T10:55:52.662+0300] {dag.py:3456} INFO - Setting next_dagrun for example_complex to None, run_after=None
[2025-11-21T10:55:52.728+0300] {processor.py:175} INFO - Processing /home/pker/airflow_env/lib/python3.7/site-packages/airflow/example_dags/example_complex.py took 0.241 seconds
[2025-11-21T10:56:41.621+0300] {processor.py:153} INFO - Started process (PID=30834) to work on /home/pker/airflow_env/lib/python3.7/site-packages/airflow/example_dags/example_complex.py
[2025-11-21T10:56:41.623+0300] {processor.py:743} INFO - Processing file /home/pker/airflow_env/lib/python3.7/site-packages/airflow/example_dags/example_complex.py for tasks to queue
[2025-11-21T10:56:41.625+0300] {logging_mixin.py:137} INFO - [2025-11-21T10:56:41.624+0300] {dagbag.py:532} INFO - Filling up the DagBag from /home/pker/airflow_env/lib/python3.7/site-packages/airflow/example_dags/example_complex.py
[2025-11-21T10:56:41.646+0300] {logging_mixin.py:137} INFO - [2025-11-21T10:56:41.645+0300] {taskmixin.py:211} WARNING - Dependency <Task(BashOperator): create_entry_group>, delete_entry_group already registered for DAG: example_complex
[2025-11-21T10:56:41.646+0300] {logging_mixin.py:137} INFO - [2025-11-21T10:56:41.646+0300] {taskmixin.py:211} WARNING - Dependency <Task(BashOperator): delete_entry_group>, create_entry_group already registered for DAG: example_complex
[2025-11-21T10:56:41.646+0300] {logging_mixin.py:137} INFO - [2025-11-21T10:56:41.646+0300] {taskmixin.py:211} WARNING - Dependency <Task(BashOperator): create_entry_gcs>, delete_entry already registered for DAG: example_complex
[2025-11-21T10:56:41.646+0300] {logging_mixin.py:137} INFO - [2025-11-21T10:56:41.646+0300] {taskmixin.py:211} WARNING - Dependency <Task(BashOperator): delete_entry>, create_entry_gcs already registered for DAG: example_complex
[2025-11-21T10:56:41.647+0300] {logging_mixin.py:137} INFO - [2025-11-21T10:56:41.647+0300] {taskmixin.py:211} WARNING - Dependency <Task(BashOperator): create_tag>, delete_tag already registered for DAG: example_complex
[2025-11-21T10:56:41.647+0300] {logging_mixin.py:137} INFO - [2025-11-21T10:56:41.647+0300] {taskmixin.py:211} WARNING - Dependency <Task(BashOperator): delete_tag>, create_tag already registered for DAG: example_complex
[2025-11-21T10:56:41.658+0300] {processor.py:753} INFO - DAG(s) dict_keys(['example_complex']) retrieved from /home/pker/airflow_env/lib/python3.7/site-packages/airflow/example_dags/example_complex.py
[2025-11-21T10:56:41.704+0300] {logging_mixin.py:137} INFO - [2025-11-21T10:56:41.704+0300] {dag.py:2705} INFO - Sync 1 DAGs
[2025-11-21T10:56:41.741+0300] {logging_mixin.py:137} INFO - [2025-11-21T10:56:41.741+0300] {dag.py:3456} INFO - Setting next_dagrun for example_complex to None, run_after=None
[2025-11-21T10:56:41.805+0300] {processor.py:175} INFO - Processing /home/pker/airflow_env/lib/python3.7/site-packages/airflow/example_dags/example_complex.py took 0.191 seconds
[2025-11-21T10:57:29.288+0300] {processor.py:153} INFO - Started process (PID=30878) to work on /home/pker/airflow_env/lib/python3.7/site-packages/airflow/example_dags/example_complex.py
[2025-11-21T10:57:29.304+0300] {processor.py:743} INFO - Processing file /home/pker/airflow_env/lib/python3.7/site-packages/airflow/example_dags/example_complex.py for tasks to queue
[2025-11-21T10:57:29.306+0300] {logging_mixin.py:137} INFO - [2025-11-21T10:57:29.305+0300] {dagbag.py:532} INFO - Filling up the DagBag from /home/pker/airflow_env/lib/python3.7/site-packages/airflow/example_dags/example_complex.py
[2025-11-21T10:57:29.329+0300] {logging_mixin.py:137} INFO - [2025-11-21T10:57:29.328+0300] {taskmixin.py:211} WARNING - Dependency <Task(BashOperator): create_entry_group>, delete_entry_group already registered for DAG: example_complex
[2025-11-21T10:57:29.329+0300] {logging_mixin.py:137} INFO - [2025-11-21T10:57:29.329+0300] {taskmixin.py:211} WARNING - Dependency <Task(BashOperator): delete_entry_group>, create_entry_group already registered for DAG: example_complex
[2025-11-21T10:57:29.330+0300] {logging_mixin.py:137} INFO - [2025-11-21T10:57:29.330+0300] {taskmixin.py:211} WARNING - Dependency <Task(BashOperator): create_entry_gcs>, delete_entry already registered for DAG: example_complex
[2025-11-21T10:57:29.330+0300] {logging_mixin.py:137} INFO - [2025-11-21T10:57:29.330+0300] {taskmixin.py:211} WARNING - Dependency <Task(BashOperator): delete_entry>, create_entry_gcs already registered for DAG: example_complex
[2025-11-21T10:57:29.330+0300] {logging_mixin.py:137} INFO - [2025-11-21T10:57:29.330+0300] {taskmixin.py:211} WARNING - Dependency <Task(BashOperator): create_tag>, delete_tag already registered for DAG: example_complex
[2025-11-21T10:57:29.331+0300] {logging_mixin.py:137} INFO - [2025-11-21T10:57:29.330+0300] {taskmixin.py:211} WARNING - Dependency <Task(BashOperator): delete_tag>, create_tag already registered for DAG: example_complex
[2025-11-21T10:57:29.343+0300] {processor.py:753} INFO - DAG(s) dict_keys(['example_complex']) retrieved from /home/pker/airflow_env/lib/python3.7/site-packages/airflow/example_dags/example_complex.py
[2025-11-21T10:57:29.390+0300] {logging_mixin.py:137} INFO - [2025-11-21T10:57:29.390+0300] {dag.py:2705} INFO - Sync 1 DAGs
[2025-11-21T10:57:29.418+0300] {logging_mixin.py:137} INFO - [2025-11-21T10:57:29.417+0300] {dag.py:3456} INFO - Setting next_dagrun for example_complex to None, run_after=None
[2025-11-21T10:57:29.477+0300] {processor.py:175} INFO - Processing /home/pker/airflow_env/lib/python3.7/site-packages/airflow/example_dags/example_complex.py took 0.195 seconds
[2025-11-21T10:58:17.293+0300] {processor.py:153} INFO - Started process (PID=30922) to work on /home/pker/airflow_env/lib/python3.7/site-packages/airflow/example_dags/example_complex.py
[2025-11-21T10:58:17.316+0300] {processor.py:743} INFO - Processing file /home/pker/airflow_env/lib/python3.7/site-packages/airflow/example_dags/example_complex.py for tasks to queue
[2025-11-21T10:58:17.318+0300] {logging_mixin.py:137} INFO - [2025-11-21T10:58:17.318+0300] {dagbag.py:532} INFO - Filling up the DagBag from /home/pker/airflow_env/lib/python3.7/site-packages/airflow/example_dags/example_complex.py
[2025-11-21T10:58:17.347+0300] {logging_mixin.py:137} INFO - [2025-11-21T10:58:17.346+0300] {taskmixin.py:211} WARNING - Dependency <Task(BashOperator): create_entry_group>, delete_entry_group already registered for DAG: example_complex
[2025-11-21T10:58:17.347+0300] {logging_mixin.py:137} INFO - [2025-11-21T10:58:17.347+0300] {taskmixin.py:211} WARNING - Dependency <Task(BashOperator): delete_entry_group>, create_entry_group already registered for DAG: example_complex
[2025-11-21T10:58:17.348+0300] {logging_mixin.py:137} INFO - [2025-11-21T10:58:17.347+0300] {taskmixin.py:211} WARNING - Dependency <Task(BashOperator): create_entry_gcs>, delete_entry already registered for DAG: example_complex
[2025-11-21T10:58:17.348+0300] {logging_mixin.py:137} INFO - [2025-11-21T10:58:17.348+0300] {taskmixin.py:211} WARNING - Dependency <Task(BashOperator): delete_entry>, create_entry_gcs already registered for DAG: example_complex
[2025-11-21T10:58:17.348+0300] {logging_mixin.py:137} INFO - [2025-11-21T10:58:17.348+0300] {taskmixin.py:211} WARNING - Dependency <Task(BashOperator): create_tag>, delete_tag already registered for DAG: example_complex
[2025-11-21T10:58:17.348+0300] {logging_mixin.py:137} INFO - [2025-11-21T10:58:17.348+0300] {taskmixin.py:211} WARNING - Dependency <Task(BashOperator): delete_tag>, create_tag already registered for DAG: example_complex
[2025-11-21T10:58:17.361+0300] {processor.py:753} INFO - DAG(s) dict_keys(['example_complex']) retrieved from /home/pker/airflow_env/lib/python3.7/site-packages/airflow/example_dags/example_complex.py
[2025-11-21T10:58:17.401+0300] {logging_mixin.py:137} INFO - [2025-11-21T10:58:17.401+0300] {dag.py:2705} INFO - Sync 1 DAGs
[2025-11-21T10:58:17.449+0300] {logging_mixin.py:137} INFO - [2025-11-21T10:58:17.449+0300] {dag.py:3456} INFO - Setting next_dagrun for example_complex to None, run_after=None
[2025-11-21T10:58:17.503+0300] {processor.py:175} INFO - Processing /home/pker/airflow_env/lib/python3.7/site-packages/airflow/example_dags/example_complex.py took 0.219 seconds
[2025-11-21T10:59:06.877+0300] {processor.py:153} INFO - Started process (PID=30983) to work on /home/pker/airflow_env/lib/python3.7/site-packages/airflow/example_dags/example_complex.py
[2025-11-21T10:59:06.903+0300] {processor.py:743} INFO - Processing file /home/pker/airflow_env/lib/python3.7/site-packages/airflow/example_dags/example_complex.py for tasks to queue
[2025-11-21T10:59:06.906+0300] {logging_mixin.py:137} INFO - [2025-11-21T10:59:06.905+0300] {dagbag.py:532} INFO - Filling up the DagBag from /home/pker/airflow_env/lib/python3.7/site-packages/airflow/example_dags/example_complex.py
[2025-11-21T10:59:06.934+0300] {logging_mixin.py:137} INFO - [2025-11-21T10:59:06.933+0300] {taskmixin.py:211} WARNING - Dependency <Task(BashOperator): create_entry_group>, delete_entry_group already registered for DAG: example_complex
[2025-11-21T10:59:06.934+0300] {logging_mixin.py:137} INFO - [2025-11-21T10:59:06.934+0300] {taskmixin.py:211} WARNING - Dependency <Task(BashOperator): delete_entry_group>, create_entry_group already registered for DAG: example_complex
[2025-11-21T10:59:06.934+0300] {logging_mixin.py:137} INFO - [2025-11-21T10:59:06.934+0300] {taskmixin.py:211} WARNING - Dependency <Task(BashOperator): create_entry_gcs>, delete_entry already registered for DAG: example_complex
[2025-11-21T10:59:06.935+0300] {logging_mixin.py:137} INFO - [2025-11-21T10:59:06.934+0300] {taskmixin.py:211} WARNING - Dependency <Task(BashOperator): delete_entry>, create_entry_gcs already registered for DAG: example_complex
[2025-11-21T10:59:06.935+0300] {logging_mixin.py:137} INFO - [2025-11-21T10:59:06.935+0300] {taskmixin.py:211} WARNING - Dependency <Task(BashOperator): create_tag>, delete_tag already registered for DAG: example_complex
[2025-11-21T10:59:06.935+0300] {logging_mixin.py:137} INFO - [2025-11-21T10:59:06.935+0300] {taskmixin.py:211} WARNING - Dependency <Task(BashOperator): delete_tag>, create_tag already registered for DAG: example_complex
[2025-11-21T10:59:06.947+0300] {processor.py:753} INFO - DAG(s) dict_keys(['example_complex']) retrieved from /home/pker/airflow_env/lib/python3.7/site-packages/airflow/example_dags/example_complex.py
[2025-11-21T10:59:06.988+0300] {logging_mixin.py:137} INFO - [2025-11-21T10:59:06.988+0300] {dag.py:2705} INFO - Sync 1 DAGs
[2025-11-21T10:59:07.025+0300] {logging_mixin.py:137} INFO - [2025-11-21T10:59:07.025+0300] {dag.py:3456} INFO - Setting next_dagrun for example_complex to None, run_after=None
[2025-11-21T10:59:07.057+0300] {processor.py:175} INFO - Processing /home/pker/airflow_env/lib/python3.7/site-packages/airflow/example_dags/example_complex.py took 0.187 seconds
[2025-11-21T10:59:54.491+0300] {processor.py:153} INFO - Started process (PID=31031) to work on /home/pker/airflow_env/lib/python3.7/site-packages/airflow/example_dags/example_complex.py
[2025-11-21T10:59:54.513+0300] {processor.py:743} INFO - Processing file /home/pker/airflow_env/lib/python3.7/site-packages/airflow/example_dags/example_complex.py for tasks to queue
[2025-11-21T10:59:54.516+0300] {logging_mixin.py:137} INFO - [2025-11-21T10:59:54.515+0300] {dagbag.py:532} INFO - Filling up the DagBag from /home/pker/airflow_env/lib/python3.7/site-packages/airflow/example_dags/example_complex.py
[2025-11-21T10:59:54.543+0300] {logging_mixin.py:137} INFO - [2025-11-21T10:59:54.542+0300] {taskmixin.py:211} WARNING - Dependency <Task(BashOperator): create_entry_group>, delete_entry_group already registered for DAG: example_complex
[2025-11-21T10:59:54.543+0300] {logging_mixin.py:137} INFO - [2025-11-21T10:59:54.543+0300] {taskmixin.py:211} WARNING - Dependency <Task(BashOperator): delete_entry_group>, create_entry_group already registered for DAG: example_complex
[2025-11-21T10:59:54.543+0300] {logging_mixin.py:137} INFO - [2025-11-21T10:59:54.543+0300] {taskmixin.py:211} WARNING - Dependency <Task(BashOperator): create_entry_gcs>, delete_entry already registered for DAG: example_complex
[2025-11-21T10:59:54.544+0300] {logging_mixin.py:137} INFO - [2025-11-21T10:59:54.543+0300] {taskmixin.py:211} WARNING - Dependency <Task(BashOperator): delete_entry>, create_entry_gcs already registered for DAG: example_complex
[2025-11-21T10:59:54.544+0300] {logging_mixin.py:137} INFO - [2025-11-21T10:59:54.544+0300] {taskmixin.py:211} WARNING - Dependency <Task(BashOperator): create_tag>, delete_tag already registered for DAG: example_complex
[2025-11-21T10:59:54.544+0300] {logging_mixin.py:137} INFO - [2025-11-21T10:59:54.544+0300] {taskmixin.py:211} WARNING - Dependency <Task(BashOperator): delete_tag>, create_tag already registered for DAG: example_complex
[2025-11-21T10:59:54.561+0300] {processor.py:753} INFO - DAG(s) dict_keys(['example_complex']) retrieved from /home/pker/airflow_env/lib/python3.7/site-packages/airflow/example_dags/example_complex.py
[2025-11-21T10:59:54.623+0300] {logging_mixin.py:137} INFO - [2025-11-21T10:59:54.623+0300] {dag.py:2705} INFO - Sync 1 DAGs
[2025-11-21T10:59:54.657+0300] {logging_mixin.py:137} INFO - [2025-11-21T10:59:54.657+0300] {dag.py:3456} INFO - Setting next_dagrun for example_complex to None, run_after=None
[2025-11-21T10:59:54.715+0300] {processor.py:175} INFO - Processing /home/pker/airflow_env/lib/python3.7/site-packages/airflow/example_dags/example_complex.py took 0.233 seconds
[2025-11-21T11:00:46.434+0300] {processor.py:153} INFO - Started process (PID=31091) to work on /home/pker/airflow_env/lib/python3.7/site-packages/airflow/example_dags/example_complex.py
[2025-11-21T11:00:46.437+0300] {processor.py:743} INFO - Processing file /home/pker/airflow_env/lib/python3.7/site-packages/airflow/example_dags/example_complex.py for tasks to queue
[2025-11-21T11:00:46.439+0300] {logging_mixin.py:137} INFO - [2025-11-21T11:00:46.438+0300] {dagbag.py:532} INFO - Filling up the DagBag from /home/pker/airflow_env/lib/python3.7/site-packages/airflow/example_dags/example_complex.py
[2025-11-21T11:00:46.466+0300] {logging_mixin.py:137} INFO - [2025-11-21T11:00:46.466+0300] {taskmixin.py:211} WARNING - Dependency <Task(BashOperator): create_entry_group>, delete_entry_group already registered for DAG: example_complex
[2025-11-21T11:00:46.466+0300] {logging_mixin.py:137} INFO - [2025-11-21T11:00:46.466+0300] {taskmixin.py:211} WARNING - Dependency <Task(BashOperator): delete_entry_group>, create_entry_group already registered for DAG: example_complex
[2025-11-21T11:00:46.467+0300] {logging_mixin.py:137} INFO - [2025-11-21T11:00:46.467+0300] {taskmixin.py:211} WARNING - Dependency <Task(BashOperator): create_entry_gcs>, delete_entry already registered for DAG: example_complex
[2025-11-21T11:00:46.467+0300] {logging_mixin.py:137} INFO - [2025-11-21T11:00:46.467+0300] {taskmixin.py:211} WARNING - Dependency <Task(BashOperator): delete_entry>, create_entry_gcs already registered for DAG: example_complex
[2025-11-21T11:00:46.467+0300] {logging_mixin.py:137} INFO - [2025-11-21T11:00:46.467+0300] {taskmixin.py:211} WARNING - Dependency <Task(BashOperator): create_tag>, delete_tag already registered for DAG: example_complex
[2025-11-21T11:00:46.467+0300] {logging_mixin.py:137} INFO - [2025-11-21T11:00:46.467+0300] {taskmixin.py:211} WARNING - Dependency <Task(BashOperator): delete_tag>, create_tag already registered for DAG: example_complex
[2025-11-21T11:00:46.482+0300] {processor.py:753} INFO - DAG(s) dict_keys(['example_complex']) retrieved from /home/pker/airflow_env/lib/python3.7/site-packages/airflow/example_dags/example_complex.py
[2025-11-21T11:00:46.520+0300] {logging_mixin.py:137} INFO - [2025-11-21T11:00:46.520+0300] {dag.py:2705} INFO - Sync 1 DAGs
[2025-11-21T11:00:46.563+0300] {logging_mixin.py:137} INFO - [2025-11-21T11:00:46.562+0300] {dag.py:3456} INFO - Setting next_dagrun for example_complex to None, run_after=None
[2025-11-21T11:00:46.634+0300] {processor.py:175} INFO - Processing /home/pker/airflow_env/lib/python3.7/site-packages/airflow/example_dags/example_complex.py took 0.205 seconds
[2025-11-21T11:01:35.083+0300] {processor.py:153} INFO - Started process (PID=31133) to work on /home/pker/airflow_env/lib/python3.7/site-packages/airflow/example_dags/example_complex.py
[2025-11-21T11:01:35.105+0300] {processor.py:743} INFO - Processing file /home/pker/airflow_env/lib/python3.7/site-packages/airflow/example_dags/example_complex.py for tasks to queue
[2025-11-21T11:01:35.107+0300] {logging_mixin.py:137} INFO - [2025-11-21T11:01:35.107+0300] {dagbag.py:532} INFO - Filling up the DagBag from /home/pker/airflow_env/lib/python3.7/site-packages/airflow/example_dags/example_complex.py
[2025-11-21T11:01:35.134+0300] {logging_mixin.py:137} INFO - [2025-11-21T11:01:35.134+0300] {taskmixin.py:211} WARNING - Dependency <Task(BashOperator): create_entry_group>, delete_entry_group already registered for DAG: example_complex
[2025-11-21T11:01:35.134+0300] {logging_mixin.py:137} INFO - [2025-11-21T11:01:35.134+0300] {taskmixin.py:211} WARNING - Dependency <Task(BashOperator): delete_entry_group>, create_entry_group already registered for DAG: example_complex
[2025-11-21T11:01:35.135+0300] {logging_mixin.py:137} INFO - [2025-11-21T11:01:35.135+0300] {taskmixin.py:211} WARNING - Dependency <Task(BashOperator): create_entry_gcs>, delete_entry already registered for DAG: example_complex
[2025-11-21T11:01:35.135+0300] {logging_mixin.py:137} INFO - [2025-11-21T11:01:35.135+0300] {taskmixin.py:211} WARNING - Dependency <Task(BashOperator): delete_entry>, create_entry_gcs already registered for DAG: example_complex
[2025-11-21T11:01:35.136+0300] {logging_mixin.py:137} INFO - [2025-11-21T11:01:35.136+0300] {taskmixin.py:211} WARNING - Dependency <Task(BashOperator): create_tag>, delete_tag already registered for DAG: example_complex
[2025-11-21T11:01:35.136+0300] {logging_mixin.py:137} INFO - [2025-11-21T11:01:35.136+0300] {taskmixin.py:211} WARNING - Dependency <Task(BashOperator): delete_tag>, create_tag already registered for DAG: example_complex
[2025-11-21T11:01:35.150+0300] {processor.py:753} INFO - DAG(s) dict_keys(['example_complex']) retrieved from /home/pker/airflow_env/lib/python3.7/site-packages/airflow/example_dags/example_complex.py
[2025-11-21T11:01:35.210+0300] {logging_mixin.py:137} INFO - [2025-11-21T11:01:35.210+0300] {dag.py:2705} INFO - Sync 1 DAGs
[2025-11-21T11:01:35.251+0300] {logging_mixin.py:137} INFO - [2025-11-21T11:01:35.251+0300] {dag.py:3456} INFO - Setting next_dagrun for example_complex to None, run_after=None
[2025-11-21T11:01:35.320+0300] {processor.py:175} INFO - Processing /home/pker/airflow_env/lib/python3.7/site-packages/airflow/example_dags/example_complex.py took 0.244 seconds
[2025-11-21T11:02:23.076+0300] {processor.py:153} INFO - Started process (PID=31179) to work on /home/pker/airflow_env/lib/python3.7/site-packages/airflow/example_dags/example_complex.py
[2025-11-21T11:02:23.098+0300] {processor.py:743} INFO - Processing file /home/pker/airflow_env/lib/python3.7/site-packages/airflow/example_dags/example_complex.py for tasks to queue
[2025-11-21T11:02:23.101+0300] {logging_mixin.py:137} INFO - [2025-11-21T11:02:23.100+0300] {dagbag.py:532} INFO - Filling up the DagBag from /home/pker/airflow_env/lib/python3.7/site-packages/airflow/example_dags/example_complex.py
[2025-11-21T11:02:23.126+0300] {logging_mixin.py:137} INFO - [2025-11-21T11:02:23.126+0300] {taskmixin.py:211} WARNING - Dependency <Task(BashOperator): create_entry_group>, delete_entry_group already registered for DAG: example_complex
[2025-11-21T11:02:23.126+0300] {logging_mixin.py:137} INFO - [2025-11-21T11:02:23.126+0300] {taskmixin.py:211} WARNING - Dependency <Task(BashOperator): delete_entry_group>, create_entry_group already registered for DAG: example_complex
[2025-11-21T11:02:23.127+0300] {logging_mixin.py:137} INFO - [2025-11-21T11:02:23.126+0300] {taskmixin.py:211} WARNING - Dependency <Task(BashOperator): create_entry_gcs>, delete_entry already registered for DAG: example_complex
[2025-11-21T11:02:23.127+0300] {logging_mixin.py:137} INFO - [2025-11-21T11:02:23.127+0300] {taskmixin.py:211} WARNING - Dependency <Task(BashOperator): delete_entry>, create_entry_gcs already registered for DAG: example_complex
[2025-11-21T11:02:23.127+0300] {logging_mixin.py:137} INFO - [2025-11-21T11:02:23.127+0300] {taskmixin.py:211} WARNING - Dependency <Task(BashOperator): create_tag>, delete_tag already registered for DAG: example_complex
[2025-11-21T11:02:23.127+0300] {logging_mixin.py:137} INFO - [2025-11-21T11:02:23.127+0300] {taskmixin.py:211} WARNING - Dependency <Task(BashOperator): delete_tag>, create_tag already registered for DAG: example_complex
[2025-11-21T11:02:23.137+0300] {processor.py:753} INFO - DAG(s) dict_keys(['example_complex']) retrieved from /home/pker/airflow_env/lib/python3.7/site-packages/airflow/example_dags/example_complex.py
[2025-11-21T11:02:23.177+0300] {logging_mixin.py:137} INFO - [2025-11-21T11:02:23.176+0300] {dag.py:2705} INFO - Sync 1 DAGs
[2025-11-21T11:02:23.208+0300] {logging_mixin.py:137} INFO - [2025-11-21T11:02:23.207+0300] {dag.py:3456} INFO - Setting next_dagrun for example_complex to None, run_after=None
[2025-11-21T11:02:23.260+0300] {processor.py:175} INFO - Processing /home/pker/airflow_env/lib/python3.7/site-packages/airflow/example_dags/example_complex.py took 0.191 seconds
[2025-11-21T11:03:08.047+0300] {processor.py:153} INFO - Started process (PID=31226) to work on /home/pker/airflow_env/lib/python3.7/site-packages/airflow/example_dags/example_complex.py
[2025-11-21T11:03:08.050+0300] {processor.py:743} INFO - Processing file /home/pker/airflow_env/lib/python3.7/site-packages/airflow/example_dags/example_complex.py for tasks to queue
[2025-11-21T11:03:08.051+0300] {logging_mixin.py:137} INFO - [2025-11-21T11:03:08.051+0300] {dagbag.py:532} INFO - Filling up the DagBag from /home/pker/airflow_env/lib/python3.7/site-packages/airflow/example_dags/example_complex.py
[2025-11-21T11:03:08.075+0300] {logging_mixin.py:137} INFO - [2025-11-21T11:03:08.074+0300] {taskmixin.py:211} WARNING - Dependency <Task(BashOperator): create_entry_group>, delete_entry_group already registered for DAG: example_complex
[2025-11-21T11:03:08.075+0300] {logging_mixin.py:137} INFO - [2025-11-21T11:03:08.075+0300] {taskmixin.py:211} WARNING - Dependency <Task(BashOperator): delete_entry_group>, create_entry_group already registered for DAG: example_complex
[2025-11-21T11:03:08.076+0300] {logging_mixin.py:137} INFO - [2025-11-21T11:03:08.076+0300] {taskmixin.py:211} WARNING - Dependency <Task(BashOperator): create_entry_gcs>, delete_entry already registered for DAG: example_complex
[2025-11-21T11:03:08.076+0300] {logging_mixin.py:137} INFO - [2025-11-21T11:03:08.076+0300] {taskmixin.py:211} WARNING - Dependency <Task(BashOperator): delete_entry>, create_entry_gcs already registered for DAG: example_complex
[2025-11-21T11:03:08.076+0300] {logging_mixin.py:137} INFO - [2025-11-21T11:03:08.076+0300] {taskmixin.py:211} WARNING - Dependency <Task(BashOperator): create_tag>, delete_tag already registered for DAG: example_complex
[2025-11-21T11:03:08.076+0300] {logging_mixin.py:137} INFO - [2025-11-21T11:03:08.076+0300] {taskmixin.py:211} WARNING - Dependency <Task(BashOperator): delete_tag>, create_tag already registered for DAG: example_complex
[2025-11-21T11:03:08.088+0300] {processor.py:753} INFO - DAG(s) dict_keys(['example_complex']) retrieved from /home/pker/airflow_env/lib/python3.7/site-packages/airflow/example_dags/example_complex.py
[2025-11-21T11:03:08.137+0300] {logging_mixin.py:137} INFO - [2025-11-21T11:03:08.136+0300] {dag.py:2705} INFO - Sync 1 DAGs
[2025-11-21T11:03:08.177+0300] {logging_mixin.py:137} INFO - [2025-11-21T11:03:08.176+0300] {dag.py:3456} INFO - Setting next_dagrun for example_complex to None, run_after=None
[2025-11-21T11:03:08.256+0300] {processor.py:175} INFO - Processing /home/pker/airflow_env/lib/python3.7/site-packages/airflow/example_dags/example_complex.py took 0.216 seconds
[2025-11-21T11:03:56.042+0300] {processor.py:153} INFO - Started process (PID=31271) to work on /home/pker/airflow_env/lib/python3.7/site-packages/airflow/example_dags/example_complex.py
[2025-11-21T11:03:56.044+0300] {processor.py:743} INFO - Processing file /home/pker/airflow_env/lib/python3.7/site-packages/airflow/example_dags/example_complex.py for tasks to queue
[2025-11-21T11:03:56.045+0300] {logging_mixin.py:137} INFO - [2025-11-21T11:03:56.045+0300] {dagbag.py:532} INFO - Filling up the DagBag from /home/pker/airflow_env/lib/python3.7/site-packages/airflow/example_dags/example_complex.py
[2025-11-21T11:03:56.061+0300] {logging_mixin.py:137} INFO - [2025-11-21T11:03:56.061+0300] {taskmixin.py:211} WARNING - Dependency <Task(BashOperator): create_entry_group>, delete_entry_group already registered for DAG: example_complex
[2025-11-21T11:03:56.061+0300] {logging_mixin.py:137} INFO - [2025-11-21T11:03:56.061+0300] {taskmixin.py:211} WARNING - Dependency <Task(BashOperator): delete_entry_group>, create_entry_group already registered for DAG: example_complex
[2025-11-21T11:03:56.062+0300] {logging_mixin.py:137} INFO - [2025-11-21T11:03:56.062+0300] {taskmixin.py:211} WARNING - Dependency <Task(BashOperator): create_entry_gcs>, delete_entry already registered for DAG: example_complex
[2025-11-21T11:03:56.062+0300] {logging_mixin.py:137} INFO - [2025-11-21T11:03:56.062+0300] {taskmixin.py:211} WARNING - Dependency <Task(BashOperator): delete_entry>, create_entry_gcs already registered for DAG: example_complex
[2025-11-21T11:03:56.062+0300] {logging_mixin.py:137} INFO - [2025-11-21T11:03:56.062+0300] {taskmixin.py:211} WARNING - Dependency <Task(BashOperator): create_tag>, delete_tag already registered for DAG: example_complex
[2025-11-21T11:03:56.063+0300] {logging_mixin.py:137} INFO - [2025-11-21T11:03:56.063+0300] {taskmixin.py:211} WARNING - Dependency <Task(BashOperator): delete_tag>, create_tag already registered for DAG: example_complex
[2025-11-21T11:03:56.074+0300] {processor.py:753} INFO - DAG(s) dict_keys(['example_complex']) retrieved from /home/pker/airflow_env/lib/python3.7/site-packages/airflow/example_dags/example_complex.py
[2025-11-21T11:03:56.129+0300] {logging_mixin.py:137} INFO - [2025-11-21T11:03:56.128+0300] {dag.py:2705} INFO - Sync 1 DAGs
[2025-11-21T11:03:56.173+0300] {logging_mixin.py:137} INFO - [2025-11-21T11:03:56.172+0300] {dag.py:3456} INFO - Setting next_dagrun for example_complex to None, run_after=None
[2025-11-21T11:03:56.236+0300] {processor.py:175} INFO - Processing /home/pker/airflow_env/lib/python3.7/site-packages/airflow/example_dags/example_complex.py took 0.198 seconds
[2025-11-21T11:04:44.853+0300] {processor.py:153} INFO - Started process (PID=31313) to work on /home/pker/airflow_env/lib/python3.7/site-packages/airflow/example_dags/example_complex.py
[2025-11-21T11:04:44.877+0300] {processor.py:743} INFO - Processing file /home/pker/airflow_env/lib/python3.7/site-packages/airflow/example_dags/example_complex.py for tasks to queue
[2025-11-21T11:04:44.878+0300] {logging_mixin.py:137} INFO - [2025-11-21T11:04:44.878+0300] {dagbag.py:532} INFO - Filling up the DagBag from /home/pker/airflow_env/lib/python3.7/site-packages/airflow/example_dags/example_complex.py
[2025-11-21T11:04:44.907+0300] {logging_mixin.py:137} INFO - [2025-11-21T11:04:44.907+0300] {taskmixin.py:211} WARNING - Dependency <Task(BashOperator): create_entry_group>, delete_entry_group already registered for DAG: example_complex
[2025-11-21T11:04:44.907+0300] {logging_mixin.py:137} INFO - [2025-11-21T11:04:44.907+0300] {taskmixin.py:211} WARNING - Dependency <Task(BashOperator): delete_entry_group>, create_entry_group already registered for DAG: example_complex
[2025-11-21T11:04:44.908+0300] {logging_mixin.py:137} INFO - [2025-11-21T11:04:44.908+0300] {taskmixin.py:211} WARNING - Dependency <Task(BashOperator): create_entry_gcs>, delete_entry already registered for DAG: example_complex
[2025-11-21T11:04:44.908+0300] {logging_mixin.py:137} INFO - [2025-11-21T11:04:44.908+0300] {taskmixin.py:211} WARNING - Dependency <Task(BashOperator): delete_entry>, create_entry_gcs already registered for DAG: example_complex
[2025-11-21T11:04:44.909+0300] {logging_mixin.py:137} INFO - [2025-11-21T11:04:44.909+0300] {taskmixin.py:211} WARNING - Dependency <Task(BashOperator): create_tag>, delete_tag already registered for DAG: example_complex
[2025-11-21T11:04:44.909+0300] {logging_mixin.py:137} INFO - [2025-11-21T11:04:44.909+0300] {taskmixin.py:211} WARNING - Dependency <Task(BashOperator): delete_tag>, create_tag already registered for DAG: example_complex
[2025-11-21T11:04:44.923+0300] {processor.py:753} INFO - DAG(s) dict_keys(['example_complex']) retrieved from /home/pker/airflow_env/lib/python3.7/site-packages/airflow/example_dags/example_complex.py
[2025-11-21T11:04:44.972+0300] {logging_mixin.py:137} INFO - [2025-11-21T11:04:44.972+0300] {dag.py:2705} INFO - Sync 1 DAGs
[2025-11-21T11:04:45.001+0300] {logging_mixin.py:137} INFO - [2025-11-21T11:04:45.001+0300] {dag.py:3456} INFO - Setting next_dagrun for example_complex to None, run_after=None
[2025-11-21T11:04:45.034+0300] {processor.py:175} INFO - Processing /home/pker/airflow_env/lib/python3.7/site-packages/airflow/example_dags/example_complex.py took 0.189 seconds
[2025-11-21T11:05:35.221+0300] {processor.py:153} INFO - Started process (PID=31362) to work on /home/pker/airflow_env/lib/python3.7/site-packages/airflow/example_dags/example_complex.py
[2025-11-21T11:05:35.243+0300] {processor.py:743} INFO - Processing file /home/pker/airflow_env/lib/python3.7/site-packages/airflow/example_dags/example_complex.py for tasks to queue
[2025-11-21T11:05:35.246+0300] {logging_mixin.py:137} INFO - [2025-11-21T11:05:35.245+0300] {dagbag.py:532} INFO - Filling up the DagBag from /home/pker/airflow_env/lib/python3.7/site-packages/airflow/example_dags/example_complex.py
[2025-11-21T11:05:35.271+0300] {logging_mixin.py:137} INFO - [2025-11-21T11:05:35.270+0300] {taskmixin.py:211} WARNING - Dependency <Task(BashOperator): create_entry_group>, delete_entry_group already registered for DAG: example_complex
[2025-11-21T11:05:35.271+0300] {logging_mixin.py:137} INFO - [2025-11-21T11:05:35.271+0300] {taskmixin.py:211} WARNING - Dependency <Task(BashOperator): delete_entry_group>, create_entry_group already registered for DAG: example_complex
[2025-11-21T11:05:35.271+0300] {logging_mixin.py:137} INFO - [2025-11-21T11:05:35.271+0300] {taskmixin.py:211} WARNING - Dependency <Task(BashOperator): create_entry_gcs>, delete_entry already registered for DAG: example_complex
[2025-11-21T11:05:35.272+0300] {logging_mixin.py:137} INFO - [2025-11-21T11:05:35.271+0300] {taskmixin.py:211} WARNING - Dependency <Task(BashOperator): delete_entry>, create_entry_gcs already registered for DAG: example_complex
[2025-11-21T11:05:35.272+0300] {logging_mixin.py:137} INFO - [2025-11-21T11:05:35.272+0300] {taskmixin.py:211} WARNING - Dependency <Task(BashOperator): create_tag>, delete_tag already registered for DAG: example_complex
[2025-11-21T11:05:35.272+0300] {logging_mixin.py:137} INFO - [2025-11-21T11:05:35.272+0300] {taskmixin.py:211} WARNING - Dependency <Task(BashOperator): delete_tag>, create_tag already registered for DAG: example_complex
[2025-11-21T11:05:35.284+0300] {processor.py:753} INFO - DAG(s) dict_keys(['example_complex']) retrieved from /home/pker/airflow_env/lib/python3.7/site-packages/airflow/example_dags/example_complex.py
[2025-11-21T11:05:35.339+0300] {logging_mixin.py:137} INFO - [2025-11-21T11:05:35.339+0300] {dag.py:2705} INFO - Sync 1 DAGs
[2025-11-21T11:05:35.372+0300] {logging_mixin.py:137} INFO - [2025-11-21T11:05:35.372+0300] {dag.py:3456} INFO - Setting next_dagrun for example_complex to None, run_after=None
[2025-11-21T11:05:35.429+0300] {processor.py:175} INFO - Processing /home/pker/airflow_env/lib/python3.7/site-packages/airflow/example_dags/example_complex.py took 0.215 seconds
[2025-11-21T11:06:21.332+0300] {processor.py:153} INFO - Started process (PID=31411) to work on /home/pker/airflow_env/lib/python3.7/site-packages/airflow/example_dags/example_complex.py
[2025-11-21T11:06:21.355+0300] {processor.py:743} INFO - Processing file /home/pker/airflow_env/lib/python3.7/site-packages/airflow/example_dags/example_complex.py for tasks to queue
[2025-11-21T11:06:21.357+0300] {logging_mixin.py:137} INFO - [2025-11-21T11:06:21.357+0300] {dagbag.py:532} INFO - Filling up the DagBag from /home/pker/airflow_env/lib/python3.7/site-packages/airflow/example_dags/example_complex.py
[2025-11-21T11:06:21.390+0300] {logging_mixin.py:137} INFO - [2025-11-21T11:06:21.390+0300] {taskmixin.py:211} WARNING - Dependency <Task(BashOperator): create_entry_group>, delete_entry_group already registered for DAG: example_complex
[2025-11-21T11:06:21.391+0300] {logging_mixin.py:137} INFO - [2025-11-21T11:06:21.391+0300] {taskmixin.py:211} WARNING - Dependency <Task(BashOperator): delete_entry_group>, create_entry_group already registered for DAG: example_complex
[2025-11-21T11:06:21.391+0300] {logging_mixin.py:137} INFO - [2025-11-21T11:06:21.391+0300] {taskmixin.py:211} WARNING - Dependency <Task(BashOperator): create_entry_gcs>, delete_entry already registered for DAG: example_complex
[2025-11-21T11:06:21.391+0300] {logging_mixin.py:137} INFO - [2025-11-21T11:06:21.391+0300] {taskmixin.py:211} WARNING - Dependency <Task(BashOperator): delete_entry>, create_entry_gcs already registered for DAG: example_complex
[2025-11-21T11:06:21.392+0300] {logging_mixin.py:137} INFO - [2025-11-21T11:06:21.392+0300] {taskmixin.py:211} WARNING - Dependency <Task(BashOperator): create_tag>, delete_tag already registered for DAG: example_complex
[2025-11-21T11:06:21.392+0300] {logging_mixin.py:137} INFO - [2025-11-21T11:06:21.392+0300] {taskmixin.py:211} WARNING - Dependency <Task(BashOperator): delete_tag>, create_tag already registered for DAG: example_complex
[2025-11-21T11:06:21.406+0300] {processor.py:753} INFO - DAG(s) dict_keys(['example_complex']) retrieved from /home/pker/airflow_env/lib/python3.7/site-packages/airflow/example_dags/example_complex.py
[2025-11-21T11:06:21.461+0300] {logging_mixin.py:137} INFO - [2025-11-21T11:06:21.461+0300] {dag.py:2705} INFO - Sync 1 DAGs
[2025-11-21T11:06:21.492+0300] {logging_mixin.py:137} INFO - [2025-11-21T11:06:21.491+0300] {dag.py:3456} INFO - Setting next_dagrun for example_complex to None, run_after=None
[2025-11-21T11:06:21.548+0300] {processor.py:175} INFO - Processing /home/pker/airflow_env/lib/python3.7/site-packages/airflow/example_dags/example_complex.py took 0.222 seconds
[2025-11-21T11:07:09.756+0300] {processor.py:153} INFO - Started process (PID=31461) to work on /home/pker/airflow_env/lib/python3.7/site-packages/airflow/example_dags/example_complex.py
[2025-11-21T11:07:09.778+0300] {processor.py:743} INFO - Processing file /home/pker/airflow_env/lib/python3.7/site-packages/airflow/example_dags/example_complex.py for tasks to queue
[2025-11-21T11:07:09.781+0300] {logging_mixin.py:137} INFO - [2025-11-21T11:07:09.781+0300] {dagbag.py:532} INFO - Filling up the DagBag from /home/pker/airflow_env/lib/python3.7/site-packages/airflow/example_dags/example_complex.py
[2025-11-21T11:07:09.827+0300] {logging_mixin.py:137} INFO - [2025-11-21T11:07:09.826+0300] {taskmixin.py:211} WARNING - Dependency <Task(BashOperator): create_entry_group>, delete_entry_group already registered for DAG: example_complex
[2025-11-21T11:07:09.827+0300] {logging_mixin.py:137} INFO - [2025-11-21T11:07:09.827+0300] {taskmixin.py:211} WARNING - Dependency <Task(BashOperator): delete_entry_group>, create_entry_group already registered for DAG: example_complex
[2025-11-21T11:07:09.828+0300] {logging_mixin.py:137} INFO - [2025-11-21T11:07:09.827+0300] {taskmixin.py:211} WARNING - Dependency <Task(BashOperator): create_entry_gcs>, delete_entry already registered for DAG: example_complex
[2025-11-21T11:07:09.828+0300] {logging_mixin.py:137} INFO - [2025-11-21T11:07:09.828+0300] {taskmixin.py:211} WARNING - Dependency <Task(BashOperator): delete_entry>, create_entry_gcs already registered for DAG: example_complex
[2025-11-21T11:07:09.828+0300] {logging_mixin.py:137} INFO - [2025-11-21T11:07:09.828+0300] {taskmixin.py:211} WARNING - Dependency <Task(BashOperator): create_tag>, delete_tag already registered for DAG: example_complex
[2025-11-21T11:07:09.828+0300] {logging_mixin.py:137} INFO - [2025-11-21T11:07:09.828+0300] {taskmixin.py:211} WARNING - Dependency <Task(BashOperator): delete_tag>, create_tag already registered for DAG: example_complex
[2025-11-21T11:07:09.844+0300] {processor.py:753} INFO - DAG(s) dict_keys(['example_complex']) retrieved from /home/pker/airflow_env/lib/python3.7/site-packages/airflow/example_dags/example_complex.py
[2025-11-21T11:07:09.907+0300] {logging_mixin.py:137} INFO - [2025-11-21T11:07:09.906+0300] {dag.py:2705} INFO - Sync 1 DAGs
[2025-11-21T11:07:09.945+0300] {logging_mixin.py:137} INFO - [2025-11-21T11:07:09.945+0300] {dag.py:3456} INFO - Setting next_dagrun for example_complex to None, run_after=None
[2025-11-21T11:07:09.995+0300] {processor.py:175} INFO - Processing /home/pker/airflow_env/lib/python3.7/site-packages/airflow/example_dags/example_complex.py took 0.246 seconds
[2025-11-21T11:07:57.588+0300] {processor.py:153} INFO - Started process (PID=31529) to work on /home/pker/airflow_env/lib/python3.7/site-packages/airflow/example_dags/example_complex.py
[2025-11-21T11:07:57.609+0300] {processor.py:743} INFO - Processing file /home/pker/airflow_env/lib/python3.7/site-packages/airflow/example_dags/example_complex.py for tasks to queue
[2025-11-21T11:07:57.611+0300] {logging_mixin.py:137} INFO - [2025-11-21T11:07:57.611+0300] {dagbag.py:532} INFO - Filling up the DagBag from /home/pker/airflow_env/lib/python3.7/site-packages/airflow/example_dags/example_complex.py
[2025-11-21T11:07:57.627+0300] {logging_mixin.py:137} INFO - [2025-11-21T11:07:57.627+0300] {taskmixin.py:211} WARNING - Dependency <Task(BashOperator): create_entry_group>, delete_entry_group already registered for DAG: example_complex
[2025-11-21T11:07:57.628+0300] {logging_mixin.py:137} INFO - [2025-11-21T11:07:57.628+0300] {taskmixin.py:211} WARNING - Dependency <Task(BashOperator): delete_entry_group>, create_entry_group already registered for DAG: example_complex
[2025-11-21T11:07:57.628+0300] {logging_mixin.py:137} INFO - [2025-11-21T11:07:57.628+0300] {taskmixin.py:211} WARNING - Dependency <Task(BashOperator): create_entry_gcs>, delete_entry already registered for DAG: example_complex
[2025-11-21T11:07:57.628+0300] {logging_mixin.py:137} INFO - [2025-11-21T11:07:57.628+0300] {taskmixin.py:211} WARNING - Dependency <Task(BashOperator): delete_entry>, create_entry_gcs already registered for DAG: example_complex
[2025-11-21T11:07:57.628+0300] {logging_mixin.py:137} INFO - [2025-11-21T11:07:57.628+0300] {taskmixin.py:211} WARNING - Dependency <Task(BashOperator): create_tag>, delete_tag already registered for DAG: example_complex
[2025-11-21T11:07:57.629+0300] {logging_mixin.py:137} INFO - [2025-11-21T11:07:57.628+0300] {taskmixin.py:211} WARNING - Dependency <Task(BashOperator): delete_tag>, create_tag already registered for DAG: example_complex
[2025-11-21T11:07:57.639+0300] {processor.py:753} INFO - DAG(s) dict_keys(['example_complex']) retrieved from /home/pker/airflow_env/lib/python3.7/site-packages/airflow/example_dags/example_complex.py
[2025-11-21T11:07:57.685+0300] {logging_mixin.py:137} INFO - [2025-11-21T11:07:57.685+0300] {dag.py:2705} INFO - Sync 1 DAGs
[2025-11-21T11:07:57.717+0300] {logging_mixin.py:137} INFO - [2025-11-21T11:07:57.716+0300] {dag.py:3456} INFO - Setting next_dagrun for example_complex to None, run_after=None
[2025-11-21T11:07:57.783+0300] {processor.py:175} INFO - Processing /home/pker/airflow_env/lib/python3.7/site-packages/airflow/example_dags/example_complex.py took 0.201 seconds
[2025-11-21T11:08:45.681+0300] {processor.py:153} INFO - Started process (PID=31576) to work on /home/pker/airflow_env/lib/python3.7/site-packages/airflow/example_dags/example_complex.py
[2025-11-21T11:08:45.685+0300] {processor.py:743} INFO - Processing file /home/pker/airflow_env/lib/python3.7/site-packages/airflow/example_dags/example_complex.py for tasks to queue
[2025-11-21T11:08:45.687+0300] {logging_mixin.py:137} INFO - [2025-11-21T11:08:45.686+0300] {dagbag.py:532} INFO - Filling up the DagBag from /home/pker/airflow_env/lib/python3.7/site-packages/airflow/example_dags/example_complex.py
[2025-11-21T11:08:45.716+0300] {logging_mixin.py:137} INFO - [2025-11-21T11:08:45.715+0300] {taskmixin.py:211} WARNING - Dependency <Task(BashOperator): create_entry_group>, delete_entry_group already registered for DAG: example_complex
[2025-11-21T11:08:45.716+0300] {logging_mixin.py:137} INFO - [2025-11-21T11:08:45.716+0300] {taskmixin.py:211} WARNING - Dependency <Task(BashOperator): delete_entry_group>, create_entry_group already registered for DAG: example_complex
[2025-11-21T11:08:45.717+0300] {logging_mixin.py:137} INFO - [2025-11-21T11:08:45.717+0300] {taskmixin.py:211} WARNING - Dependency <Task(BashOperator): create_entry_gcs>, delete_entry already registered for DAG: example_complex
[2025-11-21T11:08:45.717+0300] {logging_mixin.py:137} INFO - [2025-11-21T11:08:45.717+0300] {taskmixin.py:211} WARNING - Dependency <Task(BashOperator): delete_entry>, create_entry_gcs already registered for DAG: example_complex
[2025-11-21T11:08:45.718+0300] {logging_mixin.py:137} INFO - [2025-11-21T11:08:45.718+0300] {taskmixin.py:211} WARNING - Dependency <Task(BashOperator): create_tag>, delete_tag already registered for DAG: example_complex
[2025-11-21T11:08:45.718+0300] {logging_mixin.py:137} INFO - [2025-11-21T11:08:45.718+0300] {taskmixin.py:211} WARNING - Dependency <Task(BashOperator): delete_tag>, create_tag already registered for DAG: example_complex
[2025-11-21T11:08:45.733+0300] {processor.py:753} INFO - DAG(s) dict_keys(['example_complex']) retrieved from /home/pker/airflow_env/lib/python3.7/site-packages/airflow/example_dags/example_complex.py
[2025-11-21T11:08:45.781+0300] {logging_mixin.py:137} INFO - [2025-11-21T11:08:45.781+0300] {dag.py:2705} INFO - Sync 1 DAGs
[2025-11-21T11:08:45.811+0300] {logging_mixin.py:137} INFO - [2025-11-21T11:08:45.811+0300] {dag.py:3456} INFO - Setting next_dagrun for example_complex to None, run_after=None
[2025-11-21T11:08:45.872+0300] {processor.py:175} INFO - Processing /home/pker/airflow_env/lib/python3.7/site-packages/airflow/example_dags/example_complex.py took 0.198 seconds
