[2025-11-21T10:44:27.974+0300] {processor.py:153} INFO - Started process (PID=30108) to work on /home/pker/airflow_env/lib/python3.7/site-packages/airflow/example_dags/example_branch_datetime_operator.py
[2025-11-21T10:44:27.976+0300] {processor.py:743} INFO - Processing file /home/pker/airflow_env/lib/python3.7/site-packages/airflow/example_dags/example_branch_datetime_operator.py for tasks to queue
[2025-11-21T10:44:27.977+0300] {logging_mixin.py:137} INFO - [2025-11-21T10:44:27.977+0300] {dagbag.py:532} INFO - Filling up the DagBag from /home/pker/airflow_env/lib/python3.7/site-packages/airflow/example_dags/example_branch_datetime_operator.py
[2025-11-21T10:44:28.033+0300] {processor.py:753} INFO - DAG(s) dict_keys(['example_branch_datetime_operator', 'example_branch_datetime_operator_2', 'example_branch_datetime_operator_3']) retrieved from /home/pker/airflow_env/lib/python3.7/site-packages/airflow/example_dags/example_branch_datetime_operator.py
[2025-11-21T10:44:28.252+0300] {logging_mixin.py:137} INFO - [2025-11-21T10:44:28.252+0300] {manager.py:504} INFO - Created Permission View: can delete on DAG:example_branch_datetime_operator
[2025-11-21T10:44:28.277+0300] {logging_mixin.py:137} INFO - [2025-11-21T10:44:28.277+0300] {manager.py:504} INFO - Created Permission View: can read on DAG:example_branch_datetime_operator
[2025-11-21T10:44:28.300+0300] {logging_mixin.py:137} INFO - [2025-11-21T10:44:28.299+0300] {manager.py:504} INFO - Created Permission View: can edit on DAG:example_branch_datetime_operator
[2025-11-21T10:44:28.338+0300] {logging_mixin.py:137} INFO - [2025-11-21T10:44:28.338+0300] {manager.py:504} INFO - Created Permission View: can delete on DAG:example_branch_datetime_operator_2
[2025-11-21T10:44:28.358+0300] {logging_mixin.py:137} INFO - [2025-11-21T10:44:28.358+0300] {manager.py:504} INFO - Created Permission View: can read on DAG:example_branch_datetime_operator_2
[2025-11-21T10:44:28.374+0300] {logging_mixin.py:137} INFO - [2025-11-21T10:44:28.373+0300] {manager.py:504} INFO - Created Permission View: can edit on DAG:example_branch_datetime_operator_2
[2025-11-21T10:44:28.407+0300] {logging_mixin.py:137} INFO - [2025-11-21T10:44:28.406+0300] {manager.py:504} INFO - Created Permission View: can delete on DAG:example_branch_datetime_operator_3
[2025-11-21T10:44:28.419+0300] {logging_mixin.py:137} INFO - [2025-11-21T10:44:28.419+0300] {manager.py:504} INFO - Created Permission View: can read on DAG:example_branch_datetime_operator_3
[2025-11-21T10:44:28.432+0300] {logging_mixin.py:137} INFO - [2025-11-21T10:44:28.432+0300] {manager.py:504} INFO - Created Permission View: can edit on DAG:example_branch_datetime_operator_3
[2025-11-21T10:44:28.432+0300] {logging_mixin.py:137} INFO - [2025-11-21T10:44:28.432+0300] {dag.py:2705} INFO - Sync 3 DAGs
[2025-11-21T10:44:28.448+0300] {logging_mixin.py:137} INFO - [2025-11-21T10:44:28.448+0300] {dag.py:2726} INFO - Creating ORM DAG for example_branch_datetime_operator_3
[2025-11-21T10:44:28.449+0300] {logging_mixin.py:137} INFO - [2025-11-21T10:44:28.449+0300] {dag.py:2726} INFO - Creating ORM DAG for example_branch_datetime_operator_2
[2025-11-21T10:44:28.449+0300] {logging_mixin.py:137} INFO - [2025-11-21T10:44:28.449+0300] {dag.py:2726} INFO - Creating ORM DAG for example_branch_datetime_operator
[2025-11-21T10:44:28.462+0300] {logging_mixin.py:137} INFO - [2025-11-21T10:44:28.462+0300] {dag.py:3456} INFO - Setting next_dagrun for example_branch_datetime_operator to 2025-11-20T00:00:00+00:00, run_after=2025-11-21T00:00:00+00:00
[2025-11-21T10:44:28.465+0300] {logging_mixin.py:137} INFO - [2025-11-21T10:44:28.465+0300] {dag.py:3456} INFO - Setting next_dagrun for example_branch_datetime_operator_2 to 2025-11-20T00:00:00+00:00, run_after=2025-11-21T00:00:00+00:00
[2025-11-21T10:44:28.467+0300] {logging_mixin.py:137} INFO - [2025-11-21T10:44:28.467+0300] {dag.py:3456} INFO - Setting next_dagrun for example_branch_datetime_operator_3 to 2025-11-20T00:00:00+00:00, run_after=2025-11-21T00:00:00+00:00
[2025-11-21T10:44:28.497+0300] {processor.py:175} INFO - Processing /home/pker/airflow_env/lib/python3.7/site-packages/airflow/example_dags/example_branch_datetime_operator.py took 0.529 seconds
[2025-11-21T10:45:15.572+0300] {processor.py:153} INFO - Started process (PID=30152) to work on /home/pker/airflow_env/lib/python3.7/site-packages/airflow/example_dags/example_branch_datetime_operator.py
[2025-11-21T10:45:15.595+0300] {processor.py:743} INFO - Processing file /home/pker/airflow_env/lib/python3.7/site-packages/airflow/example_dags/example_branch_datetime_operator.py for tasks to queue
[2025-11-21T10:45:15.597+0300] {logging_mixin.py:137} INFO - [2025-11-21T10:45:15.597+0300] {dagbag.py:532} INFO - Filling up the DagBag from /home/pker/airflow_env/lib/python3.7/site-packages/airflow/example_dags/example_branch_datetime_operator.py
[2025-11-21T10:45:15.632+0300] {processor.py:753} INFO - DAG(s) dict_keys(['example_branch_datetime_operator_2', 'example_branch_datetime_operator_3', 'example_branch_datetime_operator']) retrieved from /home/pker/airflow_env/lib/python3.7/site-packages/airflow/example_dags/example_branch_datetime_operator.py
[2025-11-21T10:45:15.673+0300] {logging_mixin.py:137} INFO - [2025-11-21T10:45:15.672+0300] {dag.py:2705} INFO - Sync 3 DAGs
[2025-11-21T10:45:15.701+0300] {logging_mixin.py:137} INFO - [2025-11-21T10:45:15.701+0300] {dag.py:3456} INFO - Setting next_dagrun for example_branch_datetime_operator to 2025-11-20T00:00:00+00:00, run_after=2025-11-21T00:00:00+00:00
[2025-11-21T10:45:15.707+0300] {logging_mixin.py:137} INFO - [2025-11-21T10:45:15.707+0300] {dag.py:3456} INFO - Setting next_dagrun for example_branch_datetime_operator_2 to 2025-11-20T00:00:00+00:00, run_after=2025-11-21T00:00:00+00:00
[2025-11-21T10:45:15.711+0300] {logging_mixin.py:137} INFO - [2025-11-21T10:45:15.711+0300] {dag.py:3456} INFO - Setting next_dagrun for example_branch_datetime_operator_3 to 2025-11-20T00:00:00+00:00, run_after=2025-11-21T00:00:00+00:00
[2025-11-21T10:45:15.785+0300] {processor.py:175} INFO - Processing /home/pker/airflow_env/lib/python3.7/site-packages/airflow/example_dags/example_branch_datetime_operator.py took 0.220 seconds
[2025-11-21T10:46:06.236+0300] {processor.py:153} INFO - Started process (PID=30220) to work on /home/pker/airflow_env/lib/python3.7/site-packages/airflow/example_dags/example_branch_datetime_operator.py
[2025-11-21T10:46:06.238+0300] {processor.py:743} INFO - Processing file /home/pker/airflow_env/lib/python3.7/site-packages/airflow/example_dags/example_branch_datetime_operator.py for tasks to queue
[2025-11-21T10:46:06.239+0300] {logging_mixin.py:137} INFO - [2025-11-21T10:46:06.239+0300] {dagbag.py:532} INFO - Filling up the DagBag from /home/pker/airflow_env/lib/python3.7/site-packages/airflow/example_dags/example_branch_datetime_operator.py
[2025-11-21T10:46:06.269+0300] {processor.py:753} INFO - DAG(s) dict_keys(['example_branch_datetime_operator_2', 'example_branch_datetime_operator_3', 'example_branch_datetime_operator']) retrieved from /home/pker/airflow_env/lib/python3.7/site-packages/airflow/example_dags/example_branch_datetime_operator.py
[2025-11-21T10:46:06.306+0300] {logging_mixin.py:137} INFO - [2025-11-21T10:46:06.306+0300] {dag.py:2705} INFO - Sync 3 DAGs
[2025-11-21T10:46:06.334+0300] {logging_mixin.py:137} INFO - [2025-11-21T10:46:06.333+0300] {dag.py:3456} INFO - Setting next_dagrun for example_branch_datetime_operator to 2025-11-20T00:00:00+00:00, run_after=2025-11-21T00:00:00+00:00
[2025-11-21T10:46:06.338+0300] {logging_mixin.py:137} INFO - [2025-11-21T10:46:06.338+0300] {dag.py:3456} INFO - Setting next_dagrun for example_branch_datetime_operator_2 to 2025-11-20T00:00:00+00:00, run_after=2025-11-21T00:00:00+00:00
[2025-11-21T10:46:06.340+0300] {logging_mixin.py:137} INFO - [2025-11-21T10:46:06.340+0300] {dag.py:3456} INFO - Setting next_dagrun for example_branch_datetime_operator_3 to 2025-11-20T00:00:00+00:00, run_after=2025-11-21T00:00:00+00:00
[2025-11-21T10:46:06.394+0300] {processor.py:175} INFO - Processing /home/pker/airflow_env/lib/python3.7/site-packages/airflow/example_dags/example_branch_datetime_operator.py took 0.164 seconds
[2025-11-21T10:46:52.159+0300] {processor.py:153} INFO - Started process (PID=30268) to work on /home/pker/airflow_env/lib/python3.7/site-packages/airflow/example_dags/example_branch_datetime_operator.py
[2025-11-21T10:46:52.185+0300] {processor.py:743} INFO - Processing file /home/pker/airflow_env/lib/python3.7/site-packages/airflow/example_dags/example_branch_datetime_operator.py for tasks to queue
[2025-11-21T10:46:52.188+0300] {logging_mixin.py:137} INFO - [2025-11-21T10:46:52.187+0300] {dagbag.py:532} INFO - Filling up the DagBag from /home/pker/airflow_env/lib/python3.7/site-packages/airflow/example_dags/example_branch_datetime_operator.py
[2025-11-21T10:46:52.219+0300] {processor.py:753} INFO - DAG(s) dict_keys(['example_branch_datetime_operator', 'example_branch_datetime_operator_3', 'example_branch_datetime_operator_2']) retrieved from /home/pker/airflow_env/lib/python3.7/site-packages/airflow/example_dags/example_branch_datetime_operator.py
[2025-11-21T10:46:52.259+0300] {logging_mixin.py:137} INFO - [2025-11-21T10:46:52.259+0300] {dag.py:2705} INFO - Sync 3 DAGs
[2025-11-21T10:46:52.288+0300] {logging_mixin.py:137} INFO - [2025-11-21T10:46:52.288+0300] {dag.py:3456} INFO - Setting next_dagrun for example_branch_datetime_operator to 2025-11-20T00:00:00+00:00, run_after=2025-11-21T00:00:00+00:00
[2025-11-21T10:46:52.295+0300] {logging_mixin.py:137} INFO - [2025-11-21T10:46:52.295+0300] {dag.py:3456} INFO - Setting next_dagrun for example_branch_datetime_operator_2 to 2025-11-20T00:00:00+00:00, run_after=2025-11-21T00:00:00+00:00
[2025-11-21T10:46:52.298+0300] {logging_mixin.py:137} INFO - [2025-11-21T10:46:52.298+0300] {dag.py:3456} INFO - Setting next_dagrun for example_branch_datetime_operator_3 to 2025-11-20T00:00:00+00:00, run_after=2025-11-21T00:00:00+00:00
[2025-11-21T10:46:52.335+0300] {processor.py:175} INFO - Processing /home/pker/airflow_env/lib/python3.7/site-packages/airflow/example_dags/example_branch_datetime_operator.py took 0.181 seconds
[2025-11-21T10:47:42.431+0300] {processor.py:153} INFO - Started process (PID=30310) to work on /home/pker/airflow_env/lib/python3.7/site-packages/airflow/example_dags/example_branch_datetime_operator.py
[2025-11-21T10:47:42.454+0300] {processor.py:743} INFO - Processing file /home/pker/airflow_env/lib/python3.7/site-packages/airflow/example_dags/example_branch_datetime_operator.py for tasks to queue
[2025-11-21T10:47:42.456+0300] {logging_mixin.py:137} INFO - [2025-11-21T10:47:42.456+0300] {dagbag.py:532} INFO - Filling up the DagBag from /home/pker/airflow_env/lib/python3.7/site-packages/airflow/example_dags/example_branch_datetime_operator.py
[2025-11-21T10:47:42.491+0300] {processor.py:753} INFO - DAG(s) dict_keys(['example_branch_datetime_operator_2', 'example_branch_datetime_operator', 'example_branch_datetime_operator_3']) retrieved from /home/pker/airflow_env/lib/python3.7/site-packages/airflow/example_dags/example_branch_datetime_operator.py
[2025-11-21T10:47:42.534+0300] {logging_mixin.py:137} INFO - [2025-11-21T10:47:42.534+0300] {dag.py:2705} INFO - Sync 3 DAGs
[2025-11-21T10:47:42.564+0300] {logging_mixin.py:137} INFO - [2025-11-21T10:47:42.564+0300] {dag.py:3456} INFO - Setting next_dagrun for example_branch_datetime_operator to 2025-11-20T00:00:00+00:00, run_after=2025-11-21T00:00:00+00:00
[2025-11-21T10:47:42.569+0300] {logging_mixin.py:137} INFO - [2025-11-21T10:47:42.569+0300] {dag.py:3456} INFO - Setting next_dagrun for example_branch_datetime_operator_2 to 2025-11-20T00:00:00+00:00, run_after=2025-11-21T00:00:00+00:00
[2025-11-21T10:47:42.572+0300] {logging_mixin.py:137} INFO - [2025-11-21T10:47:42.572+0300] {dag.py:3456} INFO - Setting next_dagrun for example_branch_datetime_operator_3 to 2025-11-20T00:00:00+00:00, run_after=2025-11-21T00:00:00+00:00
[2025-11-21T10:47:42.601+0300] {processor.py:175} INFO - Processing /home/pker/airflow_env/lib/python3.7/site-packages/airflow/example_dags/example_branch_datetime_operator.py took 0.175 seconds
[2025-11-21T10:48:28.787+0300] {processor.py:153} INFO - Started process (PID=30354) to work on /home/pker/airflow_env/lib/python3.7/site-packages/airflow/example_dags/example_branch_datetime_operator.py
[2025-11-21T10:48:28.810+0300] {processor.py:743} INFO - Processing file /home/pker/airflow_env/lib/python3.7/site-packages/airflow/example_dags/example_branch_datetime_operator.py for tasks to queue
[2025-11-21T10:48:28.812+0300] {logging_mixin.py:137} INFO - [2025-11-21T10:48:28.812+0300] {dagbag.py:532} INFO - Filling up the DagBag from /home/pker/airflow_env/lib/python3.7/site-packages/airflow/example_dags/example_branch_datetime_operator.py
[2025-11-21T10:48:28.844+0300] {processor.py:753} INFO - DAG(s) dict_keys(['example_branch_datetime_operator_2', 'example_branch_datetime_operator_3', 'example_branch_datetime_operator']) retrieved from /home/pker/airflow_env/lib/python3.7/site-packages/airflow/example_dags/example_branch_datetime_operator.py
[2025-11-21T10:48:28.878+0300] {logging_mixin.py:137} INFO - [2025-11-21T10:48:28.878+0300] {dag.py:2705} INFO - Sync 3 DAGs
[2025-11-21T10:48:28.906+0300] {logging_mixin.py:137} INFO - [2025-11-21T10:48:28.906+0300] {dag.py:3456} INFO - Setting next_dagrun for example_branch_datetime_operator to 2025-11-20T00:00:00+00:00, run_after=2025-11-21T00:00:00+00:00
[2025-11-21T10:48:28.911+0300] {logging_mixin.py:137} INFO - [2025-11-21T10:48:28.911+0300] {dag.py:3456} INFO - Setting next_dagrun for example_branch_datetime_operator_2 to 2025-11-20T00:00:00+00:00, run_after=2025-11-21T00:00:00+00:00
[2025-11-21T10:48:28.914+0300] {logging_mixin.py:137} INFO - [2025-11-21T10:48:28.914+0300] {dag.py:3456} INFO - Setting next_dagrun for example_branch_datetime_operator_3 to 2025-11-20T00:00:00+00:00, run_after=2025-11-21T00:00:00+00:00
[2025-11-21T10:48:28.967+0300] {processor.py:175} INFO - Processing /home/pker/airflow_env/lib/python3.7/site-packages/airflow/example_dags/example_branch_datetime_operator.py took 0.185 seconds
[2025-11-21T10:49:15.135+0300] {processor.py:153} INFO - Started process (PID=30411) to work on /home/pker/airflow_env/lib/python3.7/site-packages/airflow/example_dags/example_branch_datetime_operator.py
[2025-11-21T10:49:15.158+0300] {processor.py:743} INFO - Processing file /home/pker/airflow_env/lib/python3.7/site-packages/airflow/example_dags/example_branch_datetime_operator.py for tasks to queue
[2025-11-21T10:49:15.160+0300] {logging_mixin.py:137} INFO - [2025-11-21T10:49:15.160+0300] {dagbag.py:532} INFO - Filling up the DagBag from /home/pker/airflow_env/lib/python3.7/site-packages/airflow/example_dags/example_branch_datetime_operator.py
[2025-11-21T10:49:15.206+0300] {processor.py:753} INFO - DAG(s) dict_keys(['example_branch_datetime_operator_2', 'example_branch_datetime_operator', 'example_branch_datetime_operator_3']) retrieved from /home/pker/airflow_env/lib/python3.7/site-packages/airflow/example_dags/example_branch_datetime_operator.py
[2025-11-21T10:49:15.254+0300] {logging_mixin.py:137} INFO - [2025-11-21T10:49:15.254+0300] {dag.py:2705} INFO - Sync 3 DAGs
[2025-11-21T10:49:15.291+0300] {logging_mixin.py:137} INFO - [2025-11-21T10:49:15.291+0300] {dag.py:3456} INFO - Setting next_dagrun for example_branch_datetime_operator to 2025-11-20T00:00:00+00:00, run_after=2025-11-21T00:00:00+00:00
[2025-11-21T10:49:15.298+0300] {logging_mixin.py:137} INFO - [2025-11-21T10:49:15.297+0300] {dag.py:3456} INFO - Setting next_dagrun for example_branch_datetime_operator_2 to 2025-11-20T00:00:00+00:00, run_after=2025-11-21T00:00:00+00:00
[2025-11-21T10:49:15.300+0300] {logging_mixin.py:137} INFO - [2025-11-21T10:49:15.300+0300] {dag.py:3456} INFO - Setting next_dagrun for example_branch_datetime_operator_3 to 2025-11-20T00:00:00+00:00, run_after=2025-11-21T00:00:00+00:00
[2025-11-21T10:49:15.369+0300] {processor.py:175} INFO - Processing /home/pker/airflow_env/lib/python3.7/site-packages/airflow/example_dags/example_branch_datetime_operator.py took 0.241 seconds
[2025-11-21T10:50:04.775+0300] {processor.py:153} INFO - Started process (PID=30456) to work on /home/pker/airflow_env/lib/python3.7/site-packages/airflow/example_dags/example_branch_datetime_operator.py
[2025-11-21T10:50:04.779+0300] {processor.py:743} INFO - Processing file /home/pker/airflow_env/lib/python3.7/site-packages/airflow/example_dags/example_branch_datetime_operator.py for tasks to queue
[2025-11-21T10:50:04.780+0300] {logging_mixin.py:137} INFO - [2025-11-21T10:50:04.780+0300] {dagbag.py:532} INFO - Filling up the DagBag from /home/pker/airflow_env/lib/python3.7/site-packages/airflow/example_dags/example_branch_datetime_operator.py
[2025-11-21T10:50:04.814+0300] {processor.py:753} INFO - DAG(s) dict_keys(['example_branch_datetime_operator_3', 'example_branch_datetime_operator', 'example_branch_datetime_operator_2']) retrieved from /home/pker/airflow_env/lib/python3.7/site-packages/airflow/example_dags/example_branch_datetime_operator.py
[2025-11-21T10:50:04.858+0300] {logging_mixin.py:137} INFO - [2025-11-21T10:50:04.858+0300] {dag.py:2705} INFO - Sync 3 DAGs
[2025-11-21T10:50:04.898+0300] {logging_mixin.py:137} INFO - [2025-11-21T10:50:04.898+0300] {dag.py:3456} INFO - Setting next_dagrun for example_branch_datetime_operator to 2025-11-20T00:00:00+00:00, run_after=2025-11-21T00:00:00+00:00
[2025-11-21T10:50:04.904+0300] {logging_mixin.py:137} INFO - [2025-11-21T10:50:04.903+0300] {dag.py:3456} INFO - Setting next_dagrun for example_branch_datetime_operator_2 to 2025-11-20T00:00:00+00:00, run_after=2025-11-21T00:00:00+00:00
[2025-11-21T10:50:04.907+0300] {logging_mixin.py:137} INFO - [2025-11-21T10:50:04.907+0300] {dag.py:3456} INFO - Setting next_dagrun for example_branch_datetime_operator_3 to 2025-11-20T00:00:00+00:00, run_after=2025-11-21T00:00:00+00:00
[2025-11-21T10:50:04.964+0300] {processor.py:175} INFO - Processing /home/pker/airflow_env/lib/python3.7/site-packages/airflow/example_dags/example_branch_datetime_operator.py took 0.194 seconds
[2025-11-21T10:50:49.944+0300] {processor.py:153} INFO - Started process (PID=30501) to work on /home/pker/airflow_env/lib/python3.7/site-packages/airflow/example_dags/example_branch_datetime_operator.py
[2025-11-21T10:50:49.947+0300] {processor.py:743} INFO - Processing file /home/pker/airflow_env/lib/python3.7/site-packages/airflow/example_dags/example_branch_datetime_operator.py for tasks to queue
[2025-11-21T10:50:49.947+0300] {logging_mixin.py:137} INFO - [2025-11-21T10:50:49.947+0300] {dagbag.py:532} INFO - Filling up the DagBag from /home/pker/airflow_env/lib/python3.7/site-packages/airflow/example_dags/example_branch_datetime_operator.py
[2025-11-21T10:50:49.984+0300] {processor.py:753} INFO - DAG(s) dict_keys(['example_branch_datetime_operator_2', 'example_branch_datetime_operator', 'example_branch_datetime_operator_3']) retrieved from /home/pker/airflow_env/lib/python3.7/site-packages/airflow/example_dags/example_branch_datetime_operator.py
[2025-11-21T10:50:50.035+0300] {logging_mixin.py:137} INFO - [2025-11-21T10:50:50.035+0300] {dag.py:2705} INFO - Sync 3 DAGs
[2025-11-21T10:50:50.067+0300] {logging_mixin.py:137} INFO - [2025-11-21T10:50:50.067+0300] {dag.py:3456} INFO - Setting next_dagrun for example_branch_datetime_operator to 2025-11-20T00:00:00+00:00, run_after=2025-11-21T00:00:00+00:00
[2025-11-21T10:50:50.073+0300] {logging_mixin.py:137} INFO - [2025-11-21T10:50:50.073+0300] {dag.py:3456} INFO - Setting next_dagrun for example_branch_datetime_operator_2 to 2025-11-20T00:00:00+00:00, run_after=2025-11-21T00:00:00+00:00
[2025-11-21T10:50:50.076+0300] {logging_mixin.py:137} INFO - [2025-11-21T10:50:50.076+0300] {dag.py:3456} INFO - Setting next_dagrun for example_branch_datetime_operator_3 to 2025-11-20T00:00:00+00:00, run_after=2025-11-21T00:00:00+00:00
[2025-11-21T10:50:50.144+0300] {processor.py:175} INFO - Processing /home/pker/airflow_env/lib/python3.7/site-packages/airflow/example_dags/example_branch_datetime_operator.py took 0.208 seconds
[2025-11-21T10:51:37.376+0300] {processor.py:153} INFO - Started process (PID=30543) to work on /home/pker/airflow_env/lib/python3.7/site-packages/airflow/example_dags/example_branch_datetime_operator.py
[2025-11-21T10:51:37.398+0300] {processor.py:743} INFO - Processing file /home/pker/airflow_env/lib/python3.7/site-packages/airflow/example_dags/example_branch_datetime_operator.py for tasks to queue
[2025-11-21T10:51:37.400+0300] {logging_mixin.py:137} INFO - [2025-11-21T10:51:37.399+0300] {dagbag.py:532} INFO - Filling up the DagBag from /home/pker/airflow_env/lib/python3.7/site-packages/airflow/example_dags/example_branch_datetime_operator.py
[2025-11-21T10:51:37.443+0300] {processor.py:753} INFO - DAG(s) dict_keys(['example_branch_datetime_operator_3', 'example_branch_datetime_operator', 'example_branch_datetime_operator_2']) retrieved from /home/pker/airflow_env/lib/python3.7/site-packages/airflow/example_dags/example_branch_datetime_operator.py
[2025-11-21T10:51:37.482+0300] {logging_mixin.py:137} INFO - [2025-11-21T10:51:37.482+0300] {dag.py:2705} INFO - Sync 3 DAGs
[2025-11-21T10:51:37.516+0300] {logging_mixin.py:137} INFO - [2025-11-21T10:51:37.515+0300] {dag.py:3456} INFO - Setting next_dagrun for example_branch_datetime_operator to 2025-11-20T00:00:00+00:00, run_after=2025-11-21T00:00:00+00:00
[2025-11-21T10:51:37.522+0300] {logging_mixin.py:137} INFO - [2025-11-21T10:51:37.522+0300] {dag.py:3456} INFO - Setting next_dagrun for example_branch_datetime_operator_2 to 2025-11-20T00:00:00+00:00, run_after=2025-11-21T00:00:00+00:00
[2025-11-21T10:51:37.526+0300] {logging_mixin.py:137} INFO - [2025-11-21T10:51:37.526+0300] {dag.py:3456} INFO - Setting next_dagrun for example_branch_datetime_operator_3 to 2025-11-20T00:00:00+00:00, run_after=2025-11-21T00:00:00+00:00
[2025-11-21T10:51:37.584+0300] {processor.py:175} INFO - Processing /home/pker/airflow_env/lib/python3.7/site-packages/airflow/example_dags/example_branch_datetime_operator.py took 0.216 seconds
[2025-11-21T10:52:22.309+0300] {processor.py:153} INFO - Started process (PID=30590) to work on /home/pker/airflow_env/lib/python3.7/site-packages/airflow/example_dags/example_branch_datetime_operator.py
[2025-11-21T10:52:22.331+0300] {processor.py:743} INFO - Processing file /home/pker/airflow_env/lib/python3.7/site-packages/airflow/example_dags/example_branch_datetime_operator.py for tasks to queue
[2025-11-21T10:52:22.333+0300] {logging_mixin.py:137} INFO - [2025-11-21T10:52:22.333+0300] {dagbag.py:532} INFO - Filling up the DagBag from /home/pker/airflow_env/lib/python3.7/site-packages/airflow/example_dags/example_branch_datetime_operator.py
[2025-11-21T10:52:22.369+0300] {processor.py:753} INFO - DAG(s) dict_keys(['example_branch_datetime_operator', 'example_branch_datetime_operator_3', 'example_branch_datetime_operator_2']) retrieved from /home/pker/airflow_env/lib/python3.7/site-packages/airflow/example_dags/example_branch_datetime_operator.py
[2025-11-21T10:52:22.405+0300] {logging_mixin.py:137} INFO - [2025-11-21T10:52:22.404+0300] {dag.py:2705} INFO - Sync 3 DAGs
[2025-11-21T10:52:22.436+0300] {logging_mixin.py:137} INFO - [2025-11-21T10:52:22.436+0300] {dag.py:3456} INFO - Setting next_dagrun for example_branch_datetime_operator to 2025-11-20T00:00:00+00:00, run_after=2025-11-21T00:00:00+00:00
[2025-11-21T10:52:22.441+0300] {logging_mixin.py:137} INFO - [2025-11-21T10:52:22.441+0300] {dag.py:3456} INFO - Setting next_dagrun for example_branch_datetime_operator_2 to 2025-11-20T00:00:00+00:00, run_after=2025-11-21T00:00:00+00:00
[2025-11-21T10:52:22.443+0300] {logging_mixin.py:137} INFO - [2025-11-21T10:52:22.443+0300] {dag.py:3456} INFO - Setting next_dagrun for example_branch_datetime_operator_3 to 2025-11-20T00:00:00+00:00, run_after=2025-11-21T00:00:00+00:00
[2025-11-21T10:52:22.495+0300] {processor.py:175} INFO - Processing /home/pker/airflow_env/lib/python3.7/site-packages/airflow/example_dags/example_branch_datetime_operator.py took 0.193 seconds
[2025-11-21T10:53:09.943+0300] {processor.py:153} INFO - Started process (PID=30635) to work on /home/pker/airflow_env/lib/python3.7/site-packages/airflow/example_dags/example_branch_datetime_operator.py
[2025-11-21T10:53:09.961+0300] {processor.py:743} INFO - Processing file /home/pker/airflow_env/lib/python3.7/site-packages/airflow/example_dags/example_branch_datetime_operator.py for tasks to queue
[2025-11-21T10:53:09.963+0300] {logging_mixin.py:137} INFO - [2025-11-21T10:53:09.963+0300] {dagbag.py:532} INFO - Filling up the DagBag from /home/pker/airflow_env/lib/python3.7/site-packages/airflow/example_dags/example_branch_datetime_operator.py
[2025-11-21T10:53:09.996+0300] {processor.py:753} INFO - DAG(s) dict_keys(['example_branch_datetime_operator_2', 'example_branch_datetime_operator', 'example_branch_datetime_operator_3']) retrieved from /home/pker/airflow_env/lib/python3.7/site-packages/airflow/example_dags/example_branch_datetime_operator.py
[2025-11-21T10:53:10.042+0300] {logging_mixin.py:137} INFO - [2025-11-21T10:53:10.042+0300] {dag.py:2705} INFO - Sync 3 DAGs
[2025-11-21T10:53:10.079+0300] {logging_mixin.py:137} INFO - [2025-11-21T10:53:10.079+0300] {dag.py:3456} INFO - Setting next_dagrun for example_branch_datetime_operator to 2025-11-20T00:00:00+00:00, run_after=2025-11-21T00:00:00+00:00
[2025-11-21T10:53:10.084+0300] {logging_mixin.py:137} INFO - [2025-11-21T10:53:10.084+0300] {dag.py:3456} INFO - Setting next_dagrun for example_branch_datetime_operator_2 to 2025-11-20T00:00:00+00:00, run_after=2025-11-21T00:00:00+00:00
[2025-11-21T10:53:10.087+0300] {logging_mixin.py:137} INFO - [2025-11-21T10:53:10.087+0300] {dag.py:3456} INFO - Setting next_dagrun for example_branch_datetime_operator_3 to 2025-11-20T00:00:00+00:00, run_after=2025-11-21T00:00:00+00:00
[2025-11-21T10:53:10.140+0300] {processor.py:175} INFO - Processing /home/pker/airflow_env/lib/python3.7/site-packages/airflow/example_dags/example_branch_datetime_operator.py took 0.206 seconds
[2025-11-21T10:53:57.430+0300] {processor.py:153} INFO - Started process (PID=30679) to work on /home/pker/airflow_env/lib/python3.7/site-packages/airflow/example_dags/example_branch_datetime_operator.py
[2025-11-21T10:53:57.452+0300] {processor.py:743} INFO - Processing file /home/pker/airflow_env/lib/python3.7/site-packages/airflow/example_dags/example_branch_datetime_operator.py for tasks to queue
[2025-11-21T10:53:57.454+0300] {logging_mixin.py:137} INFO - [2025-11-21T10:53:57.454+0300] {dagbag.py:532} INFO - Filling up the DagBag from /home/pker/airflow_env/lib/python3.7/site-packages/airflow/example_dags/example_branch_datetime_operator.py
[2025-11-21T10:53:57.492+0300] {processor.py:753} INFO - DAG(s) dict_keys(['example_branch_datetime_operator_2', 'example_branch_datetime_operator_3', 'example_branch_datetime_operator']) retrieved from /home/pker/airflow_env/lib/python3.7/site-packages/airflow/example_dags/example_branch_datetime_operator.py
[2025-11-21T10:53:57.529+0300] {logging_mixin.py:137} INFO - [2025-11-21T10:53:57.528+0300] {dag.py:2705} INFO - Sync 3 DAGs
[2025-11-21T10:53:57.577+0300] {logging_mixin.py:137} INFO - [2025-11-21T10:53:57.576+0300] {dag.py:3456} INFO - Setting next_dagrun for example_branch_datetime_operator to 2025-11-20T00:00:00+00:00, run_after=2025-11-21T00:00:00+00:00
[2025-11-21T10:53:57.585+0300] {logging_mixin.py:137} INFO - [2025-11-21T10:53:57.585+0300] {dag.py:3456} INFO - Setting next_dagrun for example_branch_datetime_operator_2 to 2025-11-20T00:00:00+00:00, run_after=2025-11-21T00:00:00+00:00
[2025-11-21T10:53:57.588+0300] {logging_mixin.py:137} INFO - [2025-11-21T10:53:57.588+0300] {dag.py:3456} INFO - Setting next_dagrun for example_branch_datetime_operator_3 to 2025-11-20T00:00:00+00:00, run_after=2025-11-21T00:00:00+00:00
[2025-11-21T10:53:57.632+0300] {processor.py:175} INFO - Processing /home/pker/airflow_env/lib/python3.7/site-packages/airflow/example_dags/example_branch_datetime_operator.py took 0.210 seconds
[2025-11-21T10:54:44.973+0300] {processor.py:153} INFO - Started process (PID=30721) to work on /home/pker/airflow_env/lib/python3.7/site-packages/airflow/example_dags/example_branch_datetime_operator.py
[2025-11-21T10:54:44.977+0300] {processor.py:743} INFO - Processing file /home/pker/airflow_env/lib/python3.7/site-packages/airflow/example_dags/example_branch_datetime_operator.py for tasks to queue
[2025-11-21T10:54:44.980+0300] {logging_mixin.py:137} INFO - [2025-11-21T10:54:44.979+0300] {dagbag.py:532} INFO - Filling up the DagBag from /home/pker/airflow_env/lib/python3.7/site-packages/airflow/example_dags/example_branch_datetime_operator.py
[2025-11-21T10:54:45.021+0300] {processor.py:753} INFO - DAG(s) dict_keys(['example_branch_datetime_operator_3', 'example_branch_datetime_operator', 'example_branch_datetime_operator_2']) retrieved from /home/pker/airflow_env/lib/python3.7/site-packages/airflow/example_dags/example_branch_datetime_operator.py
[2025-11-21T10:54:45.086+0300] {logging_mixin.py:137} INFO - [2025-11-21T10:54:45.086+0300] {dag.py:2705} INFO - Sync 3 DAGs
[2025-11-21T10:54:45.118+0300] {logging_mixin.py:137} INFO - [2025-11-21T10:54:45.118+0300] {dag.py:3456} INFO - Setting next_dagrun for example_branch_datetime_operator to 2025-11-20T00:00:00+00:00, run_after=2025-11-21T00:00:00+00:00
[2025-11-21T10:54:45.124+0300] {logging_mixin.py:137} INFO - [2025-11-21T10:54:45.124+0300] {dag.py:3456} INFO - Setting next_dagrun for example_branch_datetime_operator_2 to 2025-11-20T00:00:00+00:00, run_after=2025-11-21T00:00:00+00:00
[2025-11-21T10:54:45.126+0300] {logging_mixin.py:137} INFO - [2025-11-21T10:54:45.126+0300] {dag.py:3456} INFO - Setting next_dagrun for example_branch_datetime_operator_3 to 2025-11-20T00:00:00+00:00, run_after=2025-11-21T00:00:00+00:00
[2025-11-21T10:54:45.196+0300] {processor.py:175} INFO - Processing /home/pker/airflow_env/lib/python3.7/site-packages/airflow/example_dags/example_branch_datetime_operator.py took 0.231 seconds
[2025-11-21T10:55:33.139+0300] {processor.py:153} INFO - Started process (PID=30773) to work on /home/pker/airflow_env/lib/python3.7/site-packages/airflow/example_dags/example_branch_datetime_operator.py
[2025-11-21T10:55:33.142+0300] {processor.py:743} INFO - Processing file /home/pker/airflow_env/lib/python3.7/site-packages/airflow/example_dags/example_branch_datetime_operator.py for tasks to queue
[2025-11-21T10:55:33.143+0300] {logging_mixin.py:137} INFO - [2025-11-21T10:55:33.143+0300] {dagbag.py:532} INFO - Filling up the DagBag from /home/pker/airflow_env/lib/python3.7/site-packages/airflow/example_dags/example_branch_datetime_operator.py
[2025-11-21T10:55:33.184+0300] {processor.py:753} INFO - DAG(s) dict_keys(['example_branch_datetime_operator_2', 'example_branch_datetime_operator', 'example_branch_datetime_operator_3']) retrieved from /home/pker/airflow_env/lib/python3.7/site-packages/airflow/example_dags/example_branch_datetime_operator.py
[2025-11-21T10:55:33.250+0300] {logging_mixin.py:137} INFO - [2025-11-21T10:55:33.249+0300] {dag.py:2705} INFO - Sync 3 DAGs
[2025-11-21T10:55:33.287+0300] {logging_mixin.py:137} INFO - [2025-11-21T10:55:33.287+0300] {dag.py:3456} INFO - Setting next_dagrun for example_branch_datetime_operator to 2025-11-20T00:00:00+00:00, run_after=2025-11-21T00:00:00+00:00
[2025-11-21T10:55:33.294+0300] {logging_mixin.py:137} INFO - [2025-11-21T10:55:33.294+0300] {dag.py:3456} INFO - Setting next_dagrun for example_branch_datetime_operator_2 to 2025-11-20T00:00:00+00:00, run_after=2025-11-21T00:00:00+00:00
[2025-11-21T10:55:33.298+0300] {logging_mixin.py:137} INFO - [2025-11-21T10:55:33.297+0300] {dag.py:3456} INFO - Setting next_dagrun for example_branch_datetime_operator_3 to 2025-11-20T00:00:00+00:00, run_after=2025-11-21T00:00:00+00:00
[2025-11-21T10:55:33.333+0300] {processor.py:175} INFO - Processing /home/pker/airflow_env/lib/python3.7/site-packages/airflow/example_dags/example_branch_datetime_operator.py took 0.202 seconds
[2025-11-21T10:56:20.440+0300] {processor.py:153} INFO - Started process (PID=30817) to work on /home/pker/airflow_env/lib/python3.7/site-packages/airflow/example_dags/example_branch_datetime_operator.py
[2025-11-21T10:56:20.468+0300] {processor.py:743} INFO - Processing file /home/pker/airflow_env/lib/python3.7/site-packages/airflow/example_dags/example_branch_datetime_operator.py for tasks to queue
[2025-11-21T10:56:20.470+0300] {logging_mixin.py:137} INFO - [2025-11-21T10:56:20.469+0300] {dagbag.py:532} INFO - Filling up the DagBag from /home/pker/airflow_env/lib/python3.7/site-packages/airflow/example_dags/example_branch_datetime_operator.py
[2025-11-21T10:56:20.505+0300] {processor.py:753} INFO - DAG(s) dict_keys(['example_branch_datetime_operator_2', 'example_branch_datetime_operator', 'example_branch_datetime_operator_3']) retrieved from /home/pker/airflow_env/lib/python3.7/site-packages/airflow/example_dags/example_branch_datetime_operator.py
[2025-11-21T10:56:20.542+0300] {logging_mixin.py:137} INFO - [2025-11-21T10:56:20.541+0300] {dag.py:2705} INFO - Sync 3 DAGs
[2025-11-21T10:56:20.570+0300] {logging_mixin.py:137} INFO - [2025-11-21T10:56:20.570+0300] {dag.py:3456} INFO - Setting next_dagrun for example_branch_datetime_operator to 2025-11-20T00:00:00+00:00, run_after=2025-11-21T00:00:00+00:00
[2025-11-21T10:56:20.575+0300] {logging_mixin.py:137} INFO - [2025-11-21T10:56:20.575+0300] {dag.py:3456} INFO - Setting next_dagrun for example_branch_datetime_operator_2 to 2025-11-20T00:00:00+00:00, run_after=2025-11-21T00:00:00+00:00
[2025-11-21T10:56:20.578+0300] {logging_mixin.py:137} INFO - [2025-11-21T10:56:20.578+0300] {dag.py:3456} INFO - Setting next_dagrun for example_branch_datetime_operator_3 to 2025-11-20T00:00:00+00:00, run_after=2025-11-21T00:00:00+00:00
[2025-11-21T10:56:20.638+0300] {processor.py:175} INFO - Processing /home/pker/airflow_env/lib/python3.7/site-packages/airflow/example_dags/example_branch_datetime_operator.py took 0.209 seconds
[2025-11-21T10:57:11.061+0300] {processor.py:153} INFO - Started process (PID=30861) to work on /home/pker/airflow_env/lib/python3.7/site-packages/airflow/example_dags/example_branch_datetime_operator.py
[2025-11-21T10:57:11.079+0300] {processor.py:743} INFO - Processing file /home/pker/airflow_env/lib/python3.7/site-packages/airflow/example_dags/example_branch_datetime_operator.py for tasks to queue
[2025-11-21T10:57:11.082+0300] {logging_mixin.py:137} INFO - [2025-11-21T10:57:11.081+0300] {dagbag.py:532} INFO - Filling up the DagBag from /home/pker/airflow_env/lib/python3.7/site-packages/airflow/example_dags/example_branch_datetime_operator.py
[2025-11-21T10:57:11.121+0300] {processor.py:753} INFO - DAG(s) dict_keys(['example_branch_datetime_operator_2', 'example_branch_datetime_operator', 'example_branch_datetime_operator_3']) retrieved from /home/pker/airflow_env/lib/python3.7/site-packages/airflow/example_dags/example_branch_datetime_operator.py
[2025-11-21T10:57:11.174+0300] {logging_mixin.py:137} INFO - [2025-11-21T10:57:11.173+0300] {dag.py:2705} INFO - Sync 3 DAGs
[2025-11-21T10:57:11.211+0300] {logging_mixin.py:137} INFO - [2025-11-21T10:57:11.211+0300] {dag.py:3456} INFO - Setting next_dagrun for example_branch_datetime_operator to 2025-11-20T00:00:00+00:00, run_after=2025-11-21T00:00:00+00:00
[2025-11-21T10:57:11.219+0300] {logging_mixin.py:137} INFO - [2025-11-21T10:57:11.219+0300] {dag.py:3456} INFO - Setting next_dagrun for example_branch_datetime_operator_2 to 2025-11-20T00:00:00+00:00, run_after=2025-11-21T00:00:00+00:00
[2025-11-21T10:57:11.223+0300] {logging_mixin.py:137} INFO - [2025-11-21T10:57:11.223+0300] {dag.py:3456} INFO - Setting next_dagrun for example_branch_datetime_operator_3 to 2025-11-20T00:00:00+00:00, run_after=2025-11-21T00:00:00+00:00
[2025-11-21T10:57:11.276+0300] {processor.py:175} INFO - Processing /home/pker/airflow_env/lib/python3.7/site-packages/airflow/example_dags/example_branch_datetime_operator.py took 0.222 seconds
[2025-11-21T10:57:59.958+0300] {processor.py:153} INFO - Started process (PID=30905) to work on /home/pker/airflow_env/lib/python3.7/site-packages/airflow/example_dags/example_branch_datetime_operator.py
[2025-11-21T10:57:59.980+0300] {processor.py:743} INFO - Processing file /home/pker/airflow_env/lib/python3.7/site-packages/airflow/example_dags/example_branch_datetime_operator.py for tasks to queue
[2025-11-21T10:57:59.984+0300] {logging_mixin.py:137} INFO - [2025-11-21T10:57:59.983+0300] {dagbag.py:532} INFO - Filling up the DagBag from /home/pker/airflow_env/lib/python3.7/site-packages/airflow/example_dags/example_branch_datetime_operator.py
[2025-11-21T10:58:00.024+0300] {processor.py:753} INFO - DAG(s) dict_keys(['example_branch_datetime_operator_2', 'example_branch_datetime_operator_3', 'example_branch_datetime_operator']) retrieved from /home/pker/airflow_env/lib/python3.7/site-packages/airflow/example_dags/example_branch_datetime_operator.py
[2025-11-21T10:58:00.067+0300] {logging_mixin.py:137} INFO - [2025-11-21T10:58:00.067+0300] {dag.py:2705} INFO - Sync 3 DAGs
[2025-11-21T10:58:00.118+0300] {logging_mixin.py:137} INFO - [2025-11-21T10:58:00.118+0300] {dag.py:3456} INFO - Setting next_dagrun for example_branch_datetime_operator to 2025-11-20T00:00:00+00:00, run_after=2025-11-21T00:00:00+00:00
[2025-11-21T10:58:00.125+0300] {logging_mixin.py:137} INFO - [2025-11-21T10:58:00.125+0300] {dag.py:3456} INFO - Setting next_dagrun for example_branch_datetime_operator_2 to 2025-11-20T00:00:00+00:00, run_after=2025-11-21T00:00:00+00:00
[2025-11-21T10:58:00.129+0300] {logging_mixin.py:137} INFO - [2025-11-21T10:58:00.128+0300] {dag.py:3456} INFO - Setting next_dagrun for example_branch_datetime_operator_3 to 2025-11-20T00:00:00+00:00, run_after=2025-11-21T00:00:00+00:00
[2025-11-21T10:58:00.196+0300] {processor.py:175} INFO - Processing /home/pker/airflow_env/lib/python3.7/site-packages/airflow/example_dags/example_branch_datetime_operator.py took 0.243 seconds
[2025-11-21T10:58:49.082+0300] {processor.py:153} INFO - Started process (PID=30966) to work on /home/pker/airflow_env/lib/python3.7/site-packages/airflow/example_dags/example_branch_datetime_operator.py
[2025-11-21T10:58:49.086+0300] {processor.py:743} INFO - Processing file /home/pker/airflow_env/lib/python3.7/site-packages/airflow/example_dags/example_branch_datetime_operator.py for tasks to queue
[2025-11-21T10:58:49.087+0300] {logging_mixin.py:137} INFO - [2025-11-21T10:58:49.087+0300] {dagbag.py:532} INFO - Filling up the DagBag from /home/pker/airflow_env/lib/python3.7/site-packages/airflow/example_dags/example_branch_datetime_operator.py
[2025-11-21T10:58:49.121+0300] {processor.py:753} INFO - DAG(s) dict_keys(['example_branch_datetime_operator', 'example_branch_datetime_operator_3', 'example_branch_datetime_operator_2']) retrieved from /home/pker/airflow_env/lib/python3.7/site-packages/airflow/example_dags/example_branch_datetime_operator.py
[2025-11-21T10:58:49.164+0300] {logging_mixin.py:137} INFO - [2025-11-21T10:58:49.164+0300] {dag.py:2705} INFO - Sync 3 DAGs
[2025-11-21T10:58:49.201+0300] {logging_mixin.py:137} INFO - [2025-11-21T10:58:49.201+0300] {dag.py:3456} INFO - Setting next_dagrun for example_branch_datetime_operator to 2025-11-20T00:00:00+00:00, run_after=2025-11-21T00:00:00+00:00
[2025-11-21T10:58:49.210+0300] {logging_mixin.py:137} INFO - [2025-11-21T10:58:49.210+0300] {dag.py:3456} INFO - Setting next_dagrun for example_branch_datetime_operator_2 to 2025-11-20T00:00:00+00:00, run_after=2025-11-21T00:00:00+00:00
[2025-11-21T10:58:49.214+0300] {logging_mixin.py:137} INFO - [2025-11-21T10:58:49.214+0300] {dag.py:3456} INFO - Setting next_dagrun for example_branch_datetime_operator_3 to 2025-11-20T00:00:00+00:00, run_after=2025-11-21T00:00:00+00:00
[2025-11-21T10:58:49.271+0300] {processor.py:175} INFO - Processing /home/pker/airflow_env/lib/python3.7/site-packages/airflow/example_dags/example_branch_datetime_operator.py took 0.196 seconds
[2025-11-21T10:59:34.670+0300] {processor.py:153} INFO - Started process (PID=31012) to work on /home/pker/airflow_env/lib/python3.7/site-packages/airflow/example_dags/example_branch_datetime_operator.py
[2025-11-21T10:59:34.692+0300] {processor.py:743} INFO - Processing file /home/pker/airflow_env/lib/python3.7/site-packages/airflow/example_dags/example_branch_datetime_operator.py for tasks to queue
[2025-11-21T10:59:34.694+0300] {logging_mixin.py:137} INFO - [2025-11-21T10:59:34.693+0300] {dagbag.py:532} INFO - Filling up the DagBag from /home/pker/airflow_env/lib/python3.7/site-packages/airflow/example_dags/example_branch_datetime_operator.py
[2025-11-21T10:59:34.740+0300] {processor.py:753} INFO - DAG(s) dict_keys(['example_branch_datetime_operator_2', 'example_branch_datetime_operator', 'example_branch_datetime_operator_3']) retrieved from /home/pker/airflow_env/lib/python3.7/site-packages/airflow/example_dags/example_branch_datetime_operator.py
[2025-11-21T10:59:34.807+0300] {logging_mixin.py:137} INFO - [2025-11-21T10:59:34.807+0300] {dag.py:2705} INFO - Sync 3 DAGs
[2025-11-21T10:59:34.846+0300] {logging_mixin.py:137} INFO - [2025-11-21T10:59:34.845+0300] {dag.py:3456} INFO - Setting next_dagrun for example_branch_datetime_operator to 2025-11-20T00:00:00+00:00, run_after=2025-11-21T00:00:00+00:00
[2025-11-21T10:59:34.851+0300] {logging_mixin.py:137} INFO - [2025-11-21T10:59:34.851+0300] {dag.py:3456} INFO - Setting next_dagrun for example_branch_datetime_operator_2 to 2025-11-20T00:00:00+00:00, run_after=2025-11-21T00:00:00+00:00
[2025-11-21T10:59:34.855+0300] {logging_mixin.py:137} INFO - [2025-11-21T10:59:34.855+0300] {dag.py:3456} INFO - Setting next_dagrun for example_branch_datetime_operator_3 to 2025-11-20T00:00:00+00:00, run_after=2025-11-21T00:00:00+00:00
[2025-11-21T10:59:34.921+0300] {processor.py:175} INFO - Processing /home/pker/airflow_env/lib/python3.7/site-packages/airflow/example_dags/example_branch_datetime_operator.py took 0.266 seconds
[2025-11-21T11:00:27.317+0300] {processor.py:153} INFO - Started process (PID=31068) to work on /home/pker/airflow_env/lib/python3.7/site-packages/airflow/example_dags/example_branch_datetime_operator.py
[2025-11-21T11:00:27.319+0300] {processor.py:743} INFO - Processing file /home/pker/airflow_env/lib/python3.7/site-packages/airflow/example_dags/example_branch_datetime_operator.py for tasks to queue
[2025-11-21T11:00:27.320+0300] {logging_mixin.py:137} INFO - [2025-11-21T11:00:27.319+0300] {dagbag.py:532} INFO - Filling up the DagBag from /home/pker/airflow_env/lib/python3.7/site-packages/airflow/example_dags/example_branch_datetime_operator.py
[2025-11-21T11:00:27.346+0300] {processor.py:753} INFO - DAG(s) dict_keys(['example_branch_datetime_operator_3', 'example_branch_datetime_operator', 'example_branch_datetime_operator_2']) retrieved from /home/pker/airflow_env/lib/python3.7/site-packages/airflow/example_dags/example_branch_datetime_operator.py
[2025-11-21T11:00:27.376+0300] {logging_mixin.py:137} INFO - [2025-11-21T11:00:27.375+0300] {dag.py:2705} INFO - Sync 3 DAGs
[2025-11-21T11:00:27.404+0300] {logging_mixin.py:137} INFO - [2025-11-21T11:00:27.403+0300] {dag.py:3456} INFO - Setting next_dagrun for example_branch_datetime_operator to 2025-11-20T00:00:00+00:00, run_after=2025-11-21T00:00:00+00:00
[2025-11-21T11:00:27.409+0300] {logging_mixin.py:137} INFO - [2025-11-21T11:00:27.409+0300] {dag.py:3456} INFO - Setting next_dagrun for example_branch_datetime_operator_2 to 2025-11-20T00:00:00+00:00, run_after=2025-11-21T00:00:00+00:00
[2025-11-21T11:00:27.411+0300] {logging_mixin.py:137} INFO - [2025-11-21T11:00:27.411+0300] {dag.py:3456} INFO - Setting next_dagrun for example_branch_datetime_operator_3 to 2025-11-20T00:00:00+00:00, run_after=2025-11-21T00:00:00+00:00
[2025-11-21T11:00:27.446+0300] {processor.py:175} INFO - Processing /home/pker/airflow_env/lib/python3.7/site-packages/airflow/example_dags/example_branch_datetime_operator.py took 0.135 seconds
[2025-11-21T11:01:16.242+0300] {processor.py:153} INFO - Started process (PID=31116) to work on /home/pker/airflow_env/lib/python3.7/site-packages/airflow/example_dags/example_branch_datetime_operator.py
[2025-11-21T11:01:16.265+0300] {processor.py:743} INFO - Processing file /home/pker/airflow_env/lib/python3.7/site-packages/airflow/example_dags/example_branch_datetime_operator.py for tasks to queue
[2025-11-21T11:01:16.268+0300] {logging_mixin.py:137} INFO - [2025-11-21T11:01:16.268+0300] {dagbag.py:532} INFO - Filling up the DagBag from /home/pker/airflow_env/lib/python3.7/site-packages/airflow/example_dags/example_branch_datetime_operator.py
[2025-11-21T11:01:16.307+0300] {processor.py:753} INFO - DAG(s) dict_keys(['example_branch_datetime_operator_3', 'example_branch_datetime_operator_2', 'example_branch_datetime_operator']) retrieved from /home/pker/airflow_env/lib/python3.7/site-packages/airflow/example_dags/example_branch_datetime_operator.py
[2025-11-21T11:01:16.349+0300] {logging_mixin.py:137} INFO - [2025-11-21T11:01:16.349+0300] {dag.py:2705} INFO - Sync 3 DAGs
[2025-11-21T11:01:16.377+0300] {logging_mixin.py:137} INFO - [2025-11-21T11:01:16.377+0300] {dag.py:3456} INFO - Setting next_dagrun for example_branch_datetime_operator to 2025-11-20T00:00:00+00:00, run_after=2025-11-21T00:00:00+00:00
[2025-11-21T11:01:16.382+0300] {logging_mixin.py:137} INFO - [2025-11-21T11:01:16.382+0300] {dag.py:3456} INFO - Setting next_dagrun for example_branch_datetime_operator_2 to 2025-11-20T00:00:00+00:00, run_after=2025-11-21T00:00:00+00:00
[2025-11-21T11:01:16.384+0300] {logging_mixin.py:137} INFO - [2025-11-21T11:01:16.384+0300] {dag.py:3456} INFO - Setting next_dagrun for example_branch_datetime_operator_3 to 2025-11-20T00:00:00+00:00, run_after=2025-11-21T00:00:00+00:00
[2025-11-21T11:01:16.439+0300] {processor.py:175} INFO - Processing /home/pker/airflow_env/lib/python3.7/site-packages/airflow/example_dags/example_branch_datetime_operator.py took 0.202 seconds
[2025-11-21T11:02:05.893+0300] {processor.py:153} INFO - Started process (PID=31162) to work on /home/pker/airflow_env/lib/python3.7/site-packages/airflow/example_dags/example_branch_datetime_operator.py
[2025-11-21T11:02:05.916+0300] {processor.py:743} INFO - Processing file /home/pker/airflow_env/lib/python3.7/site-packages/airflow/example_dags/example_branch_datetime_operator.py for tasks to queue
[2025-11-21T11:02:05.918+0300] {logging_mixin.py:137} INFO - [2025-11-21T11:02:05.917+0300] {dagbag.py:532} INFO - Filling up the DagBag from /home/pker/airflow_env/lib/python3.7/site-packages/airflow/example_dags/example_branch_datetime_operator.py
[2025-11-21T11:02:05.959+0300] {processor.py:753} INFO - DAG(s) dict_keys(['example_branch_datetime_operator', 'example_branch_datetime_operator_2', 'example_branch_datetime_operator_3']) retrieved from /home/pker/airflow_env/lib/python3.7/site-packages/airflow/example_dags/example_branch_datetime_operator.py
[2025-11-21T11:02:06.005+0300] {logging_mixin.py:137} INFO - [2025-11-21T11:02:06.004+0300] {dag.py:2705} INFO - Sync 3 DAGs
[2025-11-21T11:02:06.053+0300] {logging_mixin.py:137} INFO - [2025-11-21T11:02:06.053+0300] {dag.py:3456} INFO - Setting next_dagrun for example_branch_datetime_operator to 2025-11-20T00:00:00+00:00, run_after=2025-11-21T00:00:00+00:00
[2025-11-21T11:02:06.062+0300] {logging_mixin.py:137} INFO - [2025-11-21T11:02:06.062+0300] {dag.py:3456} INFO - Setting next_dagrun for example_branch_datetime_operator_2 to 2025-11-20T00:00:00+00:00, run_after=2025-11-21T00:00:00+00:00
[2025-11-21T11:02:06.067+0300] {logging_mixin.py:137} INFO - [2025-11-21T11:02:06.067+0300] {dag.py:3456} INFO - Setting next_dagrun for example_branch_datetime_operator_3 to 2025-11-20T00:00:00+00:00, run_after=2025-11-21T00:00:00+00:00
[2025-11-21T11:02:04.740+0300] {processor.py:175} INFO - Processing /home/pker/airflow_env/lib/python3.7/site-packages/airflow/example_dags/example_branch_datetime_operator.py took 0.253 seconds
[2025-11-21T11:02:50.959+0300] {processor.py:153} INFO - Started process (PID=31209) to work on /home/pker/airflow_env/lib/python3.7/site-packages/airflow/example_dags/example_branch_datetime_operator.py
[2025-11-21T11:02:50.981+0300] {processor.py:743} INFO - Processing file /home/pker/airflow_env/lib/python3.7/site-packages/airflow/example_dags/example_branch_datetime_operator.py for tasks to queue
[2025-11-21T11:02:50.982+0300] {logging_mixin.py:137} INFO - [2025-11-21T11:02:50.982+0300] {dagbag.py:532} INFO - Filling up the DagBag from /home/pker/airflow_env/lib/python3.7/site-packages/airflow/example_dags/example_branch_datetime_operator.py
[2025-11-21T11:02:51.012+0300] {processor.py:753} INFO - DAG(s) dict_keys(['example_branch_datetime_operator_3', 'example_branch_datetime_operator_2', 'example_branch_datetime_operator']) retrieved from /home/pker/airflow_env/lib/python3.7/site-packages/airflow/example_dags/example_branch_datetime_operator.py
[2025-11-21T11:02:51.043+0300] {logging_mixin.py:137} INFO - [2025-11-21T11:02:51.043+0300] {dag.py:2705} INFO - Sync 3 DAGs
[2025-11-21T11:02:51.070+0300] {logging_mixin.py:137} INFO - [2025-11-21T11:02:51.070+0300] {dag.py:3456} INFO - Setting next_dagrun for example_branch_datetime_operator to 2025-11-20T00:00:00+00:00, run_after=2025-11-21T00:00:00+00:00
[2025-11-21T11:02:51.075+0300] {logging_mixin.py:137} INFO - [2025-11-21T11:02:51.075+0300] {dag.py:3456} INFO - Setting next_dagrun for example_branch_datetime_operator_2 to 2025-11-20T00:00:00+00:00, run_after=2025-11-21T00:00:00+00:00
[2025-11-21T11:02:51.078+0300] {logging_mixin.py:137} INFO - [2025-11-21T11:02:51.077+0300] {dag.py:3456} INFO - Setting next_dagrun for example_branch_datetime_operator_3 to 2025-11-20T00:00:00+00:00, run_after=2025-11-21T00:00:00+00:00
[2025-11-21T11:02:51.105+0300] {processor.py:175} INFO - Processing /home/pker/airflow_env/lib/python3.7/site-packages/airflow/example_dags/example_branch_datetime_operator.py took 0.154 seconds
[2025-11-21T11:03:39.865+0300] {processor.py:153} INFO - Started process (PID=31251) to work on /home/pker/airflow_env/lib/python3.7/site-packages/airflow/example_dags/example_branch_datetime_operator.py
[2025-11-21T11:03:39.888+0300] {processor.py:743} INFO - Processing file /home/pker/airflow_env/lib/python3.7/site-packages/airflow/example_dags/example_branch_datetime_operator.py for tasks to queue
[2025-11-21T11:03:39.890+0300] {logging_mixin.py:137} INFO - [2025-11-21T11:03:39.889+0300] {dagbag.py:532} INFO - Filling up the DagBag from /home/pker/airflow_env/lib/python3.7/site-packages/airflow/example_dags/example_branch_datetime_operator.py
[2025-11-21T11:03:39.917+0300] {processor.py:753} INFO - DAG(s) dict_keys(['example_branch_datetime_operator_2', 'example_branch_datetime_operator_3', 'example_branch_datetime_operator']) retrieved from /home/pker/airflow_env/lib/python3.7/site-packages/airflow/example_dags/example_branch_datetime_operator.py
[2025-11-21T11:03:39.957+0300] {logging_mixin.py:137} INFO - [2025-11-21T11:03:39.957+0300] {dag.py:2705} INFO - Sync 3 DAGs
[2025-11-21T11:03:40.007+0300] {logging_mixin.py:137} INFO - [2025-11-21T11:03:40.007+0300] {dag.py:3456} INFO - Setting next_dagrun for example_branch_datetime_operator to 2025-11-20T00:00:00+00:00, run_after=2025-11-21T00:00:00+00:00
[2025-11-21T11:03:40.016+0300] {logging_mixin.py:137} INFO - [2025-11-21T11:03:40.016+0300] {dag.py:3456} INFO - Setting next_dagrun for example_branch_datetime_operator_2 to 2025-11-20T00:00:00+00:00, run_after=2025-11-21T00:00:00+00:00
[2025-11-21T11:03:40.023+0300] {logging_mixin.py:137} INFO - [2025-11-21T11:03:40.022+0300] {dag.py:3456} INFO - Setting next_dagrun for example_branch_datetime_operator_3 to 2025-11-20T00:00:00+00:00, run_after=2025-11-21T00:00:00+00:00
[2025-11-21T11:03:40.094+0300] {processor.py:175} INFO - Processing /home/pker/airflow_env/lib/python3.7/site-packages/airflow/example_dags/example_branch_datetime_operator.py took 0.239 seconds
[2025-11-21T11:04:25.026+0300] {processor.py:153} INFO - Started process (PID=31296) to work on /home/pker/airflow_env/lib/python3.7/site-packages/airflow/example_dags/example_branch_datetime_operator.py
[2025-11-21T11:04:25.051+0300] {processor.py:743} INFO - Processing file /home/pker/airflow_env/lib/python3.7/site-packages/airflow/example_dags/example_branch_datetime_operator.py for tasks to queue
[2025-11-21T11:04:25.053+0300] {logging_mixin.py:137} INFO - [2025-11-21T11:04:25.052+0300] {dagbag.py:532} INFO - Filling up the DagBag from /home/pker/airflow_env/lib/python3.7/site-packages/airflow/example_dags/example_branch_datetime_operator.py
[2025-11-21T11:04:25.092+0300] {processor.py:753} INFO - DAG(s) dict_keys(['example_branch_datetime_operator_3', 'example_branch_datetime_operator_2', 'example_branch_datetime_operator']) retrieved from /home/pker/airflow_env/lib/python3.7/site-packages/airflow/example_dags/example_branch_datetime_operator.py
[2025-11-21T11:04:25.131+0300] {logging_mixin.py:137} INFO - [2025-11-21T11:04:25.130+0300] {dag.py:2705} INFO - Sync 3 DAGs
[2025-11-21T11:04:25.166+0300] {logging_mixin.py:137} INFO - [2025-11-21T11:04:25.166+0300] {dag.py:3456} INFO - Setting next_dagrun for example_branch_datetime_operator to 2025-11-20T00:00:00+00:00, run_after=2025-11-21T00:00:00+00:00
[2025-11-21T11:04:25.174+0300] {logging_mixin.py:137} INFO - [2025-11-21T11:04:25.174+0300] {dag.py:3456} INFO - Setting next_dagrun for example_branch_datetime_operator_2 to 2025-11-20T00:00:00+00:00, run_after=2025-11-21T00:00:00+00:00
[2025-11-21T11:04:25.177+0300] {logging_mixin.py:137} INFO - [2025-11-21T11:04:25.176+0300] {dag.py:3456} INFO - Setting next_dagrun for example_branch_datetime_operator_3 to 2025-11-20T00:00:00+00:00, run_after=2025-11-21T00:00:00+00:00
[2025-11-21T11:04:25.229+0300] {processor.py:175} INFO - Processing /home/pker/airflow_env/lib/python3.7/site-packages/airflow/example_dags/example_branch_datetime_operator.py took 0.212 seconds
[2025-11-21T11:05:14.477+0300] {processor.py:153} INFO - Started process (PID=31343) to work on /home/pker/airflow_env/lib/python3.7/site-packages/airflow/example_dags/example_branch_datetime_operator.py
[2025-11-21T11:05:14.501+0300] {processor.py:743} INFO - Processing file /home/pker/airflow_env/lib/python3.7/site-packages/airflow/example_dags/example_branch_datetime_operator.py for tasks to queue
[2025-11-21T11:05:14.503+0300] {logging_mixin.py:137} INFO - [2025-11-21T11:05:14.503+0300] {dagbag.py:532} INFO - Filling up the DagBag from /home/pker/airflow_env/lib/python3.7/site-packages/airflow/example_dags/example_branch_datetime_operator.py
[2025-11-21T11:05:14.550+0300] {processor.py:753} INFO - DAG(s) dict_keys(['example_branch_datetime_operator_2', 'example_branch_datetime_operator', 'example_branch_datetime_operator_3']) retrieved from /home/pker/airflow_env/lib/python3.7/site-packages/airflow/example_dags/example_branch_datetime_operator.py
[2025-11-21T11:05:14.613+0300] {logging_mixin.py:137} INFO - [2025-11-21T11:05:14.613+0300] {dag.py:2705} INFO - Sync 3 DAGs
[2025-11-21T11:05:14.661+0300] {logging_mixin.py:137} INFO - [2025-11-21T11:05:14.660+0300] {dag.py:3456} INFO - Setting next_dagrun for example_branch_datetime_operator to 2025-11-20T00:00:00+00:00, run_after=2025-11-21T00:00:00+00:00
[2025-11-21T11:05:14.670+0300] {logging_mixin.py:137} INFO - [2025-11-21T11:05:14.669+0300] {dag.py:3456} INFO - Setting next_dagrun for example_branch_datetime_operator_2 to 2025-11-20T00:00:00+00:00, run_after=2025-11-21T00:00:00+00:00
[2025-11-21T11:05:14.674+0300] {logging_mixin.py:137} INFO - [2025-11-21T11:05:14.674+0300] {dag.py:3456} INFO - Setting next_dagrun for example_branch_datetime_operator_3 to 2025-11-20T00:00:00+00:00, run_after=2025-11-21T00:00:00+00:00
[2025-11-21T11:05:14.722+0300] {processor.py:175} INFO - Processing /home/pker/airflow_env/lib/python3.7/site-packages/airflow/example_dags/example_branch_datetime_operator.py took 0.258 seconds
[2025-11-21T11:06:02.816+0300] {processor.py:153} INFO - Started process (PID=31394) to work on /home/pker/airflow_env/lib/python3.7/site-packages/airflow/example_dags/example_branch_datetime_operator.py
[2025-11-21T11:06:02.838+0300] {processor.py:743} INFO - Processing file /home/pker/airflow_env/lib/python3.7/site-packages/airflow/example_dags/example_branch_datetime_operator.py for tasks to queue
[2025-11-21T11:06:02.840+0300] {logging_mixin.py:137} INFO - [2025-11-21T11:06:02.840+0300] {dagbag.py:532} INFO - Filling up the DagBag from /home/pker/airflow_env/lib/python3.7/site-packages/airflow/example_dags/example_branch_datetime_operator.py
[2025-11-21T11:06:02.877+0300] {processor.py:753} INFO - DAG(s) dict_keys(['example_branch_datetime_operator_2', 'example_branch_datetime_operator_3', 'example_branch_datetime_operator']) retrieved from /home/pker/airflow_env/lib/python3.7/site-packages/airflow/example_dags/example_branch_datetime_operator.py
[2025-11-21T11:06:02.919+0300] {logging_mixin.py:137} INFO - [2025-11-21T11:06:02.919+0300] {dag.py:2705} INFO - Sync 3 DAGs
[2025-11-21T11:06:02.947+0300] {logging_mixin.py:137} INFO - [2025-11-21T11:06:02.947+0300] {dag.py:3456} INFO - Setting next_dagrun for example_branch_datetime_operator to 2025-11-20T00:00:00+00:00, run_after=2025-11-21T00:00:00+00:00
[2025-11-21T11:06:02.952+0300] {logging_mixin.py:137} INFO - [2025-11-21T11:06:02.952+0300] {dag.py:3456} INFO - Setting next_dagrun for example_branch_datetime_operator_2 to 2025-11-20T00:00:00+00:00, run_after=2025-11-21T00:00:00+00:00
[2025-11-21T11:06:02.954+0300] {logging_mixin.py:137} INFO - [2025-11-21T11:06:02.954+0300] {dag.py:3456} INFO - Setting next_dagrun for example_branch_datetime_operator_3 to 2025-11-20T00:00:00+00:00, run_after=2025-11-21T00:00:00+00:00
[2025-11-21T11:06:03.018+0300] {processor.py:175} INFO - Processing /home/pker/airflow_env/lib/python3.7/site-packages/airflow/example_dags/example_branch_datetime_operator.py took 0.208 seconds
[2025-11-21T11:06:50.407+0300] {processor.py:153} INFO - Started process (PID=31442) to work on /home/pker/airflow_env/lib/python3.7/site-packages/airflow/example_dags/example_branch_datetime_operator.py
[2025-11-21T11:06:50.409+0300] {processor.py:743} INFO - Processing file /home/pker/airflow_env/lib/python3.7/site-packages/airflow/example_dags/example_branch_datetime_operator.py for tasks to queue
[2025-11-21T11:06:50.410+0300] {logging_mixin.py:137} INFO - [2025-11-21T11:06:50.410+0300] {dagbag.py:532} INFO - Filling up the DagBag from /home/pker/airflow_env/lib/python3.7/site-packages/airflow/example_dags/example_branch_datetime_operator.py
[2025-11-21T11:06:50.434+0300] {processor.py:753} INFO - DAG(s) dict_keys(['example_branch_datetime_operator_2', 'example_branch_datetime_operator', 'example_branch_datetime_operator_3']) retrieved from /home/pker/airflow_env/lib/python3.7/site-packages/airflow/example_dags/example_branch_datetime_operator.py
[2025-11-21T11:06:50.467+0300] {logging_mixin.py:137} INFO - [2025-11-21T11:06:50.467+0300] {dag.py:2705} INFO - Sync 3 DAGs
[2025-11-21T11:06:50.493+0300] {logging_mixin.py:137} INFO - [2025-11-21T11:06:50.493+0300] {dag.py:3456} INFO - Setting next_dagrun for example_branch_datetime_operator to 2025-11-20T00:00:00+00:00, run_after=2025-11-21T00:00:00+00:00
[2025-11-21T11:06:50.500+0300] {logging_mixin.py:137} INFO - [2025-11-21T11:06:50.500+0300] {dag.py:3456} INFO - Setting next_dagrun for example_branch_datetime_operator_2 to 2025-11-20T00:00:00+00:00, run_after=2025-11-21T00:00:00+00:00
[2025-11-21T11:06:50.504+0300] {logging_mixin.py:137} INFO - [2025-11-21T11:06:50.504+0300] {dag.py:3456} INFO - Setting next_dagrun for example_branch_datetime_operator_3 to 2025-11-20T00:00:00+00:00, run_after=2025-11-21T00:00:00+00:00
[2025-11-21T11:06:50.532+0300] {processor.py:175} INFO - Processing /home/pker/airflow_env/lib/python3.7/site-packages/airflow/example_dags/example_branch_datetime_operator.py took 0.129 seconds
[2025-11-21T11:07:37.773+0300] {processor.py:153} INFO - Started process (PID=31488) to work on /home/pker/airflow_env/lib/python3.7/site-packages/airflow/example_dags/example_branch_datetime_operator.py
[2025-11-21T11:07:37.801+0300] {processor.py:743} INFO - Processing file /home/pker/airflow_env/lib/python3.7/site-packages/airflow/example_dags/example_branch_datetime_operator.py for tasks to queue
[2025-11-21T11:07:37.803+0300] {logging_mixin.py:137} INFO - [2025-11-21T11:07:37.802+0300] {dagbag.py:532} INFO - Filling up the DagBag from /home/pker/airflow_env/lib/python3.7/site-packages/airflow/example_dags/example_branch_datetime_operator.py
[2025-11-21T11:07:37.837+0300] {processor.py:753} INFO - DAG(s) dict_keys(['example_branch_datetime_operator_3', 'example_branch_datetime_operator_2', 'example_branch_datetime_operator']) retrieved from /home/pker/airflow_env/lib/python3.7/site-packages/airflow/example_dags/example_branch_datetime_operator.py
[2025-11-21T11:07:37.882+0300] {logging_mixin.py:137} INFO - [2025-11-21T11:07:37.882+0300] {dag.py:2705} INFO - Sync 3 DAGs
[2025-11-21T11:07:37.929+0300] {logging_mixin.py:137} INFO - [2025-11-21T11:07:37.928+0300] {dag.py:3456} INFO - Setting next_dagrun for example_branch_datetime_operator to 2025-11-20T00:00:00+00:00, run_after=2025-11-21T00:00:00+00:00
[2025-11-21T11:07:37.935+0300] {logging_mixin.py:137} INFO - [2025-11-21T11:07:37.934+0300] {dag.py:3456} INFO - Setting next_dagrun for example_branch_datetime_operator_2 to 2025-11-20T00:00:00+00:00, run_after=2025-11-21T00:00:00+00:00
[2025-11-21T11:07:37.938+0300] {logging_mixin.py:137} INFO - [2025-11-21T11:07:37.938+0300] {dag.py:3456} INFO - Setting next_dagrun for example_branch_datetime_operator_3 to 2025-11-20T00:00:00+00:00, run_after=2025-11-21T00:00:00+00:00
[2025-11-21T11:07:37.996+0300] {processor.py:175} INFO - Processing /home/pker/airflow_env/lib/python3.7/site-packages/airflow/example_dags/example_branch_datetime_operator.py took 0.229 seconds
[2025-11-21T11:08:26.972+0300] {processor.py:153} INFO - Started process (PID=31557) to work on /home/pker/airflow_env/lib/python3.7/site-packages/airflow/example_dags/example_branch_datetime_operator.py
[2025-11-21T11:08:26.994+0300] {processor.py:743} INFO - Processing file /home/pker/airflow_env/lib/python3.7/site-packages/airflow/example_dags/example_branch_datetime_operator.py for tasks to queue
[2025-11-21T11:08:26.996+0300] {logging_mixin.py:137} INFO - [2025-11-21T11:08:26.995+0300] {dagbag.py:532} INFO - Filling up the DagBag from /home/pker/airflow_env/lib/python3.7/site-packages/airflow/example_dags/example_branch_datetime_operator.py
[2025-11-21T11:08:27.052+0300] {processor.py:753} INFO - DAG(s) dict_keys(['example_branch_datetime_operator_2', 'example_branch_datetime_operator_3', 'example_branch_datetime_operator']) retrieved from /home/pker/airflow_env/lib/python3.7/site-packages/airflow/example_dags/example_branch_datetime_operator.py
[2025-11-21T11:08:27.114+0300] {logging_mixin.py:137} INFO - [2025-11-21T11:08:27.114+0300] {dag.py:2705} INFO - Sync 3 DAGs
[2025-11-21T11:08:27.164+0300] {logging_mixin.py:137} INFO - [2025-11-21T11:08:27.164+0300] {dag.py:3456} INFO - Setting next_dagrun for example_branch_datetime_operator to 2025-11-20T00:00:00+00:00, run_after=2025-11-21T00:00:00+00:00
[2025-11-21T11:08:27.170+0300] {logging_mixin.py:137} INFO - [2025-11-21T11:08:27.170+0300] {dag.py:3456} INFO - Setting next_dagrun for example_branch_datetime_operator_2 to 2025-11-20T00:00:00+00:00, run_after=2025-11-21T00:00:00+00:00
[2025-11-21T11:08:27.172+0300] {logging_mixin.py:137} INFO - [2025-11-21T11:08:27.172+0300] {dag.py:3456} INFO - Setting next_dagrun for example_branch_datetime_operator_3 to 2025-11-20T00:00:00+00:00, run_after=2025-11-21T00:00:00+00:00
[2025-11-21T11:08:27.227+0300] {processor.py:175} INFO - Processing /home/pker/airflow_env/lib/python3.7/site-packages/airflow/example_dags/example_branch_datetime_operator.py took 0.262 seconds
