[2025-11-21T10:44:38.411+0300] {processor.py:153} INFO - Started process (PID=30117) to work on /home/pker/airflow_env/lib/python3.7/site-packages/airflow/example_dags/example_params_ui_tutorial.py
[2025-11-21T10:44:38.413+0300] {processor.py:743} INFO - Processing file /home/pker/airflow_env/lib/python3.7/site-packages/airflow/example_dags/example_params_ui_tutorial.py for tasks to queue
[2025-11-21T10:44:38.414+0300] {logging_mixin.py:137} INFO - [2025-11-21T10:44:38.413+0300] {dagbag.py:532} INFO - Filling up the DagBag from /home/pker/airflow_env/lib/python3.7/site-packages/airflow/example_dags/example_params_ui_tutorial.py
[2025-11-21T10:44:38.498+0300] {processor.py:753} INFO - DAG(s) dict_keys(['example_params_ui_tutorial']) retrieved from /home/pker/airflow_env/lib/python3.7/site-packages/airflow/example_dags/example_params_ui_tutorial.py
[2025-11-21T10:44:38.726+0300] {logging_mixin.py:137} INFO - [2025-11-21T10:44:38.726+0300] {manager.py:504} INFO - Created Permission View: can delete on DAG:example_params_ui_tutorial
[2025-11-21T10:44:38.753+0300] {logging_mixin.py:137} INFO - [2025-11-21T10:44:38.752+0300] {manager.py:504} INFO - Created Permission View: can read on DAG:example_params_ui_tutorial
[2025-11-21T10:44:38.775+0300] {logging_mixin.py:137} INFO - [2025-11-21T10:44:38.775+0300] {manager.py:504} INFO - Created Permission View: can edit on DAG:example_params_ui_tutorial
[2025-11-21T10:44:38.776+0300] {logging_mixin.py:137} INFO - [2025-11-21T10:44:38.775+0300] {dag.py:2705} INFO - Sync 1 DAGs
[2025-11-21T10:44:38.795+0300] {logging_mixin.py:137} INFO - [2025-11-21T10:44:38.795+0300] {dag.py:2726} INFO - Creating ORM DAG for example_params_ui_tutorial
[2025-11-21T10:44:38.807+0300] {logging_mixin.py:137} INFO - [2025-11-21T10:44:38.807+0300] {dag.py:3456} INFO - Setting next_dagrun for example_params_ui_tutorial to None, run_after=None
[2025-11-21T10:44:38.841+0300] {processor.py:175} INFO - Processing /home/pker/airflow_env/lib/python3.7/site-packages/airflow/example_dags/example_params_ui_tutorial.py took 0.435 seconds
[2025-11-21T10:45:26.373+0300] {processor.py:153} INFO - Started process (PID=30183) to work on /home/pker/airflow_env/lib/python3.7/site-packages/airflow/example_dags/example_params_ui_tutorial.py
[2025-11-21T10:45:26.396+0300] {processor.py:743} INFO - Processing file /home/pker/airflow_env/lib/python3.7/site-packages/airflow/example_dags/example_params_ui_tutorial.py for tasks to queue
[2025-11-21T10:45:26.397+0300] {logging_mixin.py:137} INFO - [2025-11-21T10:45:26.397+0300] {dagbag.py:532} INFO - Filling up the DagBag from /home/pker/airflow_env/lib/python3.7/site-packages/airflow/example_dags/example_params_ui_tutorial.py
[2025-11-21T10:45:26.515+0300] {processor.py:753} INFO - DAG(s) dict_keys(['example_params_ui_tutorial']) retrieved from /home/pker/airflow_env/lib/python3.7/site-packages/airflow/example_dags/example_params_ui_tutorial.py
[2025-11-21T10:45:26.581+0300] {logging_mixin.py:137} INFO - [2025-11-21T10:45:26.580+0300] {dag.py:2705} INFO - Sync 1 DAGs
[2025-11-21T10:45:26.618+0300] {logging_mixin.py:137} INFO - [2025-11-21T10:45:26.618+0300] {dag.py:3456} INFO - Setting next_dagrun for example_params_ui_tutorial to None, run_after=None
[2025-11-21T10:45:26.692+0300] {processor.py:175} INFO - Processing /home/pker/airflow_env/lib/python3.7/site-packages/airflow/example_dags/example_params_ui_tutorial.py took 0.327 seconds
[2025-11-21T10:46:16.692+0300] {processor.py:153} INFO - Started process (PID=30229) to work on /home/pker/airflow_env/lib/python3.7/site-packages/airflow/example_dags/example_params_ui_tutorial.py
[2025-11-21T10:46:16.716+0300] {processor.py:743} INFO - Processing file /home/pker/airflow_env/lib/python3.7/site-packages/airflow/example_dags/example_params_ui_tutorial.py for tasks to queue
[2025-11-21T10:46:16.719+0300] {logging_mixin.py:137} INFO - [2025-11-21T10:46:16.718+0300] {dagbag.py:532} INFO - Filling up the DagBag from /home/pker/airflow_env/lib/python3.7/site-packages/airflow/example_dags/example_params_ui_tutorial.py
[2025-11-21T10:46:16.795+0300] {processor.py:753} INFO - DAG(s) dict_keys(['example_params_ui_tutorial']) retrieved from /home/pker/airflow_env/lib/python3.7/site-packages/airflow/example_dags/example_params_ui_tutorial.py
[2025-11-21T10:46:16.871+0300] {logging_mixin.py:137} INFO - [2025-11-21T10:46:16.871+0300] {dag.py:2705} INFO - Sync 1 DAGs
[2025-11-21T10:46:16.897+0300] {logging_mixin.py:137} INFO - [2025-11-21T10:46:16.897+0300] {dag.py:3456} INFO - Setting next_dagrun for example_params_ui_tutorial to None, run_after=None
[2025-11-21T10:46:16.962+0300] {processor.py:175} INFO - Processing /home/pker/airflow_env/lib/python3.7/site-packages/airflow/example_dags/example_params_ui_tutorial.py took 0.277 seconds
[2025-11-21T10:47:02.815+0300] {processor.py:153} INFO - Started process (PID=30277) to work on /home/pker/airflow_env/lib/python3.7/site-packages/airflow/example_dags/example_params_ui_tutorial.py
[2025-11-21T10:47:02.839+0300] {processor.py:743} INFO - Processing file /home/pker/airflow_env/lib/python3.7/site-packages/airflow/example_dags/example_params_ui_tutorial.py for tasks to queue
[2025-11-21T10:47:02.841+0300] {logging_mixin.py:137} INFO - [2025-11-21T10:47:02.841+0300] {dagbag.py:532} INFO - Filling up the DagBag from /home/pker/airflow_env/lib/python3.7/site-packages/airflow/example_dags/example_params_ui_tutorial.py
[2025-11-21T10:47:02.924+0300] {processor.py:753} INFO - DAG(s) dict_keys(['example_params_ui_tutorial']) retrieved from /home/pker/airflow_env/lib/python3.7/site-packages/airflow/example_dags/example_params_ui_tutorial.py
[2025-11-21T10:47:03.013+0300] {logging_mixin.py:137} INFO - [2025-11-21T10:47:03.012+0300] {dag.py:2705} INFO - Sync 1 DAGs
[2025-11-21T10:47:03.043+0300] {logging_mixin.py:137} INFO - [2025-11-21T10:47:03.042+0300] {dag.py:3456} INFO - Setting next_dagrun for example_params_ui_tutorial to None, run_after=None
[2025-11-21T10:47:03.105+0300] {processor.py:175} INFO - Processing /home/pker/airflow_env/lib/python3.7/site-packages/airflow/example_dags/example_params_ui_tutorial.py took 0.295 seconds
[2025-11-21T10:47:51.414+0300] {processor.py:153} INFO - Started process (PID=30321) to work on /home/pker/airflow_env/lib/python3.7/site-packages/airflow/example_dags/example_params_ui_tutorial.py
[2025-11-21T10:47:51.417+0300] {processor.py:743} INFO - Processing file /home/pker/airflow_env/lib/python3.7/site-packages/airflow/example_dags/example_params_ui_tutorial.py for tasks to queue
[2025-11-21T10:47:51.418+0300] {logging_mixin.py:137} INFO - [2025-11-21T10:47:51.418+0300] {dagbag.py:532} INFO - Filling up the DagBag from /home/pker/airflow_env/lib/python3.7/site-packages/airflow/example_dags/example_params_ui_tutorial.py
[2025-11-21T10:47:51.501+0300] {processor.py:753} INFO - DAG(s) dict_keys(['example_params_ui_tutorial']) retrieved from /home/pker/airflow_env/lib/python3.7/site-packages/airflow/example_dags/example_params_ui_tutorial.py
[2025-11-21T10:47:51.587+0300] {logging_mixin.py:137} INFO - [2025-11-21T10:47:51.586+0300] {dag.py:2705} INFO - Sync 1 DAGs
[2025-11-21T10:47:51.616+0300] {logging_mixin.py:137} INFO - [2025-11-21T10:47:51.616+0300] {dag.py:3456} INFO - Setting next_dagrun for example_params_ui_tutorial to None, run_after=None
[2025-11-21T10:47:51.678+0300] {processor.py:175} INFO - Processing /home/pker/airflow_env/lib/python3.7/site-packages/airflow/example_dags/example_params_ui_tutorial.py took 0.271 seconds
[2025-11-21T10:48:39.365+0300] {processor.py:153} INFO - Started process (PID=30363) to work on /home/pker/airflow_env/lib/python3.7/site-packages/airflow/example_dags/example_params_ui_tutorial.py
[2025-11-21T10:48:39.386+0300] {processor.py:743} INFO - Processing file /home/pker/airflow_env/lib/python3.7/site-packages/airflow/example_dags/example_params_ui_tutorial.py for tasks to queue
[2025-11-21T10:48:39.387+0300] {logging_mixin.py:137} INFO - [2025-11-21T10:48:39.387+0300] {dagbag.py:532} INFO - Filling up the DagBag from /home/pker/airflow_env/lib/python3.7/site-packages/airflow/example_dags/example_params_ui_tutorial.py
[2025-11-21T10:48:39.449+0300] {processor.py:753} INFO - DAG(s) dict_keys(['example_params_ui_tutorial']) retrieved from /home/pker/airflow_env/lib/python3.7/site-packages/airflow/example_dags/example_params_ui_tutorial.py
[2025-11-21T10:48:39.527+0300] {logging_mixin.py:137} INFO - [2025-11-21T10:48:39.526+0300] {dag.py:2705} INFO - Sync 1 DAGs
[2025-11-21T10:48:39.571+0300] {logging_mixin.py:137} INFO - [2025-11-21T10:48:39.571+0300] {dag.py:3456} INFO - Setting next_dagrun for example_params_ui_tutorial to None, run_after=None
[2025-11-21T10:48:39.639+0300] {processor.py:175} INFO - Processing /home/pker/airflow_env/lib/python3.7/site-packages/airflow/example_dags/example_params_ui_tutorial.py took 0.278 seconds
[2025-11-21T10:49:25.787+0300] {processor.py:153} INFO - Started process (PID=30420) to work on /home/pker/airflow_env/lib/python3.7/site-packages/airflow/example_dags/example_params_ui_tutorial.py
[2025-11-21T10:49:25.789+0300] {processor.py:743} INFO - Processing file /home/pker/airflow_env/lib/python3.7/site-packages/airflow/example_dags/example_params_ui_tutorial.py for tasks to queue
[2025-11-21T10:49:25.790+0300] {logging_mixin.py:137} INFO - [2025-11-21T10:49:25.789+0300] {dagbag.py:532} INFO - Filling up the DagBag from /home/pker/airflow_env/lib/python3.7/site-packages/airflow/example_dags/example_params_ui_tutorial.py
[2025-11-21T10:49:25.861+0300] {processor.py:753} INFO - DAG(s) dict_keys(['example_params_ui_tutorial']) retrieved from /home/pker/airflow_env/lib/python3.7/site-packages/airflow/example_dags/example_params_ui_tutorial.py
[2025-11-21T10:49:25.951+0300] {logging_mixin.py:137} INFO - [2025-11-21T10:49:25.950+0300] {dag.py:2705} INFO - Sync 1 DAGs
[2025-11-21T10:49:25.990+0300] {logging_mixin.py:137} INFO - [2025-11-21T10:49:25.990+0300] {dag.py:3456} INFO - Setting next_dagrun for example_params_ui_tutorial to None, run_after=None
[2025-11-21T10:49:26.048+0300] {processor.py:175} INFO - Processing /home/pker/airflow_env/lib/python3.7/site-packages/airflow/example_dags/example_params_ui_tutorial.py took 0.265 seconds
[2025-11-21T10:50:13.071+0300] {processor.py:153} INFO - Started process (PID=30465) to work on /home/pker/airflow_env/lib/python3.7/site-packages/airflow/example_dags/example_params_ui_tutorial.py
[2025-11-21T10:50:13.091+0300] {processor.py:743} INFO - Processing file /home/pker/airflow_env/lib/python3.7/site-packages/airflow/example_dags/example_params_ui_tutorial.py for tasks to queue
[2025-11-21T10:50:13.092+0300] {logging_mixin.py:137} INFO - [2025-11-21T10:50:13.092+0300] {dagbag.py:532} INFO - Filling up the DagBag from /home/pker/airflow_env/lib/python3.7/site-packages/airflow/example_dags/example_params_ui_tutorial.py
[2025-11-21T10:50:13.167+0300] {processor.py:753} INFO - DAG(s) dict_keys(['example_params_ui_tutorial']) retrieved from /home/pker/airflow_env/lib/python3.7/site-packages/airflow/example_dags/example_params_ui_tutorial.py
[2025-11-21T10:50:13.258+0300] {logging_mixin.py:137} INFO - [2025-11-21T10:50:13.257+0300] {dag.py:2705} INFO - Sync 1 DAGs
[2025-11-21T10:50:13.293+0300] {logging_mixin.py:137} INFO - [2025-11-21T10:50:13.292+0300] {dag.py:3456} INFO - Setting next_dagrun for example_params_ui_tutorial to None, run_after=None
[2025-11-21T10:50:13.326+0300] {processor.py:175} INFO - Processing /home/pker/airflow_env/lib/python3.7/site-packages/airflow/example_dags/example_params_ui_tutorial.py took 0.260 seconds
[2025-11-21T10:51:00.553+0300] {processor.py:153} INFO - Started process (PID=30510) to work on /home/pker/airflow_env/lib/python3.7/site-packages/airflow/example_dags/example_params_ui_tutorial.py
[2025-11-21T10:51:00.575+0300] {processor.py:743} INFO - Processing file /home/pker/airflow_env/lib/python3.7/site-packages/airflow/example_dags/example_params_ui_tutorial.py for tasks to queue
[2025-11-21T10:51:00.576+0300] {logging_mixin.py:137} INFO - [2025-11-21T10:51:00.576+0300] {dagbag.py:532} INFO - Filling up the DagBag from /home/pker/airflow_env/lib/python3.7/site-packages/airflow/example_dags/example_params_ui_tutorial.py
[2025-11-21T10:51:00.655+0300] {processor.py:753} INFO - DAG(s) dict_keys(['example_params_ui_tutorial']) retrieved from /home/pker/airflow_env/lib/python3.7/site-packages/airflow/example_dags/example_params_ui_tutorial.py
[2025-11-21T10:51:00.749+0300] {logging_mixin.py:137} INFO - [2025-11-21T10:51:00.749+0300] {dag.py:2705} INFO - Sync 1 DAGs
[2025-11-21T10:51:00.786+0300] {logging_mixin.py:137} INFO - [2025-11-21T10:51:00.785+0300] {dag.py:3456} INFO - Setting next_dagrun for example_params_ui_tutorial to None, run_after=None
[2025-11-21T10:51:00.824+0300] {processor.py:175} INFO - Processing /home/pker/airflow_env/lib/python3.7/site-packages/airflow/example_dags/example_params_ui_tutorial.py took 0.276 seconds
[2025-11-21T10:51:46.454+0300] {processor.py:153} INFO - Started process (PID=30554) to work on /home/pker/airflow_env/lib/python3.7/site-packages/airflow/example_dags/example_params_ui_tutorial.py
[2025-11-21T10:51:46.476+0300] {processor.py:743} INFO - Processing file /home/pker/airflow_env/lib/python3.7/site-packages/airflow/example_dags/example_params_ui_tutorial.py for tasks to queue
[2025-11-21T10:51:46.479+0300] {logging_mixin.py:137} INFO - [2025-11-21T10:51:46.478+0300] {dagbag.py:532} INFO - Filling up the DagBag from /home/pker/airflow_env/lib/python3.7/site-packages/airflow/example_dags/example_params_ui_tutorial.py
[2025-11-21T10:51:46.563+0300] {processor.py:753} INFO - DAG(s) dict_keys(['example_params_ui_tutorial']) retrieved from /home/pker/airflow_env/lib/python3.7/site-packages/airflow/example_dags/example_params_ui_tutorial.py
[2025-11-21T10:51:46.642+0300] {logging_mixin.py:137} INFO - [2025-11-21T10:51:46.642+0300] {dag.py:2705} INFO - Sync 1 DAGs
[2025-11-21T10:51:46.684+0300] {logging_mixin.py:137} INFO - [2025-11-21T10:51:46.683+0300] {dag.py:3456} INFO - Setting next_dagrun for example_params_ui_tutorial to None, run_after=None
[2025-11-21T10:51:46.754+0300] {processor.py:175} INFO - Processing /home/pker/airflow_env/lib/python3.7/site-packages/airflow/example_dags/example_params_ui_tutorial.py took 0.308 seconds
[2025-11-21T10:52:32.922+0300] {processor.py:153} INFO - Started process (PID=30599) to work on /home/pker/airflow_env/lib/python3.7/site-packages/airflow/example_dags/example_params_ui_tutorial.py
[2025-11-21T10:52:32.946+0300] {processor.py:743} INFO - Processing file /home/pker/airflow_env/lib/python3.7/site-packages/airflow/example_dags/example_params_ui_tutorial.py for tasks to queue
[2025-11-21T10:52:32.948+0300] {logging_mixin.py:137} INFO - [2025-11-21T10:52:32.948+0300] {dagbag.py:532} INFO - Filling up the DagBag from /home/pker/airflow_env/lib/python3.7/site-packages/airflow/example_dags/example_params_ui_tutorial.py
[2025-11-21T10:52:33.043+0300] {processor.py:753} INFO - DAG(s) dict_keys(['example_params_ui_tutorial']) retrieved from /home/pker/airflow_env/lib/python3.7/site-packages/airflow/example_dags/example_params_ui_tutorial.py
[2025-11-21T10:52:33.114+0300] {logging_mixin.py:137} INFO - [2025-11-21T10:52:33.114+0300] {dag.py:2705} INFO - Sync 1 DAGs
[2025-11-21T10:52:33.146+0300] {logging_mixin.py:137} INFO - [2025-11-21T10:52:33.146+0300] {dag.py:3456} INFO - Setting next_dagrun for example_params_ui_tutorial to None, run_after=None
[2025-11-21T10:52:33.212+0300] {processor.py:175} INFO - Processing /home/pker/airflow_env/lib/python3.7/site-packages/airflow/example_dags/example_params_ui_tutorial.py took 0.295 seconds
[2025-11-21T10:53:20.102+0300] {processor.py:153} INFO - Started process (PID=30644) to work on /home/pker/airflow_env/lib/python3.7/site-packages/airflow/example_dags/example_params_ui_tutorial.py
[2025-11-21T10:53:20.126+0300] {processor.py:743} INFO - Processing file /home/pker/airflow_env/lib/python3.7/site-packages/airflow/example_dags/example_params_ui_tutorial.py for tasks to queue
[2025-11-21T10:53:20.128+0300] {logging_mixin.py:137} INFO - [2025-11-21T10:53:20.128+0300] {dagbag.py:532} INFO - Filling up the DagBag from /home/pker/airflow_env/lib/python3.7/site-packages/airflow/example_dags/example_params_ui_tutorial.py
[2025-11-21T10:53:20.218+0300] {processor.py:753} INFO - DAG(s) dict_keys(['example_params_ui_tutorial']) retrieved from /home/pker/airflow_env/lib/python3.7/site-packages/airflow/example_dags/example_params_ui_tutorial.py
[2025-11-21T10:53:20.292+0300] {logging_mixin.py:137} INFO - [2025-11-21T10:53:20.291+0300] {dag.py:2705} INFO - Sync 1 DAGs
[2025-11-21T10:53:20.334+0300] {logging_mixin.py:137} INFO - [2025-11-21T10:53:20.334+0300] {dag.py:3456} INFO - Setting next_dagrun for example_params_ui_tutorial to None, run_after=None
[2025-11-21T10:53:20.406+0300] {processor.py:175} INFO - Processing /home/pker/airflow_env/lib/python3.7/site-packages/airflow/example_dags/example_params_ui_tutorial.py took 0.311 seconds
[2025-11-21T10:54:08.245+0300] {processor.py:153} INFO - Started process (PID=30688) to work on /home/pker/airflow_env/lib/python3.7/site-packages/airflow/example_dags/example_params_ui_tutorial.py
[2025-11-21T10:54:08.268+0300] {processor.py:743} INFO - Processing file /home/pker/airflow_env/lib/python3.7/site-packages/airflow/example_dags/example_params_ui_tutorial.py for tasks to queue
[2025-11-21T10:54:08.269+0300] {logging_mixin.py:137} INFO - [2025-11-21T10:54:08.269+0300] {dagbag.py:532} INFO - Filling up the DagBag from /home/pker/airflow_env/lib/python3.7/site-packages/airflow/example_dags/example_params_ui_tutorial.py
[2025-11-21T10:54:08.375+0300] {processor.py:753} INFO - DAG(s) dict_keys(['example_params_ui_tutorial']) retrieved from /home/pker/airflow_env/lib/python3.7/site-packages/airflow/example_dags/example_params_ui_tutorial.py
[2025-11-21T10:54:08.485+0300] {logging_mixin.py:137} INFO - [2025-11-21T10:54:08.484+0300] {dag.py:2705} INFO - Sync 1 DAGs
[2025-11-21T10:54:08.531+0300] {logging_mixin.py:137} INFO - [2025-11-21T10:54:08.530+0300] {dag.py:3456} INFO - Setting next_dagrun for example_params_ui_tutorial to None, run_after=None
[2025-11-21T10:54:08.595+0300] {processor.py:175} INFO - Processing /home/pker/airflow_env/lib/python3.7/site-packages/airflow/example_dags/example_params_ui_tutorial.py took 0.355 seconds
[2025-11-21T10:54:55.247+0300] {processor.py:153} INFO - Started process (PID=30735) to work on /home/pker/airflow_env/lib/python3.7/site-packages/airflow/example_dags/example_params_ui_tutorial.py
[2025-11-21T10:54:55.271+0300] {processor.py:743} INFO - Processing file /home/pker/airflow_env/lib/python3.7/site-packages/airflow/example_dags/example_params_ui_tutorial.py for tasks to queue
[2025-11-21T10:54:55.273+0300] {logging_mixin.py:137} INFO - [2025-11-21T10:54:55.273+0300] {dagbag.py:532} INFO - Filling up the DagBag from /home/pker/airflow_env/lib/python3.7/site-packages/airflow/example_dags/example_params_ui_tutorial.py
[2025-11-21T10:54:55.371+0300] {processor.py:753} INFO - DAG(s) dict_keys(['example_params_ui_tutorial']) retrieved from /home/pker/airflow_env/lib/python3.7/site-packages/airflow/example_dags/example_params_ui_tutorial.py
[2025-11-21T10:54:55.449+0300] {logging_mixin.py:137} INFO - [2025-11-21T10:54:55.449+0300] {dag.py:2705} INFO - Sync 1 DAGs
[2025-11-21T10:54:55.487+0300] {logging_mixin.py:137} INFO - [2025-11-21T10:54:55.487+0300] {dag.py:3456} INFO - Setting next_dagrun for example_params_ui_tutorial to None, run_after=None
[2025-11-21T10:54:55.550+0300] {processor.py:175} INFO - Processing /home/pker/airflow_env/lib/python3.7/site-packages/airflow/example_dags/example_params_ui_tutorial.py took 0.309 seconds
[2025-11-21T10:55:43.770+0300] {processor.py:153} INFO - Started process (PID=30782) to work on /home/pker/airflow_env/lib/python3.7/site-packages/airflow/example_dags/example_params_ui_tutorial.py
[2025-11-21T10:55:43.793+0300] {processor.py:743} INFO - Processing file /home/pker/airflow_env/lib/python3.7/site-packages/airflow/example_dags/example_params_ui_tutorial.py for tasks to queue
[2025-11-21T10:55:43.795+0300] {logging_mixin.py:137} INFO - [2025-11-21T10:55:43.794+0300] {dagbag.py:532} INFO - Filling up the DagBag from /home/pker/airflow_env/lib/python3.7/site-packages/airflow/example_dags/example_params_ui_tutorial.py
[2025-11-21T10:55:43.887+0300] {processor.py:753} INFO - DAG(s) dict_keys(['example_params_ui_tutorial']) retrieved from /home/pker/airflow_env/lib/python3.7/site-packages/airflow/example_dags/example_params_ui_tutorial.py
[2025-11-21T10:55:43.956+0300] {logging_mixin.py:137} INFO - [2025-11-21T10:55:43.956+0300] {dag.py:2705} INFO - Sync 1 DAGs
[2025-11-21T10:55:43.982+0300] {logging_mixin.py:137} INFO - [2025-11-21T10:55:43.982+0300] {dag.py:3456} INFO - Setting next_dagrun for example_params_ui_tutorial to None, run_after=None
[2025-11-21T10:55:44.042+0300] {processor.py:175} INFO - Processing /home/pker/airflow_env/lib/python3.7/site-packages/airflow/example_dags/example_params_ui_tutorial.py took 0.280 seconds
[2025-11-21T10:56:32.169+0300] {processor.py:153} INFO - Started process (PID=30826) to work on /home/pker/airflow_env/lib/python3.7/site-packages/airflow/example_dags/example_params_ui_tutorial.py
[2025-11-21T10:56:32.173+0300] {processor.py:743} INFO - Processing file /home/pker/airflow_env/lib/python3.7/site-packages/airflow/example_dags/example_params_ui_tutorial.py for tasks to queue
[2025-11-21T10:56:32.175+0300] {logging_mixin.py:137} INFO - [2025-11-21T10:56:32.175+0300] {dagbag.py:532} INFO - Filling up the DagBag from /home/pker/airflow_env/lib/python3.7/site-packages/airflow/example_dags/example_params_ui_tutorial.py
[2025-11-21T10:56:32.250+0300] {processor.py:753} INFO - DAG(s) dict_keys(['example_params_ui_tutorial']) retrieved from /home/pker/airflow_env/lib/python3.7/site-packages/airflow/example_dags/example_params_ui_tutorial.py
[2025-11-21T10:56:32.337+0300] {logging_mixin.py:137} INFO - [2025-11-21T10:56:32.336+0300] {dag.py:2705} INFO - Sync 1 DAGs
[2025-11-21T10:56:32.366+0300] {logging_mixin.py:137} INFO - [2025-11-21T10:56:32.366+0300] {dag.py:3456} INFO - Setting next_dagrun for example_params_ui_tutorial to None, run_after=None
[2025-11-21T10:56:32.420+0300] {processor.py:175} INFO - Processing /home/pker/airflow_env/lib/python3.7/site-packages/airflow/example_dags/example_params_ui_tutorial.py took 0.258 seconds
[2025-11-21T10:57:21.729+0300] {processor.py:153} INFO - Started process (PID=30870) to work on /home/pker/airflow_env/lib/python3.7/site-packages/airflow/example_dags/example_params_ui_tutorial.py
[2025-11-21T10:57:21.740+0300] {processor.py:743} INFO - Processing file /home/pker/airflow_env/lib/python3.7/site-packages/airflow/example_dags/example_params_ui_tutorial.py for tasks to queue
[2025-11-21T10:57:21.741+0300] {logging_mixin.py:137} INFO - [2025-11-21T10:57:21.741+0300] {dagbag.py:532} INFO - Filling up the DagBag from /home/pker/airflow_env/lib/python3.7/site-packages/airflow/example_dags/example_params_ui_tutorial.py
[2025-11-21T10:57:21.849+0300] {processor.py:753} INFO - DAG(s) dict_keys(['example_params_ui_tutorial']) retrieved from /home/pker/airflow_env/lib/python3.7/site-packages/airflow/example_dags/example_params_ui_tutorial.py
[2025-11-21T10:57:21.915+0300] {logging_mixin.py:137} INFO - [2025-11-21T10:57:21.915+0300] {dag.py:2705} INFO - Sync 1 DAGs
[2025-11-21T10:57:21.945+0300] {logging_mixin.py:137} INFO - [2025-11-21T10:57:21.945+0300] {dag.py:3456} INFO - Setting next_dagrun for example_params_ui_tutorial to None, run_after=None
[2025-11-21T10:57:22.017+0300] {processor.py:175} INFO - Processing /home/pker/airflow_env/lib/python3.7/site-packages/airflow/example_dags/example_params_ui_tutorial.py took 0.297 seconds
[2025-11-21T10:58:09.232+0300] {processor.py:153} INFO - Started process (PID=30914) to work on /home/pker/airflow_env/lib/python3.7/site-packages/airflow/example_dags/example_params_ui_tutorial.py
[2025-11-21T10:58:09.237+0300] {processor.py:743} INFO - Processing file /home/pker/airflow_env/lib/python3.7/site-packages/airflow/example_dags/example_params_ui_tutorial.py for tasks to queue
[2025-11-21T10:58:09.239+0300] {logging_mixin.py:137} INFO - [2025-11-21T10:58:09.239+0300] {dagbag.py:532} INFO - Filling up the DagBag from /home/pker/airflow_env/lib/python3.7/site-packages/airflow/example_dags/example_params_ui_tutorial.py
[2025-11-21T10:58:09.314+0300] {processor.py:753} INFO - DAG(s) dict_keys(['example_params_ui_tutorial']) retrieved from /home/pker/airflow_env/lib/python3.7/site-packages/airflow/example_dags/example_params_ui_tutorial.py
[2025-11-21T10:58:09.389+0300] {logging_mixin.py:137} INFO - [2025-11-21T10:58:09.389+0300] {dag.py:2705} INFO - Sync 1 DAGs
[2025-11-21T10:58:09.424+0300] {logging_mixin.py:137} INFO - [2025-11-21T10:58:09.423+0300] {dag.py:3456} INFO - Setting next_dagrun for example_params_ui_tutorial to None, run_after=None
[2025-11-21T10:58:09.484+0300] {processor.py:175} INFO - Processing /home/pker/airflow_env/lib/python3.7/site-packages/airflow/example_dags/example_params_ui_tutorial.py took 0.259 seconds
[2025-11-21T10:58:59.011+0300] {processor.py:153} INFO - Started process (PID=30975) to work on /home/pker/airflow_env/lib/python3.7/site-packages/airflow/example_dags/example_params_ui_tutorial.py
[2025-11-21T10:58:59.020+0300] {processor.py:743} INFO - Processing file /home/pker/airflow_env/lib/python3.7/site-packages/airflow/example_dags/example_params_ui_tutorial.py for tasks to queue
[2025-11-21T10:58:59.023+0300] {logging_mixin.py:137} INFO - [2025-11-21T10:58:59.022+0300] {dagbag.py:532} INFO - Filling up the DagBag from /home/pker/airflow_env/lib/python3.7/site-packages/airflow/example_dags/example_params_ui_tutorial.py
[2025-11-21T10:58:59.100+0300] {processor.py:753} INFO - DAG(s) dict_keys(['example_params_ui_tutorial']) retrieved from /home/pker/airflow_env/lib/python3.7/site-packages/airflow/example_dags/example_params_ui_tutorial.py
[2025-11-21T10:58:59.185+0300] {logging_mixin.py:137} INFO - [2025-11-21T10:58:59.185+0300] {dag.py:2705} INFO - Sync 1 DAGs
[2025-11-21T10:58:59.217+0300] {logging_mixin.py:137} INFO - [2025-11-21T10:58:59.216+0300] {dag.py:3456} INFO - Setting next_dagrun for example_params_ui_tutorial to None, run_after=None
[2025-11-21T10:58:59.265+0300] {processor.py:175} INFO - Processing /home/pker/airflow_env/lib/python3.7/site-packages/airflow/example_dags/example_params_ui_tutorial.py took 0.261 seconds
[2025-11-21T10:59:45.323+0300] {processor.py:153} INFO - Started process (PID=31021) to work on /home/pker/airflow_env/lib/python3.7/site-packages/airflow/example_dags/example_params_ui_tutorial.py
[2025-11-21T10:59:45.344+0300] {processor.py:743} INFO - Processing file /home/pker/airflow_env/lib/python3.7/site-packages/airflow/example_dags/example_params_ui_tutorial.py for tasks to queue
[2025-11-21T10:59:45.347+0300] {logging_mixin.py:137} INFO - [2025-11-21T10:59:45.346+0300] {dagbag.py:532} INFO - Filling up the DagBag from /home/pker/airflow_env/lib/python3.7/site-packages/airflow/example_dags/example_params_ui_tutorial.py
[2025-11-21T10:59:45.452+0300] {processor.py:753} INFO - DAG(s) dict_keys(['example_params_ui_tutorial']) retrieved from /home/pker/airflow_env/lib/python3.7/site-packages/airflow/example_dags/example_params_ui_tutorial.py
[2025-11-21T10:59:45.539+0300] {logging_mixin.py:137} INFO - [2025-11-21T10:59:45.539+0300] {dag.py:2705} INFO - Sync 1 DAGs
[2025-11-21T10:59:45.574+0300] {logging_mixin.py:137} INFO - [2025-11-21T10:59:45.574+0300] {dag.py:3456} INFO - Setting next_dagrun for example_params_ui_tutorial to None, run_after=None
[2025-11-21T10:59:45.640+0300] {processor.py:175} INFO - Processing /home/pker/airflow_env/lib/python3.7/site-packages/airflow/example_dags/example_params_ui_tutorial.py took 0.326 seconds
[2025-11-21T11:00:37.097+0300] {processor.py:153} INFO - Started process (PID=31081) to work on /home/pker/airflow_env/lib/python3.7/site-packages/airflow/example_dags/example_params_ui_tutorial.py
[2025-11-21T11:00:37.118+0300] {processor.py:743} INFO - Processing file /home/pker/airflow_env/lib/python3.7/site-packages/airflow/example_dags/example_params_ui_tutorial.py for tasks to queue
[2025-11-21T11:00:37.121+0300] {logging_mixin.py:137} INFO - [2025-11-21T11:00:37.120+0300] {dagbag.py:532} INFO - Filling up the DagBag from /home/pker/airflow_env/lib/python3.7/site-packages/airflow/example_dags/example_params_ui_tutorial.py
[2025-11-21T11:00:37.244+0300] {processor.py:753} INFO - DAG(s) dict_keys(['example_params_ui_tutorial']) retrieved from /home/pker/airflow_env/lib/python3.7/site-packages/airflow/example_dags/example_params_ui_tutorial.py
[2025-11-21T11:00:37.366+0300] {logging_mixin.py:137} INFO - [2025-11-21T11:00:37.365+0300] {dag.py:2705} INFO - Sync 1 DAGs
[2025-11-21T11:00:37.403+0300] {logging_mixin.py:137} INFO - [2025-11-21T11:00:37.403+0300] {dag.py:3456} INFO - Setting next_dagrun for example_params_ui_tutorial to None, run_after=None
[2025-11-21T11:00:37.464+0300] {processor.py:175} INFO - Processing /home/pker/airflow_env/lib/python3.7/site-packages/airflow/example_dags/example_params_ui_tutorial.py took 0.372 seconds
[2025-11-21T11:01:27.499+0300] {processor.py:153} INFO - Started process (PID=31125) to work on /home/pker/airflow_env/lib/python3.7/site-packages/airflow/example_dags/example_params_ui_tutorial.py
[2025-11-21T11:01:27.522+0300] {processor.py:743} INFO - Processing file /home/pker/airflow_env/lib/python3.7/site-packages/airflow/example_dags/example_params_ui_tutorial.py for tasks to queue
[2025-11-21T11:01:27.524+0300] {logging_mixin.py:137} INFO - [2025-11-21T11:01:27.524+0300] {dagbag.py:532} INFO - Filling up the DagBag from /home/pker/airflow_env/lib/python3.7/site-packages/airflow/example_dags/example_params_ui_tutorial.py
[2025-11-21T11:01:27.605+0300] {processor.py:753} INFO - DAG(s) dict_keys(['example_params_ui_tutorial']) retrieved from /home/pker/airflow_env/lib/python3.7/site-packages/airflow/example_dags/example_params_ui_tutorial.py
[2025-11-21T11:01:27.710+0300] {logging_mixin.py:137} INFO - [2025-11-21T11:01:27.710+0300] {dag.py:2705} INFO - Sync 1 DAGs
[2025-11-21T11:01:27.745+0300] {logging_mixin.py:137} INFO - [2025-11-21T11:01:27.745+0300] {dag.py:3456} INFO - Setting next_dagrun for example_params_ui_tutorial to None, run_after=None
[2025-11-21T11:01:27.803+0300] {processor.py:175} INFO - Processing /home/pker/airflow_env/lib/python3.7/site-packages/airflow/example_dags/example_params_ui_tutorial.py took 0.312 seconds
[2025-11-21T11:02:15.227+0300] {processor.py:153} INFO - Started process (PID=31171) to work on /home/pker/airflow_env/lib/python3.7/site-packages/airflow/example_dags/example_params_ui_tutorial.py
[2025-11-21T11:02:15.251+0300] {processor.py:743} INFO - Processing file /home/pker/airflow_env/lib/python3.7/site-packages/airflow/example_dags/example_params_ui_tutorial.py for tasks to queue
[2025-11-21T11:02:15.253+0300] {logging_mixin.py:137} INFO - [2025-11-21T11:02:15.253+0300] {dagbag.py:532} INFO - Filling up the DagBag from /home/pker/airflow_env/lib/python3.7/site-packages/airflow/example_dags/example_params_ui_tutorial.py
[2025-11-21T11:02:15.349+0300] {processor.py:753} INFO - DAG(s) dict_keys(['example_params_ui_tutorial']) retrieved from /home/pker/airflow_env/lib/python3.7/site-packages/airflow/example_dags/example_params_ui_tutorial.py
[2025-11-21T11:02:15.433+0300] {logging_mixin.py:137} INFO - [2025-11-21T11:02:15.432+0300] {dag.py:2705} INFO - Sync 1 DAGs
[2025-11-21T11:02:15.473+0300] {logging_mixin.py:137} INFO - [2025-11-21T11:02:15.473+0300] {dag.py:3456} INFO - Setting next_dagrun for example_params_ui_tutorial to None, run_after=None
[2025-11-21T11:02:15.553+0300] {processor.py:175} INFO - Processing /home/pker/airflow_env/lib/python3.7/site-packages/airflow/example_dags/example_params_ui_tutorial.py took 0.334 seconds
[2025-11-21T11:03:01.567+0300] {processor.py:153} INFO - Started process (PID=31218) to work on /home/pker/airflow_env/lib/python3.7/site-packages/airflow/example_dags/example_params_ui_tutorial.py
[2025-11-21T11:03:01.590+0300] {processor.py:743} INFO - Processing file /home/pker/airflow_env/lib/python3.7/site-packages/airflow/example_dags/example_params_ui_tutorial.py for tasks to queue
[2025-11-21T11:03:01.592+0300] {logging_mixin.py:137} INFO - [2025-11-21T11:03:01.592+0300] {dagbag.py:532} INFO - Filling up the DagBag from /home/pker/airflow_env/lib/python3.7/site-packages/airflow/example_dags/example_params_ui_tutorial.py
[2025-11-21T11:03:01.675+0300] {processor.py:753} INFO - DAG(s) dict_keys(['example_params_ui_tutorial']) retrieved from /home/pker/airflow_env/lib/python3.7/site-packages/airflow/example_dags/example_params_ui_tutorial.py
[2025-11-21T11:03:01.750+0300] {logging_mixin.py:137} INFO - [2025-11-21T11:03:01.749+0300] {dag.py:2705} INFO - Sync 1 DAGs
[2025-11-21T11:03:01.782+0300] {logging_mixin.py:137} INFO - [2025-11-21T11:03:01.781+0300] {dag.py:3456} INFO - Setting next_dagrun for example_params_ui_tutorial to None, run_after=None
[2025-11-21T11:03:01.844+0300] {processor.py:175} INFO - Processing /home/pker/airflow_env/lib/python3.7/site-packages/airflow/example_dags/example_params_ui_tutorial.py took 0.284 seconds
[2025-11-21T11:03:47.217+0300] {processor.py:153} INFO - Started process (PID=31263) to work on /home/pker/airflow_env/lib/python3.7/site-packages/airflow/example_dags/example_params_ui_tutorial.py
[2025-11-21T11:03:47.239+0300] {processor.py:743} INFO - Processing file /home/pker/airflow_env/lib/python3.7/site-packages/airflow/example_dags/example_params_ui_tutorial.py for tasks to queue
[2025-11-21T11:03:47.241+0300] {logging_mixin.py:137} INFO - [2025-11-21T11:03:47.241+0300] {dagbag.py:532} INFO - Filling up the DagBag from /home/pker/airflow_env/lib/python3.7/site-packages/airflow/example_dags/example_params_ui_tutorial.py
[2025-11-21T11:03:47.335+0300] {processor.py:753} INFO - DAG(s) dict_keys(['example_params_ui_tutorial']) retrieved from /home/pker/airflow_env/lib/python3.7/site-packages/airflow/example_dags/example_params_ui_tutorial.py
[2025-11-21T11:03:47.407+0300] {logging_mixin.py:137} INFO - [2025-11-21T11:03:47.407+0300] {dag.py:2705} INFO - Sync 1 DAGs
[2025-11-21T11:03:47.437+0300] {logging_mixin.py:137} INFO - [2025-11-21T11:03:47.437+0300] {dag.py:3456} INFO - Setting next_dagrun for example_params_ui_tutorial to None, run_after=None
[2025-11-21T11:03:47.473+0300] {processor.py:175} INFO - Processing /home/pker/airflow_env/lib/python3.7/site-packages/airflow/example_dags/example_params_ui_tutorial.py took 0.264 seconds
[2025-11-21T11:04:35.838+0300] {processor.py:153} INFO - Started process (PID=31305) to work on /home/pker/airflow_env/lib/python3.7/site-packages/airflow/example_dags/example_params_ui_tutorial.py
[2025-11-21T11:04:35.862+0300] {processor.py:743} INFO - Processing file /home/pker/airflow_env/lib/python3.7/site-packages/airflow/example_dags/example_params_ui_tutorial.py for tasks to queue
[2025-11-21T11:04:35.865+0300] {logging_mixin.py:137} INFO - [2025-11-21T11:04:35.864+0300] {dagbag.py:532} INFO - Filling up the DagBag from /home/pker/airflow_env/lib/python3.7/site-packages/airflow/example_dags/example_params_ui_tutorial.py
[2025-11-21T11:04:35.947+0300] {processor.py:753} INFO - DAG(s) dict_keys(['example_params_ui_tutorial']) retrieved from /home/pker/airflow_env/lib/python3.7/site-packages/airflow/example_dags/example_params_ui_tutorial.py
[2025-11-21T11:04:36.029+0300] {logging_mixin.py:137} INFO - [2025-11-21T11:04:36.028+0300] {dag.py:2705} INFO - Sync 1 DAGs
[2025-11-21T11:04:36.062+0300] {logging_mixin.py:137} INFO - [2025-11-21T11:04:36.062+0300] {dag.py:3456} INFO - Setting next_dagrun for example_params_ui_tutorial to None, run_after=None
[2025-11-21T11:04:36.132+0300] {processor.py:175} INFO - Processing /home/pker/airflow_env/lib/python3.7/site-packages/airflow/example_dags/example_params_ui_tutorial.py took 0.301 seconds
[2025-11-21T11:05:24.858+0300] {processor.py:153} INFO - Started process (PID=31352) to work on /home/pker/airflow_env/lib/python3.7/site-packages/airflow/example_dags/example_params_ui_tutorial.py
[2025-11-21T11:05:24.880+0300] {processor.py:743} INFO - Processing file /home/pker/airflow_env/lib/python3.7/site-packages/airflow/example_dags/example_params_ui_tutorial.py for tasks to queue
[2025-11-21T11:05:24.882+0300] {logging_mixin.py:137} INFO - [2025-11-21T11:05:24.881+0300] {dagbag.py:532} INFO - Filling up the DagBag from /home/pker/airflow_env/lib/python3.7/site-packages/airflow/example_dags/example_params_ui_tutorial.py
[2025-11-21T11:05:24.962+0300] {processor.py:753} INFO - DAG(s) dict_keys(['example_params_ui_tutorial']) retrieved from /home/pker/airflow_env/lib/python3.7/site-packages/airflow/example_dags/example_params_ui_tutorial.py
[2025-11-21T11:05:25.035+0300] {logging_mixin.py:137} INFO - [2025-11-21T11:05:25.034+0300] {dag.py:2705} INFO - Sync 1 DAGs
[2025-11-21T11:05:25.069+0300] {logging_mixin.py:137} INFO - [2025-11-21T11:05:25.069+0300] {dag.py:3456} INFO - Setting next_dagrun for example_params_ui_tutorial to None, run_after=None
[2025-11-21T11:05:25.134+0300] {processor.py:175} INFO - Processing /home/pker/airflow_env/lib/python3.7/site-packages/airflow/example_dags/example_params_ui_tutorial.py took 0.282 seconds
[2025-11-21T11:06:13.535+0300] {processor.py:153} INFO - Started process (PID=31403) to work on /home/pker/airflow_env/lib/python3.7/site-packages/airflow/example_dags/example_params_ui_tutorial.py
[2025-11-21T11:06:13.557+0300] {processor.py:743} INFO - Processing file /home/pker/airflow_env/lib/python3.7/site-packages/airflow/example_dags/example_params_ui_tutorial.py for tasks to queue
[2025-11-21T11:06:13.559+0300] {logging_mixin.py:137} INFO - [2025-11-21T11:06:13.558+0300] {dagbag.py:532} INFO - Filling up the DagBag from /home/pker/airflow_env/lib/python3.7/site-packages/airflow/example_dags/example_params_ui_tutorial.py
[2025-11-21T11:06:13.662+0300] {processor.py:753} INFO - DAG(s) dict_keys(['example_params_ui_tutorial']) retrieved from /home/pker/airflow_env/lib/python3.7/site-packages/airflow/example_dags/example_params_ui_tutorial.py
[2025-11-21T11:06:13.789+0300] {logging_mixin.py:137} INFO - [2025-11-21T11:06:13.789+0300] {dag.py:2705} INFO - Sync 1 DAGs
[2025-11-21T11:06:13.830+0300] {logging_mixin.py:137} INFO - [2025-11-21T11:06:13.829+0300] {dag.py:3456} INFO - Setting next_dagrun for example_params_ui_tutorial to None, run_after=None
[2025-11-21T11:06:13.880+0300] {processor.py:175} INFO - Processing /home/pker/airflow_env/lib/python3.7/site-packages/airflow/example_dags/example_params_ui_tutorial.py took 0.351 seconds
[2025-11-21T11:07:00.357+0300] {processor.py:153} INFO - Started process (PID=31451) to work on /home/pker/airflow_env/lib/python3.7/site-packages/airflow/example_dags/example_params_ui_tutorial.py
[2025-11-21T11:07:00.379+0300] {processor.py:743} INFO - Processing file /home/pker/airflow_env/lib/python3.7/site-packages/airflow/example_dags/example_params_ui_tutorial.py for tasks to queue
[2025-11-21T11:07:00.381+0300] {logging_mixin.py:137} INFO - [2025-11-21T11:07:00.381+0300] {dagbag.py:532} INFO - Filling up the DagBag from /home/pker/airflow_env/lib/python3.7/site-packages/airflow/example_dags/example_params_ui_tutorial.py
[2025-11-21T11:07:00.480+0300] {processor.py:753} INFO - DAG(s) dict_keys(['example_params_ui_tutorial']) retrieved from /home/pker/airflow_env/lib/python3.7/site-packages/airflow/example_dags/example_params_ui_tutorial.py
[2025-11-21T11:07:00.566+0300] {logging_mixin.py:137} INFO - [2025-11-21T11:07:00.566+0300] {dag.py:2705} INFO - Sync 1 DAGs
[2025-11-21T11:07:00.606+0300] {logging_mixin.py:137} INFO - [2025-11-21T11:07:00.606+0300] {dag.py:3456} INFO - Setting next_dagrun for example_params_ui_tutorial to None, run_after=None
[2025-11-21T11:07:00.669+0300] {processor.py:175} INFO - Processing /home/pker/airflow_env/lib/python3.7/site-packages/airflow/example_dags/example_params_ui_tutorial.py took 0.320 seconds
[2025-11-21T11:07:48.248+0300] {processor.py:153} INFO - Started process (PID=31521) to work on /home/pker/airflow_env/lib/python3.7/site-packages/airflow/example_dags/example_params_ui_tutorial.py
[2025-11-21T11:07:48.251+0300] {processor.py:743} INFO - Processing file /home/pker/airflow_env/lib/python3.7/site-packages/airflow/example_dags/example_params_ui_tutorial.py for tasks to queue
[2025-11-21T11:07:48.252+0300] {logging_mixin.py:137} INFO - [2025-11-21T11:07:48.252+0300] {dagbag.py:532} INFO - Filling up the DagBag from /home/pker/airflow_env/lib/python3.7/site-packages/airflow/example_dags/example_params_ui_tutorial.py
[2025-11-21T11:07:48.327+0300] {processor.py:753} INFO - DAG(s) dict_keys(['example_params_ui_tutorial']) retrieved from /home/pker/airflow_env/lib/python3.7/site-packages/airflow/example_dags/example_params_ui_tutorial.py
[2025-11-21T11:07:48.396+0300] {logging_mixin.py:137} INFO - [2025-11-21T11:07:48.396+0300] {dag.py:2705} INFO - Sync 1 DAGs
[2025-11-21T11:07:48.425+0300] {logging_mixin.py:137} INFO - [2025-11-21T11:07:48.425+0300] {dag.py:3456} INFO - Setting next_dagrun for example_params_ui_tutorial to None, run_after=None
[2025-11-21T11:07:48.464+0300] {processor.py:175} INFO - Processing /home/pker/airflow_env/lib/python3.7/site-packages/airflow/example_dags/example_params_ui_tutorial.py took 0.221 seconds
[2025-11-21T11:08:36.354+0300] {processor.py:153} INFO - Started process (PID=31568) to work on /home/pker/airflow_env/lib/python3.7/site-packages/airflow/example_dags/example_params_ui_tutorial.py
[2025-11-21T11:08:36.377+0300] {processor.py:743} INFO - Processing file /home/pker/airflow_env/lib/python3.7/site-packages/airflow/example_dags/example_params_ui_tutorial.py for tasks to queue
[2025-11-21T11:08:36.380+0300] {logging_mixin.py:137} INFO - [2025-11-21T11:08:36.380+0300] {dagbag.py:532} INFO - Filling up the DagBag from /home/pker/airflow_env/lib/python3.7/site-packages/airflow/example_dags/example_params_ui_tutorial.py
[2025-11-21T11:08:36.467+0300] {processor.py:753} INFO - DAG(s) dict_keys(['example_params_ui_tutorial']) retrieved from /home/pker/airflow_env/lib/python3.7/site-packages/airflow/example_dags/example_params_ui_tutorial.py
[2025-11-21T11:08:36.540+0300] {logging_mixin.py:137} INFO - [2025-11-21T11:08:36.540+0300] {dag.py:2705} INFO - Sync 1 DAGs
[2025-11-21T11:08:36.568+0300] {logging_mixin.py:137} INFO - [2025-11-21T11:08:36.567+0300] {dag.py:3456} INFO - Setting next_dagrun for example_params_ui_tutorial to None, run_after=None
[2025-11-21T11:08:36.623+0300] {processor.py:175} INFO - Processing /home/pker/airflow_env/lib/python3.7/site-packages/airflow/example_dags/example_params_ui_tutorial.py took 0.275 seconds
