[2025-11-21T10:44:26.424+0300] {processor.py:153} INFO - Started process (PID=30107) to work on /home/pker/airflow_env/lib/python3.7/site-packages/airflow/example_dags/example_branch_operator.py
[2025-11-21T10:44:26.426+0300] {processor.py:743} INFO - Processing file /home/pker/airflow_env/lib/python3.7/site-packages/airflow/example_dags/example_branch_operator.py for tasks to queue
[2025-11-21T10:44:26.427+0300] {logging_mixin.py:137} INFO - [2025-11-21T10:44:26.427+0300] {dagbag.py:532} INFO - Filling up the DagBag from /home/pker/airflow_env/lib/python3.7/site-packages/airflow/example_dags/example_branch_operator.py
[2025-11-21T10:44:26.456+0300] {processor.py:753} INFO - DAG(s) dict_keys(['example_branch_operator']) retrieved from /home/pker/airflow_env/lib/python3.7/site-packages/airflow/example_dags/example_branch_operator.py
[2025-11-21T10:44:26.645+0300] {logging_mixin.py:137} INFO - [2025-11-21T10:44:26.644+0300] {manager.py:504} INFO - Created Permission View: can delete on DAG:example_branch_operator
[2025-11-21T10:44:26.668+0300] {logging_mixin.py:137} INFO - [2025-11-21T10:44:26.667+0300] {manager.py:504} INFO - Created Permission View: can read on DAG:example_branch_operator
[2025-11-21T10:44:26.687+0300] {logging_mixin.py:137} INFO - [2025-11-21T10:44:26.687+0300] {manager.py:504} INFO - Created Permission View: can edit on DAG:example_branch_operator
[2025-11-21T10:44:26.688+0300] {logging_mixin.py:137} INFO - [2025-11-21T10:44:26.687+0300] {dag.py:2705} INFO - Sync 1 DAGs
[2025-11-21T10:44:26.710+0300] {logging_mixin.py:137} INFO - [2025-11-21T10:44:26.710+0300] {dag.py:2726} INFO - Creating ORM DAG for example_branch_operator
[2025-11-21T10:44:26.724+0300] {logging_mixin.py:137} INFO - [2025-11-21T10:44:26.724+0300] {dag.py:3456} INFO - Setting next_dagrun for example_branch_operator to 2025-11-20T00:00:00+00:00, run_after=2025-11-21T00:00:00+00:00
[2025-11-21T10:44:26.756+0300] {processor.py:175} INFO - Processing /home/pker/airflow_env/lib/python3.7/site-packages/airflow/example_dags/example_branch_operator.py took 0.338 seconds
[2025-11-21T10:45:16.596+0300] {processor.py:153} INFO - Started process (PID=30151) to work on /home/pker/airflow_env/lib/python3.7/site-packages/airflow/example_dags/example_branch_operator.py
[2025-11-21T10:45:16.619+0300] {processor.py:743} INFO - Processing file /home/pker/airflow_env/lib/python3.7/site-packages/airflow/example_dags/example_branch_operator.py for tasks to queue
[2025-11-21T10:45:16.621+0300] {logging_mixin.py:137} INFO - [2025-11-21T10:45:16.621+0300] {dagbag.py:532} INFO - Filling up the DagBag from /home/pker/airflow_env/lib/python3.7/site-packages/airflow/example_dags/example_branch_operator.py
[2025-11-21T10:45:16.660+0300] {processor.py:753} INFO - DAG(s) dict_keys(['example_branch_operator']) retrieved from /home/pker/airflow_env/lib/python3.7/site-packages/airflow/example_dags/example_branch_operator.py
[2025-11-21T10:45:15.229+0300] {logging_mixin.py:137} INFO - [2025-11-21T10:45:15.229+0300] {dag.py:2705} INFO - Sync 1 DAGs
[2025-11-21T10:45:15.280+0300] {logging_mixin.py:137} INFO - [2025-11-21T10:45:15.280+0300] {dag.py:3456} INFO - Setting next_dagrun for example_branch_operator to 2025-11-20T00:00:00+00:00, run_after=2025-11-21T00:00:00+00:00
[2025-11-21T10:45:15.348+0300] {processor.py:175} INFO - Processing /home/pker/airflow_env/lib/python3.7/site-packages/airflow/example_dags/example_branch_operator.py took 0.224 seconds
[2025-11-21T10:46:05.200+0300] {processor.py:153} INFO - Started process (PID=30219) to work on /home/pker/airflow_env/lib/python3.7/site-packages/airflow/example_dags/example_branch_operator.py
[2025-11-21T10:46:05.222+0300] {processor.py:743} INFO - Processing file /home/pker/airflow_env/lib/python3.7/site-packages/airflow/example_dags/example_branch_operator.py for tasks to queue
[2025-11-21T10:46:05.225+0300] {logging_mixin.py:137} INFO - [2025-11-21T10:46:05.224+0300] {dagbag.py:532} INFO - Filling up the DagBag from /home/pker/airflow_env/lib/python3.7/site-packages/airflow/example_dags/example_branch_operator.py
[2025-11-21T10:46:05.259+0300] {processor.py:753} INFO - DAG(s) dict_keys(['example_branch_operator']) retrieved from /home/pker/airflow_env/lib/python3.7/site-packages/airflow/example_dags/example_branch_operator.py
[2025-11-21T10:46:05.289+0300] {logging_mixin.py:137} INFO - [2025-11-21T10:46:05.289+0300] {dag.py:2705} INFO - Sync 1 DAGs
[2025-11-21T10:46:05.318+0300] {logging_mixin.py:137} INFO - [2025-11-21T10:46:05.318+0300] {dag.py:3456} INFO - Setting next_dagrun for example_branch_operator to 2025-11-20T00:00:00+00:00, run_after=2025-11-21T00:00:00+00:00
[2025-11-21T10:46:05.371+0300] {processor.py:175} INFO - Processing /home/pker/airflow_env/lib/python3.7/site-packages/airflow/example_dags/example_branch_operator.py took 0.176 seconds
[2025-11-21T10:46:50.885+0300] {processor.py:153} INFO - Started process (PID=30267) to work on /home/pker/airflow_env/lib/python3.7/site-packages/airflow/example_dags/example_branch_operator.py
[2025-11-21T10:46:50.909+0300] {processor.py:743} INFO - Processing file /home/pker/airflow_env/lib/python3.7/site-packages/airflow/example_dags/example_branch_operator.py for tasks to queue
[2025-11-21T10:46:50.911+0300] {logging_mixin.py:137} INFO - [2025-11-21T10:46:50.911+0300] {dagbag.py:532} INFO - Filling up the DagBag from /home/pker/airflow_env/lib/python3.7/site-packages/airflow/example_dags/example_branch_operator.py
[2025-11-21T10:46:50.941+0300] {processor.py:753} INFO - DAG(s) dict_keys(['example_branch_operator']) retrieved from /home/pker/airflow_env/lib/python3.7/site-packages/airflow/example_dags/example_branch_operator.py
[2025-11-21T10:46:50.969+0300] {logging_mixin.py:137} INFO - [2025-11-21T10:46:50.968+0300] {dag.py:2705} INFO - Sync 1 DAGs
[2025-11-21T10:46:50.996+0300] {logging_mixin.py:137} INFO - [2025-11-21T10:46:50.996+0300] {dag.py:3456} INFO - Setting next_dagrun for example_branch_operator to 2025-11-20T00:00:00+00:00, run_after=2025-11-21T00:00:00+00:00
[2025-11-21T10:46:51.022+0300] {processor.py:175} INFO - Processing /home/pker/airflow_env/lib/python3.7/site-packages/airflow/example_dags/example_branch_operator.py took 0.143 seconds
[2025-11-21T10:47:41.107+0300] {processor.py:153} INFO - Started process (PID=30309) to work on /home/pker/airflow_env/lib/python3.7/site-packages/airflow/example_dags/example_branch_operator.py
[2025-11-21T10:47:41.133+0300] {processor.py:743} INFO - Processing file /home/pker/airflow_env/lib/python3.7/site-packages/airflow/example_dags/example_branch_operator.py for tasks to queue
[2025-11-21T10:47:41.135+0300] {logging_mixin.py:137} INFO - [2025-11-21T10:47:41.134+0300] {dagbag.py:532} INFO - Filling up the DagBag from /home/pker/airflow_env/lib/python3.7/site-packages/airflow/example_dags/example_branch_operator.py
[2025-11-21T10:47:41.166+0300] {processor.py:753} INFO - DAG(s) dict_keys(['example_branch_operator']) retrieved from /home/pker/airflow_env/lib/python3.7/site-packages/airflow/example_dags/example_branch_operator.py
[2025-11-21T10:47:41.196+0300] {logging_mixin.py:137} INFO - [2025-11-21T10:47:41.196+0300] {dag.py:2705} INFO - Sync 1 DAGs
[2025-11-21T10:47:41.223+0300] {logging_mixin.py:137} INFO - [2025-11-21T10:47:41.223+0300] {dag.py:3456} INFO - Setting next_dagrun for example_branch_operator to 2025-11-20T00:00:00+00:00, run_after=2025-11-21T00:00:00+00:00
[2025-11-21T10:47:41.256+0300] {processor.py:175} INFO - Processing /home/pker/airflow_env/lib/python3.7/site-packages/airflow/example_dags/example_branch_operator.py took 0.156 seconds
[2025-11-21T10:48:28.958+0300] {processor.py:153} INFO - Started process (PID=30353) to work on /home/pker/airflow_env/lib/python3.7/site-packages/airflow/example_dags/example_branch_operator.py
[2025-11-21T10:48:28.961+0300] {processor.py:743} INFO - Processing file /home/pker/airflow_env/lib/python3.7/site-packages/airflow/example_dags/example_branch_operator.py for tasks to queue
[2025-11-21T10:48:28.962+0300] {logging_mixin.py:137} INFO - [2025-11-21T10:48:28.962+0300] {dagbag.py:532} INFO - Filling up the DagBag from /home/pker/airflow_env/lib/python3.7/site-packages/airflow/example_dags/example_branch_operator.py
[2025-11-21T10:48:28.993+0300] {processor.py:753} INFO - DAG(s) dict_keys(['example_branch_operator']) retrieved from /home/pker/airflow_env/lib/python3.7/site-packages/airflow/example_dags/example_branch_operator.py
[2025-11-21T10:48:27.537+0300] {logging_mixin.py:137} INFO - [2025-11-21T10:48:27.536+0300] {dag.py:2705} INFO - Sync 1 DAGs
[2025-11-21T10:48:27.568+0300] {logging_mixin.py:137} INFO - [2025-11-21T10:48:27.568+0300] {dag.py:3456} INFO - Setting next_dagrun for example_branch_operator to 2025-11-20T00:00:00+00:00, run_after=2025-11-21T00:00:00+00:00
[2025-11-21T10:48:27.598+0300] {processor.py:175} INFO - Processing /home/pker/airflow_env/lib/python3.7/site-packages/airflow/example_dags/example_branch_operator.py took 0.132 seconds
[2025-11-21T10:49:13.700+0300] {processor.py:153} INFO - Started process (PID=30410) to work on /home/pker/airflow_env/lib/python3.7/site-packages/airflow/example_dags/example_branch_operator.py
[2025-11-21T10:49:13.723+0300] {processor.py:743} INFO - Processing file /home/pker/airflow_env/lib/python3.7/site-packages/airflow/example_dags/example_branch_operator.py for tasks to queue
[2025-11-21T10:49:13.725+0300] {logging_mixin.py:137} INFO - [2025-11-21T10:49:13.725+0300] {dagbag.py:532} INFO - Filling up the DagBag from /home/pker/airflow_env/lib/python3.7/site-packages/airflow/example_dags/example_branch_operator.py
[2025-11-21T10:49:13.767+0300] {processor.py:753} INFO - DAG(s) dict_keys(['example_branch_operator']) retrieved from /home/pker/airflow_env/lib/python3.7/site-packages/airflow/example_dags/example_branch_operator.py
[2025-11-21T10:49:13.801+0300] {logging_mixin.py:137} INFO - [2025-11-21T10:49:13.801+0300] {dag.py:2705} INFO - Sync 1 DAGs
[2025-11-21T10:49:13.834+0300] {logging_mixin.py:137} INFO - [2025-11-21T10:49:13.833+0300] {dag.py:3456} INFO - Setting next_dagrun for example_branch_operator to 2025-11-20T00:00:00+00:00, run_after=2025-11-21T00:00:00+00:00
[2025-11-21T10:49:13.899+0300] {processor.py:175} INFO - Processing /home/pker/airflow_env/lib/python3.7/site-packages/airflow/example_dags/example_branch_operator.py took 0.207 seconds
[2025-11-21T10:50:03.355+0300] {processor.py:153} INFO - Started process (PID=30455) to work on /home/pker/airflow_env/lib/python3.7/site-packages/airflow/example_dags/example_branch_operator.py
[2025-11-21T10:50:03.376+0300] {processor.py:743} INFO - Processing file /home/pker/airflow_env/lib/python3.7/site-packages/airflow/example_dags/example_branch_operator.py for tasks to queue
[2025-11-21T10:50:03.378+0300] {logging_mixin.py:137} INFO - [2025-11-21T10:50:03.377+0300] {dagbag.py:532} INFO - Filling up the DagBag from /home/pker/airflow_env/lib/python3.7/site-packages/airflow/example_dags/example_branch_operator.py
[2025-11-21T10:50:03.410+0300] {processor.py:753} INFO - DAG(s) dict_keys(['example_branch_operator']) retrieved from /home/pker/airflow_env/lib/python3.7/site-packages/airflow/example_dags/example_branch_operator.py
[2025-11-21T10:50:03.447+0300] {logging_mixin.py:137} INFO - [2025-11-21T10:50:03.447+0300] {dag.py:2705} INFO - Sync 1 DAGs
[2025-11-21T10:50:03.486+0300] {logging_mixin.py:137} INFO - [2025-11-21T10:50:03.486+0300] {dag.py:3456} INFO - Setting next_dagrun for example_branch_operator to 2025-11-20T00:00:00+00:00, run_after=2025-11-21T00:00:00+00:00
[2025-11-21T10:50:03.552+0300] {processor.py:175} INFO - Processing /home/pker/airflow_env/lib/python3.7/site-packages/airflow/example_dags/example_branch_operator.py took 0.204 seconds
[2025-11-21T10:50:49.343+0300] {processor.py:153} INFO - Started process (PID=30500) to work on /home/pker/airflow_env/lib/python3.7/site-packages/airflow/example_dags/example_branch_operator.py
[2025-11-21T10:50:49.347+0300] {processor.py:743} INFO - Processing file /home/pker/airflow_env/lib/python3.7/site-packages/airflow/example_dags/example_branch_operator.py for tasks to queue
[2025-11-21T10:50:49.349+0300] {logging_mixin.py:137} INFO - [2025-11-21T10:50:49.348+0300] {dagbag.py:532} INFO - Filling up the DagBag from /home/pker/airflow_env/lib/python3.7/site-packages/airflow/example_dags/example_branch_operator.py
[2025-11-21T10:50:49.386+0300] {processor.py:753} INFO - DAG(s) dict_keys(['example_branch_operator']) retrieved from /home/pker/airflow_env/lib/python3.7/site-packages/airflow/example_dags/example_branch_operator.py
[2025-11-21T10:50:49.428+0300] {logging_mixin.py:137} INFO - [2025-11-21T10:50:49.428+0300] {dag.py:2705} INFO - Sync 1 DAGs
[2025-11-21T10:50:49.458+0300] {logging_mixin.py:137} INFO - [2025-11-21T10:50:49.457+0300] {dag.py:3456} INFO - Setting next_dagrun for example_branch_operator to 2025-11-20T00:00:00+00:00, run_after=2025-11-21T00:00:00+00:00
[2025-11-21T10:50:49.512+0300] {processor.py:175} INFO - Processing /home/pker/airflow_env/lib/python3.7/site-packages/airflow/example_dags/example_branch_operator.py took 0.177 seconds
[2025-11-21T10:51:35.970+0300] {processor.py:153} INFO - Started process (PID=30542) to work on /home/pker/airflow_env/lib/python3.7/site-packages/airflow/example_dags/example_branch_operator.py
[2025-11-21T10:51:35.974+0300] {processor.py:743} INFO - Processing file /home/pker/airflow_env/lib/python3.7/site-packages/airflow/example_dags/example_branch_operator.py for tasks to queue
[2025-11-21T10:51:35.976+0300] {logging_mixin.py:137} INFO - [2025-11-21T10:51:35.976+0300] {dagbag.py:532} INFO - Filling up the DagBag from /home/pker/airflow_env/lib/python3.7/site-packages/airflow/example_dags/example_branch_operator.py
[2025-11-21T10:51:36.015+0300] {processor.py:753} INFO - DAG(s) dict_keys(['example_branch_operator']) retrieved from /home/pker/airflow_env/lib/python3.7/site-packages/airflow/example_dags/example_branch_operator.py
[2025-11-21T10:51:36.049+0300] {logging_mixin.py:137} INFO - [2025-11-21T10:51:36.049+0300] {dag.py:2705} INFO - Sync 1 DAGs
[2025-11-21T10:51:36.096+0300] {logging_mixin.py:137} INFO - [2025-11-21T10:51:36.096+0300] {dag.py:3456} INFO - Setting next_dagrun for example_branch_operator to 2025-11-20T00:00:00+00:00, run_after=2025-11-21T00:00:00+00:00
[2025-11-21T10:51:36.171+0300] {processor.py:175} INFO - Processing /home/pker/airflow_env/lib/python3.7/site-packages/airflow/example_dags/example_branch_operator.py took 0.209 seconds
[2025-11-21T10:52:21.012+0300] {processor.py:153} INFO - Started process (PID=30589) to work on /home/pker/airflow_env/lib/python3.7/site-packages/airflow/example_dags/example_branch_operator.py
[2025-11-21T10:52:21.016+0300] {processor.py:743} INFO - Processing file /home/pker/airflow_env/lib/python3.7/site-packages/airflow/example_dags/example_branch_operator.py for tasks to queue
[2025-11-21T10:52:21.017+0300] {logging_mixin.py:137} INFO - [2025-11-21T10:52:21.017+0300] {dagbag.py:532} INFO - Filling up the DagBag from /home/pker/airflow_env/lib/python3.7/site-packages/airflow/example_dags/example_branch_operator.py
[2025-11-21T10:52:21.045+0300] {processor.py:753} INFO - DAG(s) dict_keys(['example_branch_operator']) retrieved from /home/pker/airflow_env/lib/python3.7/site-packages/airflow/example_dags/example_branch_operator.py
[2025-11-21T10:52:21.072+0300] {logging_mixin.py:137} INFO - [2025-11-21T10:52:21.072+0300] {dag.py:2705} INFO - Sync 1 DAGs
[2025-11-21T10:52:21.103+0300] {logging_mixin.py:137} INFO - [2025-11-21T10:52:21.103+0300] {dag.py:3456} INFO - Setting next_dagrun for example_branch_operator to 2025-11-20T00:00:00+00:00, run_after=2025-11-21T00:00:00+00:00
[2025-11-21T10:52:21.146+0300] {processor.py:175} INFO - Processing /home/pker/airflow_env/lib/python3.7/site-packages/airflow/example_dags/example_branch_operator.py took 0.139 seconds
[2025-11-21T10:53:08.583+0300] {processor.py:153} INFO - Started process (PID=30634) to work on /home/pker/airflow_env/lib/python3.7/site-packages/airflow/example_dags/example_branch_operator.py
[2025-11-21T10:53:08.604+0300] {processor.py:743} INFO - Processing file /home/pker/airflow_env/lib/python3.7/site-packages/airflow/example_dags/example_branch_operator.py for tasks to queue
[2025-11-21T10:53:08.606+0300] {logging_mixin.py:137} INFO - [2025-11-21T10:53:08.605+0300] {dagbag.py:532} INFO - Filling up the DagBag from /home/pker/airflow_env/lib/python3.7/site-packages/airflow/example_dags/example_branch_operator.py
[2025-11-21T10:53:08.638+0300] {processor.py:753} INFO - DAG(s) dict_keys(['example_branch_operator']) retrieved from /home/pker/airflow_env/lib/python3.7/site-packages/airflow/example_dags/example_branch_operator.py
[2025-11-21T10:53:08.668+0300] {logging_mixin.py:137} INFO - [2025-11-21T10:53:08.668+0300] {dag.py:2705} INFO - Sync 1 DAGs
[2025-11-21T10:53:08.702+0300] {logging_mixin.py:137} INFO - [2025-11-21T10:53:08.702+0300] {dag.py:3456} INFO - Setting next_dagrun for example_branch_operator to 2025-11-20T00:00:00+00:00, run_after=2025-11-21T00:00:00+00:00
[2025-11-21T10:53:08.767+0300] {processor.py:175} INFO - Processing /home/pker/airflow_env/lib/python3.7/site-packages/airflow/example_dags/example_branch_operator.py took 0.193 seconds
[2025-11-21T10:53:56.408+0300] {processor.py:153} INFO - Started process (PID=30678) to work on /home/pker/airflow_env/lib/python3.7/site-packages/airflow/example_dags/example_branch_operator.py
[2025-11-21T10:53:56.432+0300] {processor.py:743} INFO - Processing file /home/pker/airflow_env/lib/python3.7/site-packages/airflow/example_dags/example_branch_operator.py for tasks to queue
[2025-11-21T10:53:56.435+0300] {logging_mixin.py:137} INFO - [2025-11-21T10:53:56.434+0300] {dagbag.py:532} INFO - Filling up the DagBag from /home/pker/airflow_env/lib/python3.7/site-packages/airflow/example_dags/example_branch_operator.py
[2025-11-21T10:53:56.487+0300] {processor.py:753} INFO - DAG(s) dict_keys(['example_branch_operator']) retrieved from /home/pker/airflow_env/lib/python3.7/site-packages/airflow/example_dags/example_branch_operator.py
[2025-11-21T10:53:56.533+0300] {logging_mixin.py:137} INFO - [2025-11-21T10:53:56.533+0300] {dag.py:2705} INFO - Sync 1 DAGs
[2025-11-21T10:53:56.581+0300] {logging_mixin.py:137} INFO - [2025-11-21T10:53:56.581+0300] {dag.py:3456} INFO - Setting next_dagrun for example_branch_operator to 2025-11-20T00:00:00+00:00, run_after=2025-11-21T00:00:00+00:00
[2025-11-21T10:53:56.643+0300] {processor.py:175} INFO - Processing /home/pker/airflow_env/lib/python3.7/site-packages/airflow/example_dags/example_branch_operator.py took 0.242 seconds
[2025-11-21T10:54:45.023+0300] {processor.py:153} INFO - Started process (PID=30720) to work on /home/pker/airflow_env/lib/python3.7/site-packages/airflow/example_dags/example_branch_operator.py
[2025-11-21T10:54:45.046+0300] {processor.py:743} INFO - Processing file /home/pker/airflow_env/lib/python3.7/site-packages/airflow/example_dags/example_branch_operator.py for tasks to queue
[2025-11-21T10:54:45.048+0300] {logging_mixin.py:137} INFO - [2025-11-21T10:54:45.048+0300] {dagbag.py:532} INFO - Filling up the DagBag from /home/pker/airflow_env/lib/python3.7/site-packages/airflow/example_dags/example_branch_operator.py
[2025-11-21T10:54:45.084+0300] {processor.py:753} INFO - DAG(s) dict_keys(['example_branch_operator']) retrieved from /home/pker/airflow_env/lib/python3.7/site-packages/airflow/example_dags/example_branch_operator.py
[2025-11-21T10:54:45.123+0300] {logging_mixin.py:137} INFO - [2025-11-21T10:54:45.123+0300] {dag.py:2705} INFO - Sync 1 DAGs
[2025-11-21T10:54:45.157+0300] {logging_mixin.py:137} INFO - [2025-11-21T10:54:45.157+0300] {dag.py:3456} INFO - Setting next_dagrun for example_branch_operator to 2025-11-20T00:00:00+00:00, run_after=2025-11-21T00:00:00+00:00
[2025-11-21T10:54:45.223+0300] {processor.py:175} INFO - Processing /home/pker/airflow_env/lib/python3.7/site-packages/airflow/example_dags/example_branch_operator.py took 0.206 seconds
[2025-11-21T10:55:31.850+0300] {processor.py:153} INFO - Started process (PID=30772) to work on /home/pker/airflow_env/lib/python3.7/site-packages/airflow/example_dags/example_branch_operator.py
[2025-11-21T10:55:31.855+0300] {processor.py:743} INFO - Processing file /home/pker/airflow_env/lib/python3.7/site-packages/airflow/example_dags/example_branch_operator.py for tasks to queue
[2025-11-21T10:55:31.856+0300] {logging_mixin.py:137} INFO - [2025-11-21T10:55:31.856+0300] {dagbag.py:532} INFO - Filling up the DagBag from /home/pker/airflow_env/lib/python3.7/site-packages/airflow/example_dags/example_branch_operator.py
[2025-11-21T10:55:31.886+0300] {processor.py:753} INFO - DAG(s) dict_keys(['example_branch_operator']) retrieved from /home/pker/airflow_env/lib/python3.7/site-packages/airflow/example_dags/example_branch_operator.py
[2025-11-21T10:55:31.924+0300] {logging_mixin.py:137} INFO - [2025-11-21T10:55:31.924+0300] {dag.py:2705} INFO - Sync 1 DAGs
[2025-11-21T10:55:31.958+0300] {logging_mixin.py:137} INFO - [2025-11-21T10:55:31.957+0300] {dag.py:3456} INFO - Setting next_dagrun for example_branch_operator to 2025-11-20T00:00:00+00:00, run_after=2025-11-21T00:00:00+00:00
[2025-11-21T10:55:31.994+0300] {processor.py:175} INFO - Processing /home/pker/airflow_env/lib/python3.7/site-packages/airflow/example_dags/example_branch_operator.py took 0.150 seconds
[2025-11-21T10:56:19.078+0300] {processor.py:153} INFO - Started process (PID=30816) to work on /home/pker/airflow_env/lib/python3.7/site-packages/airflow/example_dags/example_branch_operator.py
[2025-11-21T10:56:19.079+0300] {processor.py:743} INFO - Processing file /home/pker/airflow_env/lib/python3.7/site-packages/airflow/example_dags/example_branch_operator.py for tasks to queue
[2025-11-21T10:56:19.080+0300] {logging_mixin.py:137} INFO - [2025-11-21T10:56:19.080+0300] {dagbag.py:532} INFO - Filling up the DagBag from /home/pker/airflow_env/lib/python3.7/site-packages/airflow/example_dags/example_branch_operator.py
[2025-11-21T10:56:19.109+0300] {processor.py:753} INFO - DAG(s) dict_keys(['example_branch_operator']) retrieved from /home/pker/airflow_env/lib/python3.7/site-packages/airflow/example_dags/example_branch_operator.py
[2025-11-21T10:56:19.140+0300] {logging_mixin.py:137} INFO - [2025-11-21T10:56:19.139+0300] {dag.py:2705} INFO - Sync 1 DAGs
[2025-11-21T10:56:19.179+0300] {logging_mixin.py:137} INFO - [2025-11-21T10:56:19.178+0300] {dag.py:3456} INFO - Setting next_dagrun for example_branch_operator to 2025-11-20T00:00:00+00:00, run_after=2025-11-21T00:00:00+00:00
[2025-11-21T10:56:19.217+0300] {processor.py:175} INFO - Processing /home/pker/airflow_env/lib/python3.7/site-packages/airflow/example_dags/example_branch_operator.py took 0.145 seconds
[2025-11-21T10:57:09.944+0300] {processor.py:153} INFO - Started process (PID=30860) to work on /home/pker/airflow_env/lib/python3.7/site-packages/airflow/example_dags/example_branch_operator.py
[2025-11-21T10:57:09.954+0300] {processor.py:743} INFO - Processing file /home/pker/airflow_env/lib/python3.7/site-packages/airflow/example_dags/example_branch_operator.py for tasks to queue
[2025-11-21T10:57:09.955+0300] {logging_mixin.py:137} INFO - [2025-11-21T10:57:09.955+0300] {dagbag.py:532} INFO - Filling up the DagBag from /home/pker/airflow_env/lib/python3.7/site-packages/airflow/example_dags/example_branch_operator.py
[2025-11-21T10:57:09.991+0300] {processor.py:753} INFO - DAG(s) dict_keys(['example_branch_operator']) retrieved from /home/pker/airflow_env/lib/python3.7/site-packages/airflow/example_dags/example_branch_operator.py
[2025-11-21T10:57:10.026+0300] {logging_mixin.py:137} INFO - [2025-11-21T10:57:10.025+0300] {dag.py:2705} INFO - Sync 1 DAGs
[2025-11-21T10:57:10.074+0300] {logging_mixin.py:137} INFO - [2025-11-21T10:57:10.073+0300] {dag.py:3456} INFO - Setting next_dagrun for example_branch_operator to 2025-11-20T00:00:00+00:00, run_after=2025-11-21T00:00:00+00:00
[2025-11-21T10:57:10.147+0300] {processor.py:175} INFO - Processing /home/pker/airflow_env/lib/python3.7/site-packages/airflow/example_dags/example_branch_operator.py took 0.209 seconds
[2025-11-21T10:57:58.558+0300] {processor.py:153} INFO - Started process (PID=30904) to work on /home/pker/airflow_env/lib/python3.7/site-packages/airflow/example_dags/example_branch_operator.py
[2025-11-21T10:57:58.580+0300] {processor.py:743} INFO - Processing file /home/pker/airflow_env/lib/python3.7/site-packages/airflow/example_dags/example_branch_operator.py for tasks to queue
[2025-11-21T10:57:58.583+0300] {logging_mixin.py:137} INFO - [2025-11-21T10:57:58.582+0300] {dagbag.py:532} INFO - Filling up the DagBag from /home/pker/airflow_env/lib/python3.7/site-packages/airflow/example_dags/example_branch_operator.py
[2025-11-21T10:57:58.627+0300] {processor.py:753} INFO - DAG(s) dict_keys(['example_branch_operator']) retrieved from /home/pker/airflow_env/lib/python3.7/site-packages/airflow/example_dags/example_branch_operator.py
[2025-11-21T10:57:58.675+0300] {logging_mixin.py:137} INFO - [2025-11-21T10:57:58.675+0300] {dag.py:2705} INFO - Sync 1 DAGs
[2025-11-21T10:57:58.718+0300] {logging_mixin.py:137} INFO - [2025-11-21T10:57:58.718+0300] {dag.py:3456} INFO - Setting next_dagrun for example_branch_operator to 2025-11-20T00:00:00+00:00, run_after=2025-11-21T00:00:00+00:00
[2025-11-21T10:57:58.775+0300] {processor.py:175} INFO - Processing /home/pker/airflow_env/lib/python3.7/site-packages/airflow/example_dags/example_branch_operator.py took 0.224 seconds
[2025-11-21T10:58:47.641+0300] {processor.py:153} INFO - Started process (PID=30964) to work on /home/pker/airflow_env/lib/python3.7/site-packages/airflow/example_dags/example_branch_operator.py
[2025-11-21T10:58:47.666+0300] {processor.py:743} INFO - Processing file /home/pker/airflow_env/lib/python3.7/site-packages/airflow/example_dags/example_branch_operator.py for tasks to queue
[2025-11-21T10:58:47.668+0300] {logging_mixin.py:137} INFO - [2025-11-21T10:58:47.668+0300] {dagbag.py:532} INFO - Filling up the DagBag from /home/pker/airflow_env/lib/python3.7/site-packages/airflow/example_dags/example_branch_operator.py
[2025-11-21T10:58:47.712+0300] {processor.py:753} INFO - DAG(s) dict_keys(['example_branch_operator']) retrieved from /home/pker/airflow_env/lib/python3.7/site-packages/airflow/example_dags/example_branch_operator.py
[2025-11-21T10:58:47.753+0300] {logging_mixin.py:137} INFO - [2025-11-21T10:58:47.753+0300] {dag.py:2705} INFO - Sync 1 DAGs
[2025-11-21T10:58:47.789+0300] {logging_mixin.py:137} INFO - [2025-11-21T10:58:47.789+0300] {dag.py:3456} INFO - Setting next_dagrun for example_branch_operator to 2025-11-21T00:00:00+00:00, run_after=2025-11-22T00:00:00+00:00
[2025-11-21T10:58:47.850+0300] {processor.py:175} INFO - Processing /home/pker/airflow_env/lib/python3.7/site-packages/airflow/example_dags/example_branch_operator.py took 0.215 seconds
[2025-11-21T10:59:33.311+0300] {processor.py:153} INFO - Started process (PID=31011) to work on /home/pker/airflow_env/lib/python3.7/site-packages/airflow/example_dags/example_branch_operator.py
[2025-11-21T10:59:33.314+0300] {processor.py:743} INFO - Processing file /home/pker/airflow_env/lib/python3.7/site-packages/airflow/example_dags/example_branch_operator.py for tasks to queue
[2025-11-21T10:59:33.315+0300] {logging_mixin.py:137} INFO - [2025-11-21T10:59:33.315+0300] {dagbag.py:532} INFO - Filling up the DagBag from /home/pker/airflow_env/lib/python3.7/site-packages/airflow/example_dags/example_branch_operator.py
[2025-11-21T10:59:33.345+0300] {processor.py:753} INFO - DAG(s) dict_keys(['example_branch_operator']) retrieved from /home/pker/airflow_env/lib/python3.7/site-packages/airflow/example_dags/example_branch_operator.py
[2025-11-21T10:59:33.385+0300] {logging_mixin.py:137} INFO - [2025-11-21T10:59:33.385+0300] {dag.py:2705} INFO - Sync 1 DAGs
[2025-11-21T10:59:33.420+0300] {logging_mixin.py:137} INFO - [2025-11-21T10:59:33.420+0300] {dag.py:3456} INFO - Setting next_dagrun for example_branch_operator to 2025-11-21T00:00:00+00:00, run_after=2025-11-22T00:00:00+00:00
[2025-11-21T10:59:33.482+0300] {processor.py:175} INFO - Processing /home/pker/airflow_env/lib/python3.7/site-packages/airflow/example_dags/example_branch_operator.py took 0.180 seconds
[2025-11-21T11:00:23.472+0300] {processor.py:153} INFO - Started process (PID=31061) to work on /home/pker/airflow_env/lib/python3.7/site-packages/airflow/example_dags/example_branch_operator.py
[2025-11-21T11:00:23.496+0300] {processor.py:743} INFO - Processing file /home/pker/airflow_env/lib/python3.7/site-packages/airflow/example_dags/example_branch_operator.py for tasks to queue
[2025-11-21T11:00:23.499+0300] {logging_mixin.py:137} INFO - [2025-11-21T11:00:23.498+0300] {dagbag.py:532} INFO - Filling up the DagBag from /home/pker/airflow_env/lib/python3.7/site-packages/airflow/example_dags/example_branch_operator.py
[2025-11-21T11:00:23.538+0300] {processor.py:753} INFO - DAG(s) dict_keys(['example_branch_operator']) retrieved from /home/pker/airflow_env/lib/python3.7/site-packages/airflow/example_dags/example_branch_operator.py
[2025-11-21T11:00:23.586+0300] {logging_mixin.py:137} INFO - [2025-11-21T11:00:23.586+0300] {dag.py:2705} INFO - Sync 1 DAGs
[2025-11-21T11:00:23.625+0300] {logging_mixin.py:137} INFO - [2025-11-21T11:00:23.624+0300] {dag.py:3456} INFO - Setting next_dagrun for example_branch_operator to 2025-11-21T00:00:00+00:00, run_after=2025-11-22T00:00:00+00:00
[2025-11-21T11:00:23.693+0300] {processor.py:175} INFO - Processing /home/pker/airflow_env/lib/python3.7/site-packages/airflow/example_dags/example_branch_operator.py took 0.227 seconds
[2025-11-21T11:01:14.906+0300] {processor.py:153} INFO - Started process (PID=31115) to work on /home/pker/airflow_env/lib/python3.7/site-packages/airflow/example_dags/example_branch_operator.py
[2025-11-21T11:01:14.928+0300] {processor.py:743} INFO - Processing file /home/pker/airflow_env/lib/python3.7/site-packages/airflow/example_dags/example_branch_operator.py for tasks to queue
[2025-11-21T11:01:14.931+0300] {logging_mixin.py:137} INFO - [2025-11-21T11:01:14.930+0300] {dagbag.py:532} INFO - Filling up the DagBag from /home/pker/airflow_env/lib/python3.7/site-packages/airflow/example_dags/example_branch_operator.py
[2025-11-21T11:01:14.963+0300] {processor.py:753} INFO - DAG(s) dict_keys(['example_branch_operator']) retrieved from /home/pker/airflow_env/lib/python3.7/site-packages/airflow/example_dags/example_branch_operator.py
[2025-11-21T11:01:14.993+0300] {logging_mixin.py:137} INFO - [2025-11-21T11:01:14.993+0300] {dag.py:2705} INFO - Sync 1 DAGs
[2025-11-21T11:01:15.020+0300] {logging_mixin.py:137} INFO - [2025-11-21T11:01:15.020+0300] {dag.py:3456} INFO - Setting next_dagrun for example_branch_operator to 2025-11-21T00:00:00+00:00, run_after=2025-11-22T00:00:00+00:00
[2025-11-21T11:01:15.067+0300] {processor.py:175} INFO - Processing /home/pker/airflow_env/lib/python3.7/site-packages/airflow/example_dags/example_branch_operator.py took 0.166 seconds
[2025-11-21T11:02:04.476+0300] {processor.py:153} INFO - Started process (PID=31161) to work on /home/pker/airflow_env/lib/python3.7/site-packages/airflow/example_dags/example_branch_operator.py
[2025-11-21T11:02:04.499+0300] {processor.py:743} INFO - Processing file /home/pker/airflow_env/lib/python3.7/site-packages/airflow/example_dags/example_branch_operator.py for tasks to queue
[2025-11-21T11:02:04.502+0300] {logging_mixin.py:137} INFO - [2025-11-21T11:02:04.501+0300] {dagbag.py:532} INFO - Filling up the DagBag from /home/pker/airflow_env/lib/python3.7/site-packages/airflow/example_dags/example_branch_operator.py
[2025-11-21T11:02:04.541+0300] {processor.py:753} INFO - DAG(s) dict_keys(['example_branch_operator']) retrieved from /home/pker/airflow_env/lib/python3.7/site-packages/airflow/example_dags/example_branch_operator.py
[2025-11-21T11:02:04.580+0300] {logging_mixin.py:137} INFO - [2025-11-21T11:02:04.579+0300] {dag.py:2705} INFO - Sync 1 DAGs
[2025-11-21T11:02:04.623+0300] {logging_mixin.py:137} INFO - [2025-11-21T11:02:04.623+0300] {dag.py:3456} INFO - Setting next_dagrun for example_branch_operator to 2025-11-21T00:00:00+00:00, run_after=2025-11-22T00:00:00+00:00
[2025-11-21T11:02:04.694+0300] {processor.py:175} INFO - Processing /home/pker/airflow_env/lib/python3.7/site-packages/airflow/example_dags/example_branch_operator.py took 0.225 seconds
[2025-11-21T11:02:49.662+0300] {processor.py:153} INFO - Started process (PID=31208) to work on /home/pker/airflow_env/lib/python3.7/site-packages/airflow/example_dags/example_branch_operator.py
[2025-11-21T11:02:49.665+0300] {processor.py:743} INFO - Processing file /home/pker/airflow_env/lib/python3.7/site-packages/airflow/example_dags/example_branch_operator.py for tasks to queue
[2025-11-21T11:02:49.666+0300] {logging_mixin.py:137} INFO - [2025-11-21T11:02:49.666+0300] {dagbag.py:532} INFO - Filling up the DagBag from /home/pker/airflow_env/lib/python3.7/site-packages/airflow/example_dags/example_branch_operator.py
[2025-11-21T11:02:49.698+0300] {processor.py:753} INFO - DAG(s) dict_keys(['example_branch_operator']) retrieved from /home/pker/airflow_env/lib/python3.7/site-packages/airflow/example_dags/example_branch_operator.py
[2025-11-21T11:02:49.750+0300] {logging_mixin.py:137} INFO - [2025-11-21T11:02:49.749+0300] {dag.py:2705} INFO - Sync 1 DAGs
[2025-11-21T11:02:49.780+0300] {logging_mixin.py:137} INFO - [2025-11-21T11:02:49.780+0300] {dag.py:3456} INFO - Setting next_dagrun for example_branch_operator to 2025-11-21T00:00:00+00:00, run_after=2025-11-22T00:00:00+00:00
[2025-11-21T11:02:49.842+0300] {processor.py:175} INFO - Processing /home/pker/airflow_env/lib/python3.7/site-packages/airflow/example_dags/example_branch_operator.py took 0.183 seconds
[2025-11-21T11:03:38.413+0300] {processor.py:153} INFO - Started process (PID=31250) to work on /home/pker/airflow_env/lib/python3.7/site-packages/airflow/example_dags/example_branch_operator.py
[2025-11-21T11:03:38.434+0300] {processor.py:743} INFO - Processing file /home/pker/airflow_env/lib/python3.7/site-packages/airflow/example_dags/example_branch_operator.py for tasks to queue
[2025-11-21T11:03:38.437+0300] {logging_mixin.py:137} INFO - [2025-11-21T11:03:38.436+0300] {dagbag.py:532} INFO - Filling up the DagBag from /home/pker/airflow_env/lib/python3.7/site-packages/airflow/example_dags/example_branch_operator.py
[2025-11-21T11:03:38.480+0300] {processor.py:753} INFO - DAG(s) dict_keys(['example_branch_operator']) retrieved from /home/pker/airflow_env/lib/python3.7/site-packages/airflow/example_dags/example_branch_operator.py
[2025-11-21T11:03:38.511+0300] {logging_mixin.py:137} INFO - [2025-11-21T11:03:38.511+0300] {dag.py:2705} INFO - Sync 1 DAGs
[2025-11-21T11:03:38.546+0300] {logging_mixin.py:137} INFO - [2025-11-21T11:03:38.546+0300] {dag.py:3456} INFO - Setting next_dagrun for example_branch_operator to 2025-11-21T00:00:00+00:00, run_after=2025-11-22T00:00:00+00:00
[2025-11-21T11:03:38.601+0300] {processor.py:175} INFO - Processing /home/pker/airflow_env/lib/python3.7/site-packages/airflow/example_dags/example_branch_operator.py took 0.197 seconds
[2025-11-21T11:04:23.760+0300] {processor.py:153} INFO - Started process (PID=31295) to work on /home/pker/airflow_env/lib/python3.7/site-packages/airflow/example_dags/example_branch_operator.py
[2025-11-21T11:04:23.782+0300] {processor.py:743} INFO - Processing file /home/pker/airflow_env/lib/python3.7/site-packages/airflow/example_dags/example_branch_operator.py for tasks to queue
[2025-11-21T11:04:23.784+0300] {logging_mixin.py:137} INFO - [2025-11-21T11:04:23.784+0300] {dagbag.py:532} INFO - Filling up the DagBag from /home/pker/airflow_env/lib/python3.7/site-packages/airflow/example_dags/example_branch_operator.py
[2025-11-21T11:04:23.824+0300] {processor.py:753} INFO - DAG(s) dict_keys(['example_branch_operator']) retrieved from /home/pker/airflow_env/lib/python3.7/site-packages/airflow/example_dags/example_branch_operator.py
[2025-11-21T11:04:23.854+0300] {logging_mixin.py:137} INFO - [2025-11-21T11:04:23.854+0300] {dag.py:2705} INFO - Sync 1 DAGs
[2025-11-21T11:04:23.887+0300] {logging_mixin.py:137} INFO - [2025-11-21T11:04:23.887+0300] {dag.py:3456} INFO - Setting next_dagrun for example_branch_operator to 2025-11-21T00:00:00+00:00, run_after=2025-11-22T00:00:00+00:00
[2025-11-21T11:04:23.939+0300] {processor.py:175} INFO - Processing /home/pker/airflow_env/lib/python3.7/site-packages/airflow/example_dags/example_branch_operator.py took 0.187 seconds
[2025-11-21T11:05:13.380+0300] {processor.py:153} INFO - Started process (PID=31342) to work on /home/pker/airflow_env/lib/python3.7/site-packages/airflow/example_dags/example_branch_operator.py
[2025-11-21T11:05:13.402+0300] {processor.py:743} INFO - Processing file /home/pker/airflow_env/lib/python3.7/site-packages/airflow/example_dags/example_branch_operator.py for tasks to queue
[2025-11-21T11:05:13.404+0300] {logging_mixin.py:137} INFO - [2025-11-21T11:05:13.404+0300] {dagbag.py:532} INFO - Filling up the DagBag from /home/pker/airflow_env/lib/python3.7/site-packages/airflow/example_dags/example_branch_operator.py
[2025-11-21T11:05:13.442+0300] {processor.py:753} INFO - DAG(s) dict_keys(['example_branch_operator']) retrieved from /home/pker/airflow_env/lib/python3.7/site-packages/airflow/example_dags/example_branch_operator.py
[2025-11-21T11:05:13.491+0300] {logging_mixin.py:137} INFO - [2025-11-21T11:05:13.490+0300] {dag.py:2705} INFO - Sync 1 DAGs
[2025-11-21T11:05:13.526+0300] {logging_mixin.py:137} INFO - [2025-11-21T11:05:13.525+0300] {dag.py:3456} INFO - Setting next_dagrun for example_branch_operator to 2025-11-21T00:00:00+00:00, run_after=2025-11-22T00:00:00+00:00
[2025-11-21T11:05:13.591+0300] {processor.py:175} INFO - Processing /home/pker/airflow_env/lib/python3.7/site-packages/airflow/example_dags/example_branch_operator.py took 0.220 seconds
[2025-11-21T11:06:01.529+0300] {processor.py:153} INFO - Started process (PID=31393) to work on /home/pker/airflow_env/lib/python3.7/site-packages/airflow/example_dags/example_branch_operator.py
[2025-11-21T11:06:01.532+0300] {processor.py:743} INFO - Processing file /home/pker/airflow_env/lib/python3.7/site-packages/airflow/example_dags/example_branch_operator.py for tasks to queue
[2025-11-21T11:06:01.533+0300] {logging_mixin.py:137} INFO - [2025-11-21T11:06:01.532+0300] {dagbag.py:532} INFO - Filling up the DagBag from /home/pker/airflow_env/lib/python3.7/site-packages/airflow/example_dags/example_branch_operator.py
[2025-11-21T11:06:01.561+0300] {processor.py:753} INFO - DAG(s) dict_keys(['example_branch_operator']) retrieved from /home/pker/airflow_env/lib/python3.7/site-packages/airflow/example_dags/example_branch_operator.py
[2025-11-21T11:06:01.589+0300] {logging_mixin.py:137} INFO - [2025-11-21T11:06:01.589+0300] {dag.py:2705} INFO - Sync 1 DAGs
[2025-11-21T11:06:01.619+0300] {logging_mixin.py:137} INFO - [2025-11-21T11:06:01.619+0300] {dag.py:3456} INFO - Setting next_dagrun for example_branch_operator to 2025-11-21T00:00:00+00:00, run_after=2025-11-22T00:00:00+00:00
[2025-11-21T11:06:01.651+0300] {processor.py:175} INFO - Processing /home/pker/airflow_env/lib/python3.7/site-packages/airflow/example_dags/example_branch_operator.py took 0.128 seconds
[2025-11-21T11:06:49.107+0300] {processor.py:153} INFO - Started process (PID=31441) to work on /home/pker/airflow_env/lib/python3.7/site-packages/airflow/example_dags/example_branch_operator.py
[2025-11-21T11:06:49.128+0300] {processor.py:743} INFO - Processing file /home/pker/airflow_env/lib/python3.7/site-packages/airflow/example_dags/example_branch_operator.py for tasks to queue
[2025-11-21T11:06:49.129+0300] {logging_mixin.py:137} INFO - [2025-11-21T11:06:49.129+0300] {dagbag.py:532} INFO - Filling up the DagBag from /home/pker/airflow_env/lib/python3.7/site-packages/airflow/example_dags/example_branch_operator.py
[2025-11-21T11:06:49.152+0300] {processor.py:753} INFO - DAG(s) dict_keys(['example_branch_operator']) retrieved from /home/pker/airflow_env/lib/python3.7/site-packages/airflow/example_dags/example_branch_operator.py
[2025-11-21T11:06:49.183+0300] {logging_mixin.py:137} INFO - [2025-11-21T11:06:49.183+0300] {dag.py:2705} INFO - Sync 1 DAGs
[2025-11-21T11:06:49.214+0300] {logging_mixin.py:137} INFO - [2025-11-21T11:06:49.214+0300] {dag.py:3456} INFO - Setting next_dagrun for example_branch_operator to 2025-11-21T00:00:00+00:00, run_after=2025-11-22T00:00:00+00:00
[2025-11-21T11:06:49.252+0300] {processor.py:175} INFO - Processing /home/pker/airflow_env/lib/python3.7/site-packages/airflow/example_dags/example_branch_operator.py took 0.149 seconds
[2025-11-21T11:07:37.487+0300] {processor.py:153} INFO - Started process (PID=31487) to work on /home/pker/airflow_env/lib/python3.7/site-packages/airflow/example_dags/example_branch_operator.py
[2025-11-21T11:07:37.490+0300] {processor.py:743} INFO - Processing file /home/pker/airflow_env/lib/python3.7/site-packages/airflow/example_dags/example_branch_operator.py for tasks to queue
[2025-11-21T11:07:37.492+0300] {logging_mixin.py:137} INFO - [2025-11-21T11:07:37.492+0300] {dagbag.py:532} INFO - Filling up the DagBag from /home/pker/airflow_env/lib/python3.7/site-packages/airflow/example_dags/example_branch_operator.py
[2025-11-21T11:07:37.530+0300] {processor.py:753} INFO - DAG(s) dict_keys(['example_branch_operator']) retrieved from /home/pker/airflow_env/lib/python3.7/site-packages/airflow/example_dags/example_branch_operator.py
[2025-11-21T11:07:37.568+0300] {logging_mixin.py:137} INFO - [2025-11-21T11:07:37.568+0300] {dag.py:2705} INFO - Sync 1 DAGs
[2025-11-21T11:07:37.606+0300] {logging_mixin.py:137} INFO - [2025-11-21T11:07:37.606+0300] {dag.py:3456} INFO - Setting next_dagrun for example_branch_operator to 2025-11-21T00:00:00+00:00, run_after=2025-11-22T00:00:00+00:00
[2025-11-21T11:07:37.673+0300] {processor.py:175} INFO - Processing /home/pker/airflow_env/lib/python3.7/site-packages/airflow/example_dags/example_branch_operator.py took 0.192 seconds
[2025-11-21T11:08:25.608+0300] {processor.py:153} INFO - Started process (PID=31556) to work on /home/pker/airflow_env/lib/python3.7/site-packages/airflow/example_dags/example_branch_operator.py
[2025-11-21T11:08:25.612+0300] {processor.py:743} INFO - Processing file /home/pker/airflow_env/lib/python3.7/site-packages/airflow/example_dags/example_branch_operator.py for tasks to queue
[2025-11-21T11:08:25.614+0300] {logging_mixin.py:137} INFO - [2025-11-21T11:08:25.613+0300] {dagbag.py:532} INFO - Filling up the DagBag from /home/pker/airflow_env/lib/python3.7/site-packages/airflow/example_dags/example_branch_operator.py
[2025-11-21T11:08:25.645+0300] {processor.py:753} INFO - DAG(s) dict_keys(['example_branch_operator']) retrieved from /home/pker/airflow_env/lib/python3.7/site-packages/airflow/example_dags/example_branch_operator.py
[2025-11-21T11:08:25.672+0300] {logging_mixin.py:137} INFO - [2025-11-21T11:08:25.672+0300] {dag.py:2705} INFO - Sync 1 DAGs
[2025-11-21T11:08:25.702+0300] {logging_mixin.py:137} INFO - [2025-11-21T11:08:25.701+0300] {dag.py:3456} INFO - Setting next_dagrun for example_branch_operator to 2025-11-21T00:00:00+00:00, run_after=2025-11-22T00:00:00+00:00
[2025-11-21T11:08:25.734+0300] {processor.py:175} INFO - Processing /home/pker/airflow_env/lib/python3.7/site-packages/airflow/example_dags/example_branch_operator.py took 0.132 seconds
