[2025-11-21T10:44:30.391+0300] {processor.py:153} INFO - Started process (PID=30110) to work on /home/pker/airflow_env/lib/python3.7/site-packages/airflow/example_dags/example_branch_labels.py
[2025-11-21T10:44:30.392+0300] {processor.py:743} INFO - Processing file /home/pker/airflow_env/lib/python3.7/site-packages/airflow/example_dags/example_branch_labels.py for tasks to queue
[2025-11-21T10:44:30.393+0300] {logging_mixin.py:137} INFO - [2025-11-21T10:44:30.393+0300] {dagbag.py:532} INFO - Filling up the DagBag from /home/pker/airflow_env/lib/python3.7/site-packages/airflow/example_dags/example_branch_labels.py
[2025-11-21T10:44:30.418+0300] {processor.py:753} INFO - DAG(s) dict_keys(['example_branch_labels']) retrieved from /home/pker/airflow_env/lib/python3.7/site-packages/airflow/example_dags/example_branch_labels.py
[2025-11-21T10:44:30.557+0300] {logging_mixin.py:137} INFO - [2025-11-21T10:44:30.556+0300] {manager.py:504} INFO - Created Permission View: can delete on DAG:example_branch_labels
[2025-11-21T10:44:30.570+0300] {logging_mixin.py:137} INFO - [2025-11-21T10:44:30.570+0300] {manager.py:504} INFO - Created Permission View: can read on DAG:example_branch_labels
[2025-11-21T10:44:30.582+0300] {logging_mixin.py:137} INFO - [2025-11-21T10:44:30.581+0300] {manager.py:504} INFO - Created Permission View: can edit on DAG:example_branch_labels
[2025-11-21T10:44:30.582+0300] {logging_mixin.py:137} INFO - [2025-11-21T10:44:30.582+0300] {dag.py:2705} INFO - Sync 1 DAGs
[2025-11-21T10:44:30.597+0300] {logging_mixin.py:137} INFO - [2025-11-21T10:44:30.597+0300] {dag.py:2726} INFO - Creating ORM DAG for example_branch_labels
[2025-11-21T10:44:30.612+0300] {logging_mixin.py:137} INFO - [2025-11-21T10:44:30.612+0300] {dag.py:3456} INFO - Setting next_dagrun for example_branch_labels to 2025-11-20T00:00:00+00:00, run_after=2025-11-21T00:00:00+00:00
[2025-11-21T10:44:30.645+0300] {processor.py:175} INFO - Processing /home/pker/airflow_env/lib/python3.7/site-packages/airflow/example_dags/example_branch_labels.py took 0.260 seconds
[2025-11-21T10:45:18.328+0300] {processor.py:153} INFO - Started process (PID=30175) to work on /home/pker/airflow_env/lib/python3.7/site-packages/airflow/example_dags/example_branch_labels.py
[2025-11-21T10:45:18.343+0300] {processor.py:743} INFO - Processing file /home/pker/airflow_env/lib/python3.7/site-packages/airflow/example_dags/example_branch_labels.py for tasks to queue
[2025-11-21T10:45:18.345+0300] {logging_mixin.py:137} INFO - [2025-11-21T10:45:18.345+0300] {dagbag.py:532} INFO - Filling up the DagBag from /home/pker/airflow_env/lib/python3.7/site-packages/airflow/example_dags/example_branch_labels.py
[2025-11-21T10:45:18.371+0300] {processor.py:753} INFO - DAG(s) dict_keys(['example_branch_labels']) retrieved from /home/pker/airflow_env/lib/python3.7/site-packages/airflow/example_dags/example_branch_labels.py
[2025-11-21T10:45:18.404+0300] {logging_mixin.py:137} INFO - [2025-11-21T10:45:18.403+0300] {dag.py:2705} INFO - Sync 1 DAGs
[2025-11-21T10:45:18.435+0300] {logging_mixin.py:137} INFO - [2025-11-21T10:45:18.435+0300] {dag.py:3456} INFO - Setting next_dagrun for example_branch_labels to 2025-11-20T00:00:00+00:00, run_after=2025-11-21T00:00:00+00:00
[2025-11-21T10:45:18.471+0300] {processor.py:175} INFO - Processing /home/pker/airflow_env/lib/python3.7/site-packages/airflow/example_dags/example_branch_labels.py took 0.150 seconds
[2025-11-21T10:46:08.510+0300] {processor.py:153} INFO - Started process (PID=30222) to work on /home/pker/airflow_env/lib/python3.7/site-packages/airflow/example_dags/example_branch_labels.py
[2025-11-21T10:46:08.597+0300] {processor.py:743} INFO - Processing file /home/pker/airflow_env/lib/python3.7/site-packages/airflow/example_dags/example_branch_labels.py for tasks to queue
[2025-11-21T10:46:08.599+0300] {logging_mixin.py:137} INFO - [2025-11-21T10:46:08.599+0300] {dagbag.py:532} INFO - Filling up the DagBag from /home/pker/airflow_env/lib/python3.7/site-packages/airflow/example_dags/example_branch_labels.py
[2025-11-21T10:46:08.630+0300] {processor.py:753} INFO - DAG(s) dict_keys(['example_branch_labels']) retrieved from /home/pker/airflow_env/lib/python3.7/site-packages/airflow/example_dags/example_branch_labels.py
[2025-11-21T10:46:08.666+0300] {logging_mixin.py:137} INFO - [2025-11-21T10:46:08.666+0300] {dag.py:2705} INFO - Sync 1 DAGs
[2025-11-21T10:46:08.703+0300] {logging_mixin.py:137} INFO - [2025-11-21T10:46:08.703+0300] {dag.py:3456} INFO - Setting next_dagrun for example_branch_labels to 2025-11-20T00:00:00+00:00, run_after=2025-11-21T00:00:00+00:00
[2025-11-21T10:46:08.764+0300] {processor.py:175} INFO - Processing /home/pker/airflow_env/lib/python3.7/site-packages/airflow/example_dags/example_branch_labels.py took 0.260 seconds
[2025-11-21T10:46:54.708+0300] {processor.py:153} INFO - Started process (PID=30270) to work on /home/pker/airflow_env/lib/python3.7/site-packages/airflow/example_dags/example_branch_labels.py
[2025-11-21T10:46:54.731+0300] {processor.py:743} INFO - Processing file /home/pker/airflow_env/lib/python3.7/site-packages/airflow/example_dags/example_branch_labels.py for tasks to queue
[2025-11-21T10:46:54.734+0300] {logging_mixin.py:137} INFO - [2025-11-21T10:46:54.733+0300] {dagbag.py:532} INFO - Filling up the DagBag from /home/pker/airflow_env/lib/python3.7/site-packages/airflow/example_dags/example_branch_labels.py
[2025-11-21T10:46:54.765+0300] {processor.py:753} INFO - DAG(s) dict_keys(['example_branch_labels']) retrieved from /home/pker/airflow_env/lib/python3.7/site-packages/airflow/example_dags/example_branch_labels.py
[2025-11-21T10:46:54.795+0300] {logging_mixin.py:137} INFO - [2025-11-21T10:46:54.794+0300] {dag.py:2705} INFO - Sync 1 DAGs
[2025-11-21T10:46:54.834+0300] {logging_mixin.py:137} INFO - [2025-11-21T10:46:54.833+0300] {dag.py:3456} INFO - Setting next_dagrun for example_branch_labels to 2025-11-20T00:00:00+00:00, run_after=2025-11-21T00:00:00+00:00
[2025-11-21T10:46:54.897+0300] {processor.py:175} INFO - Processing /home/pker/airflow_env/lib/python3.7/site-packages/airflow/example_dags/example_branch_labels.py took 0.200 seconds
[2025-11-21T10:47:44.261+0300] {processor.py:153} INFO - Started process (PID=30312) to work on /home/pker/airflow_env/lib/python3.7/site-packages/airflow/example_dags/example_branch_labels.py
[2025-11-21T10:47:44.265+0300] {processor.py:743} INFO - Processing file /home/pker/airflow_env/lib/python3.7/site-packages/airflow/example_dags/example_branch_labels.py for tasks to queue
[2025-11-21T10:47:44.267+0300] {logging_mixin.py:137} INFO - [2025-11-21T10:47:44.267+0300] {dagbag.py:532} INFO - Filling up the DagBag from /home/pker/airflow_env/lib/python3.7/site-packages/airflow/example_dags/example_branch_labels.py
[2025-11-21T10:47:44.296+0300] {processor.py:753} INFO - DAG(s) dict_keys(['example_branch_labels']) retrieved from /home/pker/airflow_env/lib/python3.7/site-packages/airflow/example_dags/example_branch_labels.py
[2025-11-21T10:47:44.332+0300] {logging_mixin.py:137} INFO - [2025-11-21T10:47:44.332+0300] {dag.py:2705} INFO - Sync 1 DAGs
[2025-11-21T10:47:44.365+0300] {logging_mixin.py:137} INFO - [2025-11-21T10:47:44.365+0300] {dag.py:3456} INFO - Setting next_dagrun for example_branch_labels to 2025-11-20T00:00:00+00:00, run_after=2025-11-21T00:00:00+00:00
[2025-11-21T10:47:44.399+0300] {processor.py:175} INFO - Processing /home/pker/airflow_env/lib/python3.7/site-packages/airflow/example_dags/example_branch_labels.py took 0.146 seconds
[2025-11-21T10:48:31.007+0300] {processor.py:153} INFO - Started process (PID=30356) to work on /home/pker/airflow_env/lib/python3.7/site-packages/airflow/example_dags/example_branch_labels.py
[2025-11-21T10:48:31.031+0300] {processor.py:743} INFO - Processing file /home/pker/airflow_env/lib/python3.7/site-packages/airflow/example_dags/example_branch_labels.py for tasks to queue
[2025-11-21T10:48:31.033+0300] {logging_mixin.py:137} INFO - [2025-11-21T10:48:31.033+0300] {dagbag.py:532} INFO - Filling up the DagBag from /home/pker/airflow_env/lib/python3.7/site-packages/airflow/example_dags/example_branch_labels.py
[2025-11-21T10:48:31.060+0300] {processor.py:753} INFO - DAG(s) dict_keys(['example_branch_labels']) retrieved from /home/pker/airflow_env/lib/python3.7/site-packages/airflow/example_dags/example_branch_labels.py
[2025-11-21T10:48:31.091+0300] {logging_mixin.py:137} INFO - [2025-11-21T10:48:31.091+0300] {dag.py:2705} INFO - Sync 1 DAGs
[2025-11-21T10:48:31.120+0300] {logging_mixin.py:137} INFO - [2025-11-21T10:48:31.120+0300] {dag.py:3456} INFO - Setting next_dagrun for example_branch_labels to 2025-11-20T00:00:00+00:00, run_after=2025-11-21T00:00:00+00:00
[2025-11-21T10:48:31.149+0300] {processor.py:175} INFO - Processing /home/pker/airflow_env/lib/python3.7/site-packages/airflow/example_dags/example_branch_labels.py took 0.146 seconds
[2025-11-21T10:49:17.645+0300] {processor.py:153} INFO - Started process (PID=30413) to work on /home/pker/airflow_env/lib/python3.7/site-packages/airflow/example_dags/example_branch_labels.py
[2025-11-21T10:49:17.667+0300] {processor.py:743} INFO - Processing file /home/pker/airflow_env/lib/python3.7/site-packages/airflow/example_dags/example_branch_labels.py for tasks to queue
[2025-11-21T10:49:17.670+0300] {logging_mixin.py:137} INFO - [2025-11-21T10:49:17.669+0300] {dagbag.py:532} INFO - Filling up the DagBag from /home/pker/airflow_env/lib/python3.7/site-packages/airflow/example_dags/example_branch_labels.py
[2025-11-21T10:49:17.701+0300] {processor.py:753} INFO - DAG(s) dict_keys(['example_branch_labels']) retrieved from /home/pker/airflow_env/lib/python3.7/site-packages/airflow/example_dags/example_branch_labels.py
[2025-11-21T10:49:17.742+0300] {logging_mixin.py:137} INFO - [2025-11-21T10:49:17.741+0300] {dag.py:2705} INFO - Sync 1 DAGs
[2025-11-21T10:49:17.783+0300] {logging_mixin.py:137} INFO - [2025-11-21T10:49:17.783+0300] {dag.py:3456} INFO - Setting next_dagrun for example_branch_labels to 2025-11-20T00:00:00+00:00, run_after=2025-11-21T00:00:00+00:00
[2025-11-21T10:49:17.845+0300] {processor.py:175} INFO - Processing /home/pker/airflow_env/lib/python3.7/site-packages/airflow/example_dags/example_branch_labels.py took 0.206 seconds
[2025-11-21T10:50:05.001+0300] {processor.py:153} INFO - Started process (PID=30458) to work on /home/pker/airflow_env/lib/python3.7/site-packages/airflow/example_dags/example_branch_labels.py
[2025-11-21T10:50:05.024+0300] {processor.py:743} INFO - Processing file /home/pker/airflow_env/lib/python3.7/site-packages/airflow/example_dags/example_branch_labels.py for tasks to queue
[2025-11-21T10:50:05.026+0300] {logging_mixin.py:137} INFO - [2025-11-21T10:50:05.026+0300] {dagbag.py:532} INFO - Filling up the DagBag from /home/pker/airflow_env/lib/python3.7/site-packages/airflow/example_dags/example_branch_labels.py
[2025-11-21T10:50:05.059+0300] {processor.py:753} INFO - DAG(s) dict_keys(['example_branch_labels']) retrieved from /home/pker/airflow_env/lib/python3.7/site-packages/airflow/example_dags/example_branch_labels.py
[2025-11-21T10:50:05.097+0300] {logging_mixin.py:137} INFO - [2025-11-21T10:50:05.097+0300] {dag.py:2705} INFO - Sync 1 DAGs
[2025-11-21T10:50:05.133+0300] {logging_mixin.py:137} INFO - [2025-11-21T10:50:05.133+0300] {dag.py:3456} INFO - Setting next_dagrun for example_branch_labels to 2025-11-20T00:00:00+00:00, run_after=2025-11-21T00:00:00+00:00
[2025-11-21T10:50:05.185+0300] {processor.py:175} INFO - Processing /home/pker/airflow_env/lib/python3.7/site-packages/airflow/example_dags/example_branch_labels.py took 0.190 seconds
[2025-11-21T10:50:52.775+0300] {processor.py:153} INFO - Started process (PID=30503) to work on /home/pker/airflow_env/lib/python3.7/site-packages/airflow/example_dags/example_branch_labels.py
[2025-11-21T10:50:52.780+0300] {processor.py:743} INFO - Processing file /home/pker/airflow_env/lib/python3.7/site-packages/airflow/example_dags/example_branch_labels.py for tasks to queue
[2025-11-21T10:50:52.782+0300] {logging_mixin.py:137} INFO - [2025-11-21T10:50:52.781+0300] {dagbag.py:532} INFO - Filling up the DagBag from /home/pker/airflow_env/lib/python3.7/site-packages/airflow/example_dags/example_branch_labels.py
[2025-11-21T10:50:52.805+0300] {processor.py:753} INFO - DAG(s) dict_keys(['example_branch_labels']) retrieved from /home/pker/airflow_env/lib/python3.7/site-packages/airflow/example_dags/example_branch_labels.py
[2025-11-21T10:50:52.831+0300] {logging_mixin.py:137} INFO - [2025-11-21T10:50:52.831+0300] {dag.py:2705} INFO - Sync 1 DAGs
[2025-11-21T10:50:52.866+0300] {logging_mixin.py:137} INFO - [2025-11-21T10:50:52.865+0300] {dag.py:3456} INFO - Setting next_dagrun for example_branch_labels to 2025-11-20T00:00:00+00:00, run_after=2025-11-21T00:00:00+00:00
[2025-11-21T10:50:52.907+0300] {processor.py:175} INFO - Processing /home/pker/airflow_env/lib/python3.7/site-packages/airflow/example_dags/example_branch_labels.py took 0.137 seconds
[2025-11-21T10:51:39.188+0300] {processor.py:153} INFO - Started process (PID=30545) to work on /home/pker/airflow_env/lib/python3.7/site-packages/airflow/example_dags/example_branch_labels.py
[2025-11-21T10:51:39.208+0300] {processor.py:743} INFO - Processing file /home/pker/airflow_env/lib/python3.7/site-packages/airflow/example_dags/example_branch_labels.py for tasks to queue
[2025-11-21T10:51:39.211+0300] {logging_mixin.py:137} INFO - [2025-11-21T10:51:39.210+0300] {dagbag.py:532} INFO - Filling up the DagBag from /home/pker/airflow_env/lib/python3.7/site-packages/airflow/example_dags/example_branch_labels.py
[2025-11-21T10:51:39.244+0300] {processor.py:753} INFO - DAG(s) dict_keys(['example_branch_labels']) retrieved from /home/pker/airflow_env/lib/python3.7/site-packages/airflow/example_dags/example_branch_labels.py
[2025-11-21T10:51:39.282+0300] {logging_mixin.py:137} INFO - [2025-11-21T10:51:39.282+0300] {dag.py:2705} INFO - Sync 1 DAGs
[2025-11-21T10:51:39.341+0300] {logging_mixin.py:137} INFO - [2025-11-21T10:51:39.341+0300] {dag.py:3456} INFO - Setting next_dagrun for example_branch_labels to 2025-11-20T00:00:00+00:00, run_after=2025-11-21T00:00:00+00:00
[2025-11-21T10:51:39.412+0300] {processor.py:175} INFO - Processing /home/pker/airflow_env/lib/python3.7/site-packages/airflow/example_dags/example_branch_labels.py took 0.231 seconds
[2025-11-21T10:52:24.894+0300] {processor.py:153} INFO - Started process (PID=30592) to work on /home/pker/airflow_env/lib/python3.7/site-packages/airflow/example_dags/example_branch_labels.py
[2025-11-21T10:52:24.898+0300] {processor.py:743} INFO - Processing file /home/pker/airflow_env/lib/python3.7/site-packages/airflow/example_dags/example_branch_labels.py for tasks to queue
[2025-11-21T10:52:24.899+0300] {logging_mixin.py:137} INFO - [2025-11-21T10:52:24.899+0300] {dagbag.py:532} INFO - Filling up the DagBag from /home/pker/airflow_env/lib/python3.7/site-packages/airflow/example_dags/example_branch_labels.py
[2025-11-21T10:52:24.925+0300] {processor.py:753} INFO - DAG(s) dict_keys(['example_branch_labels']) retrieved from /home/pker/airflow_env/lib/python3.7/site-packages/airflow/example_dags/example_branch_labels.py
[2025-11-21T10:52:24.959+0300] {logging_mixin.py:137} INFO - [2025-11-21T10:52:24.958+0300] {dag.py:2705} INFO - Sync 1 DAGs
[2025-11-21T10:52:24.995+0300] {logging_mixin.py:137} INFO - [2025-11-21T10:52:24.995+0300] {dag.py:3456} INFO - Setting next_dagrun for example_branch_labels to 2025-11-20T00:00:00+00:00, run_after=2025-11-21T00:00:00+00:00
[2025-11-21T10:52:25.024+0300] {processor.py:175} INFO - Processing /home/pker/airflow_env/lib/python3.7/site-packages/airflow/example_dags/example_branch_labels.py took 0.136 seconds
[2025-11-21T10:53:12.471+0300] {processor.py:153} INFO - Started process (PID=30637) to work on /home/pker/airflow_env/lib/python3.7/site-packages/airflow/example_dags/example_branch_labels.py
[2025-11-21T10:53:12.475+0300] {processor.py:743} INFO - Processing file /home/pker/airflow_env/lib/python3.7/site-packages/airflow/example_dags/example_branch_labels.py for tasks to queue
[2025-11-21T10:53:12.477+0300] {logging_mixin.py:137} INFO - [2025-11-21T10:53:12.476+0300] {dagbag.py:532} INFO - Filling up the DagBag from /home/pker/airflow_env/lib/python3.7/site-packages/airflow/example_dags/example_branch_labels.py
[2025-11-21T10:53:12.513+0300] {processor.py:753} INFO - DAG(s) dict_keys(['example_branch_labels']) retrieved from /home/pker/airflow_env/lib/python3.7/site-packages/airflow/example_dags/example_branch_labels.py
[2025-11-21T10:53:12.556+0300] {logging_mixin.py:137} INFO - [2025-11-21T10:53:12.556+0300] {dag.py:2705} INFO - Sync 1 DAGs
[2025-11-21T10:53:12.591+0300] {logging_mixin.py:137} INFO - [2025-11-21T10:53:12.591+0300] {dag.py:3456} INFO - Setting next_dagrun for example_branch_labels to 2025-11-20T00:00:00+00:00, run_after=2025-11-21T00:00:00+00:00
[2025-11-21T10:53:12.656+0300] {processor.py:175} INFO - Processing /home/pker/airflow_env/lib/python3.7/site-packages/airflow/example_dags/example_branch_labels.py took 0.192 seconds
[2025-11-21T10:54:00.179+0300] {processor.py:153} INFO - Started process (PID=30681) to work on /home/pker/airflow_env/lib/python3.7/site-packages/airflow/example_dags/example_branch_labels.py
[2025-11-21T10:54:00.183+0300] {processor.py:743} INFO - Processing file /home/pker/airflow_env/lib/python3.7/site-packages/airflow/example_dags/example_branch_labels.py for tasks to queue
[2025-11-21T10:54:00.185+0300] {logging_mixin.py:137} INFO - [2025-11-21T10:54:00.185+0300] {dagbag.py:532} INFO - Filling up the DagBag from /home/pker/airflow_env/lib/python3.7/site-packages/airflow/example_dags/example_branch_labels.py
[2025-11-21T10:54:00.214+0300] {processor.py:753} INFO - DAG(s) dict_keys(['example_branch_labels']) retrieved from /home/pker/airflow_env/lib/python3.7/site-packages/airflow/example_dags/example_branch_labels.py
[2025-11-21T10:54:00.243+0300] {logging_mixin.py:137} INFO - [2025-11-21T10:54:00.243+0300] {dag.py:2705} INFO - Sync 1 DAGs
[2025-11-21T10:54:00.274+0300] {logging_mixin.py:137} INFO - [2025-11-21T10:54:00.274+0300] {dag.py:3456} INFO - Setting next_dagrun for example_branch_labels to 2025-11-20T00:00:00+00:00, run_after=2025-11-21T00:00:00+00:00
[2025-11-21T10:54:00.310+0300] {processor.py:175} INFO - Processing /home/pker/airflow_env/lib/python3.7/site-packages/airflow/example_dags/example_branch_labels.py took 0.137 seconds
[2025-11-21T10:54:47.813+0300] {processor.py:153} INFO - Started process (PID=30725) to work on /home/pker/airflow_env/lib/python3.7/site-packages/airflow/example_dags/example_branch_labels.py
[2025-11-21T10:54:47.836+0300] {processor.py:743} INFO - Processing file /home/pker/airflow_env/lib/python3.7/site-packages/airflow/example_dags/example_branch_labels.py for tasks to queue
[2025-11-21T10:54:47.838+0300] {logging_mixin.py:137} INFO - [2025-11-21T10:54:47.838+0300] {dagbag.py:532} INFO - Filling up the DagBag from /home/pker/airflow_env/lib/python3.7/site-packages/airflow/example_dags/example_branch_labels.py
[2025-11-21T10:54:47.876+0300] {processor.py:753} INFO - DAG(s) dict_keys(['example_branch_labels']) retrieved from /home/pker/airflow_env/lib/python3.7/site-packages/airflow/example_dags/example_branch_labels.py
[2025-11-21T10:54:47.910+0300] {logging_mixin.py:137} INFO - [2025-11-21T10:54:47.910+0300] {dag.py:2705} INFO - Sync 1 DAGs
[2025-11-21T10:54:47.943+0300] {logging_mixin.py:137} INFO - [2025-11-21T10:54:47.943+0300] {dag.py:3456} INFO - Setting next_dagrun for example_branch_labels to 2025-11-20T00:00:00+00:00, run_after=2025-11-21T00:00:00+00:00
[2025-11-21T10:54:48.007+0300] {processor.py:175} INFO - Processing /home/pker/airflow_env/lib/python3.7/site-packages/airflow/example_dags/example_branch_labels.py took 0.201 seconds
[2025-11-21T10:55:34.559+0300] {processor.py:153} INFO - Started process (PID=30775) to work on /home/pker/airflow_env/lib/python3.7/site-packages/airflow/example_dags/example_branch_labels.py
[2025-11-21T10:55:34.566+0300] {processor.py:743} INFO - Processing file /home/pker/airflow_env/lib/python3.7/site-packages/airflow/example_dags/example_branch_labels.py for tasks to queue
[2025-11-21T10:55:34.568+0300] {logging_mixin.py:137} INFO - [2025-11-21T10:55:34.568+0300] {dagbag.py:532} INFO - Filling up the DagBag from /home/pker/airflow_env/lib/python3.7/site-packages/airflow/example_dags/example_branch_labels.py
[2025-11-21T10:55:34.601+0300] {processor.py:753} INFO - DAG(s) dict_keys(['example_branch_labels']) retrieved from /home/pker/airflow_env/lib/python3.7/site-packages/airflow/example_dags/example_branch_labels.py
[2025-11-21T10:55:34.645+0300] {logging_mixin.py:137} INFO - [2025-11-21T10:55:34.644+0300] {dag.py:2705} INFO - Sync 1 DAGs
[2025-11-21T10:55:34.679+0300] {logging_mixin.py:137} INFO - [2025-11-21T10:55:34.679+0300] {dag.py:3456} INFO - Setting next_dagrun for example_branch_labels to 2025-11-20T00:00:00+00:00, run_after=2025-11-21T00:00:00+00:00
[2025-11-21T10:55:34.741+0300] {processor.py:175} INFO - Processing /home/pker/airflow_env/lib/python3.7/site-packages/airflow/example_dags/example_branch_labels.py took 0.190 seconds
[2025-11-21T10:56:23.196+0300] {processor.py:153} INFO - Started process (PID=30819) to work on /home/pker/airflow_env/lib/python3.7/site-packages/airflow/example_dags/example_branch_labels.py
[2025-11-21T10:56:23.201+0300] {processor.py:743} INFO - Processing file /home/pker/airflow_env/lib/python3.7/site-packages/airflow/example_dags/example_branch_labels.py for tasks to queue
[2025-11-21T10:56:23.202+0300] {logging_mixin.py:137} INFO - [2025-11-21T10:56:23.202+0300] {dagbag.py:532} INFO - Filling up the DagBag from /home/pker/airflow_env/lib/python3.7/site-packages/airflow/example_dags/example_branch_labels.py
[2025-11-21T10:56:23.241+0300] {processor.py:753} INFO - DAG(s) dict_keys(['example_branch_labels']) retrieved from /home/pker/airflow_env/lib/python3.7/site-packages/airflow/example_dags/example_branch_labels.py
[2025-11-21T10:56:23.269+0300] {logging_mixin.py:137} INFO - [2025-11-21T10:56:23.269+0300] {dag.py:2705} INFO - Sync 1 DAGs
[2025-11-21T10:56:23.299+0300] {logging_mixin.py:137} INFO - [2025-11-21T10:56:23.299+0300] {dag.py:3456} INFO - Setting next_dagrun for example_branch_labels to 2025-11-20T00:00:00+00:00, run_after=2025-11-21T00:00:00+00:00
[2025-11-21T10:56:23.337+0300] {processor.py:175} INFO - Processing /home/pker/airflow_env/lib/python3.7/site-packages/airflow/example_dags/example_branch_labels.py took 0.157 seconds
[2025-11-21T10:57:13.499+0300] {processor.py:153} INFO - Started process (PID=30863) to work on /home/pker/airflow_env/lib/python3.7/site-packages/airflow/example_dags/example_branch_labels.py
[2025-11-21T10:57:13.514+0300] {processor.py:743} INFO - Processing file /home/pker/airflow_env/lib/python3.7/site-packages/airflow/example_dags/example_branch_labels.py for tasks to queue
[2025-11-21T10:57:13.515+0300] {logging_mixin.py:137} INFO - [2025-11-21T10:57:13.515+0300] {dagbag.py:532} INFO - Filling up the DagBag from /home/pker/airflow_env/lib/python3.7/site-packages/airflow/example_dags/example_branch_labels.py
[2025-11-21T10:57:13.547+0300] {processor.py:753} INFO - DAG(s) dict_keys(['example_branch_labels']) retrieved from /home/pker/airflow_env/lib/python3.7/site-packages/airflow/example_dags/example_branch_labels.py
[2025-11-21T10:57:13.582+0300] {logging_mixin.py:137} INFO - [2025-11-21T10:57:13.582+0300] {dag.py:2705} INFO - Sync 1 DAGs
[2025-11-21T10:57:13.610+0300] {logging_mixin.py:137} INFO - [2025-11-21T10:57:13.610+0300] {dag.py:3456} INFO - Setting next_dagrun for example_branch_labels to 2025-11-20T00:00:00+00:00, run_after=2025-11-21T00:00:00+00:00
[2025-11-21T10:57:13.671+0300] {processor.py:175} INFO - Processing /home/pker/airflow_env/lib/python3.7/site-packages/airflow/example_dags/example_branch_labels.py took 0.179 seconds
[2025-11-21T10:58:01.053+0300] {processor.py:153} INFO - Started process (PID=30907) to work on /home/pker/airflow_env/lib/python3.7/site-packages/airflow/example_dags/example_branch_labels.py
[2025-11-21T10:58:01.077+0300] {processor.py:743} INFO - Processing file /home/pker/airflow_env/lib/python3.7/site-packages/airflow/example_dags/example_branch_labels.py for tasks to queue
[2025-11-21T10:58:01.079+0300] {logging_mixin.py:137} INFO - [2025-11-21T10:58:01.079+0300] {dagbag.py:532} INFO - Filling up the DagBag from /home/pker/airflow_env/lib/python3.7/site-packages/airflow/example_dags/example_branch_labels.py
[2025-11-21T10:58:01.123+0300] {processor.py:753} INFO - DAG(s) dict_keys(['example_branch_labels']) retrieved from /home/pker/airflow_env/lib/python3.7/site-packages/airflow/example_dags/example_branch_labels.py
[2025-11-21T10:58:01.173+0300] {logging_mixin.py:137} INFO - [2025-11-21T10:58:01.172+0300] {dag.py:2705} INFO - Sync 1 DAGs
[2025-11-21T10:58:01.224+0300] {logging_mixin.py:137} INFO - [2025-11-21T10:58:01.224+0300] {dag.py:3456} INFO - Setting next_dagrun for example_branch_labels to 2025-11-20T00:00:00+00:00, run_after=2025-11-21T00:00:00+00:00
[2025-11-21T10:58:01.261+0300] {processor.py:175} INFO - Processing /home/pker/airflow_env/lib/python3.7/site-packages/airflow/example_dags/example_branch_labels.py took 0.214 seconds
[2025-11-21T10:58:50.724+0300] {processor.py:153} INFO - Started process (PID=30968) to work on /home/pker/airflow_env/lib/python3.7/site-packages/airflow/example_dags/example_branch_labels.py
[2025-11-21T10:58:50.727+0300] {processor.py:743} INFO - Processing file /home/pker/airflow_env/lib/python3.7/site-packages/airflow/example_dags/example_branch_labels.py for tasks to queue
[2025-11-21T10:58:50.728+0300] {logging_mixin.py:137} INFO - [2025-11-21T10:58:50.728+0300] {dagbag.py:532} INFO - Filling up the DagBag from /home/pker/airflow_env/lib/python3.7/site-packages/airflow/example_dags/example_branch_labels.py
[2025-11-21T10:58:50.759+0300] {processor.py:753} INFO - DAG(s) dict_keys(['example_branch_labels']) retrieved from /home/pker/airflow_env/lib/python3.7/site-packages/airflow/example_dags/example_branch_labels.py
[2025-11-21T10:58:50.792+0300] {logging_mixin.py:137} INFO - [2025-11-21T10:58:50.791+0300] {dag.py:2705} INFO - Sync 1 DAGs
[2025-11-21T10:58:50.834+0300] {logging_mixin.py:137} INFO - [2025-11-21T10:58:50.834+0300] {dag.py:3456} INFO - Setting next_dagrun for example_branch_labels to 2025-11-20T00:00:00+00:00, run_after=2025-11-21T00:00:00+00:00
[2025-11-21T10:58:50.898+0300] {processor.py:175} INFO - Processing /home/pker/airflow_env/lib/python3.7/site-packages/airflow/example_dags/example_branch_labels.py took 0.180 seconds
[2025-11-21T10:59:37.411+0300] {processor.py:153} INFO - Started process (PID=31014) to work on /home/pker/airflow_env/lib/python3.7/site-packages/airflow/example_dags/example_branch_labels.py
[2025-11-21T10:59:37.434+0300] {processor.py:743} INFO - Processing file /home/pker/airflow_env/lib/python3.7/site-packages/airflow/example_dags/example_branch_labels.py for tasks to queue
[2025-11-21T10:59:37.437+0300] {logging_mixin.py:137} INFO - [2025-11-21T10:59:37.436+0300] {dagbag.py:532} INFO - Filling up the DagBag from /home/pker/airflow_env/lib/python3.7/site-packages/airflow/example_dags/example_branch_labels.py
[2025-11-21T10:59:37.475+0300] {processor.py:753} INFO - DAG(s) dict_keys(['example_branch_labels']) retrieved from /home/pker/airflow_env/lib/python3.7/site-packages/airflow/example_dags/example_branch_labels.py
[2025-11-21T10:59:37.535+0300] {logging_mixin.py:137} INFO - [2025-11-21T10:59:37.535+0300] {dag.py:2705} INFO - Sync 1 DAGs
[2025-11-21T10:59:37.585+0300] {logging_mixin.py:137} INFO - [2025-11-21T10:59:37.585+0300] {dag.py:3456} INFO - Setting next_dagrun for example_branch_labels to 2025-11-20T00:00:00+00:00, run_after=2025-11-21T00:00:00+00:00
[2025-11-21T10:59:37.645+0300] {processor.py:175} INFO - Processing /home/pker/airflow_env/lib/python3.7/site-packages/airflow/example_dags/example_branch_labels.py took 0.242 seconds
[2025-11-21T11:00:29.749+0300] {processor.py:153} INFO - Started process (PID=31070) to work on /home/pker/airflow_env/lib/python3.7/site-packages/airflow/example_dags/example_branch_labels.py
[2025-11-21T11:00:29.771+0300] {processor.py:743} INFO - Processing file /home/pker/airflow_env/lib/python3.7/site-packages/airflow/example_dags/example_branch_labels.py for tasks to queue
[2025-11-21T11:00:29.773+0300] {logging_mixin.py:137} INFO - [2025-11-21T11:00:29.773+0300] {dagbag.py:532} INFO - Filling up the DagBag from /home/pker/airflow_env/lib/python3.7/site-packages/airflow/example_dags/example_branch_labels.py
[2025-11-21T11:00:29.799+0300] {processor.py:753} INFO - DAG(s) dict_keys(['example_branch_labels']) retrieved from /home/pker/airflow_env/lib/python3.7/site-packages/airflow/example_dags/example_branch_labels.py
[2025-11-21T11:00:29.837+0300] {logging_mixin.py:137} INFO - [2025-11-21T11:00:29.836+0300] {dag.py:2705} INFO - Sync 1 DAGs
[2025-11-21T11:00:29.876+0300] {logging_mixin.py:137} INFO - [2025-11-21T11:00:29.876+0300] {dag.py:3456} INFO - Setting next_dagrun for example_branch_labels to 2025-11-20T00:00:00+00:00, run_after=2025-11-21T00:00:00+00:00
[2025-11-21T11:00:29.914+0300] {processor.py:175} INFO - Processing /home/pker/airflow_env/lib/python3.7/site-packages/airflow/example_dags/example_branch_labels.py took 0.173 seconds
[2025-11-21T11:01:18.131+0300] {processor.py:153} INFO - Started process (PID=31118) to work on /home/pker/airflow_env/lib/python3.7/site-packages/airflow/example_dags/example_branch_labels.py
[2025-11-21T11:01:18.156+0300] {processor.py:743} INFO - Processing file /home/pker/airflow_env/lib/python3.7/site-packages/airflow/example_dags/example_branch_labels.py for tasks to queue
[2025-11-21T11:01:18.158+0300] {logging_mixin.py:137} INFO - [2025-11-21T11:01:18.158+0300] {dagbag.py:532} INFO - Filling up the DagBag from /home/pker/airflow_env/lib/python3.7/site-packages/airflow/example_dags/example_branch_labels.py
[2025-11-21T11:01:18.194+0300] {processor.py:753} INFO - DAG(s) dict_keys(['example_branch_labels']) retrieved from /home/pker/airflow_env/lib/python3.7/site-packages/airflow/example_dags/example_branch_labels.py
[2025-11-21T11:01:18.232+0300] {logging_mixin.py:137} INFO - [2025-11-21T11:01:18.232+0300] {dag.py:2705} INFO - Sync 1 DAGs
[2025-11-21T11:01:18.263+0300] {logging_mixin.py:137} INFO - [2025-11-21T11:01:18.262+0300] {dag.py:3456} INFO - Setting next_dagrun for example_branch_labels to 2025-11-20T00:00:00+00:00, run_after=2025-11-21T00:00:00+00:00
[2025-11-21T11:01:18.320+0300] {processor.py:175} INFO - Processing /home/pker/airflow_env/lib/python3.7/site-packages/airflow/example_dags/example_branch_labels.py took 0.195 seconds
[2025-11-21T11:02:07.065+0300] {processor.py:153} INFO - Started process (PID=31164) to work on /home/pker/airflow_env/lib/python3.7/site-packages/airflow/example_dags/example_branch_labels.py
[2025-11-21T11:02:07.088+0300] {processor.py:743} INFO - Processing file /home/pker/airflow_env/lib/python3.7/site-packages/airflow/example_dags/example_branch_labels.py for tasks to queue
[2025-11-21T11:02:07.091+0300] {logging_mixin.py:137} INFO - [2025-11-21T11:02:07.090+0300] {dagbag.py:532} INFO - Filling up the DagBag from /home/pker/airflow_env/lib/python3.7/site-packages/airflow/example_dags/example_branch_labels.py
[2025-11-21T11:02:07.125+0300] {processor.py:753} INFO - DAG(s) dict_keys(['example_branch_labels']) retrieved from /home/pker/airflow_env/lib/python3.7/site-packages/airflow/example_dags/example_branch_labels.py
[2025-11-21T11:02:07.157+0300] {logging_mixin.py:137} INFO - [2025-11-21T11:02:07.156+0300] {dag.py:2705} INFO - Sync 1 DAGs
[2025-11-21T11:02:07.186+0300] {logging_mixin.py:137} INFO - [2025-11-21T11:02:07.186+0300] {dag.py:3456} INFO - Setting next_dagrun for example_branch_labels to 2025-11-20T00:00:00+00:00, run_after=2025-11-21T00:00:00+00:00
[2025-11-21T11:02:07.239+0300] {processor.py:175} INFO - Processing /home/pker/airflow_env/lib/python3.7/site-packages/airflow/example_dags/example_branch_labels.py took 0.182 seconds
[2025-11-21T11:02:53.558+0300] {processor.py:153} INFO - Started process (PID=31211) to work on /home/pker/airflow_env/lib/python3.7/site-packages/airflow/example_dags/example_branch_labels.py
[2025-11-21T11:02:53.580+0300] {processor.py:743} INFO - Processing file /home/pker/airflow_env/lib/python3.7/site-packages/airflow/example_dags/example_branch_labels.py for tasks to queue
[2025-11-21T11:02:53.581+0300] {logging_mixin.py:137} INFO - [2025-11-21T11:02:53.581+0300] {dagbag.py:532} INFO - Filling up the DagBag from /home/pker/airflow_env/lib/python3.7/site-packages/airflow/example_dags/example_branch_labels.py
[2025-11-21T11:02:53.613+0300] {processor.py:753} INFO - DAG(s) dict_keys(['example_branch_labels']) retrieved from /home/pker/airflow_env/lib/python3.7/site-packages/airflow/example_dags/example_branch_labels.py
[2025-11-21T11:02:53.647+0300] {logging_mixin.py:137} INFO - [2025-11-21T11:02:53.647+0300] {dag.py:2705} INFO - Sync 1 DAGs
[2025-11-21T11:02:53.693+0300] {logging_mixin.py:137} INFO - [2025-11-21T11:02:53.693+0300] {dag.py:3456} INFO - Setting next_dagrun for example_branch_labels to 2025-11-20T00:00:00+00:00, run_after=2025-11-21T00:00:00+00:00
[2025-11-21T11:02:53.747+0300] {processor.py:175} INFO - Processing /home/pker/airflow_env/lib/python3.7/site-packages/airflow/example_dags/example_branch_labels.py took 0.196 seconds
[2025-11-21T11:03:39.421+0300] {processor.py:153} INFO - Started process (PID=31253) to work on /home/pker/airflow_env/lib/python3.7/site-packages/airflow/example_dags/example_branch_labels.py
[2025-11-21T11:03:39.444+0300] {processor.py:743} INFO - Processing file /home/pker/airflow_env/lib/python3.7/site-packages/airflow/example_dags/example_branch_labels.py for tasks to queue
[2025-11-21T11:03:39.446+0300] {logging_mixin.py:137} INFO - [2025-11-21T11:03:39.446+0300] {dagbag.py:532} INFO - Filling up the DagBag from /home/pker/airflow_env/lib/python3.7/site-packages/airflow/example_dags/example_branch_labels.py
[2025-11-21T11:03:39.478+0300] {processor.py:753} INFO - DAG(s) dict_keys(['example_branch_labels']) retrieved from /home/pker/airflow_env/lib/python3.7/site-packages/airflow/example_dags/example_branch_labels.py
[2025-11-21T11:03:39.525+0300] {logging_mixin.py:137} INFO - [2025-11-21T11:03:39.525+0300] {dag.py:2705} INFO - Sync 1 DAGs
[2025-11-21T11:03:39.562+0300] {logging_mixin.py:137} INFO - [2025-11-21T11:03:39.562+0300] {dag.py:3456} INFO - Setting next_dagrun for example_branch_labels to 2025-11-20T00:00:00+00:00, run_after=2025-11-21T00:00:00+00:00
[2025-11-21T11:03:39.628+0300] {processor.py:175} INFO - Processing /home/pker/airflow_env/lib/python3.7/site-packages/airflow/example_dags/example_branch_labels.py took 0.213 seconds
[2025-11-21T11:04:26.905+0300] {processor.py:153} INFO - Started process (PID=31298) to work on /home/pker/airflow_env/lib/python3.7/site-packages/airflow/example_dags/example_branch_labels.py
[2025-11-21T11:04:26.928+0300] {processor.py:743} INFO - Processing file /home/pker/airflow_env/lib/python3.7/site-packages/airflow/example_dags/example_branch_labels.py for tasks to queue
[2025-11-21T11:04:26.930+0300] {logging_mixin.py:137} INFO - [2025-11-21T11:04:26.930+0300] {dagbag.py:532} INFO - Filling up the DagBag from /home/pker/airflow_env/lib/python3.7/site-packages/airflow/example_dags/example_branch_labels.py
[2025-11-21T11:04:26.967+0300] {processor.py:753} INFO - DAG(s) dict_keys(['example_branch_labels']) retrieved from /home/pker/airflow_env/lib/python3.7/site-packages/airflow/example_dags/example_branch_labels.py
[2025-11-21T11:04:27.009+0300] {logging_mixin.py:137} INFO - [2025-11-21T11:04:27.008+0300] {dag.py:2705} INFO - Sync 1 DAGs
[2025-11-21T11:04:27.041+0300] {logging_mixin.py:137} INFO - [2025-11-21T11:04:27.041+0300] {dag.py:3456} INFO - Setting next_dagrun for example_branch_labels to 2025-11-20T00:00:00+00:00, run_after=2025-11-21T00:00:00+00:00
[2025-11-21T11:04:27.095+0300] {processor.py:175} INFO - Processing /home/pker/airflow_env/lib/python3.7/site-packages/airflow/example_dags/example_branch_labels.py took 0.198 seconds
[2025-11-21T11:05:17.190+0300] {processor.py:153} INFO - Started process (PID=31345) to work on /home/pker/airflow_env/lib/python3.7/site-packages/airflow/example_dags/example_branch_labels.py
[2025-11-21T11:05:17.205+0300] {processor.py:743} INFO - Processing file /home/pker/airflow_env/lib/python3.7/site-packages/airflow/example_dags/example_branch_labels.py for tasks to queue
[2025-11-21T11:05:17.207+0300] {logging_mixin.py:137} INFO - [2025-11-21T11:05:17.207+0300] {dagbag.py:532} INFO - Filling up the DagBag from /home/pker/airflow_env/lib/python3.7/site-packages/airflow/example_dags/example_branch_labels.py
[2025-11-21T11:05:17.246+0300] {processor.py:753} INFO - DAG(s) dict_keys(['example_branch_labels']) retrieved from /home/pker/airflow_env/lib/python3.7/site-packages/airflow/example_dags/example_branch_labels.py
[2025-11-21T11:05:17.313+0300] {logging_mixin.py:137} INFO - [2025-11-21T11:05:17.313+0300] {dag.py:2705} INFO - Sync 1 DAGs
[2025-11-21T11:05:17.354+0300] {logging_mixin.py:137} INFO - [2025-11-21T11:05:17.354+0300] {dag.py:3456} INFO - Setting next_dagrun for example_branch_labels to 2025-11-20T00:00:00+00:00, run_after=2025-11-21T00:00:00+00:00
[2025-11-21T11:05:17.394+0300] {processor.py:175} INFO - Processing /home/pker/airflow_env/lib/python3.7/site-packages/airflow/example_dags/example_branch_labels.py took 0.214 seconds
[2025-11-21T11:06:04.910+0300] {processor.py:153} INFO - Started process (PID=31396) to work on /home/pker/airflow_env/lib/python3.7/site-packages/airflow/example_dags/example_branch_labels.py
[2025-11-21T11:06:04.934+0300] {processor.py:743} INFO - Processing file /home/pker/airflow_env/lib/python3.7/site-packages/airflow/example_dags/example_branch_labels.py for tasks to queue
[2025-11-21T11:06:04.936+0300] {logging_mixin.py:137} INFO - [2025-11-21T11:06:04.935+0300] {dagbag.py:532} INFO - Filling up the DagBag from /home/pker/airflow_env/lib/python3.7/site-packages/airflow/example_dags/example_branch_labels.py
[2025-11-21T11:06:04.972+0300] {processor.py:753} INFO - DAG(s) dict_keys(['example_branch_labels']) retrieved from /home/pker/airflow_env/lib/python3.7/site-packages/airflow/example_dags/example_branch_labels.py
[2025-11-21T11:06:05.003+0300] {logging_mixin.py:137} INFO - [2025-11-21T11:06:05.003+0300] {dag.py:2705} INFO - Sync 1 DAGs
[2025-11-21T11:06:05.030+0300] {logging_mixin.py:137} INFO - [2025-11-21T11:06:05.030+0300] {dag.py:3456} INFO - Setting next_dagrun for example_branch_labels to 2025-11-20T00:00:00+00:00, run_after=2025-11-21T00:00:00+00:00
[2025-11-21T11:06:05.063+0300] {processor.py:175} INFO - Processing /home/pker/airflow_env/lib/python3.7/site-packages/airflow/example_dags/example_branch_labels.py took 0.158 seconds
[2025-11-21T11:06:53.097+0300] {processor.py:153} INFO - Started process (PID=31444) to work on /home/pker/airflow_env/lib/python3.7/site-packages/airflow/example_dags/example_branch_labels.py
[2025-11-21T11:06:53.120+0300] {processor.py:743} INFO - Processing file /home/pker/airflow_env/lib/python3.7/site-packages/airflow/example_dags/example_branch_labels.py for tasks to queue
[2025-11-21T11:06:53.122+0300] {logging_mixin.py:137} INFO - [2025-11-21T11:06:53.122+0300] {dagbag.py:532} INFO - Filling up the DagBag from /home/pker/airflow_env/lib/python3.7/site-packages/airflow/example_dags/example_branch_labels.py
[2025-11-21T11:06:53.156+0300] {processor.py:753} INFO - DAG(s) dict_keys(['example_branch_labels']) retrieved from /home/pker/airflow_env/lib/python3.7/site-packages/airflow/example_dags/example_branch_labels.py
[2025-11-21T11:06:53.190+0300] {logging_mixin.py:137} INFO - [2025-11-21T11:06:53.190+0300] {dag.py:2705} INFO - Sync 1 DAGs
[2025-11-21T11:06:53.223+0300] {logging_mixin.py:137} INFO - [2025-11-21T11:06:53.223+0300] {dag.py:3456} INFO - Setting next_dagrun for example_branch_labels to 2025-11-20T00:00:00+00:00, run_after=2025-11-21T00:00:00+00:00
[2025-11-21T11:06:53.288+0300] {processor.py:175} INFO - Processing /home/pker/airflow_env/lib/python3.7/site-packages/airflow/example_dags/example_branch_labels.py took 0.199 seconds
[2025-11-21T11:07:40.674+0300] {processor.py:153} INFO - Started process (PID=31511) to work on /home/pker/airflow_env/lib/python3.7/site-packages/airflow/example_dags/example_branch_labels.py
[2025-11-21T11:07:40.697+0300] {processor.py:743} INFO - Processing file /home/pker/airflow_env/lib/python3.7/site-packages/airflow/example_dags/example_branch_labels.py for tasks to queue
[2025-11-21T11:07:40.699+0300] {logging_mixin.py:137} INFO - [2025-11-21T11:07:40.699+0300] {dagbag.py:532} INFO - Filling up the DagBag from /home/pker/airflow_env/lib/python3.7/site-packages/airflow/example_dags/example_branch_labels.py
[2025-11-21T11:07:40.729+0300] {processor.py:753} INFO - DAG(s) dict_keys(['example_branch_labels']) retrieved from /home/pker/airflow_env/lib/python3.7/site-packages/airflow/example_dags/example_branch_labels.py
[2025-11-21T11:07:40.761+0300] {logging_mixin.py:137} INFO - [2025-11-21T11:07:40.761+0300] {dag.py:2705} INFO - Sync 1 DAGs
[2025-11-21T11:07:40.795+0300] {logging_mixin.py:137} INFO - [2025-11-21T11:07:40.795+0300] {dag.py:3456} INFO - Setting next_dagrun for example_branch_labels to 2025-11-20T00:00:00+00:00, run_after=2025-11-21T00:00:00+00:00
[2025-11-21T11:07:40.828+0300] {processor.py:175} INFO - Processing /home/pker/airflow_env/lib/python3.7/site-packages/airflow/example_dags/example_branch_labels.py took 0.160 seconds
[2025-11-21T11:08:29.752+0300] {processor.py:153} INFO - Started process (PID=31561) to work on /home/pker/airflow_env/lib/python3.7/site-packages/airflow/example_dags/example_branch_labels.py
[2025-11-21T11:08:29.757+0300] {processor.py:743} INFO - Processing file /home/pker/airflow_env/lib/python3.7/site-packages/airflow/example_dags/example_branch_labels.py for tasks to queue
[2025-11-21T11:08:29.758+0300] {logging_mixin.py:137} INFO - [2025-11-21T11:08:29.758+0300] {dagbag.py:532} INFO - Filling up the DagBag from /home/pker/airflow_env/lib/python3.7/site-packages/airflow/example_dags/example_branch_labels.py
[2025-11-21T11:08:29.783+0300] {processor.py:753} INFO - DAG(s) dict_keys(['example_branch_labels']) retrieved from /home/pker/airflow_env/lib/python3.7/site-packages/airflow/example_dags/example_branch_labels.py
[2025-11-21T11:08:29.821+0300] {logging_mixin.py:137} INFO - [2025-11-21T11:08:29.821+0300] {dag.py:2705} INFO - Sync 1 DAGs
[2025-11-21T11:08:29.861+0300] {logging_mixin.py:137} INFO - [2025-11-21T11:08:29.861+0300] {dag.py:3456} INFO - Setting next_dagrun for example_branch_labels to 2025-11-20T00:00:00+00:00, run_after=2025-11-21T00:00:00+00:00
[2025-11-21T11:08:29.914+0300] {processor.py:175} INFO - Processing /home/pker/airflow_env/lib/python3.7/site-packages/airflow/example_dags/example_branch_labels.py took 0.168 seconds
