[2025-11-21T10:44:09.048+0300] {processor.py:153} INFO - Started process (PID=30093) to work on /home/pker/airflow_env/lib/python3.7/site-packages/airflow/example_dags/example_latest_only.py
[2025-11-21T10:44:09.049+0300] {processor.py:743} INFO - Processing file /home/pker/airflow_env/lib/python3.7/site-packages/airflow/example_dags/example_latest_only.py for tasks to queue
[2025-11-21T10:44:09.051+0300] {logging_mixin.py:137} INFO - [2025-11-21T10:44:09.051+0300] {dagbag.py:532} INFO - Filling up the DagBag from /home/pker/airflow_env/lib/python3.7/site-packages/airflow/example_dags/example_latest_only.py
[2025-11-21T10:44:09.101+0300] {processor.py:753} INFO - DAG(s) dict_keys(['latest_only']) retrieved from /home/pker/airflow_env/lib/python3.7/site-packages/airflow/example_dags/example_latest_only.py
[2025-11-21T10:44:09.288+0300] {logging_mixin.py:137} INFO - [2025-11-21T10:44:09.288+0300] {manager.py:504} INFO - Created Permission View: can delete on DAG:latest_only
[2025-11-21T10:44:09.310+0300] {logging_mixin.py:137} INFO - [2025-11-21T10:44:09.310+0300] {manager.py:504} INFO - Created Permission View: can read on DAG:latest_only
[2025-11-21T10:44:09.326+0300] {logging_mixin.py:137} INFO - [2025-11-21T10:44:09.325+0300] {manager.py:504} INFO - Created Permission View: can edit on DAG:latest_only
[2025-11-21T10:44:09.326+0300] {logging_mixin.py:137} INFO - [2025-11-21T10:44:09.326+0300] {dag.py:2705} INFO - Sync 1 DAGs
[2025-11-21T10:44:09.342+0300] {logging_mixin.py:137} INFO - [2025-11-21T10:44:09.342+0300] {dag.py:2726} INFO - Creating ORM DAG for latest_only
[2025-11-21T10:44:09.356+0300] {logging_mixin.py:137} INFO - [2025-11-21T10:44:09.356+0300] {dag.py:3456} INFO - Setting next_dagrun for latest_only to 2025-11-21T03:44:09.356023+00:00, run_after=2025-11-21T07:44:09.356023+00:00
[2025-11-21T10:44:09.390+0300] {processor.py:175} INFO - Processing /home/pker/airflow_env/lib/python3.7/site-packages/airflow/example_dags/example_latest_only.py took 0.350 seconds
[2025-11-21T10:44:58.475+0300] {processor.py:153} INFO - Started process (PID=30137) to work on /home/pker/airflow_env/lib/python3.7/site-packages/airflow/example_dags/example_latest_only.py
[2025-11-21T10:44:58.498+0300] {processor.py:743} INFO - Processing file /home/pker/airflow_env/lib/python3.7/site-packages/airflow/example_dags/example_latest_only.py for tasks to queue
[2025-11-21T10:44:58.500+0300] {logging_mixin.py:137} INFO - [2025-11-21T10:44:58.500+0300] {dagbag.py:532} INFO - Filling up the DagBag from /home/pker/airflow_env/lib/python3.7/site-packages/airflow/example_dags/example_latest_only.py
[2025-11-21T10:44:58.528+0300] {processor.py:753} INFO - DAG(s) dict_keys(['latest_only']) retrieved from /home/pker/airflow_env/lib/python3.7/site-packages/airflow/example_dags/example_latest_only.py
[2025-11-21T10:44:58.562+0300] {logging_mixin.py:137} INFO - [2025-11-21T10:44:58.562+0300] {dag.py:2705} INFO - Sync 1 DAGs
[2025-11-21T10:44:58.594+0300] {logging_mixin.py:137} INFO - [2025-11-21T10:44:58.594+0300] {dag.py:3456} INFO - Setting next_dagrun for latest_only to 2025-11-21T03:44:58.593939+00:00, run_after=2025-11-21T07:44:58.593939+00:00
[2025-11-21T10:44:58.642+0300] {processor.py:175} INFO - Processing /home/pker/airflow_env/lib/python3.7/site-packages/airflow/example_dags/example_latest_only.py took 0.172 seconds
[2025-11-21T10:45:48.546+0300] {processor.py:153} INFO - Started process (PID=30205) to work on /home/pker/airflow_env/lib/python3.7/site-packages/airflow/example_dags/example_latest_only.py
[2025-11-21T10:45:48.567+0300] {processor.py:743} INFO - Processing file /home/pker/airflow_env/lib/python3.7/site-packages/airflow/example_dags/example_latest_only.py for tasks to queue
[2025-11-21T10:45:48.569+0300] {logging_mixin.py:137} INFO - [2025-11-21T10:45:48.569+0300] {dagbag.py:532} INFO - Filling up the DagBag from /home/pker/airflow_env/lib/python3.7/site-packages/airflow/example_dags/example_latest_only.py
[2025-11-21T10:45:48.599+0300] {processor.py:753} INFO - DAG(s) dict_keys(['latest_only']) retrieved from /home/pker/airflow_env/lib/python3.7/site-packages/airflow/example_dags/example_latest_only.py
[2025-11-21T10:45:48.631+0300] {logging_mixin.py:137} INFO - [2025-11-21T10:45:48.631+0300] {dag.py:2705} INFO - Sync 1 DAGs
[2025-11-21T10:45:48.665+0300] {logging_mixin.py:137} INFO - [2025-11-21T10:45:48.665+0300] {dag.py:3456} INFO - Setting next_dagrun for latest_only to 2025-11-21T03:45:48.665295+00:00, run_after=2025-11-21T07:45:48.665295+00:00
[2025-11-21T10:45:48.710+0300] {processor.py:175} INFO - Processing /home/pker/airflow_env/lib/python3.7/site-packages/airflow/example_dags/example_latest_only.py took 0.171 seconds
[2025-11-21T10:46:36.681+0300] {processor.py:153} INFO - Started process (PID=30251) to work on /home/pker/airflow_env/lib/python3.7/site-packages/airflow/example_dags/example_latest_only.py
[2025-11-21T10:46:36.684+0300] {processor.py:743} INFO - Processing file /home/pker/airflow_env/lib/python3.7/site-packages/airflow/example_dags/example_latest_only.py for tasks to queue
[2025-11-21T10:46:36.685+0300] {logging_mixin.py:137} INFO - [2025-11-21T10:46:36.685+0300] {dagbag.py:532} INFO - Filling up the DagBag from /home/pker/airflow_env/lib/python3.7/site-packages/airflow/example_dags/example_latest_only.py
[2025-11-21T10:46:36.718+0300] {processor.py:753} INFO - DAG(s) dict_keys(['latest_only']) retrieved from /home/pker/airflow_env/lib/python3.7/site-packages/airflow/example_dags/example_latest_only.py
[2025-11-21T10:46:36.762+0300] {logging_mixin.py:137} INFO - [2025-11-21T10:46:36.761+0300] {dag.py:2705} INFO - Sync 1 DAGs
[2025-11-21T10:46:36.797+0300] {logging_mixin.py:137} INFO - [2025-11-21T10:46:36.796+0300] {dag.py:3456} INFO - Setting next_dagrun for latest_only to 2025-11-21T03:46:36.796683+00:00, run_after=2025-11-21T07:46:36.796683+00:00
[2025-11-21T10:46:36.860+0300] {processor.py:175} INFO - Processing /home/pker/airflow_env/lib/python3.7/site-packages/airflow/example_dags/example_latest_only.py took 0.185 seconds
[2025-11-21T10:47:23.038+0300] {processor.py:153} INFO - Started process (PID=30295) to work on /home/pker/airflow_env/lib/python3.7/site-packages/airflow/example_dags/example_latest_only.py
[2025-11-21T10:47:23.061+0300] {processor.py:743} INFO - Processing file /home/pker/airflow_env/lib/python3.7/site-packages/airflow/example_dags/example_latest_only.py for tasks to queue
[2025-11-21T10:47:23.063+0300] {logging_mixin.py:137} INFO - [2025-11-21T10:47:23.063+0300] {dagbag.py:532} INFO - Filling up the DagBag from /home/pker/airflow_env/lib/python3.7/site-packages/airflow/example_dags/example_latest_only.py
[2025-11-21T10:47:23.099+0300] {processor.py:753} INFO - DAG(s) dict_keys(['latest_only']) retrieved from /home/pker/airflow_env/lib/python3.7/site-packages/airflow/example_dags/example_latest_only.py
[2025-11-21T10:47:23.133+0300] {logging_mixin.py:137} INFO - [2025-11-21T10:47:23.132+0300] {dag.py:2705} INFO - Sync 1 DAGs
[2025-11-21T10:47:23.164+0300] {logging_mixin.py:137} INFO - [2025-11-21T10:47:23.164+0300] {dag.py:3456} INFO - Setting next_dagrun for latest_only to 2025-11-21T03:47:23.163816+00:00, run_after=2025-11-21T07:47:23.163816+00:00
[2025-11-21T10:47:23.211+0300] {processor.py:175} INFO - Processing /home/pker/airflow_env/lib/python3.7/site-packages/airflow/example_dags/example_latest_only.py took 0.185 seconds
[2025-11-21T10:48:11.881+0300] {processor.py:153} INFO - Started process (PID=30339) to work on /home/pker/airflow_env/lib/python3.7/site-packages/airflow/example_dags/example_latest_only.py
[2025-11-21T10:48:11.903+0300] {processor.py:743} INFO - Processing file /home/pker/airflow_env/lib/python3.7/site-packages/airflow/example_dags/example_latest_only.py for tasks to queue
[2025-11-21T10:48:11.905+0300] {logging_mixin.py:137} INFO - [2025-11-21T10:48:11.905+0300] {dagbag.py:532} INFO - Filling up the DagBag from /home/pker/airflow_env/lib/python3.7/site-packages/airflow/example_dags/example_latest_only.py
[2025-11-21T10:48:11.931+0300] {processor.py:753} INFO - DAG(s) dict_keys(['latest_only']) retrieved from /home/pker/airflow_env/lib/python3.7/site-packages/airflow/example_dags/example_latest_only.py
[2025-11-21T10:48:11.962+0300] {logging_mixin.py:137} INFO - [2025-11-21T10:48:11.961+0300] {dag.py:2705} INFO - Sync 1 DAGs
[2025-11-21T10:48:12.012+0300] {logging_mixin.py:137} INFO - [2025-11-21T10:48:12.012+0300] {dag.py:3456} INFO - Setting next_dagrun for latest_only to 2025-11-21T03:48:12.011684+00:00, run_after=2025-11-21T07:48:12.011684+00:00
[2025-11-21T10:48:12.084+0300] {processor.py:175} INFO - Processing /home/pker/airflow_env/lib/python3.7/site-packages/airflow/example_dags/example_latest_only.py took 0.210 seconds
[2025-11-21T10:48:59.196+0300] {processor.py:153} INFO - Started process (PID=30386) to work on /home/pker/airflow_env/lib/python3.7/site-packages/airflow/example_dags/example_latest_only.py
[2025-11-21T10:48:59.219+0300] {processor.py:743} INFO - Processing file /home/pker/airflow_env/lib/python3.7/site-packages/airflow/example_dags/example_latest_only.py for tasks to queue
[2025-11-21T10:48:59.222+0300] {logging_mixin.py:137} INFO - [2025-11-21T10:48:59.221+0300] {dagbag.py:532} INFO - Filling up the DagBag from /home/pker/airflow_env/lib/python3.7/site-packages/airflow/example_dags/example_latest_only.py
[2025-11-21T10:48:59.254+0300] {processor.py:753} INFO - DAG(s) dict_keys(['latest_only']) retrieved from /home/pker/airflow_env/lib/python3.7/site-packages/airflow/example_dags/example_latest_only.py
[2025-11-21T10:48:59.289+0300] {logging_mixin.py:137} INFO - [2025-11-21T10:48:59.289+0300] {dag.py:2705} INFO - Sync 1 DAGs
[2025-11-21T10:48:59.325+0300] {logging_mixin.py:137} INFO - [2025-11-21T10:48:59.325+0300] {dag.py:3456} INFO - Setting next_dagrun for latest_only to 2025-11-21T03:48:59.324613+00:00, run_after=2025-11-21T07:48:59.324613+00:00
[2025-11-21T10:48:59.389+0300] {processor.py:175} INFO - Processing /home/pker/airflow_env/lib/python3.7/site-packages/airflow/example_dags/example_latest_only.py took 0.198 seconds
[2025-11-21T10:49:46.683+0300] {processor.py:153} INFO - Started process (PID=30441) to work on /home/pker/airflow_env/lib/python3.7/site-packages/airflow/example_dags/example_latest_only.py
[2025-11-21T10:49:46.685+0300] {processor.py:743} INFO - Processing file /home/pker/airflow_env/lib/python3.7/site-packages/airflow/example_dags/example_latest_only.py for tasks to queue
[2025-11-21T10:49:46.687+0300] {logging_mixin.py:137} INFO - [2025-11-21T10:49:46.687+0300] {dagbag.py:532} INFO - Filling up the DagBag from /home/pker/airflow_env/lib/python3.7/site-packages/airflow/example_dags/example_latest_only.py
[2025-11-21T10:49:46.727+0300] {processor.py:753} INFO - DAG(s) dict_keys(['latest_only']) retrieved from /home/pker/airflow_env/lib/python3.7/site-packages/airflow/example_dags/example_latest_only.py
[2025-11-21T10:49:46.783+0300] {logging_mixin.py:137} INFO - [2025-11-21T10:49:46.783+0300] {dag.py:2705} INFO - Sync 1 DAGs
[2025-11-21T10:49:46.840+0300] {logging_mixin.py:137} INFO - [2025-11-21T10:49:46.839+0300] {dag.py:3456} INFO - Setting next_dagrun for latest_only to 2025-11-21T03:49:46.839351+00:00, run_after=2025-11-21T07:49:46.839351+00:00
[2025-11-21T10:49:46.898+0300] {processor.py:175} INFO - Processing /home/pker/airflow_env/lib/python3.7/site-packages/airflow/example_dags/example_latest_only.py took 0.225 seconds
[2025-11-21T10:50:35.390+0300] {processor.py:153} INFO - Started process (PID=30484) to work on /home/pker/airflow_env/lib/python3.7/site-packages/airflow/example_dags/example_latest_only.py
[2025-11-21T10:50:35.402+0300] {processor.py:743} INFO - Processing file /home/pker/airflow_env/lib/python3.7/site-packages/airflow/example_dags/example_latest_only.py for tasks to queue
[2025-11-21T10:50:35.404+0300] {logging_mixin.py:137} INFO - [2025-11-21T10:50:35.404+0300] {dagbag.py:532} INFO - Filling up the DagBag from /home/pker/airflow_env/lib/python3.7/site-packages/airflow/example_dags/example_latest_only.py
[2025-11-21T10:50:35.431+0300] {processor.py:753} INFO - DAG(s) dict_keys(['latest_only']) retrieved from /home/pker/airflow_env/lib/python3.7/site-packages/airflow/example_dags/example_latest_only.py
[2025-11-21T10:50:35.460+0300] {logging_mixin.py:137} INFO - [2025-11-21T10:50:35.460+0300] {dag.py:2705} INFO - Sync 1 DAGs
[2025-11-21T10:50:35.494+0300] {logging_mixin.py:137} INFO - [2025-11-21T10:50:35.494+0300] {dag.py:3456} INFO - Setting next_dagrun for latest_only to 2025-11-21T03:50:35.493656+00:00, run_after=2025-11-21T07:50:35.493656+00:00
[2025-11-21T10:50:35.557+0300] {processor.py:175} INFO - Processing /home/pker/airflow_env/lib/python3.7/site-packages/airflow/example_dags/example_latest_only.py took 0.174 seconds
[2025-11-21T10:51:19.927+0300] {processor.py:153} INFO - Started process (PID=30528) to work on /home/pker/airflow_env/lib/python3.7/site-packages/airflow/example_dags/example_latest_only.py
[2025-11-21T10:51:19.951+0300] {processor.py:743} INFO - Processing file /home/pker/airflow_env/lib/python3.7/site-packages/airflow/example_dags/example_latest_only.py for tasks to queue
[2025-11-21T10:51:19.953+0300] {logging_mixin.py:137} INFO - [2025-11-21T10:51:19.953+0300] {dagbag.py:532} INFO - Filling up the DagBag from /home/pker/airflow_env/lib/python3.7/site-packages/airflow/example_dags/example_latest_only.py
[2025-11-21T10:51:19.980+0300] {processor.py:753} INFO - DAG(s) dict_keys(['latest_only']) retrieved from /home/pker/airflow_env/lib/python3.7/site-packages/airflow/example_dags/example_latest_only.py
[2025-11-21T10:51:20.010+0300] {logging_mixin.py:137} INFO - [2025-11-21T10:51:20.009+0300] {dag.py:2705} INFO - Sync 1 DAGs
[2025-11-21T10:51:20.039+0300] {logging_mixin.py:137} INFO - [2025-11-21T10:51:20.038+0300] {dag.py:3456} INFO - Setting next_dagrun for latest_only to 2025-11-21T03:51:20.038602+00:00, run_after=2025-11-21T07:51:20.038602+00:00
[2025-11-21T10:51:20.069+0300] {processor.py:175} INFO - Processing /home/pker/airflow_env/lib/python3.7/site-packages/airflow/example_dags/example_latest_only.py took 0.147 seconds
[2025-11-21T10:52:07.277+0300] {processor.py:153} INFO - Started process (PID=30575) to work on /home/pker/airflow_env/lib/python3.7/site-packages/airflow/example_dags/example_latest_only.py
[2025-11-21T10:52:07.295+0300] {processor.py:743} INFO - Processing file /home/pker/airflow_env/lib/python3.7/site-packages/airflow/example_dags/example_latest_only.py for tasks to queue
[2025-11-21T10:52:07.298+0300] {logging_mixin.py:137} INFO - [2025-11-21T10:52:07.297+0300] {dagbag.py:532} INFO - Filling up the DagBag from /home/pker/airflow_env/lib/python3.7/site-packages/airflow/example_dags/example_latest_only.py
[2025-11-21T10:52:07.354+0300] {processor.py:753} INFO - DAG(s) dict_keys(['latest_only']) retrieved from /home/pker/airflow_env/lib/python3.7/site-packages/airflow/example_dags/example_latest_only.py
[2025-11-21T10:52:07.417+0300] {logging_mixin.py:137} INFO - [2025-11-21T10:52:07.417+0300] {dag.py:2705} INFO - Sync 1 DAGs
[2025-11-21T10:52:07.453+0300] {logging_mixin.py:137} INFO - [2025-11-21T10:52:07.452+0300] {dag.py:3456} INFO - Setting next_dagrun for latest_only to 2025-11-21T03:52:07.452457+00:00, run_after=2025-11-21T07:52:07.452457+00:00
[2025-11-21T10:52:07.485+0300] {processor.py:175} INFO - Processing /home/pker/airflow_env/lib/python3.7/site-packages/airflow/example_dags/example_latest_only.py took 0.223 seconds
[2025-11-21T10:52:51.132+0300] {processor.py:153} INFO - Started process (PID=30620) to work on /home/pker/airflow_env/lib/python3.7/site-packages/airflow/example_dags/example_latest_only.py
[2025-11-21T10:52:51.155+0300] {processor.py:743} INFO - Processing file /home/pker/airflow_env/lib/python3.7/site-packages/airflow/example_dags/example_latest_only.py for tasks to queue
[2025-11-21T10:52:51.156+0300] {logging_mixin.py:137} INFO - [2025-11-21T10:52:51.156+0300] {dagbag.py:532} INFO - Filling up the DagBag from /home/pker/airflow_env/lib/python3.7/site-packages/airflow/example_dags/example_latest_only.py
[2025-11-21T10:52:51.179+0300] {processor.py:753} INFO - DAG(s) dict_keys(['latest_only']) retrieved from /home/pker/airflow_env/lib/python3.7/site-packages/airflow/example_dags/example_latest_only.py
[2025-11-21T10:52:51.212+0300] {logging_mixin.py:137} INFO - [2025-11-21T10:52:51.212+0300] {dag.py:2705} INFO - Sync 1 DAGs
[2025-11-21T10:52:51.243+0300] {logging_mixin.py:137} INFO - [2025-11-21T10:52:51.243+0300] {dag.py:3456} INFO - Setting next_dagrun for latest_only to 2025-11-21T03:52:51.242732+00:00, run_after=2025-11-21T07:52:51.242732+00:00
[2025-11-21T10:52:51.281+0300] {processor.py:175} INFO - Processing /home/pker/airflow_env/lib/python3.7/site-packages/airflow/example_dags/example_latest_only.py took 0.153 seconds
[2025-11-21T10:53:41.520+0300] {processor.py:153} INFO - Started process (PID=30662) to work on /home/pker/airflow_env/lib/python3.7/site-packages/airflow/example_dags/example_latest_only.py
[2025-11-21T10:53:41.542+0300] {processor.py:743} INFO - Processing file /home/pker/airflow_env/lib/python3.7/site-packages/airflow/example_dags/example_latest_only.py for tasks to queue
[2025-11-21T10:53:41.545+0300] {logging_mixin.py:137} INFO - [2025-11-21T10:53:41.544+0300] {dagbag.py:532} INFO - Filling up the DagBag from /home/pker/airflow_env/lib/python3.7/site-packages/airflow/example_dags/example_latest_only.py
[2025-11-21T10:53:41.581+0300] {processor.py:753} INFO - DAG(s) dict_keys(['latest_only']) retrieved from /home/pker/airflow_env/lib/python3.7/site-packages/airflow/example_dags/example_latest_only.py
[2025-11-21T10:53:41.623+0300] {logging_mixin.py:137} INFO - [2025-11-21T10:53:41.623+0300] {dag.py:2705} INFO - Sync 1 DAGs
[2025-11-21T10:53:41.656+0300] {logging_mixin.py:137} INFO - [2025-11-21T10:53:41.656+0300] {dag.py:3456} INFO - Setting next_dagrun for latest_only to 2025-11-21T03:53:41.655736+00:00, run_after=2025-11-21T07:53:41.655736+00:00
[2025-11-21T10:53:41.713+0300] {processor.py:175} INFO - Processing /home/pker/airflow_env/lib/python3.7/site-packages/airflow/example_dags/example_latest_only.py took 0.202 seconds
[2025-11-21T10:54:28.084+0300] {processor.py:153} INFO - Started process (PID=30706) to work on /home/pker/airflow_env/lib/python3.7/site-packages/airflow/example_dags/example_latest_only.py
[2025-11-21T10:54:28.106+0300] {processor.py:743} INFO - Processing file /home/pker/airflow_env/lib/python3.7/site-packages/airflow/example_dags/example_latest_only.py for tasks to queue
[2025-11-21T10:54:28.108+0300] {logging_mixin.py:137} INFO - [2025-11-21T10:54:28.108+0300] {dagbag.py:532} INFO - Filling up the DagBag from /home/pker/airflow_env/lib/python3.7/site-packages/airflow/example_dags/example_latest_only.py
[2025-11-21T10:54:28.137+0300] {processor.py:753} INFO - DAG(s) dict_keys(['latest_only']) retrieved from /home/pker/airflow_env/lib/python3.7/site-packages/airflow/example_dags/example_latest_only.py
[2025-11-21T10:54:28.170+0300] {logging_mixin.py:137} INFO - [2025-11-21T10:54:28.170+0300] {dag.py:2705} INFO - Sync 1 DAGs
[2025-11-21T10:54:28.211+0300] {logging_mixin.py:137} INFO - [2025-11-21T10:54:28.211+0300] {dag.py:3456} INFO - Setting next_dagrun for latest_only to 2025-11-21T03:54:28.211212+00:00, run_after=2025-11-21T07:54:28.211212+00:00
[2025-11-21T10:54:28.284+0300] {processor.py:175} INFO - Processing /home/pker/airflow_env/lib/python3.7/site-packages/airflow/example_dags/example_latest_only.py took 0.210 seconds
[2025-11-21T10:55:15.802+0300] {processor.py:153} INFO - Started process (PID=30756) to work on /home/pker/airflow_env/lib/python3.7/site-packages/airflow/example_dags/example_latest_only.py
[2025-11-21T10:55:15.824+0300] {processor.py:743} INFO - Processing file /home/pker/airflow_env/lib/python3.7/site-packages/airflow/example_dags/example_latest_only.py for tasks to queue
[2025-11-21T10:55:15.826+0300] {logging_mixin.py:137} INFO - [2025-11-21T10:55:15.825+0300] {dagbag.py:532} INFO - Filling up the DagBag from /home/pker/airflow_env/lib/python3.7/site-packages/airflow/example_dags/example_latest_only.py
[2025-11-21T10:55:15.854+0300] {processor.py:753} INFO - DAG(s) dict_keys(['latest_only']) retrieved from /home/pker/airflow_env/lib/python3.7/site-packages/airflow/example_dags/example_latest_only.py
[2025-11-21T10:55:15.897+0300] {logging_mixin.py:137} INFO - [2025-11-21T10:55:15.897+0300] {dag.py:2705} INFO - Sync 1 DAGs
[2025-11-21T10:55:15.951+0300] {logging_mixin.py:137} INFO - [2025-11-21T10:55:15.950+0300] {dag.py:3456} INFO - Setting next_dagrun for latest_only to 2025-11-21T03:55:15.950195+00:00, run_after=2025-11-21T07:55:15.950195+00:00
[2025-11-21T10:55:16.005+0300] {processor.py:175} INFO - Processing /home/pker/airflow_env/lib/python3.7/site-packages/airflow/example_dags/example_latest_only.py took 0.211 seconds
[2025-11-21T10:56:04.708+0300] {processor.py:153} INFO - Started process (PID=30802) to work on /home/pker/airflow_env/lib/python3.7/site-packages/airflow/example_dags/example_latest_only.py
[2025-11-21T10:56:04.731+0300] {processor.py:743} INFO - Processing file /home/pker/airflow_env/lib/python3.7/site-packages/airflow/example_dags/example_latest_only.py for tasks to queue
[2025-11-21T10:56:04.733+0300] {logging_mixin.py:137} INFO - [2025-11-21T10:56:04.733+0300] {dagbag.py:532} INFO - Filling up the DagBag from /home/pker/airflow_env/lib/python3.7/site-packages/airflow/example_dags/example_latest_only.py
[2025-11-21T10:56:04.775+0300] {processor.py:753} INFO - DAG(s) dict_keys(['latest_only']) retrieved from /home/pker/airflow_env/lib/python3.7/site-packages/airflow/example_dags/example_latest_only.py
[2025-11-21T10:56:04.806+0300] {logging_mixin.py:137} INFO - [2025-11-21T10:56:04.806+0300] {dag.py:2705} INFO - Sync 1 DAGs
[2025-11-21T10:56:04.837+0300] {logging_mixin.py:137} INFO - [2025-11-21T10:56:04.837+0300] {dag.py:3456} INFO - Setting next_dagrun for latest_only to 2025-11-21T03:56:04.837191+00:00, run_after=2025-11-21T07:56:04.837191+00:00
[2025-11-21T10:56:04.873+0300] {processor.py:175} INFO - Processing /home/pker/airflow_env/lib/python3.7/site-packages/airflow/example_dags/example_latest_only.py took 0.171 seconds
[2025-11-21T10:56:51.366+0300] {processor.py:153} INFO - Started process (PID=30846) to work on /home/pker/airflow_env/lib/python3.7/site-packages/airflow/example_dags/example_latest_only.py
[2025-11-21T10:56:51.368+0300] {processor.py:743} INFO - Processing file /home/pker/airflow_env/lib/python3.7/site-packages/airflow/example_dags/example_latest_only.py for tasks to queue
[2025-11-21T10:56:51.369+0300] {logging_mixin.py:137} INFO - [2025-11-21T10:56:51.369+0300] {dagbag.py:532} INFO - Filling up the DagBag from /home/pker/airflow_env/lib/python3.7/site-packages/airflow/example_dags/example_latest_only.py
[2025-11-21T10:56:51.390+0300] {processor.py:753} INFO - DAG(s) dict_keys(['latest_only']) retrieved from /home/pker/airflow_env/lib/python3.7/site-packages/airflow/example_dags/example_latest_only.py
[2025-11-21T10:56:51.422+0300] {logging_mixin.py:137} INFO - [2025-11-21T10:56:51.422+0300] {dag.py:2705} INFO - Sync 1 DAGs
[2025-11-21T10:56:51.463+0300] {logging_mixin.py:137} INFO - [2025-11-21T10:56:51.463+0300] {dag.py:3456} INFO - Setting next_dagrun for latest_only to 2025-11-21T03:56:51.462775+00:00, run_after=2025-11-21T07:56:51.462775+00:00
[2025-11-21T10:56:51.527+0300] {processor.py:175} INFO - Processing /home/pker/airflow_env/lib/python3.7/site-packages/airflow/example_dags/example_latest_only.py took 0.165 seconds
[2025-11-21T10:57:41.367+0300] {processor.py:153} INFO - Started process (PID=30888) to work on /home/pker/airflow_env/lib/python3.7/site-packages/airflow/example_dags/example_latest_only.py
[2025-11-21T10:57:41.376+0300] {processor.py:743} INFO - Processing file /home/pker/airflow_env/lib/python3.7/site-packages/airflow/example_dags/example_latest_only.py for tasks to queue
[2025-11-21T10:57:41.378+0300] {logging_mixin.py:137} INFO - [2025-11-21T10:57:41.378+0300] {dagbag.py:532} INFO - Filling up the DagBag from /home/pker/airflow_env/lib/python3.7/site-packages/airflow/example_dags/example_latest_only.py
[2025-11-21T10:57:41.404+0300] {processor.py:753} INFO - DAG(s) dict_keys(['latest_only']) retrieved from /home/pker/airflow_env/lib/python3.7/site-packages/airflow/example_dags/example_latest_only.py
[2025-11-21T10:57:41.438+0300] {logging_mixin.py:137} INFO - [2025-11-21T10:57:41.438+0300] {dag.py:2705} INFO - Sync 1 DAGs
[2025-11-21T10:57:41.473+0300] {logging_mixin.py:137} INFO - [2025-11-21T10:57:41.473+0300] {dag.py:3456} INFO - Setting next_dagrun for latest_only to 2025-11-21T03:57:41.472962+00:00, run_after=2025-11-21T07:57:41.472962+00:00
[2025-11-21T10:57:41.523+0300] {processor.py:175} INFO - Processing /home/pker/airflow_env/lib/python3.7/site-packages/airflow/example_dags/example_latest_only.py took 0.163 seconds
[2025-11-21T10:58:27.998+0300] {processor.py:153} INFO - Started process (PID=30936) to work on /home/pker/airflow_env/lib/python3.7/site-packages/airflow/example_dags/example_latest_only.py
[2025-11-21T10:58:28.021+0300] {processor.py:743} INFO - Processing file /home/pker/airflow_env/lib/python3.7/site-packages/airflow/example_dags/example_latest_only.py for tasks to queue
[2025-11-21T10:58:28.024+0300] {logging_mixin.py:137} INFO - [2025-11-21T10:58:28.023+0300] {dagbag.py:532} INFO - Filling up the DagBag from /home/pker/airflow_env/lib/python3.7/site-packages/airflow/example_dags/example_latest_only.py
[2025-11-21T10:58:28.050+0300] {processor.py:753} INFO - DAG(s) dict_keys(['latest_only']) retrieved from /home/pker/airflow_env/lib/python3.7/site-packages/airflow/example_dags/example_latest_only.py
[2025-11-21T10:58:28.085+0300] {logging_mixin.py:137} INFO - [2025-11-21T10:58:28.085+0300] {dag.py:2705} INFO - Sync 1 DAGs
[2025-11-21T10:58:28.126+0300] {logging_mixin.py:137} INFO - [2025-11-21T10:58:28.125+0300] {dag.py:3456} INFO - Setting next_dagrun for latest_only to 2025-11-21T03:58:28.125426+00:00, run_after=2025-11-21T07:58:28.125426+00:00
[2025-11-21T10:58:28.164+0300] {processor.py:175} INFO - Processing /home/pker/airflow_env/lib/python3.7/site-packages/airflow/example_dags/example_latest_only.py took 0.180 seconds
[2025-11-21T10:59:18.028+0300] {processor.py:153} INFO - Started process (PID=30997) to work on /home/pker/airflow_env/lib/python3.7/site-packages/airflow/example_dags/example_latest_only.py
[2025-11-21T10:59:18.050+0300] {processor.py:743} INFO - Processing file /home/pker/airflow_env/lib/python3.7/site-packages/airflow/example_dags/example_latest_only.py for tasks to queue
[2025-11-21T10:59:18.052+0300] {logging_mixin.py:137} INFO - [2025-11-21T10:59:18.052+0300] {dagbag.py:532} INFO - Filling up the DagBag from /home/pker/airflow_env/lib/python3.7/site-packages/airflow/example_dags/example_latest_only.py
[2025-11-21T10:59:18.086+0300] {processor.py:753} INFO - DAG(s) dict_keys(['latest_only']) retrieved from /home/pker/airflow_env/lib/python3.7/site-packages/airflow/example_dags/example_latest_only.py
[2025-11-21T10:59:18.128+0300] {logging_mixin.py:137} INFO - [2025-11-21T10:59:18.127+0300] {dag.py:2705} INFO - Sync 1 DAGs
[2025-11-21T10:59:18.161+0300] {logging_mixin.py:137} INFO - [2025-11-21T10:59:18.161+0300] {dag.py:3456} INFO - Setting next_dagrun for latest_only to 2025-11-21T03:59:18.161015+00:00, run_after=2025-11-21T07:59:18.161015+00:00
[2025-11-21T10:59:18.199+0300] {processor.py:175} INFO - Processing /home/pker/airflow_env/lib/python3.7/site-packages/airflow/example_dags/example_latest_only.py took 0.178 seconds
[2025-11-21T11:00:06.576+0300] {processor.py:153} INFO - Started process (PID=31044) to work on /home/pker/airflow_env/lib/python3.7/site-packages/airflow/example_dags/example_latest_only.py
[2025-11-21T11:00:06.599+0300] {processor.py:743} INFO - Processing file /home/pker/airflow_env/lib/python3.7/site-packages/airflow/example_dags/example_latest_only.py for tasks to queue
[2025-11-21T11:00:06.602+0300] {logging_mixin.py:137} INFO - [2025-11-21T11:00:06.601+0300] {dagbag.py:532} INFO - Filling up the DagBag from /home/pker/airflow_env/lib/python3.7/site-packages/airflow/example_dags/example_latest_only.py
[2025-11-21T11:00:06.630+0300] {processor.py:753} INFO - DAG(s) dict_keys(['latest_only']) retrieved from /home/pker/airflow_env/lib/python3.7/site-packages/airflow/example_dags/example_latest_only.py
[2025-11-21T11:00:06.663+0300] {logging_mixin.py:137} INFO - [2025-11-21T11:00:06.663+0300] {dag.py:2705} INFO - Sync 1 DAGs
[2025-11-21T11:00:06.698+0300] {logging_mixin.py:137} INFO - [2025-11-21T11:00:06.698+0300] {dag.py:3456} INFO - Setting next_dagrun for latest_only to 2025-11-21T04:00:06.697713+00:00, run_after=2025-11-21T08:00:06.697713+00:00
[2025-11-21T11:00:06.756+0300] {processor.py:175} INFO - Processing /home/pker/airflow_env/lib/python3.7/site-packages/airflow/example_dags/example_latest_only.py took 0.186 seconds
[2025-11-21T11:00:59.167+0300] {processor.py:153} INFO - Started process (PID=31101) to work on /home/pker/airflow_env/lib/python3.7/site-packages/airflow/example_dags/example_latest_only.py
[2025-11-21T11:00:59.170+0300] {processor.py:743} INFO - Processing file /home/pker/airflow_env/lib/python3.7/site-packages/airflow/example_dags/example_latest_only.py for tasks to queue
[2025-11-21T11:00:59.171+0300] {logging_mixin.py:137} INFO - [2025-11-21T11:00:59.171+0300] {dagbag.py:532} INFO - Filling up the DagBag from /home/pker/airflow_env/lib/python3.7/site-packages/airflow/example_dags/example_latest_only.py
[2025-11-21T11:00:59.201+0300] {processor.py:753} INFO - DAG(s) dict_keys(['latest_only']) retrieved from /home/pker/airflow_env/lib/python3.7/site-packages/airflow/example_dags/example_latest_only.py
[2025-11-21T11:00:59.241+0300] {logging_mixin.py:137} INFO - [2025-11-21T11:00:59.240+0300] {dag.py:2705} INFO - Sync 1 DAGs
[2025-11-21T11:00:59.284+0300] {logging_mixin.py:137} INFO - [2025-11-21T11:00:59.283+0300] {dag.py:3456} INFO - Setting next_dagrun for latest_only to 2025-11-21T04:00:59.283365+00:00, run_after=2025-11-21T08:00:59.283365+00:00
[2025-11-21T11:00:59.324+0300] {processor.py:175} INFO - Processing /home/pker/airflow_env/lib/python3.7/site-packages/airflow/example_dags/example_latest_only.py took 0.163 seconds
[2025-11-21T11:01:47.797+0300] {processor.py:153} INFO - Started process (PID=31147) to work on /home/pker/airflow_env/lib/python3.7/site-packages/airflow/example_dags/example_latest_only.py
[2025-11-21T11:01:47.800+0300] {processor.py:743} INFO - Processing file /home/pker/airflow_env/lib/python3.7/site-packages/airflow/example_dags/example_latest_only.py for tasks to queue
[2025-11-21T11:01:47.801+0300] {logging_mixin.py:137} INFO - [2025-11-21T11:01:47.801+0300] {dagbag.py:532} INFO - Filling up the DagBag from /home/pker/airflow_env/lib/python3.7/site-packages/airflow/example_dags/example_latest_only.py
[2025-11-21T11:01:47.819+0300] {processor.py:753} INFO - DAG(s) dict_keys(['latest_only']) retrieved from /home/pker/airflow_env/lib/python3.7/site-packages/airflow/example_dags/example_latest_only.py
[2025-11-21T11:01:47.846+0300] {logging_mixin.py:137} INFO - [2025-11-21T11:01:47.846+0300] {dag.py:2705} INFO - Sync 1 DAGs
[2025-11-21T11:01:47.883+0300] {logging_mixin.py:137} INFO - [2025-11-21T11:01:47.882+0300] {dag.py:3456} INFO - Setting next_dagrun for latest_only to 2025-11-21T04:01:47.882359+00:00, run_after=2025-11-21T08:01:47.882359+00:00
[2025-11-21T11:01:47.919+0300] {processor.py:175} INFO - Processing /home/pker/airflow_env/lib/python3.7/site-packages/airflow/example_dags/example_latest_only.py took 0.129 seconds
[2025-11-21T11:02:35.237+0300] {processor.py:153} INFO - Started process (PID=31191) to work on /home/pker/airflow_env/lib/python3.7/site-packages/airflow/example_dags/example_latest_only.py
[2025-11-21T11:02:35.259+0300] {processor.py:743} INFO - Processing file /home/pker/airflow_env/lib/python3.7/site-packages/airflow/example_dags/example_latest_only.py for tasks to queue
[2025-11-21T11:02:35.262+0300] {logging_mixin.py:137} INFO - [2025-11-21T11:02:35.261+0300] {dagbag.py:532} INFO - Filling up the DagBag from /home/pker/airflow_env/lib/python3.7/site-packages/airflow/example_dags/example_latest_only.py
[2025-11-21T11:02:35.288+0300] {processor.py:753} INFO - DAG(s) dict_keys(['latest_only']) retrieved from /home/pker/airflow_env/lib/python3.7/site-packages/airflow/example_dags/example_latest_only.py
[2025-11-21T11:02:35.318+0300] {logging_mixin.py:137} INFO - [2025-11-21T11:02:35.318+0300] {dag.py:2705} INFO - Sync 1 DAGs
[2025-11-21T11:02:35.353+0300] {logging_mixin.py:137} INFO - [2025-11-21T11:02:35.352+0300] {dag.py:3456} INFO - Setting next_dagrun for latest_only to 2025-11-21T04:02:35.352261+00:00, run_after=2025-11-21T08:02:35.352261+00:00
[2025-11-21T11:02:35.393+0300] {processor.py:175} INFO - Processing /home/pker/airflow_env/lib/python3.7/site-packages/airflow/example_dags/example_latest_only.py took 0.161 seconds
[2025-11-21T11:03:20.266+0300] {processor.py:153} INFO - Started process (PID=31236) to work on /home/pker/airflow_env/lib/python3.7/site-packages/airflow/example_dags/example_latest_only.py
[2025-11-21T11:03:20.287+0300] {processor.py:743} INFO - Processing file /home/pker/airflow_env/lib/python3.7/site-packages/airflow/example_dags/example_latest_only.py for tasks to queue
[2025-11-21T11:03:20.289+0300] {logging_mixin.py:137} INFO - [2025-11-21T11:03:20.289+0300] {dagbag.py:532} INFO - Filling up the DagBag from /home/pker/airflow_env/lib/python3.7/site-packages/airflow/example_dags/example_latest_only.py
[2025-11-21T11:03:20.323+0300] {processor.py:753} INFO - DAG(s) dict_keys(['latest_only']) retrieved from /home/pker/airflow_env/lib/python3.7/site-packages/airflow/example_dags/example_latest_only.py
[2025-11-21T11:03:20.355+0300] {logging_mixin.py:137} INFO - [2025-11-21T11:03:20.355+0300] {dag.py:2705} INFO - Sync 1 DAGs
[2025-11-21T11:03:20.385+0300] {logging_mixin.py:137} INFO - [2025-11-21T11:03:20.385+0300] {dag.py:3456} INFO - Setting next_dagrun for latest_only to 2025-11-21T04:03:20.385051+00:00, run_after=2025-11-21T08:03:20.385051+00:00
[2025-11-21T11:03:20.435+0300] {processor.py:175} INFO - Processing /home/pker/airflow_env/lib/python3.7/site-packages/airflow/example_dags/example_latest_only.py took 0.175 seconds
[2025-11-21T11:04:09.096+0300] {processor.py:153} INFO - Started process (PID=31281) to work on /home/pker/airflow_env/lib/python3.7/site-packages/airflow/example_dags/example_latest_only.py
[2025-11-21T11:04:09.100+0300] {processor.py:743} INFO - Processing file /home/pker/airflow_env/lib/python3.7/site-packages/airflow/example_dags/example_latest_only.py for tasks to queue
[2025-11-21T11:04:09.102+0300] {logging_mixin.py:137} INFO - [2025-11-21T11:04:09.101+0300] {dagbag.py:532} INFO - Filling up the DagBag from /home/pker/airflow_env/lib/python3.7/site-packages/airflow/example_dags/example_latest_only.py
[2025-11-21T11:04:09.127+0300] {processor.py:753} INFO - DAG(s) dict_keys(['latest_only']) retrieved from /home/pker/airflow_env/lib/python3.7/site-packages/airflow/example_dags/example_latest_only.py
[2025-11-21T11:04:09.163+0300] {logging_mixin.py:137} INFO - [2025-11-21T11:04:09.163+0300] {dag.py:2705} INFO - Sync 1 DAGs
[2025-11-21T11:04:09.192+0300] {logging_mixin.py:137} INFO - [2025-11-21T11:04:09.192+0300] {dag.py:3456} INFO - Setting next_dagrun for latest_only to 2025-11-21T04:04:09.192162+00:00, run_after=2025-11-21T08:04:09.192162+00:00
[2025-11-21T11:04:09.228+0300] {processor.py:175} INFO - Processing /home/pker/airflow_env/lib/python3.7/site-packages/airflow/example_dags/example_latest_only.py took 0.139 seconds
[2025-11-21T11:04:56.042+0300] {processor.py:153} INFO - Started process (PID=31326) to work on /home/pker/airflow_env/lib/python3.7/site-packages/airflow/example_dags/example_latest_only.py
[2025-11-21T11:04:56.045+0300] {processor.py:743} INFO - Processing file /home/pker/airflow_env/lib/python3.7/site-packages/airflow/example_dags/example_latest_only.py for tasks to queue
[2025-11-21T11:04:56.046+0300] {logging_mixin.py:137} INFO - [2025-11-21T11:04:56.046+0300] {dagbag.py:532} INFO - Filling up the DagBag from /home/pker/airflow_env/lib/python3.7/site-packages/airflow/example_dags/example_latest_only.py
[2025-11-21T11:04:56.073+0300] {processor.py:753} INFO - DAG(s) dict_keys(['latest_only']) retrieved from /home/pker/airflow_env/lib/python3.7/site-packages/airflow/example_dags/example_latest_only.py
[2025-11-21T11:04:56.108+0300] {logging_mixin.py:137} INFO - [2025-11-21T11:04:56.107+0300] {dag.py:2705} INFO - Sync 1 DAGs
[2025-11-21T11:04:56.151+0300] {logging_mixin.py:137} INFO - [2025-11-21T11:04:56.151+0300] {dag.py:3456} INFO - Setting next_dagrun for latest_only to 2025-11-21T04:04:56.150770+00:00, run_after=2025-11-21T08:04:56.150770+00:00
[2025-11-21T11:04:56.220+0300] {processor.py:175} INFO - Processing /home/pker/airflow_env/lib/python3.7/site-packages/airflow/example_dags/example_latest_only.py took 0.186 seconds
[2025-11-21T11:05:45.596+0300] {processor.py:153} INFO - Started process (PID=31379) to work on /home/pker/airflow_env/lib/python3.7/site-packages/airflow/example_dags/example_latest_only.py
[2025-11-21T11:05:45.623+0300] {processor.py:743} INFO - Processing file /home/pker/airflow_env/lib/python3.7/site-packages/airflow/example_dags/example_latest_only.py for tasks to queue
[2025-11-21T11:05:45.625+0300] {logging_mixin.py:137} INFO - [2025-11-21T11:05:45.625+0300] {dagbag.py:532} INFO - Filling up the DagBag from /home/pker/airflow_env/lib/python3.7/site-packages/airflow/example_dags/example_latest_only.py
[2025-11-21T11:05:45.651+0300] {processor.py:753} INFO - DAG(s) dict_keys(['latest_only']) retrieved from /home/pker/airflow_env/lib/python3.7/site-packages/airflow/example_dags/example_latest_only.py
[2025-11-21T11:05:45.681+0300] {logging_mixin.py:137} INFO - [2025-11-21T11:05:45.680+0300] {dag.py:2705} INFO - Sync 1 DAGs
[2025-11-21T11:05:45.718+0300] {logging_mixin.py:137} INFO - [2025-11-21T11:05:45.717+0300] {dag.py:3456} INFO - Setting next_dagrun for latest_only to 2025-11-21T04:05:45.717525+00:00, run_after=2025-11-21T08:05:45.717525+00:00
[2025-11-21T11:05:45.778+0300] {processor.py:175} INFO - Processing /home/pker/airflow_env/lib/python3.7/site-packages/airflow/example_dags/example_latest_only.py took 0.188 seconds
[2025-11-21T11:06:34.419+0300] {processor.py:153} INFO - Started process (PID=31425) to work on /home/pker/airflow_env/lib/python3.7/site-packages/airflow/example_dags/example_latest_only.py
[2025-11-21T11:06:34.442+0300] {processor.py:743} INFO - Processing file /home/pker/airflow_env/lib/python3.7/site-packages/airflow/example_dags/example_latest_only.py for tasks to queue
[2025-11-21T11:06:34.444+0300] {logging_mixin.py:137} INFO - [2025-11-21T11:06:34.444+0300] {dagbag.py:532} INFO - Filling up the DagBag from /home/pker/airflow_env/lib/python3.7/site-packages/airflow/example_dags/example_latest_only.py
[2025-11-21T11:06:34.476+0300] {processor.py:753} INFO - DAG(s) dict_keys(['latest_only']) retrieved from /home/pker/airflow_env/lib/python3.7/site-packages/airflow/example_dags/example_latest_only.py
[2025-11-21T11:06:34.528+0300] {logging_mixin.py:137} INFO - [2025-11-21T11:06:34.528+0300] {dag.py:2705} INFO - Sync 1 DAGs
[2025-11-21T11:06:34.574+0300] {logging_mixin.py:137} INFO - [2025-11-21T11:06:34.573+0300] {dag.py:3456} INFO - Setting next_dagrun for latest_only to 2025-11-21T04:06:34.573526+00:00, run_after=2025-11-21T08:06:34.573526+00:00
[2025-11-21T11:06:34.637+0300] {processor.py:175} INFO - Processing /home/pker/airflow_env/lib/python3.7/site-packages/airflow/example_dags/example_latest_only.py took 0.225 seconds
[2025-11-21T11:07:20.538+0300] {processor.py:153} INFO - Started process (PID=31473) to work on /home/pker/airflow_env/lib/python3.7/site-packages/airflow/example_dags/example_latest_only.py
[2025-11-21T11:07:20.558+0300] {processor.py:743} INFO - Processing file /home/pker/airflow_env/lib/python3.7/site-packages/airflow/example_dags/example_latest_only.py for tasks to queue
[2025-11-21T11:07:20.560+0300] {logging_mixin.py:137} INFO - [2025-11-21T11:07:20.560+0300] {dagbag.py:532} INFO - Filling up the DagBag from /home/pker/airflow_env/lib/python3.7/site-packages/airflow/example_dags/example_latest_only.py
[2025-11-21T11:07:20.589+0300] {processor.py:753} INFO - DAG(s) dict_keys(['latest_only']) retrieved from /home/pker/airflow_env/lib/python3.7/site-packages/airflow/example_dags/example_latest_only.py
[2025-11-21T11:07:20.618+0300] {logging_mixin.py:137} INFO - [2025-11-21T11:07:20.617+0300] {dag.py:2705} INFO - Sync 1 DAGs
[2025-11-21T11:07:20.675+0300] {logging_mixin.py:137} INFO - [2025-11-21T11:07:20.674+0300] {dag.py:3456} INFO - Setting next_dagrun for latest_only to 2025-11-21T04:07:20.672877+00:00, run_after=2025-11-21T08:07:20.672877+00:00
[2025-11-21T11:07:20.741+0300] {processor.py:175} INFO - Processing /home/pker/airflow_env/lib/python3.7/site-packages/airflow/example_dags/example_latest_only.py took 0.211 seconds
[2025-11-21T11:08:09.468+0300] {processor.py:153} INFO - Started process (PID=31542) to work on /home/pker/airflow_env/lib/python3.7/site-packages/airflow/example_dags/example_latest_only.py
[2025-11-21T11:08:09.492+0300] {processor.py:743} INFO - Processing file /home/pker/airflow_env/lib/python3.7/site-packages/airflow/example_dags/example_latest_only.py for tasks to queue
[2025-11-21T11:08:09.494+0300] {logging_mixin.py:137} INFO - [2025-11-21T11:08:09.494+0300] {dagbag.py:532} INFO - Filling up the DagBag from /home/pker/airflow_env/lib/python3.7/site-packages/airflow/example_dags/example_latest_only.py
[2025-11-21T11:08:09.525+0300] {processor.py:753} INFO - DAG(s) dict_keys(['latest_only']) retrieved from /home/pker/airflow_env/lib/python3.7/site-packages/airflow/example_dags/example_latest_only.py
[2025-11-21T11:08:09.556+0300] {logging_mixin.py:137} INFO - [2025-11-21T11:08:09.556+0300] {dag.py:2705} INFO - Sync 1 DAGs
[2025-11-21T11:08:09.588+0300] {logging_mixin.py:137} INFO - [2025-11-21T11:08:09.588+0300] {dag.py:3456} INFO - Setting next_dagrun for latest_only to 2025-11-21T04:08:09.587876+00:00, run_after=2025-11-21T08:08:09.587876+00:00
[2025-11-21T11:08:09.623+0300] {processor.py:175} INFO - Processing /home/pker/airflow_env/lib/python3.7/site-packages/airflow/example_dags/example_latest_only.py took 0.162 seconds
[2025-11-21T11:08:57.926+0300] {processor.py:153} INFO - Started process (PID=31589) to work on /home/pker/airflow_env/lib/python3.7/site-packages/airflow/example_dags/example_latest_only.py
[2025-11-21T11:08:57.950+0300] {processor.py:743} INFO - Processing file /home/pker/airflow_env/lib/python3.7/site-packages/airflow/example_dags/example_latest_only.py for tasks to queue
[2025-11-21T11:08:57.953+0300] {logging_mixin.py:137} INFO - [2025-11-21T11:08:57.953+0300] {dagbag.py:532} INFO - Filling up the DagBag from /home/pker/airflow_env/lib/python3.7/site-packages/airflow/example_dags/example_latest_only.py
[2025-11-21T11:08:57.978+0300] {processor.py:753} INFO - DAG(s) dict_keys(['latest_only']) retrieved from /home/pker/airflow_env/lib/python3.7/site-packages/airflow/example_dags/example_latest_only.py
[2025-11-21T11:08:58.007+0300] {logging_mixin.py:137} INFO - [2025-11-21T11:08:58.006+0300] {dag.py:2705} INFO - Sync 1 DAGs
[2025-11-21T11:08:58.032+0300] {logging_mixin.py:137} INFO - [2025-11-21T11:08:58.032+0300] {dag.py:3456} INFO - Setting next_dagrun for latest_only to 2025-11-21T04:08:58.031960+00:00, run_after=2025-11-21T08:08:58.031960+00:00
[2025-11-21T11:08:58.062+0300] {processor.py:175} INFO - Processing /home/pker/airflow_env/lib/python3.7/site-packages/airflow/example_dags/example_latest_only.py took 0.141 seconds
