[2025-11-21T10:44:04.886+0300] {processor.py:153} INFO - Started process (PID=30090) to work on /home/pker/airflow_env/lib/python3.7/site-packages/airflow/example_dags/example_branch_operator_decorator.py
[2025-11-21T10:44:04.887+0300] {processor.py:743} INFO - Processing file /home/pker/airflow_env/lib/python3.7/site-packages/airflow/example_dags/example_branch_operator_decorator.py for tasks to queue
[2025-11-21T10:44:04.889+0300] {logging_mixin.py:137} INFO - [2025-11-21T10:44:04.888+0300] {dagbag.py:532} INFO - Filling up the DagBag from /home/pker/airflow_env/lib/python3.7/site-packages/airflow/example_dags/example_branch_operator_decorator.py
[2025-11-21T10:44:04.929+0300] {processor.py:753} INFO - DAG(s) dict_keys(['example_branch_python_operator_decorator']) retrieved from /home/pker/airflow_env/lib/python3.7/site-packages/airflow/example_dags/example_branch_operator_decorator.py
[2025-11-21T10:44:05.083+0300] {logging_mixin.py:137} INFO - [2025-11-21T10:44:05.082+0300] {manager.py:504} INFO - Created Permission View: can delete on DAG:example_branch_python_operator_decorator
[2025-11-21T10:44:05.107+0300] {logging_mixin.py:137} INFO - [2025-11-21T10:44:05.107+0300] {manager.py:504} INFO - Created Permission View: can read on DAG:example_branch_python_operator_decorator
[2025-11-21T10:44:05.124+0300] {logging_mixin.py:137} INFO - [2025-11-21T10:44:05.124+0300] {manager.py:504} INFO - Created Permission View: can edit on DAG:example_branch_python_operator_decorator
[2025-11-21T10:44:05.125+0300] {logging_mixin.py:137} INFO - [2025-11-21T10:44:05.124+0300] {dag.py:2705} INFO - Sync 1 DAGs
[2025-11-21T10:44:05.142+0300] {logging_mixin.py:137} INFO - [2025-11-21T10:44:05.142+0300] {dag.py:2726} INFO - Creating ORM DAG for example_branch_python_operator_decorator
[2025-11-21T10:44:05.156+0300] {logging_mixin.py:137} INFO - [2025-11-21T10:44:05.155+0300] {dag.py:3456} INFO - Setting next_dagrun for example_branch_python_operator_decorator to 2025-11-20T00:00:00+00:00, run_after=2025-11-21T00:00:00+00:00
[2025-11-21T10:44:05.183+0300] {processor.py:175} INFO - Processing /home/pker/airflow_env/lib/python3.7/site-packages/airflow/example_dags/example_branch_operator_decorator.py took 0.304 seconds
[2025-11-21T10:44:54.552+0300] {processor.py:153} INFO - Started process (PID=30134) to work on /home/pker/airflow_env/lib/python3.7/site-packages/airflow/example_dags/example_branch_operator_decorator.py
[2025-11-21T10:44:54.576+0300] {processor.py:743} INFO - Processing file /home/pker/airflow_env/lib/python3.7/site-packages/airflow/example_dags/example_branch_operator_decorator.py for tasks to queue
[2025-11-21T10:44:54.578+0300] {logging_mixin.py:137} INFO - [2025-11-21T10:44:54.578+0300] {dagbag.py:532} INFO - Filling up the DagBag from /home/pker/airflow_env/lib/python3.7/site-packages/airflow/example_dags/example_branch_operator_decorator.py
[2025-11-21T10:44:54.646+0300] {processor.py:753} INFO - DAG(s) dict_keys(['example_branch_python_operator_decorator']) retrieved from /home/pker/airflow_env/lib/python3.7/site-packages/airflow/example_dags/example_branch_operator_decorator.py
[2025-11-21T10:44:54.681+0300] {logging_mixin.py:137} INFO - [2025-11-21T10:44:54.681+0300] {dag.py:2705} INFO - Sync 1 DAGs
[2025-11-21T10:44:54.714+0300] {logging_mixin.py:137} INFO - [2025-11-21T10:44:54.714+0300] {dag.py:3456} INFO - Setting next_dagrun for example_branch_python_operator_decorator to 2025-11-20T00:00:00+00:00, run_after=2025-11-21T00:00:00+00:00
[2025-11-21T10:44:54.773+0300] {processor.py:175} INFO - Processing /home/pker/airflow_env/lib/python3.7/site-packages/airflow/example_dags/example_branch_operator_decorator.py took 0.229 seconds
[2025-11-21T10:45:46.067+0300] {processor.py:153} INFO - Started process (PID=30200) to work on /home/pker/airflow_env/lib/python3.7/site-packages/airflow/example_dags/example_branch_operator_decorator.py
[2025-11-21T10:45:46.091+0300] {processor.py:743} INFO - Processing file /home/pker/airflow_env/lib/python3.7/site-packages/airflow/example_dags/example_branch_operator_decorator.py for tasks to queue
[2025-11-21T10:45:46.093+0300] {logging_mixin.py:137} INFO - [2025-11-21T10:45:46.092+0300] {dagbag.py:532} INFO - Filling up the DagBag from /home/pker/airflow_env/lib/python3.7/site-packages/airflow/example_dags/example_branch_operator_decorator.py
[2025-11-21T10:45:46.140+0300] {processor.py:753} INFO - DAG(s) dict_keys(['example_branch_python_operator_decorator']) retrieved from /home/pker/airflow_env/lib/python3.7/site-packages/airflow/example_dags/example_branch_operator_decorator.py
[2025-11-21T10:45:46.167+0300] {logging_mixin.py:137} INFO - [2025-11-21T10:45:46.167+0300] {dag.py:2705} INFO - Sync 1 DAGs
[2025-11-21T10:45:46.196+0300] {logging_mixin.py:137} INFO - [2025-11-21T10:45:46.196+0300] {dag.py:3456} INFO - Setting next_dagrun for example_branch_python_operator_decorator to 2025-11-20T00:00:00+00:00, run_after=2025-11-21T00:00:00+00:00
[2025-11-21T10:45:46.244+0300] {processor.py:175} INFO - Processing /home/pker/airflow_env/lib/python3.7/site-packages/airflow/example_dags/example_branch_operator_decorator.py took 0.184 seconds
[2025-11-21T10:46:33.078+0300] {processor.py:153} INFO - Started process (PID=30248) to work on /home/pker/airflow_env/lib/python3.7/site-packages/airflow/example_dags/example_branch_operator_decorator.py
[2025-11-21T10:46:33.100+0300] {processor.py:743} INFO - Processing file /home/pker/airflow_env/lib/python3.7/site-packages/airflow/example_dags/example_branch_operator_decorator.py for tasks to queue
[2025-11-21T10:46:33.102+0300] {logging_mixin.py:137} INFO - [2025-11-21T10:46:33.102+0300] {dagbag.py:532} INFO - Filling up the DagBag from /home/pker/airflow_env/lib/python3.7/site-packages/airflow/example_dags/example_branch_operator_decorator.py
[2025-11-21T10:46:33.145+0300] {processor.py:753} INFO - DAG(s) dict_keys(['example_branch_python_operator_decorator']) retrieved from /home/pker/airflow_env/lib/python3.7/site-packages/airflow/example_dags/example_branch_operator_decorator.py
[2025-11-21T10:46:33.202+0300] {logging_mixin.py:137} INFO - [2025-11-21T10:46:33.201+0300] {dag.py:2705} INFO - Sync 1 DAGs
[2025-11-21T10:46:33.261+0300] {logging_mixin.py:137} INFO - [2025-11-21T10:46:33.261+0300] {dag.py:3456} INFO - Setting next_dagrun for example_branch_python_operator_decorator to 2025-11-20T00:00:00+00:00, run_after=2025-11-21T00:00:00+00:00
[2025-11-21T10:46:33.322+0300] {processor.py:175} INFO - Processing /home/pker/airflow_env/lib/python3.7/site-packages/airflow/example_dags/example_branch_operator_decorator.py took 0.251 seconds
[2025-11-21T10:47:20.989+0300] {processor.py:153} INFO - Started process (PID=30292) to work on /home/pker/airflow_env/lib/python3.7/site-packages/airflow/example_dags/example_branch_operator_decorator.py
[2025-11-21T10:47:21.012+0300] {processor.py:743} INFO - Processing file /home/pker/airflow_env/lib/python3.7/site-packages/airflow/example_dags/example_branch_operator_decorator.py for tasks to queue
[2025-11-21T10:47:21.015+0300] {logging_mixin.py:137} INFO - [2025-11-21T10:47:21.014+0300] {dagbag.py:532} INFO - Filling up the DagBag from /home/pker/airflow_env/lib/python3.7/site-packages/airflow/example_dags/example_branch_operator_decorator.py
[2025-11-21T10:47:21.065+0300] {processor.py:753} INFO - DAG(s) dict_keys(['example_branch_python_operator_decorator']) retrieved from /home/pker/airflow_env/lib/python3.7/site-packages/airflow/example_dags/example_branch_operator_decorator.py
[2025-11-21T10:47:21.101+0300] {logging_mixin.py:137} INFO - [2025-11-21T10:47:21.101+0300] {dag.py:2705} INFO - Sync 1 DAGs
[2025-11-21T10:47:21.149+0300] {logging_mixin.py:137} INFO - [2025-11-21T10:47:21.148+0300] {dag.py:3456} INFO - Setting next_dagrun for example_branch_python_operator_decorator to 2025-11-20T00:00:00+00:00, run_after=2025-11-21T00:00:00+00:00
[2025-11-21T10:47:21.192+0300] {processor.py:175} INFO - Processing /home/pker/airflow_env/lib/python3.7/site-packages/airflow/example_dags/example_branch_operator_decorator.py took 0.213 seconds
[2025-11-21T10:48:07.916+0300] {processor.py:153} INFO - Started process (PID=30336) to work on /home/pker/airflow_env/lib/python3.7/site-packages/airflow/example_dags/example_branch_operator_decorator.py
[2025-11-21T10:48:07.937+0300] {processor.py:743} INFO - Processing file /home/pker/airflow_env/lib/python3.7/site-packages/airflow/example_dags/example_branch_operator_decorator.py for tasks to queue
[2025-11-21T10:48:07.940+0300] {logging_mixin.py:137} INFO - [2025-11-21T10:48:07.939+0300] {dagbag.py:532} INFO - Filling up the DagBag from /home/pker/airflow_env/lib/python3.7/site-packages/airflow/example_dags/example_branch_operator_decorator.py
[2025-11-21T10:48:07.985+0300] {processor.py:753} INFO - DAG(s) dict_keys(['example_branch_python_operator_decorator']) retrieved from /home/pker/airflow_env/lib/python3.7/site-packages/airflow/example_dags/example_branch_operator_decorator.py
[2025-11-21T10:48:08.017+0300] {logging_mixin.py:137} INFO - [2025-11-21T10:48:08.017+0300] {dag.py:2705} INFO - Sync 1 DAGs
[2025-11-21T10:48:08.055+0300] {logging_mixin.py:137} INFO - [2025-11-21T10:48:08.055+0300] {dag.py:3456} INFO - Setting next_dagrun for example_branch_python_operator_decorator to 2025-11-20T00:00:00+00:00, run_after=2025-11-21T00:00:00+00:00
[2025-11-21T10:48:08.111+0300] {processor.py:175} INFO - Processing /home/pker/airflow_env/lib/python3.7/site-packages/airflow/example_dags/example_branch_operator_decorator.py took 0.202 seconds
[2025-11-21T10:48:55.232+0300] {processor.py:153} INFO - Started process (PID=30383) to work on /home/pker/airflow_env/lib/python3.7/site-packages/airflow/example_dags/example_branch_operator_decorator.py
[2025-11-21T10:48:55.254+0300] {processor.py:743} INFO - Processing file /home/pker/airflow_env/lib/python3.7/site-packages/airflow/example_dags/example_branch_operator_decorator.py for tasks to queue
[2025-11-21T10:48:55.256+0300] {logging_mixin.py:137} INFO - [2025-11-21T10:48:55.256+0300] {dagbag.py:532} INFO - Filling up the DagBag from /home/pker/airflow_env/lib/python3.7/site-packages/airflow/example_dags/example_branch_operator_decorator.py
[2025-11-21T10:48:55.299+0300] {processor.py:753} INFO - DAG(s) dict_keys(['example_branch_python_operator_decorator']) retrieved from /home/pker/airflow_env/lib/python3.7/site-packages/airflow/example_dags/example_branch_operator_decorator.py
[2025-11-21T10:48:55.326+0300] {logging_mixin.py:137} INFO - [2025-11-21T10:48:55.326+0300] {dag.py:2705} INFO - Sync 1 DAGs
[2025-11-21T10:48:55.357+0300] {logging_mixin.py:137} INFO - [2025-11-21T10:48:55.357+0300] {dag.py:3456} INFO - Setting next_dagrun for example_branch_python_operator_decorator to 2025-11-20T00:00:00+00:00, run_after=2025-11-21T00:00:00+00:00
[2025-11-21T10:48:55.427+0300] {processor.py:175} INFO - Processing /home/pker/airflow_env/lib/python3.7/site-packages/airflow/example_dags/example_branch_operator_decorator.py took 0.201 seconds
[2025-11-21T10:49:42.452+0300] {processor.py:153} INFO - Started process (PID=30436) to work on /home/pker/airflow_env/lib/python3.7/site-packages/airflow/example_dags/example_branch_operator_decorator.py
[2025-11-21T10:49:42.456+0300] {processor.py:743} INFO - Processing file /home/pker/airflow_env/lib/python3.7/site-packages/airflow/example_dags/example_branch_operator_decorator.py for tasks to queue
[2025-11-21T10:49:42.458+0300] {logging_mixin.py:137} INFO - [2025-11-21T10:49:42.457+0300] {dagbag.py:532} INFO - Filling up the DagBag from /home/pker/airflow_env/lib/python3.7/site-packages/airflow/example_dags/example_branch_operator_decorator.py
[2025-11-21T10:49:42.507+0300] {processor.py:753} INFO - DAG(s) dict_keys(['example_branch_python_operator_decorator']) retrieved from /home/pker/airflow_env/lib/python3.7/site-packages/airflow/example_dags/example_branch_operator_decorator.py
[2025-11-21T10:49:42.547+0300] {logging_mixin.py:137} INFO - [2025-11-21T10:49:42.546+0300] {dag.py:2705} INFO - Sync 1 DAGs
[2025-11-21T10:49:42.586+0300] {logging_mixin.py:137} INFO - [2025-11-21T10:49:42.586+0300] {dag.py:3456} INFO - Setting next_dagrun for example_branch_python_operator_decorator to 2025-11-20T00:00:00+00:00, run_after=2025-11-21T00:00:00+00:00
[2025-11-21T10:49:42.653+0300] {processor.py:175} INFO - Processing /home/pker/airflow_env/lib/python3.7/site-packages/airflow/example_dags/example_branch_operator_decorator.py took 0.207 seconds
[2025-11-21T10:50:31.396+0300] {processor.py:153} INFO - Started process (PID=30481) to work on /home/pker/airflow_env/lib/python3.7/site-packages/airflow/example_dags/example_branch_operator_decorator.py
[2025-11-21T10:50:31.398+0300] {processor.py:743} INFO - Processing file /home/pker/airflow_env/lib/python3.7/site-packages/airflow/example_dags/example_branch_operator_decorator.py for tasks to queue
[2025-11-21T10:50:31.400+0300] {logging_mixin.py:137} INFO - [2025-11-21T10:50:31.399+0300] {dagbag.py:532} INFO - Filling up the DagBag from /home/pker/airflow_env/lib/python3.7/site-packages/airflow/example_dags/example_branch_operator_decorator.py
[2025-11-21T10:50:31.441+0300] {processor.py:753} INFO - DAG(s) dict_keys(['example_branch_python_operator_decorator']) retrieved from /home/pker/airflow_env/lib/python3.7/site-packages/airflow/example_dags/example_branch_operator_decorator.py
[2025-11-21T10:50:31.474+0300] {logging_mixin.py:137} INFO - [2025-11-21T10:50:31.474+0300] {dag.py:2705} INFO - Sync 1 DAGs
[2025-11-21T10:50:31.510+0300] {logging_mixin.py:137} INFO - [2025-11-21T10:50:31.510+0300] {dag.py:3456} INFO - Setting next_dagrun for example_branch_python_operator_decorator to 2025-11-20T00:00:00+00:00, run_after=2025-11-21T00:00:00+00:00
[2025-11-21T10:50:31.550+0300] {processor.py:175} INFO - Processing /home/pker/airflow_env/lib/python3.7/site-packages/airflow/example_dags/example_branch_operator_decorator.py took 0.160 seconds
[2025-11-21T10:51:16.480+0300] {processor.py:153} INFO - Started process (PID=30525) to work on /home/pker/airflow_env/lib/python3.7/site-packages/airflow/example_dags/example_branch_operator_decorator.py
[2025-11-21T10:51:16.485+0300] {processor.py:743} INFO - Processing file /home/pker/airflow_env/lib/python3.7/site-packages/airflow/example_dags/example_branch_operator_decorator.py for tasks to queue
[2025-11-21T10:51:16.486+0300] {logging_mixin.py:137} INFO - [2025-11-21T10:51:16.486+0300] {dagbag.py:532} INFO - Filling up the DagBag from /home/pker/airflow_env/lib/python3.7/site-packages/airflow/example_dags/example_branch_operator_decorator.py
[2025-11-21T10:51:16.528+0300] {processor.py:753} INFO - DAG(s) dict_keys(['example_branch_python_operator_decorator']) retrieved from /home/pker/airflow_env/lib/python3.7/site-packages/airflow/example_dags/example_branch_operator_decorator.py
[2025-11-21T10:51:16.561+0300] {logging_mixin.py:137} INFO - [2025-11-21T10:51:16.560+0300] {dag.py:2705} INFO - Sync 1 DAGs
[2025-11-21T10:51:16.592+0300] {logging_mixin.py:137} INFO - [2025-11-21T10:51:16.592+0300] {dag.py:3456} INFO - Setting next_dagrun for example_branch_python_operator_decorator to 2025-11-20T00:00:00+00:00, run_after=2025-11-21T00:00:00+00:00
[2025-11-21T10:51:16.651+0300] {processor.py:175} INFO - Processing /home/pker/airflow_env/lib/python3.7/site-packages/airflow/example_dags/example_branch_operator_decorator.py took 0.176 seconds
[2025-11-21T10:52:03.863+0300] {processor.py:153} INFO - Started process (PID=30572) to work on /home/pker/airflow_env/lib/python3.7/site-packages/airflow/example_dags/example_branch_operator_decorator.py
[2025-11-21T10:52:03.887+0300] {processor.py:743} INFO - Processing file /home/pker/airflow_env/lib/python3.7/site-packages/airflow/example_dags/example_branch_operator_decorator.py for tasks to queue
[2025-11-21T10:52:03.890+0300] {logging_mixin.py:137} INFO - [2025-11-21T10:52:03.889+0300] {dagbag.py:532} INFO - Filling up the DagBag from /home/pker/airflow_env/lib/python3.7/site-packages/airflow/example_dags/example_branch_operator_decorator.py
[2025-11-21T10:52:03.937+0300] {processor.py:753} INFO - DAG(s) dict_keys(['example_branch_python_operator_decorator']) retrieved from /home/pker/airflow_env/lib/python3.7/site-packages/airflow/example_dags/example_branch_operator_decorator.py
[2025-11-21T10:52:03.975+0300] {logging_mixin.py:137} INFO - [2025-11-21T10:52:03.974+0300] {dag.py:2705} INFO - Sync 1 DAGs
[2025-11-21T10:52:04.012+0300] {logging_mixin.py:137} INFO - [2025-11-21T10:52:04.012+0300] {dag.py:3456} INFO - Setting next_dagrun for example_branch_python_operator_decorator to 2025-11-20T00:00:00+00:00, run_after=2025-11-21T00:00:00+00:00
[2025-11-21T10:52:04.075+0300] {processor.py:175} INFO - Processing /home/pker/airflow_env/lib/python3.7/site-packages/airflow/example_dags/example_branch_operator_decorator.py took 0.217 seconds
[2025-11-21T10:52:47.139+0300] {processor.py:153} INFO - Started process (PID=30616) to work on /home/pker/airflow_env/lib/python3.7/site-packages/airflow/example_dags/example_branch_operator_decorator.py
[2025-11-21T10:52:47.141+0300] {processor.py:743} INFO - Processing file /home/pker/airflow_env/lib/python3.7/site-packages/airflow/example_dags/example_branch_operator_decorator.py for tasks to queue
[2025-11-21T10:52:47.142+0300] {logging_mixin.py:137} INFO - [2025-11-21T10:52:47.142+0300] {dagbag.py:532} INFO - Filling up the DagBag from /home/pker/airflow_env/lib/python3.7/site-packages/airflow/example_dags/example_branch_operator_decorator.py
[2025-11-21T10:52:47.189+0300] {processor.py:753} INFO - DAG(s) dict_keys(['example_branch_python_operator_decorator']) retrieved from /home/pker/airflow_env/lib/python3.7/site-packages/airflow/example_dags/example_branch_operator_decorator.py
[2025-11-21T10:52:47.233+0300] {logging_mixin.py:137} INFO - [2025-11-21T10:52:47.233+0300] {dag.py:2705} INFO - Sync 1 DAGs
[2025-11-21T10:52:47.283+0300] {logging_mixin.py:137} INFO - [2025-11-21T10:52:47.283+0300] {dag.py:3456} INFO - Setting next_dagrun for example_branch_python_operator_decorator to 2025-11-20T00:00:00+00:00, run_after=2025-11-21T00:00:00+00:00
[2025-11-21T10:52:47.395+0300] {processor.py:175} INFO - Processing /home/pker/airflow_env/lib/python3.7/site-packages/airflow/example_dags/example_branch_operator_decorator.py took 0.261 seconds
[2025-11-21T10:53:37.231+0300] {processor.py:153} INFO - Started process (PID=30659) to work on /home/pker/airflow_env/lib/python3.7/site-packages/airflow/example_dags/example_branch_operator_decorator.py
[2025-11-21T10:53:37.253+0300] {processor.py:743} INFO - Processing file /home/pker/airflow_env/lib/python3.7/site-packages/airflow/example_dags/example_branch_operator_decorator.py for tasks to queue
[2025-11-21T10:53:37.256+0300] {logging_mixin.py:137} INFO - [2025-11-21T10:53:37.255+0300] {dagbag.py:532} INFO - Filling up the DagBag from /home/pker/airflow_env/lib/python3.7/site-packages/airflow/example_dags/example_branch_operator_decorator.py
[2025-11-21T10:53:37.308+0300] {processor.py:753} INFO - DAG(s) dict_keys(['example_branch_python_operator_decorator']) retrieved from /home/pker/airflow_env/lib/python3.7/site-packages/airflow/example_dags/example_branch_operator_decorator.py
[2025-11-21T10:53:37.345+0300] {logging_mixin.py:137} INFO - [2025-11-21T10:53:37.344+0300] {dag.py:2705} INFO - Sync 1 DAGs
[2025-11-21T10:53:37.385+0300] {logging_mixin.py:137} INFO - [2025-11-21T10:53:37.385+0300] {dag.py:3456} INFO - Setting next_dagrun for example_branch_python_operator_decorator to 2025-11-20T00:00:00+00:00, run_after=2025-11-21T00:00:00+00:00
[2025-11-21T10:53:37.446+0300] {processor.py:175} INFO - Processing /home/pker/airflow_env/lib/python3.7/site-packages/airflow/example_dags/example_branch_operator_decorator.py took 0.222 seconds
[2025-11-21T10:54:24.293+0300] {processor.py:153} INFO - Started process (PID=30703) to work on /home/pker/airflow_env/lib/python3.7/site-packages/airflow/example_dags/example_branch_operator_decorator.py
[2025-11-21T10:54:24.316+0300] {processor.py:743} INFO - Processing file /home/pker/airflow_env/lib/python3.7/site-packages/airflow/example_dags/example_branch_operator_decorator.py for tasks to queue
[2025-11-21T10:54:24.318+0300] {logging_mixin.py:137} INFO - [2025-11-21T10:54:24.318+0300] {dagbag.py:532} INFO - Filling up the DagBag from /home/pker/airflow_env/lib/python3.7/site-packages/airflow/example_dags/example_branch_operator_decorator.py
[2025-11-21T10:54:24.364+0300] {processor.py:753} INFO - DAG(s) dict_keys(['example_branch_python_operator_decorator']) retrieved from /home/pker/airflow_env/lib/python3.7/site-packages/airflow/example_dags/example_branch_operator_decorator.py
[2025-11-21T10:54:24.391+0300] {logging_mixin.py:137} INFO - [2025-11-21T10:54:24.391+0300] {dag.py:2705} INFO - Sync 1 DAGs
[2025-11-21T10:54:24.421+0300] {logging_mixin.py:137} INFO - [2025-11-21T10:54:24.421+0300] {dag.py:3456} INFO - Setting next_dagrun for example_branch_python_operator_decorator to 2025-11-20T00:00:00+00:00, run_after=2025-11-21T00:00:00+00:00
[2025-11-21T10:54:24.454+0300] {processor.py:175} INFO - Processing /home/pker/airflow_env/lib/python3.7/site-packages/airflow/example_dags/example_branch_operator_decorator.py took 0.167 seconds
[2025-11-21T10:55:13.427+0300] {processor.py:153} INFO - Started process (PID=30753) to work on /home/pker/airflow_env/lib/python3.7/site-packages/airflow/example_dags/example_branch_operator_decorator.py
[2025-11-21T10:55:13.449+0300] {processor.py:743} INFO - Processing file /home/pker/airflow_env/lib/python3.7/site-packages/airflow/example_dags/example_branch_operator_decorator.py for tasks to queue
[2025-11-21T10:55:13.451+0300] {logging_mixin.py:137} INFO - [2025-11-21T10:55:13.451+0300] {dagbag.py:532} INFO - Filling up the DagBag from /home/pker/airflow_env/lib/python3.7/site-packages/airflow/example_dags/example_branch_operator_decorator.py
[2025-11-21T10:55:13.517+0300] {processor.py:753} INFO - DAG(s) dict_keys(['example_branch_python_operator_decorator']) retrieved from /home/pker/airflow_env/lib/python3.7/site-packages/airflow/example_dags/example_branch_operator_decorator.py
[2025-11-21T10:55:13.562+0300] {logging_mixin.py:137} INFO - [2025-11-21T10:55:13.561+0300] {dag.py:2705} INFO - Sync 1 DAGs
[2025-11-21T10:55:13.618+0300] {logging_mixin.py:137} INFO - [2025-11-21T10:55:13.618+0300] {dag.py:3456} INFO - Setting next_dagrun for example_branch_python_operator_decorator to 2025-11-20T00:00:00+00:00, run_after=2025-11-21T00:00:00+00:00
[2025-11-21T10:55:13.685+0300] {processor.py:175} INFO - Processing /home/pker/airflow_env/lib/python3.7/site-packages/airflow/example_dags/example_branch_operator_decorator.py took 0.268 seconds
[2025-11-21T10:56:02.083+0300] {processor.py:153} INFO - Started process (PID=30799) to work on /home/pker/airflow_env/lib/python3.7/site-packages/airflow/example_dags/example_branch_operator_decorator.py
[2025-11-21T10:56:02.107+0300] {processor.py:743} INFO - Processing file /home/pker/airflow_env/lib/python3.7/site-packages/airflow/example_dags/example_branch_operator_decorator.py for tasks to queue
[2025-11-21T10:56:02.109+0300] {logging_mixin.py:137} INFO - [2025-11-21T10:56:02.108+0300] {dagbag.py:532} INFO - Filling up the DagBag from /home/pker/airflow_env/lib/python3.7/site-packages/airflow/example_dags/example_branch_operator_decorator.py
[2025-11-21T10:56:02.154+0300] {processor.py:753} INFO - DAG(s) dict_keys(['example_branch_python_operator_decorator']) retrieved from /home/pker/airflow_env/lib/python3.7/site-packages/airflow/example_dags/example_branch_operator_decorator.py
[2025-11-21T10:56:02.187+0300] {logging_mixin.py:137} INFO - [2025-11-21T10:56:02.187+0300] {dag.py:2705} INFO - Sync 1 DAGs
[2025-11-21T10:56:02.237+0300] {logging_mixin.py:137} INFO - [2025-11-21T10:56:02.236+0300] {dag.py:3456} INFO - Setting next_dagrun for example_branch_python_operator_decorator to 2025-11-20T00:00:00+00:00, run_after=2025-11-21T00:00:00+00:00
[2025-11-21T10:56:02.284+0300] {processor.py:175} INFO - Processing /home/pker/airflow_env/lib/python3.7/site-packages/airflow/example_dags/example_branch_operator_decorator.py took 0.212 seconds
[2025-11-21T10:56:49.704+0300] {processor.py:153} INFO - Started process (PID=30843) to work on /home/pker/airflow_env/lib/python3.7/site-packages/airflow/example_dags/example_branch_operator_decorator.py
[2025-11-21T10:56:49.708+0300] {processor.py:743} INFO - Processing file /home/pker/airflow_env/lib/python3.7/site-packages/airflow/example_dags/example_branch_operator_decorator.py for tasks to queue
[2025-11-21T10:56:49.709+0300] {logging_mixin.py:137} INFO - [2025-11-21T10:56:49.709+0300] {dagbag.py:532} INFO - Filling up the DagBag from /home/pker/airflow_env/lib/python3.7/site-packages/airflow/example_dags/example_branch_operator_decorator.py
[2025-11-21T10:56:49.757+0300] {processor.py:753} INFO - DAG(s) dict_keys(['example_branch_python_operator_decorator']) retrieved from /home/pker/airflow_env/lib/python3.7/site-packages/airflow/example_dags/example_branch_operator_decorator.py
[2025-11-21T10:56:49.787+0300] {logging_mixin.py:137} INFO - [2025-11-21T10:56:49.787+0300] {dag.py:2705} INFO - Sync 1 DAGs
[2025-11-21T10:56:49.820+0300] {logging_mixin.py:137} INFO - [2025-11-21T10:56:49.820+0300] {dag.py:3456} INFO - Setting next_dagrun for example_branch_python_operator_decorator to 2025-11-20T00:00:00+00:00, run_after=2025-11-21T00:00:00+00:00
[2025-11-21T10:56:49.882+0300] {processor.py:175} INFO - Processing /home/pker/airflow_env/lib/python3.7/site-packages/airflow/example_dags/example_branch_operator_decorator.py took 0.184 seconds
[2025-11-21T10:57:37.376+0300] {processor.py:153} INFO - Started process (PID=30885) to work on /home/pker/airflow_env/lib/python3.7/site-packages/airflow/example_dags/example_branch_operator_decorator.py
[2025-11-21T10:57:37.395+0300] {processor.py:743} INFO - Processing file /home/pker/airflow_env/lib/python3.7/site-packages/airflow/example_dags/example_branch_operator_decorator.py for tasks to queue
[2025-11-21T10:57:37.397+0300] {logging_mixin.py:137} INFO - [2025-11-21T10:57:37.396+0300] {dagbag.py:532} INFO - Filling up the DagBag from /home/pker/airflow_env/lib/python3.7/site-packages/airflow/example_dags/example_branch_operator_decorator.py
[2025-11-21T10:57:37.446+0300] {processor.py:753} INFO - DAG(s) dict_keys(['example_branch_python_operator_decorator']) retrieved from /home/pker/airflow_env/lib/python3.7/site-packages/airflow/example_dags/example_branch_operator_decorator.py
[2025-11-21T10:57:37.491+0300] {logging_mixin.py:137} INFO - [2025-11-21T10:57:37.490+0300] {dag.py:2705} INFO - Sync 1 DAGs
[2025-11-21T10:57:37.539+0300] {logging_mixin.py:137} INFO - [2025-11-21T10:57:37.539+0300] {dag.py:3456} INFO - Setting next_dagrun for example_branch_python_operator_decorator to 2025-11-20T00:00:00+00:00, run_after=2025-11-21T00:00:00+00:00
[2025-11-21T10:57:37.581+0300] {processor.py:175} INFO - Processing /home/pker/airflow_env/lib/python3.7/site-packages/airflow/example_dags/example_branch_operator_decorator.py took 0.212 seconds
[2025-11-21T10:58:25.505+0300] {processor.py:153} INFO - Started process (PID=30931) to work on /home/pker/airflow_env/lib/python3.7/site-packages/airflow/example_dags/example_branch_operator_decorator.py
[2025-11-21T10:58:25.508+0300] {processor.py:743} INFO - Processing file /home/pker/airflow_env/lib/python3.7/site-packages/airflow/example_dags/example_branch_operator_decorator.py for tasks to queue
[2025-11-21T10:58:25.510+0300] {logging_mixin.py:137} INFO - [2025-11-21T10:58:25.509+0300] {dagbag.py:532} INFO - Filling up the DagBag from /home/pker/airflow_env/lib/python3.7/site-packages/airflow/example_dags/example_branch_operator_decorator.py
[2025-11-21T10:58:25.556+0300] {processor.py:753} INFO - DAG(s) dict_keys(['example_branch_python_operator_decorator']) retrieved from /home/pker/airflow_env/lib/python3.7/site-packages/airflow/example_dags/example_branch_operator_decorator.py
[2025-11-21T10:58:25.606+0300] {logging_mixin.py:137} INFO - [2025-11-21T10:58:25.605+0300] {dag.py:2705} INFO - Sync 1 DAGs
[2025-11-21T10:58:25.650+0300] {logging_mixin.py:137} INFO - [2025-11-21T10:58:25.649+0300] {dag.py:3456} INFO - Setting next_dagrun for example_branch_python_operator_decorator to 2025-11-20T00:00:00+00:00, run_after=2025-11-21T00:00:00+00:00
[2025-11-21T10:58:25.719+0300] {processor.py:175} INFO - Processing /home/pker/airflow_env/lib/python3.7/site-packages/airflow/example_dags/example_branch_operator_decorator.py took 0.219 seconds
[2025-11-21T10:59:14.763+0300] {processor.py:153} INFO - Started process (PID=30994) to work on /home/pker/airflow_env/lib/python3.7/site-packages/airflow/example_dags/example_branch_operator_decorator.py
[2025-11-21T10:59:14.766+0300] {processor.py:743} INFO - Processing file /home/pker/airflow_env/lib/python3.7/site-packages/airflow/example_dags/example_branch_operator_decorator.py for tasks to queue
[2025-11-21T10:59:14.768+0300] {logging_mixin.py:137} INFO - [2025-11-21T10:59:14.768+0300] {dagbag.py:532} INFO - Filling up the DagBag from /home/pker/airflow_env/lib/python3.7/site-packages/airflow/example_dags/example_branch_operator_decorator.py
[2025-11-21T10:59:14.818+0300] {processor.py:753} INFO - DAG(s) dict_keys(['example_branch_python_operator_decorator']) retrieved from /home/pker/airflow_env/lib/python3.7/site-packages/airflow/example_dags/example_branch_operator_decorator.py
[2025-11-21T10:59:14.850+0300] {logging_mixin.py:137} INFO - [2025-11-21T10:59:14.850+0300] {dag.py:2705} INFO - Sync 1 DAGs
[2025-11-21T10:59:14.885+0300] {logging_mixin.py:137} INFO - [2025-11-21T10:59:14.885+0300] {dag.py:3456} INFO - Setting next_dagrun for example_branch_python_operator_decorator to 2025-11-20T00:00:00+00:00, run_after=2025-11-21T00:00:00+00:00
[2025-11-21T10:59:14.945+0300] {processor.py:175} INFO - Processing /home/pker/airflow_env/lib/python3.7/site-packages/airflow/example_dags/example_branch_operator_decorator.py took 0.189 seconds
[2025-11-21T11:00:02.667+0300] {processor.py:153} INFO - Started process (PID=31039) to work on /home/pker/airflow_env/lib/python3.7/site-packages/airflow/example_dags/example_branch_operator_decorator.py
[2025-11-21T11:00:02.689+0300] {processor.py:743} INFO - Processing file /home/pker/airflow_env/lib/python3.7/site-packages/airflow/example_dags/example_branch_operator_decorator.py for tasks to queue
[2025-11-21T11:00:02.691+0300] {logging_mixin.py:137} INFO - [2025-11-21T11:00:02.691+0300] {dagbag.py:532} INFO - Filling up the DagBag from /home/pker/airflow_env/lib/python3.7/site-packages/airflow/example_dags/example_branch_operator_decorator.py
[2025-11-21T11:00:02.843+0300] {processor.py:753} INFO - DAG(s) dict_keys(['example_branch_python_operator_decorator']) retrieved from /home/pker/airflow_env/lib/python3.7/site-packages/airflow/example_dags/example_branch_operator_decorator.py
[2025-11-21T11:00:02.880+0300] {logging_mixin.py:137} INFO - [2025-11-21T11:00:02.880+0300] {dag.py:2705} INFO - Sync 1 DAGs
[2025-11-21T11:00:02.938+0300] {logging_mixin.py:137} INFO - [2025-11-21T11:00:02.937+0300] {dag.py:3456} INFO - Setting next_dagrun for example_branch_python_operator_decorator to 2025-11-20T00:00:00+00:00, run_after=2025-11-21T00:00:00+00:00
[2025-11-21T11:00:03.026+0300] {processor.py:175} INFO - Processing /home/pker/airflow_env/lib/python3.7/site-packages/airflow/example_dags/example_branch_operator_decorator.py took 0.365 seconds
[2025-11-21T11:00:55.618+0300] {processor.py:153} INFO - Started process (PID=31098) to work on /home/pker/airflow_env/lib/python3.7/site-packages/airflow/example_dags/example_branch_operator_decorator.py
[2025-11-21T11:00:55.641+0300] {processor.py:743} INFO - Processing file /home/pker/airflow_env/lib/python3.7/site-packages/airflow/example_dags/example_branch_operator_decorator.py for tasks to queue
[2025-11-21T11:00:55.643+0300] {logging_mixin.py:137} INFO - [2025-11-21T11:00:55.643+0300] {dagbag.py:532} INFO - Filling up the DagBag from /home/pker/airflow_env/lib/python3.7/site-packages/airflow/example_dags/example_branch_operator_decorator.py
[2025-11-21T11:00:55.693+0300] {processor.py:753} INFO - DAG(s) dict_keys(['example_branch_python_operator_decorator']) retrieved from /home/pker/airflow_env/lib/python3.7/site-packages/airflow/example_dags/example_branch_operator_decorator.py
[2025-11-21T11:00:55.736+0300] {logging_mixin.py:137} INFO - [2025-11-21T11:00:55.735+0300] {dag.py:2705} INFO - Sync 1 DAGs
[2025-11-21T11:00:55.777+0300] {logging_mixin.py:137} INFO - [2025-11-21T11:00:55.776+0300] {dag.py:3456} INFO - Setting next_dagrun for example_branch_python_operator_decorator to 2025-11-20T00:00:00+00:00, run_after=2025-11-21T00:00:00+00:00
[2025-11-21T11:00:55.844+0300] {processor.py:175} INFO - Processing /home/pker/airflow_env/lib/python3.7/site-packages/airflow/example_dags/example_branch_operator_decorator.py took 0.233 seconds
[2025-11-21T11:01:44.168+0300] {processor.py:153} INFO - Started process (PID=31142) to work on /home/pker/airflow_env/lib/python3.7/site-packages/airflow/example_dags/example_branch_operator_decorator.py
[2025-11-21T11:01:44.189+0300] {processor.py:743} INFO - Processing file /home/pker/airflow_env/lib/python3.7/site-packages/airflow/example_dags/example_branch_operator_decorator.py for tasks to queue
[2025-11-21T11:01:44.192+0300] {logging_mixin.py:137} INFO - [2025-11-21T11:01:44.192+0300] {dagbag.py:532} INFO - Filling up the DagBag from /home/pker/airflow_env/lib/python3.7/site-packages/airflow/example_dags/example_branch_operator_decorator.py
[2025-11-21T11:01:44.258+0300] {processor.py:753} INFO - DAG(s) dict_keys(['example_branch_python_operator_decorator']) retrieved from /home/pker/airflow_env/lib/python3.7/site-packages/airflow/example_dags/example_branch_operator_decorator.py
[2025-11-21T11:01:44.305+0300] {logging_mixin.py:137} INFO - [2025-11-21T11:01:44.305+0300] {dag.py:2705} INFO - Sync 1 DAGs
[2025-11-21T11:01:44.355+0300] {logging_mixin.py:137} INFO - [2025-11-21T11:01:44.354+0300] {dag.py:3456} INFO - Setting next_dagrun for example_branch_python_operator_decorator to 2025-11-20T00:00:00+00:00, run_after=2025-11-21T00:00:00+00:00
[2025-11-21T11:01:44.425+0300] {processor.py:175} INFO - Processing /home/pker/airflow_env/lib/python3.7/site-packages/airflow/example_dags/example_branch_operator_decorator.py took 0.263 seconds
[2025-11-21T11:02:31.101+0300] {processor.py:153} INFO - Started process (PID=31186) to work on /home/pker/airflow_env/lib/python3.7/site-packages/airflow/example_dags/example_branch_operator_decorator.py
[2025-11-21T11:02:31.124+0300] {processor.py:743} INFO - Processing file /home/pker/airflow_env/lib/python3.7/site-packages/airflow/example_dags/example_branch_operator_decorator.py for tasks to queue
[2025-11-21T11:02:31.126+0300] {logging_mixin.py:137} INFO - [2025-11-21T11:02:31.126+0300] {dagbag.py:532} INFO - Filling up the DagBag from /home/pker/airflow_env/lib/python3.7/site-packages/airflow/example_dags/example_branch_operator_decorator.py
[2025-11-21T11:02:31.172+0300] {processor.py:753} INFO - DAG(s) dict_keys(['example_branch_python_operator_decorator']) retrieved from /home/pker/airflow_env/lib/python3.7/site-packages/airflow/example_dags/example_branch_operator_decorator.py
[2025-11-21T11:02:31.208+0300] {logging_mixin.py:137} INFO - [2025-11-21T11:02:31.208+0300] {dag.py:2705} INFO - Sync 1 DAGs
[2025-11-21T11:02:31.236+0300] {logging_mixin.py:137} INFO - [2025-11-21T11:02:31.235+0300] {dag.py:3456} INFO - Setting next_dagrun for example_branch_python_operator_decorator to 2025-11-20T00:00:00+00:00, run_after=2025-11-21T00:00:00+00:00
[2025-11-21T11:02:31.267+0300] {processor.py:175} INFO - Processing /home/pker/airflow_env/lib/python3.7/site-packages/airflow/example_dags/example_branch_operator_decorator.py took 0.173 seconds
[2025-11-21T11:03:16.266+0300] {processor.py:153} INFO - Started process (PID=31233) to work on /home/pker/airflow_env/lib/python3.7/site-packages/airflow/example_dags/example_branch_operator_decorator.py
[2025-11-21T11:03:16.289+0300] {processor.py:743} INFO - Processing file /home/pker/airflow_env/lib/python3.7/site-packages/airflow/example_dags/example_branch_operator_decorator.py for tasks to queue
[2025-11-21T11:03:16.291+0300] {logging_mixin.py:137} INFO - [2025-11-21T11:03:16.291+0300] {dagbag.py:532} INFO - Filling up the DagBag from /home/pker/airflow_env/lib/python3.7/site-packages/airflow/example_dags/example_branch_operator_decorator.py
[2025-11-21T11:03:16.349+0300] {processor.py:753} INFO - DAG(s) dict_keys(['example_branch_python_operator_decorator']) retrieved from /home/pker/airflow_env/lib/python3.7/site-packages/airflow/example_dags/example_branch_operator_decorator.py
[2025-11-21T11:03:16.397+0300] {logging_mixin.py:137} INFO - [2025-11-21T11:03:16.397+0300] {dag.py:2705} INFO - Sync 1 DAGs
[2025-11-21T11:03:16.434+0300] {logging_mixin.py:137} INFO - [2025-11-21T11:03:16.434+0300] {dag.py:3456} INFO - Setting next_dagrun for example_branch_python_operator_decorator to 2025-11-20T00:00:00+00:00, run_after=2025-11-21T00:00:00+00:00
[2025-11-21T11:03:16.500+0300] {processor.py:175} INFO - Processing /home/pker/airflow_env/lib/python3.7/site-packages/airflow/example_dags/example_branch_operator_decorator.py took 0.241 seconds
[2025-11-21T11:04:05.221+0300] {processor.py:153} INFO - Started process (PID=31278) to work on /home/pker/airflow_env/lib/python3.7/site-packages/airflow/example_dags/example_branch_operator_decorator.py
[2025-11-21T11:04:05.223+0300] {processor.py:743} INFO - Processing file /home/pker/airflow_env/lib/python3.7/site-packages/airflow/example_dags/example_branch_operator_decorator.py for tasks to queue
[2025-11-21T11:04:05.225+0300] {logging_mixin.py:137} INFO - [2025-11-21T11:04:05.224+0300] {dagbag.py:532} INFO - Filling up the DagBag from /home/pker/airflow_env/lib/python3.7/site-packages/airflow/example_dags/example_branch_operator_decorator.py
[2025-11-21T11:04:05.258+0300] {processor.py:753} INFO - DAG(s) dict_keys(['example_branch_python_operator_decorator']) retrieved from /home/pker/airflow_env/lib/python3.7/site-packages/airflow/example_dags/example_branch_operator_decorator.py
[2025-11-21T11:04:05.291+0300] {logging_mixin.py:137} INFO - [2025-11-21T11:04:05.291+0300] {dag.py:2705} INFO - Sync 1 DAGs
[2025-11-21T11:04:05.319+0300] {logging_mixin.py:137} INFO - [2025-11-21T11:04:05.318+0300] {dag.py:3456} INFO - Setting next_dagrun for example_branch_python_operator_decorator to 2025-11-20T00:00:00+00:00, run_after=2025-11-21T00:00:00+00:00
[2025-11-21T11:04:05.350+0300] {processor.py:175} INFO - Processing /home/pker/airflow_env/lib/python3.7/site-packages/airflow/example_dags/example_branch_operator_decorator.py took 0.134 seconds
[2025-11-21T11:04:52.864+0300] {processor.py:153} INFO - Started process (PID=31323) to work on /home/pker/airflow_env/lib/python3.7/site-packages/airflow/example_dags/example_branch_operator_decorator.py
[2025-11-21T11:04:52.866+0300] {processor.py:743} INFO - Processing file /home/pker/airflow_env/lib/python3.7/site-packages/airflow/example_dags/example_branch_operator_decorator.py for tasks to queue
[2025-11-21T11:04:52.868+0300] {logging_mixin.py:137} INFO - [2025-11-21T11:04:52.867+0300] {dagbag.py:532} INFO - Filling up the DagBag from /home/pker/airflow_env/lib/python3.7/site-packages/airflow/example_dags/example_branch_operator_decorator.py
[2025-11-21T11:04:52.918+0300] {processor.py:753} INFO - DAG(s) dict_keys(['example_branch_python_operator_decorator']) retrieved from /home/pker/airflow_env/lib/python3.7/site-packages/airflow/example_dags/example_branch_operator_decorator.py
[2025-11-21T11:04:52.948+0300] {logging_mixin.py:137} INFO - [2025-11-21T11:04:52.948+0300] {dag.py:2705} INFO - Sync 1 DAGs
[2025-11-21T11:04:52.981+0300] {logging_mixin.py:137} INFO - [2025-11-21T11:04:52.980+0300] {dag.py:3456} INFO - Setting next_dagrun for example_branch_python_operator_decorator to 2025-11-20T00:00:00+00:00, run_after=2025-11-21T00:00:00+00:00
[2025-11-21T11:04:53.039+0300] {processor.py:175} INFO - Processing /home/pker/airflow_env/lib/python3.7/site-packages/airflow/example_dags/example_branch_operator_decorator.py took 0.183 seconds
[2025-11-21T11:05:43.383+0300] {processor.py:153} INFO - Started process (PID=31372) to work on /home/pker/airflow_env/lib/python3.7/site-packages/airflow/example_dags/example_branch_operator_decorator.py
[2025-11-21T11:05:43.397+0300] {processor.py:743} INFO - Processing file /home/pker/airflow_env/lib/python3.7/site-packages/airflow/example_dags/example_branch_operator_decorator.py for tasks to queue
[2025-11-21T11:05:43.399+0300] {logging_mixin.py:137} INFO - [2025-11-21T11:05:43.399+0300] {dagbag.py:532} INFO - Filling up the DagBag from /home/pker/airflow_env/lib/python3.7/site-packages/airflow/example_dags/example_branch_operator_decorator.py
[2025-11-21T11:05:43.451+0300] {processor.py:753} INFO - DAG(s) dict_keys(['example_branch_python_operator_decorator']) retrieved from /home/pker/airflow_env/lib/python3.7/site-packages/airflow/example_dags/example_branch_operator_decorator.py
[2025-11-21T11:05:43.483+0300] {logging_mixin.py:137} INFO - [2025-11-21T11:05:43.482+0300] {dag.py:2705} INFO - Sync 1 DAGs
[2025-11-21T11:05:43.524+0300] {logging_mixin.py:137} INFO - [2025-11-21T11:05:43.524+0300] {dag.py:3456} INFO - Setting next_dagrun for example_branch_python_operator_decorator to 2025-11-20T00:00:00+00:00, run_after=2025-11-21T00:00:00+00:00
[2025-11-21T11:05:43.591+0300] {processor.py:175} INFO - Processing /home/pker/airflow_env/lib/python3.7/site-packages/airflow/example_dags/example_branch_operator_decorator.py took 0.217 seconds
[2025-11-21T11:06:30.784+0300] {processor.py:153} INFO - Started process (PID=31422) to work on /home/pker/airflow_env/lib/python3.7/site-packages/airflow/example_dags/example_branch_operator_decorator.py
[2025-11-21T11:06:30.808+0300] {processor.py:743} INFO - Processing file /home/pker/airflow_env/lib/python3.7/site-packages/airflow/example_dags/example_branch_operator_decorator.py for tasks to queue
[2025-11-21T11:06:30.811+0300] {logging_mixin.py:137} INFO - [2025-11-21T11:06:30.811+0300] {dagbag.py:532} INFO - Filling up the DagBag from /home/pker/airflow_env/lib/python3.7/site-packages/airflow/example_dags/example_branch_operator_decorator.py
[2025-11-21T11:06:30.877+0300] {processor.py:753} INFO - DAG(s) dict_keys(['example_branch_python_operator_decorator']) retrieved from /home/pker/airflow_env/lib/python3.7/site-packages/airflow/example_dags/example_branch_operator_decorator.py
[2025-11-21T11:06:30.931+0300] {logging_mixin.py:137} INFO - [2025-11-21T11:06:30.931+0300] {dag.py:2705} INFO - Sync 1 DAGs
[2025-11-21T11:06:30.974+0300] {logging_mixin.py:137} INFO - [2025-11-21T11:06:30.974+0300] {dag.py:3456} INFO - Setting next_dagrun for example_branch_python_operator_decorator to 2025-11-20T00:00:00+00:00, run_after=2025-11-21T00:00:00+00:00
[2025-11-21T11:06:31.038+0300] {processor.py:175} INFO - Processing /home/pker/airflow_env/lib/python3.7/site-packages/airflow/example_dags/example_branch_operator_decorator.py took 0.264 seconds
[2025-11-21T11:07:17.811+0300] {processor.py:153} INFO - Started process (PID=31470) to work on /home/pker/airflow_env/lib/python3.7/site-packages/airflow/example_dags/example_branch_operator_decorator.py
[2025-11-21T11:07:17.834+0300] {processor.py:743} INFO - Processing file /home/pker/airflow_env/lib/python3.7/site-packages/airflow/example_dags/example_branch_operator_decorator.py for tasks to queue
[2025-11-21T11:07:17.836+0300] {logging_mixin.py:137} INFO - [2025-11-21T11:07:17.836+0300] {dagbag.py:532} INFO - Filling up the DagBag from /home/pker/airflow_env/lib/python3.7/site-packages/airflow/example_dags/example_branch_operator_decorator.py
[2025-11-21T11:07:17.886+0300] {processor.py:753} INFO - DAG(s) dict_keys(['example_branch_python_operator_decorator']) retrieved from /home/pker/airflow_env/lib/python3.7/site-packages/airflow/example_dags/example_branch_operator_decorator.py
[2025-11-21T11:07:17.917+0300] {logging_mixin.py:137} INFO - [2025-11-21T11:07:17.916+0300] {dag.py:2705} INFO - Sync 1 DAGs
[2025-11-21T11:07:16.534+0300] {logging_mixin.py:137} INFO - [2025-11-21T11:07:16.534+0300] {dag.py:3456} INFO - Setting next_dagrun for example_branch_python_operator_decorator to 2025-11-20T00:00:00+00:00, run_after=2025-11-21T00:00:00+00:00
[2025-11-21T11:07:16.605+0300] {processor.py:175} INFO - Processing /home/pker/airflow_env/lib/python3.7/site-packages/airflow/example_dags/example_branch_operator_decorator.py took 0.240 seconds
[2025-11-21T11:08:05.529+0300] {processor.py:153} INFO - Started process (PID=31539) to work on /home/pker/airflow_env/lib/python3.7/site-packages/airflow/example_dags/example_branch_operator_decorator.py
[2025-11-21T11:08:05.533+0300] {processor.py:743} INFO - Processing file /home/pker/airflow_env/lib/python3.7/site-packages/airflow/example_dags/example_branch_operator_decorator.py for tasks to queue
[2025-11-21T11:08:05.534+0300] {logging_mixin.py:137} INFO - [2025-11-21T11:08:05.534+0300] {dagbag.py:532} INFO - Filling up the DagBag from /home/pker/airflow_env/lib/python3.7/site-packages/airflow/example_dags/example_branch_operator_decorator.py
[2025-11-21T11:08:05.586+0300] {processor.py:753} INFO - DAG(s) dict_keys(['example_branch_python_operator_decorator']) retrieved from /home/pker/airflow_env/lib/python3.7/site-packages/airflow/example_dags/example_branch_operator_decorator.py
[2025-11-21T11:08:05.629+0300] {logging_mixin.py:137} INFO - [2025-11-21T11:08:05.629+0300] {dag.py:2705} INFO - Sync 1 DAGs
[2025-11-21T11:08:05.671+0300] {logging_mixin.py:137} INFO - [2025-11-21T11:08:05.671+0300] {dag.py:3456} INFO - Setting next_dagrun for example_branch_python_operator_decorator to 2025-11-20T00:00:00+00:00, run_after=2025-11-21T00:00:00+00:00
[2025-11-21T11:08:05.750+0300] {processor.py:175} INFO - Processing /home/pker/airflow_env/lib/python3.7/site-packages/airflow/example_dags/example_branch_operator_decorator.py took 0.229 seconds
[2025-11-21T11:08:53.609+0300] {processor.py:153} INFO - Started process (PID=31586) to work on /home/pker/airflow_env/lib/python3.7/site-packages/airflow/example_dags/example_branch_operator_decorator.py
[2025-11-21T11:08:53.631+0300] {processor.py:743} INFO - Processing file /home/pker/airflow_env/lib/python3.7/site-packages/airflow/example_dags/example_branch_operator_decorator.py for tasks to queue
[2025-11-21T11:08:53.633+0300] {logging_mixin.py:137} INFO - [2025-11-21T11:08:53.633+0300] {dagbag.py:532} INFO - Filling up the DagBag from /home/pker/airflow_env/lib/python3.7/site-packages/airflow/example_dags/example_branch_operator_decorator.py
[2025-11-21T11:08:53.680+0300] {processor.py:753} INFO - DAG(s) dict_keys(['example_branch_python_operator_decorator']) retrieved from /home/pker/airflow_env/lib/python3.7/site-packages/airflow/example_dags/example_branch_operator_decorator.py
[2025-11-21T11:08:53.720+0300] {logging_mixin.py:137} INFO - [2025-11-21T11:08:53.719+0300] {dag.py:2705} INFO - Sync 1 DAGs
[2025-11-21T11:08:53.756+0300] {logging_mixin.py:137} INFO - [2025-11-21T11:08:53.756+0300] {dag.py:3456} INFO - Setting next_dagrun for example_branch_python_operator_decorator to 2025-11-20T00:00:00+00:00, run_after=2025-11-21T00:00:00+00:00
[2025-11-21T11:08:53.844+0300] {processor.py:175} INFO - Processing /home/pker/airflow_env/lib/python3.7/site-packages/airflow/example_dags/example_branch_operator_decorator.py took 0.240 seconds
