[2025-11-21T10:44:31.802+0300] {processor.py:153} INFO - Started process (PID=30111) to work on /home/pker/airflow_env/lib/python3.7/site-packages/airflow/example_dags/example_dag_decorator.py
[2025-11-21T10:44:31.804+0300] {processor.py:743} INFO - Processing file /home/pker/airflow_env/lib/python3.7/site-packages/airflow/example_dags/example_dag_decorator.py for tasks to queue
[2025-11-21T10:44:31.805+0300] {logging_mixin.py:137} INFO - [2025-11-21T10:44:31.805+0300] {dagbag.py:532} INFO - Filling up the DagBag from /home/pker/airflow_env/lib/python3.7/site-packages/airflow/example_dags/example_dag_decorator.py
[2025-11-21T10:44:31.860+0300] {logging_mixin.py:137} INFO - [2025-11-21T10:44:31.860+0300] {taskmixin.py:211} WARNING - Dependency <Task(_PythonDecoratedOperator): prepare_email>, send_email already registered for DAG: example_dag_decorator
[2025-11-21T10:44:31.860+0300] {logging_mixin.py:137} INFO - [2025-11-21T10:44:31.860+0300] {taskmixin.py:211} WARNING - Dependency <Task(EmailOperator): send_email>, prepare_email already registered for DAG: example_dag_decorator
[2025-11-21T10:44:31.883+0300] {processor.py:753} INFO - DAG(s) dict_keys(['example_dag_decorator']) retrieved from /home/pker/airflow_env/lib/python3.7/site-packages/airflow/example_dags/example_dag_decorator.py
[2025-11-21T10:44:32.033+0300] {logging_mixin.py:137} INFO - [2025-11-21T10:44:32.032+0300] {manager.py:504} INFO - Created Permission View: can delete on DAG:example_dag_decorator
[2025-11-21T10:44:32.048+0300] {logging_mixin.py:137} INFO - [2025-11-21T10:44:32.048+0300] {manager.py:504} INFO - Created Permission View: can read on DAG:example_dag_decorator
[2025-11-21T10:44:32.061+0300] {logging_mixin.py:137} INFO - [2025-11-21T10:44:32.061+0300] {manager.py:504} INFO - Created Permission View: can edit on DAG:example_dag_decorator
[2025-11-21T10:44:32.061+0300] {logging_mixin.py:137} INFO - [2025-11-21T10:44:32.061+0300] {dag.py:2705} INFO - Sync 1 DAGs
[2025-11-21T10:44:32.078+0300] {logging_mixin.py:137} INFO - [2025-11-21T10:44:32.078+0300] {dag.py:2726} INFO - Creating ORM DAG for example_dag_decorator
[2025-11-21T10:44:32.093+0300] {logging_mixin.py:137} INFO - [2025-11-21T10:44:32.093+0300] {dag.py:3456} INFO - Setting next_dagrun for example_dag_decorator to None, run_after=None
[2025-11-21T10:44:32.122+0300] {processor.py:175} INFO - Processing /home/pker/airflow_env/lib/python3.7/site-packages/airflow/example_dags/example_dag_decorator.py took 0.328 seconds
[2025-11-21T10:45:19.618+0300] {processor.py:153} INFO - Started process (PID=30176) to work on /home/pker/airflow_env/lib/python3.7/site-packages/airflow/example_dags/example_dag_decorator.py
[2025-11-21T10:45:19.639+0300] {processor.py:743} INFO - Processing file /home/pker/airflow_env/lib/python3.7/site-packages/airflow/example_dags/example_dag_decorator.py for tasks to queue
[2025-11-21T10:45:19.640+0300] {logging_mixin.py:137} INFO - [2025-11-21T10:45:19.639+0300] {dagbag.py:532} INFO - Filling up the DagBag from /home/pker/airflow_env/lib/python3.7/site-packages/airflow/example_dags/example_dag_decorator.py
[2025-11-21T10:45:19.677+0300] {logging_mixin.py:137} INFO - [2025-11-21T10:45:19.676+0300] {taskmixin.py:211} WARNING - Dependency <Task(_PythonDecoratedOperator): prepare_email>, send_email already registered for DAG: example_dag_decorator
[2025-11-21T10:45:19.677+0300] {logging_mixin.py:137} INFO - [2025-11-21T10:45:19.677+0300] {taskmixin.py:211} WARNING - Dependency <Task(EmailOperator): send_email>, prepare_email already registered for DAG: example_dag_decorator
[2025-11-21T10:45:19.705+0300] {processor.py:753} INFO - DAG(s) dict_keys(['example_dag_decorator']) retrieved from /home/pker/airflow_env/lib/python3.7/site-packages/airflow/example_dags/example_dag_decorator.py
[2025-11-21T10:45:19.778+0300] {logging_mixin.py:137} INFO - [2025-11-21T10:45:19.778+0300] {dag.py:2705} INFO - Sync 1 DAGs
[2025-11-21T10:45:19.816+0300] {logging_mixin.py:137} INFO - [2025-11-21T10:45:19.816+0300] {dag.py:3456} INFO - Setting next_dagrun for example_dag_decorator to None, run_after=None
[2025-11-21T10:45:19.886+0300] {processor.py:175} INFO - Processing /home/pker/airflow_env/lib/python3.7/site-packages/airflow/example_dags/example_dag_decorator.py took 0.274 seconds
[2025-11-21T10:46:09.891+0300] {processor.py:153} INFO - Started process (PID=30223) to work on /home/pker/airflow_env/lib/python3.7/site-packages/airflow/example_dags/example_dag_decorator.py
[2025-11-21T10:46:09.914+0300] {processor.py:743} INFO - Processing file /home/pker/airflow_env/lib/python3.7/site-packages/airflow/example_dags/example_dag_decorator.py for tasks to queue
[2025-11-21T10:46:09.917+0300] {logging_mixin.py:137} INFO - [2025-11-21T10:46:09.916+0300] {dagbag.py:532} INFO - Filling up the DagBag from /home/pker/airflow_env/lib/python3.7/site-packages/airflow/example_dags/example_dag_decorator.py
[2025-11-21T10:46:09.955+0300] {logging_mixin.py:137} INFO - [2025-11-21T10:46:09.954+0300] {taskmixin.py:211} WARNING - Dependency <Task(_PythonDecoratedOperator): prepare_email>, send_email already registered for DAG: example_dag_decorator
[2025-11-21T10:46:09.955+0300] {logging_mixin.py:137} INFO - [2025-11-21T10:46:09.955+0300] {taskmixin.py:211} WARNING - Dependency <Task(EmailOperator): send_email>, prepare_email already registered for DAG: example_dag_decorator
[2025-11-21T10:46:09.972+0300] {processor.py:753} INFO - DAG(s) dict_keys(['example_dag_decorator']) retrieved from /home/pker/airflow_env/lib/python3.7/site-packages/airflow/example_dags/example_dag_decorator.py
[2025-11-21T10:46:10.066+0300] {logging_mixin.py:137} INFO - [2025-11-21T10:46:10.066+0300] {dag.py:2705} INFO - Sync 1 DAGs
[2025-11-21T10:46:10.091+0300] {logging_mixin.py:137} INFO - [2025-11-21T10:46:10.090+0300] {dag.py:3456} INFO - Setting next_dagrun for example_dag_decorator to None, run_after=None
[2025-11-21T10:46:10.120+0300] {processor.py:175} INFO - Processing /home/pker/airflow_env/lib/python3.7/site-packages/airflow/example_dags/example_dag_decorator.py took 0.234 seconds
[2025-11-21T10:46:56.087+0300] {processor.py:153} INFO - Started process (PID=30271) to work on /home/pker/airflow_env/lib/python3.7/site-packages/airflow/example_dags/example_dag_decorator.py
[2025-11-21T10:46:56.092+0300] {processor.py:743} INFO - Processing file /home/pker/airflow_env/lib/python3.7/site-packages/airflow/example_dags/example_dag_decorator.py for tasks to queue
[2025-11-21T10:46:56.093+0300] {logging_mixin.py:137} INFO - [2025-11-21T10:46:56.093+0300] {dagbag.py:532} INFO - Filling up the DagBag from /home/pker/airflow_env/lib/python3.7/site-packages/airflow/example_dags/example_dag_decorator.py
[2025-11-21T10:46:56.129+0300] {logging_mixin.py:137} INFO - [2025-11-21T10:46:56.129+0300] {taskmixin.py:211} WARNING - Dependency <Task(_PythonDecoratedOperator): prepare_email>, send_email already registered for DAG: example_dag_decorator
[2025-11-21T10:46:56.130+0300] {logging_mixin.py:137} INFO - [2025-11-21T10:46:56.129+0300] {taskmixin.py:211} WARNING - Dependency <Task(EmailOperator): send_email>, prepare_email already registered for DAG: example_dag_decorator
[2025-11-21T10:46:56.145+0300] {processor.py:753} INFO - DAG(s) dict_keys(['example_dag_decorator']) retrieved from /home/pker/airflow_env/lib/python3.7/site-packages/airflow/example_dags/example_dag_decorator.py
[2025-11-21T10:46:56.246+0300] {logging_mixin.py:137} INFO - [2025-11-21T10:46:56.246+0300] {dag.py:2705} INFO - Sync 1 DAGs
[2025-11-21T10:46:56.272+0300] {logging_mixin.py:137} INFO - [2025-11-21T10:46:56.272+0300] {dag.py:3456} INFO - Setting next_dagrun for example_dag_decorator to None, run_after=None
[2025-11-21T10:46:56.326+0300] {processor.py:175} INFO - Processing /home/pker/airflow_env/lib/python3.7/site-packages/airflow/example_dags/example_dag_decorator.py took 0.245 seconds
[2025-11-21T10:47:44.669+0300] {processor.py:153} INFO - Started process (PID=30313) to work on /home/pker/airflow_env/lib/python3.7/site-packages/airflow/example_dags/example_dag_decorator.py
[2025-11-21T10:47:44.695+0300] {processor.py:743} INFO - Processing file /home/pker/airflow_env/lib/python3.7/site-packages/airflow/example_dags/example_dag_decorator.py for tasks to queue
[2025-11-21T10:47:44.697+0300] {logging_mixin.py:137} INFO - [2025-11-21T10:47:44.697+0300] {dagbag.py:532} INFO - Filling up the DagBag from /home/pker/airflow_env/lib/python3.7/site-packages/airflow/example_dags/example_dag_decorator.py
[2025-11-21T10:47:44.729+0300] {logging_mixin.py:137} INFO - [2025-11-21T10:47:44.729+0300] {taskmixin.py:211} WARNING - Dependency <Task(_PythonDecoratedOperator): prepare_email>, send_email already registered for DAG: example_dag_decorator
[2025-11-21T10:47:44.730+0300] {logging_mixin.py:137} INFO - [2025-11-21T10:47:44.730+0300] {taskmixin.py:211} WARNING - Dependency <Task(EmailOperator): send_email>, prepare_email already registered for DAG: example_dag_decorator
[2025-11-21T10:47:44.746+0300] {processor.py:753} INFO - DAG(s) dict_keys(['example_dag_decorator']) retrieved from /home/pker/airflow_env/lib/python3.7/site-packages/airflow/example_dags/example_dag_decorator.py
[2025-11-21T10:47:44.824+0300] {logging_mixin.py:137} INFO - [2025-11-21T10:47:44.824+0300] {dag.py:2705} INFO - Sync 1 DAGs
[2025-11-21T10:47:44.851+0300] {logging_mixin.py:137} INFO - [2025-11-21T10:47:44.850+0300] {dag.py:3456} INFO - Setting next_dagrun for example_dag_decorator to None, run_after=None
[2025-11-21T10:47:44.905+0300] {processor.py:175} INFO - Processing /home/pker/airflow_env/lib/python3.7/site-packages/airflow/example_dags/example_dag_decorator.py took 0.241 seconds
[2025-11-21T10:48:31.694+0300] {processor.py:153} INFO - Started process (PID=30357) to work on /home/pker/airflow_env/lib/python3.7/site-packages/airflow/example_dags/example_dag_decorator.py
[2025-11-21T10:48:31.717+0300] {processor.py:743} INFO - Processing file /home/pker/airflow_env/lib/python3.7/site-packages/airflow/example_dags/example_dag_decorator.py for tasks to queue
[2025-11-21T10:48:31.720+0300] {logging_mixin.py:137} INFO - [2025-11-21T10:48:31.719+0300] {dagbag.py:532} INFO - Filling up the DagBag from /home/pker/airflow_env/lib/python3.7/site-packages/airflow/example_dags/example_dag_decorator.py
[2025-11-21T10:48:31.752+0300] {logging_mixin.py:137} INFO - [2025-11-21T10:48:31.752+0300] {taskmixin.py:211} WARNING - Dependency <Task(_PythonDecoratedOperator): prepare_email>, send_email already registered for DAG: example_dag_decorator
[2025-11-21T10:48:31.752+0300] {logging_mixin.py:137} INFO - [2025-11-21T10:48:31.752+0300] {taskmixin.py:211} WARNING - Dependency <Task(EmailOperator): send_email>, prepare_email already registered for DAG: example_dag_decorator
[2025-11-21T10:48:31.770+0300] {processor.py:753} INFO - DAG(s) dict_keys(['example_dag_decorator']) retrieved from /home/pker/airflow_env/lib/python3.7/site-packages/airflow/example_dags/example_dag_decorator.py
[2025-11-21T10:48:31.850+0300] {logging_mixin.py:137} INFO - [2025-11-21T10:48:31.850+0300] {dag.py:2705} INFO - Sync 1 DAGs
[2025-11-21T10:48:31.879+0300] {logging_mixin.py:137} INFO - [2025-11-21T10:48:31.879+0300] {dag.py:3456} INFO - Setting next_dagrun for example_dag_decorator to None, run_after=None
[2025-11-21T10:48:31.934+0300] {processor.py:175} INFO - Processing /home/pker/airflow_env/lib/python3.7/site-packages/airflow/example_dags/example_dag_decorator.py took 0.247 seconds
[2025-11-21T10:49:19.068+0300] {processor.py:153} INFO - Started process (PID=30414) to work on /home/pker/airflow_env/lib/python3.7/site-packages/airflow/example_dags/example_dag_decorator.py
[2025-11-21T10:49:19.071+0300] {processor.py:743} INFO - Processing file /home/pker/airflow_env/lib/python3.7/site-packages/airflow/example_dags/example_dag_decorator.py for tasks to queue
[2025-11-21T10:49:19.073+0300] {logging_mixin.py:137} INFO - [2025-11-21T10:49:19.072+0300] {dagbag.py:532} INFO - Filling up the DagBag from /home/pker/airflow_env/lib/python3.7/site-packages/airflow/example_dags/example_dag_decorator.py
[2025-11-21T10:49:19.110+0300] {logging_mixin.py:137} INFO - [2025-11-21T10:49:19.109+0300] {taskmixin.py:211} WARNING - Dependency <Task(_PythonDecoratedOperator): prepare_email>, send_email already registered for DAG: example_dag_decorator
[2025-11-21T10:49:19.110+0300] {logging_mixin.py:137} INFO - [2025-11-21T10:49:19.110+0300] {taskmixin.py:211} WARNING - Dependency <Task(EmailOperator): send_email>, prepare_email already registered for DAG: example_dag_decorator
[2025-11-21T10:49:19.134+0300] {processor.py:753} INFO - DAG(s) dict_keys(['example_dag_decorator']) retrieved from /home/pker/airflow_env/lib/python3.7/site-packages/airflow/example_dags/example_dag_decorator.py
[2025-11-21T10:49:19.243+0300] {logging_mixin.py:137} INFO - [2025-11-21T10:49:19.242+0300] {dag.py:2705} INFO - Sync 1 DAGs
[2025-11-21T10:49:19.286+0300] {logging_mixin.py:137} INFO - [2025-11-21T10:49:19.286+0300] {dag.py:3456} INFO - Setting next_dagrun for example_dag_decorator to None, run_after=None
[2025-11-21T10:49:19.348+0300] {processor.py:175} INFO - Processing /home/pker/airflow_env/lib/python3.7/site-packages/airflow/example_dags/example_dag_decorator.py took 0.285 seconds
[2025-11-21T10:50:06.322+0300] {processor.py:153} INFO - Started process (PID=30459) to work on /home/pker/airflow_env/lib/python3.7/site-packages/airflow/example_dags/example_dag_decorator.py
[2025-11-21T10:50:06.343+0300] {processor.py:743} INFO - Processing file /home/pker/airflow_env/lib/python3.7/site-packages/airflow/example_dags/example_dag_decorator.py for tasks to queue
[2025-11-21T10:50:06.344+0300] {logging_mixin.py:137} INFO - [2025-11-21T10:50:06.344+0300] {dagbag.py:532} INFO - Filling up the DagBag from /home/pker/airflow_env/lib/python3.7/site-packages/airflow/example_dags/example_dag_decorator.py
[2025-11-21T10:50:06.375+0300] {logging_mixin.py:137} INFO - [2025-11-21T10:50:06.374+0300] {taskmixin.py:211} WARNING - Dependency <Task(_PythonDecoratedOperator): prepare_email>, send_email already registered for DAG: example_dag_decorator
[2025-11-21T10:50:06.375+0300] {logging_mixin.py:137} INFO - [2025-11-21T10:50:06.375+0300] {taskmixin.py:211} WARNING - Dependency <Task(EmailOperator): send_email>, prepare_email already registered for DAG: example_dag_decorator
[2025-11-21T10:50:06.390+0300] {processor.py:753} INFO - DAG(s) dict_keys(['example_dag_decorator']) retrieved from /home/pker/airflow_env/lib/python3.7/site-packages/airflow/example_dags/example_dag_decorator.py
[2025-11-21T10:50:06.479+0300] {logging_mixin.py:137} INFO - [2025-11-21T10:50:06.479+0300] {dag.py:2705} INFO - Sync 1 DAGs
[2025-11-21T10:50:06.512+0300] {logging_mixin.py:137} INFO - [2025-11-21T10:50:06.511+0300] {dag.py:3456} INFO - Setting next_dagrun for example_dag_decorator to None, run_after=None
[2025-11-21T10:50:06.550+0300] {processor.py:175} INFO - Processing /home/pker/airflow_env/lib/python3.7/site-packages/airflow/example_dags/example_dag_decorator.py took 0.234 seconds
[2025-11-21T10:50:54.093+0300] {processor.py:153} INFO - Started process (PID=30504) to work on /home/pker/airflow_env/lib/python3.7/site-packages/airflow/example_dags/example_dag_decorator.py
[2025-11-21T10:50:54.114+0300] {processor.py:743} INFO - Processing file /home/pker/airflow_env/lib/python3.7/site-packages/airflow/example_dags/example_dag_decorator.py for tasks to queue
[2025-11-21T10:50:54.115+0300] {logging_mixin.py:137} INFO - [2025-11-21T10:50:54.115+0300] {dagbag.py:532} INFO - Filling up the DagBag from /home/pker/airflow_env/lib/python3.7/site-packages/airflow/example_dags/example_dag_decorator.py
[2025-11-21T10:50:54.149+0300] {logging_mixin.py:137} INFO - [2025-11-21T10:50:54.149+0300] {taskmixin.py:211} WARNING - Dependency <Task(_PythonDecoratedOperator): prepare_email>, send_email already registered for DAG: example_dag_decorator
[2025-11-21T10:50:54.149+0300] {logging_mixin.py:137} INFO - [2025-11-21T10:50:54.149+0300] {taskmixin.py:211} WARNING - Dependency <Task(EmailOperator): send_email>, prepare_email already registered for DAG: example_dag_decorator
[2025-11-21T10:50:54.165+0300] {processor.py:753} INFO - DAG(s) dict_keys(['example_dag_decorator']) retrieved from /home/pker/airflow_env/lib/python3.7/site-packages/airflow/example_dags/example_dag_decorator.py
[2025-11-21T10:50:54.253+0300] {logging_mixin.py:137} INFO - [2025-11-21T10:50:54.253+0300] {dag.py:2705} INFO - Sync 1 DAGs
[2025-11-21T10:50:54.319+0300] {logging_mixin.py:137} INFO - [2025-11-21T10:50:54.318+0300] {dag.py:3456} INFO - Setting next_dagrun for example_dag_decorator to None, run_after=None
[2025-11-21T10:50:54.388+0300] {processor.py:175} INFO - Processing /home/pker/airflow_env/lib/python3.7/site-packages/airflow/example_dags/example_dag_decorator.py took 0.306 seconds
[2025-11-21T10:51:39.164+0300] {processor.py:153} INFO - Started process (PID=30546) to work on /home/pker/airflow_env/lib/python3.7/site-packages/airflow/example_dags/example_dag_decorator.py
[2025-11-21T10:51:39.186+0300] {processor.py:743} INFO - Processing file /home/pker/airflow_env/lib/python3.7/site-packages/airflow/example_dags/example_dag_decorator.py for tasks to queue
[2025-11-21T10:51:39.189+0300] {logging_mixin.py:137} INFO - [2025-11-21T10:51:39.188+0300] {dagbag.py:532} INFO - Filling up the DagBag from /home/pker/airflow_env/lib/python3.7/site-packages/airflow/example_dags/example_dag_decorator.py
[2025-11-21T10:51:39.225+0300] {logging_mixin.py:137} INFO - [2025-11-21T10:51:39.225+0300] {taskmixin.py:211} WARNING - Dependency <Task(_PythonDecoratedOperator): prepare_email>, send_email already registered for DAG: example_dag_decorator
[2025-11-21T10:51:39.225+0300] {logging_mixin.py:137} INFO - [2025-11-21T10:51:39.225+0300] {taskmixin.py:211} WARNING - Dependency <Task(EmailOperator): send_email>, prepare_email already registered for DAG: example_dag_decorator
[2025-11-21T10:51:39.244+0300] {processor.py:753} INFO - DAG(s) dict_keys(['example_dag_decorator']) retrieved from /home/pker/airflow_env/lib/python3.7/site-packages/airflow/example_dags/example_dag_decorator.py
[2025-11-21T10:51:39.358+0300] {logging_mixin.py:137} INFO - [2025-11-21T10:51:39.358+0300] {dag.py:2705} INFO - Sync 1 DAGs
[2025-11-21T10:51:39.398+0300] {logging_mixin.py:137} INFO - [2025-11-21T10:51:39.398+0300] {dag.py:3456} INFO - Setting next_dagrun for example_dag_decorator to None, run_after=None
[2025-11-21T10:51:39.466+0300] {processor.py:175} INFO - Processing /home/pker/airflow_env/lib/python3.7/site-packages/airflow/example_dags/example_dag_decorator.py took 0.308 seconds
[2025-11-21T10:52:26.236+0300] {processor.py:153} INFO - Started process (PID=30593) to work on /home/pker/airflow_env/lib/python3.7/site-packages/airflow/example_dags/example_dag_decorator.py
[2025-11-21T10:52:26.259+0300] {processor.py:743} INFO - Processing file /home/pker/airflow_env/lib/python3.7/site-packages/airflow/example_dags/example_dag_decorator.py for tasks to queue
[2025-11-21T10:52:26.262+0300] {logging_mixin.py:137} INFO - [2025-11-21T10:52:26.261+0300] {dagbag.py:532} INFO - Filling up the DagBag from /home/pker/airflow_env/lib/python3.7/site-packages/airflow/example_dags/example_dag_decorator.py
[2025-11-21T10:52:26.297+0300] {logging_mixin.py:137} INFO - [2025-11-21T10:52:26.297+0300] {taskmixin.py:211} WARNING - Dependency <Task(_PythonDecoratedOperator): prepare_email>, send_email already registered for DAG: example_dag_decorator
[2025-11-21T10:52:26.297+0300] {logging_mixin.py:137} INFO - [2025-11-21T10:52:26.297+0300] {taskmixin.py:211} WARNING - Dependency <Task(EmailOperator): send_email>, prepare_email already registered for DAG: example_dag_decorator
[2025-11-21T10:52:26.317+0300] {processor.py:753} INFO - DAG(s) dict_keys(['example_dag_decorator']) retrieved from /home/pker/airflow_env/lib/python3.7/site-packages/airflow/example_dags/example_dag_decorator.py
[2025-11-21T10:52:26.412+0300] {logging_mixin.py:137} INFO - [2025-11-21T10:52:26.412+0300] {dag.py:2705} INFO - Sync 1 DAGs
[2025-11-21T10:52:26.440+0300] {logging_mixin.py:137} INFO - [2025-11-21T10:52:26.440+0300] {dag.py:3456} INFO - Setting next_dagrun for example_dag_decorator to None, run_after=None
[2025-11-21T10:52:26.498+0300] {processor.py:175} INFO - Processing /home/pker/airflow_env/lib/python3.7/site-packages/airflow/example_dags/example_dag_decorator.py took 0.267 seconds
[2025-11-21T10:53:12.361+0300] {processor.py:153} INFO - Started process (PID=30638) to work on /home/pker/airflow_env/lib/python3.7/site-packages/airflow/example_dags/example_dag_decorator.py
[2025-11-21T10:53:12.385+0300] {processor.py:743} INFO - Processing file /home/pker/airflow_env/lib/python3.7/site-packages/airflow/example_dags/example_dag_decorator.py for tasks to queue
[2025-11-21T10:53:12.387+0300] {logging_mixin.py:137} INFO - [2025-11-21T10:53:12.387+0300] {dagbag.py:532} INFO - Filling up the DagBag from /home/pker/airflow_env/lib/python3.7/site-packages/airflow/example_dags/example_dag_decorator.py
[2025-11-21T10:53:12.421+0300] {logging_mixin.py:137} INFO - [2025-11-21T10:53:12.420+0300] {taskmixin.py:211} WARNING - Dependency <Task(_PythonDecoratedOperator): prepare_email>, send_email already registered for DAG: example_dag_decorator
[2025-11-21T10:53:12.421+0300] {logging_mixin.py:137} INFO - [2025-11-21T10:53:12.421+0300] {taskmixin.py:211} WARNING - Dependency <Task(EmailOperator): send_email>, prepare_email already registered for DAG: example_dag_decorator
[2025-11-21T10:53:12.442+0300] {processor.py:753} INFO - DAG(s) dict_keys(['example_dag_decorator']) retrieved from /home/pker/airflow_env/lib/python3.7/site-packages/airflow/example_dags/example_dag_decorator.py
[2025-11-21T10:53:12.534+0300] {logging_mixin.py:137} INFO - [2025-11-21T10:53:12.533+0300] {dag.py:2705} INFO - Sync 1 DAGs
[2025-11-21T10:53:12.584+0300] {logging_mixin.py:137} INFO - [2025-11-21T10:53:12.583+0300] {dag.py:3456} INFO - Setting next_dagrun for example_dag_decorator to None, run_after=None
[2025-11-21T10:53:12.652+0300] {processor.py:175} INFO - Processing /home/pker/airflow_env/lib/python3.7/site-packages/airflow/example_dags/example_dag_decorator.py took 0.300 seconds
[2025-11-21T10:54:01.468+0300] {processor.py:153} INFO - Started process (PID=30682) to work on /home/pker/airflow_env/lib/python3.7/site-packages/airflow/example_dags/example_dag_decorator.py
[2025-11-21T10:54:01.490+0300] {processor.py:743} INFO - Processing file /home/pker/airflow_env/lib/python3.7/site-packages/airflow/example_dags/example_dag_decorator.py for tasks to queue
[2025-11-21T10:54:01.492+0300] {logging_mixin.py:137} INFO - [2025-11-21T10:54:01.492+0300] {dagbag.py:532} INFO - Filling up the DagBag from /home/pker/airflow_env/lib/python3.7/site-packages/airflow/example_dags/example_dag_decorator.py
[2025-11-21T10:54:01.530+0300] {logging_mixin.py:137} INFO - [2025-11-21T10:54:01.530+0300] {taskmixin.py:211} WARNING - Dependency <Task(_PythonDecoratedOperator): prepare_email>, send_email already registered for DAG: example_dag_decorator
[2025-11-21T10:54:01.531+0300] {logging_mixin.py:137} INFO - [2025-11-21T10:54:01.531+0300] {taskmixin.py:211} WARNING - Dependency <Task(EmailOperator): send_email>, prepare_email already registered for DAG: example_dag_decorator
[2025-11-21T10:54:01.548+0300] {processor.py:753} INFO - DAG(s) dict_keys(['example_dag_decorator']) retrieved from /home/pker/airflow_env/lib/python3.7/site-packages/airflow/example_dags/example_dag_decorator.py
[2025-11-21T10:54:01.640+0300] {logging_mixin.py:137} INFO - [2025-11-21T10:54:01.639+0300] {dag.py:2705} INFO - Sync 1 DAGs
[2025-11-21T10:54:01.678+0300] {logging_mixin.py:137} INFO - [2025-11-21T10:54:01.678+0300] {dag.py:3456} INFO - Setting next_dagrun for example_dag_decorator to None, run_after=None
[2025-11-21T10:54:01.749+0300] {processor.py:175} INFO - Processing /home/pker/airflow_env/lib/python3.7/site-packages/airflow/example_dags/example_dag_decorator.py took 0.288 seconds
[2025-11-21T10:54:49.223+0300] {processor.py:153} INFO - Started process (PID=30726) to work on /home/pker/airflow_env/lib/python3.7/site-packages/airflow/example_dags/example_dag_decorator.py
[2025-11-21T10:54:49.227+0300] {processor.py:743} INFO - Processing file /home/pker/airflow_env/lib/python3.7/site-packages/airflow/example_dags/example_dag_decorator.py for tasks to queue
[2025-11-21T10:54:49.229+0300] {logging_mixin.py:137} INFO - [2025-11-21T10:54:49.229+0300] {dagbag.py:532} INFO - Filling up the DagBag from /home/pker/airflow_env/lib/python3.7/site-packages/airflow/example_dags/example_dag_decorator.py
[2025-11-21T10:54:49.267+0300] {logging_mixin.py:137} INFO - [2025-11-21T10:54:49.267+0300] {taskmixin.py:211} WARNING - Dependency <Task(_PythonDecoratedOperator): prepare_email>, send_email already registered for DAG: example_dag_decorator
[2025-11-21T10:54:49.268+0300] {logging_mixin.py:137} INFO - [2025-11-21T10:54:49.268+0300] {taskmixin.py:211} WARNING - Dependency <Task(EmailOperator): send_email>, prepare_email already registered for DAG: example_dag_decorator
[2025-11-21T10:54:49.287+0300] {processor.py:753} INFO - DAG(s) dict_keys(['example_dag_decorator']) retrieved from /home/pker/airflow_env/lib/python3.7/site-packages/airflow/example_dags/example_dag_decorator.py
[2025-11-21T10:54:49.385+0300] {logging_mixin.py:137} INFO - [2025-11-21T10:54:49.384+0300] {dag.py:2705} INFO - Sync 1 DAGs
[2025-11-21T10:54:49.417+0300] {logging_mixin.py:137} INFO - [2025-11-21T10:54:49.417+0300] {dag.py:3456} INFO - Setting next_dagrun for example_dag_decorator to None, run_after=None
[2025-11-21T10:54:49.486+0300] {processor.py:175} INFO - Processing /home/pker/airflow_env/lib/python3.7/site-packages/airflow/example_dags/example_dag_decorator.py took 0.271 seconds
[2025-11-21T10:55:35.864+0300] {processor.py:153} INFO - Started process (PID=30776) to work on /home/pker/airflow_env/lib/python3.7/site-packages/airflow/example_dags/example_dag_decorator.py
[2025-11-21T10:55:35.867+0300] {processor.py:743} INFO - Processing file /home/pker/airflow_env/lib/python3.7/site-packages/airflow/example_dags/example_dag_decorator.py for tasks to queue
[2025-11-21T10:55:35.869+0300] {logging_mixin.py:137} INFO - [2025-11-21T10:55:35.868+0300] {dagbag.py:532} INFO - Filling up the DagBag from /home/pker/airflow_env/lib/python3.7/site-packages/airflow/example_dags/example_dag_decorator.py
[2025-11-21T10:55:35.900+0300] {logging_mixin.py:137} INFO - [2025-11-21T10:55:35.900+0300] {taskmixin.py:211} WARNING - Dependency <Task(_PythonDecoratedOperator): prepare_email>, send_email already registered for DAG: example_dag_decorator
[2025-11-21T10:55:35.900+0300] {logging_mixin.py:137} INFO - [2025-11-21T10:55:35.900+0300] {taskmixin.py:211} WARNING - Dependency <Task(EmailOperator): send_email>, prepare_email already registered for DAG: example_dag_decorator
[2025-11-21T10:55:35.919+0300] {processor.py:753} INFO - DAG(s) dict_keys(['example_dag_decorator']) retrieved from /home/pker/airflow_env/lib/python3.7/site-packages/airflow/example_dags/example_dag_decorator.py
[2025-11-21T10:55:35.992+0300] {logging_mixin.py:137} INFO - [2025-11-21T10:55:35.992+0300] {dag.py:2705} INFO - Sync 1 DAGs
[2025-11-21T10:55:36.015+0300] {logging_mixin.py:137} INFO - [2025-11-21T10:55:36.015+0300] {dag.py:3456} INFO - Setting next_dagrun for example_dag_decorator to None, run_after=None
[2025-11-21T10:55:36.077+0300] {processor.py:175} INFO - Processing /home/pker/airflow_env/lib/python3.7/site-packages/airflow/example_dags/example_dag_decorator.py took 0.220 seconds
[2025-11-21T10:56:24.404+0300] {processor.py:153} INFO - Started process (PID=30820) to work on /home/pker/airflow_env/lib/python3.7/site-packages/airflow/example_dags/example_dag_decorator.py
[2025-11-21T10:56:24.409+0300] {processor.py:743} INFO - Processing file /home/pker/airflow_env/lib/python3.7/site-packages/airflow/example_dags/example_dag_decorator.py for tasks to queue
[2025-11-21T10:56:24.412+0300] {logging_mixin.py:137} INFO - [2025-11-21T10:56:24.411+0300] {dagbag.py:532} INFO - Filling up the DagBag from /home/pker/airflow_env/lib/python3.7/site-packages/airflow/example_dags/example_dag_decorator.py
[2025-11-21T10:56:24.448+0300] {logging_mixin.py:137} INFO - [2025-11-21T10:56:24.447+0300] {taskmixin.py:211} WARNING - Dependency <Task(_PythonDecoratedOperator): prepare_email>, send_email already registered for DAG: example_dag_decorator
[2025-11-21T10:56:24.448+0300] {logging_mixin.py:137} INFO - [2025-11-21T10:56:24.448+0300] {taskmixin.py:211} WARNING - Dependency <Task(EmailOperator): send_email>, prepare_email already registered for DAG: example_dag_decorator
[2025-11-21T10:56:24.469+0300] {processor.py:753} INFO - DAG(s) dict_keys(['example_dag_decorator']) retrieved from /home/pker/airflow_env/lib/python3.7/site-packages/airflow/example_dags/example_dag_decorator.py
[2025-11-21T10:56:24.557+0300] {logging_mixin.py:137} INFO - [2025-11-21T10:56:24.556+0300] {dag.py:2705} INFO - Sync 1 DAGs
[2025-11-21T10:56:24.590+0300] {logging_mixin.py:137} INFO - [2025-11-21T10:56:24.590+0300] {dag.py:3456} INFO - Setting next_dagrun for example_dag_decorator to None, run_after=None
[2025-11-21T10:56:24.664+0300] {processor.py:175} INFO - Processing /home/pker/airflow_env/lib/python3.7/site-packages/airflow/example_dags/example_dag_decorator.py took 0.265 seconds
[2025-11-21T10:57:14.830+0300] {processor.py:153} INFO - Started process (PID=30864) to work on /home/pker/airflow_env/lib/python3.7/site-packages/airflow/example_dags/example_dag_decorator.py
[2025-11-21T10:57:14.842+0300] {processor.py:743} INFO - Processing file /home/pker/airflow_env/lib/python3.7/site-packages/airflow/example_dags/example_dag_decorator.py for tasks to queue
[2025-11-21T10:57:14.845+0300] {logging_mixin.py:137} INFO - [2025-11-21T10:57:14.844+0300] {dagbag.py:532} INFO - Filling up the DagBag from /home/pker/airflow_env/lib/python3.7/site-packages/airflow/example_dags/example_dag_decorator.py
[2025-11-21T10:57:14.889+0300] {logging_mixin.py:137} INFO - [2025-11-21T10:57:14.888+0300] {taskmixin.py:211} WARNING - Dependency <Task(_PythonDecoratedOperator): prepare_email>, send_email already registered for DAG: example_dag_decorator
[2025-11-21T10:57:14.889+0300] {logging_mixin.py:137} INFO - [2025-11-21T10:57:14.889+0300] {taskmixin.py:211} WARNING - Dependency <Task(EmailOperator): send_email>, prepare_email already registered for DAG: example_dag_decorator
[2025-11-21T10:57:14.907+0300] {processor.py:753} INFO - DAG(s) dict_keys(['example_dag_decorator']) retrieved from /home/pker/airflow_env/lib/python3.7/site-packages/airflow/example_dags/example_dag_decorator.py
[2025-11-21T10:57:15.007+0300] {logging_mixin.py:137} INFO - [2025-11-21T10:57:15.007+0300] {dag.py:2705} INFO - Sync 1 DAGs
[2025-11-21T10:57:15.045+0300] {logging_mixin.py:137} INFO - [2025-11-21T10:57:15.045+0300] {dag.py:3456} INFO - Setting next_dagrun for example_dag_decorator to None, run_after=None
[2025-11-21T10:57:15.123+0300] {processor.py:175} INFO - Processing /home/pker/airflow_env/lib/python3.7/site-packages/airflow/example_dags/example_dag_decorator.py took 0.302 seconds
[2025-11-21T10:58:02.464+0300] {processor.py:153} INFO - Started process (PID=30908) to work on /home/pker/airflow_env/lib/python3.7/site-packages/airflow/example_dags/example_dag_decorator.py
[2025-11-21T10:58:02.481+0300] {processor.py:743} INFO - Processing file /home/pker/airflow_env/lib/python3.7/site-packages/airflow/example_dags/example_dag_decorator.py for tasks to queue
[2025-11-21T10:58:02.484+0300] {logging_mixin.py:137} INFO - [2025-11-21T10:58:02.483+0300] {dagbag.py:532} INFO - Filling up the DagBag from /home/pker/airflow_env/lib/python3.7/site-packages/airflow/example_dags/example_dag_decorator.py
[2025-11-21T10:58:02.525+0300] {logging_mixin.py:137} INFO - [2025-11-21T10:58:02.524+0300] {taskmixin.py:211} WARNING - Dependency <Task(_PythonDecoratedOperator): prepare_email>, send_email already registered for DAG: example_dag_decorator
[2025-11-21T10:58:02.525+0300] {logging_mixin.py:137} INFO - [2025-11-21T10:58:02.525+0300] {taskmixin.py:211} WARNING - Dependency <Task(EmailOperator): send_email>, prepare_email already registered for DAG: example_dag_decorator
[2025-11-21T10:58:02.540+0300] {processor.py:753} INFO - DAG(s) dict_keys(['example_dag_decorator']) retrieved from /home/pker/airflow_env/lib/python3.7/site-packages/airflow/example_dags/example_dag_decorator.py
[2025-11-21T10:58:02.621+0300] {logging_mixin.py:137} INFO - [2025-11-21T10:58:02.621+0300] {dag.py:2705} INFO - Sync 1 DAGs
[2025-11-21T10:58:02.652+0300] {logging_mixin.py:137} INFO - [2025-11-21T10:58:02.651+0300] {dag.py:3456} INFO - Setting next_dagrun for example_dag_decorator to None, run_after=None
[2025-11-21T10:58:02.713+0300] {processor.py:175} INFO - Processing /home/pker/airflow_env/lib/python3.7/site-packages/airflow/example_dags/example_dag_decorator.py took 0.259 seconds
[2025-11-21T10:58:52.071+0300] {processor.py:153} INFO - Started process (PID=30969) to work on /home/pker/airflow_env/lib/python3.7/site-packages/airflow/example_dags/example_dag_decorator.py
[2025-11-21T10:58:52.073+0300] {processor.py:743} INFO - Processing file /home/pker/airflow_env/lib/python3.7/site-packages/airflow/example_dags/example_dag_decorator.py for tasks to queue
[2025-11-21T10:58:52.074+0300] {logging_mixin.py:137} INFO - [2025-11-21T10:58:52.074+0300] {dagbag.py:532} INFO - Filling up the DagBag from /home/pker/airflow_env/lib/python3.7/site-packages/airflow/example_dags/example_dag_decorator.py
[2025-11-21T10:58:52.105+0300] {logging_mixin.py:137} INFO - [2025-11-21T10:58:52.105+0300] {taskmixin.py:211} WARNING - Dependency <Task(_PythonDecoratedOperator): prepare_email>, send_email already registered for DAG: example_dag_decorator
[2025-11-21T10:58:52.106+0300] {logging_mixin.py:137} INFO - [2025-11-21T10:58:52.106+0300] {taskmixin.py:211} WARNING - Dependency <Task(EmailOperator): send_email>, prepare_email already registered for DAG: example_dag_decorator
[2025-11-21T10:58:52.129+0300] {processor.py:753} INFO - DAG(s) dict_keys(['example_dag_decorator']) retrieved from /home/pker/airflow_env/lib/python3.7/site-packages/airflow/example_dags/example_dag_decorator.py
[2025-11-21T10:58:52.242+0300] {logging_mixin.py:137} INFO - [2025-11-21T10:58:52.242+0300] {dag.py:2705} INFO - Sync 1 DAGs
[2025-11-21T10:58:52.281+0300] {logging_mixin.py:137} INFO - [2025-11-21T10:58:52.280+0300] {dag.py:3456} INFO - Setting next_dagrun for example_dag_decorator to None, run_after=None
[2025-11-21T10:58:52.327+0300] {processor.py:175} INFO - Processing /home/pker/airflow_env/lib/python3.7/site-packages/airflow/example_dags/example_dag_decorator.py took 0.263 seconds
[2025-11-21T10:59:38.838+0300] {processor.py:153} INFO - Started process (PID=31015) to work on /home/pker/airflow_env/lib/python3.7/site-packages/airflow/example_dags/example_dag_decorator.py
[2025-11-21T10:59:38.841+0300] {processor.py:743} INFO - Processing file /home/pker/airflow_env/lib/python3.7/site-packages/airflow/example_dags/example_dag_decorator.py for tasks to queue
[2025-11-21T10:59:38.842+0300] {logging_mixin.py:137} INFO - [2025-11-21T10:59:38.842+0300] {dagbag.py:532} INFO - Filling up the DagBag from /home/pker/airflow_env/lib/python3.7/site-packages/airflow/example_dags/example_dag_decorator.py
[2025-11-21T10:59:38.883+0300] {logging_mixin.py:137} INFO - [2025-11-21T10:59:38.882+0300] {taskmixin.py:211} WARNING - Dependency <Task(_PythonDecoratedOperator): prepare_email>, send_email already registered for DAG: example_dag_decorator
[2025-11-21T10:59:38.884+0300] {logging_mixin.py:137} INFO - [2025-11-21T10:59:38.884+0300] {taskmixin.py:211} WARNING - Dependency <Task(EmailOperator): send_email>, prepare_email already registered for DAG: example_dag_decorator
[2025-11-21T10:59:38.910+0300] {processor.py:753} INFO - DAG(s) dict_keys(['example_dag_decorator']) retrieved from /home/pker/airflow_env/lib/python3.7/site-packages/airflow/example_dags/example_dag_decorator.py
[2025-11-21T10:59:39.034+0300] {logging_mixin.py:137} INFO - [2025-11-21T10:59:39.034+0300] {dag.py:2705} INFO - Sync 1 DAGs
[2025-11-21T10:59:39.059+0300] {logging_mixin.py:137} INFO - [2025-11-21T10:59:39.059+0300] {dag.py:3456} INFO - Setting next_dagrun for example_dag_decorator to None, run_after=None
[2025-11-21T10:59:39.110+0300] {processor.py:175} INFO - Processing /home/pker/airflow_env/lib/python3.7/site-packages/airflow/example_dags/example_dag_decorator.py took 0.282 seconds
[2025-11-21T11:00:30.673+0300] {processor.py:153} INFO - Started process (PID=31073) to work on /home/pker/airflow_env/lib/python3.7/site-packages/airflow/example_dags/example_dag_decorator.py
[2025-11-21T11:00:30.697+0300] {processor.py:743} INFO - Processing file /home/pker/airflow_env/lib/python3.7/site-packages/airflow/example_dags/example_dag_decorator.py for tasks to queue
[2025-11-21T11:00:30.699+0300] {logging_mixin.py:137} INFO - [2025-11-21T11:00:30.698+0300] {dagbag.py:532} INFO - Filling up the DagBag from /home/pker/airflow_env/lib/python3.7/site-packages/airflow/example_dags/example_dag_decorator.py
[2025-11-21T11:00:30.739+0300] {logging_mixin.py:137} INFO - [2025-11-21T11:00:30.738+0300] {taskmixin.py:211} WARNING - Dependency <Task(_PythonDecoratedOperator): prepare_email>, send_email already registered for DAG: example_dag_decorator
[2025-11-21T11:00:30.739+0300] {logging_mixin.py:137} INFO - [2025-11-21T11:00:30.739+0300] {taskmixin.py:211} WARNING - Dependency <Task(EmailOperator): send_email>, prepare_email already registered for DAG: example_dag_decorator
[2025-11-21T11:00:30.760+0300] {processor.py:753} INFO - DAG(s) dict_keys(['example_dag_decorator']) retrieved from /home/pker/airflow_env/lib/python3.7/site-packages/airflow/example_dags/example_dag_decorator.py
[2025-11-21T11:00:30.847+0300] {logging_mixin.py:137} INFO - [2025-11-21T11:00:30.847+0300] {dag.py:2705} INFO - Sync 1 DAGs
[2025-11-21T11:00:30.875+0300] {logging_mixin.py:137} INFO - [2025-11-21T11:00:30.875+0300] {dag.py:3456} INFO - Setting next_dagrun for example_dag_decorator to None, run_after=None
[2025-11-21T11:00:30.908+0300] {processor.py:175} INFO - Processing /home/pker/airflow_env/lib/python3.7/site-packages/airflow/example_dags/example_dag_decorator.py took 0.242 seconds
[2025-11-21T11:01:19.406+0300] {processor.py:153} INFO - Started process (PID=31119) to work on /home/pker/airflow_env/lib/python3.7/site-packages/airflow/example_dags/example_dag_decorator.py
[2025-11-21T11:01:19.430+0300] {processor.py:743} INFO - Processing file /home/pker/airflow_env/lib/python3.7/site-packages/airflow/example_dags/example_dag_decorator.py for tasks to queue
[2025-11-21T11:01:19.432+0300] {logging_mixin.py:137} INFO - [2025-11-21T11:01:19.432+0300] {dagbag.py:532} INFO - Filling up the DagBag from /home/pker/airflow_env/lib/python3.7/site-packages/airflow/example_dags/example_dag_decorator.py
[2025-11-21T11:01:19.466+0300] {logging_mixin.py:137} INFO - [2025-11-21T11:01:19.465+0300] {taskmixin.py:211} WARNING - Dependency <Task(_PythonDecoratedOperator): prepare_email>, send_email already registered for DAG: example_dag_decorator
[2025-11-21T11:01:19.466+0300] {logging_mixin.py:137} INFO - [2025-11-21T11:01:19.466+0300] {taskmixin.py:211} WARNING - Dependency <Task(EmailOperator): send_email>, prepare_email already registered for DAG: example_dag_decorator
[2025-11-21T11:01:19.482+0300] {processor.py:753} INFO - DAG(s) dict_keys(['example_dag_decorator']) retrieved from /home/pker/airflow_env/lib/python3.7/site-packages/airflow/example_dags/example_dag_decorator.py
[2025-11-21T11:01:19.557+0300] {logging_mixin.py:137} INFO - [2025-11-21T11:01:19.556+0300] {dag.py:2705} INFO - Sync 1 DAGs
[2025-11-21T11:01:19.592+0300] {logging_mixin.py:137} INFO - [2025-11-21T11:01:19.591+0300] {dag.py:3456} INFO - Setting next_dagrun for example_dag_decorator to None, run_after=None
[2025-11-21T11:01:19.659+0300] {processor.py:175} INFO - Processing /home/pker/airflow_env/lib/python3.7/site-packages/airflow/example_dags/example_dag_decorator.py took 0.259 seconds
[2025-11-21T11:02:08.375+0300] {processor.py:153} INFO - Started process (PID=31165) to work on /home/pker/airflow_env/lib/python3.7/site-packages/airflow/example_dags/example_dag_decorator.py
[2025-11-21T11:02:08.397+0300] {processor.py:743} INFO - Processing file /home/pker/airflow_env/lib/python3.7/site-packages/airflow/example_dags/example_dag_decorator.py for tasks to queue
[2025-11-21T11:02:08.399+0300] {logging_mixin.py:137} INFO - [2025-11-21T11:02:08.399+0300] {dagbag.py:532} INFO - Filling up the DagBag from /home/pker/airflow_env/lib/python3.7/site-packages/airflow/example_dags/example_dag_decorator.py
[2025-11-21T11:02:08.434+0300] {logging_mixin.py:137} INFO - [2025-11-21T11:02:08.434+0300] {taskmixin.py:211} WARNING - Dependency <Task(_PythonDecoratedOperator): prepare_email>, send_email already registered for DAG: example_dag_decorator
[2025-11-21T11:02:08.435+0300] {logging_mixin.py:137} INFO - [2025-11-21T11:02:08.435+0300] {taskmixin.py:211} WARNING - Dependency <Task(EmailOperator): send_email>, prepare_email already registered for DAG: example_dag_decorator
[2025-11-21T11:02:08.451+0300] {processor.py:753} INFO - DAG(s) dict_keys(['example_dag_decorator']) retrieved from /home/pker/airflow_env/lib/python3.7/site-packages/airflow/example_dags/example_dag_decorator.py
[2025-11-21T11:02:08.539+0300] {logging_mixin.py:137} INFO - [2025-11-21T11:02:08.538+0300] {dag.py:2705} INFO - Sync 1 DAGs
[2025-11-21T11:02:08.568+0300] {logging_mixin.py:137} INFO - [2025-11-21T11:02:08.568+0300] {dag.py:3456} INFO - Setting next_dagrun for example_dag_decorator to None, run_after=None
[2025-11-21T11:02:08.629+0300] {processor.py:175} INFO - Processing /home/pker/airflow_env/lib/python3.7/site-packages/airflow/example_dags/example_dag_decorator.py took 0.260 seconds
[2025-11-21T11:02:54.946+0300] {processor.py:153} INFO - Started process (PID=31212) to work on /home/pker/airflow_env/lib/python3.7/site-packages/airflow/example_dags/example_dag_decorator.py
[2025-11-21T11:02:54.967+0300] {processor.py:743} INFO - Processing file /home/pker/airflow_env/lib/python3.7/site-packages/airflow/example_dags/example_dag_decorator.py for tasks to queue
[2025-11-21T11:02:54.968+0300] {logging_mixin.py:137} INFO - [2025-11-21T11:02:54.967+0300] {dagbag.py:532} INFO - Filling up the DagBag from /home/pker/airflow_env/lib/python3.7/site-packages/airflow/example_dags/example_dag_decorator.py
[2025-11-21T11:02:54.995+0300] {logging_mixin.py:137} INFO - [2025-11-21T11:02:54.995+0300] {taskmixin.py:211} WARNING - Dependency <Task(_PythonDecoratedOperator): prepare_email>, send_email already registered for DAG: example_dag_decorator
[2025-11-21T11:02:54.995+0300] {logging_mixin.py:137} INFO - [2025-11-21T11:02:54.995+0300] {taskmixin.py:211} WARNING - Dependency <Task(EmailOperator): send_email>, prepare_email already registered for DAG: example_dag_decorator
[2025-11-21T11:02:55.014+0300] {processor.py:753} INFO - DAG(s) dict_keys(['example_dag_decorator']) retrieved from /home/pker/airflow_env/lib/python3.7/site-packages/airflow/example_dags/example_dag_decorator.py
[2025-11-21T11:02:55.152+0300] {logging_mixin.py:137} INFO - [2025-11-21T11:02:55.152+0300] {dag.py:2705} INFO - Sync 1 DAGs
[2025-11-21T11:02:55.198+0300] {logging_mixin.py:137} INFO - [2025-11-21T11:02:55.198+0300] {dag.py:3456} INFO - Setting next_dagrun for example_dag_decorator to None, run_after=None
[2025-11-21T11:02:55.261+0300] {processor.py:175} INFO - Processing /home/pker/airflow_env/lib/python3.7/site-packages/airflow/example_dags/example_dag_decorator.py took 0.322 seconds
[2025-11-21T11:03:40.803+0300] {processor.py:153} INFO - Started process (PID=31255) to work on /home/pker/airflow_env/lib/python3.7/site-packages/airflow/example_dags/example_dag_decorator.py
[2025-11-21T11:03:40.823+0300] {processor.py:743} INFO - Processing file /home/pker/airflow_env/lib/python3.7/site-packages/airflow/example_dags/example_dag_decorator.py for tasks to queue
[2025-11-21T11:03:40.825+0300] {logging_mixin.py:137} INFO - [2025-11-21T11:03:40.825+0300] {dagbag.py:532} INFO - Filling up the DagBag from /home/pker/airflow_env/lib/python3.7/site-packages/airflow/example_dags/example_dag_decorator.py
[2025-11-21T11:03:40.868+0300] {logging_mixin.py:137} INFO - [2025-11-21T11:03:40.868+0300] {taskmixin.py:211} WARNING - Dependency <Task(_PythonDecoratedOperator): prepare_email>, send_email already registered for DAG: example_dag_decorator
[2025-11-21T11:03:40.869+0300] {logging_mixin.py:137} INFO - [2025-11-21T11:03:40.869+0300] {taskmixin.py:211} WARNING - Dependency <Task(EmailOperator): send_email>, prepare_email already registered for DAG: example_dag_decorator
[2025-11-21T11:03:40.890+0300] {processor.py:753} INFO - DAG(s) dict_keys(['example_dag_decorator']) retrieved from /home/pker/airflow_env/lib/python3.7/site-packages/airflow/example_dags/example_dag_decorator.py
[2025-11-21T11:03:40.975+0300] {logging_mixin.py:137} INFO - [2025-11-21T11:03:40.975+0300] {dag.py:2705} INFO - Sync 1 DAGs
[2025-11-21T11:03:41.011+0300] {logging_mixin.py:137} INFO - [2025-11-21T11:03:41.010+0300] {dag.py:3456} INFO - Setting next_dagrun for example_dag_decorator to None, run_after=None
[2025-11-21T11:03:41.066+0300] {processor.py:175} INFO - Processing /home/pker/airflow_env/lib/python3.7/site-packages/airflow/example_dags/example_dag_decorator.py took 0.268 seconds
[2025-11-21T11:04:28.329+0300] {processor.py:153} INFO - Started process (PID=31299) to work on /home/pker/airflow_env/lib/python3.7/site-packages/airflow/example_dags/example_dag_decorator.py
[2025-11-21T11:04:28.352+0300] {processor.py:743} INFO - Processing file /home/pker/airflow_env/lib/python3.7/site-packages/airflow/example_dags/example_dag_decorator.py for tasks to queue
[2025-11-21T11:04:28.354+0300] {logging_mixin.py:137} INFO - [2025-11-21T11:04:28.354+0300] {dagbag.py:532} INFO - Filling up the DagBag from /home/pker/airflow_env/lib/python3.7/site-packages/airflow/example_dags/example_dag_decorator.py
[2025-11-21T11:04:28.393+0300] {logging_mixin.py:137} INFO - [2025-11-21T11:04:28.393+0300] {taskmixin.py:211} WARNING - Dependency <Task(_PythonDecoratedOperator): prepare_email>, send_email already registered for DAG: example_dag_decorator
[2025-11-21T11:04:28.394+0300] {logging_mixin.py:137} INFO - [2025-11-21T11:04:28.393+0300] {taskmixin.py:211} WARNING - Dependency <Task(EmailOperator): send_email>, prepare_email already registered for DAG: example_dag_decorator
[2025-11-21T11:04:28.408+0300] {processor.py:753} INFO - DAG(s) dict_keys(['example_dag_decorator']) retrieved from /home/pker/airflow_env/lib/python3.7/site-packages/airflow/example_dags/example_dag_decorator.py
[2025-11-21T11:04:28.498+0300] {logging_mixin.py:137} INFO - [2025-11-21T11:04:28.497+0300] {dag.py:2705} INFO - Sync 1 DAGs
[2025-11-21T11:04:28.538+0300] {logging_mixin.py:137} INFO - [2025-11-21T11:04:28.537+0300] {dag.py:3456} INFO - Setting next_dagrun for example_dag_decorator to None, run_after=None
[2025-11-21T11:04:28.605+0300] {processor.py:175} INFO - Processing /home/pker/airflow_env/lib/python3.7/site-packages/airflow/example_dags/example_dag_decorator.py took 0.282 seconds
[2025-11-21T11:05:18.578+0300] {processor.py:153} INFO - Started process (PID=31346) to work on /home/pker/airflow_env/lib/python3.7/site-packages/airflow/example_dags/example_dag_decorator.py
[2025-11-21T11:05:18.601+0300] {processor.py:743} INFO - Processing file /home/pker/airflow_env/lib/python3.7/site-packages/airflow/example_dags/example_dag_decorator.py for tasks to queue
[2025-11-21T11:05:18.603+0300] {logging_mixin.py:137} INFO - [2025-11-21T11:05:18.603+0300] {dagbag.py:532} INFO - Filling up the DagBag from /home/pker/airflow_env/lib/python3.7/site-packages/airflow/example_dags/example_dag_decorator.py
[2025-11-21T11:05:18.647+0300] {logging_mixin.py:137} INFO - [2025-11-21T11:05:18.647+0300] {taskmixin.py:211} WARNING - Dependency <Task(_PythonDecoratedOperator): prepare_email>, send_email already registered for DAG: example_dag_decorator
[2025-11-21T11:05:18.647+0300] {logging_mixin.py:137} INFO - [2025-11-21T11:05:18.647+0300] {taskmixin.py:211} WARNING - Dependency <Task(EmailOperator): send_email>, prepare_email already registered for DAG: example_dag_decorator
[2025-11-21T11:05:18.671+0300] {processor.py:753} INFO - DAG(s) dict_keys(['example_dag_decorator']) retrieved from /home/pker/airflow_env/lib/python3.7/site-packages/airflow/example_dags/example_dag_decorator.py
[2025-11-21T11:05:18.782+0300] {logging_mixin.py:137} INFO - [2025-11-21T11:05:18.782+0300] {dag.py:2705} INFO - Sync 1 DAGs
[2025-11-21T11:05:18.817+0300] {logging_mixin.py:137} INFO - [2025-11-21T11:05:18.817+0300] {dag.py:3456} INFO - Setting next_dagrun for example_dag_decorator to None, run_after=None
[2025-11-21T11:05:18.864+0300] {processor.py:175} INFO - Processing /home/pker/airflow_env/lib/python3.7/site-packages/airflow/example_dags/example_dag_decorator.py took 0.293 seconds
[2025-11-21T11:06:06.198+0300] {processor.py:153} INFO - Started process (PID=31397) to work on /home/pker/airflow_env/lib/python3.7/site-packages/airflow/example_dags/example_dag_decorator.py
[2025-11-21T11:06:06.220+0300] {processor.py:743} INFO - Processing file /home/pker/airflow_env/lib/python3.7/site-packages/airflow/example_dags/example_dag_decorator.py for tasks to queue
[2025-11-21T11:06:06.222+0300] {logging_mixin.py:137} INFO - [2025-11-21T11:06:06.222+0300] {dagbag.py:532} INFO - Filling up the DagBag from /home/pker/airflow_env/lib/python3.7/site-packages/airflow/example_dags/example_dag_decorator.py
[2025-11-21T11:06:06.252+0300] {logging_mixin.py:137} INFO - [2025-11-21T11:06:06.252+0300] {taskmixin.py:211} WARNING - Dependency <Task(_PythonDecoratedOperator): prepare_email>, send_email already registered for DAG: example_dag_decorator
[2025-11-21T11:06:06.253+0300] {logging_mixin.py:137} INFO - [2025-11-21T11:06:06.253+0300] {taskmixin.py:211} WARNING - Dependency <Task(EmailOperator): send_email>, prepare_email already registered for DAG: example_dag_decorator
[2025-11-21T11:06:06.276+0300] {processor.py:753} INFO - DAG(s) dict_keys(['example_dag_decorator']) retrieved from /home/pker/airflow_env/lib/python3.7/site-packages/airflow/example_dags/example_dag_decorator.py
[2025-11-21T11:06:06.382+0300] {logging_mixin.py:137} INFO - [2025-11-21T11:06:06.382+0300] {dag.py:2705} INFO - Sync 1 DAGs
[2025-11-21T11:06:06.413+0300] {logging_mixin.py:137} INFO - [2025-11-21T11:06:06.413+0300] {dag.py:3456} INFO - Setting next_dagrun for example_dag_decorator to None, run_after=None
[2025-11-21T11:06:06.474+0300] {processor.py:175} INFO - Processing /home/pker/airflow_env/lib/python3.7/site-packages/airflow/example_dags/example_dag_decorator.py took 0.282 seconds
[2025-11-21T11:06:53.683+0300] {processor.py:153} INFO - Started process (PID=31445) to work on /home/pker/airflow_env/lib/python3.7/site-packages/airflow/example_dags/example_dag_decorator.py
[2025-11-21T11:06:53.706+0300] {processor.py:743} INFO - Processing file /home/pker/airflow_env/lib/python3.7/site-packages/airflow/example_dags/example_dag_decorator.py for tasks to queue
[2025-11-21T11:06:53.709+0300] {logging_mixin.py:137} INFO - [2025-11-21T11:06:53.708+0300] {dagbag.py:532} INFO - Filling up the DagBag from /home/pker/airflow_env/lib/python3.7/site-packages/airflow/example_dags/example_dag_decorator.py
[2025-11-21T11:06:53.748+0300] {logging_mixin.py:137} INFO - [2025-11-21T11:06:53.747+0300] {taskmixin.py:211} WARNING - Dependency <Task(_PythonDecoratedOperator): prepare_email>, send_email already registered for DAG: example_dag_decorator
[2025-11-21T11:06:53.748+0300] {logging_mixin.py:137} INFO - [2025-11-21T11:06:53.748+0300] {taskmixin.py:211} WARNING - Dependency <Task(EmailOperator): send_email>, prepare_email already registered for DAG: example_dag_decorator
[2025-11-21T11:06:53.764+0300] {processor.py:753} INFO - DAG(s) dict_keys(['example_dag_decorator']) retrieved from /home/pker/airflow_env/lib/python3.7/site-packages/airflow/example_dags/example_dag_decorator.py
[2025-11-21T11:06:53.852+0300] {logging_mixin.py:137} INFO - [2025-11-21T11:06:53.852+0300] {dag.py:2705} INFO - Sync 1 DAGs
[2025-11-21T11:06:53.885+0300] {logging_mixin.py:137} INFO - [2025-11-21T11:06:53.884+0300] {dag.py:3456} INFO - Setting next_dagrun for example_dag_decorator to None, run_after=None
[2025-11-21T11:06:53.961+0300] {processor.py:175} INFO - Processing /home/pker/airflow_env/lib/python3.7/site-packages/airflow/example_dags/example_dag_decorator.py took 0.285 seconds
[2025-11-21T11:07:42.003+0300] {processor.py:153} INFO - Started process (PID=31513) to work on /home/pker/airflow_env/lib/python3.7/site-packages/airflow/example_dags/example_dag_decorator.py
[2025-11-21T11:07:42.025+0300] {processor.py:743} INFO - Processing file /home/pker/airflow_env/lib/python3.7/site-packages/airflow/example_dags/example_dag_decorator.py for tasks to queue
[2025-11-21T11:07:42.027+0300] {logging_mixin.py:137} INFO - [2025-11-21T11:07:42.027+0300] {dagbag.py:532} INFO - Filling up the DagBag from /home/pker/airflow_env/lib/python3.7/site-packages/airflow/example_dags/example_dag_decorator.py
[2025-11-21T11:07:42.060+0300] {logging_mixin.py:137} INFO - [2025-11-21T11:07:42.060+0300] {taskmixin.py:211} WARNING - Dependency <Task(_PythonDecoratedOperator): prepare_email>, send_email already registered for DAG: example_dag_decorator
[2025-11-21T11:07:42.060+0300] {logging_mixin.py:137} INFO - [2025-11-21T11:07:42.060+0300] {taskmixin.py:211} WARNING - Dependency <Task(EmailOperator): send_email>, prepare_email already registered for DAG: example_dag_decorator
[2025-11-21T11:07:42.075+0300] {processor.py:753} INFO - DAG(s) dict_keys(['example_dag_decorator']) retrieved from /home/pker/airflow_env/lib/python3.7/site-packages/airflow/example_dags/example_dag_decorator.py
[2025-11-21T11:07:42.158+0300] {logging_mixin.py:137} INFO - [2025-11-21T11:07:42.157+0300] {dag.py:2705} INFO - Sync 1 DAGs
[2025-11-21T11:07:42.188+0300] {logging_mixin.py:137} INFO - [2025-11-21T11:07:42.188+0300] {dag.py:3456} INFO - Setting next_dagrun for example_dag_decorator to None, run_after=None
[2025-11-21T11:07:42.254+0300] {processor.py:175} INFO - Processing /home/pker/airflow_env/lib/python3.7/site-packages/airflow/example_dags/example_dag_decorator.py took 0.257 seconds
[2025-11-21T11:08:31.080+0300] {processor.py:153} INFO - Started process (PID=31562) to work on /home/pker/airflow_env/lib/python3.7/site-packages/airflow/example_dags/example_dag_decorator.py
[2025-11-21T11:08:31.103+0300] {processor.py:743} INFO - Processing file /home/pker/airflow_env/lib/python3.7/site-packages/airflow/example_dags/example_dag_decorator.py for tasks to queue
[2025-11-21T11:08:31.105+0300] {logging_mixin.py:137} INFO - [2025-11-21T11:08:31.104+0300] {dagbag.py:532} INFO - Filling up the DagBag from /home/pker/airflow_env/lib/python3.7/site-packages/airflow/example_dags/example_dag_decorator.py
[2025-11-21T11:08:31.147+0300] {logging_mixin.py:137} INFO - [2025-11-21T11:08:31.146+0300] {taskmixin.py:211} WARNING - Dependency <Task(_PythonDecoratedOperator): prepare_email>, send_email already registered for DAG: example_dag_decorator
[2025-11-21T11:08:31.147+0300] {logging_mixin.py:137} INFO - [2025-11-21T11:08:31.147+0300] {taskmixin.py:211} WARNING - Dependency <Task(EmailOperator): send_email>, prepare_email already registered for DAG: example_dag_decorator
[2025-11-21T11:08:31.168+0300] {processor.py:753} INFO - DAG(s) dict_keys(['example_dag_decorator']) retrieved from /home/pker/airflow_env/lib/python3.7/site-packages/airflow/example_dags/example_dag_decorator.py
[2025-11-21T11:08:31.253+0300] {logging_mixin.py:137} INFO - [2025-11-21T11:08:31.252+0300] {dag.py:2705} INFO - Sync 1 DAGs
[2025-11-21T11:08:31.282+0300] {logging_mixin.py:137} INFO - [2025-11-21T11:08:31.282+0300] {dag.py:3456} INFO - Setting next_dagrun for example_dag_decorator to None, run_after=None
[2025-11-21T11:08:31.349+0300] {processor.py:175} INFO - Processing /home/pker/airflow_env/lib/python3.7/site-packages/airflow/example_dags/example_dag_decorator.py took 0.278 seconds
