[2025-11-21T10:44:23.458+0300] {processor.py:153} INFO - Started process (PID=30105) to work on /home/pker/airflow_env/lib/python3.7/site-packages/airflow/example_dags/example_branch_python_dop_operator_3.py
[2025-11-21T10:44:23.459+0300] {processor.py:743} INFO - Processing file /home/pker/airflow_env/lib/python3.7/site-packages/airflow/example_dags/example_branch_python_dop_operator_3.py for tasks to queue
[2025-11-21T10:44:23.460+0300] {logging_mixin.py:137} INFO - [2025-11-21T10:44:23.460+0300] {dagbag.py:532} INFO - Filling up the DagBag from /home/pker/airflow_env/lib/python3.7/site-packages/airflow/example_dags/example_branch_python_dop_operator_3.py
[2025-11-21T10:44:23.501+0300] {processor.py:753} INFO - DAG(s) dict_keys(['example_branch_dop_operator_v3']) retrieved from /home/pker/airflow_env/lib/python3.7/site-packages/airflow/example_dags/example_branch_python_dop_operator_3.py
[2025-11-21T10:44:23.678+0300] {logging_mixin.py:137} INFO - [2025-11-21T10:44:23.677+0300] {manager.py:504} INFO - Created Permission View: can delete on DAG:example_branch_dop_operator_v3
[2025-11-21T10:44:23.699+0300] {logging_mixin.py:137} INFO - [2025-11-21T10:44:23.698+0300] {manager.py:504} INFO - Created Permission View: can read on DAG:example_branch_dop_operator_v3
[2025-11-21T10:44:23.721+0300] {logging_mixin.py:137} INFO - [2025-11-21T10:44:23.720+0300] {manager.py:504} INFO - Created Permission View: can edit on DAG:example_branch_dop_operator_v3
[2025-11-21T10:44:23.721+0300] {logging_mixin.py:137} INFO - [2025-11-21T10:44:23.721+0300] {dag.py:2705} INFO - Sync 1 DAGs
[2025-11-21T10:44:23.751+0300] {logging_mixin.py:137} INFO - [2025-11-21T10:44:23.751+0300] {dag.py:2726} INFO - Creating ORM DAG for example_branch_dop_operator_v3
[2025-11-21T10:44:23.774+0300] {logging_mixin.py:137} INFO - [2025-11-21T10:44:23.774+0300] {dag.py:3456} INFO - Setting next_dagrun for example_branch_dop_operator_v3 to 2025-11-21T07:43:00+00:00, run_after=2025-11-21T07:44:00+00:00
[2025-11-21T10:44:23.808+0300] {processor.py:175} INFO - Processing /home/pker/airflow_env/lib/python3.7/site-packages/airflow/example_dags/example_branch_python_dop_operator_3.py took 0.357 seconds
[2025-11-21T10:45:13.841+0300] {processor.py:153} INFO - Started process (PID=30149) to work on /home/pker/airflow_env/lib/python3.7/site-packages/airflow/example_dags/example_branch_python_dop_operator_3.py
[2025-11-21T10:45:13.865+0300] {processor.py:743} INFO - Processing file /home/pker/airflow_env/lib/python3.7/site-packages/airflow/example_dags/example_branch_python_dop_operator_3.py for tasks to queue
[2025-11-21T10:45:13.867+0300] {logging_mixin.py:137} INFO - [2025-11-21T10:45:13.866+0300] {dagbag.py:532} INFO - Filling up the DagBag from /home/pker/airflow_env/lib/python3.7/site-packages/airflow/example_dags/example_branch_python_dop_operator_3.py
[2025-11-21T10:45:13.924+0300] {processor.py:753} INFO - DAG(s) dict_keys(['example_branch_dop_operator_v3']) retrieved from /home/pker/airflow_env/lib/python3.7/site-packages/airflow/example_dags/example_branch_python_dop_operator_3.py
[2025-11-21T10:45:13.951+0300] {logging_mixin.py:137} INFO - [2025-11-21T10:45:13.951+0300] {dag.py:2705} INFO - Sync 1 DAGs
[2025-11-21T10:45:13.988+0300] {logging_mixin.py:137} INFO - [2025-11-21T10:45:13.988+0300] {dag.py:3456} INFO - Setting next_dagrun for example_branch_dop_operator_v3 to 2025-11-21T07:44:00+00:00, run_after=2025-11-21T07:45:00+00:00
[2025-11-21T10:45:14.050+0300] {processor.py:175} INFO - Processing /home/pker/airflow_env/lib/python3.7/site-packages/airflow/example_dags/example_branch_python_dop_operator_3.py took 0.216 seconds
[2025-11-21T10:46:02.565+0300] {processor.py:153} INFO - Started process (PID=30217) to work on /home/pker/airflow_env/lib/python3.7/site-packages/airflow/example_dags/example_branch_python_dop_operator_3.py
[2025-11-21T10:46:02.588+0300] {processor.py:743} INFO - Processing file /home/pker/airflow_env/lib/python3.7/site-packages/airflow/example_dags/example_branch_python_dop_operator_3.py for tasks to queue
[2025-11-21T10:46:02.590+0300] {logging_mixin.py:137} INFO - [2025-11-21T10:46:02.589+0300] {dagbag.py:532} INFO - Filling up the DagBag from /home/pker/airflow_env/lib/python3.7/site-packages/airflow/example_dags/example_branch_python_dop_operator_3.py
[2025-11-21T10:46:02.635+0300] {processor.py:753} INFO - DAG(s) dict_keys(['example_branch_dop_operator_v3']) retrieved from /home/pker/airflow_env/lib/python3.7/site-packages/airflow/example_dags/example_branch_python_dop_operator_3.py
[2025-11-21T10:46:02.661+0300] {logging_mixin.py:137} INFO - [2025-11-21T10:46:02.661+0300] {dag.py:2705} INFO - Sync 1 DAGs
[2025-11-21T10:46:02.693+0300] {logging_mixin.py:137} INFO - [2025-11-21T10:46:02.693+0300] {dag.py:3456} INFO - Setting next_dagrun for example_branch_dop_operator_v3 to 2025-11-21T07:45:00+00:00, run_after=2025-11-21T07:46:00+00:00
[2025-11-21T10:46:02.753+0300] {processor.py:175} INFO - Processing /home/pker/airflow_env/lib/python3.7/site-packages/airflow/example_dags/example_branch_python_dop_operator_3.py took 0.194 seconds
[2025-11-21T10:46:50.636+0300] {processor.py:153} INFO - Started process (PID=30265) to work on /home/pker/airflow_env/lib/python3.7/site-packages/airflow/example_dags/example_branch_python_dop_operator_3.py
[2025-11-21T10:46:50.660+0300] {processor.py:743} INFO - Processing file /home/pker/airflow_env/lib/python3.7/site-packages/airflow/example_dags/example_branch_python_dop_operator_3.py for tasks to queue
[2025-11-21T10:46:50.662+0300] {logging_mixin.py:137} INFO - [2025-11-21T10:46:50.662+0300] {dagbag.py:532} INFO - Filling up the DagBag from /home/pker/airflow_env/lib/python3.7/site-packages/airflow/example_dags/example_branch_python_dop_operator_3.py
[2025-11-21T10:46:50.706+0300] {processor.py:753} INFO - DAG(s) dict_keys(['example_branch_dop_operator_v3']) retrieved from /home/pker/airflow_env/lib/python3.7/site-packages/airflow/example_dags/example_branch_python_dop_operator_3.py
[2025-11-21T10:46:50.742+0300] {logging_mixin.py:137} INFO - [2025-11-21T10:46:50.741+0300] {dag.py:2705} INFO - Sync 1 DAGs
[2025-11-21T10:46:50.782+0300] {logging_mixin.py:137} INFO - [2025-11-21T10:46:50.782+0300] {dag.py:3456} INFO - Setting next_dagrun for example_branch_dop_operator_v3 to 2025-11-21T07:45:00+00:00, run_after=2025-11-21T07:46:00+00:00
[2025-11-21T10:46:50.845+0300] {processor.py:175} INFO - Processing /home/pker/airflow_env/lib/python3.7/site-packages/airflow/example_dags/example_branch_python_dop_operator_3.py took 0.214 seconds
[2025-11-21T10:47:38.969+0300] {processor.py:153} INFO - Started process (PID=30307) to work on /home/pker/airflow_env/lib/python3.7/site-packages/airflow/example_dags/example_branch_python_dop_operator_3.py
[2025-11-21T10:47:38.990+0300] {processor.py:743} INFO - Processing file /home/pker/airflow_env/lib/python3.7/site-packages/airflow/example_dags/example_branch_python_dop_operator_3.py for tasks to queue
[2025-11-21T10:47:38.991+0300] {logging_mixin.py:137} INFO - [2025-11-21T10:47:38.991+0300] {dagbag.py:532} INFO - Filling up the DagBag from /home/pker/airflow_env/lib/python3.7/site-packages/airflow/example_dags/example_branch_python_dop_operator_3.py
[2025-11-21T10:47:39.049+0300] {processor.py:753} INFO - DAG(s) dict_keys(['example_branch_dop_operator_v3']) retrieved from /home/pker/airflow_env/lib/python3.7/site-packages/airflow/example_dags/example_branch_python_dop_operator_3.py
[2025-11-21T10:47:39.091+0300] {logging_mixin.py:137} INFO - [2025-11-21T10:47:39.091+0300] {dag.py:2705} INFO - Sync 1 DAGs
[2025-11-21T10:47:39.137+0300] {logging_mixin.py:137} INFO - [2025-11-21T10:47:39.137+0300] {dag.py:3456} INFO - Setting next_dagrun for example_branch_dop_operator_v3 to 2025-11-21T07:46:00+00:00, run_after=2025-11-21T07:47:00+00:00
[2025-11-21T10:47:39.190+0300] {processor.py:175} INFO - Processing /home/pker/airflow_env/lib/python3.7/site-packages/airflow/example_dags/example_branch_python_dop_operator_3.py took 0.233 seconds
[2025-11-21T10:48:26.275+0300] {processor.py:153} INFO - Started process (PID=30351) to work on /home/pker/airflow_env/lib/python3.7/site-packages/airflow/example_dags/example_branch_python_dop_operator_3.py
[2025-11-21T10:48:26.299+0300] {processor.py:743} INFO - Processing file /home/pker/airflow_env/lib/python3.7/site-packages/airflow/example_dags/example_branch_python_dop_operator_3.py for tasks to queue
[2025-11-21T10:48:26.302+0300] {logging_mixin.py:137} INFO - [2025-11-21T10:48:26.301+0300] {dagbag.py:532} INFO - Filling up the DagBag from /home/pker/airflow_env/lib/python3.7/site-packages/airflow/example_dags/example_branch_python_dop_operator_3.py
[2025-11-21T10:48:26.349+0300] {processor.py:753} INFO - DAG(s) dict_keys(['example_branch_dop_operator_v3']) retrieved from /home/pker/airflow_env/lib/python3.7/site-packages/airflow/example_dags/example_branch_python_dop_operator_3.py
[2025-11-21T10:48:26.379+0300] {logging_mixin.py:137} INFO - [2025-11-21T10:48:26.379+0300] {dag.py:2705} INFO - Sync 1 DAGs
[2025-11-21T10:48:26.414+0300] {logging_mixin.py:137} INFO - [2025-11-21T10:48:26.414+0300] {dag.py:3456} INFO - Setting next_dagrun for example_branch_dop_operator_v3 to 2025-11-21T07:47:00+00:00, run_after=2025-11-21T07:48:00+00:00
[2025-11-21T10:48:26.477+0300] {processor.py:175} INFO - Processing /home/pker/airflow_env/lib/python3.7/site-packages/airflow/example_dags/example_branch_python_dop_operator_3.py took 0.209 seconds
[2025-11-21T10:49:11.859+0300] {processor.py:153} INFO - Started process (PID=30408) to work on /home/pker/airflow_env/lib/python3.7/site-packages/airflow/example_dags/example_branch_python_dop_operator_3.py
[2025-11-21T10:49:11.885+0300] {processor.py:743} INFO - Processing file /home/pker/airflow_env/lib/python3.7/site-packages/airflow/example_dags/example_branch_python_dop_operator_3.py for tasks to queue
[2025-11-21T10:49:11.887+0300] {logging_mixin.py:137} INFO - [2025-11-21T10:49:11.887+0300] {dagbag.py:532} INFO - Filling up the DagBag from /home/pker/airflow_env/lib/python3.7/site-packages/airflow/example_dags/example_branch_python_dop_operator_3.py
[2025-11-21T10:49:11.955+0300] {processor.py:753} INFO - DAG(s) dict_keys(['example_branch_dop_operator_v3']) retrieved from /home/pker/airflow_env/lib/python3.7/site-packages/airflow/example_dags/example_branch_python_dop_operator_3.py
[2025-11-21T10:49:12.007+0300] {logging_mixin.py:137} INFO - [2025-11-21T10:49:12.006+0300] {dag.py:2705} INFO - Sync 1 DAGs
[2025-11-21T10:49:12.058+0300] {logging_mixin.py:137} INFO - [2025-11-21T10:49:12.058+0300] {dag.py:3456} INFO - Setting next_dagrun for example_branch_dop_operator_v3 to 2025-11-21T07:48:00+00:00, run_after=2025-11-21T07:49:00+00:00
[2025-11-21T10:49:12.134+0300] {processor.py:175} INFO - Processing /home/pker/airflow_env/lib/python3.7/site-packages/airflow/example_dags/example_branch_python_dop_operator_3.py took 0.285 seconds
[2025-11-21T10:50:00.679+0300] {processor.py:153} INFO - Started process (PID=30453) to work on /home/pker/airflow_env/lib/python3.7/site-packages/airflow/example_dags/example_branch_python_dop_operator_3.py
[2025-11-21T10:50:00.702+0300] {processor.py:743} INFO - Processing file /home/pker/airflow_env/lib/python3.7/site-packages/airflow/example_dags/example_branch_python_dop_operator_3.py for tasks to queue
[2025-11-21T10:50:00.704+0300] {logging_mixin.py:137} INFO - [2025-11-21T10:50:00.704+0300] {dagbag.py:532} INFO - Filling up the DagBag from /home/pker/airflow_env/lib/python3.7/site-packages/airflow/example_dags/example_branch_python_dop_operator_3.py
[2025-11-21T10:50:00.747+0300] {processor.py:753} INFO - DAG(s) dict_keys(['example_branch_dop_operator_v3']) retrieved from /home/pker/airflow_env/lib/python3.7/site-packages/airflow/example_dags/example_branch_python_dop_operator_3.py
[2025-11-21T10:50:00.778+0300] {logging_mixin.py:137} INFO - [2025-11-21T10:50:00.778+0300] {dag.py:2705} INFO - Sync 1 DAGs
[2025-11-21T10:50:00.818+0300] {logging_mixin.py:137} INFO - [2025-11-21T10:50:00.817+0300] {dag.py:3456} INFO - Setting next_dagrun for example_branch_dop_operator_v3 to 2025-11-21T07:49:00+00:00, run_after=2025-11-21T07:50:00+00:00
[2025-11-21T10:50:00.891+0300] {processor.py:175} INFO - Processing /home/pker/airflow_env/lib/python3.7/site-packages/airflow/example_dags/example_branch_python_dop_operator_3.py took 0.218 seconds
[2025-11-21T10:50:47.353+0300] {processor.py:153} INFO - Started process (PID=30498) to work on /home/pker/airflow_env/lib/python3.7/site-packages/airflow/example_dags/example_branch_python_dop_operator_3.py
[2025-11-21T10:50:47.375+0300] {processor.py:743} INFO - Processing file /home/pker/airflow_env/lib/python3.7/site-packages/airflow/example_dags/example_branch_python_dop_operator_3.py for tasks to queue
[2025-11-21T10:50:47.377+0300] {logging_mixin.py:137} INFO - [2025-11-21T10:50:47.377+0300] {dagbag.py:532} INFO - Filling up the DagBag from /home/pker/airflow_env/lib/python3.7/site-packages/airflow/example_dags/example_branch_python_dop_operator_3.py
[2025-11-21T10:50:47.442+0300] {processor.py:753} INFO - DAG(s) dict_keys(['example_branch_dop_operator_v3']) retrieved from /home/pker/airflow_env/lib/python3.7/site-packages/airflow/example_dags/example_branch_python_dop_operator_3.py
[2025-11-21T10:50:47.490+0300] {logging_mixin.py:137} INFO - [2025-11-21T10:50:47.490+0300] {dag.py:2705} INFO - Sync 1 DAGs
[2025-11-21T10:50:47.539+0300] {logging_mixin.py:137} INFO - [2025-11-21T10:50:47.539+0300] {dag.py:3456} INFO - Setting next_dagrun for example_branch_dop_operator_v3 to 2025-11-21T07:49:00+00:00, run_after=2025-11-21T07:50:00+00:00
[2025-11-21T10:50:47.604+0300] {processor.py:175} INFO - Processing /home/pker/airflow_env/lib/python3.7/site-packages/airflow/example_dags/example_branch_python_dop_operator_3.py took 0.258 seconds
[2025-11-21T10:51:33.659+0300] {processor.py:153} INFO - Started process (PID=30540) to work on /home/pker/airflow_env/lib/python3.7/site-packages/airflow/example_dags/example_branch_python_dop_operator_3.py
[2025-11-21T10:51:33.661+0300] {processor.py:743} INFO - Processing file /home/pker/airflow_env/lib/python3.7/site-packages/airflow/example_dags/example_branch_python_dop_operator_3.py for tasks to queue
[2025-11-21T10:51:33.662+0300] {logging_mixin.py:137} INFO - [2025-11-21T10:51:33.662+0300] {dagbag.py:532} INFO - Filling up the DagBag from /home/pker/airflow_env/lib/python3.7/site-packages/airflow/example_dags/example_branch_python_dop_operator_3.py
[2025-11-21T10:51:33.700+0300] {processor.py:753} INFO - DAG(s) dict_keys(['example_branch_dop_operator_v3']) retrieved from /home/pker/airflow_env/lib/python3.7/site-packages/airflow/example_dags/example_branch_python_dop_operator_3.py
[2025-11-21T10:51:33.739+0300] {logging_mixin.py:137} INFO - [2025-11-21T10:51:33.738+0300] {dag.py:2705} INFO - Sync 1 DAGs
[2025-11-21T10:51:33.783+0300] {logging_mixin.py:137} INFO - [2025-11-21T10:51:33.783+0300] {dag.py:3456} INFO - Setting next_dagrun for example_branch_dop_operator_v3 to 2025-11-21T07:50:00+00:00, run_after=2025-11-21T07:51:00+00:00
[2025-11-21T10:51:33.841+0300] {processor.py:175} INFO - Processing /home/pker/airflow_env/lib/python3.7/site-packages/airflow/example_dags/example_branch_python_dop_operator_3.py took 0.189 seconds
[2025-11-21T10:52:19.000+0300] {processor.py:153} INFO - Started process (PID=30587) to work on /home/pker/airflow_env/lib/python3.7/site-packages/airflow/example_dags/example_branch_python_dop_operator_3.py
[2025-11-21T10:52:19.021+0300] {processor.py:743} INFO - Processing file /home/pker/airflow_env/lib/python3.7/site-packages/airflow/example_dags/example_branch_python_dop_operator_3.py for tasks to queue
[2025-11-21T10:52:19.023+0300] {logging_mixin.py:137} INFO - [2025-11-21T10:52:19.023+0300] {dagbag.py:532} INFO - Filling up the DagBag from /home/pker/airflow_env/lib/python3.7/site-packages/airflow/example_dags/example_branch_python_dop_operator_3.py
[2025-11-21T10:52:19.071+0300] {processor.py:753} INFO - DAG(s) dict_keys(['example_branch_dop_operator_v3']) retrieved from /home/pker/airflow_env/lib/python3.7/site-packages/airflow/example_dags/example_branch_python_dop_operator_3.py
[2025-11-21T10:52:19.112+0300] {logging_mixin.py:137} INFO - [2025-11-21T10:52:19.111+0300] {dag.py:2705} INFO - Sync 1 DAGs
[2025-11-21T10:52:19.145+0300] {logging_mixin.py:137} INFO - [2025-11-21T10:52:19.145+0300] {dag.py:3456} INFO - Setting next_dagrun for example_branch_dop_operator_v3 to 2025-11-21T07:51:00+00:00, run_after=2025-11-21T07:52:00+00:00
[2025-11-21T10:52:19.181+0300] {processor.py:175} INFO - Processing /home/pker/airflow_env/lib/python3.7/site-packages/airflow/example_dags/example_branch_python_dop_operator_3.py took 0.188 seconds
[2025-11-21T10:53:06.157+0300] {processor.py:153} INFO - Started process (PID=30632) to work on /home/pker/airflow_env/lib/python3.7/site-packages/airflow/example_dags/example_branch_python_dop_operator_3.py
[2025-11-21T10:53:06.177+0300] {processor.py:743} INFO - Processing file /home/pker/airflow_env/lib/python3.7/site-packages/airflow/example_dags/example_branch_python_dop_operator_3.py for tasks to queue
[2025-11-21T10:53:06.179+0300] {logging_mixin.py:137} INFO - [2025-11-21T10:53:06.178+0300] {dagbag.py:532} INFO - Filling up the DagBag from /home/pker/airflow_env/lib/python3.7/site-packages/airflow/example_dags/example_branch_python_dop_operator_3.py
[2025-11-21T10:53:06.222+0300] {processor.py:753} INFO - DAG(s) dict_keys(['example_branch_dop_operator_v3']) retrieved from /home/pker/airflow_env/lib/python3.7/site-packages/airflow/example_dags/example_branch_python_dop_operator_3.py
[2025-11-21T10:53:06.260+0300] {logging_mixin.py:137} INFO - [2025-11-21T10:53:06.259+0300] {dag.py:2705} INFO - Sync 1 DAGs
[2025-11-21T10:53:06.301+0300] {logging_mixin.py:137} INFO - [2025-11-21T10:53:06.301+0300] {dag.py:3456} INFO - Setting next_dagrun for example_branch_dop_operator_v3 to 2025-11-21T07:52:00+00:00, run_after=2025-11-21T07:53:00+00:00
[2025-11-21T10:53:06.374+0300] {processor.py:175} INFO - Processing /home/pker/airflow_env/lib/python3.7/site-packages/airflow/example_dags/example_branch_python_dop_operator_3.py took 0.222 seconds
[2025-11-21T10:53:54.127+0300] {processor.py:153} INFO - Started process (PID=30676) to work on /home/pker/airflow_env/lib/python3.7/site-packages/airflow/example_dags/example_branch_python_dop_operator_3.py
[2025-11-21T10:53:54.150+0300] {processor.py:743} INFO - Processing file /home/pker/airflow_env/lib/python3.7/site-packages/airflow/example_dags/example_branch_python_dop_operator_3.py for tasks to queue
[2025-11-21T10:53:54.152+0300] {logging_mixin.py:137} INFO - [2025-11-21T10:53:54.151+0300] {dagbag.py:532} INFO - Filling up the DagBag from /home/pker/airflow_env/lib/python3.7/site-packages/airflow/example_dags/example_branch_python_dop_operator_3.py
[2025-11-21T10:53:54.200+0300] {processor.py:753} INFO - DAG(s) dict_keys(['example_branch_dop_operator_v3']) retrieved from /home/pker/airflow_env/lib/python3.7/site-packages/airflow/example_dags/example_branch_python_dop_operator_3.py
[2025-11-21T10:53:54.240+0300] {logging_mixin.py:137} INFO - [2025-11-21T10:53:54.240+0300] {dag.py:2705} INFO - Sync 1 DAGs
[2025-11-21T10:53:54.288+0300] {logging_mixin.py:137} INFO - [2025-11-21T10:53:54.287+0300] {dag.py:3456} INFO - Setting next_dagrun for example_branch_dop_operator_v3 to 2025-11-21T07:52:00+00:00, run_after=2025-11-21T07:53:00+00:00
[2025-11-21T10:53:54.358+0300] {processor.py:175} INFO - Processing /home/pker/airflow_env/lib/python3.7/site-packages/airflow/example_dags/example_branch_python_dop_operator_3.py took 0.235 seconds
[2025-11-21T10:54:42.883+0300] {processor.py:153} INFO - Started process (PID=30718) to work on /home/pker/airflow_env/lib/python3.7/site-packages/airflow/example_dags/example_branch_python_dop_operator_3.py
[2025-11-21T10:54:42.906+0300] {processor.py:743} INFO - Processing file /home/pker/airflow_env/lib/python3.7/site-packages/airflow/example_dags/example_branch_python_dop_operator_3.py for tasks to queue
[2025-11-21T10:54:42.908+0300] {logging_mixin.py:137} INFO - [2025-11-21T10:54:42.907+0300] {dagbag.py:532} INFO - Filling up the DagBag from /home/pker/airflow_env/lib/python3.7/site-packages/airflow/example_dags/example_branch_python_dop_operator_3.py
[2025-11-21T10:54:42.947+0300] {processor.py:753} INFO - DAG(s) dict_keys(['example_branch_dop_operator_v3']) retrieved from /home/pker/airflow_env/lib/python3.7/site-packages/airflow/example_dags/example_branch_python_dop_operator_3.py
[2025-11-21T10:54:42.976+0300] {logging_mixin.py:137} INFO - [2025-11-21T10:54:42.976+0300] {dag.py:2705} INFO - Sync 1 DAGs
[2025-11-21T10:54:43.015+0300] {logging_mixin.py:137} INFO - [2025-11-21T10:54:43.015+0300] {dag.py:3456} INFO - Setting next_dagrun for example_branch_dop_operator_v3 to 2025-11-21T07:53:00+00:00, run_after=2025-11-21T07:54:00+00:00
[2025-11-21T10:54:43.076+0300] {processor.py:175} INFO - Processing /home/pker/airflow_env/lib/python3.7/site-packages/airflow/example_dags/example_branch_python_dop_operator_3.py took 0.200 seconds
[2025-11-21T10:55:29.231+0300] {processor.py:153} INFO - Started process (PID=30770) to work on /home/pker/airflow_env/lib/python3.7/site-packages/airflow/example_dags/example_branch_python_dop_operator_3.py
[2025-11-21T10:55:29.254+0300] {processor.py:743} INFO - Processing file /home/pker/airflow_env/lib/python3.7/site-packages/airflow/example_dags/example_branch_python_dop_operator_3.py for tasks to queue
[2025-11-21T10:55:29.256+0300] {logging_mixin.py:137} INFO - [2025-11-21T10:55:29.256+0300] {dagbag.py:532} INFO - Filling up the DagBag from /home/pker/airflow_env/lib/python3.7/site-packages/airflow/example_dags/example_branch_python_dop_operator_3.py
[2025-11-21T10:55:29.303+0300] {processor.py:753} INFO - DAG(s) dict_keys(['example_branch_dop_operator_v3']) retrieved from /home/pker/airflow_env/lib/python3.7/site-packages/airflow/example_dags/example_branch_python_dop_operator_3.py
[2025-11-21T10:55:29.337+0300] {logging_mixin.py:137} INFO - [2025-11-21T10:55:29.337+0300] {dag.py:2705} INFO - Sync 1 DAGs
[2025-11-21T10:55:29.370+0300] {logging_mixin.py:137} INFO - [2025-11-21T10:55:29.370+0300] {dag.py:3456} INFO - Setting next_dagrun for example_branch_dop_operator_v3 to 2025-11-21T07:54:00+00:00, run_after=2025-11-21T07:55:00+00:00
[2025-11-21T10:55:29.426+0300] {processor.py:175} INFO - Processing /home/pker/airflow_env/lib/python3.7/site-packages/airflow/example_dags/example_branch_python_dop_operator_3.py took 0.200 seconds
[2025-11-21T10:56:17.953+0300] {processor.py:153} INFO - Started process (PID=30814) to work on /home/pker/airflow_env/lib/python3.7/site-packages/airflow/example_dags/example_branch_python_dop_operator_3.py
[2025-11-21T10:56:17.956+0300] {processor.py:743} INFO - Processing file /home/pker/airflow_env/lib/python3.7/site-packages/airflow/example_dags/example_branch_python_dop_operator_3.py for tasks to queue
[2025-11-21T10:56:17.958+0300] {logging_mixin.py:137} INFO - [2025-11-21T10:56:17.957+0300] {dagbag.py:532} INFO - Filling up the DagBag from /home/pker/airflow_env/lib/python3.7/site-packages/airflow/example_dags/example_branch_python_dop_operator_3.py
[2025-11-21T10:56:18.005+0300] {processor.py:753} INFO - DAG(s) dict_keys(['example_branch_dop_operator_v3']) retrieved from /home/pker/airflow_env/lib/python3.7/site-packages/airflow/example_dags/example_branch_python_dop_operator_3.py
[2025-11-21T10:56:18.044+0300] {logging_mixin.py:137} INFO - [2025-11-21T10:56:18.043+0300] {dag.py:2705} INFO - Sync 1 DAGs
[2025-11-21T10:56:18.082+0300] {logging_mixin.py:137} INFO - [2025-11-21T10:56:18.082+0300] {dag.py:3456} INFO - Setting next_dagrun for example_branch_dop_operator_v3 to 2025-11-21T07:55:00+00:00, run_after=2025-11-21T07:56:00+00:00
[2025-11-21T10:56:18.114+0300] {processor.py:175} INFO - Processing /home/pker/airflow_env/lib/python3.7/site-packages/airflow/example_dags/example_branch_python_dop_operator_3.py took 0.169 seconds
[2025-11-21T10:57:07.088+0300] {processor.py:153} INFO - Started process (PID=30858) to work on /home/pker/airflow_env/lib/python3.7/site-packages/airflow/example_dags/example_branch_python_dop_operator_3.py
[2025-11-21T10:57:07.092+0300] {processor.py:743} INFO - Processing file /home/pker/airflow_env/lib/python3.7/site-packages/airflow/example_dags/example_branch_python_dop_operator_3.py for tasks to queue
[2025-11-21T10:57:07.094+0300] {logging_mixin.py:137} INFO - [2025-11-21T10:57:07.093+0300] {dagbag.py:532} INFO - Filling up the DagBag from /home/pker/airflow_env/lib/python3.7/site-packages/airflow/example_dags/example_branch_python_dop_operator_3.py
[2025-11-21T10:57:07.141+0300] {processor.py:753} INFO - DAG(s) dict_keys(['example_branch_dop_operator_v3']) retrieved from /home/pker/airflow_env/lib/python3.7/site-packages/airflow/example_dags/example_branch_python_dop_operator_3.py
[2025-11-21T10:57:07.167+0300] {logging_mixin.py:137} INFO - [2025-11-21T10:57:07.167+0300] {dag.py:2705} INFO - Sync 1 DAGs
[2025-11-21T10:57:07.208+0300] {logging_mixin.py:137} INFO - [2025-11-21T10:57:07.208+0300] {dag.py:3456} INFO - Setting next_dagrun for example_branch_dop_operator_v3 to 2025-11-21T07:56:00+00:00, run_after=2025-11-21T07:57:00+00:00
[2025-11-21T10:57:07.282+0300] {processor.py:175} INFO - Processing /home/pker/airflow_env/lib/python3.7/site-packages/airflow/example_dags/example_branch_python_dop_operator_3.py took 0.204 seconds
[2025-11-21T10:57:55.659+0300] {processor.py:153} INFO - Started process (PID=30902) to work on /home/pker/airflow_env/lib/python3.7/site-packages/airflow/example_dags/example_branch_python_dop_operator_3.py
[2025-11-21T10:57:55.681+0300] {processor.py:743} INFO - Processing file /home/pker/airflow_env/lib/python3.7/site-packages/airflow/example_dags/example_branch_python_dop_operator_3.py for tasks to queue
[2025-11-21T10:57:55.683+0300] {logging_mixin.py:137} INFO - [2025-11-21T10:57:55.683+0300] {dagbag.py:532} INFO - Filling up the DagBag from /home/pker/airflow_env/lib/python3.7/site-packages/airflow/example_dags/example_branch_python_dop_operator_3.py
[2025-11-21T10:57:55.733+0300] {processor.py:753} INFO - DAG(s) dict_keys(['example_branch_dop_operator_v3']) retrieved from /home/pker/airflow_env/lib/python3.7/site-packages/airflow/example_dags/example_branch_python_dop_operator_3.py
[2025-11-21T10:57:55.771+0300] {logging_mixin.py:137} INFO - [2025-11-21T10:57:55.771+0300] {dag.py:2705} INFO - Sync 1 DAGs
[2025-11-21T10:57:55.813+0300] {logging_mixin.py:137} INFO - [2025-11-21T10:57:55.813+0300] {dag.py:3456} INFO - Setting next_dagrun for example_branch_dop_operator_v3 to 2025-11-21T07:56:00+00:00, run_after=2025-11-21T07:57:00+00:00
[2025-11-21T10:57:55.885+0300] {processor.py:175} INFO - Processing /home/pker/airflow_env/lib/python3.7/site-packages/airflow/example_dags/example_branch_python_dop_operator_3.py took 0.234 seconds
[2025-11-21T10:58:45.454+0300] {processor.py:153} INFO - Started process (PID=30960) to work on /home/pker/airflow_env/lib/python3.7/site-packages/airflow/example_dags/example_branch_python_dop_operator_3.py
[2025-11-21T10:58:45.457+0300] {processor.py:743} INFO - Processing file /home/pker/airflow_env/lib/python3.7/site-packages/airflow/example_dags/example_branch_python_dop_operator_3.py for tasks to queue
[2025-11-21T10:58:45.458+0300] {logging_mixin.py:137} INFO - [2025-11-21T10:58:45.458+0300] {dagbag.py:532} INFO - Filling up the DagBag from /home/pker/airflow_env/lib/python3.7/site-packages/airflow/example_dags/example_branch_python_dop_operator_3.py
[2025-11-21T10:58:45.520+0300] {processor.py:753} INFO - DAG(s) dict_keys(['example_branch_dop_operator_v3']) retrieved from /home/pker/airflow_env/lib/python3.7/site-packages/airflow/example_dags/example_branch_python_dop_operator_3.py
[2025-11-21T10:58:45.558+0300] {logging_mixin.py:137} INFO - [2025-11-21T10:58:45.558+0300] {dag.py:2705} INFO - Sync 1 DAGs
[2025-11-21T10:58:45.593+0300] {logging_mixin.py:137} INFO - [2025-11-21T10:58:45.593+0300] {dag.py:3456} INFO - Setting next_dagrun for example_branch_dop_operator_v3 to 2025-11-21T07:57:00+00:00, run_after=2025-11-21T07:58:00+00:00
[2025-11-21T10:58:45.654+0300] {processor.py:175} INFO - Processing /home/pker/airflow_env/lib/python3.7/site-packages/airflow/example_dags/example_branch_python_dop_operator_3.py took 0.206 seconds
[2025-11-21T10:59:30.649+0300] {processor.py:153} INFO - Started process (PID=31009) to work on /home/pker/airflow_env/lib/python3.7/site-packages/airflow/example_dags/example_branch_python_dop_operator_3.py
[2025-11-21T10:59:30.672+0300] {processor.py:743} INFO - Processing file /home/pker/airflow_env/lib/python3.7/site-packages/airflow/example_dags/example_branch_python_dop_operator_3.py for tasks to queue
[2025-11-21T10:59:30.675+0300] {logging_mixin.py:137} INFO - [2025-11-21T10:59:30.674+0300] {dagbag.py:532} INFO - Filling up the DagBag from /home/pker/airflow_env/lib/python3.7/site-packages/airflow/example_dags/example_branch_python_dop_operator_3.py
[2025-11-21T10:59:30.720+0300] {processor.py:753} INFO - DAG(s) dict_keys(['example_branch_dop_operator_v3']) retrieved from /home/pker/airflow_env/lib/python3.7/site-packages/airflow/example_dags/example_branch_python_dop_operator_3.py
[2025-11-21T10:59:30.761+0300] {logging_mixin.py:137} INFO - [2025-11-21T10:59:30.760+0300] {dag.py:2705} INFO - Sync 1 DAGs
[2025-11-21T10:59:30.814+0300] {logging_mixin.py:137} INFO - [2025-11-21T10:59:30.814+0300] {dag.py:3456} INFO - Setting next_dagrun for example_branch_dop_operator_v3 to 2025-11-21T07:58:00+00:00, run_after=2025-11-21T07:59:00+00:00
[2025-11-21T10:59:30.884+0300] {processor.py:175} INFO - Processing /home/pker/airflow_env/lib/python3.7/site-packages/airflow/example_dags/example_branch_python_dop_operator_3.py took 0.241 seconds
[2025-11-21T11:00:20.747+0300] {processor.py:153} INFO - Started process (PID=31058) to work on /home/pker/airflow_env/lib/python3.7/site-packages/airflow/example_dags/example_branch_python_dop_operator_3.py
[2025-11-21T11:00:20.750+0300] {processor.py:743} INFO - Processing file /home/pker/airflow_env/lib/python3.7/site-packages/airflow/example_dags/example_branch_python_dop_operator_3.py for tasks to queue
[2025-11-21T11:00:20.751+0300] {logging_mixin.py:137} INFO - [2025-11-21T11:00:20.751+0300] {dagbag.py:532} INFO - Filling up the DagBag from /home/pker/airflow_env/lib/python3.7/site-packages/airflow/example_dags/example_branch_python_dop_operator_3.py
[2025-11-21T11:00:20.807+0300] {processor.py:753} INFO - DAG(s) dict_keys(['example_branch_dop_operator_v3']) retrieved from /home/pker/airflow_env/lib/python3.7/site-packages/airflow/example_dags/example_branch_python_dop_operator_3.py
[2025-11-21T11:00:20.846+0300] {logging_mixin.py:137} INFO - [2025-11-21T11:00:20.845+0300] {dag.py:2705} INFO - Sync 1 DAGs
[2025-11-21T11:00:20.884+0300] {logging_mixin.py:137} INFO - [2025-11-21T11:00:20.884+0300] {dag.py:3456} INFO - Setting next_dagrun for example_branch_dop_operator_v3 to 2025-11-21T07:59:00+00:00, run_after=2025-11-21T08:00:00+00:00
[2025-11-21T11:00:20.916+0300] {processor.py:175} INFO - Processing /home/pker/airflow_env/lib/python3.7/site-packages/airflow/example_dags/example_branch_python_dop_operator_3.py took 0.175 seconds
[2025-11-21T11:01:12.990+0300] {processor.py:153} INFO - Started process (PID=31113) to work on /home/pker/airflow_env/lib/python3.7/site-packages/airflow/example_dags/example_branch_python_dop_operator_3.py
[2025-11-21T11:01:13.014+0300] {processor.py:743} INFO - Processing file /home/pker/airflow_env/lib/python3.7/site-packages/airflow/example_dags/example_branch_python_dop_operator_3.py for tasks to queue
[2025-11-21T11:01:13.016+0300] {logging_mixin.py:137} INFO - [2025-11-21T11:01:13.015+0300] {dagbag.py:532} INFO - Filling up the DagBag from /home/pker/airflow_env/lib/python3.7/site-packages/airflow/example_dags/example_branch_python_dop_operator_3.py
[2025-11-21T11:01:13.061+0300] {processor.py:753} INFO - DAG(s) dict_keys(['example_branch_dop_operator_v3']) retrieved from /home/pker/airflow_env/lib/python3.7/site-packages/airflow/example_dags/example_branch_python_dop_operator_3.py
[2025-11-21T11:01:13.096+0300] {logging_mixin.py:137} INFO - [2025-11-21T11:01:13.096+0300] {dag.py:2705} INFO - Sync 1 DAGs
[2025-11-21T11:01:13.136+0300] {logging_mixin.py:137} INFO - [2025-11-21T11:01:13.135+0300] {dag.py:3456} INFO - Setting next_dagrun for example_branch_dop_operator_v3 to 2025-11-21T08:00:00+00:00, run_after=2025-11-21T08:01:00+00:00
[2025-11-21T11:01:13.202+0300] {processor.py:175} INFO - Processing /home/pker/airflow_env/lib/python3.7/site-packages/airflow/example_dags/example_branch_python_dop_operator_3.py took 0.218 seconds
[2025-11-21T11:02:02.396+0300] {processor.py:153} INFO - Started process (PID=31159) to work on /home/pker/airflow_env/lib/python3.7/site-packages/airflow/example_dags/example_branch_python_dop_operator_3.py
[2025-11-21T11:02:02.419+0300] {processor.py:743} INFO - Processing file /home/pker/airflow_env/lib/python3.7/site-packages/airflow/example_dags/example_branch_python_dop_operator_3.py for tasks to queue
[2025-11-21T11:02:02.421+0300] {logging_mixin.py:137} INFO - [2025-11-21T11:02:02.421+0300] {dagbag.py:532} INFO - Filling up the DagBag from /home/pker/airflow_env/lib/python3.7/site-packages/airflow/example_dags/example_branch_python_dop_operator_3.py
[2025-11-21T11:02:02.473+0300] {processor.py:753} INFO - DAG(s) dict_keys(['example_branch_dop_operator_v3']) retrieved from /home/pker/airflow_env/lib/python3.7/site-packages/airflow/example_dags/example_branch_python_dop_operator_3.py
[2025-11-21T11:02:02.514+0300] {logging_mixin.py:137} INFO - [2025-11-21T11:02:02.514+0300] {dag.py:2705} INFO - Sync 1 DAGs
[2025-11-21T11:02:02.564+0300] {logging_mixin.py:137} INFO - [2025-11-21T11:02:02.563+0300] {dag.py:3456} INFO - Setting next_dagrun for example_branch_dop_operator_v3 to 2025-11-21T08:01:00+00:00, run_after=2025-11-21T08:02:00+00:00
[2025-11-21T11:02:02.631+0300] {processor.py:175} INFO - Processing /home/pker/airflow_env/lib/python3.7/site-packages/airflow/example_dags/example_branch_python_dop_operator_3.py took 0.241 seconds
[2025-11-21T11:02:46.968+0300] {processor.py:153} INFO - Started process (PID=31206) to work on /home/pker/airflow_env/lib/python3.7/site-packages/airflow/example_dags/example_branch_python_dop_operator_3.py
[2025-11-21T11:02:46.970+0300] {processor.py:743} INFO - Processing file /home/pker/airflow_env/lib/python3.7/site-packages/airflow/example_dags/example_branch_python_dop_operator_3.py for tasks to queue
[2025-11-21T11:02:46.972+0300] {logging_mixin.py:137} INFO - [2025-11-21T11:02:46.971+0300] {dagbag.py:532} INFO - Filling up the DagBag from /home/pker/airflow_env/lib/python3.7/site-packages/airflow/example_dags/example_branch_python_dop_operator_3.py
[2025-11-21T11:02:47.014+0300] {processor.py:753} INFO - DAG(s) dict_keys(['example_branch_dop_operator_v3']) retrieved from /home/pker/airflow_env/lib/python3.7/site-packages/airflow/example_dags/example_branch_python_dop_operator_3.py
[2025-11-21T11:02:47.044+0300] {logging_mixin.py:137} INFO - [2025-11-21T11:02:47.043+0300] {dag.py:2705} INFO - Sync 1 DAGs
[2025-11-21T11:02:47.087+0300] {logging_mixin.py:137} INFO - [2025-11-21T11:02:47.086+0300] {dag.py:3456} INFO - Setting next_dagrun for example_branch_dop_operator_v3 to 2025-11-21T08:01:00+00:00, run_after=2025-11-21T08:02:00+00:00
[2025-11-21T11:02:47.154+0300] {processor.py:175} INFO - Processing /home/pker/airflow_env/lib/python3.7/site-packages/airflow/example_dags/example_branch_python_dop_operator_3.py took 0.192 seconds
[2025-11-21T11:03:36.447+0300] {processor.py:153} INFO - Started process (PID=31248) to work on /home/pker/airflow_env/lib/python3.7/site-packages/airflow/example_dags/example_branch_python_dop_operator_3.py
[2025-11-21T11:03:36.469+0300] {processor.py:743} INFO - Processing file /home/pker/airflow_env/lib/python3.7/site-packages/airflow/example_dags/example_branch_python_dop_operator_3.py for tasks to queue
[2025-11-21T11:03:36.472+0300] {logging_mixin.py:137} INFO - [2025-11-21T11:03:36.471+0300] {dagbag.py:532} INFO - Filling up the DagBag from /home/pker/airflow_env/lib/python3.7/site-packages/airflow/example_dags/example_branch_python_dop_operator_3.py
[2025-11-21T11:03:36.521+0300] {processor.py:753} INFO - DAG(s) dict_keys(['example_branch_dop_operator_v3']) retrieved from /home/pker/airflow_env/lib/python3.7/site-packages/airflow/example_dags/example_branch_python_dop_operator_3.py
[2025-11-21T11:03:36.557+0300] {logging_mixin.py:137} INFO - [2025-11-21T11:03:36.556+0300] {dag.py:2705} INFO - Sync 1 DAGs
[2025-11-21T11:03:36.598+0300] {logging_mixin.py:137} INFO - [2025-11-21T11:03:36.598+0300] {dag.py:3456} INFO - Setting next_dagrun for example_branch_dop_operator_v3 to 2025-11-21T08:02:00+00:00, run_after=2025-11-21T08:03:00+00:00
[2025-11-21T11:03:36.672+0300] {processor.py:175} INFO - Processing /home/pker/airflow_env/lib/python3.7/site-packages/airflow/example_dags/example_branch_python_dop_operator_3.py took 0.237 seconds
[2025-11-21T11:04:21.024+0300] {processor.py:153} INFO - Started process (PID=31293) to work on /home/pker/airflow_env/lib/python3.7/site-packages/airflow/example_dags/example_branch_python_dop_operator_3.py
[2025-11-21T11:04:21.046+0300] {processor.py:743} INFO - Processing file /home/pker/airflow_env/lib/python3.7/site-packages/airflow/example_dags/example_branch_python_dop_operator_3.py for tasks to queue
[2025-11-21T11:04:21.049+0300] {logging_mixin.py:137} INFO - [2025-11-21T11:04:21.049+0300] {dagbag.py:532} INFO - Filling up the DagBag from /home/pker/airflow_env/lib/python3.7/site-packages/airflow/example_dags/example_branch_python_dop_operator_3.py
[2025-11-21T11:04:21.090+0300] {processor.py:753} INFO - DAG(s) dict_keys(['example_branch_dop_operator_v3']) retrieved from /home/pker/airflow_env/lib/python3.7/site-packages/airflow/example_dags/example_branch_python_dop_operator_3.py
[2025-11-21T11:04:21.116+0300] {logging_mixin.py:137} INFO - [2025-11-21T11:04:21.116+0300] {dag.py:2705} INFO - Sync 1 DAGs
[2025-11-21T11:04:21.149+0300] {logging_mixin.py:137} INFO - [2025-11-21T11:04:21.149+0300] {dag.py:3456} INFO - Setting next_dagrun for example_branch_dop_operator_v3 to 2025-11-21T08:03:00+00:00, run_after=2025-11-21T08:04:00+00:00
[2025-11-21T11:04:21.211+0300] {processor.py:175} INFO - Processing /home/pker/airflow_env/lib/python3.7/site-packages/airflow/example_dags/example_branch_python_dop_operator_3.py took 0.193 seconds
[2025-11-21T11:05:12.061+0300] {processor.py:153} INFO - Started process (PID=31340) to work on /home/pker/airflow_env/lib/python3.7/site-packages/airflow/example_dags/example_branch_python_dop_operator_3.py
[2025-11-21T11:05:12.084+0300] {processor.py:743} INFO - Processing file /home/pker/airflow_env/lib/python3.7/site-packages/airflow/example_dags/example_branch_python_dop_operator_3.py for tasks to queue
[2025-11-21T11:05:12.087+0300] {logging_mixin.py:137} INFO - [2025-11-21T11:05:12.086+0300] {dagbag.py:532} INFO - Filling up the DagBag from /home/pker/airflow_env/lib/python3.7/site-packages/airflow/example_dags/example_branch_python_dop_operator_3.py
[2025-11-21T11:05:12.134+0300] {processor.py:753} INFO - DAG(s) dict_keys(['example_branch_dop_operator_v3']) retrieved from /home/pker/airflow_env/lib/python3.7/site-packages/airflow/example_dags/example_branch_python_dop_operator_3.py
[2025-11-21T11:05:12.175+0300] {logging_mixin.py:137} INFO - [2025-11-21T11:05:12.175+0300] {dag.py:2705} INFO - Sync 1 DAGs
[2025-11-21T11:05:12.213+0300] {logging_mixin.py:137} INFO - [2025-11-21T11:05:12.212+0300] {dag.py:3456} INFO - Setting next_dagrun for example_branch_dop_operator_v3 to 2025-11-21T08:04:00+00:00, run_after=2025-11-21T08:05:00+00:00
[2025-11-21T11:05:12.250+0300] {processor.py:175} INFO - Processing /home/pker/airflow_env/lib/python3.7/site-packages/airflow/example_dags/example_branch_python_dop_operator_3.py took 0.195 seconds
[2025-11-21T11:05:59.131+0300] {processor.py:153} INFO - Started process (PID=31391) to work on /home/pker/airflow_env/lib/python3.7/site-packages/airflow/example_dags/example_branch_python_dop_operator_3.py
[2025-11-21T11:05:59.154+0300] {processor.py:743} INFO - Processing file /home/pker/airflow_env/lib/python3.7/site-packages/airflow/example_dags/example_branch_python_dop_operator_3.py for tasks to queue
[2025-11-21T11:05:59.157+0300] {logging_mixin.py:137} INFO - [2025-11-21T11:05:59.157+0300] {dagbag.py:532} INFO - Filling up the DagBag from /home/pker/airflow_env/lib/python3.7/site-packages/airflow/example_dags/example_branch_python_dop_operator_3.py
[2025-11-21T11:05:59.204+0300] {processor.py:753} INFO - DAG(s) dict_keys(['example_branch_dop_operator_v3']) retrieved from /home/pker/airflow_env/lib/python3.7/site-packages/airflow/example_dags/example_branch_python_dop_operator_3.py
[2025-11-21T11:05:59.235+0300] {logging_mixin.py:137} INFO - [2025-11-21T11:05:59.235+0300] {dag.py:2705} INFO - Sync 1 DAGs
[2025-11-21T11:05:59.265+0300] {logging_mixin.py:137} INFO - [2025-11-21T11:05:59.265+0300] {dag.py:3456} INFO - Setting next_dagrun for example_branch_dop_operator_v3 to 2025-11-21T08:04:00+00:00, run_after=2025-11-21T08:05:00+00:00
[2025-11-21T11:05:59.325+0300] {processor.py:175} INFO - Processing /home/pker/airflow_env/lib/python3.7/site-packages/airflow/example_dags/example_branch_python_dop_operator_3.py took 0.199 seconds
[2025-11-21T11:06:46.753+0300] {processor.py:153} INFO - Started process (PID=31439) to work on /home/pker/airflow_env/lib/python3.7/site-packages/airflow/example_dags/example_branch_python_dop_operator_3.py
[2025-11-21T11:06:46.775+0300] {processor.py:743} INFO - Processing file /home/pker/airflow_env/lib/python3.7/site-packages/airflow/example_dags/example_branch_python_dop_operator_3.py for tasks to queue
[2025-11-21T11:06:46.776+0300] {logging_mixin.py:137} INFO - [2025-11-21T11:06:46.776+0300] {dagbag.py:532} INFO - Filling up the DagBag from /home/pker/airflow_env/lib/python3.7/site-packages/airflow/example_dags/example_branch_python_dop_operator_3.py
[2025-11-21T11:06:46.809+0300] {processor.py:753} INFO - DAG(s) dict_keys(['example_branch_dop_operator_v3']) retrieved from /home/pker/airflow_env/lib/python3.7/site-packages/airflow/example_dags/example_branch_python_dop_operator_3.py
[2025-11-21T11:06:46.831+0300] {logging_mixin.py:137} INFO - [2025-11-21T11:06:46.831+0300] {dag.py:2705} INFO - Sync 1 DAGs
[2025-11-21T11:06:46.860+0300] {logging_mixin.py:137} INFO - [2025-11-21T11:06:46.860+0300] {dag.py:3456} INFO - Setting next_dagrun for example_branch_dop_operator_v3 to 2025-11-21T08:05:00+00:00, run_after=2025-11-21T08:06:00+00:00
[2025-11-21T11:06:46.888+0300] {processor.py:175} INFO - Processing /home/pker/airflow_env/lib/python3.7/site-packages/airflow/example_dags/example_branch_python_dop_operator_3.py took 0.140 seconds
[2025-11-21T11:07:34.726+0300] {processor.py:153} INFO - Started process (PID=31485) to work on /home/pker/airflow_env/lib/python3.7/site-packages/airflow/example_dags/example_branch_python_dop_operator_3.py
[2025-11-21T11:07:34.748+0300] {processor.py:743} INFO - Processing file /home/pker/airflow_env/lib/python3.7/site-packages/airflow/example_dags/example_branch_python_dop_operator_3.py for tasks to queue
[2025-11-21T11:07:34.749+0300] {logging_mixin.py:137} INFO - [2025-11-21T11:07:34.749+0300] {dagbag.py:532} INFO - Filling up the DagBag from /home/pker/airflow_env/lib/python3.7/site-packages/airflow/example_dags/example_branch_python_dop_operator_3.py
[2025-11-21T11:07:34.793+0300] {processor.py:753} INFO - DAG(s) dict_keys(['example_branch_dop_operator_v3']) retrieved from /home/pker/airflow_env/lib/python3.7/site-packages/airflow/example_dags/example_branch_python_dop_operator_3.py
[2025-11-21T11:07:34.822+0300] {logging_mixin.py:137} INFO - [2025-11-21T11:07:34.822+0300] {dag.py:2705} INFO - Sync 1 DAGs
[2025-11-21T11:07:34.856+0300] {logging_mixin.py:137} INFO - [2025-11-21T11:07:34.856+0300] {dag.py:3456} INFO - Setting next_dagrun for example_branch_dop_operator_v3 to 2025-11-21T08:06:00+00:00, run_after=2025-11-21T08:07:00+00:00
[2025-11-21T11:07:34.914+0300] {processor.py:175} INFO - Processing /home/pker/airflow_env/lib/python3.7/site-packages/airflow/example_dags/example_branch_python_dop_operator_3.py took 0.196 seconds
[2025-11-21T11:08:22.868+0300] {processor.py:153} INFO - Started process (PID=31554) to work on /home/pker/airflow_env/lib/python3.7/site-packages/airflow/example_dags/example_branch_python_dop_operator_3.py
[2025-11-21T11:08:22.893+0300] {processor.py:743} INFO - Processing file /home/pker/airflow_env/lib/python3.7/site-packages/airflow/example_dags/example_branch_python_dop_operator_3.py for tasks to queue
[2025-11-21T11:08:22.894+0300] {logging_mixin.py:137} INFO - [2025-11-21T11:08:22.894+0300] {dagbag.py:532} INFO - Filling up the DagBag from /home/pker/airflow_env/lib/python3.7/site-packages/airflow/example_dags/example_branch_python_dop_operator_3.py
[2025-11-21T11:08:22.943+0300] {processor.py:753} INFO - DAG(s) dict_keys(['example_branch_dop_operator_v3']) retrieved from /home/pker/airflow_env/lib/python3.7/site-packages/airflow/example_dags/example_branch_python_dop_operator_3.py
[2025-11-21T11:08:22.983+0300] {logging_mixin.py:137} INFO - [2025-11-21T11:08:22.983+0300] {dag.py:2705} INFO - Sync 1 DAGs
[2025-11-21T11:08:23.037+0300] {logging_mixin.py:137} INFO - [2025-11-21T11:08:23.037+0300] {dag.py:3456} INFO - Setting next_dagrun for example_branch_dop_operator_v3 to 2025-11-21T08:07:00+00:00, run_after=2025-11-21T08:08:00+00:00
[2025-11-21T11:08:23.097+0300] {processor.py:175} INFO - Processing /home/pker/airflow_env/lib/python3.7/site-packages/airflow/example_dags/example_branch_python_dop_operator_3.py took 0.236 seconds
