[2025-11-21T10:44:02.393+0300] {processor.py:153} INFO - Started process (PID=30088) to work on /home/pker/airflow_env/lib/python3.7/site-packages/airflow/example_dags/example_task_group_decorator.py
[2025-11-21T10:44:02.394+0300] {processor.py:743} INFO - Processing file /home/pker/airflow_env/lib/python3.7/site-packages/airflow/example_dags/example_task_group_decorator.py for tasks to queue
[2025-11-21T10:44:02.395+0300] {logging_mixin.py:137} INFO - [2025-11-21T10:44:02.395+0300] {dagbag.py:532} INFO - Filling up the DagBag from /home/pker/airflow_env/lib/python3.7/site-packages/airflow/example_dags/example_task_group_decorator.py
[2025-11-21T10:44:02.436+0300] {processor.py:753} INFO - DAG(s) dict_keys(['example_task_group_decorator']) retrieved from /home/pker/airflow_env/lib/python3.7/site-packages/airflow/example_dags/example_task_group_decorator.py
[2025-11-21T10:44:02.590+0300] {logging_mixin.py:137} INFO - [2025-11-21T10:44:02.589+0300] {manager.py:504} INFO - Created Permission View: can delete on DAG:example_task_group_decorator
[2025-11-21T10:44:02.607+0300] {logging_mixin.py:137} INFO - [2025-11-21T10:44:02.606+0300] {manager.py:504} INFO - Created Permission View: can read on DAG:example_task_group_decorator
[2025-11-21T10:44:02.621+0300] {logging_mixin.py:137} INFO - [2025-11-21T10:44:02.621+0300] {manager.py:504} INFO - Created Permission View: can edit on DAG:example_task_group_decorator
[2025-11-21T10:44:02.621+0300] {logging_mixin.py:137} INFO - [2025-11-21T10:44:02.621+0300] {dag.py:2705} INFO - Sync 1 DAGs
[2025-11-21T10:44:02.637+0300] {logging_mixin.py:137} INFO - [2025-11-21T10:44:02.636+0300] {dag.py:2726} INFO - Creating ORM DAG for example_task_group_decorator
[2025-11-21T10:44:02.648+0300] {logging_mixin.py:137} INFO - [2025-11-21T10:44:02.648+0300] {dag.py:3456} INFO - Setting next_dagrun for example_task_group_decorator to 2025-11-20T07:44:02.647899+00:00, run_after=2025-11-21T07:44:02.647899+00:00
[2025-11-21T10:44:02.680+0300] {processor.py:175} INFO - Processing /home/pker/airflow_env/lib/python3.7/site-packages/airflow/example_dags/example_task_group_decorator.py took 0.293 seconds
[2025-11-21T10:44:52.580+0300] {processor.py:153} INFO - Started process (PID=30132) to work on /home/pker/airflow_env/lib/python3.7/site-packages/airflow/example_dags/example_task_group_decorator.py
[2025-11-21T10:44:52.603+0300] {processor.py:743} INFO - Processing file /home/pker/airflow_env/lib/python3.7/site-packages/airflow/example_dags/example_task_group_decorator.py for tasks to queue
[2025-11-21T10:44:52.606+0300] {logging_mixin.py:137} INFO - [2025-11-21T10:44:52.605+0300] {dagbag.py:532} INFO - Filling up the DagBag from /home/pker/airflow_env/lib/python3.7/site-packages/airflow/example_dags/example_task_group_decorator.py
[2025-11-21T10:44:52.657+0300] {processor.py:753} INFO - DAG(s) dict_keys(['example_task_group_decorator']) retrieved from /home/pker/airflow_env/lib/python3.7/site-packages/airflow/example_dags/example_task_group_decorator.py
[2025-11-21T10:44:52.686+0300] {logging_mixin.py:137} INFO - [2025-11-21T10:44:52.685+0300] {dag.py:2705} INFO - Sync 1 DAGs
[2025-11-21T10:44:52.712+0300] {logging_mixin.py:137} INFO - [2025-11-21T10:44:52.712+0300] {dag.py:3456} INFO - Setting next_dagrun for example_task_group_decorator to 2025-11-20T07:44:52.712104+00:00, run_after=2025-11-21T07:44:52.712104+00:00
[2025-11-21T10:44:52.743+0300] {processor.py:175} INFO - Processing /home/pker/airflow_env/lib/python3.7/site-packages/airflow/example_dags/example_task_group_decorator.py took 0.169 seconds
[2025-11-21T10:45:43.289+0300] {processor.py:153} INFO - Started process (PID=30198) to work on /home/pker/airflow_env/lib/python3.7/site-packages/airflow/example_dags/example_task_group_decorator.py
[2025-11-21T10:45:43.291+0300] {processor.py:743} INFO - Processing file /home/pker/airflow_env/lib/python3.7/site-packages/airflow/example_dags/example_task_group_decorator.py for tasks to queue
[2025-11-21T10:45:43.293+0300] {logging_mixin.py:137} INFO - [2025-11-21T10:45:43.292+0300] {dagbag.py:532} INFO - Filling up the DagBag from /home/pker/airflow_env/lib/python3.7/site-packages/airflow/example_dags/example_task_group_decorator.py
[2025-11-21T10:45:43.348+0300] {processor.py:753} INFO - DAG(s) dict_keys(['example_task_group_decorator']) retrieved from /home/pker/airflow_env/lib/python3.7/site-packages/airflow/example_dags/example_task_group_decorator.py
[2025-11-21T10:45:43.387+0300] {logging_mixin.py:137} INFO - [2025-11-21T10:45:43.386+0300] {dag.py:2705} INFO - Sync 1 DAGs
[2025-11-21T10:45:43.428+0300] {logging_mixin.py:137} INFO - [2025-11-21T10:45:43.428+0300] {dag.py:3456} INFO - Setting next_dagrun for example_task_group_decorator to 2025-11-20T07:45:43.427750+00:00, run_after=2025-11-21T07:45:43.427750+00:00
[2025-11-21T10:45:43.499+0300] {processor.py:175} INFO - Processing /home/pker/airflow_env/lib/python3.7/site-packages/airflow/example_dags/example_task_group_decorator.py took 0.216 seconds
[2025-11-21T10:46:30.584+0300] {processor.py:153} INFO - Started process (PID=30246) to work on /home/pker/airflow_env/lib/python3.7/site-packages/airflow/example_dags/example_task_group_decorator.py
[2025-11-21T10:46:30.606+0300] {processor.py:743} INFO - Processing file /home/pker/airflow_env/lib/python3.7/site-packages/airflow/example_dags/example_task_group_decorator.py for tasks to queue
[2025-11-21T10:46:30.607+0300] {logging_mixin.py:137} INFO - [2025-11-21T10:46:30.607+0300] {dagbag.py:532} INFO - Filling up the DagBag from /home/pker/airflow_env/lib/python3.7/site-packages/airflow/example_dags/example_task_group_decorator.py
[2025-11-21T10:46:30.659+0300] {processor.py:753} INFO - DAG(s) dict_keys(['example_task_group_decorator']) retrieved from /home/pker/airflow_env/lib/python3.7/site-packages/airflow/example_dags/example_task_group_decorator.py
[2025-11-21T10:46:30.689+0300] {logging_mixin.py:137} INFO - [2025-11-21T10:46:30.689+0300] {dag.py:2705} INFO - Sync 1 DAGs
[2025-11-21T10:46:30.716+0300] {logging_mixin.py:137} INFO - [2025-11-21T10:46:30.716+0300] {dag.py:3456} INFO - Setting next_dagrun for example_task_group_decorator to 2025-11-20T07:46:30.716428+00:00, run_after=2025-11-21T07:46:30.716428+00:00
[2025-11-21T10:46:30.766+0300] {processor.py:175} INFO - Processing /home/pker/airflow_env/lib/python3.7/site-packages/airflow/example_dags/example_task_group_decorator.py took 0.191 seconds
[2025-11-21T10:47:18.933+0300] {processor.py:153} INFO - Started process (PID=30290) to work on /home/pker/airflow_env/lib/python3.7/site-packages/airflow/example_dags/example_task_group_decorator.py
[2025-11-21T10:47:18.954+0300] {processor.py:743} INFO - Processing file /home/pker/airflow_env/lib/python3.7/site-packages/airflow/example_dags/example_task_group_decorator.py for tasks to queue
[2025-11-21T10:47:18.956+0300] {logging_mixin.py:137} INFO - [2025-11-21T10:47:18.955+0300] {dagbag.py:532} INFO - Filling up the DagBag from /home/pker/airflow_env/lib/python3.7/site-packages/airflow/example_dags/example_task_group_decorator.py
[2025-11-21T10:47:19.008+0300] {processor.py:753} INFO - DAG(s) dict_keys(['example_task_group_decorator']) retrieved from /home/pker/airflow_env/lib/python3.7/site-packages/airflow/example_dags/example_task_group_decorator.py
[2025-11-21T10:47:19.043+0300] {logging_mixin.py:137} INFO - [2025-11-21T10:47:19.043+0300] {dag.py:2705} INFO - Sync 1 DAGs
[2025-11-21T10:47:19.078+0300] {logging_mixin.py:137} INFO - [2025-11-21T10:47:19.078+0300] {dag.py:3456} INFO - Setting next_dagrun for example_task_group_decorator to 2025-11-20T07:47:19.078090+00:00, run_after=2025-11-21T07:47:19.078090+00:00
[2025-11-21T10:47:19.140+0300] {processor.py:175} INFO - Processing /home/pker/airflow_env/lib/python3.7/site-packages/airflow/example_dags/example_task_group_decorator.py took 0.214 seconds
[2025-11-21T10:48:05.235+0300] {processor.py:153} INFO - Started process (PID=30334) to work on /home/pker/airflow_env/lib/python3.7/site-packages/airflow/example_dags/example_task_group_decorator.py
[2025-11-21T10:48:05.260+0300] {processor.py:743} INFO - Processing file /home/pker/airflow_env/lib/python3.7/site-packages/airflow/example_dags/example_task_group_decorator.py for tasks to queue
[2025-11-21T10:48:05.262+0300] {logging_mixin.py:137} INFO - [2025-11-21T10:48:05.262+0300] {dagbag.py:532} INFO - Filling up the DagBag from /home/pker/airflow_env/lib/python3.7/site-packages/airflow/example_dags/example_task_group_decorator.py
[2025-11-21T10:48:05.312+0300] {processor.py:753} INFO - DAG(s) dict_keys(['example_task_group_decorator']) retrieved from /home/pker/airflow_env/lib/python3.7/site-packages/airflow/example_dags/example_task_group_decorator.py
[2025-11-21T10:48:05.344+0300] {logging_mixin.py:137} INFO - [2025-11-21T10:48:05.344+0300] {dag.py:2705} INFO - Sync 1 DAGs
[2025-11-21T10:48:05.389+0300] {logging_mixin.py:137} INFO - [2025-11-21T10:48:05.389+0300] {dag.py:3456} INFO - Setting next_dagrun for example_task_group_decorator to 2025-11-20T07:48:05.389120+00:00, run_after=2025-11-21T07:48:05.389120+00:00
[2025-11-21T10:48:05.446+0300] {processor.py:175} INFO - Processing /home/pker/airflow_env/lib/python3.7/site-packages/airflow/example_dags/example_task_group_decorator.py took 0.216 seconds
[2025-11-21T10:48:52.995+0300] {processor.py:153} INFO - Started process (PID=30381) to work on /home/pker/airflow_env/lib/python3.7/site-packages/airflow/example_dags/example_task_group_decorator.py
[2025-11-21T10:48:53.018+0300] {processor.py:743} INFO - Processing file /home/pker/airflow_env/lib/python3.7/site-packages/airflow/example_dags/example_task_group_decorator.py for tasks to queue
[2025-11-21T10:48:53.020+0300] {logging_mixin.py:137} INFO - [2025-11-21T10:48:53.020+0300] {dagbag.py:532} INFO - Filling up the DagBag from /home/pker/airflow_env/lib/python3.7/site-packages/airflow/example_dags/example_task_group_decorator.py
[2025-11-21T10:48:53.068+0300] {processor.py:753} INFO - DAG(s) dict_keys(['example_task_group_decorator']) retrieved from /home/pker/airflow_env/lib/python3.7/site-packages/airflow/example_dags/example_task_group_decorator.py
[2025-11-21T10:48:53.097+0300] {logging_mixin.py:137} INFO - [2025-11-21T10:48:53.097+0300] {dag.py:2705} INFO - Sync 1 DAGs
[2025-11-21T10:48:53.123+0300] {logging_mixin.py:137} INFO - [2025-11-21T10:48:53.123+0300] {dag.py:3456} INFO - Setting next_dagrun for example_task_group_decorator to 2025-11-20T07:48:53.123367+00:00, run_after=2025-11-21T07:48:53.123367+00:00
[2025-11-21T10:48:53.183+0300] {processor.py:175} INFO - Processing /home/pker/airflow_env/lib/python3.7/site-packages/airflow/example_dags/example_task_group_decorator.py took 0.194 seconds
[2025-11-21T10:49:39.646+0300] {processor.py:153} INFO - Started process (PID=30434) to work on /home/pker/airflow_env/lib/python3.7/site-packages/airflow/example_dags/example_task_group_decorator.py
[2025-11-21T10:49:39.650+0300] {processor.py:743} INFO - Processing file /home/pker/airflow_env/lib/python3.7/site-packages/airflow/example_dags/example_task_group_decorator.py for tasks to queue
[2025-11-21T10:49:39.652+0300] {logging_mixin.py:137} INFO - [2025-11-21T10:49:39.652+0300] {dagbag.py:532} INFO - Filling up the DagBag from /home/pker/airflow_env/lib/python3.7/site-packages/airflow/example_dags/example_task_group_decorator.py
[2025-11-21T10:49:39.712+0300] {processor.py:753} INFO - DAG(s) dict_keys(['example_task_group_decorator']) retrieved from /home/pker/airflow_env/lib/python3.7/site-packages/airflow/example_dags/example_task_group_decorator.py
[2025-11-21T10:49:39.747+0300] {logging_mixin.py:137} INFO - [2025-11-21T10:49:39.746+0300] {dag.py:2705} INFO - Sync 1 DAGs
[2025-11-21T10:49:39.780+0300] {logging_mixin.py:137} INFO - [2025-11-21T10:49:39.779+0300] {dag.py:3456} INFO - Setting next_dagrun for example_task_group_decorator to 2025-11-20T07:49:39.779406+00:00, run_after=2025-11-21T07:49:39.779406+00:00
[2025-11-21T10:49:39.848+0300] {processor.py:175} INFO - Processing /home/pker/airflow_env/lib/python3.7/site-packages/airflow/example_dags/example_task_group_decorator.py took 0.212 seconds
[2025-11-21T10:50:28.750+0300] {processor.py:153} INFO - Started process (PID=30479) to work on /home/pker/airflow_env/lib/python3.7/site-packages/airflow/example_dags/example_task_group_decorator.py
[2025-11-21T10:50:28.773+0300] {processor.py:743} INFO - Processing file /home/pker/airflow_env/lib/python3.7/site-packages/airflow/example_dags/example_task_group_decorator.py for tasks to queue
[2025-11-21T10:50:28.775+0300] {logging_mixin.py:137} INFO - [2025-11-21T10:50:28.775+0300] {dagbag.py:532} INFO - Filling up the DagBag from /home/pker/airflow_env/lib/python3.7/site-packages/airflow/example_dags/example_task_group_decorator.py
[2025-11-21T10:50:28.832+0300] {processor.py:753} INFO - DAG(s) dict_keys(['example_task_group_decorator']) retrieved from /home/pker/airflow_env/lib/python3.7/site-packages/airflow/example_dags/example_task_group_decorator.py
[2025-11-21T10:50:28.866+0300] {logging_mixin.py:137} INFO - [2025-11-21T10:50:28.865+0300] {dag.py:2705} INFO - Sync 1 DAGs
[2025-11-21T10:50:28.897+0300] {logging_mixin.py:137} INFO - [2025-11-21T10:50:28.896+0300] {dag.py:3456} INFO - Setting next_dagrun for example_task_group_decorator to 2025-11-20T07:50:28.896565+00:00, run_after=2025-11-21T07:50:28.896565+00:00
[2025-11-21T10:50:28.950+0300] {processor.py:175} INFO - Processing /home/pker/airflow_env/lib/python3.7/site-packages/airflow/example_dags/example_task_group_decorator.py took 0.207 seconds
[2025-11-21T10:51:14.549+0300] {processor.py:153} INFO - Started process (PID=30523) to work on /home/pker/airflow_env/lib/python3.7/site-packages/airflow/example_dags/example_task_group_decorator.py
[2025-11-21T10:51:14.571+0300] {processor.py:743} INFO - Processing file /home/pker/airflow_env/lib/python3.7/site-packages/airflow/example_dags/example_task_group_decorator.py for tasks to queue
[2025-11-21T10:51:14.573+0300] {logging_mixin.py:137} INFO - [2025-11-21T10:51:14.573+0300] {dagbag.py:532} INFO - Filling up the DagBag from /home/pker/airflow_env/lib/python3.7/site-packages/airflow/example_dags/example_task_group_decorator.py
[2025-11-21T10:51:14.632+0300] {processor.py:753} INFO - DAG(s) dict_keys(['example_task_group_decorator']) retrieved from /home/pker/airflow_env/lib/python3.7/site-packages/airflow/example_dags/example_task_group_decorator.py
[2025-11-21T10:51:14.668+0300] {logging_mixin.py:137} INFO - [2025-11-21T10:51:14.668+0300] {dag.py:2705} INFO - Sync 1 DAGs
[2025-11-21T10:51:14.702+0300] {logging_mixin.py:137} INFO - [2025-11-21T10:51:14.701+0300] {dag.py:3456} INFO - Setting next_dagrun for example_task_group_decorator to 2025-11-20T07:51:14.701585+00:00, run_after=2025-11-21T07:51:14.701585+00:00
[2025-11-21T10:51:14.761+0300] {processor.py:175} INFO - Processing /home/pker/airflow_env/lib/python3.7/site-packages/airflow/example_dags/example_task_group_decorator.py took 0.218 seconds
[2025-11-21T10:52:01.033+0300] {processor.py:153} INFO - Started process (PID=30570) to work on /home/pker/airflow_env/lib/python3.7/site-packages/airflow/example_dags/example_task_group_decorator.py
[2025-11-21T10:52:01.036+0300] {processor.py:743} INFO - Processing file /home/pker/airflow_env/lib/python3.7/site-packages/airflow/example_dags/example_task_group_decorator.py for tasks to queue
[2025-11-21T10:52:01.038+0300] {logging_mixin.py:137} INFO - [2025-11-21T10:52:01.037+0300] {dagbag.py:532} INFO - Filling up the DagBag from /home/pker/airflow_env/lib/python3.7/site-packages/airflow/example_dags/example_task_group_decorator.py
[2025-11-21T10:52:01.097+0300] {processor.py:753} INFO - DAG(s) dict_keys(['example_task_group_decorator']) retrieved from /home/pker/airflow_env/lib/python3.7/site-packages/airflow/example_dags/example_task_group_decorator.py
[2025-11-21T10:52:01.148+0300] {logging_mixin.py:137} INFO - [2025-11-21T10:52:01.148+0300] {dag.py:2705} INFO - Sync 1 DAGs
[2025-11-21T10:52:01.203+0300] {logging_mixin.py:137} INFO - [2025-11-21T10:52:01.203+0300] {dag.py:3456} INFO - Setting next_dagrun for example_task_group_decorator to 2025-11-20T07:52:01.202584+00:00, run_after=2025-11-21T07:52:01.202584+00:00
[2025-11-21T10:52:01.238+0300] {processor.py:175} INFO - Processing /home/pker/airflow_env/lib/python3.7/site-packages/airflow/example_dags/example_task_group_decorator.py took 0.210 seconds
[2025-11-21T10:52:45.452+0300] {processor.py:153} INFO - Started process (PID=30612) to work on /home/pker/airflow_env/lib/python3.7/site-packages/airflow/example_dags/example_task_group_decorator.py
[2025-11-21T10:52:45.475+0300] {processor.py:743} INFO - Processing file /home/pker/airflow_env/lib/python3.7/site-packages/airflow/example_dags/example_task_group_decorator.py for tasks to queue
[2025-11-21T10:52:45.476+0300] {logging_mixin.py:137} INFO - [2025-11-21T10:52:45.476+0300] {dagbag.py:532} INFO - Filling up the DagBag from /home/pker/airflow_env/lib/python3.7/site-packages/airflow/example_dags/example_task_group_decorator.py
[2025-11-21T10:52:45.528+0300] {processor.py:753} INFO - DAG(s) dict_keys(['example_task_group_decorator']) retrieved from /home/pker/airflow_env/lib/python3.7/site-packages/airflow/example_dags/example_task_group_decorator.py
[2025-11-21T10:52:45.568+0300] {logging_mixin.py:137} INFO - [2025-11-21T10:52:45.568+0300] {dag.py:2705} INFO - Sync 1 DAGs
[2025-11-21T10:52:45.601+0300] {logging_mixin.py:137} INFO - [2025-11-21T10:52:45.601+0300] {dag.py:3456} INFO - Setting next_dagrun for example_task_group_decorator to 2025-11-20T07:52:45.601161+00:00, run_after=2025-11-21T07:52:45.601161+00:00
[2025-11-21T10:52:45.663+0300] {processor.py:175} INFO - Processing /home/pker/airflow_env/lib/python3.7/site-packages/airflow/example_dags/example_task_group_decorator.py took 0.216 seconds
[2025-11-21T10:53:34.700+0300] {processor.py:153} INFO - Started process (PID=30657) to work on /home/pker/airflow_env/lib/python3.7/site-packages/airflow/example_dags/example_task_group_decorator.py
[2025-11-21T10:53:34.713+0300] {processor.py:743} INFO - Processing file /home/pker/airflow_env/lib/python3.7/site-packages/airflow/example_dags/example_task_group_decorator.py for tasks to queue
[2025-11-21T10:53:34.715+0300] {logging_mixin.py:137} INFO - [2025-11-21T10:53:34.714+0300] {dagbag.py:532} INFO - Filling up the DagBag from /home/pker/airflow_env/lib/python3.7/site-packages/airflow/example_dags/example_task_group_decorator.py
[2025-11-21T10:53:34.767+0300] {processor.py:753} INFO - DAG(s) dict_keys(['example_task_group_decorator']) retrieved from /home/pker/airflow_env/lib/python3.7/site-packages/airflow/example_dags/example_task_group_decorator.py
[2025-11-21T10:53:34.798+0300] {logging_mixin.py:137} INFO - [2025-11-21T10:53:34.798+0300] {dag.py:2705} INFO - Sync 1 DAGs
[2025-11-21T10:53:34.825+0300] {logging_mixin.py:137} INFO - [2025-11-21T10:53:34.824+0300] {dag.py:3456} INFO - Setting next_dagrun for example_task_group_decorator to 2025-11-20T07:53:34.824528+00:00, run_after=2025-11-21T07:53:34.824528+00:00
[2025-11-21T10:53:34.893+0300] {processor.py:175} INFO - Processing /home/pker/airflow_env/lib/python3.7/site-packages/airflow/example_dags/example_task_group_decorator.py took 0.199 seconds
[2025-11-21T10:54:22.674+0300] {processor.py:153} INFO - Started process (PID=30701) to work on /home/pker/airflow_env/lib/python3.7/site-packages/airflow/example_dags/example_task_group_decorator.py
[2025-11-21T10:54:22.696+0300] {processor.py:743} INFO - Processing file /home/pker/airflow_env/lib/python3.7/site-packages/airflow/example_dags/example_task_group_decorator.py for tasks to queue
[2025-11-21T10:54:22.698+0300] {logging_mixin.py:137} INFO - [2025-11-21T10:54:22.698+0300] {dagbag.py:532} INFO - Filling up the DagBag from /home/pker/airflow_env/lib/python3.7/site-packages/airflow/example_dags/example_task_group_decorator.py
[2025-11-21T10:54:22.748+0300] {processor.py:753} INFO - DAG(s) dict_keys(['example_task_group_decorator']) retrieved from /home/pker/airflow_env/lib/python3.7/site-packages/airflow/example_dags/example_task_group_decorator.py
[2025-11-21T10:54:22.788+0300] {logging_mixin.py:137} INFO - [2025-11-21T10:54:22.788+0300] {dag.py:2705} INFO - Sync 1 DAGs
[2025-11-21T10:54:22.817+0300] {logging_mixin.py:137} INFO - [2025-11-21T10:54:22.817+0300] {dag.py:3456} INFO - Setting next_dagrun for example_task_group_decorator to 2025-11-20T07:54:22.817141+00:00, run_after=2025-11-21T07:54:22.817141+00:00
[2025-11-21T10:54:22.872+0300] {processor.py:175} INFO - Processing /home/pker/airflow_env/lib/python3.7/site-packages/airflow/example_dags/example_task_group_decorator.py took 0.203 seconds
[2025-11-21T10:55:10.728+0300] {processor.py:153} INFO - Started process (PID=30750) to work on /home/pker/airflow_env/lib/python3.7/site-packages/airflow/example_dags/example_task_group_decorator.py
[2025-11-21T10:55:10.750+0300] {processor.py:743} INFO - Processing file /home/pker/airflow_env/lib/python3.7/site-packages/airflow/example_dags/example_task_group_decorator.py for tasks to queue
[2025-11-21T10:55:10.751+0300] {logging_mixin.py:137} INFO - [2025-11-21T10:55:10.751+0300] {dagbag.py:532} INFO - Filling up the DagBag from /home/pker/airflow_env/lib/python3.7/site-packages/airflow/example_dags/example_task_group_decorator.py
[2025-11-21T10:55:10.805+0300] {processor.py:753} INFO - DAG(s) dict_keys(['example_task_group_decorator']) retrieved from /home/pker/airflow_env/lib/python3.7/site-packages/airflow/example_dags/example_task_group_decorator.py
[2025-11-21T10:55:10.853+0300] {logging_mixin.py:137} INFO - [2025-11-21T10:55:10.853+0300] {dag.py:2705} INFO - Sync 1 DAGs
[2025-11-21T10:55:10.883+0300] {logging_mixin.py:137} INFO - [2025-11-21T10:55:10.883+0300] {dag.py:3456} INFO - Setting next_dagrun for example_task_group_decorator to 2025-11-20T07:55:10.883015+00:00, run_after=2025-11-21T07:55:10.883015+00:00
[2025-11-21T10:55:10.939+0300] {processor.py:175} INFO - Processing /home/pker/airflow_env/lib/python3.7/site-packages/airflow/example_dags/example_task_group_decorator.py took 0.215 seconds
[2025-11-21T10:55:59.318+0300] {processor.py:153} INFO - Started process (PID=30797) to work on /home/pker/airflow_env/lib/python3.7/site-packages/airflow/example_dags/example_task_group_decorator.py
[2025-11-21T10:55:59.321+0300] {processor.py:743} INFO - Processing file /home/pker/airflow_env/lib/python3.7/site-packages/airflow/example_dags/example_task_group_decorator.py for tasks to queue
[2025-11-21T10:55:59.325+0300] {logging_mixin.py:137} INFO - [2025-11-21T10:55:59.324+0300] {dagbag.py:532} INFO - Filling up the DagBag from /home/pker/airflow_env/lib/python3.7/site-packages/airflow/example_dags/example_task_group_decorator.py
[2025-11-21T10:55:59.380+0300] {processor.py:753} INFO - DAG(s) dict_keys(['example_task_group_decorator']) retrieved from /home/pker/airflow_env/lib/python3.7/site-packages/airflow/example_dags/example_task_group_decorator.py
[2025-11-21T10:55:59.419+0300] {logging_mixin.py:137} INFO - [2025-11-21T10:55:59.419+0300] {dag.py:2705} INFO - Sync 1 DAGs
[2025-11-21T10:55:59.461+0300] {logging_mixin.py:137} INFO - [2025-11-21T10:55:59.461+0300] {dag.py:3456} INFO - Setting next_dagrun for example_task_group_decorator to 2025-11-20T07:55:59.460733+00:00, run_after=2025-11-21T07:55:59.460733+00:00
[2025-11-21T10:55:59.516+0300] {processor.py:175} INFO - Processing /home/pker/airflow_env/lib/python3.7/site-packages/airflow/example_dags/example_task_group_decorator.py took 0.204 seconds
[2025-11-21T10:56:46.893+0300] {processor.py:153} INFO - Started process (PID=30841) to work on /home/pker/airflow_env/lib/python3.7/site-packages/airflow/example_dags/example_task_group_decorator.py
[2025-11-21T10:56:46.916+0300] {processor.py:743} INFO - Processing file /home/pker/airflow_env/lib/python3.7/site-packages/airflow/example_dags/example_task_group_decorator.py for tasks to queue
[2025-11-21T10:56:46.918+0300] {logging_mixin.py:137} INFO - [2025-11-21T10:56:46.918+0300] {dagbag.py:532} INFO - Filling up the DagBag from /home/pker/airflow_env/lib/python3.7/site-packages/airflow/example_dags/example_task_group_decorator.py
[2025-11-21T10:56:46.969+0300] {processor.py:753} INFO - DAG(s) dict_keys(['example_task_group_decorator']) retrieved from /home/pker/airflow_env/lib/python3.7/site-packages/airflow/example_dags/example_task_group_decorator.py
[2025-11-21T10:56:46.999+0300] {logging_mixin.py:137} INFO - [2025-11-21T10:56:46.999+0300] {dag.py:2705} INFO - Sync 1 DAGs
[2025-11-21T10:56:47.027+0300] {logging_mixin.py:137} INFO - [2025-11-21T10:56:47.027+0300] {dag.py:3456} INFO - Setting next_dagrun for example_task_group_decorator to 2025-11-20T07:56:47.027309+00:00, run_after=2025-11-21T07:56:47.027309+00:00
[2025-11-21T10:56:47.088+0300] {processor.py:175} INFO - Processing /home/pker/airflow_env/lib/python3.7/site-packages/airflow/example_dags/example_task_group_decorator.py took 0.201 seconds
[2025-11-21T10:57:35.237+0300] {processor.py:153} INFO - Started process (PID=30883) to work on /home/pker/airflow_env/lib/python3.7/site-packages/airflow/example_dags/example_task_group_decorator.py
[2025-11-21T10:57:35.240+0300] {processor.py:743} INFO - Processing file /home/pker/airflow_env/lib/python3.7/site-packages/airflow/example_dags/example_task_group_decorator.py for tasks to queue
[2025-11-21T10:57:35.241+0300] {logging_mixin.py:137} INFO - [2025-11-21T10:57:35.241+0300] {dagbag.py:532} INFO - Filling up the DagBag from /home/pker/airflow_env/lib/python3.7/site-packages/airflow/example_dags/example_task_group_decorator.py
[2025-11-21T10:57:35.295+0300] {processor.py:753} INFO - DAG(s) dict_keys(['example_task_group_decorator']) retrieved from /home/pker/airflow_env/lib/python3.7/site-packages/airflow/example_dags/example_task_group_decorator.py
[2025-11-21T10:57:35.337+0300] {logging_mixin.py:137} INFO - [2025-11-21T10:57:35.337+0300] {dag.py:2705} INFO - Sync 1 DAGs
[2025-11-21T10:57:35.367+0300] {logging_mixin.py:137} INFO - [2025-11-21T10:57:35.367+0300] {dag.py:3456} INFO - Setting next_dagrun for example_task_group_decorator to 2025-11-20T07:57:35.366790+00:00, run_after=2025-11-21T07:57:35.366790+00:00
[2025-11-21T10:57:35.412+0300] {processor.py:175} INFO - Processing /home/pker/airflow_env/lib/python3.7/site-packages/airflow/example_dags/example_task_group_decorator.py took 0.181 seconds
[2025-11-21T10:58:22.678+0300] {processor.py:153} INFO - Started process (PID=30929) to work on /home/pker/airflow_env/lib/python3.7/site-packages/airflow/example_dags/example_task_group_decorator.py
[2025-11-21T10:58:22.700+0300] {processor.py:743} INFO - Processing file /home/pker/airflow_env/lib/python3.7/site-packages/airflow/example_dags/example_task_group_decorator.py for tasks to queue
[2025-11-21T10:58:22.702+0300] {logging_mixin.py:137} INFO - [2025-11-21T10:58:22.702+0300] {dagbag.py:532} INFO - Filling up the DagBag from /home/pker/airflow_env/lib/python3.7/site-packages/airflow/example_dags/example_task_group_decorator.py
[2025-11-21T10:58:22.773+0300] {processor.py:753} INFO - DAG(s) dict_keys(['example_task_group_decorator']) retrieved from /home/pker/airflow_env/lib/python3.7/site-packages/airflow/example_dags/example_task_group_decorator.py
[2025-11-21T10:58:22.810+0300] {logging_mixin.py:137} INFO - [2025-11-21T10:58:22.810+0300] {dag.py:2705} INFO - Sync 1 DAGs
[2025-11-21T10:58:22.841+0300] {logging_mixin.py:137} INFO - [2025-11-21T10:58:22.841+0300] {dag.py:3456} INFO - Setting next_dagrun for example_task_group_decorator to 2025-11-20T07:58:22.841348+00:00, run_after=2025-11-21T07:58:22.841348+00:00
[2025-11-21T10:58:22.882+0300] {processor.py:175} INFO - Processing /home/pker/airflow_env/lib/python3.7/site-packages/airflow/example_dags/example_task_group_decorator.py took 0.211 seconds
[2025-11-21T10:59:12.760+0300] {processor.py:153} INFO - Started process (PID=30992) to work on /home/pker/airflow_env/lib/python3.7/site-packages/airflow/example_dags/example_task_group_decorator.py
[2025-11-21T10:59:12.783+0300] {processor.py:743} INFO - Processing file /home/pker/airflow_env/lib/python3.7/site-packages/airflow/example_dags/example_task_group_decorator.py for tasks to queue
[2025-11-21T10:59:12.786+0300] {logging_mixin.py:137} INFO - [2025-11-21T10:59:12.785+0300] {dagbag.py:532} INFO - Filling up the DagBag from /home/pker/airflow_env/lib/python3.7/site-packages/airflow/example_dags/example_task_group_decorator.py
[2025-11-21T10:59:12.853+0300] {processor.py:753} INFO - DAG(s) dict_keys(['example_task_group_decorator']) retrieved from /home/pker/airflow_env/lib/python3.7/site-packages/airflow/example_dags/example_task_group_decorator.py
[2025-11-21T10:59:12.896+0300] {logging_mixin.py:137} INFO - [2025-11-21T10:59:12.896+0300] {dag.py:2705} INFO - Sync 1 DAGs
[2025-11-21T10:59:12.940+0300] {logging_mixin.py:137} INFO - [2025-11-21T10:59:12.940+0300] {dag.py:3456} INFO - Setting next_dagrun for example_task_group_decorator to 2025-11-20T07:59:12.939767+00:00, run_after=2025-11-21T07:59:12.939767+00:00
[2025-11-21T10:59:13.010+0300] {processor.py:175} INFO - Processing /home/pker/airflow_env/lib/python3.7/site-packages/airflow/example_dags/example_task_group_decorator.py took 0.262 seconds
[2025-11-21T11:00:01.325+0300] {processor.py:153} INFO - Started process (PID=31037) to work on /home/pker/airflow_env/lib/python3.7/site-packages/airflow/example_dags/example_task_group_decorator.py
[2025-11-21T11:00:01.327+0300] {processor.py:743} INFO - Processing file /home/pker/airflow_env/lib/python3.7/site-packages/airflow/example_dags/example_task_group_decorator.py for tasks to queue
[2025-11-21T11:00:01.328+0300] {logging_mixin.py:137} INFO - [2025-11-21T11:00:01.328+0300] {dagbag.py:532} INFO - Filling up the DagBag from /home/pker/airflow_env/lib/python3.7/site-packages/airflow/example_dags/example_task_group_decorator.py
[2025-11-21T11:00:01.371+0300] {processor.py:753} INFO - DAG(s) dict_keys(['example_task_group_decorator']) retrieved from /home/pker/airflow_env/lib/python3.7/site-packages/airflow/example_dags/example_task_group_decorator.py
[2025-11-21T11:00:01.394+0300] {logging_mixin.py:137} INFO - [2025-11-21T11:00:01.394+0300] {dag.py:2705} INFO - Sync 1 DAGs
[2025-11-21T11:00:01.413+0300] {logging_mixin.py:137} INFO - [2025-11-21T11:00:01.413+0300] {dag.py:3456} INFO - Setting next_dagrun for example_task_group_decorator to 2025-11-20T08:00:01.413403+00:00, run_after=2025-11-21T08:00:01.413403+00:00
[2025-11-21T11:00:01.430+0300] {processor.py:175} INFO - Processing /home/pker/airflow_env/lib/python3.7/site-packages/airflow/example_dags/example_task_group_decorator.py took 0.111 seconds
[2025-11-21T11:00:52.896+0300] {processor.py:153} INFO - Started process (PID=31096) to work on /home/pker/airflow_env/lib/python3.7/site-packages/airflow/example_dags/example_task_group_decorator.py
[2025-11-21T11:00:52.920+0300] {processor.py:743} INFO - Processing file /home/pker/airflow_env/lib/python3.7/site-packages/airflow/example_dags/example_task_group_decorator.py for tasks to queue
[2025-11-21T11:00:52.922+0300] {logging_mixin.py:137} INFO - [2025-11-21T11:00:52.922+0300] {dagbag.py:532} INFO - Filling up the DagBag from /home/pker/airflow_env/lib/python3.7/site-packages/airflow/example_dags/example_task_group_decorator.py
[2025-11-21T11:00:52.981+0300] {processor.py:753} INFO - DAG(s) dict_keys(['example_task_group_decorator']) retrieved from /home/pker/airflow_env/lib/python3.7/site-packages/airflow/example_dags/example_task_group_decorator.py
[2025-11-21T11:00:53.030+0300] {logging_mixin.py:137} INFO - [2025-11-21T11:00:53.030+0300] {dag.py:2705} INFO - Sync 1 DAGs
[2025-11-21T11:00:53.076+0300] {logging_mixin.py:137} INFO - [2025-11-21T11:00:53.075+0300] {dag.py:3456} INFO - Setting next_dagrun for example_task_group_decorator to 2025-11-20T08:00:53.075618+00:00, run_after=2025-11-21T08:00:53.075618+00:00
[2025-11-21T11:00:53.114+0300] {processor.py:175} INFO - Processing /home/pker/airflow_env/lib/python3.7/site-packages/airflow/example_dags/example_task_group_decorator.py took 0.229 seconds
[2025-11-21T11:01:41.684+0300] {processor.py:153} INFO - Started process (PID=31140) to work on /home/pker/airflow_env/lib/python3.7/site-packages/airflow/example_dags/example_task_group_decorator.py
[2025-11-21T11:01:41.707+0300] {processor.py:743} INFO - Processing file /home/pker/airflow_env/lib/python3.7/site-packages/airflow/example_dags/example_task_group_decorator.py for tasks to queue
[2025-11-21T11:01:41.710+0300] {logging_mixin.py:137} INFO - [2025-11-21T11:01:41.709+0300] {dagbag.py:532} INFO - Filling up the DagBag from /home/pker/airflow_env/lib/python3.7/site-packages/airflow/example_dags/example_task_group_decorator.py
[2025-11-21T11:01:41.773+0300] {processor.py:753} INFO - DAG(s) dict_keys(['example_task_group_decorator']) retrieved from /home/pker/airflow_env/lib/python3.7/site-packages/airflow/example_dags/example_task_group_decorator.py
[2025-11-21T11:01:41.811+0300] {logging_mixin.py:137} INFO - [2025-11-21T11:01:41.811+0300] {dag.py:2705} INFO - Sync 1 DAGs
[2025-11-21T11:01:41.854+0300] {logging_mixin.py:137} INFO - [2025-11-21T11:01:41.854+0300] {dag.py:3456} INFO - Setting next_dagrun for example_task_group_decorator to 2025-11-20T08:01:41.854049+00:00, run_after=2025-11-21T08:01:41.854049+00:00
[2025-11-21T11:01:41.927+0300] {processor.py:175} INFO - Processing /home/pker/airflow_env/lib/python3.7/site-packages/airflow/example_dags/example_task_group_decorator.py took 0.250 seconds
[2025-11-21T11:02:28.381+0300] {processor.py:153} INFO - Started process (PID=31184) to work on /home/pker/airflow_env/lib/python3.7/site-packages/airflow/example_dags/example_task_group_decorator.py
[2025-11-21T11:02:28.403+0300] {processor.py:743} INFO - Processing file /home/pker/airflow_env/lib/python3.7/site-packages/airflow/example_dags/example_task_group_decorator.py for tasks to queue
[2025-11-21T11:02:28.405+0300] {logging_mixin.py:137} INFO - [2025-11-21T11:02:28.405+0300] {dagbag.py:532} INFO - Filling up the DagBag from /home/pker/airflow_env/lib/python3.7/site-packages/airflow/example_dags/example_task_group_decorator.py
[2025-11-21T11:02:28.482+0300] {processor.py:753} INFO - DAG(s) dict_keys(['example_task_group_decorator']) retrieved from /home/pker/airflow_env/lib/python3.7/site-packages/airflow/example_dags/example_task_group_decorator.py
[2025-11-21T11:02:28.540+0300] {logging_mixin.py:137} INFO - [2025-11-21T11:02:28.539+0300] {dag.py:2705} INFO - Sync 1 DAGs
[2025-11-21T11:02:28.580+0300] {logging_mixin.py:137} INFO - [2025-11-21T11:02:28.579+0300] {dag.py:3456} INFO - Setting next_dagrun for example_task_group_decorator to 2025-11-20T08:02:28.579380+00:00, run_after=2025-11-21T08:02:28.579380+00:00
[2025-11-21T11:02:28.648+0300] {processor.py:175} INFO - Processing /home/pker/airflow_env/lib/python3.7/site-packages/airflow/example_dags/example_task_group_decorator.py took 0.274 seconds
[2025-11-21T11:03:13.450+0300] {processor.py:153} INFO - Started process (PID=31231) to work on /home/pker/airflow_env/lib/python3.7/site-packages/airflow/example_dags/example_task_group_decorator.py
[2025-11-21T11:03:13.472+0300] {processor.py:743} INFO - Processing file /home/pker/airflow_env/lib/python3.7/site-packages/airflow/example_dags/example_task_group_decorator.py for tasks to queue
[2025-11-21T11:03:13.475+0300] {logging_mixin.py:137} INFO - [2025-11-21T11:03:13.474+0300] {dagbag.py:532} INFO - Filling up the DagBag from /home/pker/airflow_env/lib/python3.7/site-packages/airflow/example_dags/example_task_group_decorator.py
[2025-11-21T11:03:13.530+0300] {processor.py:753} INFO - DAG(s) dict_keys(['example_task_group_decorator']) retrieved from /home/pker/airflow_env/lib/python3.7/site-packages/airflow/example_dags/example_task_group_decorator.py
[2025-11-21T11:03:13.573+0300] {logging_mixin.py:137} INFO - [2025-11-21T11:03:13.573+0300] {dag.py:2705} INFO - Sync 1 DAGs
[2025-11-21T11:03:13.610+0300] {logging_mixin.py:137} INFO - [2025-11-21T11:03:13.610+0300] {dag.py:3456} INFO - Setting next_dagrun for example_task_group_decorator to 2025-11-20T08:03:13.609986+00:00, run_after=2025-11-21T08:03:13.609986+00:00
[2025-11-21T11:03:13.672+0300] {processor.py:175} INFO - Processing /home/pker/airflow_env/lib/python3.7/site-packages/airflow/example_dags/example_task_group_decorator.py took 0.230 seconds
[2025-11-21T11:04:02.651+0300] {processor.py:153} INFO - Started process (PID=31276) to work on /home/pker/airflow_env/lib/python3.7/site-packages/airflow/example_dags/example_task_group_decorator.py
[2025-11-21T11:04:02.674+0300] {processor.py:743} INFO - Processing file /home/pker/airflow_env/lib/python3.7/site-packages/airflow/example_dags/example_task_group_decorator.py for tasks to queue
[2025-11-21T11:04:02.676+0300] {logging_mixin.py:137} INFO - [2025-11-21T11:04:02.676+0300] {dagbag.py:532} INFO - Filling up the DagBag from /home/pker/airflow_env/lib/python3.7/site-packages/airflow/example_dags/example_task_group_decorator.py
[2025-11-21T11:04:02.770+0300] {processor.py:753} INFO - DAG(s) dict_keys(['example_task_group_decorator']) retrieved from /home/pker/airflow_env/lib/python3.7/site-packages/airflow/example_dags/example_task_group_decorator.py
[2025-11-21T11:04:02.830+0300] {logging_mixin.py:137} INFO - [2025-11-21T11:04:02.829+0300] {dag.py:2705} INFO - Sync 1 DAGs
[2025-11-21T11:04:02.864+0300] {logging_mixin.py:137} INFO - [2025-11-21T11:04:02.863+0300] {dag.py:3456} INFO - Setting next_dagrun for example_task_group_decorator to 2025-11-20T08:04:02.863498+00:00, run_after=2025-11-21T08:04:02.863498+00:00
[2025-11-21T11:04:02.922+0300] {processor.py:175} INFO - Processing /home/pker/airflow_env/lib/python3.7/site-packages/airflow/example_dags/example_task_group_decorator.py took 0.280 seconds
[2025-11-21T11:04:50.637+0300] {processor.py:153} INFO - Started process (PID=31321) to work on /home/pker/airflow_env/lib/python3.7/site-packages/airflow/example_dags/example_task_group_decorator.py
[2025-11-21T11:04:50.660+0300] {processor.py:743} INFO - Processing file /home/pker/airflow_env/lib/python3.7/site-packages/airflow/example_dags/example_task_group_decorator.py for tasks to queue
[2025-11-21T11:04:50.663+0300] {logging_mixin.py:137} INFO - [2025-11-21T11:04:50.662+0300] {dagbag.py:532} INFO - Filling up the DagBag from /home/pker/airflow_env/lib/python3.7/site-packages/airflow/example_dags/example_task_group_decorator.py
[2025-11-21T11:04:50.720+0300] {processor.py:753} INFO - DAG(s) dict_keys(['example_task_group_decorator']) retrieved from /home/pker/airflow_env/lib/python3.7/site-packages/airflow/example_dags/example_task_group_decorator.py
[2025-11-21T11:04:50.752+0300] {logging_mixin.py:137} INFO - [2025-11-21T11:04:50.752+0300] {dag.py:2705} INFO - Sync 1 DAGs
[2025-11-21T11:04:50.781+0300] {logging_mixin.py:137} INFO - [2025-11-21T11:04:50.781+0300] {dag.py:3456} INFO - Setting next_dagrun for example_task_group_decorator to 2025-11-20T08:04:50.781334+00:00, run_after=2025-11-21T08:04:50.781334+00:00
[2025-11-21T11:04:50.842+0300] {processor.py:175} INFO - Processing /home/pker/airflow_env/lib/python3.7/site-packages/airflow/example_dags/example_task_group_decorator.py took 0.211 seconds
[2025-11-21T11:05:41.175+0300] {processor.py:153} INFO - Started process (PID=31370) to work on /home/pker/airflow_env/lib/python3.7/site-packages/airflow/example_dags/example_task_group_decorator.py
[2025-11-21T11:05:41.177+0300] {processor.py:743} INFO - Processing file /home/pker/airflow_env/lib/python3.7/site-packages/airflow/example_dags/example_task_group_decorator.py for tasks to queue
[2025-11-21T11:05:41.178+0300] {logging_mixin.py:137} INFO - [2025-11-21T11:05:41.177+0300] {dagbag.py:532} INFO - Filling up the DagBag from /home/pker/airflow_env/lib/python3.7/site-packages/airflow/example_dags/example_task_group_decorator.py
[2025-11-21T11:05:41.223+0300] {processor.py:753} INFO - DAG(s) dict_keys(['example_task_group_decorator']) retrieved from /home/pker/airflow_env/lib/python3.7/site-packages/airflow/example_dags/example_task_group_decorator.py
[2025-11-21T11:05:41.273+0300] {logging_mixin.py:137} INFO - [2025-11-21T11:05:41.273+0300] {dag.py:2705} INFO - Sync 1 DAGs
[2025-11-21T11:05:41.320+0300] {logging_mixin.py:137} INFO - [2025-11-21T11:05:41.320+0300] {dag.py:3456} INFO - Setting next_dagrun for example_task_group_decorator to 2025-11-20T08:05:41.319676+00:00, run_after=2025-11-21T08:05:41.319676+00:00
[2025-11-21T11:05:41.390+0300] {processor.py:175} INFO - Processing /home/pker/airflow_env/lib/python3.7/site-packages/airflow/example_dags/example_task_group_decorator.py took 0.221 seconds
[2025-11-21T11:06:28.134+0300] {processor.py:153} INFO - Started process (PID=31418) to work on /home/pker/airflow_env/lib/python3.7/site-packages/airflow/example_dags/example_task_group_decorator.py
[2025-11-21T11:06:28.157+0300] {processor.py:743} INFO - Processing file /home/pker/airflow_env/lib/python3.7/site-packages/airflow/example_dags/example_task_group_decorator.py for tasks to queue
[2025-11-21T11:06:28.159+0300] {logging_mixin.py:137} INFO - [2025-11-21T11:06:28.159+0300] {dagbag.py:532} INFO - Filling up the DagBag from /home/pker/airflow_env/lib/python3.7/site-packages/airflow/example_dags/example_task_group_decorator.py
[2025-11-21T11:06:28.215+0300] {processor.py:753} INFO - DAG(s) dict_keys(['example_task_group_decorator']) retrieved from /home/pker/airflow_env/lib/python3.7/site-packages/airflow/example_dags/example_task_group_decorator.py
[2025-11-21T11:06:28.258+0300] {logging_mixin.py:137} INFO - [2025-11-21T11:06:28.257+0300] {dag.py:2705} INFO - Sync 1 DAGs
[2025-11-21T11:06:28.290+0300] {logging_mixin.py:137} INFO - [2025-11-21T11:06:28.290+0300] {dag.py:3456} INFO - Setting next_dagrun for example_task_group_decorator to 2025-11-20T08:06:28.290088+00:00, run_after=2025-11-21T08:06:28.290088+00:00
[2025-11-21T11:06:28.343+0300] {processor.py:175} INFO - Processing /home/pker/airflow_env/lib/python3.7/site-packages/airflow/example_dags/example_task_group_decorator.py took 0.222 seconds
[2025-11-21T11:07:15.727+0300] {processor.py:153} INFO - Started process (PID=31468) to work on /home/pker/airflow_env/lib/python3.7/site-packages/airflow/example_dags/example_task_group_decorator.py
[2025-11-21T11:07:15.730+0300] {processor.py:743} INFO - Processing file /home/pker/airflow_env/lib/python3.7/site-packages/airflow/example_dags/example_task_group_decorator.py for tasks to queue
[2025-11-21T11:07:15.731+0300] {logging_mixin.py:137} INFO - [2025-11-21T11:07:15.731+0300] {dagbag.py:532} INFO - Filling up the DagBag from /home/pker/airflow_env/lib/python3.7/site-packages/airflow/example_dags/example_task_group_decorator.py
[2025-11-21T11:07:15.788+0300] {processor.py:753} INFO - DAG(s) dict_keys(['example_task_group_decorator']) retrieved from /home/pker/airflow_env/lib/python3.7/site-packages/airflow/example_dags/example_task_group_decorator.py
[2025-11-21T11:07:15.827+0300] {logging_mixin.py:137} INFO - [2025-11-21T11:07:15.827+0300] {dag.py:2705} INFO - Sync 1 DAGs
[2025-11-21T11:07:15.858+0300] {logging_mixin.py:137} INFO - [2025-11-21T11:07:15.858+0300] {dag.py:3456} INFO - Setting next_dagrun for example_task_group_decorator to 2025-11-20T08:07:15.857563+00:00, run_after=2025-11-21T08:07:15.857563+00:00
[2025-11-21T11:07:15.924+0300] {processor.py:175} INFO - Processing /home/pker/airflow_env/lib/python3.7/site-packages/airflow/example_dags/example_task_group_decorator.py took 0.204 seconds
[2025-11-21T11:08:02.596+0300] {processor.py:153} INFO - Started process (PID=31537) to work on /home/pker/airflow_env/lib/python3.7/site-packages/airflow/example_dags/example_task_group_decorator.py
[2025-11-21T11:08:02.619+0300] {processor.py:743} INFO - Processing file /home/pker/airflow_env/lib/python3.7/site-packages/airflow/example_dags/example_task_group_decorator.py for tasks to queue
[2025-11-21T11:08:02.622+0300] {logging_mixin.py:137} INFO - [2025-11-21T11:08:02.621+0300] {dagbag.py:532} INFO - Filling up the DagBag from /home/pker/airflow_env/lib/python3.7/site-packages/airflow/example_dags/example_task_group_decorator.py
[2025-11-21T11:08:02.674+0300] {processor.py:753} INFO - DAG(s) dict_keys(['example_task_group_decorator']) retrieved from /home/pker/airflow_env/lib/python3.7/site-packages/airflow/example_dags/example_task_group_decorator.py
[2025-11-21T11:08:02.711+0300] {logging_mixin.py:137} INFO - [2025-11-21T11:08:02.711+0300] {dag.py:2705} INFO - Sync 1 DAGs
[2025-11-21T11:08:02.763+0300] {logging_mixin.py:137} INFO - [2025-11-21T11:08:02.763+0300] {dag.py:3456} INFO - Setting next_dagrun for example_task_group_decorator to 2025-11-20T08:08:02.763208+00:00, run_after=2025-11-21T08:08:02.763208+00:00
[2025-11-21T11:08:02.831+0300] {processor.py:175} INFO - Processing /home/pker/airflow_env/lib/python3.7/site-packages/airflow/example_dags/example_task_group_decorator.py took 0.243 seconds
[2025-11-21T11:08:52.406+0300] {processor.py:153} INFO - Started process (PID=31584) to work on /home/pker/airflow_env/lib/python3.7/site-packages/airflow/example_dags/example_task_group_decorator.py
[2025-11-21T11:08:52.430+0300] {processor.py:743} INFO - Processing file /home/pker/airflow_env/lib/python3.7/site-packages/airflow/example_dags/example_task_group_decorator.py for tasks to queue
[2025-11-21T11:08:52.432+0300] {logging_mixin.py:137} INFO - [2025-11-21T11:08:52.431+0300] {dagbag.py:532} INFO - Filling up the DagBag from /home/pker/airflow_env/lib/python3.7/site-packages/airflow/example_dags/example_task_group_decorator.py
[2025-11-21T11:08:52.483+0300] {processor.py:753} INFO - DAG(s) dict_keys(['example_task_group_decorator']) retrieved from /home/pker/airflow_env/lib/python3.7/site-packages/airflow/example_dags/example_task_group_decorator.py
[2025-11-21T11:08:52.513+0300] {logging_mixin.py:137} INFO - [2025-11-21T11:08:52.513+0300] {dag.py:2705} INFO - Sync 1 DAGs
[2025-11-21T11:08:52.543+0300] {logging_mixin.py:137} INFO - [2025-11-21T11:08:52.542+0300] {dag.py:3456} INFO - Setting next_dagrun for example_task_group_decorator to 2025-11-20T08:08:52.542653+00:00, run_after=2025-11-21T08:08:52.542653+00:00
[2025-11-21T11:08:52.605+0300] {processor.py:175} INFO - Processing /home/pker/airflow_env/lib/python3.7/site-packages/airflow/example_dags/example_task_group_decorator.py took 0.205 seconds
