[2025-11-21T10:44:41.184+0300] {processor.py:153} INFO - Started process (PID=30119) to work on /home/pker/airflow_env/lib/python3.7/site-packages/airflow/example_dags/example_nested_branch_dag.py
[2025-11-21T10:44:41.185+0300] {processor.py:743} INFO - Processing file /home/pker/airflow_env/lib/python3.7/site-packages/airflow/example_dags/example_nested_branch_dag.py for tasks to queue
[2025-11-21T10:44:41.186+0300] {logging_mixin.py:137} INFO - [2025-11-21T10:44:41.186+0300] {dagbag.py:532} INFO - Filling up the DagBag from /home/pker/airflow_env/lib/python3.7/site-packages/airflow/example_dags/example_nested_branch_dag.py
[2025-11-21T10:44:41.234+0300] {processor.py:753} INFO - DAG(s) dict_keys(['example_nested_branch_dag']) retrieved from /home/pker/airflow_env/lib/python3.7/site-packages/airflow/example_dags/example_nested_branch_dag.py
[2025-11-21T10:44:41.386+0300] {logging_mixin.py:137} INFO - [2025-11-21T10:44:41.385+0300] {manager.py:504} INFO - Created Permission View: can delete on DAG:example_nested_branch_dag
[2025-11-21T10:44:41.401+0300] {logging_mixin.py:137} INFO - [2025-11-21T10:44:41.401+0300] {manager.py:504} INFO - Created Permission View: can read on DAG:example_nested_branch_dag
[2025-11-21T10:44:41.411+0300] {logging_mixin.py:137} INFO - [2025-11-21T10:44:41.411+0300] {manager.py:504} INFO - Created Permission View: can edit on DAG:example_nested_branch_dag
[2025-11-21T10:44:41.411+0300] {logging_mixin.py:137} INFO - [2025-11-21T10:44:41.411+0300] {dag.py:2705} INFO - Sync 1 DAGs
[2025-11-21T10:44:41.425+0300] {logging_mixin.py:137} INFO - [2025-11-21T10:44:41.425+0300] {dag.py:2726} INFO - Creating ORM DAG for example_nested_branch_dag
[2025-11-21T10:44:41.438+0300] {logging_mixin.py:137} INFO - [2025-11-21T10:44:41.438+0300] {dag.py:3456} INFO - Setting next_dagrun for example_nested_branch_dag to 2025-11-20T00:00:00+00:00, run_after=2025-11-21T00:00:00+00:00
[2025-11-21T10:44:41.467+0300] {processor.py:175} INFO - Processing /home/pker/airflow_env/lib/python3.7/site-packages/airflow/example_dags/example_nested_branch_dag.py took 0.289 seconds
[2025-11-21T10:45:29.351+0300] {processor.py:153} INFO - Started process (PID=30185) to work on /home/pker/airflow_env/lib/python3.7/site-packages/airflow/example_dags/example_nested_branch_dag.py
[2025-11-21T10:45:29.373+0300] {processor.py:743} INFO - Processing file /home/pker/airflow_env/lib/python3.7/site-packages/airflow/example_dags/example_nested_branch_dag.py for tasks to queue
[2025-11-21T10:45:29.374+0300] {logging_mixin.py:137} INFO - [2025-11-21T10:45:29.374+0300] {dagbag.py:532} INFO - Filling up the DagBag from /home/pker/airflow_env/lib/python3.7/site-packages/airflow/example_dags/example_nested_branch_dag.py
[2025-11-21T10:45:29.427+0300] {processor.py:753} INFO - DAG(s) dict_keys(['example_nested_branch_dag']) retrieved from /home/pker/airflow_env/lib/python3.7/site-packages/airflow/example_dags/example_nested_branch_dag.py
[2025-11-21T10:45:29.457+0300] {logging_mixin.py:137} INFO - [2025-11-21T10:45:29.457+0300] {dag.py:2705} INFO - Sync 1 DAGs
[2025-11-21T10:45:29.485+0300] {logging_mixin.py:137} INFO - [2025-11-21T10:45:29.485+0300] {dag.py:3456} INFO - Setting next_dagrun for example_nested_branch_dag to 2025-11-20T00:00:00+00:00, run_after=2025-11-21T00:00:00+00:00
[2025-11-21T10:45:29.545+0300] {processor.py:175} INFO - Processing /home/pker/airflow_env/lib/python3.7/site-packages/airflow/example_dags/example_nested_branch_dag.py took 0.199 seconds
[2025-11-21T10:46:19.177+0300] {processor.py:153} INFO - Started process (PID=30233) to work on /home/pker/airflow_env/lib/python3.7/site-packages/airflow/example_dags/example_nested_branch_dag.py
[2025-11-21T10:46:19.199+0300] {processor.py:743} INFO - Processing file /home/pker/airflow_env/lib/python3.7/site-packages/airflow/example_dags/example_nested_branch_dag.py for tasks to queue
[2025-11-21T10:46:19.201+0300] {logging_mixin.py:137} INFO - [2025-11-21T10:46:19.201+0300] {dagbag.py:532} INFO - Filling up the DagBag from /home/pker/airflow_env/lib/python3.7/site-packages/airflow/example_dags/example_nested_branch_dag.py
[2025-11-21T10:46:19.248+0300] {processor.py:753} INFO - DAG(s) dict_keys(['example_nested_branch_dag']) retrieved from /home/pker/airflow_env/lib/python3.7/site-packages/airflow/example_dags/example_nested_branch_dag.py
[2025-11-21T10:46:19.279+0300] {logging_mixin.py:137} INFO - [2025-11-21T10:46:19.279+0300] {dag.py:2705} INFO - Sync 1 DAGs
[2025-11-21T10:46:19.312+0300] {logging_mixin.py:137} INFO - [2025-11-21T10:46:19.312+0300] {dag.py:3456} INFO - Setting next_dagrun for example_nested_branch_dag to 2025-11-20T00:00:00+00:00, run_after=2025-11-21T00:00:00+00:00
[2025-11-21T10:46:19.376+0300] {processor.py:175} INFO - Processing /home/pker/airflow_env/lib/python3.7/site-packages/airflow/example_dags/example_nested_branch_dag.py took 0.205 seconds
[2025-11-21T10:47:05.594+0300] {processor.py:153} INFO - Started process (PID=30279) to work on /home/pker/airflow_env/lib/python3.7/site-packages/airflow/example_dags/example_nested_branch_dag.py
[2025-11-21T10:47:05.619+0300] {processor.py:743} INFO - Processing file /home/pker/airflow_env/lib/python3.7/site-packages/airflow/example_dags/example_nested_branch_dag.py for tasks to queue
[2025-11-21T10:47:05.620+0300] {logging_mixin.py:137} INFO - [2025-11-21T10:47:05.620+0300] {dagbag.py:532} INFO - Filling up the DagBag from /home/pker/airflow_env/lib/python3.7/site-packages/airflow/example_dags/example_nested_branch_dag.py
[2025-11-21T10:47:05.666+0300] {processor.py:753} INFO - DAG(s) dict_keys(['example_nested_branch_dag']) retrieved from /home/pker/airflow_env/lib/python3.7/site-packages/airflow/example_dags/example_nested_branch_dag.py
[2025-11-21T10:47:05.692+0300] {logging_mixin.py:137} INFO - [2025-11-21T10:47:05.692+0300] {dag.py:2705} INFO - Sync 1 DAGs
[2025-11-21T10:47:05.728+0300] {logging_mixin.py:137} INFO - [2025-11-21T10:47:05.728+0300] {dag.py:3456} INFO - Setting next_dagrun for example_nested_branch_dag to 2025-11-20T00:00:00+00:00, run_after=2025-11-21T00:00:00+00:00
[2025-11-21T10:47:05.802+0300] {processor.py:175} INFO - Processing /home/pker/airflow_env/lib/python3.7/site-packages/airflow/example_dags/example_nested_branch_dag.py took 0.214 seconds
[2025-11-21T10:47:53.420+0300] {processor.py:153} INFO - Started process (PID=30323) to work on /home/pker/airflow_env/lib/python3.7/site-packages/airflow/example_dags/example_nested_branch_dag.py
[2025-11-21T10:47:53.442+0300] {processor.py:743} INFO - Processing file /home/pker/airflow_env/lib/python3.7/site-packages/airflow/example_dags/example_nested_branch_dag.py for tasks to queue
[2025-11-21T10:47:53.444+0300] {logging_mixin.py:137} INFO - [2025-11-21T10:47:53.444+0300] {dagbag.py:532} INFO - Filling up the DagBag from /home/pker/airflow_env/lib/python3.7/site-packages/airflow/example_dags/example_nested_branch_dag.py
[2025-11-21T10:47:53.491+0300] {processor.py:753} INFO - DAG(s) dict_keys(['example_nested_branch_dag']) retrieved from /home/pker/airflow_env/lib/python3.7/site-packages/airflow/example_dags/example_nested_branch_dag.py
[2025-11-21T10:47:53.531+0300] {logging_mixin.py:137} INFO - [2025-11-21T10:47:53.531+0300] {dag.py:2705} INFO - Sync 1 DAGs
[2025-11-21T10:47:53.560+0300] {logging_mixin.py:137} INFO - [2025-11-21T10:47:53.559+0300] {dag.py:3456} INFO - Setting next_dagrun for example_nested_branch_dag to 2025-11-20T00:00:00+00:00, run_after=2025-11-21T00:00:00+00:00
[2025-11-21T10:47:53.620+0300] {processor.py:175} INFO - Processing /home/pker/airflow_env/lib/python3.7/site-packages/airflow/example_dags/example_nested_branch_dag.py took 0.205 seconds
[2025-11-21T10:48:40.935+0300] {processor.py:153} INFO - Started process (PID=30365) to work on /home/pker/airflow_env/lib/python3.7/site-packages/airflow/example_dags/example_nested_branch_dag.py
[2025-11-21T10:48:40.958+0300] {processor.py:743} INFO - Processing file /home/pker/airflow_env/lib/python3.7/site-packages/airflow/example_dags/example_nested_branch_dag.py for tasks to queue
[2025-11-21T10:48:40.959+0300] {logging_mixin.py:137} INFO - [2025-11-21T10:48:40.959+0300] {dagbag.py:532} INFO - Filling up the DagBag from /home/pker/airflow_env/lib/python3.7/site-packages/airflow/example_dags/example_nested_branch_dag.py
[2025-11-21T10:48:41.033+0300] {processor.py:753} INFO - DAG(s) dict_keys(['example_nested_branch_dag']) retrieved from /home/pker/airflow_env/lib/python3.7/site-packages/airflow/example_dags/example_nested_branch_dag.py
[2025-11-21T10:48:41.075+0300] {logging_mixin.py:137} INFO - [2025-11-21T10:48:41.074+0300] {dag.py:2705} INFO - Sync 1 DAGs
[2025-11-21T10:48:41.107+0300] {logging_mixin.py:137} INFO - [2025-11-21T10:48:41.107+0300] {dag.py:3456} INFO - Setting next_dagrun for example_nested_branch_dag to 2025-11-20T00:00:00+00:00, run_after=2025-11-21T00:00:00+00:00
[2025-11-21T10:48:41.172+0300] {processor.py:175} INFO - Processing /home/pker/airflow_env/lib/python3.7/site-packages/airflow/example_dags/example_nested_branch_dag.py took 0.243 seconds
[2025-11-21T10:49:28.511+0300] {processor.py:153} INFO - Started process (PID=30422) to work on /home/pker/airflow_env/lib/python3.7/site-packages/airflow/example_dags/example_nested_branch_dag.py
[2025-11-21T10:49:28.532+0300] {processor.py:743} INFO - Processing file /home/pker/airflow_env/lib/python3.7/site-packages/airflow/example_dags/example_nested_branch_dag.py for tasks to queue
[2025-11-21T10:49:28.534+0300] {logging_mixin.py:137} INFO - [2025-11-21T10:49:28.533+0300] {dagbag.py:532} INFO - Filling up the DagBag from /home/pker/airflow_env/lib/python3.7/site-packages/airflow/example_dags/example_nested_branch_dag.py
[2025-11-21T10:49:28.572+0300] {processor.py:753} INFO - DAG(s) dict_keys(['example_nested_branch_dag']) retrieved from /home/pker/airflow_env/lib/python3.7/site-packages/airflow/example_dags/example_nested_branch_dag.py
[2025-11-21T10:49:28.601+0300] {logging_mixin.py:137} INFO - [2025-11-21T10:49:28.600+0300] {dag.py:2705} INFO - Sync 1 DAGs
[2025-11-21T10:49:28.635+0300] {logging_mixin.py:137} INFO - [2025-11-21T10:49:28.635+0300] {dag.py:3456} INFO - Setting next_dagrun for example_nested_branch_dag to 2025-11-20T00:00:00+00:00, run_after=2025-11-21T00:00:00+00:00
[2025-11-21T10:49:28.667+0300] {processor.py:175} INFO - Processing /home/pker/airflow_env/lib/python3.7/site-packages/airflow/example_dags/example_nested_branch_dag.py took 0.160 seconds
[2025-11-21T10:50:14.583+0300] {processor.py:153} INFO - Started process (PID=30467) to work on /home/pker/airflow_env/lib/python3.7/site-packages/airflow/example_dags/example_nested_branch_dag.py
[2025-11-21T10:50:14.586+0300] {processor.py:743} INFO - Processing file /home/pker/airflow_env/lib/python3.7/site-packages/airflow/example_dags/example_nested_branch_dag.py for tasks to queue
[2025-11-21T10:50:14.588+0300] {logging_mixin.py:137} INFO - [2025-11-21T10:50:14.587+0300] {dagbag.py:532} INFO - Filling up the DagBag from /home/pker/airflow_env/lib/python3.7/site-packages/airflow/example_dags/example_nested_branch_dag.py
[2025-11-21T10:50:14.644+0300] {processor.py:753} INFO - DAG(s) dict_keys(['example_nested_branch_dag']) retrieved from /home/pker/airflow_env/lib/python3.7/site-packages/airflow/example_dags/example_nested_branch_dag.py
[2025-11-21T10:50:14.683+0300] {logging_mixin.py:137} INFO - [2025-11-21T10:50:14.683+0300] {dag.py:2705} INFO - Sync 1 DAGs
[2025-11-21T10:50:14.717+0300] {logging_mixin.py:137} INFO - [2025-11-21T10:50:14.716+0300] {dag.py:3456} INFO - Setting next_dagrun for example_nested_branch_dag to 2025-11-20T00:00:00+00:00, run_after=2025-11-21T00:00:00+00:00
[2025-11-21T10:50:14.787+0300] {processor.py:175} INFO - Processing /home/pker/airflow_env/lib/python3.7/site-packages/airflow/example_dags/example_nested_branch_dag.py took 0.211 seconds
[2025-11-21T10:51:03.249+0300] {processor.py:153} INFO - Started process (PID=30512) to work on /home/pker/airflow_env/lib/python3.7/site-packages/airflow/example_dags/example_nested_branch_dag.py
[2025-11-21T10:51:03.272+0300] {processor.py:743} INFO - Processing file /home/pker/airflow_env/lib/python3.7/site-packages/airflow/example_dags/example_nested_branch_dag.py for tasks to queue
[2025-11-21T10:51:03.274+0300] {logging_mixin.py:137} INFO - [2025-11-21T10:51:03.274+0300] {dagbag.py:532} INFO - Filling up the DagBag from /home/pker/airflow_env/lib/python3.7/site-packages/airflow/example_dags/example_nested_branch_dag.py
[2025-11-21T10:51:03.315+0300] {processor.py:753} INFO - DAG(s) dict_keys(['example_nested_branch_dag']) retrieved from /home/pker/airflow_env/lib/python3.7/site-packages/airflow/example_dags/example_nested_branch_dag.py
[2025-11-21T10:51:03.346+0300] {logging_mixin.py:137} INFO - [2025-11-21T10:51:03.346+0300] {dag.py:2705} INFO - Sync 1 DAGs
[2025-11-21T10:51:03.383+0300] {logging_mixin.py:137} INFO - [2025-11-21T10:51:03.382+0300] {dag.py:3456} INFO - Setting next_dagrun for example_nested_branch_dag to 2025-11-20T00:00:00+00:00, run_after=2025-11-21T00:00:00+00:00
[2025-11-21T10:51:03.444+0300] {processor.py:175} INFO - Processing /home/pker/airflow_env/lib/python3.7/site-packages/airflow/example_dags/example_nested_branch_dag.py took 0.200 seconds
[2025-11-21T10:51:49.407+0300] {processor.py:153} INFO - Started process (PID=30556) to work on /home/pker/airflow_env/lib/python3.7/site-packages/airflow/example_dags/example_nested_branch_dag.py
[2025-11-21T10:51:49.430+0300] {processor.py:743} INFO - Processing file /home/pker/airflow_env/lib/python3.7/site-packages/airflow/example_dags/example_nested_branch_dag.py for tasks to queue
[2025-11-21T10:51:49.433+0300] {logging_mixin.py:137} INFO - [2025-11-21T10:51:49.432+0300] {dagbag.py:532} INFO - Filling up the DagBag from /home/pker/airflow_env/lib/python3.7/site-packages/airflow/example_dags/example_nested_branch_dag.py
[2025-11-21T10:51:49.498+0300] {processor.py:753} INFO - DAG(s) dict_keys(['example_nested_branch_dag']) retrieved from /home/pker/airflow_env/lib/python3.7/site-packages/airflow/example_dags/example_nested_branch_dag.py
[2025-11-21T10:51:49.532+0300] {logging_mixin.py:137} INFO - [2025-11-21T10:51:49.532+0300] {dag.py:2705} INFO - Sync 1 DAGs
[2025-11-21T10:51:49.576+0300] {logging_mixin.py:137} INFO - [2025-11-21T10:51:49.576+0300] {dag.py:3456} INFO - Setting next_dagrun for example_nested_branch_dag to 2025-11-20T00:00:00+00:00, run_after=2025-11-21T00:00:00+00:00
[2025-11-21T10:51:49.635+0300] {processor.py:175} INFO - Processing /home/pker/airflow_env/lib/python3.7/site-packages/airflow/example_dags/example_nested_branch_dag.py took 0.236 seconds
[2025-11-21T10:52:34.772+0300] {processor.py:153} INFO - Started process (PID=30601) to work on /home/pker/airflow_env/lib/python3.7/site-packages/airflow/example_dags/example_nested_branch_dag.py
[2025-11-21T10:52:34.775+0300] {processor.py:743} INFO - Processing file /home/pker/airflow_env/lib/python3.7/site-packages/airflow/example_dags/example_nested_branch_dag.py for tasks to queue
[2025-11-21T10:52:34.777+0300] {logging_mixin.py:137} INFO - [2025-11-21T10:52:34.777+0300] {dagbag.py:532} INFO - Filling up the DagBag from /home/pker/airflow_env/lib/python3.7/site-packages/airflow/example_dags/example_nested_branch_dag.py
[2025-11-21T10:52:34.821+0300] {processor.py:753} INFO - DAG(s) dict_keys(['example_nested_branch_dag']) retrieved from /home/pker/airflow_env/lib/python3.7/site-packages/airflow/example_dags/example_nested_branch_dag.py
[2025-11-21T10:52:34.860+0300] {logging_mixin.py:137} INFO - [2025-11-21T10:52:34.860+0300] {dag.py:2705} INFO - Sync 1 DAGs
[2025-11-21T10:52:34.899+0300] {logging_mixin.py:137} INFO - [2025-11-21T10:52:34.899+0300] {dag.py:3456} INFO - Setting next_dagrun for example_nested_branch_dag to 2025-11-20T00:00:00+00:00, run_after=2025-11-21T00:00:00+00:00
[2025-11-21T10:52:34.941+0300] {processor.py:175} INFO - Processing /home/pker/airflow_env/lib/python3.7/site-packages/airflow/example_dags/example_nested_branch_dag.py took 0.177 seconds
[2025-11-21T10:53:22.824+0300] {processor.py:153} INFO - Started process (PID=30646) to work on /home/pker/airflow_env/lib/python3.7/site-packages/airflow/example_dags/example_nested_branch_dag.py
[2025-11-21T10:53:22.848+0300] {processor.py:743} INFO - Processing file /home/pker/airflow_env/lib/python3.7/site-packages/airflow/example_dags/example_nested_branch_dag.py for tasks to queue
[2025-11-21T10:53:22.851+0300] {logging_mixin.py:137} INFO - [2025-11-21T10:53:22.851+0300] {dagbag.py:532} INFO - Filling up the DagBag from /home/pker/airflow_env/lib/python3.7/site-packages/airflow/example_dags/example_nested_branch_dag.py
[2025-11-21T10:53:22.898+0300] {processor.py:753} INFO - DAG(s) dict_keys(['example_nested_branch_dag']) retrieved from /home/pker/airflow_env/lib/python3.7/site-packages/airflow/example_dags/example_nested_branch_dag.py
[2025-11-21T10:53:22.928+0300] {logging_mixin.py:137} INFO - [2025-11-21T10:53:22.928+0300] {dag.py:2705} INFO - Sync 1 DAGs
[2025-11-21T10:53:22.983+0300] {logging_mixin.py:137} INFO - [2025-11-21T10:53:22.982+0300] {dag.py:3456} INFO - Setting next_dagrun for example_nested_branch_dag to 2025-11-20T00:00:00+00:00, run_after=2025-11-21T00:00:00+00:00
[2025-11-21T10:53:23.042+0300] {processor.py:175} INFO - Processing /home/pker/airflow_env/lib/python3.7/site-packages/airflow/example_dags/example_nested_branch_dag.py took 0.224 seconds
[2025-11-21T10:54:11.033+0300] {processor.py:153} INFO - Started process (PID=30690) to work on /home/pker/airflow_env/lib/python3.7/site-packages/airflow/example_dags/example_nested_branch_dag.py
[2025-11-21T10:54:11.056+0300] {processor.py:743} INFO - Processing file /home/pker/airflow_env/lib/python3.7/site-packages/airflow/example_dags/example_nested_branch_dag.py for tasks to queue
[2025-11-21T10:54:11.058+0300] {logging_mixin.py:137} INFO - [2025-11-21T10:54:11.058+0300] {dagbag.py:532} INFO - Filling up the DagBag from /home/pker/airflow_env/lib/python3.7/site-packages/airflow/example_dags/example_nested_branch_dag.py
[2025-11-21T10:54:11.140+0300] {processor.py:753} INFO - DAG(s) dict_keys(['example_nested_branch_dag']) retrieved from /home/pker/airflow_env/lib/python3.7/site-packages/airflow/example_dags/example_nested_branch_dag.py
[2025-11-21T10:54:11.195+0300] {logging_mixin.py:137} INFO - [2025-11-21T10:54:11.195+0300] {dag.py:2705} INFO - Sync 1 DAGs
[2025-11-21T10:54:11.235+0300] {logging_mixin.py:137} INFO - [2025-11-21T10:54:11.235+0300] {dag.py:3456} INFO - Setting next_dagrun for example_nested_branch_dag to 2025-11-20T00:00:00+00:00, run_after=2025-11-21T00:00:00+00:00
[2025-11-21T10:54:11.319+0300] {processor.py:175} INFO - Processing /home/pker/airflow_env/lib/python3.7/site-packages/airflow/example_dags/example_nested_branch_dag.py took 0.302 seconds
[2025-11-21T10:54:58.085+0300] {processor.py:153} INFO - Started process (PID=30737) to work on /home/pker/airflow_env/lib/python3.7/site-packages/airflow/example_dags/example_nested_branch_dag.py
[2025-11-21T10:54:58.107+0300] {processor.py:743} INFO - Processing file /home/pker/airflow_env/lib/python3.7/site-packages/airflow/example_dags/example_nested_branch_dag.py for tasks to queue
[2025-11-21T10:54:58.110+0300] {logging_mixin.py:137} INFO - [2025-11-21T10:54:58.110+0300] {dagbag.py:532} INFO - Filling up the DagBag from /home/pker/airflow_env/lib/python3.7/site-packages/airflow/example_dags/example_nested_branch_dag.py
[2025-11-21T10:54:58.164+0300] {processor.py:753} INFO - DAG(s) dict_keys(['example_nested_branch_dag']) retrieved from /home/pker/airflow_env/lib/python3.7/site-packages/airflow/example_dags/example_nested_branch_dag.py
[2025-11-21T10:54:58.196+0300] {logging_mixin.py:137} INFO - [2025-11-21T10:54:58.195+0300] {dag.py:2705} INFO - Sync 1 DAGs
[2025-11-21T10:54:58.241+0300] {logging_mixin.py:137} INFO - [2025-11-21T10:54:58.241+0300] {dag.py:3456} INFO - Setting next_dagrun for example_nested_branch_dag to 2025-11-20T00:00:00+00:00, run_after=2025-11-21T00:00:00+00:00
[2025-11-21T10:54:58.305+0300] {processor.py:175} INFO - Processing /home/pker/airflow_env/lib/python3.7/site-packages/airflow/example_dags/example_nested_branch_dag.py took 0.225 seconds
[2025-11-21T10:55:46.563+0300] {processor.py:153} INFO - Started process (PID=30784) to work on /home/pker/airflow_env/lib/python3.7/site-packages/airflow/example_dags/example_nested_branch_dag.py
[2025-11-21T10:55:46.566+0300] {processor.py:743} INFO - Processing file /home/pker/airflow_env/lib/python3.7/site-packages/airflow/example_dags/example_nested_branch_dag.py for tasks to queue
[2025-11-21T10:55:46.568+0300] {logging_mixin.py:137} INFO - [2025-11-21T10:55:46.568+0300] {dagbag.py:532} INFO - Filling up the DagBag from /home/pker/airflow_env/lib/python3.7/site-packages/airflow/example_dags/example_nested_branch_dag.py
[2025-11-21T10:55:46.613+0300] {processor.py:753} INFO - DAG(s) dict_keys(['example_nested_branch_dag']) retrieved from /home/pker/airflow_env/lib/python3.7/site-packages/airflow/example_dags/example_nested_branch_dag.py
[2025-11-21T10:55:46.644+0300] {logging_mixin.py:137} INFO - [2025-11-21T10:55:46.644+0300] {dag.py:2705} INFO - Sync 1 DAGs
[2025-11-21T10:55:46.675+0300] {logging_mixin.py:137} INFO - [2025-11-21T10:55:46.675+0300] {dag.py:3456} INFO - Setting next_dagrun for example_nested_branch_dag to 2025-11-20T00:00:00+00:00, run_after=2025-11-21T00:00:00+00:00
[2025-11-21T10:55:46.706+0300] {processor.py:175} INFO - Processing /home/pker/airflow_env/lib/python3.7/site-packages/airflow/example_dags/example_nested_branch_dag.py took 0.150 seconds
[2025-11-21T10:56:35.045+0300] {processor.py:153} INFO - Started process (PID=30828) to work on /home/pker/airflow_env/lib/python3.7/site-packages/airflow/example_dags/example_nested_branch_dag.py
[2025-11-21T10:56:35.054+0300] {processor.py:743} INFO - Processing file /home/pker/airflow_env/lib/python3.7/site-packages/airflow/example_dags/example_nested_branch_dag.py for tasks to queue
[2025-11-21T10:56:35.057+0300] {logging_mixin.py:137} INFO - [2025-11-21T10:56:35.057+0300] {dagbag.py:532} INFO - Filling up the DagBag from /home/pker/airflow_env/lib/python3.7/site-packages/airflow/example_dags/example_nested_branch_dag.py
[2025-11-21T10:56:35.102+0300] {processor.py:753} INFO - DAG(s) dict_keys(['example_nested_branch_dag']) retrieved from /home/pker/airflow_env/lib/python3.7/site-packages/airflow/example_dags/example_nested_branch_dag.py
[2025-11-21T10:56:35.129+0300] {logging_mixin.py:137} INFO - [2025-11-21T10:56:35.129+0300] {dag.py:2705} INFO - Sync 1 DAGs
[2025-11-21T10:56:35.159+0300] {logging_mixin.py:137} INFO - [2025-11-21T10:56:35.159+0300] {dag.py:3456} INFO - Setting next_dagrun for example_nested_branch_dag to 2025-11-20T00:00:00+00:00, run_after=2025-11-21T00:00:00+00:00
[2025-11-21T10:56:35.208+0300] {processor.py:175} INFO - Processing /home/pker/airflow_env/lib/python3.7/site-packages/airflow/example_dags/example_nested_branch_dag.py took 0.169 seconds
[2025-11-21T10:57:23.788+0300] {processor.py:153} INFO - Started process (PID=30872) to work on /home/pker/airflow_env/lib/python3.7/site-packages/airflow/example_dags/example_nested_branch_dag.py
[2025-11-21T10:57:23.838+0300] {processor.py:743} INFO - Processing file /home/pker/airflow_env/lib/python3.7/site-packages/airflow/example_dags/example_nested_branch_dag.py for tasks to queue
[2025-11-21T10:57:23.840+0300] {logging_mixin.py:137} INFO - [2025-11-21T10:57:23.840+0300] {dagbag.py:532} INFO - Filling up the DagBag from /home/pker/airflow_env/lib/python3.7/site-packages/airflow/example_dags/example_nested_branch_dag.py
[2025-11-21T10:57:23.899+0300] {processor.py:753} INFO - DAG(s) dict_keys(['example_nested_branch_dag']) retrieved from /home/pker/airflow_env/lib/python3.7/site-packages/airflow/example_dags/example_nested_branch_dag.py
[2025-11-21T10:57:23.959+0300] {logging_mixin.py:137} INFO - [2025-11-21T10:57:23.959+0300] {dag.py:2705} INFO - Sync 1 DAGs
[2025-11-21T10:57:24.027+0300] {logging_mixin.py:137} INFO - [2025-11-21T10:57:24.026+0300] {dag.py:3456} INFO - Setting next_dagrun for example_nested_branch_dag to 2025-11-20T00:00:00+00:00, run_after=2025-11-21T00:00:00+00:00
[2025-11-21T10:57:24.074+0300] {processor.py:175} INFO - Processing /home/pker/airflow_env/lib/python3.7/site-packages/airflow/example_dags/example_nested_branch_dag.py took 0.296 seconds
[2025-11-21T10:58:10.951+0300] {processor.py:153} INFO - Started process (PID=30916) to work on /home/pker/airflow_env/lib/python3.7/site-packages/airflow/example_dags/example_nested_branch_dag.py
[2025-11-21T10:58:10.955+0300] {processor.py:743} INFO - Processing file /home/pker/airflow_env/lib/python3.7/site-packages/airflow/example_dags/example_nested_branch_dag.py for tasks to queue
[2025-11-21T10:58:10.956+0300] {logging_mixin.py:137} INFO - [2025-11-21T10:58:10.956+0300] {dagbag.py:532} INFO - Filling up the DagBag from /home/pker/airflow_env/lib/python3.7/site-packages/airflow/example_dags/example_nested_branch_dag.py
[2025-11-21T10:58:11.019+0300] {processor.py:753} INFO - DAG(s) dict_keys(['example_nested_branch_dag']) retrieved from /home/pker/airflow_env/lib/python3.7/site-packages/airflow/example_dags/example_nested_branch_dag.py
[2025-11-21T10:58:11.070+0300] {logging_mixin.py:137} INFO - [2025-11-21T10:58:11.069+0300] {dag.py:2705} INFO - Sync 1 DAGs
[2025-11-21T10:58:11.121+0300] {logging_mixin.py:137} INFO - [2025-11-21T10:58:11.121+0300] {dag.py:3456} INFO - Setting next_dagrun for example_nested_branch_dag to 2025-11-20T00:00:00+00:00, run_after=2025-11-21T00:00:00+00:00
[2025-11-21T10:58:11.186+0300] {processor.py:175} INFO - Processing /home/pker/airflow_env/lib/python3.7/site-packages/airflow/example_dags/example_nested_branch_dag.py took 0.244 seconds
[2025-11-21T10:59:01.046+0300] {processor.py:153} INFO - Started process (PID=30977) to work on /home/pker/airflow_env/lib/python3.7/site-packages/airflow/example_dags/example_nested_branch_dag.py
[2025-11-21T10:59:01.065+0300] {processor.py:743} INFO - Processing file /home/pker/airflow_env/lib/python3.7/site-packages/airflow/example_dags/example_nested_branch_dag.py for tasks to queue
[2025-11-21T10:59:01.067+0300] {logging_mixin.py:137} INFO - [2025-11-21T10:59:01.066+0300] {dagbag.py:532} INFO - Filling up the DagBag from /home/pker/airflow_env/lib/python3.7/site-packages/airflow/example_dags/example_nested_branch_dag.py
[2025-11-21T10:59:01.117+0300] {processor.py:753} INFO - DAG(s) dict_keys(['example_nested_branch_dag']) retrieved from /home/pker/airflow_env/lib/python3.7/site-packages/airflow/example_dags/example_nested_branch_dag.py
[2025-11-21T10:59:01.145+0300] {logging_mixin.py:137} INFO - [2025-11-21T10:59:01.145+0300] {dag.py:2705} INFO - Sync 1 DAGs
[2025-11-21T10:59:01.176+0300] {logging_mixin.py:137} INFO - [2025-11-21T10:59:01.176+0300] {dag.py:3456} INFO - Setting next_dagrun for example_nested_branch_dag to 2025-11-20T00:00:00+00:00, run_after=2025-11-21T00:00:00+00:00
[2025-11-21T10:59:01.219+0300] {processor.py:175} INFO - Processing /home/pker/airflow_env/lib/python3.7/site-packages/airflow/example_dags/example_nested_branch_dag.py took 0.179 seconds
[2025-11-21T10:59:47.450+0300] {processor.py:153} INFO - Started process (PID=31025) to work on /home/pker/airflow_env/lib/python3.7/site-packages/airflow/example_dags/example_nested_branch_dag.py
[2025-11-21T10:59:47.472+0300] {processor.py:743} INFO - Processing file /home/pker/airflow_env/lib/python3.7/site-packages/airflow/example_dags/example_nested_branch_dag.py for tasks to queue
[2025-11-21T10:59:47.474+0300] {logging_mixin.py:137} INFO - [2025-11-21T10:59:47.473+0300] {dagbag.py:532} INFO - Filling up the DagBag from /home/pker/airflow_env/lib/python3.7/site-packages/airflow/example_dags/example_nested_branch_dag.py
[2025-11-21T10:59:47.529+0300] {processor.py:753} INFO - DAG(s) dict_keys(['example_nested_branch_dag']) retrieved from /home/pker/airflow_env/lib/python3.7/site-packages/airflow/example_dags/example_nested_branch_dag.py
[2025-11-21T10:59:47.569+0300] {logging_mixin.py:137} INFO - [2025-11-21T10:59:47.568+0300] {dag.py:2705} INFO - Sync 1 DAGs
[2025-11-21T10:59:47.604+0300] {logging_mixin.py:137} INFO - [2025-11-21T10:59:47.604+0300] {dag.py:3456} INFO - Setting next_dagrun for example_nested_branch_dag to 2025-11-20T00:00:00+00:00, run_after=2025-11-21T00:00:00+00:00
[2025-11-21T10:59:47.669+0300] {processor.py:175} INFO - Processing /home/pker/airflow_env/lib/python3.7/site-packages/airflow/example_dags/example_nested_branch_dag.py took 0.227 seconds
[2025-11-21T11:00:39.878+0300] {processor.py:153} INFO - Started process (PID=31083) to work on /home/pker/airflow_env/lib/python3.7/site-packages/airflow/example_dags/example_nested_branch_dag.py
[2025-11-21T11:00:39.902+0300] {processor.py:743} INFO - Processing file /home/pker/airflow_env/lib/python3.7/site-packages/airflow/example_dags/example_nested_branch_dag.py for tasks to queue
[2025-11-21T11:00:39.904+0300] {logging_mixin.py:137} INFO - [2025-11-21T11:00:39.903+0300] {dagbag.py:532} INFO - Filling up the DagBag from /home/pker/airflow_env/lib/python3.7/site-packages/airflow/example_dags/example_nested_branch_dag.py
[2025-11-21T11:00:39.965+0300] {processor.py:753} INFO - DAG(s) dict_keys(['example_nested_branch_dag']) retrieved from /home/pker/airflow_env/lib/python3.7/site-packages/airflow/example_dags/example_nested_branch_dag.py
[2025-11-21T11:00:40.011+0300] {logging_mixin.py:137} INFO - [2025-11-21T11:00:40.010+0300] {dag.py:2705} INFO - Sync 1 DAGs
[2025-11-21T11:00:40.056+0300] {logging_mixin.py:137} INFO - [2025-11-21T11:00:40.055+0300] {dag.py:3456} INFO - Setting next_dagrun for example_nested_branch_dag to 2025-11-20T00:00:00+00:00, run_after=2025-11-21T00:00:00+00:00
[2025-11-21T11:00:40.115+0300] {processor.py:175} INFO - Processing /home/pker/airflow_env/lib/python3.7/site-packages/airflow/example_dags/example_nested_branch_dag.py took 0.243 seconds
[2025-11-21T11:01:28.876+0300] {processor.py:153} INFO - Started process (PID=31127) to work on /home/pker/airflow_env/lib/python3.7/site-packages/airflow/example_dags/example_nested_branch_dag.py
[2025-11-21T11:01:28.899+0300] {processor.py:743} INFO - Processing file /home/pker/airflow_env/lib/python3.7/site-packages/airflow/example_dags/example_nested_branch_dag.py for tasks to queue
[2025-11-21T11:01:28.901+0300] {logging_mixin.py:137} INFO - [2025-11-21T11:01:28.901+0300] {dagbag.py:532} INFO - Filling up the DagBag from /home/pker/airflow_env/lib/python3.7/site-packages/airflow/example_dags/example_nested_branch_dag.py
[2025-11-21T11:01:28.961+0300] {processor.py:753} INFO - DAG(s) dict_keys(['example_nested_branch_dag']) retrieved from /home/pker/airflow_env/lib/python3.7/site-packages/airflow/example_dags/example_nested_branch_dag.py
[2025-11-21T11:01:28.999+0300] {logging_mixin.py:137} INFO - [2025-11-21T11:01:28.998+0300] {dag.py:2705} INFO - Sync 1 DAGs
[2025-11-21T11:01:29.041+0300] {logging_mixin.py:137} INFO - [2025-11-21T11:01:29.041+0300] {dag.py:3456} INFO - Setting next_dagrun for example_nested_branch_dag to 2025-11-20T00:00:00+00:00, run_after=2025-11-21T00:00:00+00:00
[2025-11-21T11:01:29.107+0300] {processor.py:175} INFO - Processing /home/pker/airflow_env/lib/python3.7/site-packages/airflow/example_dags/example_nested_branch_dag.py took 0.238 seconds
[2025-11-21T11:02:17.377+0300] {processor.py:153} INFO - Started process (PID=31173) to work on /home/pker/airflow_env/lib/python3.7/site-packages/airflow/example_dags/example_nested_branch_dag.py
[2025-11-21T11:02:17.402+0300] {processor.py:743} INFO - Processing file /home/pker/airflow_env/lib/python3.7/site-packages/airflow/example_dags/example_nested_branch_dag.py for tasks to queue
[2025-11-21T11:02:17.404+0300] {logging_mixin.py:137} INFO - [2025-11-21T11:02:17.403+0300] {dagbag.py:532} INFO - Filling up the DagBag from /home/pker/airflow_env/lib/python3.7/site-packages/airflow/example_dags/example_nested_branch_dag.py
[2025-11-21T11:02:17.451+0300] {processor.py:753} INFO - DAG(s) dict_keys(['example_nested_branch_dag']) retrieved from /home/pker/airflow_env/lib/python3.7/site-packages/airflow/example_dags/example_nested_branch_dag.py
[2025-11-21T11:02:17.483+0300] {logging_mixin.py:137} INFO - [2025-11-21T11:02:17.482+0300] {dag.py:2705} INFO - Sync 1 DAGs
[2025-11-21T11:02:17.521+0300] {logging_mixin.py:137} INFO - [2025-11-21T11:02:17.521+0300] {dag.py:3456} INFO - Setting next_dagrun for example_nested_branch_dag to 2025-11-20T00:00:00+00:00, run_after=2025-11-21T00:00:00+00:00
[2025-11-21T11:02:17.585+0300] {processor.py:175} INFO - Processing /home/pker/airflow_env/lib/python3.7/site-packages/airflow/example_dags/example_nested_branch_dag.py took 0.213 seconds
[2025-11-21T11:03:04.088+0300] {processor.py:153} INFO - Started process (PID=31220) to work on /home/pker/airflow_env/lib/python3.7/site-packages/airflow/example_dags/example_nested_branch_dag.py
[2025-11-21T11:03:04.110+0300] {processor.py:743} INFO - Processing file /home/pker/airflow_env/lib/python3.7/site-packages/airflow/example_dags/example_nested_branch_dag.py for tasks to queue
[2025-11-21T11:03:04.112+0300] {logging_mixin.py:137} INFO - [2025-11-21T11:03:04.111+0300] {dagbag.py:532} INFO - Filling up the DagBag from /home/pker/airflow_env/lib/python3.7/site-packages/airflow/example_dags/example_nested_branch_dag.py
[2025-11-21T11:03:04.148+0300] {processor.py:753} INFO - DAG(s) dict_keys(['example_nested_branch_dag']) retrieved from /home/pker/airflow_env/lib/python3.7/site-packages/airflow/example_dags/example_nested_branch_dag.py
[2025-11-21T11:03:04.183+0300] {logging_mixin.py:137} INFO - [2025-11-21T11:03:04.183+0300] {dag.py:2705} INFO - Sync 1 DAGs
[2025-11-21T11:03:04.220+0300] {logging_mixin.py:137} INFO - [2025-11-21T11:03:04.220+0300] {dag.py:3456} INFO - Setting next_dagrun for example_nested_branch_dag to 2025-11-20T00:00:00+00:00, run_after=2025-11-21T00:00:00+00:00
[2025-11-21T11:03:04.285+0300] {processor.py:175} INFO - Processing /home/pker/airflow_env/lib/python3.7/site-packages/airflow/example_dags/example_nested_branch_dag.py took 0.202 seconds
[2025-11-21T11:03:49.467+0300] {processor.py:153} INFO - Started process (PID=31265) to work on /home/pker/airflow_env/lib/python3.7/site-packages/airflow/example_dags/example_nested_branch_dag.py
[2025-11-21T11:03:49.470+0300] {processor.py:743} INFO - Processing file /home/pker/airflow_env/lib/python3.7/site-packages/airflow/example_dags/example_nested_branch_dag.py for tasks to queue
[2025-11-21T11:03:49.472+0300] {logging_mixin.py:137} INFO - [2025-11-21T11:03:49.472+0300] {dagbag.py:532} INFO - Filling up the DagBag from /home/pker/airflow_env/lib/python3.7/site-packages/airflow/example_dags/example_nested_branch_dag.py
[2025-11-21T11:03:49.515+0300] {processor.py:753} INFO - DAG(s) dict_keys(['example_nested_branch_dag']) retrieved from /home/pker/airflow_env/lib/python3.7/site-packages/airflow/example_dags/example_nested_branch_dag.py
[2025-11-21T11:03:49.544+0300] {logging_mixin.py:137} INFO - [2025-11-21T11:03:49.544+0300] {dag.py:2705} INFO - Sync 1 DAGs
[2025-11-21T11:03:49.584+0300] {logging_mixin.py:137} INFO - [2025-11-21T11:03:49.584+0300] {dag.py:3456} INFO - Setting next_dagrun for example_nested_branch_dag to 2025-11-20T00:00:00+00:00, run_after=2025-11-21T00:00:00+00:00
[2025-11-21T11:03:49.648+0300] {processor.py:175} INFO - Processing /home/pker/airflow_env/lib/python3.7/site-packages/airflow/example_dags/example_nested_branch_dag.py took 0.190 seconds
[2025-11-21T11:04:38.838+0300] {processor.py:153} INFO - Started process (PID=31307) to work on /home/pker/airflow_env/lib/python3.7/site-packages/airflow/example_dags/example_nested_branch_dag.py
[2025-11-21T11:04:38.861+0300] {processor.py:743} INFO - Processing file /home/pker/airflow_env/lib/python3.7/site-packages/airflow/example_dags/example_nested_branch_dag.py for tasks to queue
[2025-11-21T11:04:38.863+0300] {logging_mixin.py:137} INFO - [2025-11-21T11:04:38.862+0300] {dagbag.py:532} INFO - Filling up the DagBag from /home/pker/airflow_env/lib/python3.7/site-packages/airflow/example_dags/example_nested_branch_dag.py
[2025-11-21T11:04:38.913+0300] {processor.py:753} INFO - DAG(s) dict_keys(['example_nested_branch_dag']) retrieved from /home/pker/airflow_env/lib/python3.7/site-packages/airflow/example_dags/example_nested_branch_dag.py
[2025-11-21T11:04:38.943+0300] {logging_mixin.py:137} INFO - [2025-11-21T11:04:38.943+0300] {dag.py:2705} INFO - Sync 1 DAGs
[2025-11-21T11:04:38.985+0300] {logging_mixin.py:137} INFO - [2025-11-21T11:04:38.985+0300] {dag.py:3456} INFO - Setting next_dagrun for example_nested_branch_dag to 2025-11-20T00:00:00+00:00, run_after=2025-11-21T00:00:00+00:00
[2025-11-21T11:04:39.052+0300] {processor.py:175} INFO - Processing /home/pker/airflow_env/lib/python3.7/site-packages/airflow/example_dags/example_nested_branch_dag.py took 0.222 seconds
[2025-11-21T11:05:27.618+0300] {processor.py:153} INFO - Started process (PID=31354) to work on /home/pker/airflow_env/lib/python3.7/site-packages/airflow/example_dags/example_nested_branch_dag.py
[2025-11-21T11:05:27.622+0300] {processor.py:743} INFO - Processing file /home/pker/airflow_env/lib/python3.7/site-packages/airflow/example_dags/example_nested_branch_dag.py for tasks to queue
[2025-11-21T11:05:27.624+0300] {logging_mixin.py:137} INFO - [2025-11-21T11:05:27.623+0300] {dagbag.py:532} INFO - Filling up the DagBag from /home/pker/airflow_env/lib/python3.7/site-packages/airflow/example_dags/example_nested_branch_dag.py
[2025-11-21T11:05:27.671+0300] {processor.py:753} INFO - DAG(s) dict_keys(['example_nested_branch_dag']) retrieved from /home/pker/airflow_env/lib/python3.7/site-packages/airflow/example_dags/example_nested_branch_dag.py
[2025-11-21T11:05:27.701+0300] {logging_mixin.py:137} INFO - [2025-11-21T11:05:27.700+0300] {dag.py:2705} INFO - Sync 1 DAGs
[2025-11-21T11:05:27.747+0300] {logging_mixin.py:137} INFO - [2025-11-21T11:05:27.746+0300] {dag.py:3456} INFO - Setting next_dagrun for example_nested_branch_dag to 2025-11-20T00:00:00+00:00, run_after=2025-11-21T00:00:00+00:00
[2025-11-21T11:05:27.824+0300] {processor.py:175} INFO - Processing /home/pker/airflow_env/lib/python3.7/site-packages/airflow/example_dags/example_nested_branch_dag.py took 0.213 seconds
[2025-11-21T11:06:15.057+0300] {processor.py:153} INFO - Started process (PID=31405) to work on /home/pker/airflow_env/lib/python3.7/site-packages/airflow/example_dags/example_nested_branch_dag.py
[2025-11-21T11:06:15.078+0300] {processor.py:743} INFO - Processing file /home/pker/airflow_env/lib/python3.7/site-packages/airflow/example_dags/example_nested_branch_dag.py for tasks to queue
[2025-11-21T11:06:15.081+0300] {logging_mixin.py:137} INFO - [2025-11-21T11:06:15.080+0300] {dagbag.py:532} INFO - Filling up the DagBag from /home/pker/airflow_env/lib/python3.7/site-packages/airflow/example_dags/example_nested_branch_dag.py
[2025-11-21T11:06:15.130+0300] {processor.py:753} INFO - DAG(s) dict_keys(['example_nested_branch_dag']) retrieved from /home/pker/airflow_env/lib/python3.7/site-packages/airflow/example_dags/example_nested_branch_dag.py
[2025-11-21T11:06:15.181+0300] {logging_mixin.py:137} INFO - [2025-11-21T11:06:15.180+0300] {dag.py:2705} INFO - Sync 1 DAGs
[2025-11-21T11:06:15.246+0300] {logging_mixin.py:137} INFO - [2025-11-21T11:06:15.245+0300] {dag.py:3456} INFO - Setting next_dagrun for example_nested_branch_dag to 2025-11-20T00:00:00+00:00, run_after=2025-11-21T00:00:00+00:00
[2025-11-21T11:06:15.323+0300] {processor.py:175} INFO - Processing /home/pker/airflow_env/lib/python3.7/site-packages/airflow/example_dags/example_nested_branch_dag.py took 0.271 seconds
[2025-11-21T11:07:03.327+0300] {processor.py:153} INFO - Started process (PID=31453) to work on /home/pker/airflow_env/lib/python3.7/site-packages/airflow/example_dags/example_nested_branch_dag.py
[2025-11-21T11:07:03.331+0300] {processor.py:743} INFO - Processing file /home/pker/airflow_env/lib/python3.7/site-packages/airflow/example_dags/example_nested_branch_dag.py for tasks to queue
[2025-11-21T11:07:03.333+0300] {logging_mixin.py:137} INFO - [2025-11-21T11:07:03.332+0300] {dagbag.py:532} INFO - Filling up the DagBag from /home/pker/airflow_env/lib/python3.7/site-packages/airflow/example_dags/example_nested_branch_dag.py
[2025-11-21T11:07:03.386+0300] {processor.py:753} INFO - DAG(s) dict_keys(['example_nested_branch_dag']) retrieved from /home/pker/airflow_env/lib/python3.7/site-packages/airflow/example_dags/example_nested_branch_dag.py
[2025-11-21T11:07:03.417+0300] {logging_mixin.py:137} INFO - [2025-11-21T11:07:03.417+0300] {dag.py:2705} INFO - Sync 1 DAGs
[2025-11-21T11:07:03.466+0300] {logging_mixin.py:137} INFO - [2025-11-21T11:07:03.466+0300] {dag.py:3456} INFO - Setting next_dagrun for example_nested_branch_dag to 2025-11-20T00:00:00+00:00, run_after=2025-11-21T00:00:00+00:00
[2025-11-21T11:07:03.525+0300] {processor.py:175} INFO - Processing /home/pker/airflow_env/lib/python3.7/site-packages/airflow/example_dags/example_nested_branch_dag.py took 0.205 seconds
[2025-11-21T11:07:50.963+0300] {processor.py:153} INFO - Started process (PID=31523) to work on /home/pker/airflow_env/lib/python3.7/site-packages/airflow/example_dags/example_nested_branch_dag.py
[2025-11-21T11:07:50.988+0300] {processor.py:743} INFO - Processing file /home/pker/airflow_env/lib/python3.7/site-packages/airflow/example_dags/example_nested_branch_dag.py for tasks to queue
[2025-11-21T11:07:50.990+0300] {logging_mixin.py:137} INFO - [2025-11-21T11:07:50.990+0300] {dagbag.py:532} INFO - Filling up the DagBag from /home/pker/airflow_env/lib/python3.7/site-packages/airflow/example_dags/example_nested_branch_dag.py
[2025-11-21T11:07:51.032+0300] {processor.py:753} INFO - DAG(s) dict_keys(['example_nested_branch_dag']) retrieved from /home/pker/airflow_env/lib/python3.7/site-packages/airflow/example_dags/example_nested_branch_dag.py
[2025-11-21T11:07:51.058+0300] {logging_mixin.py:137} INFO - [2025-11-21T11:07:51.058+0300] {dag.py:2705} INFO - Sync 1 DAGs
[2025-11-21T11:07:51.087+0300] {logging_mixin.py:137} INFO - [2025-11-21T11:07:51.087+0300] {dag.py:3456} INFO - Setting next_dagrun for example_nested_branch_dag to 2025-11-20T00:00:00+00:00, run_after=2025-11-21T00:00:00+00:00
[2025-11-21T11:07:51.123+0300] {processor.py:175} INFO - Processing /home/pker/airflow_env/lib/python3.7/site-packages/airflow/example_dags/example_nested_branch_dag.py took 0.167 seconds
[2025-11-21T11:08:39.036+0300] {processor.py:153} INFO - Started process (PID=31570) to work on /home/pker/airflow_env/lib/python3.7/site-packages/airflow/example_dags/example_nested_branch_dag.py
[2025-11-21T11:08:39.046+0300] {processor.py:743} INFO - Processing file /home/pker/airflow_env/lib/python3.7/site-packages/airflow/example_dags/example_nested_branch_dag.py for tasks to queue
[2025-11-21T11:08:39.049+0300] {logging_mixin.py:137} INFO - [2025-11-21T11:08:39.049+0300] {dagbag.py:532} INFO - Filling up the DagBag from /home/pker/airflow_env/lib/python3.7/site-packages/airflow/example_dags/example_nested_branch_dag.py
[2025-11-21T11:08:39.090+0300] {processor.py:753} INFO - DAG(s) dict_keys(['example_nested_branch_dag']) retrieved from /home/pker/airflow_env/lib/python3.7/site-packages/airflow/example_dags/example_nested_branch_dag.py
[2025-11-21T11:08:39.118+0300] {logging_mixin.py:137} INFO - [2025-11-21T11:08:39.118+0300] {dag.py:2705} INFO - Sync 1 DAGs
[2025-11-21T11:08:39.149+0300] {logging_mixin.py:137} INFO - [2025-11-21T11:08:39.148+0300] {dag.py:3456} INFO - Setting next_dagrun for example_nested_branch_dag to 2025-11-20T00:00:00+00:00, run_after=2025-11-21T00:00:00+00:00
[2025-11-21T11:08:39.265+0300] {processor.py:175} INFO - Processing /home/pker/airflow_env/lib/python3.7/site-packages/airflow/example_dags/example_nested_branch_dag.py took 0.235 seconds
