[2025-11-21T10:44:00.901+0300] {processor.py:153} INFO - Started process (PID=30087) to work on /home/pker/airflow_env/lib/python3.7/site-packages/airflow/example_dags/example_skip_dag.py
[2025-11-21T10:44:00.903+0300] {processor.py:743} INFO - Processing file /home/pker/airflow_env/lib/python3.7/site-packages/airflow/example_dags/example_skip_dag.py for tasks to queue
[2025-11-21T10:44:00.904+0300] {logging_mixin.py:137} INFO - [2025-11-21T10:44:00.904+0300] {dagbag.py:532} INFO - Filling up the DagBag from /home/pker/airflow_env/lib/python3.7/site-packages/airflow/example_dags/example_skip_dag.py
[2025-11-21T10:44:00.928+0300] {processor.py:753} INFO - DAG(s) dict_keys(['example_skip_dag']) retrieved from /home/pker/airflow_env/lib/python3.7/site-packages/airflow/example_dags/example_skip_dag.py
[2025-11-21T10:44:01.118+0300] {logging_mixin.py:137} INFO - [2025-11-21T10:44:01.117+0300] {manager.py:504} INFO - Created Permission View: can delete on DAG:example_skip_dag
[2025-11-21T10:44:01.141+0300] {logging_mixin.py:137} INFO - [2025-11-21T10:44:01.140+0300] {manager.py:504} INFO - Created Permission View: can read on DAG:example_skip_dag
[2025-11-21T10:44:01.153+0300] {logging_mixin.py:137} INFO - [2025-11-21T10:44:01.153+0300] {manager.py:504} INFO - Created Permission View: can edit on DAG:example_skip_dag
[2025-11-21T10:44:01.153+0300] {logging_mixin.py:137} INFO - [2025-11-21T10:44:01.153+0300] {dag.py:2705} INFO - Sync 1 DAGs
[2025-11-21T10:44:01.168+0300] {logging_mixin.py:137} INFO - [2025-11-21T10:44:01.168+0300] {dag.py:2726} INFO - Creating ORM DAG for example_skip_dag
[2025-11-21T10:44:01.181+0300] {logging_mixin.py:137} INFO - [2025-11-21T10:44:01.180+0300] {dag.py:3456} INFO - Setting next_dagrun for example_skip_dag to 2025-11-20T07:44:01.180392+00:00, run_after=2025-11-21T07:44:01.180392+00:00
[2025-11-21T10:44:01.207+0300] {processor.py:175} INFO - Processing /home/pker/airflow_env/lib/python3.7/site-packages/airflow/example_dags/example_skip_dag.py took 0.312 seconds
[2025-11-21T10:44:51.170+0300] {processor.py:153} INFO - Started process (PID=30131) to work on /home/pker/airflow_env/lib/python3.7/site-packages/airflow/example_dags/example_skip_dag.py
[2025-11-21T10:44:51.193+0300] {processor.py:743} INFO - Processing file /home/pker/airflow_env/lib/python3.7/site-packages/airflow/example_dags/example_skip_dag.py for tasks to queue
[2025-11-21T10:44:51.195+0300] {logging_mixin.py:137} INFO - [2025-11-21T10:44:51.195+0300] {dagbag.py:532} INFO - Filling up the DagBag from /home/pker/airflow_env/lib/python3.7/site-packages/airflow/example_dags/example_skip_dag.py
[2025-11-21T10:44:51.223+0300] {processor.py:753} INFO - DAG(s) dict_keys(['example_skip_dag']) retrieved from /home/pker/airflow_env/lib/python3.7/site-packages/airflow/example_dags/example_skip_dag.py
[2025-11-21T10:44:51.270+0300] {logging_mixin.py:137} INFO - [2025-11-21T10:44:51.269+0300] {dag.py:2705} INFO - Sync 1 DAGs
[2025-11-21T10:44:51.310+0300] {logging_mixin.py:137} INFO - [2025-11-21T10:44:51.309+0300] {dag.py:3456} INFO - Setting next_dagrun for example_skip_dag to 2025-11-20T07:44:51.309473+00:00, run_after=2025-11-21T07:44:51.309473+00:00
[2025-11-21T10:44:51.372+0300] {processor.py:175} INFO - Processing /home/pker/airflow_env/lib/python3.7/site-packages/airflow/example_dags/example_skip_dag.py took 0.207 seconds
[2025-11-21T10:45:42.221+0300] {processor.py:153} INFO - Started process (PID=30197) to work on /home/pker/airflow_env/lib/python3.7/site-packages/airflow/example_dags/example_skip_dag.py
[2025-11-21T10:45:42.225+0300] {processor.py:743} INFO - Processing file /home/pker/airflow_env/lib/python3.7/site-packages/airflow/example_dags/example_skip_dag.py for tasks to queue
[2025-11-21T10:45:42.226+0300] {logging_mixin.py:137} INFO - [2025-11-21T10:45:42.226+0300] {dagbag.py:532} INFO - Filling up the DagBag from /home/pker/airflow_env/lib/python3.7/site-packages/airflow/example_dags/example_skip_dag.py
[2025-11-21T10:45:42.254+0300] {processor.py:753} INFO - DAG(s) dict_keys(['example_skip_dag']) retrieved from /home/pker/airflow_env/lib/python3.7/site-packages/airflow/example_dags/example_skip_dag.py
[2025-11-21T10:45:42.290+0300] {logging_mixin.py:137} INFO - [2025-11-21T10:45:42.289+0300] {dag.py:2705} INFO - Sync 1 DAGs
[2025-11-21T10:45:42.337+0300] {logging_mixin.py:137} INFO - [2025-11-21T10:45:42.337+0300] {dag.py:3456} INFO - Setting next_dagrun for example_skip_dag to 2025-11-20T07:45:42.337111+00:00, run_after=2025-11-21T07:45:42.337111+00:00
[2025-11-21T10:45:42.378+0300] {processor.py:175} INFO - Processing /home/pker/airflow_env/lib/python3.7/site-packages/airflow/example_dags/example_skip_dag.py took 0.162 seconds
[2025-11-21T10:46:29.273+0300] {processor.py:153} INFO - Started process (PID=30245) to work on /home/pker/airflow_env/lib/python3.7/site-packages/airflow/example_dags/example_skip_dag.py
[2025-11-21T10:46:29.296+0300] {processor.py:743} INFO - Processing file /home/pker/airflow_env/lib/python3.7/site-packages/airflow/example_dags/example_skip_dag.py for tasks to queue
[2025-11-21T10:46:29.297+0300] {logging_mixin.py:137} INFO - [2025-11-21T10:46:29.296+0300] {dagbag.py:532} INFO - Filling up the DagBag from /home/pker/airflow_env/lib/python3.7/site-packages/airflow/example_dags/example_skip_dag.py
[2025-11-21T10:46:29.333+0300] {processor.py:753} INFO - DAG(s) dict_keys(['example_skip_dag']) retrieved from /home/pker/airflow_env/lib/python3.7/site-packages/airflow/example_dags/example_skip_dag.py
[2025-11-21T10:46:29.369+0300] {logging_mixin.py:137} INFO - [2025-11-21T10:46:29.368+0300] {dag.py:2705} INFO - Sync 1 DAGs
[2025-11-21T10:46:29.398+0300] {logging_mixin.py:137} INFO - [2025-11-21T10:46:29.398+0300] {dag.py:3456} INFO - Setting next_dagrun for example_skip_dag to 2025-11-20T07:46:29.398225+00:00, run_after=2025-11-21T07:46:29.398225+00:00
[2025-11-21T10:46:29.457+0300] {processor.py:175} INFO - Processing /home/pker/airflow_env/lib/python3.7/site-packages/airflow/example_dags/example_skip_dag.py took 0.190 seconds
[2025-11-21T10:47:17.611+0300] {processor.py:153} INFO - Started process (PID=30289) to work on /home/pker/airflow_env/lib/python3.7/site-packages/airflow/example_dags/example_skip_dag.py
[2025-11-21T10:47:17.634+0300] {processor.py:743} INFO - Processing file /home/pker/airflow_env/lib/python3.7/site-packages/airflow/example_dags/example_skip_dag.py for tasks to queue
[2025-11-21T10:47:17.637+0300] {logging_mixin.py:137} INFO - [2025-11-21T10:47:17.636+0300] {dagbag.py:532} INFO - Filling up the DagBag from /home/pker/airflow_env/lib/python3.7/site-packages/airflow/example_dags/example_skip_dag.py
[2025-11-21T10:47:17.665+0300] {processor.py:753} INFO - DAG(s) dict_keys(['example_skip_dag']) retrieved from /home/pker/airflow_env/lib/python3.7/site-packages/airflow/example_dags/example_skip_dag.py
[2025-11-21T10:47:17.709+0300] {logging_mixin.py:137} INFO - [2025-11-21T10:47:17.709+0300] {dag.py:2705} INFO - Sync 1 DAGs
[2025-11-21T10:47:17.748+0300] {logging_mixin.py:137} INFO - [2025-11-21T10:47:17.748+0300] {dag.py:3456} INFO - Setting next_dagrun for example_skip_dag to 2025-11-20T07:47:17.748274+00:00, run_after=2025-11-21T07:47:17.748274+00:00
[2025-11-21T10:47:17.784+0300] {processor.py:175} INFO - Processing /home/pker/airflow_env/lib/python3.7/site-packages/airflow/example_dags/example_skip_dag.py took 0.179 seconds
[2025-11-21T10:48:03.924+0300] {processor.py:153} INFO - Started process (PID=30333) to work on /home/pker/airflow_env/lib/python3.7/site-packages/airflow/example_dags/example_skip_dag.py
[2025-11-21T10:48:03.947+0300] {processor.py:743} INFO - Processing file /home/pker/airflow_env/lib/python3.7/site-packages/airflow/example_dags/example_skip_dag.py for tasks to queue
[2025-11-21T10:48:03.949+0300] {logging_mixin.py:137} INFO - [2025-11-21T10:48:03.948+0300] {dagbag.py:532} INFO - Filling up the DagBag from /home/pker/airflow_env/lib/python3.7/site-packages/airflow/example_dags/example_skip_dag.py
[2025-11-21T10:48:03.975+0300] {processor.py:753} INFO - DAG(s) dict_keys(['example_skip_dag']) retrieved from /home/pker/airflow_env/lib/python3.7/site-packages/airflow/example_dags/example_skip_dag.py
[2025-11-21T10:48:04.008+0300] {logging_mixin.py:137} INFO - [2025-11-21T10:48:04.008+0300] {dag.py:2705} INFO - Sync 1 DAGs
[2025-11-21T10:48:04.037+0300] {logging_mixin.py:137} INFO - [2025-11-21T10:48:04.037+0300] {dag.py:3456} INFO - Setting next_dagrun for example_skip_dag to 2025-11-20T07:48:04.036842+00:00, run_after=2025-11-21T07:48:04.036842+00:00
[2025-11-21T10:48:04.092+0300] {processor.py:175} INFO - Processing /home/pker/airflow_env/lib/python3.7/site-packages/airflow/example_dags/example_skip_dag.py took 0.174 seconds
[2025-11-21T10:48:51.677+0300] {processor.py:153} INFO - Started process (PID=30380) to work on /home/pker/airflow_env/lib/python3.7/site-packages/airflow/example_dags/example_skip_dag.py
[2025-11-21T10:48:51.700+0300] {processor.py:743} INFO - Processing file /home/pker/airflow_env/lib/python3.7/site-packages/airflow/example_dags/example_skip_dag.py for tasks to queue
[2025-11-21T10:48:51.703+0300] {logging_mixin.py:137} INFO - [2025-11-21T10:48:51.702+0300] {dagbag.py:532} INFO - Filling up the DagBag from /home/pker/airflow_env/lib/python3.7/site-packages/airflow/example_dags/example_skip_dag.py
[2025-11-21T10:48:51.729+0300] {processor.py:753} INFO - DAG(s) dict_keys(['example_skip_dag']) retrieved from /home/pker/airflow_env/lib/python3.7/site-packages/airflow/example_dags/example_skip_dag.py
[2025-11-21T10:48:51.759+0300] {logging_mixin.py:137} INFO - [2025-11-21T10:48:51.759+0300] {dag.py:2705} INFO - Sync 1 DAGs
[2025-11-21T10:48:51.786+0300] {logging_mixin.py:137} INFO - [2025-11-21T10:48:51.785+0300] {dag.py:3456} INFO - Setting next_dagrun for example_skip_dag to 2025-11-20T07:48:51.785628+00:00, run_after=2025-11-21T07:48:51.785628+00:00
[2025-11-21T10:48:51.818+0300] {processor.py:175} INFO - Processing /home/pker/airflow_env/lib/python3.7/site-packages/airflow/example_dags/example_skip_dag.py took 0.147 seconds
[2025-11-21T10:49:38.547+0300] {processor.py:153} INFO - Started process (PID=30433) to work on /home/pker/airflow_env/lib/python3.7/site-packages/airflow/example_dags/example_skip_dag.py
[2025-11-21T10:49:38.551+0300] {processor.py:743} INFO - Processing file /home/pker/airflow_env/lib/python3.7/site-packages/airflow/example_dags/example_skip_dag.py for tasks to queue
[2025-11-21T10:49:38.554+0300] {logging_mixin.py:137} INFO - [2025-11-21T10:49:38.553+0300] {dagbag.py:532} INFO - Filling up the DagBag from /home/pker/airflow_env/lib/python3.7/site-packages/airflow/example_dags/example_skip_dag.py
[2025-11-21T10:49:38.589+0300] {processor.py:753} INFO - DAG(s) dict_keys(['example_skip_dag']) retrieved from /home/pker/airflow_env/lib/python3.7/site-packages/airflow/example_dags/example_skip_dag.py
[2025-11-21T10:49:38.629+0300] {logging_mixin.py:137} INFO - [2025-11-21T10:49:38.628+0300] {dag.py:2705} INFO - Sync 1 DAGs
[2025-11-21T10:49:38.664+0300] {logging_mixin.py:137} INFO - [2025-11-21T10:49:38.663+0300] {dag.py:3456} INFO - Setting next_dagrun for example_skip_dag to 2025-11-20T07:49:38.663416+00:00, run_after=2025-11-21T07:49:38.663416+00:00
[2025-11-21T10:49:38.736+0300] {processor.py:175} INFO - Processing /home/pker/airflow_env/lib/python3.7/site-packages/airflow/example_dags/example_skip_dag.py took 0.199 seconds
[2025-11-21T10:50:27.582+0300] {processor.py:153} INFO - Started process (PID=30478) to work on /home/pker/airflow_env/lib/python3.7/site-packages/airflow/example_dags/example_skip_dag.py
[2025-11-21T10:50:27.607+0300] {processor.py:743} INFO - Processing file /home/pker/airflow_env/lib/python3.7/site-packages/airflow/example_dags/example_skip_dag.py for tasks to queue
[2025-11-21T10:50:27.609+0300] {logging_mixin.py:137} INFO - [2025-11-21T10:50:27.609+0300] {dagbag.py:532} INFO - Filling up the DagBag from /home/pker/airflow_env/lib/python3.7/site-packages/airflow/example_dags/example_skip_dag.py
[2025-11-21T10:50:27.645+0300] {processor.py:753} INFO - DAG(s) dict_keys(['example_skip_dag']) retrieved from /home/pker/airflow_env/lib/python3.7/site-packages/airflow/example_dags/example_skip_dag.py
[2025-11-21T10:50:27.682+0300] {logging_mixin.py:137} INFO - [2025-11-21T10:50:27.681+0300] {dag.py:2705} INFO - Sync 1 DAGs
[2025-11-21T10:50:27.716+0300] {logging_mixin.py:137} INFO - [2025-11-21T10:50:27.716+0300] {dag.py:3456} INFO - Setting next_dagrun for example_skip_dag to 2025-11-20T07:50:27.715692+00:00, run_after=2025-11-21T07:50:27.715692+00:00
[2025-11-21T10:50:27.785+0300] {processor.py:175} INFO - Processing /home/pker/airflow_env/lib/python3.7/site-packages/airflow/example_dags/example_skip_dag.py took 0.209 seconds
[2025-11-21T10:51:13.136+0300] {processor.py:153} INFO - Started process (PID=30522) to work on /home/pker/airflow_env/lib/python3.7/site-packages/airflow/example_dags/example_skip_dag.py
[2025-11-21T10:51:13.158+0300] {processor.py:743} INFO - Processing file /home/pker/airflow_env/lib/python3.7/site-packages/airflow/example_dags/example_skip_dag.py for tasks to queue
[2025-11-21T10:51:13.162+0300] {logging_mixin.py:137} INFO - [2025-11-21T10:51:13.161+0300] {dagbag.py:532} INFO - Filling up the DagBag from /home/pker/airflow_env/lib/python3.7/site-packages/airflow/example_dags/example_skip_dag.py
[2025-11-21T10:51:13.200+0300] {processor.py:753} INFO - DAG(s) dict_keys(['example_skip_dag']) retrieved from /home/pker/airflow_env/lib/python3.7/site-packages/airflow/example_dags/example_skip_dag.py
[2025-11-21T10:51:13.263+0300] {logging_mixin.py:137} INFO - [2025-11-21T10:51:13.262+0300] {dag.py:2705} INFO - Sync 1 DAGs
[2025-11-21T10:51:13.301+0300] {logging_mixin.py:137} INFO - [2025-11-21T10:51:13.301+0300] {dag.py:3456} INFO - Setting next_dagrun for example_skip_dag to 2025-11-20T07:51:13.300584+00:00, run_after=2025-11-21T07:51:13.300584+00:00
[2025-11-21T10:51:13.332+0300] {processor.py:175} INFO - Processing /home/pker/airflow_env/lib/python3.7/site-packages/airflow/example_dags/example_skip_dag.py took 0.203 seconds
[2025-11-21T10:52:00.230+0300] {processor.py:153} INFO - Started process (PID=30569) to work on /home/pker/airflow_env/lib/python3.7/site-packages/airflow/example_dags/example_skip_dag.py
[2025-11-21T10:52:00.232+0300] {processor.py:743} INFO - Processing file /home/pker/airflow_env/lib/python3.7/site-packages/airflow/example_dags/example_skip_dag.py for tasks to queue
[2025-11-21T10:52:00.233+0300] {logging_mixin.py:137} INFO - [2025-11-21T10:52:00.233+0300] {dagbag.py:532} INFO - Filling up the DagBag from /home/pker/airflow_env/lib/python3.7/site-packages/airflow/example_dags/example_skip_dag.py
[2025-11-21T10:52:00.256+0300] {processor.py:753} INFO - DAG(s) dict_keys(['example_skip_dag']) retrieved from /home/pker/airflow_env/lib/python3.7/site-packages/airflow/example_dags/example_skip_dag.py
[2025-11-21T10:52:00.290+0300] {logging_mixin.py:137} INFO - [2025-11-21T10:52:00.290+0300] {dag.py:2705} INFO - Sync 1 DAGs
[2025-11-21T10:52:00.327+0300] {logging_mixin.py:137} INFO - [2025-11-21T10:52:00.327+0300] {dag.py:3456} INFO - Setting next_dagrun for example_skip_dag to 2025-11-20T07:52:00.326909+00:00, run_after=2025-11-21T07:52:00.326909+00:00
[2025-11-21T10:52:00.359+0300] {processor.py:175} INFO - Processing /home/pker/airflow_env/lib/python3.7/site-packages/airflow/example_dags/example_skip_dag.py took 0.136 seconds
[2025-11-21T10:52:44.591+0300] {processor.py:153} INFO - Started process (PID=30611) to work on /home/pker/airflow_env/lib/python3.7/site-packages/airflow/example_dags/example_skip_dag.py
[2025-11-21T10:52:44.595+0300] {processor.py:743} INFO - Processing file /home/pker/airflow_env/lib/python3.7/site-packages/airflow/example_dags/example_skip_dag.py for tasks to queue
[2025-11-21T10:52:44.597+0300] {logging_mixin.py:137} INFO - [2025-11-21T10:52:44.597+0300] {dagbag.py:532} INFO - Filling up the DagBag from /home/pker/airflow_env/lib/python3.7/site-packages/airflow/example_dags/example_skip_dag.py
[2025-11-21T10:52:44.630+0300] {processor.py:753} INFO - DAG(s) dict_keys(['example_skip_dag']) retrieved from /home/pker/airflow_env/lib/python3.7/site-packages/airflow/example_dags/example_skip_dag.py
[2025-11-21T10:52:44.670+0300] {logging_mixin.py:137} INFO - [2025-11-21T10:52:44.670+0300] {dag.py:2705} INFO - Sync 1 DAGs
[2025-11-21T10:52:44.700+0300] {logging_mixin.py:137} INFO - [2025-11-21T10:52:44.700+0300] {dag.py:3456} INFO - Setting next_dagrun for example_skip_dag to 2025-11-20T07:52:44.700045+00:00, run_after=2025-11-21T07:52:44.700045+00:00
[2025-11-21T10:52:44.747+0300] {processor.py:175} INFO - Processing /home/pker/airflow_env/lib/python3.7/site-packages/airflow/example_dags/example_skip_dag.py took 0.163 seconds
[2025-11-21T10:53:33.411+0300] {processor.py:153} INFO - Started process (PID=30656) to work on /home/pker/airflow_env/lib/python3.7/site-packages/airflow/example_dags/example_skip_dag.py
[2025-11-21T10:53:33.432+0300] {processor.py:743} INFO - Processing file /home/pker/airflow_env/lib/python3.7/site-packages/airflow/example_dags/example_skip_dag.py for tasks to queue
[2025-11-21T10:53:33.434+0300] {logging_mixin.py:137} INFO - [2025-11-21T10:53:33.434+0300] {dagbag.py:532} INFO - Filling up the DagBag from /home/pker/airflow_env/lib/python3.7/site-packages/airflow/example_dags/example_skip_dag.py
[2025-11-21T10:53:33.464+0300] {processor.py:753} INFO - DAG(s) dict_keys(['example_skip_dag']) retrieved from /home/pker/airflow_env/lib/python3.7/site-packages/airflow/example_dags/example_skip_dag.py
[2025-11-21T10:53:33.508+0300] {logging_mixin.py:137} INFO - [2025-11-21T10:53:33.507+0300] {dag.py:2705} INFO - Sync 1 DAGs
[2025-11-21T10:53:33.539+0300] {logging_mixin.py:137} INFO - [2025-11-21T10:53:33.538+0300] {dag.py:3456} INFO - Setting next_dagrun for example_skip_dag to 2025-11-20T07:53:33.538417+00:00, run_after=2025-11-21T07:53:33.538417+00:00
[2025-11-21T10:53:33.601+0300] {processor.py:175} INFO - Processing /home/pker/airflow_env/lib/python3.7/site-packages/airflow/example_dags/example_skip_dag.py took 0.196 seconds
[2025-11-21T10:54:21.373+0300] {processor.py:153} INFO - Started process (PID=30700) to work on /home/pker/airflow_env/lib/python3.7/site-packages/airflow/example_dags/example_skip_dag.py
[2025-11-21T10:54:21.397+0300] {processor.py:743} INFO - Processing file /home/pker/airflow_env/lib/python3.7/site-packages/airflow/example_dags/example_skip_dag.py for tasks to queue
[2025-11-21T10:54:21.399+0300] {logging_mixin.py:137} INFO - [2025-11-21T10:54:21.399+0300] {dagbag.py:532} INFO - Filling up the DagBag from /home/pker/airflow_env/lib/python3.7/site-packages/airflow/example_dags/example_skip_dag.py
[2025-11-21T10:54:21.428+0300] {processor.py:753} INFO - DAG(s) dict_keys(['example_skip_dag']) retrieved from /home/pker/airflow_env/lib/python3.7/site-packages/airflow/example_dags/example_skip_dag.py
[2025-11-21T10:54:21.466+0300] {logging_mixin.py:137} INFO - [2025-11-21T10:54:21.466+0300] {dag.py:2705} INFO - Sync 1 DAGs
[2025-11-21T10:54:21.501+0300] {logging_mixin.py:137} INFO - [2025-11-21T10:54:21.501+0300] {dag.py:3456} INFO - Setting next_dagrun for example_skip_dag to 2025-11-20T07:54:21.500567+00:00, run_after=2025-11-21T07:54:21.500567+00:00
[2025-11-21T10:54:21.556+0300] {processor.py:175} INFO - Processing /home/pker/airflow_env/lib/python3.7/site-packages/airflow/example_dags/example_skip_dag.py took 0.189 seconds
[2025-11-21T10:55:09.287+0300] {processor.py:153} INFO - Started process (PID=30749) to work on /home/pker/airflow_env/lib/python3.7/site-packages/airflow/example_dags/example_skip_dag.py
[2025-11-21T10:55:09.307+0300] {processor.py:743} INFO - Processing file /home/pker/airflow_env/lib/python3.7/site-packages/airflow/example_dags/example_skip_dag.py for tasks to queue
[2025-11-21T10:55:09.309+0300] {logging_mixin.py:137} INFO - [2025-11-21T10:55:09.309+0300] {dagbag.py:532} INFO - Filling up the DagBag from /home/pker/airflow_env/lib/python3.7/site-packages/airflow/example_dags/example_skip_dag.py
[2025-11-21T10:55:09.336+0300] {processor.py:753} INFO - DAG(s) dict_keys(['example_skip_dag']) retrieved from /home/pker/airflow_env/lib/python3.7/site-packages/airflow/example_dags/example_skip_dag.py
[2025-11-21T10:55:09.376+0300] {logging_mixin.py:137} INFO - [2025-11-21T10:55:09.375+0300] {dag.py:2705} INFO - Sync 1 DAGs
[2025-11-21T10:55:09.433+0300] {logging_mixin.py:137} INFO - [2025-11-21T10:55:09.433+0300] {dag.py:3456} INFO - Setting next_dagrun for example_skip_dag to 2025-11-20T07:55:09.433158+00:00, run_after=2025-11-21T07:55:09.433158+00:00
[2025-11-21T10:55:09.500+0300] {processor.py:175} INFO - Processing /home/pker/airflow_env/lib/python3.7/site-packages/airflow/example_dags/example_skip_dag.py took 0.219 seconds
[2025-11-21T10:55:58.098+0300] {processor.py:153} INFO - Started process (PID=30796) to work on /home/pker/airflow_env/lib/python3.7/site-packages/airflow/example_dags/example_skip_dag.py
[2025-11-21T10:55:58.100+0300] {processor.py:743} INFO - Processing file /home/pker/airflow_env/lib/python3.7/site-packages/airflow/example_dags/example_skip_dag.py for tasks to queue
[2025-11-21T10:55:58.101+0300] {logging_mixin.py:137} INFO - [2025-11-21T10:55:58.100+0300] {dagbag.py:532} INFO - Filling up the DagBag from /home/pker/airflow_env/lib/python3.7/site-packages/airflow/example_dags/example_skip_dag.py
[2025-11-21T10:55:58.121+0300] {processor.py:753} INFO - DAG(s) dict_keys(['example_skip_dag']) retrieved from /home/pker/airflow_env/lib/python3.7/site-packages/airflow/example_dags/example_skip_dag.py
[2025-11-21T10:55:58.154+0300] {logging_mixin.py:137} INFO - [2025-11-21T10:55:58.153+0300] {dag.py:2705} INFO - Sync 1 DAGs
[2025-11-21T10:55:58.195+0300] {logging_mixin.py:137} INFO - [2025-11-21T10:55:58.195+0300] {dag.py:3456} INFO - Setting next_dagrun for example_skip_dag to 2025-11-20T07:55:58.194595+00:00, run_after=2025-11-21T07:55:58.194595+00:00
[2025-11-21T10:55:58.277+0300] {processor.py:175} INFO - Processing /home/pker/airflow_env/lib/python3.7/site-packages/airflow/example_dags/example_skip_dag.py took 0.182 seconds
[2025-11-21T10:56:45.573+0300] {processor.py:153} INFO - Started process (PID=30838) to work on /home/pker/airflow_env/lib/python3.7/site-packages/airflow/example_dags/example_skip_dag.py
[2025-11-21T10:56:45.577+0300] {processor.py:743} INFO - Processing file /home/pker/airflow_env/lib/python3.7/site-packages/airflow/example_dags/example_skip_dag.py for tasks to queue
[2025-11-21T10:56:45.578+0300] {logging_mixin.py:137} INFO - [2025-11-21T10:56:45.578+0300] {dagbag.py:532} INFO - Filling up the DagBag from /home/pker/airflow_env/lib/python3.7/site-packages/airflow/example_dags/example_skip_dag.py
[2025-11-21T10:56:45.609+0300] {processor.py:753} INFO - DAG(s) dict_keys(['example_skip_dag']) retrieved from /home/pker/airflow_env/lib/python3.7/site-packages/airflow/example_dags/example_skip_dag.py
[2025-11-21T10:56:45.650+0300] {logging_mixin.py:137} INFO - [2025-11-21T10:56:45.650+0300] {dag.py:2705} INFO - Sync 1 DAGs
[2025-11-21T10:56:45.691+0300] {logging_mixin.py:137} INFO - [2025-11-21T10:56:45.691+0300] {dag.py:3456} INFO - Setting next_dagrun for example_skip_dag to 2025-11-20T07:56:45.691071+00:00, run_after=2025-11-21T07:56:45.691071+00:00
[2025-11-21T10:56:45.759+0300] {processor.py:175} INFO - Processing /home/pker/airflow_env/lib/python3.7/site-packages/airflow/example_dags/example_skip_dag.py took 0.193 seconds
[2025-11-21T10:57:33.808+0300] {processor.py:153} INFO - Started process (PID=30882) to work on /home/pker/airflow_env/lib/python3.7/site-packages/airflow/example_dags/example_skip_dag.py
[2025-11-21T10:57:33.824+0300] {processor.py:743} INFO - Processing file /home/pker/airflow_env/lib/python3.7/site-packages/airflow/example_dags/example_skip_dag.py for tasks to queue
[2025-11-21T10:57:33.828+0300] {logging_mixin.py:137} INFO - [2025-11-21T10:57:33.827+0300] {dagbag.py:532} INFO - Filling up the DagBag from /home/pker/airflow_env/lib/python3.7/site-packages/airflow/example_dags/example_skip_dag.py
[2025-11-21T10:57:33.870+0300] {processor.py:753} INFO - DAG(s) dict_keys(['example_skip_dag']) retrieved from /home/pker/airflow_env/lib/python3.7/site-packages/airflow/example_dags/example_skip_dag.py
[2025-11-21T10:57:33.920+0300] {logging_mixin.py:137} INFO - [2025-11-21T10:57:33.920+0300] {dag.py:2705} INFO - Sync 1 DAGs
[2025-11-21T10:57:33.954+0300] {logging_mixin.py:137} INFO - [2025-11-21T10:57:33.954+0300] {dag.py:3456} INFO - Setting next_dagrun for example_skip_dag to 2025-11-20T07:57:33.953808+00:00, run_after=2025-11-21T07:57:33.953808+00:00
[2025-11-21T10:57:34.027+0300] {processor.py:175} INFO - Processing /home/pker/airflow_env/lib/python3.7/site-packages/airflow/example_dags/example_skip_dag.py took 0.226 seconds
[2025-11-21T10:58:21.397+0300] {processor.py:153} INFO - Started process (PID=30928) to work on /home/pker/airflow_env/lib/python3.7/site-packages/airflow/example_dags/example_skip_dag.py
[2025-11-21T10:58:21.420+0300] {processor.py:743} INFO - Processing file /home/pker/airflow_env/lib/python3.7/site-packages/airflow/example_dags/example_skip_dag.py for tasks to queue
[2025-11-21T10:58:21.423+0300] {logging_mixin.py:137} INFO - [2025-11-21T10:58:21.422+0300] {dagbag.py:532} INFO - Filling up the DagBag from /home/pker/airflow_env/lib/python3.7/site-packages/airflow/example_dags/example_skip_dag.py
[2025-11-21T10:58:21.463+0300] {processor.py:753} INFO - DAG(s) dict_keys(['example_skip_dag']) retrieved from /home/pker/airflow_env/lib/python3.7/site-packages/airflow/example_dags/example_skip_dag.py
[2025-11-21T10:58:21.512+0300] {logging_mixin.py:137} INFO - [2025-11-21T10:58:21.511+0300] {dag.py:2705} INFO - Sync 1 DAGs
[2025-11-21T10:58:21.550+0300] {logging_mixin.py:137} INFO - [2025-11-21T10:58:21.550+0300] {dag.py:3456} INFO - Setting next_dagrun for example_skip_dag to 2025-11-20T07:58:21.550223+00:00, run_after=2025-11-21T07:58:21.550223+00:00
[2025-11-21T10:58:21.589+0300] {processor.py:175} INFO - Processing /home/pker/airflow_env/lib/python3.7/site-packages/airflow/example_dags/example_skip_dag.py took 0.201 seconds
[2025-11-21T10:59:11.476+0300] {processor.py:153} INFO - Started process (PID=30990) to work on /home/pker/airflow_env/lib/python3.7/site-packages/airflow/example_dags/example_skip_dag.py
[2025-11-21T10:59:11.499+0300] {processor.py:743} INFO - Processing file /home/pker/airflow_env/lib/python3.7/site-packages/airflow/example_dags/example_skip_dag.py for tasks to queue
[2025-11-21T10:59:11.503+0300] {logging_mixin.py:137} INFO - [2025-11-21T10:59:11.503+0300] {dagbag.py:532} INFO - Filling up the DagBag from /home/pker/airflow_env/lib/python3.7/site-packages/airflow/example_dags/example_skip_dag.py
[2025-11-21T10:59:11.532+0300] {processor.py:753} INFO - DAG(s) dict_keys(['example_skip_dag']) retrieved from /home/pker/airflow_env/lib/python3.7/site-packages/airflow/example_dags/example_skip_dag.py
[2025-11-21T10:59:11.570+0300] {logging_mixin.py:137} INFO - [2025-11-21T10:59:11.569+0300] {dag.py:2705} INFO - Sync 1 DAGs
[2025-11-21T10:59:11.603+0300] {logging_mixin.py:137} INFO - [2025-11-21T10:59:11.603+0300] {dag.py:3456} INFO - Setting next_dagrun for example_skip_dag to 2025-11-20T07:59:11.602709+00:00, run_after=2025-11-21T07:59:11.602709+00:00
[2025-11-21T10:59:11.661+0300] {processor.py:175} INFO - Processing /home/pker/airflow_env/lib/python3.7/site-packages/airflow/example_dags/example_skip_dag.py took 0.190 seconds
[2025-11-21T11:00:00.114+0300] {processor.py:153} INFO - Started process (PID=31036) to work on /home/pker/airflow_env/lib/python3.7/site-packages/airflow/example_dags/example_skip_dag.py
[2025-11-21T11:00:00.137+0300] {processor.py:743} INFO - Processing file /home/pker/airflow_env/lib/python3.7/site-packages/airflow/example_dags/example_skip_dag.py for tasks to queue
[2025-11-21T11:00:00.139+0300] {logging_mixin.py:137} INFO - [2025-11-21T11:00:00.139+0300] {dagbag.py:532} INFO - Filling up the DagBag from /home/pker/airflow_env/lib/python3.7/site-packages/airflow/example_dags/example_skip_dag.py
[2025-11-21T11:00:00.172+0300] {processor.py:753} INFO - DAG(s) dict_keys(['example_skip_dag']) retrieved from /home/pker/airflow_env/lib/python3.7/site-packages/airflow/example_dags/example_skip_dag.py
[2025-11-21T11:00:00.207+0300] {logging_mixin.py:137} INFO - [2025-11-21T11:00:00.207+0300] {dag.py:2705} INFO - Sync 1 DAGs
[2025-11-21T11:00:00.251+0300] {logging_mixin.py:137} INFO - [2025-11-21T11:00:00.251+0300] {dag.py:3456} INFO - Setting next_dagrun for example_skip_dag to 2025-11-20T08:00:00.251441+00:00, run_after=2025-11-21T08:00:00.251441+00:00
[2025-11-21T11:00:00.310+0300] {processor.py:175} INFO - Processing /home/pker/airflow_env/lib/python3.7/site-packages/airflow/example_dags/example_skip_dag.py took 0.202 seconds
[2025-11-21T11:00:51.581+0300] {processor.py:153} INFO - Started process (PID=31095) to work on /home/pker/airflow_env/lib/python3.7/site-packages/airflow/example_dags/example_skip_dag.py
[2025-11-21T11:00:51.602+0300] {processor.py:743} INFO - Processing file /home/pker/airflow_env/lib/python3.7/site-packages/airflow/example_dags/example_skip_dag.py for tasks to queue
[2025-11-21T11:00:51.604+0300] {logging_mixin.py:137} INFO - [2025-11-21T11:00:51.603+0300] {dagbag.py:532} INFO - Filling up the DagBag from /home/pker/airflow_env/lib/python3.7/site-packages/airflow/example_dags/example_skip_dag.py
[2025-11-21T11:00:51.636+0300] {processor.py:753} INFO - DAG(s) dict_keys(['example_skip_dag']) retrieved from /home/pker/airflow_env/lib/python3.7/site-packages/airflow/example_dags/example_skip_dag.py
[2025-11-21T11:00:51.671+0300] {logging_mixin.py:137} INFO - [2025-11-21T11:00:51.670+0300] {dag.py:2705} INFO - Sync 1 DAGs
[2025-11-21T11:00:51.701+0300] {logging_mixin.py:137} INFO - [2025-11-21T11:00:51.701+0300] {dag.py:3456} INFO - Setting next_dagrun for example_skip_dag to 2025-11-20T08:00:51.701287+00:00, run_after=2025-11-21T08:00:51.701287+00:00
[2025-11-21T11:00:51.747+0300] {processor.py:175} INFO - Processing /home/pker/airflow_env/lib/python3.7/site-packages/airflow/example_dags/example_skip_dag.py took 0.174 seconds
[2025-11-21T11:01:40.259+0300] {processor.py:153} INFO - Started process (PID=31139) to work on /home/pker/airflow_env/lib/python3.7/site-packages/airflow/example_dags/example_skip_dag.py
[2025-11-21T11:01:40.282+0300] {processor.py:743} INFO - Processing file /home/pker/airflow_env/lib/python3.7/site-packages/airflow/example_dags/example_skip_dag.py for tasks to queue
[2025-11-21T11:01:40.284+0300] {logging_mixin.py:137} INFO - [2025-11-21T11:01:40.284+0300] {dagbag.py:532} INFO - Filling up the DagBag from /home/pker/airflow_env/lib/python3.7/site-packages/airflow/example_dags/example_skip_dag.py
[2025-11-21T11:01:40.316+0300] {processor.py:753} INFO - DAG(s) dict_keys(['example_skip_dag']) retrieved from /home/pker/airflow_env/lib/python3.7/site-packages/airflow/example_dags/example_skip_dag.py
[2025-11-21T11:01:40.358+0300] {logging_mixin.py:137} INFO - [2025-11-21T11:01:40.357+0300] {dag.py:2705} INFO - Sync 1 DAGs
[2025-11-21T11:01:40.393+0300] {logging_mixin.py:137} INFO - [2025-11-21T11:01:40.393+0300] {dag.py:3456} INFO - Setting next_dagrun for example_skip_dag to 2025-11-20T08:01:40.392924+00:00, run_after=2025-11-21T08:01:40.392924+00:00
[2025-11-21T11:01:40.455+0300] {processor.py:175} INFO - Processing /home/pker/airflow_env/lib/python3.7/site-packages/airflow/example_dags/example_skip_dag.py took 0.203 seconds
[2025-11-21T11:02:27.778+0300] {processor.py:153} INFO - Started process (PID=31183) to work on /home/pker/airflow_env/lib/python3.7/site-packages/airflow/example_dags/example_skip_dag.py
[2025-11-21T11:02:27.780+0300] {processor.py:743} INFO - Processing file /home/pker/airflow_env/lib/python3.7/site-packages/airflow/example_dags/example_skip_dag.py for tasks to queue
[2025-11-21T11:02:27.782+0300] {logging_mixin.py:137} INFO - [2025-11-21T11:02:27.781+0300] {dagbag.py:532} INFO - Filling up the DagBag from /home/pker/airflow_env/lib/python3.7/site-packages/airflow/example_dags/example_skip_dag.py
[2025-11-21T11:02:27.806+0300] {processor.py:753} INFO - DAG(s) dict_keys(['example_skip_dag']) retrieved from /home/pker/airflow_env/lib/python3.7/site-packages/airflow/example_dags/example_skip_dag.py
[2025-11-21T11:02:27.846+0300] {logging_mixin.py:137} INFO - [2025-11-21T11:02:27.846+0300] {dag.py:2705} INFO - Sync 1 DAGs
[2025-11-21T11:02:27.885+0300] {logging_mixin.py:137} INFO - [2025-11-21T11:02:27.885+0300] {dag.py:3456} INFO - Setting next_dagrun for example_skip_dag to 2025-11-20T08:02:27.884619+00:00, run_after=2025-11-21T08:02:27.884619+00:00
[2025-11-21T11:02:27.918+0300] {processor.py:175} INFO - Processing /home/pker/airflow_env/lib/python3.7/site-packages/airflow/example_dags/example_skip_dag.py took 0.145 seconds
[2025-11-21T11:03:12.939+0300] {processor.py:153} INFO - Started process (PID=31230) to work on /home/pker/airflow_env/lib/python3.7/site-packages/airflow/example_dags/example_skip_dag.py
[2025-11-21T11:03:12.962+0300] {processor.py:743} INFO - Processing file /home/pker/airflow_env/lib/python3.7/site-packages/airflow/example_dags/example_skip_dag.py for tasks to queue
[2025-11-21T11:03:12.964+0300] {logging_mixin.py:137} INFO - [2025-11-21T11:03:12.964+0300] {dagbag.py:532} INFO - Filling up the DagBag from /home/pker/airflow_env/lib/python3.7/site-packages/airflow/example_dags/example_skip_dag.py
[2025-11-21T11:03:13.001+0300] {processor.py:753} INFO - DAG(s) dict_keys(['example_skip_dag']) retrieved from /home/pker/airflow_env/lib/python3.7/site-packages/airflow/example_dags/example_skip_dag.py
[2025-11-21T11:03:13.050+0300] {logging_mixin.py:137} INFO - [2025-11-21T11:03:13.050+0300] {dag.py:2705} INFO - Sync 1 DAGs
[2025-11-21T11:03:13.099+0300] {logging_mixin.py:137} INFO - [2025-11-21T11:03:13.099+0300] {dag.py:3456} INFO - Setting next_dagrun for example_skip_dag to 2025-11-20T08:03:13.098719+00:00, run_after=2025-11-21T08:03:13.098719+00:00
[2025-11-21T11:03:13.173+0300] {processor.py:175} INFO - Processing /home/pker/airflow_env/lib/python3.7/site-packages/airflow/example_dags/example_skip_dag.py took 0.240 seconds
[2025-11-21T11:04:01.178+0300] {processor.py:153} INFO - Started process (PID=31275) to work on /home/pker/airflow_env/lib/python3.7/site-packages/airflow/example_dags/example_skip_dag.py
[2025-11-21T11:04:01.200+0300] {processor.py:743} INFO - Processing file /home/pker/airflow_env/lib/python3.7/site-packages/airflow/example_dags/example_skip_dag.py for tasks to queue
[2025-11-21T11:04:01.203+0300] {logging_mixin.py:137} INFO - [2025-11-21T11:04:01.203+0300] {dagbag.py:532} INFO - Filling up the DagBag from /home/pker/airflow_env/lib/python3.7/site-packages/airflow/example_dags/example_skip_dag.py
[2025-11-21T11:04:01.261+0300] {processor.py:753} INFO - DAG(s) dict_keys(['example_skip_dag']) retrieved from /home/pker/airflow_env/lib/python3.7/site-packages/airflow/example_dags/example_skip_dag.py
[2025-11-21T11:04:01.314+0300] {logging_mixin.py:137} INFO - [2025-11-21T11:04:01.313+0300] {dag.py:2705} INFO - Sync 1 DAGs
[2025-11-21T11:04:01.372+0300] {logging_mixin.py:137} INFO - [2025-11-21T11:04:01.372+0300] {dag.py:3456} INFO - Setting next_dagrun for example_skip_dag to 2025-11-20T08:04:01.372053+00:00, run_after=2025-11-21T08:04:01.372053+00:00
[2025-11-21T11:04:01.431+0300] {processor.py:175} INFO - Processing /home/pker/airflow_env/lib/python3.7/site-packages/airflow/example_dags/example_skip_dag.py took 0.258 seconds
[2025-11-21T11:04:49.531+0300] {processor.py:153} INFO - Started process (PID=31320) to work on /home/pker/airflow_env/lib/python3.7/site-packages/airflow/example_dags/example_skip_dag.py
[2025-11-21T11:04:49.555+0300] {processor.py:743} INFO - Processing file /home/pker/airflow_env/lib/python3.7/site-packages/airflow/example_dags/example_skip_dag.py for tasks to queue
[2025-11-21T11:04:49.557+0300] {logging_mixin.py:137} INFO - [2025-11-21T11:04:49.556+0300] {dagbag.py:532} INFO - Filling up the DagBag from /home/pker/airflow_env/lib/python3.7/site-packages/airflow/example_dags/example_skip_dag.py
[2025-11-21T11:04:49.588+0300] {processor.py:753} INFO - DAG(s) dict_keys(['example_skip_dag']) retrieved from /home/pker/airflow_env/lib/python3.7/site-packages/airflow/example_dags/example_skip_dag.py
[2025-11-21T11:04:49.622+0300] {logging_mixin.py:137} INFO - [2025-11-21T11:04:49.621+0300] {dag.py:2705} INFO - Sync 1 DAGs
[2025-11-21T11:04:49.652+0300] {logging_mixin.py:137} INFO - [2025-11-21T11:04:49.652+0300] {dag.py:3456} INFO - Setting next_dagrun for example_skip_dag to 2025-11-20T08:04:49.652326+00:00, run_after=2025-11-21T08:04:49.652326+00:00
[2025-11-21T11:04:49.689+0300] {processor.py:175} INFO - Processing /home/pker/airflow_env/lib/python3.7/site-packages/airflow/example_dags/example_skip_dag.py took 0.166 seconds
[2025-11-21T11:05:39.909+0300] {processor.py:153} INFO - Started process (PID=31366) to work on /home/pker/airflow_env/lib/python3.7/site-packages/airflow/example_dags/example_skip_dag.py
[2025-11-21T11:05:39.911+0300] {processor.py:743} INFO - Processing file /home/pker/airflow_env/lib/python3.7/site-packages/airflow/example_dags/example_skip_dag.py for tasks to queue
[2025-11-21T11:05:39.913+0300] {logging_mixin.py:137} INFO - [2025-11-21T11:05:39.912+0300] {dagbag.py:532} INFO - Filling up the DagBag from /home/pker/airflow_env/lib/python3.7/site-packages/airflow/example_dags/example_skip_dag.py
[2025-11-21T11:05:39.943+0300] {processor.py:753} INFO - DAG(s) dict_keys(['example_skip_dag']) retrieved from /home/pker/airflow_env/lib/python3.7/site-packages/airflow/example_dags/example_skip_dag.py
[2025-11-21T11:05:39.982+0300] {logging_mixin.py:137} INFO - [2025-11-21T11:05:39.981+0300] {dag.py:2705} INFO - Sync 1 DAGs
[2025-11-21T11:05:40.018+0300] {logging_mixin.py:137} INFO - [2025-11-21T11:05:40.018+0300] {dag.py:3456} INFO - Setting next_dagrun for example_skip_dag to 2025-11-20T08:05:40.017684+00:00, run_after=2025-11-21T08:05:40.017684+00:00
[2025-11-21T11:05:40.086+0300] {processor.py:175} INFO - Processing /home/pker/airflow_env/lib/python3.7/site-packages/airflow/example_dags/example_skip_dag.py took 0.185 seconds
[2025-11-21T11:06:26.730+0300] {processor.py:153} INFO - Started process (PID=31415) to work on /home/pker/airflow_env/lib/python3.7/site-packages/airflow/example_dags/example_skip_dag.py
[2025-11-21T11:06:26.754+0300] {processor.py:743} INFO - Processing file /home/pker/airflow_env/lib/python3.7/site-packages/airflow/example_dags/example_skip_dag.py for tasks to queue
[2025-11-21T11:06:26.756+0300] {logging_mixin.py:137} INFO - [2025-11-21T11:06:26.756+0300] {dagbag.py:532} INFO - Filling up the DagBag from /home/pker/airflow_env/lib/python3.7/site-packages/airflow/example_dags/example_skip_dag.py
[2025-11-21T11:06:26.793+0300] {processor.py:753} INFO - DAG(s) dict_keys(['example_skip_dag']) retrieved from /home/pker/airflow_env/lib/python3.7/site-packages/airflow/example_dags/example_skip_dag.py
[2025-11-21T11:06:26.834+0300] {logging_mixin.py:137} INFO - [2025-11-21T11:06:26.833+0300] {dag.py:2705} INFO - Sync 1 DAGs
[2025-11-21T11:06:26.871+0300] {logging_mixin.py:137} INFO - [2025-11-21T11:06:26.871+0300] {dag.py:3456} INFO - Setting next_dagrun for example_skip_dag to 2025-11-20T08:06:26.870628+00:00, run_after=2025-11-21T08:06:26.870628+00:00
[2025-11-21T11:06:26.940+0300] {processor.py:175} INFO - Processing /home/pker/airflow_env/lib/python3.7/site-packages/airflow/example_dags/example_skip_dag.py took 0.215 seconds
[2025-11-21T11:07:14.396+0300] {processor.py:153} INFO - Started process (PID=31467) to work on /home/pker/airflow_env/lib/python3.7/site-packages/airflow/example_dags/example_skip_dag.py
[2025-11-21T11:07:14.416+0300] {processor.py:743} INFO - Processing file /home/pker/airflow_env/lib/python3.7/site-packages/airflow/example_dags/example_skip_dag.py for tasks to queue
[2025-11-21T11:07:14.417+0300] {logging_mixin.py:137} INFO - [2025-11-21T11:07:14.417+0300] {dagbag.py:532} INFO - Filling up the DagBag from /home/pker/airflow_env/lib/python3.7/site-packages/airflow/example_dags/example_skip_dag.py
[2025-11-21T11:07:14.442+0300] {processor.py:753} INFO - DAG(s) dict_keys(['example_skip_dag']) retrieved from /home/pker/airflow_env/lib/python3.7/site-packages/airflow/example_dags/example_skip_dag.py
[2025-11-21T11:07:14.471+0300] {logging_mixin.py:137} INFO - [2025-11-21T11:07:14.471+0300] {dag.py:2705} INFO - Sync 1 DAGs
[2025-11-21T11:07:14.501+0300] {logging_mixin.py:137} INFO - [2025-11-21T11:07:14.501+0300] {dag.py:3456} INFO - Setting next_dagrun for example_skip_dag to 2025-11-20T08:07:14.500964+00:00, run_after=2025-11-21T08:07:14.500964+00:00
[2025-11-21T11:07:14.530+0300] {processor.py:175} INFO - Processing /home/pker/airflow_env/lib/python3.7/site-packages/airflow/example_dags/example_skip_dag.py took 0.138 seconds
[2025-11-21T11:08:02.206+0300] {processor.py:153} INFO - Started process (PID=31536) to work on /home/pker/airflow_env/lib/python3.7/site-packages/airflow/example_dags/example_skip_dag.py
[2025-11-21T11:08:02.227+0300] {processor.py:743} INFO - Processing file /home/pker/airflow_env/lib/python3.7/site-packages/airflow/example_dags/example_skip_dag.py for tasks to queue
[2025-11-21T11:08:02.229+0300] {logging_mixin.py:137} INFO - [2025-11-21T11:08:02.228+0300] {dagbag.py:532} INFO - Filling up the DagBag from /home/pker/airflow_env/lib/python3.7/site-packages/airflow/example_dags/example_skip_dag.py
[2025-11-21T11:08:02.260+0300] {processor.py:753} INFO - DAG(s) dict_keys(['example_skip_dag']) retrieved from /home/pker/airflow_env/lib/python3.7/site-packages/airflow/example_dags/example_skip_dag.py
[2025-11-21T11:08:02.289+0300] {logging_mixin.py:137} INFO - [2025-11-21T11:08:02.289+0300] {dag.py:2705} INFO - Sync 1 DAGs
[2025-11-21T11:08:02.320+0300] {logging_mixin.py:137} INFO - [2025-11-21T11:08:02.320+0300] {dag.py:3456} INFO - Setting next_dagrun for example_skip_dag to 2025-11-20T08:08:02.319820+00:00, run_after=2025-11-21T08:08:02.319820+00:00
[2025-11-21T11:08:02.353+0300] {processor.py:175} INFO - Processing /home/pker/airflow_env/lib/python3.7/site-packages/airflow/example_dags/example_skip_dag.py took 0.157 seconds
[2025-11-21T11:08:51.076+0300] {processor.py:153} INFO - Started process (PID=31583) to work on /home/pker/airflow_env/lib/python3.7/site-packages/airflow/example_dags/example_skip_dag.py
[2025-11-21T11:08:51.097+0300] {processor.py:743} INFO - Processing file /home/pker/airflow_env/lib/python3.7/site-packages/airflow/example_dags/example_skip_dag.py for tasks to queue
[2025-11-21T11:08:51.100+0300] {logging_mixin.py:137} INFO - [2025-11-21T11:08:51.099+0300] {dagbag.py:532} INFO - Filling up the DagBag from /home/pker/airflow_env/lib/python3.7/site-packages/airflow/example_dags/example_skip_dag.py
[2025-11-21T11:08:51.127+0300] {processor.py:753} INFO - DAG(s) dict_keys(['example_skip_dag']) retrieved from /home/pker/airflow_env/lib/python3.7/site-packages/airflow/example_dags/example_skip_dag.py
[2025-11-21T11:08:51.156+0300] {logging_mixin.py:137} INFO - [2025-11-21T11:08:51.156+0300] {dag.py:2705} INFO - Sync 1 DAGs
[2025-11-21T11:08:51.187+0300] {logging_mixin.py:137} INFO - [2025-11-21T11:08:51.186+0300] {dag.py:3456} INFO - Setting next_dagrun for example_skip_dag to 2025-11-20T08:08:51.186595+00:00, run_after=2025-11-21T08:08:51.186595+00:00
[2025-11-21T11:08:51.221+0300] {processor.py:175} INFO - Processing /home/pker/airflow_env/lib/python3.7/site-packages/airflow/example_dags/example_skip_dag.py took 0.151 seconds
