[2025-11-21T10:44:15.765+0300] {processor.py:153} INFO - Started process (PID=30099) to work on /home/pker/airflow_env/lib/python3.7/site-packages/airflow/example_dags/example_branch_day_of_week_operator.py
[2025-11-21T10:44:15.767+0300] {processor.py:743} INFO - Processing file /home/pker/airflow_env/lib/python3.7/site-packages/airflow/example_dags/example_branch_day_of_week_operator.py for tasks to queue
[2025-11-21T10:44:15.769+0300] {logging_mixin.py:137} INFO - [2025-11-21T10:44:15.768+0300] {dagbag.py:532} INFO - Filling up the DagBag from /home/pker/airflow_env/lib/python3.7/site-packages/airflow/example_dags/example_branch_day_of_week_operator.py
[2025-11-21T10:44:15.797+0300] {processor.py:753} INFO - DAG(s) dict_keys(['example_weekday_branch_operator']) retrieved from /home/pker/airflow_env/lib/python3.7/site-packages/airflow/example_dags/example_branch_day_of_week_operator.py
[2025-11-21T10:44:15.963+0300] {logging_mixin.py:137} INFO - [2025-11-21T10:44:15.963+0300] {manager.py:504} INFO - Created Permission View: can delete on DAG:example_weekday_branch_operator
[2025-11-21T10:44:15.980+0300] {logging_mixin.py:137} INFO - [2025-11-21T10:44:15.980+0300] {manager.py:504} INFO - Created Permission View: can read on DAG:example_weekday_branch_operator
[2025-11-21T10:44:15.996+0300] {logging_mixin.py:137} INFO - [2025-11-21T10:44:15.996+0300] {manager.py:504} INFO - Created Permission View: can edit on DAG:example_weekday_branch_operator
[2025-11-21T10:44:15.997+0300] {logging_mixin.py:137} INFO - [2025-11-21T10:44:15.997+0300] {dag.py:2705} INFO - Sync 1 DAGs
[2025-11-21T10:44:16.019+0300] {logging_mixin.py:137} INFO - [2025-11-21T10:44:16.019+0300] {dag.py:2726} INFO - Creating ORM DAG for example_weekday_branch_operator
[2025-11-21T10:44:16.042+0300] {logging_mixin.py:137} INFO - [2025-11-21T10:44:16.042+0300] {dag.py:3456} INFO - Setting next_dagrun for example_weekday_branch_operator to 2025-11-20T00:00:00+00:00, run_after=2025-11-21T00:00:00+00:00
[2025-11-21T10:44:16.084+0300] {processor.py:175} INFO - Processing /home/pker/airflow_env/lib/python3.7/site-packages/airflow/example_dags/example_branch_day_of_week_operator.py took 0.325 seconds
[2025-11-21T10:45:06.157+0300] {processor.py:153} INFO - Started process (PID=30143) to work on /home/pker/airflow_env/lib/python3.7/site-packages/airflow/example_dags/example_branch_day_of_week_operator.py
[2025-11-21T10:45:06.181+0300] {processor.py:743} INFO - Processing file /home/pker/airflow_env/lib/python3.7/site-packages/airflow/example_dags/example_branch_day_of_week_operator.py for tasks to queue
[2025-11-21T10:45:06.183+0300] {logging_mixin.py:137} INFO - [2025-11-21T10:45:06.183+0300] {dagbag.py:532} INFO - Filling up the DagBag from /home/pker/airflow_env/lib/python3.7/site-packages/airflow/example_dags/example_branch_day_of_week_operator.py
[2025-11-21T10:45:06.217+0300] {processor.py:753} INFO - DAG(s) dict_keys(['example_weekday_branch_operator']) retrieved from /home/pker/airflow_env/lib/python3.7/site-packages/airflow/example_dags/example_branch_day_of_week_operator.py
[2025-11-21T10:45:06.262+0300] {logging_mixin.py:137} INFO - [2025-11-21T10:45:06.261+0300] {dag.py:2705} INFO - Sync 1 DAGs
[2025-11-21T10:45:06.302+0300] {logging_mixin.py:137} INFO - [2025-11-21T10:45:06.301+0300] {dag.py:3456} INFO - Setting next_dagrun for example_weekday_branch_operator to 2025-11-20T00:00:00+00:00, run_after=2025-11-21T00:00:00+00:00
[2025-11-21T10:45:06.367+0300] {processor.py:175} INFO - Processing /home/pker/airflow_env/lib/python3.7/site-packages/airflow/example_dags/example_branch_day_of_week_operator.py took 0.218 seconds
[2025-11-21T10:45:55.009+0300] {processor.py:153} INFO - Started process (PID=30211) to work on /home/pker/airflow_env/lib/python3.7/site-packages/airflow/example_dags/example_branch_day_of_week_operator.py
[2025-11-21T10:45:55.011+0300] {processor.py:743} INFO - Processing file /home/pker/airflow_env/lib/python3.7/site-packages/airflow/example_dags/example_branch_day_of_week_operator.py for tasks to queue
[2025-11-21T10:45:55.011+0300] {logging_mixin.py:137} INFO - [2025-11-21T10:45:55.011+0300] {dagbag.py:532} INFO - Filling up the DagBag from /home/pker/airflow_env/lib/python3.7/site-packages/airflow/example_dags/example_branch_day_of_week_operator.py
[2025-11-21T10:45:55.036+0300] {processor.py:753} INFO - DAG(s) dict_keys(['example_weekday_branch_operator']) retrieved from /home/pker/airflow_env/lib/python3.7/site-packages/airflow/example_dags/example_branch_day_of_week_operator.py
[2025-11-21T10:45:55.068+0300] {logging_mixin.py:137} INFO - [2025-11-21T10:45:55.068+0300] {dag.py:2705} INFO - Sync 1 DAGs
[2025-11-21T10:45:55.096+0300] {logging_mixin.py:137} INFO - [2025-11-21T10:45:55.096+0300] {dag.py:3456} INFO - Setting next_dagrun for example_weekday_branch_operator to 2025-11-20T00:00:00+00:00, run_after=2025-11-21T00:00:00+00:00
[2025-11-21T10:45:55.123+0300] {processor.py:175} INFO - Processing /home/pker/airflow_env/lib/python3.7/site-packages/airflow/example_dags/example_branch_day_of_week_operator.py took 0.119 seconds
[2025-11-21T10:46:43.502+0300] {processor.py:153} INFO - Started process (PID=30257) to work on /home/pker/airflow_env/lib/python3.7/site-packages/airflow/example_dags/example_branch_day_of_week_operator.py
[2025-11-21T10:46:43.527+0300] {processor.py:743} INFO - Processing file /home/pker/airflow_env/lib/python3.7/site-packages/airflow/example_dags/example_branch_day_of_week_operator.py for tasks to queue
[2025-11-21T10:46:43.529+0300] {logging_mixin.py:137} INFO - [2025-11-21T10:46:43.529+0300] {dagbag.py:532} INFO - Filling up the DagBag from /home/pker/airflow_env/lib/python3.7/site-packages/airflow/example_dags/example_branch_day_of_week_operator.py
[2025-11-21T10:46:43.560+0300] {processor.py:753} INFO - DAG(s) dict_keys(['example_weekday_branch_operator']) retrieved from /home/pker/airflow_env/lib/python3.7/site-packages/airflow/example_dags/example_branch_day_of_week_operator.py
[2025-11-21T10:46:43.599+0300] {logging_mixin.py:137} INFO - [2025-11-21T10:46:43.599+0300] {dag.py:2705} INFO - Sync 1 DAGs
[2025-11-21T10:46:43.636+0300] {logging_mixin.py:137} INFO - [2025-11-21T10:46:43.636+0300] {dag.py:3456} INFO - Setting next_dagrun for example_weekday_branch_operator to 2025-11-20T00:00:00+00:00, run_after=2025-11-21T00:00:00+00:00
[2025-11-21T10:46:43.707+0300] {processor.py:175} INFO - Processing /home/pker/airflow_env/lib/python3.7/site-packages/airflow/example_dags/example_branch_day_of_week_operator.py took 0.211 seconds
[2025-11-21T10:47:30.708+0300] {processor.py:153} INFO - Started process (PID=30301) to work on /home/pker/airflow_env/lib/python3.7/site-packages/airflow/example_dags/example_branch_day_of_week_operator.py
[2025-11-21T10:47:30.729+0300] {processor.py:743} INFO - Processing file /home/pker/airflow_env/lib/python3.7/site-packages/airflow/example_dags/example_branch_day_of_week_operator.py for tasks to queue
[2025-11-21T10:47:30.731+0300] {logging_mixin.py:137} INFO - [2025-11-21T10:47:30.730+0300] {dagbag.py:532} INFO - Filling up the DagBag from /home/pker/airflow_env/lib/python3.7/site-packages/airflow/example_dags/example_branch_day_of_week_operator.py
[2025-11-21T10:47:30.765+0300] {processor.py:753} INFO - DAG(s) dict_keys(['example_weekday_branch_operator']) retrieved from /home/pker/airflow_env/lib/python3.7/site-packages/airflow/example_dags/example_branch_day_of_week_operator.py
[2025-11-21T10:47:30.805+0300] {logging_mixin.py:137} INFO - [2025-11-21T10:47:30.804+0300] {dag.py:2705} INFO - Sync 1 DAGs
[2025-11-21T10:47:30.859+0300] {logging_mixin.py:137} INFO - [2025-11-21T10:47:30.859+0300] {dag.py:3456} INFO - Setting next_dagrun for example_weekday_branch_operator to 2025-11-20T00:00:00+00:00, run_after=2025-11-21T00:00:00+00:00
[2025-11-21T10:47:30.910+0300] {processor.py:175} INFO - Processing /home/pker/airflow_env/lib/python3.7/site-packages/airflow/example_dags/example_branch_day_of_week_operator.py took 0.208 seconds
[2025-11-21T10:48:18.418+0300] {processor.py:153} INFO - Started process (PID=30345) to work on /home/pker/airflow_env/lib/python3.7/site-packages/airflow/example_dags/example_branch_day_of_week_operator.py
[2025-11-21T10:48:18.420+0300] {processor.py:743} INFO - Processing file /home/pker/airflow_env/lib/python3.7/site-packages/airflow/example_dags/example_branch_day_of_week_operator.py for tasks to queue
[2025-11-21T10:48:18.422+0300] {logging_mixin.py:137} INFO - [2025-11-21T10:48:18.421+0300] {dagbag.py:532} INFO - Filling up the DagBag from /home/pker/airflow_env/lib/python3.7/site-packages/airflow/example_dags/example_branch_day_of_week_operator.py
[2025-11-21T10:48:18.449+0300] {processor.py:753} INFO - DAG(s) dict_keys(['example_weekday_branch_operator']) retrieved from /home/pker/airflow_env/lib/python3.7/site-packages/airflow/example_dags/example_branch_day_of_week_operator.py
[2025-11-21T10:48:18.476+0300] {logging_mixin.py:137} INFO - [2025-11-21T10:48:18.476+0300] {dag.py:2705} INFO - Sync 1 DAGs
[2025-11-21T10:48:18.507+0300] {logging_mixin.py:137} INFO - [2025-11-21T10:48:18.507+0300] {dag.py:3456} INFO - Setting next_dagrun for example_weekday_branch_operator to 2025-11-20T00:00:00+00:00, run_after=2025-11-21T00:00:00+00:00
[2025-11-21T10:48:18.536+0300] {processor.py:175} INFO - Processing /home/pker/airflow_env/lib/python3.7/site-packages/airflow/example_dags/example_branch_day_of_week_operator.py took 0.123 seconds
[2025-11-21T10:49:04.448+0300] {processor.py:153} INFO - Started process (PID=30395) to work on /home/pker/airflow_env/lib/python3.7/site-packages/airflow/example_dags/example_branch_day_of_week_operator.py
[2025-11-21T10:49:04.468+0300] {processor.py:743} INFO - Processing file /home/pker/airflow_env/lib/python3.7/site-packages/airflow/example_dags/example_branch_day_of_week_operator.py for tasks to queue
[2025-11-21T10:49:04.469+0300] {logging_mixin.py:137} INFO - [2025-11-21T10:49:04.469+0300] {dagbag.py:532} INFO - Filling up the DagBag from /home/pker/airflow_env/lib/python3.7/site-packages/airflow/example_dags/example_branch_day_of_week_operator.py
[2025-11-21T10:49:04.492+0300] {processor.py:753} INFO - DAG(s) dict_keys(['example_weekday_branch_operator']) retrieved from /home/pker/airflow_env/lib/python3.7/site-packages/airflow/example_dags/example_branch_day_of_week_operator.py
[2025-11-21T10:49:04.530+0300] {logging_mixin.py:137} INFO - [2025-11-21T10:49:04.530+0300] {dag.py:2705} INFO - Sync 1 DAGs
[2025-11-21T10:49:04.573+0300] {logging_mixin.py:137} INFO - [2025-11-21T10:49:04.573+0300] {dag.py:3456} INFO - Setting next_dagrun for example_weekday_branch_operator to 2025-11-20T00:00:00+00:00, run_after=2025-11-21T00:00:00+00:00
[2025-11-21T10:49:04.627+0300] {processor.py:175} INFO - Processing /home/pker/airflow_env/lib/python3.7/site-packages/airflow/example_dags/example_branch_day_of_week_operator.py took 0.184 seconds
[2025-11-21T10:49:54.484+0300] {processor.py:153} INFO - Started process (PID=30447) to work on /home/pker/airflow_env/lib/python3.7/site-packages/airflow/example_dags/example_branch_day_of_week_operator.py
[2025-11-21T10:49:54.487+0300] {processor.py:743} INFO - Processing file /home/pker/airflow_env/lib/python3.7/site-packages/airflow/example_dags/example_branch_day_of_week_operator.py for tasks to queue
[2025-11-21T10:49:54.488+0300] {logging_mixin.py:137} INFO - [2025-11-21T10:49:54.487+0300] {dagbag.py:532} INFO - Filling up the DagBag from /home/pker/airflow_env/lib/python3.7/site-packages/airflow/example_dags/example_branch_day_of_week_operator.py
[2025-11-21T10:49:54.516+0300] {processor.py:753} INFO - DAG(s) dict_keys(['example_weekday_branch_operator']) retrieved from /home/pker/airflow_env/lib/python3.7/site-packages/airflow/example_dags/example_branch_day_of_week_operator.py
[2025-11-21T10:49:54.553+0300] {logging_mixin.py:137} INFO - [2025-11-21T10:49:54.553+0300] {dag.py:2705} INFO - Sync 1 DAGs
[2025-11-21T10:49:54.595+0300] {logging_mixin.py:137} INFO - [2025-11-21T10:49:54.594+0300] {dag.py:3456} INFO - Setting next_dagrun for example_weekday_branch_operator to 2025-11-20T00:00:00+00:00, run_after=2025-11-21T00:00:00+00:00
[2025-11-21T10:49:54.673+0300] {processor.py:175} INFO - Processing /home/pker/airflow_env/lib/python3.7/site-packages/airflow/example_dags/example_branch_day_of_week_operator.py took 0.195 seconds
[2025-11-21T10:50:40.517+0300] {processor.py:153} INFO - Started process (PID=30490) to work on /home/pker/airflow_env/lib/python3.7/site-packages/airflow/example_dags/example_branch_day_of_week_operator.py
[2025-11-21T10:50:40.521+0300] {processor.py:743} INFO - Processing file /home/pker/airflow_env/lib/python3.7/site-packages/airflow/example_dags/example_branch_day_of_week_operator.py for tasks to queue
[2025-11-21T10:50:40.522+0300] {logging_mixin.py:137} INFO - [2025-11-21T10:50:40.522+0300] {dagbag.py:532} INFO - Filling up the DagBag from /home/pker/airflow_env/lib/python3.7/site-packages/airflow/example_dags/example_branch_day_of_week_operator.py
[2025-11-21T10:50:40.554+0300] {processor.py:753} INFO - DAG(s) dict_keys(['example_weekday_branch_operator']) retrieved from /home/pker/airflow_env/lib/python3.7/site-packages/airflow/example_dags/example_branch_day_of_week_operator.py
[2025-11-21T10:50:40.589+0300] {logging_mixin.py:137} INFO - [2025-11-21T10:50:40.589+0300] {dag.py:2705} INFO - Sync 1 DAGs
[2025-11-21T10:50:40.628+0300] {logging_mixin.py:137} INFO - [2025-11-21T10:50:40.628+0300] {dag.py:3456} INFO - Setting next_dagrun for example_weekday_branch_operator to 2025-11-20T00:00:00+00:00, run_after=2025-11-21T00:00:00+00:00
[2025-11-21T10:50:40.690+0300] {processor.py:175} INFO - Processing /home/pker/airflow_env/lib/python3.7/site-packages/airflow/example_dags/example_branch_day_of_week_operator.py took 0.179 seconds
[2025-11-21T10:51:27.052+0300] {processor.py:153} INFO - Started process (PID=30534) to work on /home/pker/airflow_env/lib/python3.7/site-packages/airflow/example_dags/example_branch_day_of_week_operator.py
[2025-11-21T10:51:27.076+0300] {processor.py:743} INFO - Processing file /home/pker/airflow_env/lib/python3.7/site-packages/airflow/example_dags/example_branch_day_of_week_operator.py for tasks to queue
[2025-11-21T10:51:27.078+0300] {logging_mixin.py:137} INFO - [2025-11-21T10:51:27.078+0300] {dagbag.py:532} INFO - Filling up the DagBag from /home/pker/airflow_env/lib/python3.7/site-packages/airflow/example_dags/example_branch_day_of_week_operator.py
[2025-11-21T10:51:27.106+0300] {processor.py:753} INFO - DAG(s) dict_keys(['example_weekday_branch_operator']) retrieved from /home/pker/airflow_env/lib/python3.7/site-packages/airflow/example_dags/example_branch_day_of_week_operator.py
[2025-11-21T10:51:27.137+0300] {logging_mixin.py:137} INFO - [2025-11-21T10:51:27.137+0300] {dag.py:2705} INFO - Sync 1 DAGs
[2025-11-21T10:51:27.170+0300] {logging_mixin.py:137} INFO - [2025-11-21T10:51:27.170+0300] {dag.py:3456} INFO - Setting next_dagrun for example_weekday_branch_operator to 2025-11-20T00:00:00+00:00, run_after=2025-11-21T00:00:00+00:00
[2025-11-21T10:51:27.222+0300] {processor.py:175} INFO - Processing /home/pker/airflow_env/lib/python3.7/site-packages/airflow/example_dags/example_branch_day_of_week_operator.py took 0.174 seconds
[2025-11-21T10:52:12.703+0300] {processor.py:153} INFO - Started process (PID=30581) to work on /home/pker/airflow_env/lib/python3.7/site-packages/airflow/example_dags/example_branch_day_of_week_operator.py
[2025-11-21T10:52:12.726+0300] {processor.py:743} INFO - Processing file /home/pker/airflow_env/lib/python3.7/site-packages/airflow/example_dags/example_branch_day_of_week_operator.py for tasks to queue
[2025-11-21T10:52:12.728+0300] {logging_mixin.py:137} INFO - [2025-11-21T10:52:12.728+0300] {dagbag.py:532} INFO - Filling up the DagBag from /home/pker/airflow_env/lib/python3.7/site-packages/airflow/example_dags/example_branch_day_of_week_operator.py
[2025-11-21T10:52:12.755+0300] {processor.py:753} INFO - DAG(s) dict_keys(['example_weekday_branch_operator']) retrieved from /home/pker/airflow_env/lib/python3.7/site-packages/airflow/example_dags/example_branch_day_of_week_operator.py
[2025-11-21T10:52:12.786+0300] {logging_mixin.py:137} INFO - [2025-11-21T10:52:12.786+0300] {dag.py:2705} INFO - Sync 1 DAGs
[2025-11-21T10:52:12.817+0300] {logging_mixin.py:137} INFO - [2025-11-21T10:52:12.817+0300] {dag.py:3456} INFO - Setting next_dagrun for example_weekday_branch_operator to 2025-11-20T00:00:00+00:00, run_after=2025-11-21T00:00:00+00:00
[2025-11-21T10:52:12.848+0300] {processor.py:175} INFO - Processing /home/pker/airflow_env/lib/python3.7/site-packages/airflow/example_dags/example_branch_day_of_week_operator.py took 0.151 seconds
[2025-11-21T10:52:57.855+0300] {processor.py:153} INFO - Started process (PID=30626) to work on /home/pker/airflow_env/lib/python3.7/site-packages/airflow/example_dags/example_branch_day_of_week_operator.py
[2025-11-21T10:52:57.876+0300] {processor.py:743} INFO - Processing file /home/pker/airflow_env/lib/python3.7/site-packages/airflow/example_dags/example_branch_day_of_week_operator.py for tasks to queue
[2025-11-21T10:52:57.877+0300] {logging_mixin.py:137} INFO - [2025-11-21T10:52:57.877+0300] {dagbag.py:532} INFO - Filling up the DagBag from /home/pker/airflow_env/lib/python3.7/site-packages/airflow/example_dags/example_branch_day_of_week_operator.py
[2025-11-21T10:52:57.898+0300] {processor.py:753} INFO - DAG(s) dict_keys(['example_weekday_branch_operator']) retrieved from /home/pker/airflow_env/lib/python3.7/site-packages/airflow/example_dags/example_branch_day_of_week_operator.py
[2025-11-21T10:52:57.931+0300] {logging_mixin.py:137} INFO - [2025-11-21T10:52:57.930+0300] {dag.py:2705} INFO - Sync 1 DAGs
[2025-11-21T10:52:57.983+0300] {logging_mixin.py:137} INFO - [2025-11-21T10:52:57.982+0300] {dag.py:3456} INFO - Setting next_dagrun for example_weekday_branch_operator to 2025-11-20T00:00:00+00:00, run_after=2025-11-21T00:00:00+00:00
[2025-11-21T10:52:58.057+0300] {processor.py:175} INFO - Processing /home/pker/airflow_env/lib/python3.7/site-packages/airflow/example_dags/example_branch_day_of_week_operator.py took 0.207 seconds
[2025-11-21T10:53:46.595+0300] {processor.py:153} INFO - Started process (PID=30670) to work on /home/pker/airflow_env/lib/python3.7/site-packages/airflow/example_dags/example_branch_day_of_week_operator.py
[2025-11-21T10:53:46.617+0300] {processor.py:743} INFO - Processing file /home/pker/airflow_env/lib/python3.7/site-packages/airflow/example_dags/example_branch_day_of_week_operator.py for tasks to queue
[2025-11-21T10:53:46.619+0300] {logging_mixin.py:137} INFO - [2025-11-21T10:53:46.618+0300] {dagbag.py:532} INFO - Filling up the DagBag from /home/pker/airflow_env/lib/python3.7/site-packages/airflow/example_dags/example_branch_day_of_week_operator.py
[2025-11-21T10:53:46.654+0300] {processor.py:753} INFO - DAG(s) dict_keys(['example_weekday_branch_operator']) retrieved from /home/pker/airflow_env/lib/python3.7/site-packages/airflow/example_dags/example_branch_day_of_week_operator.py
[2025-11-21T10:53:46.700+0300] {logging_mixin.py:137} INFO - [2025-11-21T10:53:46.700+0300] {dag.py:2705} INFO - Sync 1 DAGs
[2025-11-21T10:53:46.738+0300] {logging_mixin.py:137} INFO - [2025-11-21T10:53:46.738+0300] {dag.py:3456} INFO - Setting next_dagrun for example_weekday_branch_operator to 2025-11-20T00:00:00+00:00, run_after=2025-11-21T00:00:00+00:00
[2025-11-21T10:53:46.803+0300] {processor.py:175} INFO - Processing /home/pker/airflow_env/lib/python3.7/site-packages/airflow/example_dags/example_branch_day_of_week_operator.py took 0.216 seconds
[2025-11-21T10:54:34.615+0300] {processor.py:153} INFO - Started process (PID=30712) to work on /home/pker/airflow_env/lib/python3.7/site-packages/airflow/example_dags/example_branch_day_of_week_operator.py
[2025-11-21T10:54:34.618+0300] {processor.py:743} INFO - Processing file /home/pker/airflow_env/lib/python3.7/site-packages/airflow/example_dags/example_branch_day_of_week_operator.py for tasks to queue
[2025-11-21T10:54:34.619+0300] {logging_mixin.py:137} INFO - [2025-11-21T10:54:34.619+0300] {dagbag.py:532} INFO - Filling up the DagBag from /home/pker/airflow_env/lib/python3.7/site-packages/airflow/example_dags/example_branch_day_of_week_operator.py
[2025-11-21T10:54:34.663+0300] {processor.py:753} INFO - DAG(s) dict_keys(['example_weekday_branch_operator']) retrieved from /home/pker/airflow_env/lib/python3.7/site-packages/airflow/example_dags/example_branch_day_of_week_operator.py
[2025-11-21T10:54:34.711+0300] {logging_mixin.py:137} INFO - [2025-11-21T10:54:34.711+0300] {dag.py:2705} INFO - Sync 1 DAGs
[2025-11-21T10:54:34.760+0300] {logging_mixin.py:137} INFO - [2025-11-21T10:54:34.760+0300] {dag.py:3456} INFO - Setting next_dagrun for example_weekday_branch_operator to 2025-11-20T00:00:00+00:00, run_after=2025-11-21T00:00:00+00:00
[2025-11-21T10:54:34.836+0300] {processor.py:175} INFO - Processing /home/pker/airflow_env/lib/python3.7/site-packages/airflow/example_dags/example_branch_day_of_week_operator.py took 0.229 seconds
[2025-11-21T10:55:23.315+0300] {processor.py:153} INFO - Started process (PID=30764) to work on /home/pker/airflow_env/lib/python3.7/site-packages/airflow/example_dags/example_branch_day_of_week_operator.py
[2025-11-21T10:55:23.338+0300] {processor.py:743} INFO - Processing file /home/pker/airflow_env/lib/python3.7/site-packages/airflow/example_dags/example_branch_day_of_week_operator.py for tasks to queue
[2025-11-21T10:55:23.341+0300] {logging_mixin.py:137} INFO - [2025-11-21T10:55:23.340+0300] {dagbag.py:532} INFO - Filling up the DagBag from /home/pker/airflow_env/lib/python3.7/site-packages/airflow/example_dags/example_branch_day_of_week_operator.py
[2025-11-21T10:55:23.386+0300] {processor.py:753} INFO - DAG(s) dict_keys(['example_weekday_branch_operator']) retrieved from /home/pker/airflow_env/lib/python3.7/site-packages/airflow/example_dags/example_branch_day_of_week_operator.py
[2025-11-21T10:55:23.420+0300] {logging_mixin.py:137} INFO - [2025-11-21T10:55:23.420+0300] {dag.py:2705} INFO - Sync 1 DAGs
[2025-11-21T10:55:23.460+0300] {logging_mixin.py:137} INFO - [2025-11-21T10:55:23.460+0300] {dag.py:3456} INFO - Setting next_dagrun for example_weekday_branch_operator to 2025-11-20T00:00:00+00:00, run_after=2025-11-21T00:00:00+00:00
[2025-11-21T10:55:23.543+0300] {processor.py:175} INFO - Processing /home/pker/airflow_env/lib/python3.7/site-packages/airflow/example_dags/example_branch_day_of_week_operator.py took 0.240 seconds
[2025-11-21T10:56:11.308+0300] {processor.py:153} INFO - Started process (PID=30808) to work on /home/pker/airflow_env/lib/python3.7/site-packages/airflow/example_dags/example_branch_day_of_week_operator.py
[2025-11-21T10:56:11.331+0300] {processor.py:743} INFO - Processing file /home/pker/airflow_env/lib/python3.7/site-packages/airflow/example_dags/example_branch_day_of_week_operator.py for tasks to queue
[2025-11-21T10:56:11.334+0300] {logging_mixin.py:137} INFO - [2025-11-21T10:56:11.333+0300] {dagbag.py:532} INFO - Filling up the DagBag from /home/pker/airflow_env/lib/python3.7/site-packages/airflow/example_dags/example_branch_day_of_week_operator.py
[2025-11-21T10:56:11.371+0300] {processor.py:753} INFO - DAG(s) dict_keys(['example_weekday_branch_operator']) retrieved from /home/pker/airflow_env/lib/python3.7/site-packages/airflow/example_dags/example_branch_day_of_week_operator.py
[2025-11-21T10:56:11.424+0300] {logging_mixin.py:137} INFO - [2025-11-21T10:56:11.423+0300] {dag.py:2705} INFO - Sync 1 DAGs
[2025-11-21T10:56:11.465+0300] {logging_mixin.py:137} INFO - [2025-11-21T10:56:11.465+0300] {dag.py:3456} INFO - Setting next_dagrun for example_weekday_branch_operator to 2025-11-20T00:00:00+00:00, run_after=2025-11-21T00:00:00+00:00
[2025-11-21T10:56:11.505+0300] {processor.py:175} INFO - Processing /home/pker/airflow_env/lib/python3.7/site-packages/airflow/example_dags/example_branch_day_of_week_operator.py took 0.204 seconds
[2025-11-21T10:56:58.971+0300] {processor.py:153} INFO - Started process (PID=30852) to work on /home/pker/airflow_env/lib/python3.7/site-packages/airflow/example_dags/example_branch_day_of_week_operator.py
[2025-11-21T10:56:58.986+0300] {processor.py:743} INFO - Processing file /home/pker/airflow_env/lib/python3.7/site-packages/airflow/example_dags/example_branch_day_of_week_operator.py for tasks to queue
[2025-11-21T10:56:58.988+0300] {logging_mixin.py:137} INFO - [2025-11-21T10:56:58.987+0300] {dagbag.py:532} INFO - Filling up the DagBag from /home/pker/airflow_env/lib/python3.7/site-packages/airflow/example_dags/example_branch_day_of_week_operator.py
[2025-11-21T10:56:59.017+0300] {processor.py:753} INFO - DAG(s) dict_keys(['example_weekday_branch_operator']) retrieved from /home/pker/airflow_env/lib/python3.7/site-packages/airflow/example_dags/example_branch_day_of_week_operator.py
[2025-11-21T10:56:59.054+0300] {logging_mixin.py:137} INFO - [2025-11-21T10:56:59.054+0300] {dag.py:2705} INFO - Sync 1 DAGs
[2025-11-21T10:56:59.099+0300] {logging_mixin.py:137} INFO - [2025-11-21T10:56:59.099+0300] {dag.py:3456} INFO - Setting next_dagrun for example_weekday_branch_operator to 2025-11-20T00:00:00+00:00, run_after=2025-11-21T00:00:00+00:00
[2025-11-21T10:56:59.182+0300] {processor.py:175} INFO - Processing /home/pker/airflow_env/lib/python3.7/site-packages/airflow/example_dags/example_branch_day_of_week_operator.py took 0.217 seconds
[2025-11-21T10:57:49.223+0300] {processor.py:153} INFO - Started process (PID=30896) to work on /home/pker/airflow_env/lib/python3.7/site-packages/airflow/example_dags/example_branch_day_of_week_operator.py
[2025-11-21T10:57:49.231+0300] {processor.py:743} INFO - Processing file /home/pker/airflow_env/lib/python3.7/site-packages/airflow/example_dags/example_branch_day_of_week_operator.py for tasks to queue
[2025-11-21T10:57:49.234+0300] {logging_mixin.py:137} INFO - [2025-11-21T10:57:49.233+0300] {dagbag.py:532} INFO - Filling up the DagBag from /home/pker/airflow_env/lib/python3.7/site-packages/airflow/example_dags/example_branch_day_of_week_operator.py
[2025-11-21T10:57:49.271+0300] {processor.py:753} INFO - DAG(s) dict_keys(['example_weekday_branch_operator']) retrieved from /home/pker/airflow_env/lib/python3.7/site-packages/airflow/example_dags/example_branch_day_of_week_operator.py
[2025-11-21T10:57:49.313+0300] {logging_mixin.py:137} INFO - [2025-11-21T10:57:49.313+0300] {dag.py:2705} INFO - Sync 1 DAGs
[2025-11-21T10:57:49.357+0300] {logging_mixin.py:137} INFO - [2025-11-21T10:57:49.356+0300] {dag.py:3456} INFO - Setting next_dagrun for example_weekday_branch_operator to 2025-11-20T00:00:00+00:00, run_after=2025-11-21T00:00:00+00:00
[2025-11-21T10:57:49.422+0300] {processor.py:175} INFO - Processing /home/pker/airflow_env/lib/python3.7/site-packages/airflow/example_dags/example_branch_day_of_week_operator.py took 0.206 seconds
[2025-11-21T10:58:35.171+0300] {processor.py:153} INFO - Started process (PID=30946) to work on /home/pker/airflow_env/lib/python3.7/site-packages/airflow/example_dags/example_branch_day_of_week_operator.py
[2025-11-21T10:58:35.174+0300] {processor.py:743} INFO - Processing file /home/pker/airflow_env/lib/python3.7/site-packages/airflow/example_dags/example_branch_day_of_week_operator.py for tasks to queue
[2025-11-21T10:58:35.175+0300] {logging_mixin.py:137} INFO - [2025-11-21T10:58:35.175+0300] {dagbag.py:532} INFO - Filling up the DagBag from /home/pker/airflow_env/lib/python3.7/site-packages/airflow/example_dags/example_branch_day_of_week_operator.py
[2025-11-21T10:58:35.214+0300] {processor.py:753} INFO - DAG(s) dict_keys(['example_weekday_branch_operator']) retrieved from /home/pker/airflow_env/lib/python3.7/site-packages/airflow/example_dags/example_branch_day_of_week_operator.py
[2025-11-21T10:58:35.254+0300] {logging_mixin.py:137} INFO - [2025-11-21T10:58:35.254+0300] {dag.py:2705} INFO - Sync 1 DAGs
[2025-11-21T10:58:35.289+0300] {logging_mixin.py:137} INFO - [2025-11-21T10:58:35.289+0300] {dag.py:3456} INFO - Setting next_dagrun for example_weekday_branch_operator to 2025-11-20T00:00:00+00:00, run_after=2025-11-21T00:00:00+00:00
[2025-11-21T10:58:35.343+0300] {processor.py:175} INFO - Processing /home/pker/airflow_env/lib/python3.7/site-packages/airflow/example_dags/example_branch_day_of_week_operator.py took 0.182 seconds
[2025-11-21T10:59:24.462+0300] {processor.py:153} INFO - Started process (PID=31003) to work on /home/pker/airflow_env/lib/python3.7/site-packages/airflow/example_dags/example_branch_day_of_week_operator.py
[2025-11-21T10:59:24.483+0300] {processor.py:743} INFO - Processing file /home/pker/airflow_env/lib/python3.7/site-packages/airflow/example_dags/example_branch_day_of_week_operator.py for tasks to queue
[2025-11-21T10:59:24.485+0300] {logging_mixin.py:137} INFO - [2025-11-21T10:59:24.485+0300] {dagbag.py:532} INFO - Filling up the DagBag from /home/pker/airflow_env/lib/python3.7/site-packages/airflow/example_dags/example_branch_day_of_week_operator.py
[2025-11-21T10:59:24.513+0300] {processor.py:753} INFO - DAG(s) dict_keys(['example_weekday_branch_operator']) retrieved from /home/pker/airflow_env/lib/python3.7/site-packages/airflow/example_dags/example_branch_day_of_week_operator.py
[2025-11-21T10:59:24.553+0300] {logging_mixin.py:137} INFO - [2025-11-21T10:59:24.552+0300] {dag.py:2705} INFO - Sync 1 DAGs
[2025-11-21T10:59:24.583+0300] {logging_mixin.py:137} INFO - [2025-11-21T10:59:24.583+0300] {dag.py:3456} INFO - Setting next_dagrun for example_weekday_branch_operator to 2025-11-20T00:00:00+00:00, run_after=2025-11-21T00:00:00+00:00
[2025-11-21T10:59:24.615+0300] {processor.py:175} INFO - Processing /home/pker/airflow_env/lib/python3.7/site-packages/airflow/example_dags/example_branch_day_of_week_operator.py took 0.159 seconds
[2025-11-21T11:00:14.268+0300] {processor.py:153} INFO - Started process (PID=31050) to work on /home/pker/airflow_env/lib/python3.7/site-packages/airflow/example_dags/example_branch_day_of_week_operator.py
[2025-11-21T11:00:14.270+0300] {processor.py:743} INFO - Processing file /home/pker/airflow_env/lib/python3.7/site-packages/airflow/example_dags/example_branch_day_of_week_operator.py for tasks to queue
[2025-11-21T11:00:14.272+0300] {logging_mixin.py:137} INFO - [2025-11-21T11:00:14.271+0300] {dagbag.py:532} INFO - Filling up the DagBag from /home/pker/airflow_env/lib/python3.7/site-packages/airflow/example_dags/example_branch_day_of_week_operator.py
[2025-11-21T11:00:14.298+0300] {processor.py:753} INFO - DAG(s) dict_keys(['example_weekday_branch_operator']) retrieved from /home/pker/airflow_env/lib/python3.7/site-packages/airflow/example_dags/example_branch_day_of_week_operator.py
[2025-11-21T11:00:14.324+0300] {logging_mixin.py:137} INFO - [2025-11-21T11:00:14.324+0300] {dag.py:2705} INFO - Sync 1 DAGs
[2025-11-21T11:00:14.354+0300] {logging_mixin.py:137} INFO - [2025-11-21T11:00:14.353+0300] {dag.py:3456} INFO - Setting next_dagrun for example_weekday_branch_operator to 2025-11-20T00:00:00+00:00, run_after=2025-11-21T00:00:00+00:00
[2025-11-21T11:00:14.388+0300] {processor.py:175} INFO - Processing /home/pker/airflow_env/lib/python3.7/site-packages/airflow/example_dags/example_branch_day_of_week_operator.py took 0.127 seconds
[2025-11-21T11:01:04.937+0300] {processor.py:153} INFO - Started process (PID=31107) to work on /home/pker/airflow_env/lib/python3.7/site-packages/airflow/example_dags/example_branch_day_of_week_operator.py
[2025-11-21T11:01:04.959+0300] {processor.py:743} INFO - Processing file /home/pker/airflow_env/lib/python3.7/site-packages/airflow/example_dags/example_branch_day_of_week_operator.py for tasks to queue
[2025-11-21T11:01:04.961+0300] {logging_mixin.py:137} INFO - [2025-11-21T11:01:04.961+0300] {dagbag.py:532} INFO - Filling up the DagBag from /home/pker/airflow_env/lib/python3.7/site-packages/airflow/example_dags/example_branch_day_of_week_operator.py
[2025-11-21T11:01:04.994+0300] {processor.py:753} INFO - DAG(s) dict_keys(['example_weekday_branch_operator']) retrieved from /home/pker/airflow_env/lib/python3.7/site-packages/airflow/example_dags/example_branch_day_of_week_operator.py
[2025-11-21T11:01:05.029+0300] {logging_mixin.py:137} INFO - [2025-11-21T11:01:05.029+0300] {dag.py:2705} INFO - Sync 1 DAGs
[2025-11-21T11:01:05.061+0300] {logging_mixin.py:137} INFO - [2025-11-21T11:01:05.061+0300] {dag.py:3456} INFO - Setting next_dagrun for example_weekday_branch_operator to 2025-11-20T00:00:00+00:00, run_after=2025-11-21T00:00:00+00:00
[2025-11-21T11:01:05.105+0300] {processor.py:175} INFO - Processing /home/pker/airflow_env/lib/python3.7/site-packages/airflow/example_dags/example_branch_day_of_week_operator.py took 0.177 seconds
[2025-11-21T11:01:55.144+0300] {processor.py:153} INFO - Started process (PID=31153) to work on /home/pker/airflow_env/lib/python3.7/site-packages/airflow/example_dags/example_branch_day_of_week_operator.py
[2025-11-21T11:01:55.147+0300] {processor.py:743} INFO - Processing file /home/pker/airflow_env/lib/python3.7/site-packages/airflow/example_dags/example_branch_day_of_week_operator.py for tasks to queue
[2025-11-21T11:01:55.149+0300] {logging_mixin.py:137} INFO - [2025-11-21T11:01:55.148+0300] {dagbag.py:532} INFO - Filling up the DagBag from /home/pker/airflow_env/lib/python3.7/site-packages/airflow/example_dags/example_branch_day_of_week_operator.py
[2025-11-21T11:01:55.190+0300] {processor.py:753} INFO - DAG(s) dict_keys(['example_weekday_branch_operator']) retrieved from /home/pker/airflow_env/lib/python3.7/site-packages/airflow/example_dags/example_branch_day_of_week_operator.py
[2025-11-21T11:01:55.219+0300] {logging_mixin.py:137} INFO - [2025-11-21T11:01:55.219+0300] {dag.py:2705} INFO - Sync 1 DAGs
[2025-11-21T11:01:55.250+0300] {logging_mixin.py:137} INFO - [2025-11-21T11:01:55.249+0300] {dag.py:3456} INFO - Setting next_dagrun for example_weekday_branch_operator to 2025-11-20T00:00:00+00:00, run_after=2025-11-21T00:00:00+00:00
[2025-11-21T11:01:55.314+0300] {processor.py:175} INFO - Processing /home/pker/airflow_env/lib/python3.7/site-packages/airflow/example_dags/example_branch_day_of_week_operator.py took 0.177 seconds
[2025-11-21T11:02:40.357+0300] {processor.py:153} INFO - Started process (PID=31197) to work on /home/pker/airflow_env/lib/python3.7/site-packages/airflow/example_dags/example_branch_day_of_week_operator.py
[2025-11-21T11:02:40.381+0300] {processor.py:743} INFO - Processing file /home/pker/airflow_env/lib/python3.7/site-packages/airflow/example_dags/example_branch_day_of_week_operator.py for tasks to queue
[2025-11-21T11:02:40.383+0300] {logging_mixin.py:137} INFO - [2025-11-21T11:02:40.383+0300] {dagbag.py:532} INFO - Filling up the DagBag from /home/pker/airflow_env/lib/python3.7/site-packages/airflow/example_dags/example_branch_day_of_week_operator.py
[2025-11-21T11:02:40.420+0300] {processor.py:753} INFO - DAG(s) dict_keys(['example_weekday_branch_operator']) retrieved from /home/pker/airflow_env/lib/python3.7/site-packages/airflow/example_dags/example_branch_day_of_week_operator.py
[2025-11-21T11:02:40.466+0300] {logging_mixin.py:137} INFO - [2025-11-21T11:02:40.466+0300] {dag.py:2705} INFO - Sync 1 DAGs
[2025-11-21T11:02:40.502+0300] {logging_mixin.py:137} INFO - [2025-11-21T11:02:40.502+0300] {dag.py:3456} INFO - Setting next_dagrun for example_weekday_branch_operator to 2025-11-20T00:00:00+00:00, run_after=2025-11-21T00:00:00+00:00
[2025-11-21T11:02:40.537+0300] {processor.py:175} INFO - Processing /home/pker/airflow_env/lib/python3.7/site-packages/airflow/example_dags/example_branch_day_of_week_operator.py took 0.187 seconds
[2025-11-21T11:03:28.122+0300] {processor.py:153} INFO - Started process (PID=31242) to work on /home/pker/airflow_env/lib/python3.7/site-packages/airflow/example_dags/example_branch_day_of_week_operator.py
[2025-11-21T11:03:28.143+0300] {processor.py:743} INFO - Processing file /home/pker/airflow_env/lib/python3.7/site-packages/airflow/example_dags/example_branch_day_of_week_operator.py for tasks to queue
[2025-11-21T11:03:28.145+0300] {logging_mixin.py:137} INFO - [2025-11-21T11:03:28.145+0300] {dagbag.py:532} INFO - Filling up the DagBag from /home/pker/airflow_env/lib/python3.7/site-packages/airflow/example_dags/example_branch_day_of_week_operator.py
[2025-11-21T11:03:28.185+0300] {processor.py:753} INFO - DAG(s) dict_keys(['example_weekday_branch_operator']) retrieved from /home/pker/airflow_env/lib/python3.7/site-packages/airflow/example_dags/example_branch_day_of_week_operator.py
[2025-11-21T11:03:28.231+0300] {logging_mixin.py:137} INFO - [2025-11-21T11:03:28.231+0300] {dag.py:2705} INFO - Sync 1 DAGs
[2025-11-21T11:03:28.267+0300] {logging_mixin.py:137} INFO - [2025-11-21T11:03:28.267+0300] {dag.py:3456} INFO - Setting next_dagrun for example_weekday_branch_operator to 2025-11-20T00:00:00+00:00, run_after=2025-11-21T00:00:00+00:00
[2025-11-21T11:03:28.330+0300] {processor.py:175} INFO - Processing /home/pker/airflow_env/lib/python3.7/site-packages/airflow/example_dags/example_branch_day_of_week_operator.py took 0.215 seconds
[2025-11-21T11:04:14.308+0300] {processor.py:153} INFO - Started process (PID=31287) to work on /home/pker/airflow_env/lib/python3.7/site-packages/airflow/example_dags/example_branch_day_of_week_operator.py
[2025-11-21T11:04:14.332+0300] {processor.py:743} INFO - Processing file /home/pker/airflow_env/lib/python3.7/site-packages/airflow/example_dags/example_branch_day_of_week_operator.py for tasks to queue
[2025-11-21T11:04:14.335+0300] {logging_mixin.py:137} INFO - [2025-11-21T11:04:14.335+0300] {dagbag.py:532} INFO - Filling up the DagBag from /home/pker/airflow_env/lib/python3.7/site-packages/airflow/example_dags/example_branch_day_of_week_operator.py
[2025-11-21T11:04:14.368+0300] {processor.py:753} INFO - DAG(s) dict_keys(['example_weekday_branch_operator']) retrieved from /home/pker/airflow_env/lib/python3.7/site-packages/airflow/example_dags/example_branch_day_of_week_operator.py
[2025-11-21T11:04:14.406+0300] {logging_mixin.py:137} INFO - [2025-11-21T11:04:14.406+0300] {dag.py:2705} INFO - Sync 1 DAGs
[2025-11-21T11:04:14.444+0300] {logging_mixin.py:137} INFO - [2025-11-21T11:04:14.444+0300] {dag.py:3456} INFO - Setting next_dagrun for example_weekday_branch_operator to 2025-11-20T00:00:00+00:00, run_after=2025-11-21T00:00:00+00:00
[2025-11-21T11:04:14.519+0300] {processor.py:175} INFO - Processing /home/pker/airflow_env/lib/python3.7/site-packages/airflow/example_dags/example_branch_day_of_week_operator.py took 0.219 seconds
[2025-11-21T11:05:04.112+0300] {processor.py:153} INFO - Started process (PID=31332) to work on /home/pker/airflow_env/lib/python3.7/site-packages/airflow/example_dags/example_branch_day_of_week_operator.py
[2025-11-21T11:05:04.135+0300] {processor.py:743} INFO - Processing file /home/pker/airflow_env/lib/python3.7/site-packages/airflow/example_dags/example_branch_day_of_week_operator.py for tasks to queue
[2025-11-21T11:05:04.137+0300] {logging_mixin.py:137} INFO - [2025-11-21T11:05:04.137+0300] {dagbag.py:532} INFO - Filling up the DagBag from /home/pker/airflow_env/lib/python3.7/site-packages/airflow/example_dags/example_branch_day_of_week_operator.py
[2025-11-21T11:05:04.171+0300] {processor.py:753} INFO - DAG(s) dict_keys(['example_weekday_branch_operator']) retrieved from /home/pker/airflow_env/lib/python3.7/site-packages/airflow/example_dags/example_branch_day_of_week_operator.py
[2025-11-21T11:05:04.212+0300] {logging_mixin.py:137} INFO - [2025-11-21T11:05:04.211+0300] {dag.py:2705} INFO - Sync 1 DAGs
[2025-11-21T11:05:04.252+0300] {logging_mixin.py:137} INFO - [2025-11-21T11:05:04.252+0300] {dag.py:3456} INFO - Setting next_dagrun for example_weekday_branch_operator to 2025-11-20T00:00:00+00:00, run_after=2025-11-21T00:00:00+00:00
[2025-11-21T11:05:04.310+0300] {processor.py:175} INFO - Processing /home/pker/airflow_env/lib/python3.7/site-packages/airflow/example_dags/example_branch_day_of_week_operator.py took 0.206 seconds
[2025-11-21T11:05:52.419+0300] {processor.py:153} INFO - Started process (PID=31385) to work on /home/pker/airflow_env/lib/python3.7/site-packages/airflow/example_dags/example_branch_day_of_week_operator.py
[2025-11-21T11:05:52.440+0300] {processor.py:743} INFO - Processing file /home/pker/airflow_env/lib/python3.7/site-packages/airflow/example_dags/example_branch_day_of_week_operator.py for tasks to queue
[2025-11-21T11:05:52.442+0300] {logging_mixin.py:137} INFO - [2025-11-21T11:05:52.441+0300] {dagbag.py:532} INFO - Filling up the DagBag from /home/pker/airflow_env/lib/python3.7/site-packages/airflow/example_dags/example_branch_day_of_week_operator.py
[2025-11-21T11:05:52.472+0300] {processor.py:753} INFO - DAG(s) dict_keys(['example_weekday_branch_operator']) retrieved from /home/pker/airflow_env/lib/python3.7/site-packages/airflow/example_dags/example_branch_day_of_week_operator.py
[2025-11-21T11:05:52.509+0300] {logging_mixin.py:137} INFO - [2025-11-21T11:05:52.509+0300] {dag.py:2705} INFO - Sync 1 DAGs
[2025-11-21T11:05:52.540+0300] {logging_mixin.py:137} INFO - [2025-11-21T11:05:52.540+0300] {dag.py:3456} INFO - Setting next_dagrun for example_weekday_branch_operator to 2025-11-20T00:00:00+00:00, run_after=2025-11-21T00:00:00+00:00
[2025-11-21T11:05:52.586+0300] {processor.py:175} INFO - Processing /home/pker/airflow_env/lib/python3.7/site-packages/airflow/example_dags/example_branch_day_of_week_operator.py took 0.174 seconds
[2025-11-21T11:06:41.644+0300] {processor.py:153} INFO - Started process (PID=31431) to work on /home/pker/airflow_env/lib/python3.7/site-packages/airflow/example_dags/example_branch_day_of_week_operator.py
[2025-11-21T11:06:41.668+0300] {processor.py:743} INFO - Processing file /home/pker/airflow_env/lib/python3.7/site-packages/airflow/example_dags/example_branch_day_of_week_operator.py for tasks to queue
[2025-11-21T11:06:41.670+0300] {logging_mixin.py:137} INFO - [2025-11-21T11:06:41.670+0300] {dagbag.py:532} INFO - Filling up the DagBag from /home/pker/airflow_env/lib/python3.7/site-packages/airflow/example_dags/example_branch_day_of_week_operator.py
[2025-11-21T11:06:41.701+0300] {processor.py:753} INFO - DAG(s) dict_keys(['example_weekday_branch_operator']) retrieved from /home/pker/airflow_env/lib/python3.7/site-packages/airflow/example_dags/example_branch_day_of_week_operator.py
[2025-11-21T11:06:41.731+0300] {logging_mixin.py:137} INFO - [2025-11-21T11:06:41.731+0300] {dag.py:2705} INFO - Sync 1 DAGs
[2025-11-21T11:06:41.763+0300] {logging_mixin.py:137} INFO - [2025-11-21T11:06:41.763+0300] {dag.py:3456} INFO - Setting next_dagrun for example_weekday_branch_operator to 2025-11-20T00:00:00+00:00, run_after=2025-11-21T00:00:00+00:00
[2025-11-21T11:06:41.828+0300] {processor.py:175} INFO - Processing /home/pker/airflow_env/lib/python3.7/site-packages/airflow/example_dags/example_branch_day_of_week_operator.py took 0.189 seconds
[2025-11-21T11:07:28.475+0300] {processor.py:153} INFO - Started process (PID=31479) to work on /home/pker/airflow_env/lib/python3.7/site-packages/airflow/example_dags/example_branch_day_of_week_operator.py
[2025-11-21T11:07:28.479+0300] {processor.py:743} INFO - Processing file /home/pker/airflow_env/lib/python3.7/site-packages/airflow/example_dags/example_branch_day_of_week_operator.py for tasks to queue
[2025-11-21T11:07:28.480+0300] {logging_mixin.py:137} INFO - [2025-11-21T11:07:28.480+0300] {dagbag.py:532} INFO - Filling up the DagBag from /home/pker/airflow_env/lib/python3.7/site-packages/airflow/example_dags/example_branch_day_of_week_operator.py
[2025-11-21T11:07:28.506+0300] {processor.py:753} INFO - DAG(s) dict_keys(['example_weekday_branch_operator']) retrieved from /home/pker/airflow_env/lib/python3.7/site-packages/airflow/example_dags/example_branch_day_of_week_operator.py
[2025-11-21T11:07:28.532+0300] {logging_mixin.py:137} INFO - [2025-11-21T11:07:28.532+0300] {dag.py:2705} INFO - Sync 1 DAGs
[2025-11-21T11:07:28.560+0300] {logging_mixin.py:137} INFO - [2025-11-21T11:07:28.560+0300] {dag.py:3456} INFO - Setting next_dagrun for example_weekday_branch_operator to 2025-11-20T00:00:00+00:00, run_after=2025-11-21T00:00:00+00:00
[2025-11-21T11:07:28.590+0300] {processor.py:175} INFO - Processing /home/pker/airflow_env/lib/python3.7/site-packages/airflow/example_dags/example_branch_day_of_week_operator.py took 0.122 seconds
[2025-11-21T11:08:16.314+0300] {processor.py:153} INFO - Started process (PID=31548) to work on /home/pker/airflow_env/lib/python3.7/site-packages/airflow/example_dags/example_branch_day_of_week_operator.py
[2025-11-21T11:08:16.338+0300] {processor.py:743} INFO - Processing file /home/pker/airflow_env/lib/python3.7/site-packages/airflow/example_dags/example_branch_day_of_week_operator.py for tasks to queue
[2025-11-21T11:08:16.340+0300] {logging_mixin.py:137} INFO - [2025-11-21T11:08:16.340+0300] {dagbag.py:532} INFO - Filling up the DagBag from /home/pker/airflow_env/lib/python3.7/site-packages/airflow/example_dags/example_branch_day_of_week_operator.py
[2025-11-21T11:08:16.375+0300] {processor.py:753} INFO - DAG(s) dict_keys(['example_weekday_branch_operator']) retrieved from /home/pker/airflow_env/lib/python3.7/site-packages/airflow/example_dags/example_branch_day_of_week_operator.py
[2025-11-21T11:08:16.416+0300] {logging_mixin.py:137} INFO - [2025-11-21T11:08:16.416+0300] {dag.py:2705} INFO - Sync 1 DAGs
[2025-11-21T11:08:16.468+0300] {logging_mixin.py:137} INFO - [2025-11-21T11:08:16.467+0300] {dag.py:3456} INFO - Setting next_dagrun for example_weekday_branch_operator to 2025-11-20T00:00:00+00:00, run_after=2025-11-21T00:00:00+00:00
[2025-11-21T11:08:16.541+0300] {processor.py:175} INFO - Processing /home/pker/airflow_env/lib/python3.7/site-packages/airflow/example_dags/example_branch_day_of_week_operator.py took 0.238 seconds
[2025-11-21T11:09:04.088+0300] {processor.py:153} INFO - Started process (PID=31595) to work on /home/pker/airflow_env/lib/python3.7/site-packages/airflow/example_dags/example_branch_day_of_week_operator.py
[2025-11-21T11:09:04.111+0300] {processor.py:743} INFO - Processing file /home/pker/airflow_env/lib/python3.7/site-packages/airflow/example_dags/example_branch_day_of_week_operator.py for tasks to queue
[2025-11-21T11:09:04.113+0300] {logging_mixin.py:137} INFO - [2025-11-21T11:09:04.113+0300] {dagbag.py:532} INFO - Filling up the DagBag from /home/pker/airflow_env/lib/python3.7/site-packages/airflow/example_dags/example_branch_day_of_week_operator.py
[2025-11-21T11:09:04.144+0300] {processor.py:753} INFO - DAG(s) dict_keys(['example_weekday_branch_operator']) retrieved from /home/pker/airflow_env/lib/python3.7/site-packages/airflow/example_dags/example_branch_day_of_week_operator.py
[2025-11-21T11:09:04.182+0300] {logging_mixin.py:137} INFO - [2025-11-21T11:09:04.182+0300] {dag.py:2705} INFO - Sync 1 DAGs
[2025-11-21T11:09:04.218+0300] {logging_mixin.py:137} INFO - [2025-11-21T11:09:04.218+0300] {dag.py:3456} INFO - Setting next_dagrun for example_weekday_branch_operator to 2025-11-20T00:00:00+00:00, run_after=2025-11-21T00:00:00+00:00
[2025-11-21T11:09:04.281+0300] {processor.py:175} INFO - Processing /home/pker/airflow_env/lib/python3.7/site-packages/airflow/example_dags/example_branch_day_of_week_operator.py took 0.199 seconds
