[2025-11-21T10:44:18.859+0300] {processor.py:153} INFO - Started process (PID=30101) to work on /home/pker/airflow_env/lib/python3.7/site-packages/airflow/example_dags/example_latest_only_with_trigger.py
[2025-11-21T10:44:18.865+0300] {processor.py:743} INFO - Processing file /home/pker/airflow_env/lib/python3.7/site-packages/airflow/example_dags/example_latest_only_with_trigger.py for tasks to queue
[2025-11-21T10:44:18.868+0300] {logging_mixin.py:137} INFO - [2025-11-21T10:44:18.868+0300] {dagbag.py:532} INFO - Filling up the DagBag from /home/pker/airflow_env/lib/python3.7/site-packages/airflow/example_dags/example_latest_only_with_trigger.py
[2025-11-21T10:44:18.899+0300] {processor.py:753} INFO - DAG(s) dict_keys(['latest_only_with_trigger']) retrieved from /home/pker/airflow_env/lib/python3.7/site-packages/airflow/example_dags/example_latest_only_with_trigger.py
[2025-11-21T10:44:19.111+0300] {logging_mixin.py:137} INFO - [2025-11-21T10:44:19.110+0300] {manager.py:504} INFO - Created Permission View: can delete on DAG:latest_only_with_trigger
[2025-11-21T10:44:19.127+0300] {logging_mixin.py:137} INFO - [2025-11-21T10:44:19.127+0300] {manager.py:504} INFO - Created Permission View: can read on DAG:latest_only_with_trigger
[2025-11-21T10:44:19.144+0300] {logging_mixin.py:137} INFO - [2025-11-21T10:44:19.144+0300] {manager.py:504} INFO - Created Permission View: can edit on DAG:latest_only_with_trigger
[2025-11-21T10:44:19.145+0300] {logging_mixin.py:137} INFO - [2025-11-21T10:44:19.144+0300] {dag.py:2705} INFO - Sync 1 DAGs
[2025-11-21T10:44:19.187+0300] {logging_mixin.py:137} INFO - [2025-11-21T10:44:19.187+0300] {dag.py:2726} INFO - Creating ORM DAG for latest_only_with_trigger
[2025-11-21T10:44:19.217+0300] {logging_mixin.py:137} INFO - [2025-11-21T10:44:19.217+0300] {dag.py:3456} INFO - Setting next_dagrun for latest_only_with_trigger to 2025-11-21T03:44:19.216807+00:00, run_after=2025-11-21T07:44:19.216807+00:00
[2025-11-21T10:44:19.273+0300] {processor.py:175} INFO - Processing /home/pker/airflow_env/lib/python3.7/site-packages/airflow/example_dags/example_latest_only_with_trigger.py took 0.425 seconds
[2025-11-21T10:45:09.094+0300] {processor.py:153} INFO - Started process (PID=30145) to work on /home/pker/airflow_env/lib/python3.7/site-packages/airflow/example_dags/example_latest_only_with_trigger.py
[2025-11-21T10:45:09.097+0300] {processor.py:743} INFO - Processing file /home/pker/airflow_env/lib/python3.7/site-packages/airflow/example_dags/example_latest_only_with_trigger.py for tasks to queue
[2025-11-21T10:45:09.099+0300] {logging_mixin.py:137} INFO - [2025-11-21T10:45:09.099+0300] {dagbag.py:532} INFO - Filling up the DagBag from /home/pker/airflow_env/lib/python3.7/site-packages/airflow/example_dags/example_latest_only_with_trigger.py
[2025-11-21T10:45:09.129+0300] {processor.py:753} INFO - DAG(s) dict_keys(['latest_only_with_trigger']) retrieved from /home/pker/airflow_env/lib/python3.7/site-packages/airflow/example_dags/example_latest_only_with_trigger.py
[2025-11-21T10:45:09.171+0300] {logging_mixin.py:137} INFO - [2025-11-21T10:45:09.170+0300] {dag.py:2705} INFO - Sync 1 DAGs
[2025-11-21T10:45:09.201+0300] {logging_mixin.py:137} INFO - [2025-11-21T10:45:09.201+0300] {dag.py:3456} INFO - Setting next_dagrun for latest_only_with_trigger to 2025-11-21T03:45:09.201180+00:00, run_after=2025-11-21T07:45:09.201180+00:00
[2025-11-21T10:45:09.268+0300] {processor.py:175} INFO - Processing /home/pker/airflow_env/lib/python3.7/site-packages/airflow/example_dags/example_latest_only_with_trigger.py took 0.184 seconds
[2025-11-21T10:45:57.665+0300] {processor.py:153} INFO - Started process (PID=30213) to work on /home/pker/airflow_env/lib/python3.7/site-packages/airflow/example_dags/example_latest_only_with_trigger.py
[2025-11-21T10:45:57.689+0300] {processor.py:743} INFO - Processing file /home/pker/airflow_env/lib/python3.7/site-packages/airflow/example_dags/example_latest_only_with_trigger.py for tasks to queue
[2025-11-21T10:45:57.691+0300] {logging_mixin.py:137} INFO - [2025-11-21T10:45:57.691+0300] {dagbag.py:532} INFO - Filling up the DagBag from /home/pker/airflow_env/lib/python3.7/site-packages/airflow/example_dags/example_latest_only_with_trigger.py
[2025-11-21T10:45:57.719+0300] {processor.py:753} INFO - DAG(s) dict_keys(['latest_only_with_trigger']) retrieved from /home/pker/airflow_env/lib/python3.7/site-packages/airflow/example_dags/example_latest_only_with_trigger.py
[2025-11-21T10:45:57.752+0300] {logging_mixin.py:137} INFO - [2025-11-21T10:45:57.751+0300] {dag.py:2705} INFO - Sync 1 DAGs
[2025-11-21T10:45:57.788+0300] {logging_mixin.py:137} INFO - [2025-11-21T10:45:57.786+0300] {dag.py:3456} INFO - Setting next_dagrun for latest_only_with_trigger to 2025-11-21T03:45:57.786636+00:00, run_after=2025-11-21T07:45:57.786636+00:00
[2025-11-21T10:45:57.851+0300] {processor.py:175} INFO - Processing /home/pker/airflow_env/lib/python3.7/site-packages/airflow/example_dags/example_latest_only_with_trigger.py took 0.191 seconds
[2025-11-21T10:46:46.368+0300] {processor.py:153} INFO - Started process (PID=30259) to work on /home/pker/airflow_env/lib/python3.7/site-packages/airflow/example_dags/example_latest_only_with_trigger.py
[2025-11-21T10:46:46.392+0300] {processor.py:743} INFO - Processing file /home/pker/airflow_env/lib/python3.7/site-packages/airflow/example_dags/example_latest_only_with_trigger.py for tasks to queue
[2025-11-21T10:46:46.394+0300] {logging_mixin.py:137} INFO - [2025-11-21T10:46:46.394+0300] {dagbag.py:532} INFO - Filling up the DagBag from /home/pker/airflow_env/lib/python3.7/site-packages/airflow/example_dags/example_latest_only_with_trigger.py
[2025-11-21T10:46:46.427+0300] {processor.py:753} INFO - DAG(s) dict_keys(['latest_only_with_trigger']) retrieved from /home/pker/airflow_env/lib/python3.7/site-packages/airflow/example_dags/example_latest_only_with_trigger.py
[2025-11-21T10:46:46.464+0300] {logging_mixin.py:137} INFO - [2025-11-21T10:46:46.464+0300] {dag.py:2705} INFO - Sync 1 DAGs
[2025-11-21T10:46:46.500+0300] {logging_mixin.py:137} INFO - [2025-11-21T10:46:46.500+0300] {dag.py:3456} INFO - Setting next_dagrun for latest_only_with_trigger to 2025-11-21T03:46:46.499986+00:00, run_after=2025-11-21T07:46:46.499986+00:00
[2025-11-21T10:46:46.570+0300] {processor.py:175} INFO - Processing /home/pker/airflow_env/lib/python3.7/site-packages/airflow/example_dags/example_latest_only_with_trigger.py took 0.208 seconds
[2025-11-21T10:47:33.542+0300] {processor.py:153} INFO - Started process (PID=30303) to work on /home/pker/airflow_env/lib/python3.7/site-packages/airflow/example_dags/example_latest_only_with_trigger.py
[2025-11-21T10:47:33.560+0300] {processor.py:743} INFO - Processing file /home/pker/airflow_env/lib/python3.7/site-packages/airflow/example_dags/example_latest_only_with_trigger.py for tasks to queue
[2025-11-21T10:47:33.561+0300] {logging_mixin.py:137} INFO - [2025-11-21T10:47:33.561+0300] {dagbag.py:532} INFO - Filling up the DagBag from /home/pker/airflow_env/lib/python3.7/site-packages/airflow/example_dags/example_latest_only_with_trigger.py
[2025-11-21T10:47:33.586+0300] {processor.py:753} INFO - DAG(s) dict_keys(['latest_only_with_trigger']) retrieved from /home/pker/airflow_env/lib/python3.7/site-packages/airflow/example_dags/example_latest_only_with_trigger.py
[2025-11-21T10:47:33.612+0300] {logging_mixin.py:137} INFO - [2025-11-21T10:47:33.611+0300] {dag.py:2705} INFO - Sync 1 DAGs
[2025-11-21T10:47:33.640+0300] {logging_mixin.py:137} INFO - [2025-11-21T10:47:33.640+0300] {dag.py:3456} INFO - Setting next_dagrun for latest_only_with_trigger to 2025-11-21T03:47:33.639845+00:00, run_after=2025-11-21T07:47:33.639845+00:00
[2025-11-21T10:47:33.674+0300] {processor.py:175} INFO - Processing /home/pker/airflow_env/lib/python3.7/site-packages/airflow/example_dags/example_latest_only_with_trigger.py took 0.141 seconds
[2025-11-21T10:48:20.877+0300] {processor.py:153} INFO - Started process (PID=30347) to work on /home/pker/airflow_env/lib/python3.7/site-packages/airflow/example_dags/example_latest_only_with_trigger.py
[2025-11-21T10:48:20.900+0300] {processor.py:743} INFO - Processing file /home/pker/airflow_env/lib/python3.7/site-packages/airflow/example_dags/example_latest_only_with_trigger.py for tasks to queue
[2025-11-21T10:48:20.903+0300] {logging_mixin.py:137} INFO - [2025-11-21T10:48:20.903+0300] {dagbag.py:532} INFO - Filling up the DagBag from /home/pker/airflow_env/lib/python3.7/site-packages/airflow/example_dags/example_latest_only_with_trigger.py
[2025-11-21T10:48:20.928+0300] {processor.py:753} INFO - DAG(s) dict_keys(['latest_only_with_trigger']) retrieved from /home/pker/airflow_env/lib/python3.7/site-packages/airflow/example_dags/example_latest_only_with_trigger.py
[2025-11-21T10:48:20.961+0300] {logging_mixin.py:137} INFO - [2025-11-21T10:48:20.961+0300] {dag.py:2705} INFO - Sync 1 DAGs
[2025-11-21T10:48:21.003+0300] {logging_mixin.py:137} INFO - [2025-11-21T10:48:21.003+0300] {dag.py:3456} INFO - Setting next_dagrun for latest_only_with_trigger to 2025-11-21T03:48:21.003086+00:00, run_after=2025-11-21T07:48:21.003086+00:00
[2025-11-21T10:48:21.063+0300] {processor.py:175} INFO - Processing /home/pker/airflow_env/lib/python3.7/site-packages/airflow/example_dags/example_latest_only_with_trigger.py took 0.192 seconds
[2025-11-21T10:49:07.113+0300] {processor.py:153} INFO - Started process (PID=30400) to work on /home/pker/airflow_env/lib/python3.7/site-packages/airflow/example_dags/example_latest_only_with_trigger.py
[2025-11-21T10:49:07.116+0300] {processor.py:743} INFO - Processing file /home/pker/airflow_env/lib/python3.7/site-packages/airflow/example_dags/example_latest_only_with_trigger.py for tasks to queue
[2025-11-21T10:49:07.118+0300] {logging_mixin.py:137} INFO - [2025-11-21T10:49:07.118+0300] {dagbag.py:532} INFO - Filling up the DagBag from /home/pker/airflow_env/lib/python3.7/site-packages/airflow/example_dags/example_latest_only_with_trigger.py
[2025-11-21T10:49:07.152+0300] {processor.py:753} INFO - DAG(s) dict_keys(['latest_only_with_trigger']) retrieved from /home/pker/airflow_env/lib/python3.7/site-packages/airflow/example_dags/example_latest_only_with_trigger.py
[2025-11-21T10:49:07.195+0300] {logging_mixin.py:137} INFO - [2025-11-21T10:49:07.194+0300] {dag.py:2705} INFO - Sync 1 DAGs
[2025-11-21T10:49:07.238+0300] {logging_mixin.py:137} INFO - [2025-11-21T10:49:07.237+0300] {dag.py:3456} INFO - Setting next_dagrun for latest_only_with_trigger to 2025-11-21T03:49:07.237484+00:00, run_after=2025-11-21T07:49:07.237484+00:00
[2025-11-21T10:49:07.270+0300] {processor.py:175} INFO - Processing /home/pker/airflow_env/lib/python3.7/site-packages/airflow/example_dags/example_latest_only_with_trigger.py took 0.164 seconds
[2025-11-21T10:49:57.207+0300] {processor.py:153} INFO - Started process (PID=30449) to work on /home/pker/airflow_env/lib/python3.7/site-packages/airflow/example_dags/example_latest_only_with_trigger.py
[2025-11-21T10:49:57.228+0300] {processor.py:743} INFO - Processing file /home/pker/airflow_env/lib/python3.7/site-packages/airflow/example_dags/example_latest_only_with_trigger.py for tasks to queue
[2025-11-21T10:49:57.229+0300] {logging_mixin.py:137} INFO - [2025-11-21T10:49:57.229+0300] {dagbag.py:532} INFO - Filling up the DagBag from /home/pker/airflow_env/lib/python3.7/site-packages/airflow/example_dags/example_latest_only_with_trigger.py
[2025-11-21T10:49:57.262+0300] {processor.py:753} INFO - DAG(s) dict_keys(['latest_only_with_trigger']) retrieved from /home/pker/airflow_env/lib/python3.7/site-packages/airflow/example_dags/example_latest_only_with_trigger.py
[2025-11-21T10:49:57.303+0300] {logging_mixin.py:137} INFO - [2025-11-21T10:49:57.303+0300] {dag.py:2705} INFO - Sync 1 DAGs
[2025-11-21T10:49:57.349+0300] {logging_mixin.py:137} INFO - [2025-11-21T10:49:57.349+0300] {dag.py:3456} INFO - Setting next_dagrun for latest_only_with_trigger to 2025-11-21T03:49:57.349180+00:00, run_after=2025-11-21T07:49:57.349180+00:00
[2025-11-21T10:49:57.419+0300] {processor.py:175} INFO - Processing /home/pker/airflow_env/lib/python3.7/site-packages/airflow/example_dags/example_latest_only_with_trigger.py took 0.220 seconds
[2025-11-21T10:50:43.233+0300] {processor.py:153} INFO - Started process (PID=30492) to work on /home/pker/airflow_env/lib/python3.7/site-packages/airflow/example_dags/example_latest_only_with_trigger.py
[2025-11-21T10:50:43.236+0300] {processor.py:743} INFO - Processing file /home/pker/airflow_env/lib/python3.7/site-packages/airflow/example_dags/example_latest_only_with_trigger.py for tasks to queue
[2025-11-21T10:50:43.238+0300] {logging_mixin.py:137} INFO - [2025-11-21T10:50:43.238+0300] {dagbag.py:532} INFO - Filling up the DagBag from /home/pker/airflow_env/lib/python3.7/site-packages/airflow/example_dags/example_latest_only_with_trigger.py
[2025-11-21T10:50:43.271+0300] {processor.py:753} INFO - DAG(s) dict_keys(['latest_only_with_trigger']) retrieved from /home/pker/airflow_env/lib/python3.7/site-packages/airflow/example_dags/example_latest_only_with_trigger.py
[2025-11-21T10:50:43.305+0300] {logging_mixin.py:137} INFO - [2025-11-21T10:50:43.305+0300] {dag.py:2705} INFO - Sync 1 DAGs
[2025-11-21T10:50:43.349+0300] {logging_mixin.py:137} INFO - [2025-11-21T10:50:43.348+0300] {dag.py:3456} INFO - Setting next_dagrun for latest_only_with_trigger to 2025-11-21T03:50:43.348308+00:00, run_after=2025-11-21T07:50:43.348308+00:00
[2025-11-21T10:50:43.388+0300] {processor.py:175} INFO - Processing /home/pker/airflow_env/lib/python3.7/site-packages/airflow/example_dags/example_latest_only_with_trigger.py took 0.167 seconds
[2025-11-21T10:51:28.533+0300] {processor.py:153} INFO - Started process (PID=30536) to work on /home/pker/airflow_env/lib/python3.7/site-packages/airflow/example_dags/example_latest_only_with_trigger.py
[2025-11-21T10:51:28.536+0300] {processor.py:743} INFO - Processing file /home/pker/airflow_env/lib/python3.7/site-packages/airflow/example_dags/example_latest_only_with_trigger.py for tasks to queue
[2025-11-21T10:51:28.537+0300] {logging_mixin.py:137} INFO - [2025-11-21T10:51:28.537+0300] {dagbag.py:532} INFO - Filling up the DagBag from /home/pker/airflow_env/lib/python3.7/site-packages/airflow/example_dags/example_latest_only_with_trigger.py
[2025-11-21T10:51:28.562+0300] {processor.py:753} INFO - DAG(s) dict_keys(['latest_only_with_trigger']) retrieved from /home/pker/airflow_env/lib/python3.7/site-packages/airflow/example_dags/example_latest_only_with_trigger.py
[2025-11-21T10:51:28.591+0300] {logging_mixin.py:137} INFO - [2025-11-21T10:51:28.591+0300] {dag.py:2705} INFO - Sync 1 DAGs
[2025-11-21T10:51:28.624+0300] {logging_mixin.py:137} INFO - [2025-11-21T10:51:28.624+0300] {dag.py:3456} INFO - Setting next_dagrun for latest_only_with_trigger to 2025-11-21T03:51:28.624229+00:00, run_after=2025-11-21T07:51:28.624229+00:00
[2025-11-21T10:51:28.663+0300] {processor.py:175} INFO - Processing /home/pker/airflow_env/lib/python3.7/site-packages/airflow/example_dags/example_latest_only_with_trigger.py took 0.135 seconds
[2025-11-21T10:52:15.343+0300] {processor.py:153} INFO - Started process (PID=30583) to work on /home/pker/airflow_env/lib/python3.7/site-packages/airflow/example_dags/example_latest_only_with_trigger.py
[2025-11-21T10:52:15.366+0300] {processor.py:743} INFO - Processing file /home/pker/airflow_env/lib/python3.7/site-packages/airflow/example_dags/example_latest_only_with_trigger.py for tasks to queue
[2025-11-21T10:52:15.367+0300] {logging_mixin.py:137} INFO - [2025-11-21T10:52:15.367+0300] {dagbag.py:532} INFO - Filling up the DagBag from /home/pker/airflow_env/lib/python3.7/site-packages/airflow/example_dags/example_latest_only_with_trigger.py
[2025-11-21T10:52:15.395+0300] {processor.py:753} INFO - DAG(s) dict_keys(['latest_only_with_trigger']) retrieved from /home/pker/airflow_env/lib/python3.7/site-packages/airflow/example_dags/example_latest_only_with_trigger.py
[2025-11-21T10:52:15.433+0300] {logging_mixin.py:137} INFO - [2025-11-21T10:52:15.432+0300] {dag.py:2705} INFO - Sync 1 DAGs
[2025-11-21T10:52:15.474+0300] {logging_mixin.py:137} INFO - [2025-11-21T10:52:15.473+0300] {dag.py:3456} INFO - Setting next_dagrun for latest_only_with_trigger to 2025-11-21T03:52:15.473371+00:00, run_after=2025-11-21T07:52:15.473371+00:00
[2025-11-21T10:52:15.544+0300] {processor.py:175} INFO - Processing /home/pker/airflow_env/lib/python3.7/site-packages/airflow/example_dags/example_latest_only_with_trigger.py took 0.208 seconds
[2025-11-21T10:53:00.637+0300] {processor.py:153} INFO - Started process (PID=30628) to work on /home/pker/airflow_env/lib/python3.7/site-packages/airflow/example_dags/example_latest_only_with_trigger.py
[2025-11-21T10:53:00.659+0300] {processor.py:743} INFO - Processing file /home/pker/airflow_env/lib/python3.7/site-packages/airflow/example_dags/example_latest_only_with_trigger.py for tasks to queue
[2025-11-21T10:53:00.662+0300] {logging_mixin.py:137} INFO - [2025-11-21T10:53:00.661+0300] {dagbag.py:532} INFO - Filling up the DagBag from /home/pker/airflow_env/lib/python3.7/site-packages/airflow/example_dags/example_latest_only_with_trigger.py
[2025-11-21T10:53:00.686+0300] {processor.py:753} INFO - DAG(s) dict_keys(['latest_only_with_trigger']) retrieved from /home/pker/airflow_env/lib/python3.7/site-packages/airflow/example_dags/example_latest_only_with_trigger.py
[2025-11-21T10:53:00.718+0300] {logging_mixin.py:137} INFO - [2025-11-21T10:53:00.718+0300] {dag.py:2705} INFO - Sync 1 DAGs
[2025-11-21T10:53:00.767+0300] {logging_mixin.py:137} INFO - [2025-11-21T10:53:00.767+0300] {dag.py:3456} INFO - Setting next_dagrun for latest_only_with_trigger to 2025-11-21T03:53:00.767351+00:00, run_after=2025-11-21T07:53:00.767351+00:00
[2025-11-21T10:53:00.834+0300] {processor.py:175} INFO - Processing /home/pker/airflow_env/lib/python3.7/site-packages/airflow/example_dags/example_latest_only_with_trigger.py took 0.201 seconds
[2025-11-21T10:53:49.416+0300] {processor.py:153} INFO - Started process (PID=30672) to work on /home/pker/airflow_env/lib/python3.7/site-packages/airflow/example_dags/example_latest_only_with_trigger.py
[2025-11-21T10:53:49.421+0300] {processor.py:743} INFO - Processing file /home/pker/airflow_env/lib/python3.7/site-packages/airflow/example_dags/example_latest_only_with_trigger.py for tasks to queue
[2025-11-21T10:53:49.422+0300] {logging_mixin.py:137} INFO - [2025-11-21T10:53:49.422+0300] {dagbag.py:532} INFO - Filling up the DagBag from /home/pker/airflow_env/lib/python3.7/site-packages/airflow/example_dags/example_latest_only_with_trigger.py
[2025-11-21T10:53:49.458+0300] {processor.py:753} INFO - DAG(s) dict_keys(['latest_only_with_trigger']) retrieved from /home/pker/airflow_env/lib/python3.7/site-packages/airflow/example_dags/example_latest_only_with_trigger.py
[2025-11-21T10:53:49.504+0300] {logging_mixin.py:137} INFO - [2025-11-21T10:53:49.504+0300] {dag.py:2705} INFO - Sync 1 DAGs
[2025-11-21T10:53:49.546+0300] {logging_mixin.py:137} INFO - [2025-11-21T10:53:49.546+0300] {dag.py:3456} INFO - Setting next_dagrun for latest_only_with_trigger to 2025-11-21T03:53:49.545801+00:00, run_after=2025-11-21T07:53:49.545801+00:00
[2025-11-21T10:53:49.610+0300] {processor.py:175} INFO - Processing /home/pker/airflow_env/lib/python3.7/site-packages/airflow/example_dags/example_latest_only_with_trigger.py took 0.199 seconds
[2025-11-21T10:54:37.465+0300] {processor.py:153} INFO - Started process (PID=30714) to work on /home/pker/airflow_env/lib/python3.7/site-packages/airflow/example_dags/example_latest_only_with_trigger.py
[2025-11-21T10:54:37.469+0300] {processor.py:743} INFO - Processing file /home/pker/airflow_env/lib/python3.7/site-packages/airflow/example_dags/example_latest_only_with_trigger.py for tasks to queue
[2025-11-21T10:54:37.471+0300] {logging_mixin.py:137} INFO - [2025-11-21T10:54:37.470+0300] {dagbag.py:532} INFO - Filling up the DagBag from /home/pker/airflow_env/lib/python3.7/site-packages/airflow/example_dags/example_latest_only_with_trigger.py
[2025-11-21T10:54:37.506+0300] {processor.py:753} INFO - DAG(s) dict_keys(['latest_only_with_trigger']) retrieved from /home/pker/airflow_env/lib/python3.7/site-packages/airflow/example_dags/example_latest_only_with_trigger.py
[2025-11-21T10:54:37.546+0300] {logging_mixin.py:137} INFO - [2025-11-21T10:54:37.546+0300] {dag.py:2705} INFO - Sync 1 DAGs
[2025-11-21T10:54:37.601+0300] {logging_mixin.py:137} INFO - [2025-11-21T10:54:37.600+0300] {dag.py:3456} INFO - Setting next_dagrun for latest_only_with_trigger to 2025-11-21T03:54:37.600421+00:00, run_after=2025-11-21T07:54:37.600421+00:00
[2025-11-21T10:54:37.666+0300] {processor.py:175} INFO - Processing /home/pker/airflow_env/lib/python3.7/site-packages/airflow/example_dags/example_latest_only_with_trigger.py took 0.210 seconds
[2025-11-21T10:55:25.273+0300] {processor.py:153} INFO - Started process (PID=30766) to work on /home/pker/airflow_env/lib/python3.7/site-packages/airflow/example_dags/example_latest_only_with_trigger.py
[2025-11-21T10:55:25.296+0300] {processor.py:743} INFO - Processing file /home/pker/airflow_env/lib/python3.7/site-packages/airflow/example_dags/example_latest_only_with_trigger.py for tasks to queue
[2025-11-21T10:55:25.298+0300] {logging_mixin.py:137} INFO - [2025-11-21T10:55:25.297+0300] {dagbag.py:532} INFO - Filling up the DagBag from /home/pker/airflow_env/lib/python3.7/site-packages/airflow/example_dags/example_latest_only_with_trigger.py
[2025-11-21T10:55:25.330+0300] {processor.py:753} INFO - DAG(s) dict_keys(['latest_only_with_trigger']) retrieved from /home/pker/airflow_env/lib/python3.7/site-packages/airflow/example_dags/example_latest_only_with_trigger.py
[2025-11-21T10:55:25.365+0300] {logging_mixin.py:137} INFO - [2025-11-21T10:55:25.364+0300] {dag.py:2705} INFO - Sync 1 DAGs
[2025-11-21T10:55:25.397+0300] {logging_mixin.py:137} INFO - [2025-11-21T10:55:25.397+0300] {dag.py:3456} INFO - Setting next_dagrun for latest_only_with_trigger to 2025-11-21T03:55:25.397079+00:00, run_after=2025-11-21T07:55:25.397079+00:00
[2025-11-21T10:55:25.429+0300] {processor.py:175} INFO - Processing /home/pker/airflow_env/lib/python3.7/site-packages/airflow/example_dags/example_latest_only_with_trigger.py took 0.163 seconds
[2025-11-21T10:56:13.200+0300] {processor.py:153} INFO - Started process (PID=30810) to work on /home/pker/airflow_env/lib/python3.7/site-packages/airflow/example_dags/example_latest_only_with_trigger.py
[2025-11-21T10:56:13.204+0300] {processor.py:743} INFO - Processing file /home/pker/airflow_env/lib/python3.7/site-packages/airflow/example_dags/example_latest_only_with_trigger.py for tasks to queue
[2025-11-21T10:56:13.205+0300] {logging_mixin.py:137} INFO - [2025-11-21T10:56:13.205+0300] {dagbag.py:532} INFO - Filling up the DagBag from /home/pker/airflow_env/lib/python3.7/site-packages/airflow/example_dags/example_latest_only_with_trigger.py
[2025-11-21T10:56:13.237+0300] {processor.py:753} INFO - DAG(s) dict_keys(['latest_only_with_trigger']) retrieved from /home/pker/airflow_env/lib/python3.7/site-packages/airflow/example_dags/example_latest_only_with_trigger.py
[2025-11-21T10:56:13.285+0300] {logging_mixin.py:137} INFO - [2025-11-21T10:56:13.284+0300] {dag.py:2705} INFO - Sync 1 DAGs
[2025-11-21T10:56:13.335+0300] {logging_mixin.py:137} INFO - [2025-11-21T10:56:13.335+0300] {dag.py:3456} INFO - Setting next_dagrun for latest_only_with_trigger to 2025-11-21T03:56:13.334675+00:00, run_after=2025-11-21T07:56:13.334675+00:00
[2025-11-21T10:56:13.404+0300] {processor.py:175} INFO - Processing /home/pker/airflow_env/lib/python3.7/site-packages/airflow/example_dags/example_latest_only_with_trigger.py took 0.217 seconds
[2025-11-21T10:57:01.657+0300] {processor.py:153} INFO - Started process (PID=30854) to work on /home/pker/airflow_env/lib/python3.7/site-packages/airflow/example_dags/example_latest_only_with_trigger.py
[2025-11-21T10:57:01.680+0300] {processor.py:743} INFO - Processing file /home/pker/airflow_env/lib/python3.7/site-packages/airflow/example_dags/example_latest_only_with_trigger.py for tasks to queue
[2025-11-21T10:57:01.682+0300] {logging_mixin.py:137} INFO - [2025-11-21T10:57:01.681+0300] {dagbag.py:532} INFO - Filling up the DagBag from /home/pker/airflow_env/lib/python3.7/site-packages/airflow/example_dags/example_latest_only_with_trigger.py
[2025-11-21T10:57:01.713+0300] {processor.py:753} INFO - DAG(s) dict_keys(['latest_only_with_trigger']) retrieved from /home/pker/airflow_env/lib/python3.7/site-packages/airflow/example_dags/example_latest_only_with_trigger.py
[2025-11-21T10:57:01.751+0300] {logging_mixin.py:137} INFO - [2025-11-21T10:57:01.751+0300] {dag.py:2705} INFO - Sync 1 DAGs
[2025-11-21T10:57:01.798+0300] {logging_mixin.py:137} INFO - [2025-11-21T10:57:01.798+0300] {dag.py:3456} INFO - Setting next_dagrun for latest_only_with_trigger to 2025-11-21T03:57:01.797692+00:00, run_after=2025-11-21T07:57:01.797692+00:00
[2025-11-21T10:57:01.867+0300] {processor.py:175} INFO - Processing /home/pker/airflow_env/lib/python3.7/site-packages/airflow/example_dags/example_latest_only_with_trigger.py took 0.215 seconds
[2025-11-21T10:57:51.712+0300] {processor.py:153} INFO - Started process (PID=30898) to work on /home/pker/airflow_env/lib/python3.7/site-packages/airflow/example_dags/example_latest_only_with_trigger.py
[2025-11-21T10:57:51.731+0300] {processor.py:743} INFO - Processing file /home/pker/airflow_env/lib/python3.7/site-packages/airflow/example_dags/example_latest_only_with_trigger.py for tasks to queue
[2025-11-21T10:57:51.733+0300] {logging_mixin.py:137} INFO - [2025-11-21T10:57:51.733+0300] {dagbag.py:532} INFO - Filling up the DagBag from /home/pker/airflow_env/lib/python3.7/site-packages/airflow/example_dags/example_latest_only_with_trigger.py
[2025-11-21T10:57:51.764+0300] {processor.py:753} INFO - DAG(s) dict_keys(['latest_only_with_trigger']) retrieved from /home/pker/airflow_env/lib/python3.7/site-packages/airflow/example_dags/example_latest_only_with_trigger.py
[2025-11-21T10:57:51.804+0300] {logging_mixin.py:137} INFO - [2025-11-21T10:57:51.804+0300] {dag.py:2705} INFO - Sync 1 DAGs
[2025-11-21T10:57:51.839+0300] {logging_mixin.py:137} INFO - [2025-11-21T10:57:51.839+0300] {dag.py:3456} INFO - Setting next_dagrun for latest_only_with_trigger to 2025-11-21T03:57:51.838767+00:00, run_after=2025-11-21T07:57:51.838767+00:00
[2025-11-21T10:57:51.908+0300] {processor.py:175} INFO - Processing /home/pker/airflow_env/lib/python3.7/site-packages/airflow/example_dags/example_latest_only_with_trigger.py took 0.203 seconds
[2025-11-21T10:58:40.386+0300] {processor.py:153} INFO - Started process (PID=30952) to work on /home/pker/airflow_env/lib/python3.7/site-packages/airflow/example_dags/example_latest_only_with_trigger.py
[2025-11-21T10:58:40.389+0300] {processor.py:743} INFO - Processing file /home/pker/airflow_env/lib/python3.7/site-packages/airflow/example_dags/example_latest_only_with_trigger.py for tasks to queue
[2025-11-21T10:58:40.390+0300] {logging_mixin.py:137} INFO - [2025-11-21T10:58:40.390+0300] {dagbag.py:532} INFO - Filling up the DagBag from /home/pker/airflow_env/lib/python3.7/site-packages/airflow/example_dags/example_latest_only_with_trigger.py
[2025-11-21T10:58:40.416+0300] {processor.py:753} INFO - DAG(s) dict_keys(['latest_only_with_trigger']) retrieved from /home/pker/airflow_env/lib/python3.7/site-packages/airflow/example_dags/example_latest_only_with_trigger.py
[2025-11-21T10:58:40.450+0300] {logging_mixin.py:137} INFO - [2025-11-21T10:58:40.450+0300] {dag.py:2705} INFO - Sync 1 DAGs
[2025-11-21T10:58:40.482+0300] {logging_mixin.py:137} INFO - [2025-11-21T10:58:40.482+0300] {dag.py:3456} INFO - Setting next_dagrun for latest_only_with_trigger to 2025-11-21T03:58:40.482029+00:00, run_after=2025-11-21T07:58:40.482029+00:00
[2025-11-21T10:58:40.557+0300] {processor.py:175} INFO - Processing /home/pker/airflow_env/lib/python3.7/site-packages/airflow/example_dags/example_latest_only_with_trigger.py took 0.178 seconds
[2025-11-21T10:59:26.873+0300] {processor.py:153} INFO - Started process (PID=31005) to work on /home/pker/airflow_env/lib/python3.7/site-packages/airflow/example_dags/example_latest_only_with_trigger.py
[2025-11-21T10:59:26.895+0300] {processor.py:743} INFO - Processing file /home/pker/airflow_env/lib/python3.7/site-packages/airflow/example_dags/example_latest_only_with_trigger.py for tasks to queue
[2025-11-21T10:59:26.897+0300] {logging_mixin.py:137} INFO - [2025-11-21T10:59:26.897+0300] {dagbag.py:532} INFO - Filling up the DagBag from /home/pker/airflow_env/lib/python3.7/site-packages/airflow/example_dags/example_latest_only_with_trigger.py
[2025-11-21T10:59:26.933+0300] {processor.py:753} INFO - DAG(s) dict_keys(['latest_only_with_trigger']) retrieved from /home/pker/airflow_env/lib/python3.7/site-packages/airflow/example_dags/example_latest_only_with_trigger.py
[2025-11-21T10:59:26.971+0300] {logging_mixin.py:137} INFO - [2025-11-21T10:59:26.970+0300] {dag.py:2705} INFO - Sync 1 DAGs
[2025-11-21T10:59:27.014+0300] {logging_mixin.py:137} INFO - [2025-11-21T10:59:27.014+0300] {dag.py:3456} INFO - Setting next_dagrun for latest_only_with_trigger to 2025-11-21T03:59:27.013291+00:00, run_after=2025-11-21T07:59:27.013291+00:00
[2025-11-21T10:59:27.072+0300] {processor.py:175} INFO - Processing /home/pker/airflow_env/lib/python3.7/site-packages/airflow/example_dags/example_latest_only_with_trigger.py took 0.205 seconds
[2025-11-21T11:00:15.735+0300] {processor.py:153} INFO - Started process (PID=31052) to work on /home/pker/airflow_env/lib/python3.7/site-packages/airflow/example_dags/example_latest_only_with_trigger.py
[2025-11-21T11:00:15.758+0300] {processor.py:743} INFO - Processing file /home/pker/airflow_env/lib/python3.7/site-packages/airflow/example_dags/example_latest_only_with_trigger.py for tasks to queue
[2025-11-21T11:00:15.760+0300] {logging_mixin.py:137} INFO - [2025-11-21T11:00:15.760+0300] {dagbag.py:532} INFO - Filling up the DagBag from /home/pker/airflow_env/lib/python3.7/site-packages/airflow/example_dags/example_latest_only_with_trigger.py
[2025-11-21T11:00:15.794+0300] {processor.py:753} INFO - DAG(s) dict_keys(['latest_only_with_trigger']) retrieved from /home/pker/airflow_env/lib/python3.7/site-packages/airflow/example_dags/example_latest_only_with_trigger.py
[2025-11-21T11:00:15.827+0300] {logging_mixin.py:137} INFO - [2025-11-21T11:00:15.827+0300] {dag.py:2705} INFO - Sync 1 DAGs
[2025-11-21T11:00:15.855+0300] {logging_mixin.py:137} INFO - [2025-11-21T11:00:15.855+0300] {dag.py:3456} INFO - Setting next_dagrun for latest_only_with_trigger to 2025-11-21T04:00:15.855100+00:00, run_after=2025-11-21T08:00:15.855100+00:00
[2025-11-21T11:00:15.888+0300] {processor.py:175} INFO - Processing /home/pker/airflow_env/lib/python3.7/site-packages/airflow/example_dags/example_latest_only_with_trigger.py took 0.159 seconds
[2025-11-21T11:01:07.688+0300] {processor.py:153} INFO - Started process (PID=31109) to work on /home/pker/airflow_env/lib/python3.7/site-packages/airflow/example_dags/example_latest_only_with_trigger.py
[2025-11-21T11:01:07.710+0300] {processor.py:743} INFO - Processing file /home/pker/airflow_env/lib/python3.7/site-packages/airflow/example_dags/example_latest_only_with_trigger.py for tasks to queue
[2025-11-21T11:01:07.712+0300] {logging_mixin.py:137} INFO - [2025-11-21T11:01:07.711+0300] {dagbag.py:532} INFO - Filling up the DagBag from /home/pker/airflow_env/lib/python3.7/site-packages/airflow/example_dags/example_latest_only_with_trigger.py
[2025-11-21T11:01:07.748+0300] {processor.py:753} INFO - DAG(s) dict_keys(['latest_only_with_trigger']) retrieved from /home/pker/airflow_env/lib/python3.7/site-packages/airflow/example_dags/example_latest_only_with_trigger.py
[2025-11-21T11:01:07.789+0300] {logging_mixin.py:137} INFO - [2025-11-21T11:01:07.789+0300] {dag.py:2705} INFO - Sync 1 DAGs
[2025-11-21T11:01:07.847+0300] {logging_mixin.py:137} INFO - [2025-11-21T11:01:07.847+0300] {dag.py:3456} INFO - Setting next_dagrun for latest_only_with_trigger to 2025-11-21T04:01:07.846398+00:00, run_after=2025-11-21T08:01:07.846398+00:00
[2025-11-21T11:01:07.905+0300] {processor.py:175} INFO - Processing /home/pker/airflow_env/lib/python3.7/site-packages/airflow/example_dags/example_latest_only_with_trigger.py took 0.225 seconds
[2025-11-21T11:01:57.750+0300] {processor.py:153} INFO - Started process (PID=31155) to work on /home/pker/airflow_env/lib/python3.7/site-packages/airflow/example_dags/example_latest_only_with_trigger.py
[2025-11-21T11:01:57.752+0300] {processor.py:743} INFO - Processing file /home/pker/airflow_env/lib/python3.7/site-packages/airflow/example_dags/example_latest_only_with_trigger.py for tasks to queue
[2025-11-21T11:01:57.754+0300] {logging_mixin.py:137} INFO - [2025-11-21T11:01:57.754+0300] {dagbag.py:532} INFO - Filling up the DagBag from /home/pker/airflow_env/lib/python3.7/site-packages/airflow/example_dags/example_latest_only_with_trigger.py
[2025-11-21T11:01:57.781+0300] {processor.py:753} INFO - DAG(s) dict_keys(['latest_only_with_trigger']) retrieved from /home/pker/airflow_env/lib/python3.7/site-packages/airflow/example_dags/example_latest_only_with_trigger.py
[2025-11-21T11:01:57.817+0300] {logging_mixin.py:137} INFO - [2025-11-21T11:01:57.817+0300] {dag.py:2705} INFO - Sync 1 DAGs
[2025-11-21T11:01:57.860+0300] {logging_mixin.py:137} INFO - [2025-11-21T11:01:57.860+0300] {dag.py:3456} INFO - Setting next_dagrun for latest_only_with_trigger to 2025-11-21T04:01:57.859972+00:00, run_after=2025-11-21T08:01:57.859972+00:00
[2025-11-21T11:01:57.929+0300] {processor.py:175} INFO - Processing /home/pker/airflow_env/lib/python3.7/site-packages/airflow/example_dags/example_latest_only_with_trigger.py took 0.185 seconds
[2025-11-21T11:02:42.346+0300] {processor.py:153} INFO - Started process (PID=31199) to work on /home/pker/airflow_env/lib/python3.7/site-packages/airflow/example_dags/example_latest_only_with_trigger.py
[2025-11-21T11:02:42.369+0300] {processor.py:743} INFO - Processing file /home/pker/airflow_env/lib/python3.7/site-packages/airflow/example_dags/example_latest_only_with_trigger.py for tasks to queue
[2025-11-21T11:02:42.371+0300] {logging_mixin.py:137} INFO - [2025-11-21T11:02:42.371+0300] {dagbag.py:532} INFO - Filling up the DagBag from /home/pker/airflow_env/lib/python3.7/site-packages/airflow/example_dags/example_latest_only_with_trigger.py
[2025-11-21T11:02:42.396+0300] {processor.py:753} INFO - DAG(s) dict_keys(['latest_only_with_trigger']) retrieved from /home/pker/airflow_env/lib/python3.7/site-packages/airflow/example_dags/example_latest_only_with_trigger.py
[2025-11-21T11:02:42.425+0300] {logging_mixin.py:137} INFO - [2025-11-21T11:02:42.425+0300] {dag.py:2705} INFO - Sync 1 DAGs
[2025-11-21T11:02:42.450+0300] {logging_mixin.py:137} INFO - [2025-11-21T11:02:42.450+0300] {dag.py:3456} INFO - Setting next_dagrun for latest_only_with_trigger to 2025-11-21T04:02:42.450456+00:00, run_after=2025-11-21T08:02:42.450456+00:00
[2025-11-21T11:02:42.480+0300] {processor.py:175} INFO - Processing /home/pker/airflow_env/lib/python3.7/site-packages/airflow/example_dags/example_latest_only_with_trigger.py took 0.139 seconds
[2025-11-21T11:03:31.024+0300] {processor.py:153} INFO - Started process (PID=31244) to work on /home/pker/airflow_env/lib/python3.7/site-packages/airflow/example_dags/example_latest_only_with_trigger.py
[2025-11-21T11:03:31.048+0300] {processor.py:743} INFO - Processing file /home/pker/airflow_env/lib/python3.7/site-packages/airflow/example_dags/example_latest_only_with_trigger.py for tasks to queue
[2025-11-21T11:03:31.052+0300] {logging_mixin.py:137} INFO - [2025-11-21T11:03:31.051+0300] {dagbag.py:532} INFO - Filling up the DagBag from /home/pker/airflow_env/lib/python3.7/site-packages/airflow/example_dags/example_latest_only_with_trigger.py
[2025-11-21T11:03:31.089+0300] {processor.py:753} INFO - DAG(s) dict_keys(['latest_only_with_trigger']) retrieved from /home/pker/airflow_env/lib/python3.7/site-packages/airflow/example_dags/example_latest_only_with_trigger.py
[2025-11-21T11:03:31.123+0300] {logging_mixin.py:137} INFO - [2025-11-21T11:03:31.123+0300] {dag.py:2705} INFO - Sync 1 DAGs
[2025-11-21T11:03:31.158+0300] {logging_mixin.py:137} INFO - [2025-11-21T11:03:31.158+0300] {dag.py:3456} INFO - Setting next_dagrun for latest_only_with_trigger to 2025-11-21T04:03:31.158309+00:00, run_after=2025-11-21T08:03:31.158309+00:00
[2025-11-21T11:03:31.232+0300] {processor.py:175} INFO - Processing /home/pker/airflow_env/lib/python3.7/site-packages/airflow/example_dags/example_latest_only_with_trigger.py took 0.217 seconds
[2025-11-21T11:04:16.629+0300] {processor.py:153} INFO - Started process (PID=31289) to work on /home/pker/airflow_env/lib/python3.7/site-packages/airflow/example_dags/example_latest_only_with_trigger.py
[2025-11-21T11:04:16.652+0300] {processor.py:743} INFO - Processing file /home/pker/airflow_env/lib/python3.7/site-packages/airflow/example_dags/example_latest_only_with_trigger.py for tasks to queue
[2025-11-21T11:04:16.654+0300] {logging_mixin.py:137} INFO - [2025-11-21T11:04:16.653+0300] {dagbag.py:532} INFO - Filling up the DagBag from /home/pker/airflow_env/lib/python3.7/site-packages/airflow/example_dags/example_latest_only_with_trigger.py
[2025-11-21T11:04:16.682+0300] {processor.py:753} INFO - DAG(s) dict_keys(['latest_only_with_trigger']) retrieved from /home/pker/airflow_env/lib/python3.7/site-packages/airflow/example_dags/example_latest_only_with_trigger.py
[2025-11-21T11:04:16.709+0300] {logging_mixin.py:137} INFO - [2025-11-21T11:04:16.709+0300] {dag.py:2705} INFO - Sync 1 DAGs
[2025-11-21T11:04:16.737+0300] {logging_mixin.py:137} INFO - [2025-11-21T11:04:16.737+0300] {dag.py:3456} INFO - Setting next_dagrun for latest_only_with_trigger to 2025-11-21T04:04:16.737034+00:00, run_after=2025-11-21T08:04:16.737034+00:00
[2025-11-21T11:04:16.770+0300] {processor.py:175} INFO - Processing /home/pker/airflow_env/lib/python3.7/site-packages/airflow/example_dags/example_latest_only_with_trigger.py took 0.148 seconds
[2025-11-21T11:05:06.680+0300] {processor.py:153} INFO - Started process (PID=31334) to work on /home/pker/airflow_env/lib/python3.7/site-packages/airflow/example_dags/example_latest_only_with_trigger.py
[2025-11-21T11:05:06.703+0300] {processor.py:743} INFO - Processing file /home/pker/airflow_env/lib/python3.7/site-packages/airflow/example_dags/example_latest_only_with_trigger.py for tasks to queue
[2025-11-21T11:05:06.705+0300] {logging_mixin.py:137} INFO - [2025-11-21T11:05:06.705+0300] {dagbag.py:532} INFO - Filling up the DagBag from /home/pker/airflow_env/lib/python3.7/site-packages/airflow/example_dags/example_latest_only_with_trigger.py
[2025-11-21T11:05:06.736+0300] {processor.py:753} INFO - DAG(s) dict_keys(['latest_only_with_trigger']) retrieved from /home/pker/airflow_env/lib/python3.7/site-packages/airflow/example_dags/example_latest_only_with_trigger.py
[2025-11-21T11:05:06.801+0300] {logging_mixin.py:137} INFO - [2025-11-21T11:05:06.800+0300] {dag.py:2705} INFO - Sync 1 DAGs
[2025-11-21T11:05:06.848+0300] {logging_mixin.py:137} INFO - [2025-11-21T11:05:06.848+0300] {dag.py:3456} INFO - Setting next_dagrun for latest_only_with_trigger to 2025-11-21T04:05:06.847872+00:00, run_after=2025-11-21T08:05:06.847872+00:00
[2025-11-21T11:05:06.904+0300] {processor.py:175} INFO - Processing /home/pker/airflow_env/lib/python3.7/site-packages/airflow/example_dags/example_latest_only_with_trigger.py took 0.237 seconds
[2025-11-21T11:05:54.627+0300] {processor.py:153} INFO - Started process (PID=31387) to work on /home/pker/airflow_env/lib/python3.7/site-packages/airflow/example_dags/example_latest_only_with_trigger.py
[2025-11-21T11:05:54.631+0300] {processor.py:743} INFO - Processing file /home/pker/airflow_env/lib/python3.7/site-packages/airflow/example_dags/example_latest_only_with_trigger.py for tasks to queue
[2025-11-21T11:05:54.632+0300] {logging_mixin.py:137} INFO - [2025-11-21T11:05:54.632+0300] {dagbag.py:532} INFO - Filling up the DagBag from /home/pker/airflow_env/lib/python3.7/site-packages/airflow/example_dags/example_latest_only_with_trigger.py
[2025-11-21T11:05:54.662+0300] {processor.py:753} INFO - DAG(s) dict_keys(['latest_only_with_trigger']) retrieved from /home/pker/airflow_env/lib/python3.7/site-packages/airflow/example_dags/example_latest_only_with_trigger.py
[2025-11-21T11:05:54.689+0300] {logging_mixin.py:137} INFO - [2025-11-21T11:05:54.689+0300] {dag.py:2705} INFO - Sync 1 DAGs
[2025-11-21T11:05:54.717+0300] {logging_mixin.py:137} INFO - [2025-11-21T11:05:54.717+0300] {dag.py:3456} INFO - Setting next_dagrun for latest_only_with_trigger to 2025-11-21T04:05:54.716941+00:00, run_after=2025-11-21T08:05:54.716941+00:00
[2025-11-21T11:05:54.751+0300] {processor.py:175} INFO - Processing /home/pker/airflow_env/lib/python3.7/site-packages/airflow/example_dags/example_latest_only_with_trigger.py took 0.132 seconds
[2025-11-21T11:06:44.163+0300] {processor.py:153} INFO - Started process (PID=31433) to work on /home/pker/airflow_env/lib/python3.7/site-packages/airflow/example_dags/example_latest_only_with_trigger.py
[2025-11-21T11:06:44.186+0300] {processor.py:743} INFO - Processing file /home/pker/airflow_env/lib/python3.7/site-packages/airflow/example_dags/example_latest_only_with_trigger.py for tasks to queue
[2025-11-21T11:06:44.187+0300] {logging_mixin.py:137} INFO - [2025-11-21T11:06:44.187+0300] {dagbag.py:532} INFO - Filling up the DagBag from /home/pker/airflow_env/lib/python3.7/site-packages/airflow/example_dags/example_latest_only_with_trigger.py
[2025-11-21T11:06:44.214+0300] {processor.py:753} INFO - DAG(s) dict_keys(['latest_only_with_trigger']) retrieved from /home/pker/airflow_env/lib/python3.7/site-packages/airflow/example_dags/example_latest_only_with_trigger.py
[2025-11-21T11:06:44.242+0300] {logging_mixin.py:137} INFO - [2025-11-21T11:06:44.242+0300] {dag.py:2705} INFO - Sync 1 DAGs
[2025-11-21T11:06:44.275+0300] {logging_mixin.py:137} INFO - [2025-11-21T11:06:44.275+0300] {dag.py:3456} INFO - Setting next_dagrun for latest_only_with_trigger to 2025-11-21T04:06:44.274839+00:00, run_after=2025-11-21T08:06:44.274839+00:00
[2025-11-21T11:06:44.309+0300] {processor.py:175} INFO - Processing /home/pker/airflow_env/lib/python3.7/site-packages/airflow/example_dags/example_latest_only_with_trigger.py took 0.153 seconds
[2025-11-21T11:07:31.179+0300] {processor.py:153} INFO - Started process (PID=31481) to work on /home/pker/airflow_env/lib/python3.7/site-packages/airflow/example_dags/example_latest_only_with_trigger.py
[2025-11-21T11:07:31.201+0300] {processor.py:743} INFO - Processing file /home/pker/airflow_env/lib/python3.7/site-packages/airflow/example_dags/example_latest_only_with_trigger.py for tasks to queue
[2025-11-21T11:07:31.203+0300] {logging_mixin.py:137} INFO - [2025-11-21T11:07:31.203+0300] {dagbag.py:532} INFO - Filling up the DagBag from /home/pker/airflow_env/lib/python3.7/site-packages/airflow/example_dags/example_latest_only_with_trigger.py
[2025-11-21T11:07:31.232+0300] {processor.py:753} INFO - DAG(s) dict_keys(['latest_only_with_trigger']) retrieved from /home/pker/airflow_env/lib/python3.7/site-packages/airflow/example_dags/example_latest_only_with_trigger.py
[2025-11-21T11:07:31.275+0300] {logging_mixin.py:137} INFO - [2025-11-21T11:07:31.275+0300] {dag.py:2705} INFO - Sync 1 DAGs
[2025-11-21T11:07:31.312+0300] {logging_mixin.py:137} INFO - [2025-11-21T11:07:31.311+0300] {dag.py:3456} INFO - Setting next_dagrun for latest_only_with_trigger to 2025-11-21T04:07:31.311508+00:00, run_after=2025-11-21T08:07:31.311508+00:00
[2025-11-21T11:07:31.345+0300] {processor.py:175} INFO - Processing /home/pker/airflow_env/lib/python3.7/site-packages/airflow/example_dags/example_latest_only_with_trigger.py took 0.175 seconds
[2025-11-21T11:08:18.865+0300] {processor.py:153} INFO - Started process (PID=31550) to work on /home/pker/airflow_env/lib/python3.7/site-packages/airflow/example_dags/example_latest_only_with_trigger.py
[2025-11-21T11:08:18.869+0300] {processor.py:743} INFO - Processing file /home/pker/airflow_env/lib/python3.7/site-packages/airflow/example_dags/example_latest_only_with_trigger.py for tasks to queue
[2025-11-21T11:08:18.871+0300] {logging_mixin.py:137} INFO - [2025-11-21T11:08:18.871+0300] {dagbag.py:532} INFO - Filling up the DagBag from /home/pker/airflow_env/lib/python3.7/site-packages/airflow/example_dags/example_latest_only_with_trigger.py
[2025-11-21T11:08:18.904+0300] {processor.py:753} INFO - DAG(s) dict_keys(['latest_only_with_trigger']) retrieved from /home/pker/airflow_env/lib/python3.7/site-packages/airflow/example_dags/example_latest_only_with_trigger.py
[2025-11-21T11:08:18.948+0300] {logging_mixin.py:137} INFO - [2025-11-21T11:08:18.948+0300] {dag.py:2705} INFO - Sync 1 DAGs
[2025-11-21T11:08:18.990+0300] {logging_mixin.py:137} INFO - [2025-11-21T11:08:18.990+0300] {dag.py:3456} INFO - Setting next_dagrun for latest_only_with_trigger to 2025-11-21T04:08:18.989937+00:00, run_after=2025-11-21T08:08:18.989937+00:00
[2025-11-21T11:08:19.053+0300] {processor.py:175} INFO - Processing /home/pker/airflow_env/lib/python3.7/site-packages/airflow/example_dags/example_latest_only_with_trigger.py took 0.200 seconds
