[2025-11-21T10:44:19.732+0300] {processor.py:153} INFO - Started process (PID=30102) to work on /home/pker/airflow_env/lib/python3.7/site-packages/airflow/example_dags/example_short_circuit_operator.py
[2025-11-21T10:44:19.734+0300] {processor.py:743} INFO - Processing file /home/pker/airflow_env/lib/python3.7/site-packages/airflow/example_dags/example_short_circuit_operator.py for tasks to queue
[2025-11-21T10:44:19.735+0300] {logging_mixin.py:137} INFO - [2025-11-21T10:44:19.734+0300] {dagbag.py:532} INFO - Filling up the DagBag from /home/pker/airflow_env/lib/python3.7/site-packages/airflow/example_dags/example_short_circuit_operator.py
[2025-11-21T10:44:19.770+0300] {processor.py:753} INFO - DAG(s) dict_keys(['example_short_circuit_operator']) retrieved from /home/pker/airflow_env/lib/python3.7/site-packages/airflow/example_dags/example_short_circuit_operator.py
[2025-11-21T10:44:19.959+0300] {logging_mixin.py:137} INFO - [2025-11-21T10:44:19.958+0300] {manager.py:504} INFO - Created Permission View: can delete on DAG:example_short_circuit_operator
[2025-11-21T10:44:19.977+0300] {logging_mixin.py:137} INFO - [2025-11-21T10:44:19.977+0300] {manager.py:504} INFO - Created Permission View: can read on DAG:example_short_circuit_operator
[2025-11-21T10:44:19.992+0300] {logging_mixin.py:137} INFO - [2025-11-21T10:44:19.991+0300] {manager.py:504} INFO - Created Permission View: can edit on DAG:example_short_circuit_operator
[2025-11-21T10:44:19.992+0300] {logging_mixin.py:137} INFO - [2025-11-21T10:44:19.992+0300] {dag.py:2705} INFO - Sync 1 DAGs
[2025-11-21T10:44:20.011+0300] {logging_mixin.py:137} INFO - [2025-11-21T10:44:20.011+0300] {dag.py:2726} INFO - Creating ORM DAG for example_short_circuit_operator
[2025-11-21T10:44:20.034+0300] {logging_mixin.py:137} INFO - [2025-11-21T10:44:20.034+0300] {dag.py:3456} INFO - Setting next_dagrun for example_short_circuit_operator to 2025-11-20T07:44:20.034247+00:00, run_after=2025-11-21T07:44:20.034247+00:00
[2025-11-21T10:44:20.066+0300] {processor.py:175} INFO - Processing /home/pker/airflow_env/lib/python3.7/site-packages/airflow/example_dags/example_short_circuit_operator.py took 0.345 seconds
[2025-11-21T10:45:10.412+0300] {processor.py:153} INFO - Started process (PID=30146) to work on /home/pker/airflow_env/lib/python3.7/site-packages/airflow/example_dags/example_short_circuit_operator.py
[2025-11-21T10:45:10.434+0300] {processor.py:743} INFO - Processing file /home/pker/airflow_env/lib/python3.7/site-packages/airflow/example_dags/example_short_circuit_operator.py for tasks to queue
[2025-11-21T10:45:10.436+0300] {logging_mixin.py:137} INFO - [2025-11-21T10:45:10.435+0300] {dagbag.py:532} INFO - Filling up the DagBag from /home/pker/airflow_env/lib/python3.7/site-packages/airflow/example_dags/example_short_circuit_operator.py
[2025-11-21T10:45:10.475+0300] {processor.py:753} INFO - DAG(s) dict_keys(['example_short_circuit_operator']) retrieved from /home/pker/airflow_env/lib/python3.7/site-packages/airflow/example_dags/example_short_circuit_operator.py
[2025-11-21T10:45:10.526+0300] {logging_mixin.py:137} INFO - [2025-11-21T10:45:10.526+0300] {dag.py:2705} INFO - Sync 1 DAGs
[2025-11-21T10:45:10.566+0300] {logging_mixin.py:137} INFO - [2025-11-21T10:45:10.566+0300] {dag.py:3456} INFO - Setting next_dagrun for example_short_circuit_operator to 2025-11-20T07:45:10.566228+00:00, run_after=2025-11-21T07:45:10.566228+00:00
[2025-11-21T10:45:10.630+0300] {processor.py:175} INFO - Processing /home/pker/airflow_env/lib/python3.7/site-packages/airflow/example_dags/example_short_circuit_operator.py took 0.224 seconds
[2025-11-21T10:45:58.973+0300] {processor.py:153} INFO - Started process (PID=30214) to work on /home/pker/airflow_env/lib/python3.7/site-packages/airflow/example_dags/example_short_circuit_operator.py
[2025-11-21T10:45:58.979+0300] {processor.py:743} INFO - Processing file /home/pker/airflow_env/lib/python3.7/site-packages/airflow/example_dags/example_short_circuit_operator.py for tasks to queue
[2025-11-21T10:45:58.981+0300] {logging_mixin.py:137} INFO - [2025-11-21T10:45:58.981+0300] {dagbag.py:532} INFO - Filling up the DagBag from /home/pker/airflow_env/lib/python3.7/site-packages/airflow/example_dags/example_short_circuit_operator.py
[2025-11-21T10:45:59.013+0300] {processor.py:753} INFO - DAG(s) dict_keys(['example_short_circuit_operator']) retrieved from /home/pker/airflow_env/lib/python3.7/site-packages/airflow/example_dags/example_short_circuit_operator.py
[2025-11-21T10:45:59.043+0300] {logging_mixin.py:137} INFO - [2025-11-21T10:45:59.043+0300] {dag.py:2705} INFO - Sync 1 DAGs
[2025-11-21T10:45:59.069+0300] {logging_mixin.py:137} INFO - [2025-11-21T10:45:59.069+0300] {dag.py:3456} INFO - Setting next_dagrun for example_short_circuit_operator to 2025-11-20T07:45:59.068821+00:00, run_after=2025-11-21T07:45:59.068821+00:00
[2025-11-21T10:45:59.100+0300] {processor.py:175} INFO - Processing /home/pker/airflow_env/lib/python3.7/site-packages/airflow/example_dags/example_short_circuit_operator.py took 0.133 seconds
[2025-11-21T10:46:47.346+0300] {processor.py:153} INFO - Started process (PID=30262) to work on /home/pker/airflow_env/lib/python3.7/site-packages/airflow/example_dags/example_short_circuit_operator.py
[2025-11-21T10:46:47.349+0300] {processor.py:743} INFO - Processing file /home/pker/airflow_env/lib/python3.7/site-packages/airflow/example_dags/example_short_circuit_operator.py for tasks to queue
[2025-11-21T10:46:47.354+0300] {logging_mixin.py:137} INFO - [2025-11-21T10:46:47.353+0300] {dagbag.py:532} INFO - Filling up the DagBag from /home/pker/airflow_env/lib/python3.7/site-packages/airflow/example_dags/example_short_circuit_operator.py
[2025-11-21T10:46:47.384+0300] {processor.py:753} INFO - DAG(s) dict_keys(['example_short_circuit_operator']) retrieved from /home/pker/airflow_env/lib/python3.7/site-packages/airflow/example_dags/example_short_circuit_operator.py
[2025-11-21T10:46:47.420+0300] {logging_mixin.py:137} INFO - [2025-11-21T10:46:47.420+0300] {dag.py:2705} INFO - Sync 1 DAGs
[2025-11-21T10:46:47.449+0300] {logging_mixin.py:137} INFO - [2025-11-21T10:46:47.449+0300] {dag.py:3456} INFO - Setting next_dagrun for example_short_circuit_operator to 2025-11-20T07:46:47.448793+00:00, run_after=2025-11-21T07:46:47.448793+00:00
[2025-11-21T10:46:47.494+0300] {processor.py:175} INFO - Processing /home/pker/airflow_env/lib/python3.7/site-packages/airflow/example_dags/example_short_circuit_operator.py took 0.154 seconds
[2025-11-21T10:47:34.896+0300] {processor.py:153} INFO - Started process (PID=30304) to work on /home/pker/airflow_env/lib/python3.7/site-packages/airflow/example_dags/example_short_circuit_operator.py
[2025-11-21T10:47:34.918+0300] {processor.py:743} INFO - Processing file /home/pker/airflow_env/lib/python3.7/site-packages/airflow/example_dags/example_short_circuit_operator.py for tasks to queue
[2025-11-21T10:47:34.920+0300] {logging_mixin.py:137} INFO - [2025-11-21T10:47:34.920+0300] {dagbag.py:532} INFO - Filling up the DagBag from /home/pker/airflow_env/lib/python3.7/site-packages/airflow/example_dags/example_short_circuit_operator.py
[2025-11-21T10:47:34.948+0300] {processor.py:753} INFO - DAG(s) dict_keys(['example_short_circuit_operator']) retrieved from /home/pker/airflow_env/lib/python3.7/site-packages/airflow/example_dags/example_short_circuit_operator.py
[2025-11-21T10:47:34.991+0300] {logging_mixin.py:137} INFO - [2025-11-21T10:47:34.991+0300] {dag.py:2705} INFO - Sync 1 DAGs
[2025-11-21T10:47:35.043+0300] {logging_mixin.py:137} INFO - [2025-11-21T10:47:35.043+0300] {dag.py:3456} INFO - Setting next_dagrun for example_short_circuit_operator to 2025-11-20T07:47:35.042926+00:00, run_after=2025-11-21T07:47:35.042926+00:00
[2025-11-21T10:47:35.105+0300] {processor.py:175} INFO - Processing /home/pker/airflow_env/lib/python3.7/site-packages/airflow/example_dags/example_short_circuit_operator.py took 0.213 seconds
[2025-11-21T10:48:22.200+0300] {processor.py:153} INFO - Started process (PID=30348) to work on /home/pker/airflow_env/lib/python3.7/site-packages/airflow/example_dags/example_short_circuit_operator.py
[2025-11-21T10:48:22.203+0300] {processor.py:743} INFO - Processing file /home/pker/airflow_env/lib/python3.7/site-packages/airflow/example_dags/example_short_circuit_operator.py for tasks to queue
[2025-11-21T10:48:22.204+0300] {logging_mixin.py:137} INFO - [2025-11-21T10:48:22.204+0300] {dagbag.py:532} INFO - Filling up the DagBag from /home/pker/airflow_env/lib/python3.7/site-packages/airflow/example_dags/example_short_circuit_operator.py
[2025-11-21T10:48:22.235+0300] {processor.py:753} INFO - DAG(s) dict_keys(['example_short_circuit_operator']) retrieved from /home/pker/airflow_env/lib/python3.7/site-packages/airflow/example_dags/example_short_circuit_operator.py
[2025-11-21T10:48:22.284+0300] {logging_mixin.py:137} INFO - [2025-11-21T10:48:22.284+0300] {dag.py:2705} INFO - Sync 1 DAGs
[2025-11-21T10:48:22.324+0300] {logging_mixin.py:137} INFO - [2025-11-21T10:48:22.324+0300] {dag.py:3456} INFO - Setting next_dagrun for example_short_circuit_operator to 2025-11-20T07:48:22.324334+00:00, run_after=2025-11-21T07:48:22.324334+00:00
[2025-11-21T10:48:22.362+0300] {processor.py:175} INFO - Processing /home/pker/airflow_env/lib/python3.7/site-packages/airflow/example_dags/example_short_circuit_operator.py took 0.167 seconds
[2025-11-21T10:49:08.414+0300] {processor.py:153} INFO - Started process (PID=30401) to work on /home/pker/airflow_env/lib/python3.7/site-packages/airflow/example_dags/example_short_circuit_operator.py
[2025-11-21T10:49:08.415+0300] {processor.py:743} INFO - Processing file /home/pker/airflow_env/lib/python3.7/site-packages/airflow/example_dags/example_short_circuit_operator.py for tasks to queue
[2025-11-21T10:49:08.415+0300] {logging_mixin.py:137} INFO - [2025-11-21T10:49:08.415+0300] {dagbag.py:532} INFO - Filling up the DagBag from /home/pker/airflow_env/lib/python3.7/site-packages/airflow/example_dags/example_short_circuit_operator.py
[2025-11-21T10:49:08.436+0300] {processor.py:753} INFO - DAG(s) dict_keys(['example_short_circuit_operator']) retrieved from /home/pker/airflow_env/lib/python3.7/site-packages/airflow/example_dags/example_short_circuit_operator.py
[2025-11-21T10:49:08.469+0300] {logging_mixin.py:137} INFO - [2025-11-21T10:49:08.469+0300] {dag.py:2705} INFO - Sync 1 DAGs
[2025-11-21T10:49:08.502+0300] {logging_mixin.py:137} INFO - [2025-11-21T10:49:08.502+0300] {dag.py:3456} INFO - Setting next_dagrun for example_short_circuit_operator to 2025-11-20T07:49:08.501936+00:00, run_after=2025-11-21T07:49:08.501936+00:00
[2025-11-21T10:49:08.537+0300] {processor.py:175} INFO - Processing /home/pker/airflow_env/lib/python3.7/site-packages/airflow/example_dags/example_short_circuit_operator.py took 0.129 seconds
[2025-11-21T10:49:58.619+0300] {processor.py:153} INFO - Started process (PID=30450) to work on /home/pker/airflow_env/lib/python3.7/site-packages/airflow/example_dags/example_short_circuit_operator.py
[2025-11-21T10:49:58.621+0300] {processor.py:743} INFO - Processing file /home/pker/airflow_env/lib/python3.7/site-packages/airflow/example_dags/example_short_circuit_operator.py for tasks to queue
[2025-11-21T10:49:58.623+0300] {logging_mixin.py:137} INFO - [2025-11-21T10:49:58.622+0300] {dagbag.py:532} INFO - Filling up the DagBag from /home/pker/airflow_env/lib/python3.7/site-packages/airflow/example_dags/example_short_circuit_operator.py
[2025-11-21T10:49:58.654+0300] {processor.py:753} INFO - DAG(s) dict_keys(['example_short_circuit_operator']) retrieved from /home/pker/airflow_env/lib/python3.7/site-packages/airflow/example_dags/example_short_circuit_operator.py
[2025-11-21T10:49:58.688+0300] {logging_mixin.py:137} INFO - [2025-11-21T10:49:58.688+0300] {dag.py:2705} INFO - Sync 1 DAGs
[2025-11-21T10:49:58.718+0300] {logging_mixin.py:137} INFO - [2025-11-21T10:49:58.718+0300] {dag.py:3456} INFO - Setting next_dagrun for example_short_circuit_operator to 2025-11-20T07:49:58.717785+00:00, run_after=2025-11-21T07:49:58.717785+00:00
[2025-11-21T10:49:58.755+0300] {processor.py:175} INFO - Processing /home/pker/airflow_env/lib/python3.7/site-packages/airflow/example_dags/example_short_circuit_operator.py took 0.143 seconds
[2025-11-21T10:50:43.874+0300] {processor.py:153} INFO - Started process (PID=30493) to work on /home/pker/airflow_env/lib/python3.7/site-packages/airflow/example_dags/example_short_circuit_operator.py
[2025-11-21T10:50:43.895+0300] {processor.py:743} INFO - Processing file /home/pker/airflow_env/lib/python3.7/site-packages/airflow/example_dags/example_short_circuit_operator.py for tasks to queue
[2025-11-21T10:50:43.897+0300] {logging_mixin.py:137} INFO - [2025-11-21T10:50:43.896+0300] {dagbag.py:532} INFO - Filling up the DagBag from /home/pker/airflow_env/lib/python3.7/site-packages/airflow/example_dags/example_short_circuit_operator.py
[2025-11-21T10:50:43.928+0300] {processor.py:753} INFO - DAG(s) dict_keys(['example_short_circuit_operator']) retrieved from /home/pker/airflow_env/lib/python3.7/site-packages/airflow/example_dags/example_short_circuit_operator.py
[2025-11-21T10:50:43.961+0300] {logging_mixin.py:137} INFO - [2025-11-21T10:50:43.961+0300] {dag.py:2705} INFO - Sync 1 DAGs
[2025-11-21T10:50:44.002+0300] {logging_mixin.py:137} INFO - [2025-11-21T10:50:44.001+0300] {dag.py:3456} INFO - Setting next_dagrun for example_short_circuit_operator to 2025-11-20T07:50:44.001333+00:00, run_after=2025-11-21T07:50:44.001333+00:00
[2025-11-21T10:50:44.066+0300] {processor.py:175} INFO - Processing /home/pker/airflow_env/lib/python3.7/site-packages/airflow/example_dags/example_short_circuit_operator.py took 0.199 seconds
[2025-11-21T10:51:29.816+0300] {processor.py:153} INFO - Started process (PID=30537) to work on /home/pker/airflow_env/lib/python3.7/site-packages/airflow/example_dags/example_short_circuit_operator.py
[2025-11-21T10:51:29.839+0300] {processor.py:743} INFO - Processing file /home/pker/airflow_env/lib/python3.7/site-packages/airflow/example_dags/example_short_circuit_operator.py for tasks to queue
[2025-11-21T10:51:29.841+0300] {logging_mixin.py:137} INFO - [2025-11-21T10:51:29.841+0300] {dagbag.py:532} INFO - Filling up the DagBag from /home/pker/airflow_env/lib/python3.7/site-packages/airflow/example_dags/example_short_circuit_operator.py
[2025-11-21T10:51:29.873+0300] {processor.py:753} INFO - DAG(s) dict_keys(['example_short_circuit_operator']) retrieved from /home/pker/airflow_env/lib/python3.7/site-packages/airflow/example_dags/example_short_circuit_operator.py
[2025-11-21T10:51:29.927+0300] {logging_mixin.py:137} INFO - [2025-11-21T10:51:29.927+0300] {dag.py:2705} INFO - Sync 1 DAGs
[2025-11-21T10:51:29.986+0300] {logging_mixin.py:137} INFO - [2025-11-21T10:51:29.986+0300] {dag.py:3456} INFO - Setting next_dagrun for example_short_circuit_operator to 2025-11-20T07:51:29.986003+00:00, run_after=2025-11-21T07:51:29.986003+00:00
[2025-11-21T10:51:30.027+0300] {processor.py:175} INFO - Processing /home/pker/airflow_env/lib/python3.7/site-packages/airflow/example_dags/example_short_circuit_operator.py took 0.217 seconds
[2025-11-21T10:52:15.728+0300] {processor.py:153} INFO - Started process (PID=30584) to work on /home/pker/airflow_env/lib/python3.7/site-packages/airflow/example_dags/example_short_circuit_operator.py
[2025-11-21T10:52:15.752+0300] {processor.py:743} INFO - Processing file /home/pker/airflow_env/lib/python3.7/site-packages/airflow/example_dags/example_short_circuit_operator.py for tasks to queue
[2025-11-21T10:52:15.755+0300] {logging_mixin.py:137} INFO - [2025-11-21T10:52:15.754+0300] {dagbag.py:532} INFO - Filling up the DagBag from /home/pker/airflow_env/lib/python3.7/site-packages/airflow/example_dags/example_short_circuit_operator.py
[2025-11-21T10:52:15.789+0300] {processor.py:753} INFO - DAG(s) dict_keys(['example_short_circuit_operator']) retrieved from /home/pker/airflow_env/lib/python3.7/site-packages/airflow/example_dags/example_short_circuit_operator.py
[2025-11-21T10:52:15.821+0300] {logging_mixin.py:137} INFO - [2025-11-21T10:52:15.820+0300] {dag.py:2705} INFO - Sync 1 DAGs
[2025-11-21T10:52:15.850+0300] {logging_mixin.py:137} INFO - [2025-11-21T10:52:15.850+0300] {dag.py:3456} INFO - Setting next_dagrun for example_short_circuit_operator to 2025-11-20T07:52:15.850116+00:00, run_after=2025-11-21T07:52:15.850116+00:00
[2025-11-21T10:52:15.882+0300] {processor.py:175} INFO - Processing /home/pker/airflow_env/lib/python3.7/site-packages/airflow/example_dags/example_short_circuit_operator.py took 0.162 seconds
[2025-11-21T10:53:01.864+0300] {processor.py:153} INFO - Started process (PID=30629) to work on /home/pker/airflow_env/lib/python3.7/site-packages/airflow/example_dags/example_short_circuit_operator.py
[2025-11-21T10:53:01.886+0300] {processor.py:743} INFO - Processing file /home/pker/airflow_env/lib/python3.7/site-packages/airflow/example_dags/example_short_circuit_operator.py for tasks to queue
[2025-11-21T10:53:01.887+0300] {logging_mixin.py:137} INFO - [2025-11-21T10:53:01.887+0300] {dagbag.py:532} INFO - Filling up the DagBag from /home/pker/airflow_env/lib/python3.7/site-packages/airflow/example_dags/example_short_circuit_operator.py
[2025-11-21T10:53:01.919+0300] {processor.py:753} INFO - DAG(s) dict_keys(['example_short_circuit_operator']) retrieved from /home/pker/airflow_env/lib/python3.7/site-packages/airflow/example_dags/example_short_circuit_operator.py
[2025-11-21T10:53:01.969+0300] {logging_mixin.py:137} INFO - [2025-11-21T10:53:01.969+0300] {dag.py:2705} INFO - Sync 1 DAGs
[2025-11-21T10:53:02.004+0300] {logging_mixin.py:137} INFO - [2025-11-21T10:53:02.003+0300] {dag.py:3456} INFO - Setting next_dagrun for example_short_circuit_operator to 2025-11-20T07:53:02.003688+00:00, run_after=2025-11-21T07:53:02.003688+00:00
[2025-11-21T10:53:02.059+0300] {processor.py:175} INFO - Processing /home/pker/airflow_env/lib/python3.7/site-packages/airflow/example_dags/example_short_circuit_operator.py took 0.203 seconds
[2025-11-21T10:53:50.710+0300] {processor.py:153} INFO - Started process (PID=30673) to work on /home/pker/airflow_env/lib/python3.7/site-packages/airflow/example_dags/example_short_circuit_operator.py
[2025-11-21T10:53:50.733+0300] {processor.py:743} INFO - Processing file /home/pker/airflow_env/lib/python3.7/site-packages/airflow/example_dags/example_short_circuit_operator.py for tasks to queue
[2025-11-21T10:53:50.736+0300] {logging_mixin.py:137} INFO - [2025-11-21T10:53:50.735+0300] {dagbag.py:532} INFO - Filling up the DagBag from /home/pker/airflow_env/lib/python3.7/site-packages/airflow/example_dags/example_short_circuit_operator.py
[2025-11-21T10:53:50.770+0300] {processor.py:753} INFO - DAG(s) dict_keys(['example_short_circuit_operator']) retrieved from /home/pker/airflow_env/lib/python3.7/site-packages/airflow/example_dags/example_short_circuit_operator.py
[2025-11-21T10:53:50.807+0300] {logging_mixin.py:137} INFO - [2025-11-21T10:53:50.806+0300] {dag.py:2705} INFO - Sync 1 DAGs
[2025-11-21T10:53:50.853+0300] {logging_mixin.py:137} INFO - [2025-11-21T10:53:50.852+0300] {dag.py:3456} INFO - Setting next_dagrun for example_short_circuit_operator to 2025-11-20T07:53:50.851550+00:00, run_after=2025-11-21T07:53:50.851550+00:00
[2025-11-21T10:53:50.923+0300] {processor.py:175} INFO - Processing /home/pker/airflow_env/lib/python3.7/site-packages/airflow/example_dags/example_short_circuit_operator.py took 0.220 seconds
[2025-11-21T10:54:38.853+0300] {processor.py:153} INFO - Started process (PID=30715) to work on /home/pker/airflow_env/lib/python3.7/site-packages/airflow/example_dags/example_short_circuit_operator.py
[2025-11-21T10:54:38.862+0300] {processor.py:743} INFO - Processing file /home/pker/airflow_env/lib/python3.7/site-packages/airflow/example_dags/example_short_circuit_operator.py for tasks to queue
[2025-11-21T10:54:38.865+0300] {logging_mixin.py:137} INFO - [2025-11-21T10:54:38.864+0300] {dagbag.py:532} INFO - Filling up the DagBag from /home/pker/airflow_env/lib/python3.7/site-packages/airflow/example_dags/example_short_circuit_operator.py
[2025-11-21T10:54:38.904+0300] {processor.py:753} INFO - DAG(s) dict_keys(['example_short_circuit_operator']) retrieved from /home/pker/airflow_env/lib/python3.7/site-packages/airflow/example_dags/example_short_circuit_operator.py
[2025-11-21T10:54:38.942+0300] {logging_mixin.py:137} INFO - [2025-11-21T10:54:38.942+0300] {dag.py:2705} INFO - Sync 1 DAGs
[2025-11-21T10:54:38.973+0300] {logging_mixin.py:137} INFO - [2025-11-21T10:54:38.972+0300] {dag.py:3456} INFO - Setting next_dagrun for example_short_circuit_operator to 2025-11-20T07:54:38.972506+00:00, run_after=2025-11-21T07:54:38.972506+00:00
[2025-11-21T10:54:39.038+0300] {processor.py:175} INFO - Processing /home/pker/airflow_env/lib/python3.7/site-packages/airflow/example_dags/example_short_circuit_operator.py took 0.193 seconds
[2025-11-21T10:55:25.975+0300] {processor.py:153} INFO - Started process (PID=30767) to work on /home/pker/airflow_env/lib/python3.7/site-packages/airflow/example_dags/example_short_circuit_operator.py
[2025-11-21T10:55:25.978+0300] {processor.py:743} INFO - Processing file /home/pker/airflow_env/lib/python3.7/site-packages/airflow/example_dags/example_short_circuit_operator.py for tasks to queue
[2025-11-21T10:55:25.979+0300] {logging_mixin.py:137} INFO - [2025-11-21T10:55:25.979+0300] {dagbag.py:532} INFO - Filling up the DagBag from /home/pker/airflow_env/lib/python3.7/site-packages/airflow/example_dags/example_short_circuit_operator.py
[2025-11-21T10:55:26.003+0300] {processor.py:753} INFO - DAG(s) dict_keys(['example_short_circuit_operator']) retrieved from /home/pker/airflow_env/lib/python3.7/site-packages/airflow/example_dags/example_short_circuit_operator.py
[2025-11-21T10:55:26.037+0300] {logging_mixin.py:137} INFO - [2025-11-21T10:55:26.037+0300] {dag.py:2705} INFO - Sync 1 DAGs
[2025-11-21T10:55:26.073+0300] {logging_mixin.py:137} INFO - [2025-11-21T10:55:26.073+0300] {dag.py:3456} INFO - Setting next_dagrun for example_short_circuit_operator to 2025-11-20T07:55:26.072637+00:00, run_after=2025-11-21T07:55:26.072637+00:00
[2025-11-21T10:55:26.123+0300] {processor.py:175} INFO - Processing /home/pker/airflow_env/lib/python3.7/site-packages/airflow/example_dags/example_short_circuit_operator.py took 0.151 seconds
[2025-11-21T10:56:14.648+0300] {processor.py:153} INFO - Started process (PID=30811) to work on /home/pker/airflow_env/lib/python3.7/site-packages/airflow/example_dags/example_short_circuit_operator.py
[2025-11-21T10:56:14.651+0300] {processor.py:743} INFO - Processing file /home/pker/airflow_env/lib/python3.7/site-packages/airflow/example_dags/example_short_circuit_operator.py for tasks to queue
[2025-11-21T10:56:14.652+0300] {logging_mixin.py:137} INFO - [2025-11-21T10:56:14.652+0300] {dagbag.py:532} INFO - Filling up the DagBag from /home/pker/airflow_env/lib/python3.7/site-packages/airflow/example_dags/example_short_circuit_operator.py
[2025-11-21T10:56:14.680+0300] {processor.py:753} INFO - DAG(s) dict_keys(['example_short_circuit_operator']) retrieved from /home/pker/airflow_env/lib/python3.7/site-packages/airflow/example_dags/example_short_circuit_operator.py
[2025-11-21T10:56:14.711+0300] {logging_mixin.py:137} INFO - [2025-11-21T10:56:14.711+0300] {dag.py:2705} INFO - Sync 1 DAGs
[2025-11-21T10:56:14.740+0300] {logging_mixin.py:137} INFO - [2025-11-21T10:56:14.740+0300] {dag.py:3456} INFO - Setting next_dagrun for example_short_circuit_operator to 2025-11-20T07:56:14.739787+00:00, run_after=2025-11-21T07:56:14.739787+00:00
[2025-11-21T10:56:14.772+0300] {processor.py:175} INFO - Processing /home/pker/airflow_env/lib/python3.7/site-packages/airflow/example_dags/example_short_circuit_operator.py took 0.130 seconds
[2025-11-21T10:57:03.097+0300] {processor.py:153} INFO - Started process (PID=30855) to work on /home/pker/airflow_env/lib/python3.7/site-packages/airflow/example_dags/example_short_circuit_operator.py
[2025-11-21T10:57:03.110+0300] {processor.py:743} INFO - Processing file /home/pker/airflow_env/lib/python3.7/site-packages/airflow/example_dags/example_short_circuit_operator.py for tasks to queue
[2025-11-21T10:57:03.112+0300] {logging_mixin.py:137} INFO - [2025-11-21T10:57:03.112+0300] {dagbag.py:532} INFO - Filling up the DagBag from /home/pker/airflow_env/lib/python3.7/site-packages/airflow/example_dags/example_short_circuit_operator.py
[2025-11-21T10:57:03.164+0300] {processor.py:753} INFO - DAG(s) dict_keys(['example_short_circuit_operator']) retrieved from /home/pker/airflow_env/lib/python3.7/site-packages/airflow/example_dags/example_short_circuit_operator.py
[2025-11-21T10:57:03.210+0300] {logging_mixin.py:137} INFO - [2025-11-21T10:57:03.210+0300] {dag.py:2705} INFO - Sync 1 DAGs
[2025-11-21T10:57:03.243+0300] {logging_mixin.py:137} INFO - [2025-11-21T10:57:03.243+0300] {dag.py:3456} INFO - Setting next_dagrun for example_short_circuit_operator to 2025-11-20T07:57:03.243017+00:00, run_after=2025-11-21T07:57:03.243017+00:00
[2025-11-21T10:57:03.314+0300] {processor.py:175} INFO - Processing /home/pker/airflow_env/lib/python3.7/site-packages/airflow/example_dags/example_short_circuit_operator.py took 0.230 seconds
[2025-11-21T10:57:53.140+0300] {processor.py:153} INFO - Started process (PID=30899) to work on /home/pker/airflow_env/lib/python3.7/site-packages/airflow/example_dags/example_short_circuit_operator.py
[2025-11-21T10:57:53.151+0300] {processor.py:743} INFO - Processing file /home/pker/airflow_env/lib/python3.7/site-packages/airflow/example_dags/example_short_circuit_operator.py for tasks to queue
[2025-11-21T10:57:53.154+0300] {logging_mixin.py:137} INFO - [2025-11-21T10:57:53.153+0300] {dagbag.py:532} INFO - Filling up the DagBag from /home/pker/airflow_env/lib/python3.7/site-packages/airflow/example_dags/example_short_circuit_operator.py
[2025-11-21T10:57:53.194+0300] {processor.py:753} INFO - DAG(s) dict_keys(['example_short_circuit_operator']) retrieved from /home/pker/airflow_env/lib/python3.7/site-packages/airflow/example_dags/example_short_circuit_operator.py
[2025-11-21T10:57:53.249+0300] {logging_mixin.py:137} INFO - [2025-11-21T10:57:53.249+0300] {dag.py:2705} INFO - Sync 1 DAGs
[2025-11-21T10:57:53.291+0300] {logging_mixin.py:137} INFO - [2025-11-21T10:57:53.291+0300] {dag.py:3456} INFO - Setting next_dagrun for example_short_circuit_operator to 2025-11-20T07:57:53.290956+00:00, run_after=2025-11-21T07:57:53.290956+00:00
[2025-11-21T10:57:53.361+0300] {processor.py:175} INFO - Processing /home/pker/airflow_env/lib/python3.7/site-packages/airflow/example_dags/example_short_circuit_operator.py took 0.229 seconds
[2025-11-21T10:58:41.732+0300] {processor.py:153} INFO - Started process (PID=30953) to work on /home/pker/airflow_env/lib/python3.7/site-packages/airflow/example_dags/example_short_circuit_operator.py
[2025-11-21T10:58:41.736+0300] {processor.py:743} INFO - Processing file /home/pker/airflow_env/lib/python3.7/site-packages/airflow/example_dags/example_short_circuit_operator.py for tasks to queue
[2025-11-21T10:58:41.738+0300] {logging_mixin.py:137} INFO - [2025-11-21T10:58:41.737+0300] {dagbag.py:532} INFO - Filling up the DagBag from /home/pker/airflow_env/lib/python3.7/site-packages/airflow/example_dags/example_short_circuit_operator.py
[2025-11-21T10:58:41.771+0300] {processor.py:753} INFO - DAG(s) dict_keys(['example_short_circuit_operator']) retrieved from /home/pker/airflow_env/lib/python3.7/site-packages/airflow/example_dags/example_short_circuit_operator.py
[2025-11-21T10:58:41.812+0300] {logging_mixin.py:137} INFO - [2025-11-21T10:58:41.812+0300] {dag.py:2705} INFO - Sync 1 DAGs
[2025-11-21T10:58:41.847+0300] {logging_mixin.py:137} INFO - [2025-11-21T10:58:41.847+0300] {dag.py:3456} INFO - Setting next_dagrun for example_short_circuit_operator to 2025-11-20T07:58:41.846918+00:00, run_after=2025-11-21T07:58:41.846918+00:00
[2025-11-21T10:58:41.911+0300] {processor.py:175} INFO - Processing /home/pker/airflow_env/lib/python3.7/site-packages/airflow/example_dags/example_short_circuit_operator.py took 0.187 seconds
[2025-11-21T10:59:28.305+0300] {processor.py:153} INFO - Started process (PID=31006) to work on /home/pker/airflow_env/lib/python3.7/site-packages/airflow/example_dags/example_short_circuit_operator.py
[2025-11-21T10:59:28.309+0300] {processor.py:743} INFO - Processing file /home/pker/airflow_env/lib/python3.7/site-packages/airflow/example_dags/example_short_circuit_operator.py for tasks to queue
[2025-11-21T10:59:28.311+0300] {logging_mixin.py:137} INFO - [2025-11-21T10:59:28.311+0300] {dagbag.py:532} INFO - Filling up the DagBag from /home/pker/airflow_env/lib/python3.7/site-packages/airflow/example_dags/example_short_circuit_operator.py
[2025-11-21T10:59:28.341+0300] {processor.py:753} INFO - DAG(s) dict_keys(['example_short_circuit_operator']) retrieved from /home/pker/airflow_env/lib/python3.7/site-packages/airflow/example_dags/example_short_circuit_operator.py
[2025-11-21T10:59:28.369+0300] {logging_mixin.py:137} INFO - [2025-11-21T10:59:28.369+0300] {dag.py:2705} INFO - Sync 1 DAGs
[2025-11-21T10:59:28.404+0300] {logging_mixin.py:137} INFO - [2025-11-21T10:59:28.404+0300] {dag.py:3456} INFO - Setting next_dagrun for example_short_circuit_operator to 2025-11-20T07:59:28.404223+00:00, run_after=2025-11-21T07:59:28.404223+00:00
[2025-11-21T10:59:28.444+0300] {processor.py:175} INFO - Processing /home/pker/airflow_env/lib/python3.7/site-packages/airflow/example_dags/example_short_circuit_operator.py took 0.147 seconds
[2025-11-21T11:00:17.058+0300] {processor.py:153} INFO - Started process (PID=31053) to work on /home/pker/airflow_env/lib/python3.7/site-packages/airflow/example_dags/example_short_circuit_operator.py
[2025-11-21T11:00:17.081+0300] {processor.py:743} INFO - Processing file /home/pker/airflow_env/lib/python3.7/site-packages/airflow/example_dags/example_short_circuit_operator.py for tasks to queue
[2025-11-21T11:00:17.083+0300] {logging_mixin.py:137} INFO - [2025-11-21T11:00:17.083+0300] {dagbag.py:532} INFO - Filling up the DagBag from /home/pker/airflow_env/lib/python3.7/site-packages/airflow/example_dags/example_short_circuit_operator.py
[2025-11-21T11:00:17.116+0300] {processor.py:753} INFO - DAG(s) dict_keys(['example_short_circuit_operator']) retrieved from /home/pker/airflow_env/lib/python3.7/site-packages/airflow/example_dags/example_short_circuit_operator.py
[2025-11-21T11:00:17.158+0300] {logging_mixin.py:137} INFO - [2025-11-21T11:00:17.157+0300] {dag.py:2705} INFO - Sync 1 DAGs
[2025-11-21T11:00:17.199+0300] {logging_mixin.py:137} INFO - [2025-11-21T11:00:17.199+0300] {dag.py:3456} INFO - Setting next_dagrun for example_short_circuit_operator to 2025-11-20T08:00:17.198901+00:00, run_after=2025-11-21T08:00:17.198901+00:00
[2025-11-21T11:00:17.257+0300] {processor.py:175} INFO - Processing /home/pker/airflow_env/lib/python3.7/site-packages/airflow/example_dags/example_short_circuit_operator.py took 0.205 seconds
[2025-11-21T11:01:09.129+0300] {processor.py:153} INFO - Started process (PID=31110) to work on /home/pker/airflow_env/lib/python3.7/site-packages/airflow/example_dags/example_short_circuit_operator.py
[2025-11-21T11:01:09.151+0300] {processor.py:743} INFO - Processing file /home/pker/airflow_env/lib/python3.7/site-packages/airflow/example_dags/example_short_circuit_operator.py for tasks to queue
[2025-11-21T11:01:09.154+0300] {logging_mixin.py:137} INFO - [2025-11-21T11:01:09.153+0300] {dagbag.py:532} INFO - Filling up the DagBag from /home/pker/airflow_env/lib/python3.7/site-packages/airflow/example_dags/example_short_circuit_operator.py
[2025-11-21T11:01:09.184+0300] {processor.py:753} INFO - DAG(s) dict_keys(['example_short_circuit_operator']) retrieved from /home/pker/airflow_env/lib/python3.7/site-packages/airflow/example_dags/example_short_circuit_operator.py
[2025-11-21T11:01:09.221+0300] {logging_mixin.py:137} INFO - [2025-11-21T11:01:09.221+0300] {dag.py:2705} INFO - Sync 1 DAGs
[2025-11-21T11:01:09.254+0300] {logging_mixin.py:137} INFO - [2025-11-21T11:01:09.253+0300] {dag.py:3456} INFO - Setting next_dagrun for example_short_circuit_operator to 2025-11-20T08:01:09.253480+00:00, run_after=2025-11-21T08:01:09.253480+00:00
[2025-11-21T11:01:09.294+0300] {processor.py:175} INFO - Processing /home/pker/airflow_env/lib/python3.7/site-packages/airflow/example_dags/example_short_circuit_operator.py took 0.171 seconds
[2025-11-21T11:01:58.071+0300] {processor.py:153} INFO - Started process (PID=31156) to work on /home/pker/airflow_env/lib/python3.7/site-packages/airflow/example_dags/example_short_circuit_operator.py
[2025-11-21T11:01:58.093+0300] {processor.py:743} INFO - Processing file /home/pker/airflow_env/lib/python3.7/site-packages/airflow/example_dags/example_short_circuit_operator.py for tasks to queue
[2025-11-21T11:01:58.096+0300] {logging_mixin.py:137} INFO - [2025-11-21T11:01:58.095+0300] {dagbag.py:532} INFO - Filling up the DagBag from /home/pker/airflow_env/lib/python3.7/site-packages/airflow/example_dags/example_short_circuit_operator.py
[2025-11-21T11:01:58.132+0300] {processor.py:753} INFO - DAG(s) dict_keys(['example_short_circuit_operator']) retrieved from /home/pker/airflow_env/lib/python3.7/site-packages/airflow/example_dags/example_short_circuit_operator.py
[2025-11-21T11:01:58.176+0300] {logging_mixin.py:137} INFO - [2025-11-21T11:01:58.176+0300] {dag.py:2705} INFO - Sync 1 DAGs
[2025-11-21T11:01:58.219+0300] {logging_mixin.py:137} INFO - [2025-11-21T11:01:58.219+0300] {dag.py:3456} INFO - Setting next_dagrun for example_short_circuit_operator to 2025-11-20T08:01:58.218962+00:00, run_after=2025-11-21T08:01:58.218962+00:00
[2025-11-21T11:01:58.292+0300] {processor.py:175} INFO - Processing /home/pker/airflow_env/lib/python3.7/site-packages/airflow/example_dags/example_short_circuit_operator.py took 0.227 seconds
[2025-11-21T11:02:43.035+0300] {processor.py:153} INFO - Started process (PID=31200) to work on /home/pker/airflow_env/lib/python3.7/site-packages/airflow/example_dags/example_short_circuit_operator.py
[2025-11-21T11:02:43.058+0300] {processor.py:743} INFO - Processing file /home/pker/airflow_env/lib/python3.7/site-packages/airflow/example_dags/example_short_circuit_operator.py for tasks to queue
[2025-11-21T11:02:43.061+0300] {logging_mixin.py:137} INFO - [2025-11-21T11:02:43.061+0300] {dagbag.py:532} INFO - Filling up the DagBag from /home/pker/airflow_env/lib/python3.7/site-packages/airflow/example_dags/example_short_circuit_operator.py
[2025-11-21T11:02:43.093+0300] {processor.py:753} INFO - DAG(s) dict_keys(['example_short_circuit_operator']) retrieved from /home/pker/airflow_env/lib/python3.7/site-packages/airflow/example_dags/example_short_circuit_operator.py
[2025-11-21T11:02:43.128+0300] {logging_mixin.py:137} INFO - [2025-11-21T11:02:43.127+0300] {dag.py:2705} INFO - Sync 1 DAGs
[2025-11-21T11:02:43.161+0300] {logging_mixin.py:137} INFO - [2025-11-21T11:02:43.161+0300] {dag.py:3456} INFO - Setting next_dagrun for example_short_circuit_operator to 2025-11-20T08:02:43.161025+00:00, run_after=2025-11-21T08:02:43.161025+00:00
[2025-11-21T11:02:43.201+0300] {processor.py:175} INFO - Processing /home/pker/airflow_env/lib/python3.7/site-packages/airflow/example_dags/example_short_circuit_operator.py took 0.173 seconds
[2025-11-21T11:03:32.459+0300] {processor.py:153} INFO - Started process (PID=31245) to work on /home/pker/airflow_env/lib/python3.7/site-packages/airflow/example_dags/example_short_circuit_operator.py
[2025-11-21T11:03:32.482+0300] {processor.py:743} INFO - Processing file /home/pker/airflow_env/lib/python3.7/site-packages/airflow/example_dags/example_short_circuit_operator.py for tasks to queue
[2025-11-21T11:03:32.484+0300] {logging_mixin.py:137} INFO - [2025-11-21T11:03:32.484+0300] {dagbag.py:532} INFO - Filling up the DagBag from /home/pker/airflow_env/lib/python3.7/site-packages/airflow/example_dags/example_short_circuit_operator.py
[2025-11-21T11:03:32.521+0300] {processor.py:753} INFO - DAG(s) dict_keys(['example_short_circuit_operator']) retrieved from /home/pker/airflow_env/lib/python3.7/site-packages/airflow/example_dags/example_short_circuit_operator.py
[2025-11-21T11:03:32.554+0300] {logging_mixin.py:137} INFO - [2025-11-21T11:03:32.553+0300] {dag.py:2705} INFO - Sync 1 DAGs
[2025-11-21T11:03:32.591+0300] {logging_mixin.py:137} INFO - [2025-11-21T11:03:32.590+0300] {dag.py:3456} INFO - Setting next_dagrun for example_short_circuit_operator to 2025-11-20T08:03:32.590634+00:00, run_after=2025-11-21T08:03:32.590634+00:00
[2025-11-21T11:03:32.659+0300] {processor.py:175} INFO - Processing /home/pker/airflow_env/lib/python3.7/site-packages/airflow/example_dags/example_short_circuit_operator.py took 0.209 seconds
[2025-11-21T11:04:17.949+0300] {processor.py:153} INFO - Started process (PID=31290) to work on /home/pker/airflow_env/lib/python3.7/site-packages/airflow/example_dags/example_short_circuit_operator.py
[2025-11-21T11:04:17.973+0300] {processor.py:743} INFO - Processing file /home/pker/airflow_env/lib/python3.7/site-packages/airflow/example_dags/example_short_circuit_operator.py for tasks to queue
[2025-11-21T11:04:17.975+0300] {logging_mixin.py:137} INFO - [2025-11-21T11:04:17.975+0300] {dagbag.py:532} INFO - Filling up the DagBag from /home/pker/airflow_env/lib/python3.7/site-packages/airflow/example_dags/example_short_circuit_operator.py
[2025-11-21T11:04:18.008+0300] {processor.py:753} INFO - DAG(s) dict_keys(['example_short_circuit_operator']) retrieved from /home/pker/airflow_env/lib/python3.7/site-packages/airflow/example_dags/example_short_circuit_operator.py
[2025-11-21T11:04:18.045+0300] {logging_mixin.py:137} INFO - [2025-11-21T11:04:18.045+0300] {dag.py:2705} INFO - Sync 1 DAGs
[2025-11-21T11:04:18.074+0300] {logging_mixin.py:137} INFO - [2025-11-21T11:04:18.074+0300] {dag.py:3456} INFO - Setting next_dagrun for example_short_circuit_operator to 2025-11-20T08:04:18.074413+00:00, run_after=2025-11-21T08:04:18.074413+00:00
[2025-11-21T11:04:18.105+0300] {processor.py:175} INFO - Processing /home/pker/airflow_env/lib/python3.7/site-packages/airflow/example_dags/example_short_circuit_operator.py took 0.162 seconds
[2025-11-21T11:05:08.086+0300] {processor.py:153} INFO - Started process (PID=31335) to work on /home/pker/airflow_env/lib/python3.7/site-packages/airflow/example_dags/example_short_circuit_operator.py
[2025-11-21T11:05:08.108+0300] {processor.py:743} INFO - Processing file /home/pker/airflow_env/lib/python3.7/site-packages/airflow/example_dags/example_short_circuit_operator.py for tasks to queue
[2025-11-21T11:05:08.109+0300] {logging_mixin.py:137} INFO - [2025-11-21T11:05:08.109+0300] {dagbag.py:532} INFO - Filling up the DagBag from /home/pker/airflow_env/lib/python3.7/site-packages/airflow/example_dags/example_short_circuit_operator.py
[2025-11-21T11:05:08.134+0300] {processor.py:753} INFO - DAG(s) dict_keys(['example_short_circuit_operator']) retrieved from /home/pker/airflow_env/lib/python3.7/site-packages/airflow/example_dags/example_short_circuit_operator.py
[2025-11-21T11:05:08.168+0300] {logging_mixin.py:137} INFO - [2025-11-21T11:05:08.168+0300] {dag.py:2705} INFO - Sync 1 DAGs
[2025-11-21T11:05:08.207+0300] {logging_mixin.py:137} INFO - [2025-11-21T11:05:08.207+0300] {dag.py:3456} INFO - Setting next_dagrun for example_short_circuit_operator to 2025-11-20T08:05:08.206987+00:00, run_after=2025-11-21T08:05:08.206987+00:00
[2025-11-21T11:05:08.242+0300] {processor.py:175} INFO - Processing /home/pker/airflow_env/lib/python3.7/site-packages/airflow/example_dags/example_short_circuit_operator.py took 0.161 seconds
[2025-11-21T11:05:55.902+0300] {processor.py:153} INFO - Started process (PID=31388) to work on /home/pker/airflow_env/lib/python3.7/site-packages/airflow/example_dags/example_short_circuit_operator.py
[2025-11-21T11:05:55.906+0300] {processor.py:743} INFO - Processing file /home/pker/airflow_env/lib/python3.7/site-packages/airflow/example_dags/example_short_circuit_operator.py for tasks to queue
[2025-11-21T11:05:55.908+0300] {logging_mixin.py:137} INFO - [2025-11-21T11:05:55.908+0300] {dagbag.py:532} INFO - Filling up the DagBag from /home/pker/airflow_env/lib/python3.7/site-packages/airflow/example_dags/example_short_circuit_operator.py
[2025-11-21T11:05:55.938+0300] {processor.py:753} INFO - DAG(s) dict_keys(['example_short_circuit_operator']) retrieved from /home/pker/airflow_env/lib/python3.7/site-packages/airflow/example_dags/example_short_circuit_operator.py
[2025-11-21T11:05:55.975+0300] {logging_mixin.py:137} INFO - [2025-11-21T11:05:55.975+0300] {dag.py:2705} INFO - Sync 1 DAGs
[2025-11-21T11:05:56.008+0300] {logging_mixin.py:137} INFO - [2025-11-21T11:05:56.008+0300] {dag.py:3456} INFO - Setting next_dagrun for example_short_circuit_operator to 2025-11-20T08:05:56.008042+00:00, run_after=2025-11-21T08:05:56.008042+00:00
[2025-11-21T11:05:56.064+0300] {processor.py:175} INFO - Processing /home/pker/airflow_env/lib/python3.7/site-packages/airflow/example_dags/example_short_circuit_operator.py took 0.167 seconds
[2025-11-21T11:06:44.796+0300] {processor.py:153} INFO - Started process (PID=31434) to work on /home/pker/airflow_env/lib/python3.7/site-packages/airflow/example_dags/example_short_circuit_operator.py
[2025-11-21T11:06:44.817+0300] {processor.py:743} INFO - Processing file /home/pker/airflow_env/lib/python3.7/site-packages/airflow/example_dags/example_short_circuit_operator.py for tasks to queue
[2025-11-21T11:06:44.818+0300] {logging_mixin.py:137} INFO - [2025-11-21T11:06:44.818+0300] {dagbag.py:532} INFO - Filling up the DagBag from /home/pker/airflow_env/lib/python3.7/site-packages/airflow/example_dags/example_short_circuit_operator.py
[2025-11-21T11:06:44.844+0300] {processor.py:753} INFO - DAG(s) dict_keys(['example_short_circuit_operator']) retrieved from /home/pker/airflow_env/lib/python3.7/site-packages/airflow/example_dags/example_short_circuit_operator.py
[2025-11-21T11:06:44.880+0300] {logging_mixin.py:137} INFO - [2025-11-21T11:06:44.880+0300] {dag.py:2705} INFO - Sync 1 DAGs
[2025-11-21T11:06:44.922+0300] {logging_mixin.py:137} INFO - [2025-11-21T11:06:44.921+0300] {dag.py:3456} INFO - Setting next_dagrun for example_short_circuit_operator to 2025-11-20T08:06:44.921402+00:00, run_after=2025-11-21T08:06:44.921402+00:00
[2025-11-21T11:06:44.984+0300] {processor.py:175} INFO - Processing /home/pker/airflow_env/lib/python3.7/site-packages/airflow/example_dags/example_short_circuit_operator.py took 0.194 seconds
[2025-11-21T11:07:32.472+0300] {processor.py:153} INFO - Started process (PID=31482) to work on /home/pker/airflow_env/lib/python3.7/site-packages/airflow/example_dags/example_short_circuit_operator.py
[2025-11-21T11:07:32.488+0300] {processor.py:743} INFO - Processing file /home/pker/airflow_env/lib/python3.7/site-packages/airflow/example_dags/example_short_circuit_operator.py for tasks to queue
[2025-11-21T11:07:32.490+0300] {logging_mixin.py:137} INFO - [2025-11-21T11:07:32.490+0300] {dagbag.py:532} INFO - Filling up the DagBag from /home/pker/airflow_env/lib/python3.7/site-packages/airflow/example_dags/example_short_circuit_operator.py
[2025-11-21T11:07:32.519+0300] {processor.py:753} INFO - DAG(s) dict_keys(['example_short_circuit_operator']) retrieved from /home/pker/airflow_env/lib/python3.7/site-packages/airflow/example_dags/example_short_circuit_operator.py
[2025-11-21T11:07:32.556+0300] {logging_mixin.py:137} INFO - [2025-11-21T11:07:32.556+0300] {dag.py:2705} INFO - Sync 1 DAGs
[2025-11-21T11:07:32.587+0300] {logging_mixin.py:137} INFO - [2025-11-21T11:07:32.587+0300] {dag.py:3456} INFO - Setting next_dagrun for example_short_circuit_operator to 2025-11-20T08:07:32.586964+00:00, run_after=2025-11-21T08:07:32.586964+00:00
[2025-11-21T11:07:32.635+0300] {processor.py:175} INFO - Processing /home/pker/airflow_env/lib/python3.7/site-packages/airflow/example_dags/example_short_circuit_operator.py took 0.169 seconds
[2025-11-21T11:08:20.301+0300] {processor.py:153} INFO - Started process (PID=31551) to work on /home/pker/airflow_env/lib/python3.7/site-packages/airflow/example_dags/example_short_circuit_operator.py
[2025-11-21T11:08:20.323+0300] {processor.py:743} INFO - Processing file /home/pker/airflow_env/lib/python3.7/site-packages/airflow/example_dags/example_short_circuit_operator.py for tasks to queue
[2025-11-21T11:08:20.325+0300] {logging_mixin.py:137} INFO - [2025-11-21T11:08:20.324+0300] {dagbag.py:532} INFO - Filling up the DagBag from /home/pker/airflow_env/lib/python3.7/site-packages/airflow/example_dags/example_short_circuit_operator.py
[2025-11-21T11:08:20.360+0300] {processor.py:753} INFO - DAG(s) dict_keys(['example_short_circuit_operator']) retrieved from /home/pker/airflow_env/lib/python3.7/site-packages/airflow/example_dags/example_short_circuit_operator.py
[2025-11-21T11:08:20.401+0300] {logging_mixin.py:137} INFO - [2025-11-21T11:08:20.401+0300] {dag.py:2705} INFO - Sync 1 DAGs
[2025-11-21T11:08:20.448+0300] {logging_mixin.py:137} INFO - [2025-11-21T11:08:20.448+0300] {dag.py:3456} INFO - Setting next_dagrun for example_short_circuit_operator to 2025-11-20T08:08:20.448178+00:00, run_after=2025-11-21T08:08:20.448178+00:00
[2025-11-21T11:08:20.477+0300] {processor.py:175} INFO - Processing /home/pker/airflow_env/lib/python3.7/site-packages/airflow/example_dags/example_short_circuit_operator.py took 0.186 seconds
