[2025-11-21T10:44:10.450+0300] {processor.py:153} INFO - Started process (PID=30094) to work on /home/pker/airflow_env/lib/python3.7/site-packages/airflow/example_dags/example_local_kubernetes_executor.py
[2025-11-21T10:44:10.452+0300] {processor.py:743} INFO - Processing file /home/pker/airflow_env/lib/python3.7/site-packages/airflow/example_dags/example_local_kubernetes_executor.py for tasks to queue
[2025-11-21T10:44:10.453+0300] {logging_mixin.py:137} INFO - [2025-11-21T10:44:10.453+0300] {dagbag.py:532} INFO - Filling up the DagBag from /home/pker/airflow_env/lib/python3.7/site-packages/airflow/example_dags/example_local_kubernetes_executor.py
[2025-11-21T10:44:10.481+0300] {logging_mixin.py:137} INFO - [2025-11-21T10:44:10.480+0300] {example_local_kubernetes_executor.py:39} WARNING - Could not import DAGs in example_local_kubernetes_executor.py
Traceback (most recent call last):
  File "/home/pker/airflow_env/lib/python3.7/site-packages/airflow/example_dags/example_local_kubernetes_executor.py", line 37, in <module>
    from kubernetes.client import models as k8s
ModuleNotFoundError: No module named 'kubernetes'
[2025-11-21T10:44:10.481+0300] {logging_mixin.py:137} INFO - [2025-11-21T10:44:10.481+0300] {example_local_kubernetes_executor.py:40} WARNING - Install Kubernetes dependencies with: pip install apache-airflow[cncf.kubernetes]
[2025-11-21T10:44:10.481+0300] {processor.py:755} WARNING - No viable dags retrieved from /home/pker/airflow_env/lib/python3.7/site-packages/airflow/example_dags/example_local_kubernetes_executor.py
[2025-11-21T10:44:10.496+0300] {processor.py:175} INFO - Processing /home/pker/airflow_env/lib/python3.7/site-packages/airflow/example_dags/example_local_kubernetes_executor.py took 0.052 seconds
[2025-11-21T10:44:59.763+0300] {processor.py:153} INFO - Started process (PID=30138) to work on /home/pker/airflow_env/lib/python3.7/site-packages/airflow/example_dags/example_local_kubernetes_executor.py
[2025-11-21T10:44:59.778+0300] {processor.py:743} INFO - Processing file /home/pker/airflow_env/lib/python3.7/site-packages/airflow/example_dags/example_local_kubernetes_executor.py for tasks to queue
[2025-11-21T10:44:59.780+0300] {logging_mixin.py:137} INFO - [2025-11-21T10:44:59.780+0300] {dagbag.py:532} INFO - Filling up the DagBag from /home/pker/airflow_env/lib/python3.7/site-packages/airflow/example_dags/example_local_kubernetes_executor.py
[2025-11-21T10:44:59.809+0300] {logging_mixin.py:137} INFO - [2025-11-21T10:44:59.808+0300] {example_local_kubernetes_executor.py:39} WARNING - Could not import DAGs in example_local_kubernetes_executor.py
Traceback (most recent call last):
  File "/home/pker/airflow_env/lib/python3.7/site-packages/airflow/example_dags/example_local_kubernetes_executor.py", line 37, in <module>
    from kubernetes.client import models as k8s
ModuleNotFoundError: No module named 'kubernetes'
[2025-11-21T10:44:59.810+0300] {logging_mixin.py:137} INFO - [2025-11-21T10:44:59.810+0300] {example_local_kubernetes_executor.py:40} WARNING - Install Kubernetes dependencies with: pip install apache-airflow[cncf.kubernetes]
[2025-11-21T10:44:59.810+0300] {processor.py:755} WARNING - No viable dags retrieved from /home/pker/airflow_env/lib/python3.7/site-packages/airflow/example_dags/example_local_kubernetes_executor.py
[2025-11-21T10:44:59.824+0300] {processor.py:175} INFO - Processing /home/pker/airflow_env/lib/python3.7/site-packages/airflow/example_dags/example_local_kubernetes_executor.py took 0.068 seconds
[2025-11-21T10:45:49.848+0300] {processor.py:153} INFO - Started process (PID=30206) to work on /home/pker/airflow_env/lib/python3.7/site-packages/airflow/example_dags/example_local_kubernetes_executor.py
[2025-11-21T10:45:49.871+0300] {processor.py:743} INFO - Processing file /home/pker/airflow_env/lib/python3.7/site-packages/airflow/example_dags/example_local_kubernetes_executor.py for tasks to queue
[2025-11-21T10:45:49.873+0300] {logging_mixin.py:137} INFO - [2025-11-21T10:45:49.873+0300] {dagbag.py:532} INFO - Filling up the DagBag from /home/pker/airflow_env/lib/python3.7/site-packages/airflow/example_dags/example_local_kubernetes_executor.py
[2025-11-21T10:45:49.906+0300] {logging_mixin.py:137} INFO - [2025-11-21T10:45:49.905+0300] {example_local_kubernetes_executor.py:39} WARNING - Could not import DAGs in example_local_kubernetes_executor.py
Traceback (most recent call last):
  File "/home/pker/airflow_env/lib/python3.7/site-packages/airflow/example_dags/example_local_kubernetes_executor.py", line 37, in <module>
    from kubernetes.client import models as k8s
ModuleNotFoundError: No module named 'kubernetes'
[2025-11-21T10:45:49.906+0300] {logging_mixin.py:137} INFO - [2025-11-21T10:45:49.906+0300] {example_local_kubernetes_executor.py:40} WARNING - Install Kubernetes dependencies with: pip install apache-airflow[cncf.kubernetes]
[2025-11-21T10:45:49.906+0300] {processor.py:755} WARNING - No viable dags retrieved from /home/pker/airflow_env/lib/python3.7/site-packages/airflow/example_dags/example_local_kubernetes_executor.py
[2025-11-21T10:45:49.919+0300] {processor.py:175} INFO - Processing /home/pker/airflow_env/lib/python3.7/site-packages/airflow/example_dags/example_local_kubernetes_executor.py took 0.076 seconds
[2025-11-21T10:46:37.039+0300] {processor.py:153} INFO - Started process (PID=30252) to work on /home/pker/airflow_env/lib/python3.7/site-packages/airflow/example_dags/example_local_kubernetes_executor.py
[2025-11-21T10:46:37.062+0300] {processor.py:743} INFO - Processing file /home/pker/airflow_env/lib/python3.7/site-packages/airflow/example_dags/example_local_kubernetes_executor.py for tasks to queue
[2025-11-21T10:46:37.064+0300] {logging_mixin.py:137} INFO - [2025-11-21T10:46:37.063+0300] {dagbag.py:532} INFO - Filling up the DagBag from /home/pker/airflow_env/lib/python3.7/site-packages/airflow/example_dags/example_local_kubernetes_executor.py
[2025-11-21T10:46:37.102+0300] {logging_mixin.py:137} INFO - [2025-11-21T10:46:37.101+0300] {example_local_kubernetes_executor.py:39} WARNING - Could not import DAGs in example_local_kubernetes_executor.py
Traceback (most recent call last):
  File "/home/pker/airflow_env/lib/python3.7/site-packages/airflow/example_dags/example_local_kubernetes_executor.py", line 37, in <module>
    from kubernetes.client import models as k8s
ModuleNotFoundError: No module named 'kubernetes'
[2025-11-21T10:46:37.103+0300] {logging_mixin.py:137} INFO - [2025-11-21T10:46:37.103+0300] {example_local_kubernetes_executor.py:40} WARNING - Install Kubernetes dependencies with: pip install apache-airflow[cncf.kubernetes]
[2025-11-21T10:46:37.103+0300] {processor.py:755} WARNING - No viable dags retrieved from /home/pker/airflow_env/lib/python3.7/site-packages/airflow/example_dags/example_local_kubernetes_executor.py
[2025-11-21T10:46:37.122+0300] {processor.py:175} INFO - Processing /home/pker/airflow_env/lib/python3.7/site-packages/airflow/example_dags/example_local_kubernetes_executor.py took 0.093 seconds
[2025-11-21T10:47:24.341+0300] {processor.py:153} INFO - Started process (PID=30296) to work on /home/pker/airflow_env/lib/python3.7/site-packages/airflow/example_dags/example_local_kubernetes_executor.py
[2025-11-21T10:47:24.345+0300] {processor.py:743} INFO - Processing file /home/pker/airflow_env/lib/python3.7/site-packages/airflow/example_dags/example_local_kubernetes_executor.py for tasks to queue
[2025-11-21T10:47:24.346+0300] {logging_mixin.py:137} INFO - [2025-11-21T10:47:24.346+0300] {dagbag.py:532} INFO - Filling up the DagBag from /home/pker/airflow_env/lib/python3.7/site-packages/airflow/example_dags/example_local_kubernetes_executor.py
[2025-11-21T10:47:24.380+0300] {logging_mixin.py:137} INFO - [2025-11-21T10:47:24.379+0300] {example_local_kubernetes_executor.py:39} WARNING - Could not import DAGs in example_local_kubernetes_executor.py
Traceback (most recent call last):
  File "/home/pker/airflow_env/lib/python3.7/site-packages/airflow/example_dags/example_local_kubernetes_executor.py", line 37, in <module>
    from kubernetes.client import models as k8s
ModuleNotFoundError: No module named 'kubernetes'
[2025-11-21T10:47:24.381+0300] {logging_mixin.py:137} INFO - [2025-11-21T10:47:24.381+0300] {example_local_kubernetes_executor.py:40} WARNING - Install Kubernetes dependencies with: pip install apache-airflow[cncf.kubernetes]
[2025-11-21T10:47:24.381+0300] {processor.py:755} WARNING - No viable dags retrieved from /home/pker/airflow_env/lib/python3.7/site-packages/airflow/example_dags/example_local_kubernetes_executor.py
[2025-11-21T10:47:24.397+0300] {processor.py:175} INFO - Processing /home/pker/airflow_env/lib/python3.7/site-packages/airflow/example_dags/example_local_kubernetes_executor.py took 0.065 seconds
[2025-11-21T10:48:13.238+0300] {processor.py:153} INFO - Started process (PID=30340) to work on /home/pker/airflow_env/lib/python3.7/site-packages/airflow/example_dags/example_local_kubernetes_executor.py
[2025-11-21T10:48:13.240+0300] {processor.py:743} INFO - Processing file /home/pker/airflow_env/lib/python3.7/site-packages/airflow/example_dags/example_local_kubernetes_executor.py for tasks to queue
[2025-11-21T10:48:13.241+0300] {logging_mixin.py:137} INFO - [2025-11-21T10:48:13.241+0300] {dagbag.py:532} INFO - Filling up the DagBag from /home/pker/airflow_env/lib/python3.7/site-packages/airflow/example_dags/example_local_kubernetes_executor.py
[2025-11-21T10:48:13.267+0300] {logging_mixin.py:137} INFO - [2025-11-21T10:48:13.266+0300] {example_local_kubernetes_executor.py:39} WARNING - Could not import DAGs in example_local_kubernetes_executor.py
Traceback (most recent call last):
  File "/home/pker/airflow_env/lib/python3.7/site-packages/airflow/example_dags/example_local_kubernetes_executor.py", line 37, in <module>
    from kubernetes.client import models as k8s
ModuleNotFoundError: No module named 'kubernetes'
[2025-11-21T10:48:13.267+0300] {logging_mixin.py:137} INFO - [2025-11-21T10:48:13.267+0300] {example_local_kubernetes_executor.py:40} WARNING - Install Kubernetes dependencies with: pip install apache-airflow[cncf.kubernetes]
[2025-11-21T10:48:13.267+0300] {processor.py:755} WARNING - No viable dags retrieved from /home/pker/airflow_env/lib/python3.7/site-packages/airflow/example_dags/example_local_kubernetes_executor.py
[2025-11-21T10:48:13.282+0300] {processor.py:175} INFO - Processing /home/pker/airflow_env/lib/python3.7/site-packages/airflow/example_dags/example_local_kubernetes_executor.py took 0.051 seconds
[2025-11-21T10:49:00.538+0300] {processor.py:153} INFO - Started process (PID=30387) to work on /home/pker/airflow_env/lib/python3.7/site-packages/airflow/example_dags/example_local_kubernetes_executor.py
[2025-11-21T10:49:00.561+0300] {processor.py:743} INFO - Processing file /home/pker/airflow_env/lib/python3.7/site-packages/airflow/example_dags/example_local_kubernetes_executor.py for tasks to queue
[2025-11-21T10:49:00.563+0300] {logging_mixin.py:137} INFO - [2025-11-21T10:49:00.563+0300] {dagbag.py:532} INFO - Filling up the DagBag from /home/pker/airflow_env/lib/python3.7/site-packages/airflow/example_dags/example_local_kubernetes_executor.py
[2025-11-21T10:49:00.596+0300] {logging_mixin.py:137} INFO - [2025-11-21T10:49:00.595+0300] {example_local_kubernetes_executor.py:39} WARNING - Could not import DAGs in example_local_kubernetes_executor.py
Traceback (most recent call last):
  File "/home/pker/airflow_env/lib/python3.7/site-packages/airflow/example_dags/example_local_kubernetes_executor.py", line 37, in <module>
    from kubernetes.client import models as k8s
ModuleNotFoundError: No module named 'kubernetes'
[2025-11-21T10:49:00.596+0300] {logging_mixin.py:137} INFO - [2025-11-21T10:49:00.596+0300] {example_local_kubernetes_executor.py:40} WARNING - Install Kubernetes dependencies with: pip install apache-airflow[cncf.kubernetes]
[2025-11-21T10:49:00.596+0300] {processor.py:755} WARNING - No viable dags retrieved from /home/pker/airflow_env/lib/python3.7/site-packages/airflow/example_dags/example_local_kubernetes_executor.py
[2025-11-21T10:49:00.612+0300] {processor.py:175} INFO - Processing /home/pker/airflow_env/lib/python3.7/site-packages/airflow/example_dags/example_local_kubernetes_executor.py took 0.080 seconds
[2025-11-21T10:49:48.102+0300] {processor.py:153} INFO - Started process (PID=30442) to work on /home/pker/airflow_env/lib/python3.7/site-packages/airflow/example_dags/example_local_kubernetes_executor.py
[2025-11-21T10:49:48.105+0300] {processor.py:743} INFO - Processing file /home/pker/airflow_env/lib/python3.7/site-packages/airflow/example_dags/example_local_kubernetes_executor.py for tasks to queue
[2025-11-21T10:49:48.107+0300] {logging_mixin.py:137} INFO - [2025-11-21T10:49:48.107+0300] {dagbag.py:532} INFO - Filling up the DagBag from /home/pker/airflow_env/lib/python3.7/site-packages/airflow/example_dags/example_local_kubernetes_executor.py
[2025-11-21T10:49:48.130+0300] {logging_mixin.py:137} INFO - [2025-11-21T10:49:48.129+0300] {example_local_kubernetes_executor.py:39} WARNING - Could not import DAGs in example_local_kubernetes_executor.py
Traceback (most recent call last):
  File "/home/pker/airflow_env/lib/python3.7/site-packages/airflow/example_dags/example_local_kubernetes_executor.py", line 37, in <module>
    from kubernetes.client import models as k8s
ModuleNotFoundError: No module named 'kubernetes'
[2025-11-21T10:49:48.130+0300] {logging_mixin.py:137} INFO - [2025-11-21T10:49:48.130+0300] {example_local_kubernetes_executor.py:40} WARNING - Install Kubernetes dependencies with: pip install apache-airflow[cncf.kubernetes]
[2025-11-21T10:49:48.130+0300] {processor.py:755} WARNING - No viable dags retrieved from /home/pker/airflow_env/lib/python3.7/site-packages/airflow/example_dags/example_local_kubernetes_executor.py
[2025-11-21T10:49:48.142+0300] {processor.py:175} INFO - Processing /home/pker/airflow_env/lib/python3.7/site-packages/airflow/example_dags/example_local_kubernetes_executor.py took 0.045 seconds
[2025-11-21T10:50:36.663+0300] {processor.py:153} INFO - Started process (PID=30485) to work on /home/pker/airflow_env/lib/python3.7/site-packages/airflow/example_dags/example_local_kubernetes_executor.py
[2025-11-21T10:50:36.666+0300] {processor.py:743} INFO - Processing file /home/pker/airflow_env/lib/python3.7/site-packages/airflow/example_dags/example_local_kubernetes_executor.py for tasks to queue
[2025-11-21T10:50:36.668+0300] {logging_mixin.py:137} INFO - [2025-11-21T10:50:36.667+0300] {dagbag.py:532} INFO - Filling up the DagBag from /home/pker/airflow_env/lib/python3.7/site-packages/airflow/example_dags/example_local_kubernetes_executor.py
[2025-11-21T10:50:36.695+0300] {logging_mixin.py:137} INFO - [2025-11-21T10:50:36.694+0300] {example_local_kubernetes_executor.py:39} WARNING - Could not import DAGs in example_local_kubernetes_executor.py
Traceback (most recent call last):
  File "/home/pker/airflow_env/lib/python3.7/site-packages/airflow/example_dags/example_local_kubernetes_executor.py", line 37, in <module>
    from kubernetes.client import models as k8s
ModuleNotFoundError: No module named 'kubernetes'
[2025-11-21T10:50:36.695+0300] {logging_mixin.py:137} INFO - [2025-11-21T10:50:36.695+0300] {example_local_kubernetes_executor.py:40} WARNING - Install Kubernetes dependencies with: pip install apache-airflow[cncf.kubernetes]
[2025-11-21T10:50:36.696+0300] {processor.py:755} WARNING - No viable dags retrieved from /home/pker/airflow_env/lib/python3.7/site-packages/airflow/example_dags/example_local_kubernetes_executor.py
[2025-11-21T10:50:36.712+0300] {processor.py:175} INFO - Processing /home/pker/airflow_env/lib/python3.7/site-packages/airflow/example_dags/example_local_kubernetes_executor.py took 0.054 seconds
[2025-11-21T10:51:20.470+0300] {processor.py:153} INFO - Started process (PID=30529) to work on /home/pker/airflow_env/lib/python3.7/site-packages/airflow/example_dags/example_local_kubernetes_executor.py
[2025-11-21T10:51:20.493+0300] {processor.py:743} INFO - Processing file /home/pker/airflow_env/lib/python3.7/site-packages/airflow/example_dags/example_local_kubernetes_executor.py for tasks to queue
[2025-11-21T10:51:20.496+0300] {logging_mixin.py:137} INFO - [2025-11-21T10:51:20.495+0300] {dagbag.py:532} INFO - Filling up the DagBag from /home/pker/airflow_env/lib/python3.7/site-packages/airflow/example_dags/example_local_kubernetes_executor.py
[2025-11-21T10:51:20.527+0300] {logging_mixin.py:137} INFO - [2025-11-21T10:51:20.526+0300] {example_local_kubernetes_executor.py:39} WARNING - Could not import DAGs in example_local_kubernetes_executor.py
Traceback (most recent call last):
  File "/home/pker/airflow_env/lib/python3.7/site-packages/airflow/example_dags/example_local_kubernetes_executor.py", line 37, in <module>
    from kubernetes.client import models as k8s
ModuleNotFoundError: No module named 'kubernetes'
[2025-11-21T10:51:20.527+0300] {logging_mixin.py:137} INFO - [2025-11-21T10:51:20.527+0300] {example_local_kubernetes_executor.py:40} WARNING - Install Kubernetes dependencies with: pip install apache-airflow[cncf.kubernetes]
[2025-11-21T10:51:20.527+0300] {processor.py:755} WARNING - No viable dags retrieved from /home/pker/airflow_env/lib/python3.7/site-packages/airflow/example_dags/example_local_kubernetes_executor.py
[2025-11-21T10:51:20.541+0300] {processor.py:175} INFO - Processing /home/pker/airflow_env/lib/python3.7/site-packages/airflow/example_dags/example_local_kubernetes_executor.py took 0.077 seconds
[2025-11-21T10:52:08.675+0300] {processor.py:153} INFO - Started process (PID=30576) to work on /home/pker/airflow_env/lib/python3.7/site-packages/airflow/example_dags/example_local_kubernetes_executor.py
[2025-11-21T10:52:08.698+0300] {processor.py:743} INFO - Processing file /home/pker/airflow_env/lib/python3.7/site-packages/airflow/example_dags/example_local_kubernetes_executor.py for tasks to queue
[2025-11-21T10:52:08.700+0300] {logging_mixin.py:137} INFO - [2025-11-21T10:52:08.700+0300] {dagbag.py:532} INFO - Filling up the DagBag from /home/pker/airflow_env/lib/python3.7/site-packages/airflow/example_dags/example_local_kubernetes_executor.py
[2025-11-21T10:52:08.731+0300] {logging_mixin.py:137} INFO - [2025-11-21T10:52:08.730+0300] {example_local_kubernetes_executor.py:39} WARNING - Could not import DAGs in example_local_kubernetes_executor.py
Traceback (most recent call last):
  File "/home/pker/airflow_env/lib/python3.7/site-packages/airflow/example_dags/example_local_kubernetes_executor.py", line 37, in <module>
    from kubernetes.client import models as k8s
ModuleNotFoundError: No module named 'kubernetes'
[2025-11-21T10:52:08.731+0300] {logging_mixin.py:137} INFO - [2025-11-21T10:52:08.731+0300] {example_local_kubernetes_executor.py:40} WARNING - Install Kubernetes dependencies with: pip install apache-airflow[cncf.kubernetes]
[2025-11-21T10:52:08.731+0300] {processor.py:755} WARNING - No viable dags retrieved from /home/pker/airflow_env/lib/python3.7/site-packages/airflow/example_dags/example_local_kubernetes_executor.py
[2025-11-21T10:52:08.748+0300] {processor.py:175} INFO - Processing /home/pker/airflow_env/lib/python3.7/site-packages/airflow/example_dags/example_local_kubernetes_executor.py took 0.078 seconds
[2025-11-21T10:52:52.444+0300] {processor.py:153} INFO - Started process (PID=30621) to work on /home/pker/airflow_env/lib/python3.7/site-packages/airflow/example_dags/example_local_kubernetes_executor.py
[2025-11-21T10:52:52.467+0300] {processor.py:743} INFO - Processing file /home/pker/airflow_env/lib/python3.7/site-packages/airflow/example_dags/example_local_kubernetes_executor.py for tasks to queue
[2025-11-21T10:52:52.469+0300] {logging_mixin.py:137} INFO - [2025-11-21T10:52:52.469+0300] {dagbag.py:532} INFO - Filling up the DagBag from /home/pker/airflow_env/lib/python3.7/site-packages/airflow/example_dags/example_local_kubernetes_executor.py
[2025-11-21T10:52:52.500+0300] {logging_mixin.py:137} INFO - [2025-11-21T10:52:52.499+0300] {example_local_kubernetes_executor.py:39} WARNING - Could not import DAGs in example_local_kubernetes_executor.py
Traceback (most recent call last):
  File "/home/pker/airflow_env/lib/python3.7/site-packages/airflow/example_dags/example_local_kubernetes_executor.py", line 37, in <module>
    from kubernetes.client import models as k8s
ModuleNotFoundError: No module named 'kubernetes'
[2025-11-21T10:52:52.500+0300] {logging_mixin.py:137} INFO - [2025-11-21T10:52:52.500+0300] {example_local_kubernetes_executor.py:40} WARNING - Install Kubernetes dependencies with: pip install apache-airflow[cncf.kubernetes]
[2025-11-21T10:52:52.501+0300] {processor.py:755} WARNING - No viable dags retrieved from /home/pker/airflow_env/lib/python3.7/site-packages/airflow/example_dags/example_local_kubernetes_executor.py
[2025-11-21T10:52:52.521+0300] {processor.py:175} INFO - Processing /home/pker/airflow_env/lib/python3.7/site-packages/airflow/example_dags/example_local_kubernetes_executor.py took 0.087 seconds
[2025-11-21T10:53:42.683+0300] {processor.py:153} INFO - Started process (PID=30663) to work on /home/pker/airflow_env/lib/python3.7/site-packages/airflow/example_dags/example_local_kubernetes_executor.py
[2025-11-21T10:53:42.705+0300] {processor.py:743} INFO - Processing file /home/pker/airflow_env/lib/python3.7/site-packages/airflow/example_dags/example_local_kubernetes_executor.py for tasks to queue
[2025-11-21T10:53:42.708+0300] {logging_mixin.py:137} INFO - [2025-11-21T10:53:42.707+0300] {dagbag.py:532} INFO - Filling up the DagBag from /home/pker/airflow_env/lib/python3.7/site-packages/airflow/example_dags/example_local_kubernetes_executor.py
[2025-11-21T10:53:42.752+0300] {logging_mixin.py:137} INFO - [2025-11-21T10:53:42.750+0300] {example_local_kubernetes_executor.py:39} WARNING - Could not import DAGs in example_local_kubernetes_executor.py
Traceback (most recent call last):
  File "/home/pker/airflow_env/lib/python3.7/site-packages/airflow/example_dags/example_local_kubernetes_executor.py", line 37, in <module>
    from kubernetes.client import models as k8s
ModuleNotFoundError: No module named 'kubernetes'
[2025-11-21T10:53:42.752+0300] {logging_mixin.py:137} INFO - [2025-11-21T10:53:42.752+0300] {example_local_kubernetes_executor.py:40} WARNING - Install Kubernetes dependencies with: pip install apache-airflow[cncf.kubernetes]
[2025-11-21T10:53:42.752+0300] {processor.py:755} WARNING - No viable dags retrieved from /home/pker/airflow_env/lib/python3.7/site-packages/airflow/example_dags/example_local_kubernetes_executor.py
[2025-11-21T10:53:42.774+0300] {processor.py:175} INFO - Processing /home/pker/airflow_env/lib/python3.7/site-packages/airflow/example_dags/example_local_kubernetes_executor.py took 0.103 seconds
[2025-11-21T10:54:28.561+0300] {processor.py:153} INFO - Started process (PID=30707) to work on /home/pker/airflow_env/lib/python3.7/site-packages/airflow/example_dags/example_local_kubernetes_executor.py
[2025-11-21T10:54:28.585+0300] {processor.py:743} INFO - Processing file /home/pker/airflow_env/lib/python3.7/site-packages/airflow/example_dags/example_local_kubernetes_executor.py for tasks to queue
[2025-11-21T10:54:28.587+0300] {logging_mixin.py:137} INFO - [2025-11-21T10:54:28.587+0300] {dagbag.py:532} INFO - Filling up the DagBag from /home/pker/airflow_env/lib/python3.7/site-packages/airflow/example_dags/example_local_kubernetes_executor.py
[2025-11-21T10:54:28.629+0300] {logging_mixin.py:137} INFO - [2025-11-21T10:54:28.628+0300] {example_local_kubernetes_executor.py:39} WARNING - Could not import DAGs in example_local_kubernetes_executor.py
Traceback (most recent call last):
  File "/home/pker/airflow_env/lib/python3.7/site-packages/airflow/example_dags/example_local_kubernetes_executor.py", line 37, in <module>
    from kubernetes.client import models as k8s
ModuleNotFoundError: No module named 'kubernetes'
[2025-11-21T10:54:28.629+0300] {logging_mixin.py:137} INFO - [2025-11-21T10:54:28.629+0300] {example_local_kubernetes_executor.py:40} WARNING - Install Kubernetes dependencies with: pip install apache-airflow[cncf.kubernetes]
[2025-11-21T10:54:28.630+0300] {processor.py:755} WARNING - No viable dags retrieved from /home/pker/airflow_env/lib/python3.7/site-packages/airflow/example_dags/example_local_kubernetes_executor.py
[2025-11-21T10:54:28.653+0300] {processor.py:175} INFO - Processing /home/pker/airflow_env/lib/python3.7/site-packages/airflow/example_dags/example_local_kubernetes_executor.py took 0.101 seconds
[2025-11-21T10:55:17.208+0300] {processor.py:153} INFO - Started process (PID=30757) to work on /home/pker/airflow_env/lib/python3.7/site-packages/airflow/example_dags/example_local_kubernetes_executor.py
[2025-11-21T10:55:17.229+0300] {processor.py:743} INFO - Processing file /home/pker/airflow_env/lib/python3.7/site-packages/airflow/example_dags/example_local_kubernetes_executor.py for tasks to queue
[2025-11-21T10:55:17.230+0300] {logging_mixin.py:137} INFO - [2025-11-21T10:55:17.230+0300] {dagbag.py:532} INFO - Filling up the DagBag from /home/pker/airflow_env/lib/python3.7/site-packages/airflow/example_dags/example_local_kubernetes_executor.py
[2025-11-21T10:55:17.265+0300] {logging_mixin.py:137} INFO - [2025-11-21T10:55:17.263+0300] {example_local_kubernetes_executor.py:39} WARNING - Could not import DAGs in example_local_kubernetes_executor.py
Traceback (most recent call last):
  File "/home/pker/airflow_env/lib/python3.7/site-packages/airflow/example_dags/example_local_kubernetes_executor.py", line 37, in <module>
    from kubernetes.client import models as k8s
ModuleNotFoundError: No module named 'kubernetes'
[2025-11-21T10:55:17.265+0300] {logging_mixin.py:137} INFO - [2025-11-21T10:55:17.265+0300] {example_local_kubernetes_executor.py:40} WARNING - Install Kubernetes dependencies with: pip install apache-airflow[cncf.kubernetes]
[2025-11-21T10:55:17.265+0300] {processor.py:755} WARNING - No viable dags retrieved from /home/pker/airflow_env/lib/python3.7/site-packages/airflow/example_dags/example_local_kubernetes_executor.py
[2025-11-21T10:55:17.282+0300] {processor.py:175} INFO - Processing /home/pker/airflow_env/lib/python3.7/site-packages/airflow/example_dags/example_local_kubernetes_executor.py took 0.081 seconds
[2025-11-21T10:56:06.021+0300] {processor.py:153} INFO - Started process (PID=30803) to work on /home/pker/airflow_env/lib/python3.7/site-packages/airflow/example_dags/example_local_kubernetes_executor.py
[2025-11-21T10:56:06.046+0300] {processor.py:743} INFO - Processing file /home/pker/airflow_env/lib/python3.7/site-packages/airflow/example_dags/example_local_kubernetes_executor.py for tasks to queue
[2025-11-21T10:56:06.048+0300] {logging_mixin.py:137} INFO - [2025-11-21T10:56:06.047+0300] {dagbag.py:532} INFO - Filling up the DagBag from /home/pker/airflow_env/lib/python3.7/site-packages/airflow/example_dags/example_local_kubernetes_executor.py
[2025-11-21T10:56:06.078+0300] {logging_mixin.py:137} INFO - [2025-11-21T10:56:06.077+0300] {example_local_kubernetes_executor.py:39} WARNING - Could not import DAGs in example_local_kubernetes_executor.py
Traceback (most recent call last):
  File "/home/pker/airflow_env/lib/python3.7/site-packages/airflow/example_dags/example_local_kubernetes_executor.py", line 37, in <module>
    from kubernetes.client import models as k8s
ModuleNotFoundError: No module named 'kubernetes'
[2025-11-21T10:56:06.078+0300] {logging_mixin.py:137} INFO - [2025-11-21T10:56:06.078+0300] {example_local_kubernetes_executor.py:40} WARNING - Install Kubernetes dependencies with: pip install apache-airflow[cncf.kubernetes]
[2025-11-21T10:56:06.079+0300] {processor.py:755} WARNING - No viable dags retrieved from /home/pker/airflow_env/lib/python3.7/site-packages/airflow/example_dags/example_local_kubernetes_executor.py
[2025-11-21T10:56:06.094+0300] {processor.py:175} INFO - Processing /home/pker/airflow_env/lib/python3.7/site-packages/airflow/example_dags/example_local_kubernetes_executor.py took 0.078 seconds
[2025-11-21T10:56:52.664+0300] {processor.py:153} INFO - Started process (PID=30847) to work on /home/pker/airflow_env/lib/python3.7/site-packages/airflow/example_dags/example_local_kubernetes_executor.py
[2025-11-21T10:56:52.668+0300] {processor.py:743} INFO - Processing file /home/pker/airflow_env/lib/python3.7/site-packages/airflow/example_dags/example_local_kubernetes_executor.py for tasks to queue
[2025-11-21T10:56:52.670+0300] {logging_mixin.py:137} INFO - [2025-11-21T10:56:52.669+0300] {dagbag.py:532} INFO - Filling up the DagBag from /home/pker/airflow_env/lib/python3.7/site-packages/airflow/example_dags/example_local_kubernetes_executor.py
[2025-11-21T10:56:52.709+0300] {logging_mixin.py:137} INFO - [2025-11-21T10:56:52.708+0300] {example_local_kubernetes_executor.py:39} WARNING - Could not import DAGs in example_local_kubernetes_executor.py
Traceback (most recent call last):
  File "/home/pker/airflow_env/lib/python3.7/site-packages/airflow/example_dags/example_local_kubernetes_executor.py", line 37, in <module>
    from kubernetes.client import models as k8s
ModuleNotFoundError: No module named 'kubernetes'
[2025-11-21T10:56:52.709+0300] {logging_mixin.py:137} INFO - [2025-11-21T10:56:52.709+0300] {example_local_kubernetes_executor.py:40} WARNING - Install Kubernetes dependencies with: pip install apache-airflow[cncf.kubernetes]
[2025-11-21T10:56:52.709+0300] {processor.py:755} WARNING - No viable dags retrieved from /home/pker/airflow_env/lib/python3.7/site-packages/airflow/example_dags/example_local_kubernetes_executor.py
[2025-11-21T10:56:52.725+0300] {processor.py:175} INFO - Processing /home/pker/airflow_env/lib/python3.7/site-packages/airflow/example_dags/example_local_kubernetes_executor.py took 0.072 seconds
[2025-11-21T10:57:42.699+0300] {processor.py:153} INFO - Started process (PID=30889) to work on /home/pker/airflow_env/lib/python3.7/site-packages/airflow/example_dags/example_local_kubernetes_executor.py
[2025-11-21T10:57:42.710+0300] {processor.py:743} INFO - Processing file /home/pker/airflow_env/lib/python3.7/site-packages/airflow/example_dags/example_local_kubernetes_executor.py for tasks to queue
[2025-11-21T10:57:42.712+0300] {logging_mixin.py:137} INFO - [2025-11-21T10:57:42.712+0300] {dagbag.py:532} INFO - Filling up the DagBag from /home/pker/airflow_env/lib/python3.7/site-packages/airflow/example_dags/example_local_kubernetes_executor.py
[2025-11-21T10:57:42.742+0300] {logging_mixin.py:137} INFO - [2025-11-21T10:57:42.741+0300] {example_local_kubernetes_executor.py:39} WARNING - Could not import DAGs in example_local_kubernetes_executor.py
Traceback (most recent call last):
  File "/home/pker/airflow_env/lib/python3.7/site-packages/airflow/example_dags/example_local_kubernetes_executor.py", line 37, in <module>
    from kubernetes.client import models as k8s
ModuleNotFoundError: No module named 'kubernetes'
[2025-11-21T10:57:42.742+0300] {logging_mixin.py:137} INFO - [2025-11-21T10:57:42.742+0300] {example_local_kubernetes_executor.py:40} WARNING - Install Kubernetes dependencies with: pip install apache-airflow[cncf.kubernetes]
[2025-11-21T10:57:42.743+0300] {processor.py:755} WARNING - No viable dags retrieved from /home/pker/airflow_env/lib/python3.7/site-packages/airflow/example_dags/example_local_kubernetes_executor.py
[2025-11-21T10:57:42.763+0300] {processor.py:175} INFO - Processing /home/pker/airflow_env/lib/python3.7/site-packages/airflow/example_dags/example_local_kubernetes_executor.py took 0.072 seconds
[2025-11-21T10:58:29.293+0300] {processor.py:153} INFO - Started process (PID=30937) to work on /home/pker/airflow_env/lib/python3.7/site-packages/airflow/example_dags/example_local_kubernetes_executor.py
[2025-11-21T10:58:29.296+0300] {processor.py:743} INFO - Processing file /home/pker/airflow_env/lib/python3.7/site-packages/airflow/example_dags/example_local_kubernetes_executor.py for tasks to queue
[2025-11-21T10:58:29.298+0300] {logging_mixin.py:137} INFO - [2025-11-21T10:58:29.297+0300] {dagbag.py:532} INFO - Filling up the DagBag from /home/pker/airflow_env/lib/python3.7/site-packages/airflow/example_dags/example_local_kubernetes_executor.py
[2025-11-21T10:58:29.329+0300] {logging_mixin.py:137} INFO - [2025-11-21T10:58:29.328+0300] {example_local_kubernetes_executor.py:39} WARNING - Could not import DAGs in example_local_kubernetes_executor.py
Traceback (most recent call last):
  File "/home/pker/airflow_env/lib/python3.7/site-packages/airflow/example_dags/example_local_kubernetes_executor.py", line 37, in <module>
    from kubernetes.client import models as k8s
ModuleNotFoundError: No module named 'kubernetes'
[2025-11-21T10:58:29.329+0300] {logging_mixin.py:137} INFO - [2025-11-21T10:58:29.329+0300] {example_local_kubernetes_executor.py:40} WARNING - Install Kubernetes dependencies with: pip install apache-airflow[cncf.kubernetes]
[2025-11-21T10:58:29.330+0300] {processor.py:755} WARNING - No viable dags retrieved from /home/pker/airflow_env/lib/python3.7/site-packages/airflow/example_dags/example_local_kubernetes_executor.py
[2025-11-21T10:58:29.350+0300] {processor.py:175} INFO - Processing /home/pker/airflow_env/lib/python3.7/site-packages/airflow/example_dags/example_local_kubernetes_executor.py took 0.063 seconds
[2025-11-21T10:59:19.377+0300] {processor.py:153} INFO - Started process (PID=30998) to work on /home/pker/airflow_env/lib/python3.7/site-packages/airflow/example_dags/example_local_kubernetes_executor.py
[2025-11-21T10:59:19.400+0300] {processor.py:743} INFO - Processing file /home/pker/airflow_env/lib/python3.7/site-packages/airflow/example_dags/example_local_kubernetes_executor.py for tasks to queue
[2025-11-21T10:59:19.403+0300] {logging_mixin.py:137} INFO - [2025-11-21T10:59:19.402+0300] {dagbag.py:532} INFO - Filling up the DagBag from /home/pker/airflow_env/lib/python3.7/site-packages/airflow/example_dags/example_local_kubernetes_executor.py
[2025-11-21T10:59:19.438+0300] {logging_mixin.py:137} INFO - [2025-11-21T10:59:19.437+0300] {example_local_kubernetes_executor.py:39} WARNING - Could not import DAGs in example_local_kubernetes_executor.py
Traceback (most recent call last):
  File "/home/pker/airflow_env/lib/python3.7/site-packages/airflow/example_dags/example_local_kubernetes_executor.py", line 37, in <module>
    from kubernetes.client import models as k8s
ModuleNotFoundError: No module named 'kubernetes'
[2025-11-21T10:59:19.438+0300] {logging_mixin.py:137} INFO - [2025-11-21T10:59:19.438+0300] {example_local_kubernetes_executor.py:40} WARNING - Install Kubernetes dependencies with: pip install apache-airflow[cncf.kubernetes]
[2025-11-21T10:59:19.439+0300] {processor.py:755} WARNING - No viable dags retrieved from /home/pker/airflow_env/lib/python3.7/site-packages/airflow/example_dags/example_local_kubernetes_executor.py
[2025-11-21T10:59:19.459+0300] {processor.py:175} INFO - Processing /home/pker/airflow_env/lib/python3.7/site-packages/airflow/example_dags/example_local_kubernetes_executor.py took 0.089 seconds
[2025-11-21T11:00:07.888+0300] {processor.py:153} INFO - Started process (PID=31045) to work on /home/pker/airflow_env/lib/python3.7/site-packages/airflow/example_dags/example_local_kubernetes_executor.py
[2025-11-21T11:00:07.910+0300] {processor.py:743} INFO - Processing file /home/pker/airflow_env/lib/python3.7/site-packages/airflow/example_dags/example_local_kubernetes_executor.py for tasks to queue
[2025-11-21T11:00:07.912+0300] {logging_mixin.py:137} INFO - [2025-11-21T11:00:07.912+0300] {dagbag.py:532} INFO - Filling up the DagBag from /home/pker/airflow_env/lib/python3.7/site-packages/airflow/example_dags/example_local_kubernetes_executor.py
[2025-11-21T11:00:07.950+0300] {logging_mixin.py:137} INFO - [2025-11-21T11:00:07.949+0300] {example_local_kubernetes_executor.py:39} WARNING - Could not import DAGs in example_local_kubernetes_executor.py
Traceback (most recent call last):
  File "/home/pker/airflow_env/lib/python3.7/site-packages/airflow/example_dags/example_local_kubernetes_executor.py", line 37, in <module>
    from kubernetes.client import models as k8s
ModuleNotFoundError: No module named 'kubernetes'
[2025-11-21T11:00:07.950+0300] {logging_mixin.py:137} INFO - [2025-11-21T11:00:07.950+0300] {example_local_kubernetes_executor.py:40} WARNING - Install Kubernetes dependencies with: pip install apache-airflow[cncf.kubernetes]
[2025-11-21T11:00:07.951+0300] {processor.py:755} WARNING - No viable dags retrieved from /home/pker/airflow_env/lib/python3.7/site-packages/airflow/example_dags/example_local_kubernetes_executor.py
[2025-11-21T11:00:07.972+0300] {processor.py:175} INFO - Processing /home/pker/airflow_env/lib/python3.7/site-packages/airflow/example_dags/example_local_kubernetes_executor.py took 0.093 seconds
[2025-11-21T11:00:59.805+0300] {processor.py:153} INFO - Started process (PID=31102) to work on /home/pker/airflow_env/lib/python3.7/site-packages/airflow/example_dags/example_local_kubernetes_executor.py
[2025-11-21T11:00:59.829+0300] {processor.py:743} INFO - Processing file /home/pker/airflow_env/lib/python3.7/site-packages/airflow/example_dags/example_local_kubernetes_executor.py for tasks to queue
[2025-11-21T11:00:59.831+0300] {logging_mixin.py:137} INFO - [2025-11-21T11:00:59.831+0300] {dagbag.py:532} INFO - Filling up the DagBag from /home/pker/airflow_env/lib/python3.7/site-packages/airflow/example_dags/example_local_kubernetes_executor.py
[2025-11-21T11:00:59.864+0300] {logging_mixin.py:137} INFO - [2025-11-21T11:00:59.863+0300] {example_local_kubernetes_executor.py:39} WARNING - Could not import DAGs in example_local_kubernetes_executor.py
Traceback (most recent call last):
  File "/home/pker/airflow_env/lib/python3.7/site-packages/airflow/example_dags/example_local_kubernetes_executor.py", line 37, in <module>
    from kubernetes.client import models as k8s
ModuleNotFoundError: No module named 'kubernetes'
[2025-11-21T11:00:59.864+0300] {logging_mixin.py:137} INFO - [2025-11-21T11:00:59.864+0300] {example_local_kubernetes_executor.py:40} WARNING - Install Kubernetes dependencies with: pip install apache-airflow[cncf.kubernetes]
[2025-11-21T11:00:59.864+0300] {processor.py:755} WARNING - No viable dags retrieved from /home/pker/airflow_env/lib/python3.7/site-packages/airflow/example_dags/example_local_kubernetes_executor.py
[2025-11-21T11:00:59.880+0300] {processor.py:175} INFO - Processing /home/pker/airflow_env/lib/python3.7/site-packages/airflow/example_dags/example_local_kubernetes_executor.py took 0.082 seconds
[2025-11-21T11:01:49.088+0300] {processor.py:153} INFO - Started process (PID=31148) to work on /home/pker/airflow_env/lib/python3.7/site-packages/airflow/example_dags/example_local_kubernetes_executor.py
[2025-11-21T11:01:49.110+0300] {processor.py:743} INFO - Processing file /home/pker/airflow_env/lib/python3.7/site-packages/airflow/example_dags/example_local_kubernetes_executor.py for tasks to queue
[2025-11-21T11:01:49.112+0300] {logging_mixin.py:137} INFO - [2025-11-21T11:01:49.111+0300] {dagbag.py:532} INFO - Filling up the DagBag from /home/pker/airflow_env/lib/python3.7/site-packages/airflow/example_dags/example_local_kubernetes_executor.py
[2025-11-21T11:01:49.145+0300] {logging_mixin.py:137} INFO - [2025-11-21T11:01:49.144+0300] {example_local_kubernetes_executor.py:39} WARNING - Could not import DAGs in example_local_kubernetes_executor.py
Traceback (most recent call last):
  File "/home/pker/airflow_env/lib/python3.7/site-packages/airflow/example_dags/example_local_kubernetes_executor.py", line 37, in <module>
    from kubernetes.client import models as k8s
ModuleNotFoundError: No module named 'kubernetes'
[2025-11-21T11:01:49.146+0300] {logging_mixin.py:137} INFO - [2025-11-21T11:01:49.146+0300] {example_local_kubernetes_executor.py:40} WARNING - Install Kubernetes dependencies with: pip install apache-airflow[cncf.kubernetes]
[2025-11-21T11:01:49.146+0300] {processor.py:755} WARNING - No viable dags retrieved from /home/pker/airflow_env/lib/python3.7/site-packages/airflow/example_dags/example_local_kubernetes_executor.py
[2025-11-21T11:01:49.168+0300] {processor.py:175} INFO - Processing /home/pker/airflow_env/lib/python3.7/site-packages/airflow/example_dags/example_local_kubernetes_executor.py took 0.090 seconds
[2025-11-21T11:02:36.546+0300] {processor.py:153} INFO - Started process (PID=31192) to work on /home/pker/airflow_env/lib/python3.7/site-packages/airflow/example_dags/example_local_kubernetes_executor.py
[2025-11-21T11:02:36.569+0300] {processor.py:743} INFO - Processing file /home/pker/airflow_env/lib/python3.7/site-packages/airflow/example_dags/example_local_kubernetes_executor.py for tasks to queue
[2025-11-21T11:02:36.572+0300] {logging_mixin.py:137} INFO - [2025-11-21T11:02:36.572+0300] {dagbag.py:532} INFO - Filling up the DagBag from /home/pker/airflow_env/lib/python3.7/site-packages/airflow/example_dags/example_local_kubernetes_executor.py
[2025-11-21T11:02:36.603+0300] {logging_mixin.py:137} INFO - [2025-11-21T11:02:36.602+0300] {example_local_kubernetes_executor.py:39} WARNING - Could not import DAGs in example_local_kubernetes_executor.py
Traceback (most recent call last):
  File "/home/pker/airflow_env/lib/python3.7/site-packages/airflow/example_dags/example_local_kubernetes_executor.py", line 37, in <module>
    from kubernetes.client import models as k8s
ModuleNotFoundError: No module named 'kubernetes'
[2025-11-21T11:02:36.603+0300] {logging_mixin.py:137} INFO - [2025-11-21T11:02:36.603+0300] {example_local_kubernetes_executor.py:40} WARNING - Install Kubernetes dependencies with: pip install apache-airflow[cncf.kubernetes]
[2025-11-21T11:02:36.604+0300] {processor.py:755} WARNING - No viable dags retrieved from /home/pker/airflow_env/lib/python3.7/site-packages/airflow/example_dags/example_local_kubernetes_executor.py
[2025-11-21T11:02:36.620+0300] {processor.py:175} INFO - Processing /home/pker/airflow_env/lib/python3.7/site-packages/airflow/example_dags/example_local_kubernetes_executor.py took 0.080 seconds
[2025-11-21T11:03:21.558+0300] {processor.py:153} INFO - Started process (PID=31237) to work on /home/pker/airflow_env/lib/python3.7/site-packages/airflow/example_dags/example_local_kubernetes_executor.py
[2025-11-21T11:03:21.580+0300] {processor.py:743} INFO - Processing file /home/pker/airflow_env/lib/python3.7/site-packages/airflow/example_dags/example_local_kubernetes_executor.py for tasks to queue
[2025-11-21T11:03:21.583+0300] {logging_mixin.py:137} INFO - [2025-11-21T11:03:21.582+0300] {dagbag.py:532} INFO - Filling up the DagBag from /home/pker/airflow_env/lib/python3.7/site-packages/airflow/example_dags/example_local_kubernetes_executor.py
[2025-11-21T11:03:21.620+0300] {logging_mixin.py:137} INFO - [2025-11-21T11:03:21.619+0300] {example_local_kubernetes_executor.py:39} WARNING - Could not import DAGs in example_local_kubernetes_executor.py
Traceback (most recent call last):
  File "/home/pker/airflow_env/lib/python3.7/site-packages/airflow/example_dags/example_local_kubernetes_executor.py", line 37, in <module>
    from kubernetes.client import models as k8s
ModuleNotFoundError: No module named 'kubernetes'
[2025-11-21T11:03:21.621+0300] {logging_mixin.py:137} INFO - [2025-11-21T11:03:21.621+0300] {example_local_kubernetes_executor.py:40} WARNING - Install Kubernetes dependencies with: pip install apache-airflow[cncf.kubernetes]
[2025-11-21T11:03:21.622+0300] {processor.py:755} WARNING - No viable dags retrieved from /home/pker/airflow_env/lib/python3.7/site-packages/airflow/example_dags/example_local_kubernetes_executor.py
[2025-11-21T11:03:21.645+0300] {processor.py:175} INFO - Processing /home/pker/airflow_env/lib/python3.7/site-packages/airflow/example_dags/example_local_kubernetes_executor.py took 0.095 seconds
[2025-11-21T11:04:10.027+0300] {processor.py:153} INFO - Started process (PID=31282) to work on /home/pker/airflow_env/lib/python3.7/site-packages/airflow/example_dags/example_local_kubernetes_executor.py
[2025-11-21T11:04:10.050+0300] {processor.py:743} INFO - Processing file /home/pker/airflow_env/lib/python3.7/site-packages/airflow/example_dags/example_local_kubernetes_executor.py for tasks to queue
[2025-11-21T11:04:10.052+0300] {logging_mixin.py:137} INFO - [2025-11-21T11:04:10.052+0300] {dagbag.py:532} INFO - Filling up the DagBag from /home/pker/airflow_env/lib/python3.7/site-packages/airflow/example_dags/example_local_kubernetes_executor.py
[2025-11-21T11:04:10.086+0300] {logging_mixin.py:137} INFO - [2025-11-21T11:04:10.085+0300] {example_local_kubernetes_executor.py:39} WARNING - Could not import DAGs in example_local_kubernetes_executor.py
Traceback (most recent call last):
  File "/home/pker/airflow_env/lib/python3.7/site-packages/airflow/example_dags/example_local_kubernetes_executor.py", line 37, in <module>
    from kubernetes.client import models as k8s
ModuleNotFoundError: No module named 'kubernetes'
[2025-11-21T11:04:10.087+0300] {logging_mixin.py:137} INFO - [2025-11-21T11:04:10.087+0300] {example_local_kubernetes_executor.py:40} WARNING - Install Kubernetes dependencies with: pip install apache-airflow[cncf.kubernetes]
[2025-11-21T11:04:10.088+0300] {processor.py:755} WARNING - No viable dags retrieved from /home/pker/airflow_env/lib/python3.7/site-packages/airflow/example_dags/example_local_kubernetes_executor.py
[2025-11-21T11:04:10.110+0300] {processor.py:175} INFO - Processing /home/pker/airflow_env/lib/python3.7/site-packages/airflow/example_dags/example_local_kubernetes_executor.py took 0.089 seconds
[2025-11-21T11:04:57.334+0300] {processor.py:153} INFO - Started process (PID=31327) to work on /home/pker/airflow_env/lib/python3.7/site-packages/airflow/example_dags/example_local_kubernetes_executor.py
[2025-11-21T11:04:57.338+0300] {processor.py:743} INFO - Processing file /home/pker/airflow_env/lib/python3.7/site-packages/airflow/example_dags/example_local_kubernetes_executor.py for tasks to queue
[2025-11-21T11:04:57.340+0300] {logging_mixin.py:137} INFO - [2025-11-21T11:04:57.339+0300] {dagbag.py:532} INFO - Filling up the DagBag from /home/pker/airflow_env/lib/python3.7/site-packages/airflow/example_dags/example_local_kubernetes_executor.py
[2025-11-21T11:04:57.378+0300] {logging_mixin.py:137} INFO - [2025-11-21T11:04:57.377+0300] {example_local_kubernetes_executor.py:39} WARNING - Could not import DAGs in example_local_kubernetes_executor.py
Traceback (most recent call last):
  File "/home/pker/airflow_env/lib/python3.7/site-packages/airflow/example_dags/example_local_kubernetes_executor.py", line 37, in <module>
    from kubernetes.client import models as k8s
ModuleNotFoundError: No module named 'kubernetes'
[2025-11-21T11:04:57.379+0300] {logging_mixin.py:137} INFO - [2025-11-21T11:04:57.378+0300] {example_local_kubernetes_executor.py:40} WARNING - Install Kubernetes dependencies with: pip install apache-airflow[cncf.kubernetes]
[2025-11-21T11:04:57.379+0300] {processor.py:755} WARNING - No viable dags retrieved from /home/pker/airflow_env/lib/python3.7/site-packages/airflow/example_dags/example_local_kubernetes_executor.py
[2025-11-21T11:04:57.395+0300] {processor.py:175} INFO - Processing /home/pker/airflow_env/lib/python3.7/site-packages/airflow/example_dags/example_local_kubernetes_executor.py took 0.072 seconds
[2025-11-21T11:05:45.955+0300] {processor.py:153} INFO - Started process (PID=31380) to work on /home/pker/airflow_env/lib/python3.7/site-packages/airflow/example_dags/example_local_kubernetes_executor.py
[2025-11-21T11:05:45.979+0300] {processor.py:743} INFO - Processing file /home/pker/airflow_env/lib/python3.7/site-packages/airflow/example_dags/example_local_kubernetes_executor.py for tasks to queue
[2025-11-21T11:05:45.981+0300] {logging_mixin.py:137} INFO - [2025-11-21T11:05:45.981+0300] {dagbag.py:532} INFO - Filling up the DagBag from /home/pker/airflow_env/lib/python3.7/site-packages/airflow/example_dags/example_local_kubernetes_executor.py
[2025-11-21T11:05:46.010+0300] {logging_mixin.py:137} INFO - [2025-11-21T11:05:46.009+0300] {example_local_kubernetes_executor.py:39} WARNING - Could not import DAGs in example_local_kubernetes_executor.py
Traceback (most recent call last):
  File "/home/pker/airflow_env/lib/python3.7/site-packages/airflow/example_dags/example_local_kubernetes_executor.py", line 37, in <module>
    from kubernetes.client import models as k8s
ModuleNotFoundError: No module named 'kubernetes'
[2025-11-21T11:05:46.010+0300] {logging_mixin.py:137} INFO - [2025-11-21T11:05:46.010+0300] {example_local_kubernetes_executor.py:40} WARNING - Install Kubernetes dependencies with: pip install apache-airflow[cncf.kubernetes]
[2025-11-21T11:05:46.010+0300] {processor.py:755} WARNING - No viable dags retrieved from /home/pker/airflow_env/lib/python3.7/site-packages/airflow/example_dags/example_local_kubernetes_executor.py
[2025-11-21T11:05:46.024+0300] {processor.py:175} INFO - Processing /home/pker/airflow_env/lib/python3.7/site-packages/airflow/example_dags/example_local_kubernetes_executor.py took 0.075 seconds
[2025-11-21T11:06:35.335+0300] {processor.py:153} INFO - Started process (PID=31426) to work on /home/pker/airflow_env/lib/python3.7/site-packages/airflow/example_dags/example_local_kubernetes_executor.py
[2025-11-21T11:06:35.357+0300] {processor.py:743} INFO - Processing file /home/pker/airflow_env/lib/python3.7/site-packages/airflow/example_dags/example_local_kubernetes_executor.py for tasks to queue
[2025-11-21T11:06:35.359+0300] {logging_mixin.py:137} INFO - [2025-11-21T11:06:35.358+0300] {dagbag.py:532} INFO - Filling up the DagBag from /home/pker/airflow_env/lib/python3.7/site-packages/airflow/example_dags/example_local_kubernetes_executor.py
[2025-11-21T11:06:35.389+0300] {logging_mixin.py:137} INFO - [2025-11-21T11:06:35.388+0300] {example_local_kubernetes_executor.py:39} WARNING - Could not import DAGs in example_local_kubernetes_executor.py
Traceback (most recent call last):
  File "/home/pker/airflow_env/lib/python3.7/site-packages/airflow/example_dags/example_local_kubernetes_executor.py", line 37, in <module>
    from kubernetes.client import models as k8s
ModuleNotFoundError: No module named 'kubernetes'
[2025-11-21T11:06:35.389+0300] {logging_mixin.py:137} INFO - [2025-11-21T11:06:35.389+0300] {example_local_kubernetes_executor.py:40} WARNING - Install Kubernetes dependencies with: pip install apache-airflow[cncf.kubernetes]
[2025-11-21T11:06:35.390+0300] {processor.py:755} WARNING - No viable dags retrieved from /home/pker/airflow_env/lib/python3.7/site-packages/airflow/example_dags/example_local_kubernetes_executor.py
[2025-11-21T11:06:35.407+0300] {processor.py:175} INFO - Processing /home/pker/airflow_env/lib/python3.7/site-packages/airflow/example_dags/example_local_kubernetes_executor.py took 0.078 seconds
[2025-11-21T11:07:21.743+0300] {processor.py:153} INFO - Started process (PID=31474) to work on /home/pker/airflow_env/lib/python3.7/site-packages/airflow/example_dags/example_local_kubernetes_executor.py
[2025-11-21T11:07:21.763+0300] {processor.py:743} INFO - Processing file /home/pker/airflow_env/lib/python3.7/site-packages/airflow/example_dags/example_local_kubernetes_executor.py for tasks to queue
[2025-11-21T11:07:21.765+0300] {logging_mixin.py:137} INFO - [2025-11-21T11:07:21.765+0300] {dagbag.py:532} INFO - Filling up the DagBag from /home/pker/airflow_env/lib/python3.7/site-packages/airflow/example_dags/example_local_kubernetes_executor.py
[2025-11-21T11:07:21.793+0300] {logging_mixin.py:137} INFO - [2025-11-21T11:07:21.792+0300] {example_local_kubernetes_executor.py:39} WARNING - Could not import DAGs in example_local_kubernetes_executor.py
Traceback (most recent call last):
  File "/home/pker/airflow_env/lib/python3.7/site-packages/airflow/example_dags/example_local_kubernetes_executor.py", line 37, in <module>
    from kubernetes.client import models as k8s
ModuleNotFoundError: No module named 'kubernetes'
[2025-11-21T11:07:21.793+0300] {logging_mixin.py:137} INFO - [2025-11-21T11:07:21.793+0300] {example_local_kubernetes_executor.py:40} WARNING - Install Kubernetes dependencies with: pip install apache-airflow[cncf.kubernetes]
[2025-11-21T11:07:21.793+0300] {processor.py:755} WARNING - No viable dags retrieved from /home/pker/airflow_env/lib/python3.7/site-packages/airflow/example_dags/example_local_kubernetes_executor.py
[2025-11-21T11:07:21.805+0300] {processor.py:175} INFO - Processing /home/pker/airflow_env/lib/python3.7/site-packages/airflow/example_dags/example_local_kubernetes_executor.py took 0.070 seconds
[2025-11-21T11:08:10.811+0300] {processor.py:153} INFO - Started process (PID=31543) to work on /home/pker/airflow_env/lib/python3.7/site-packages/airflow/example_dags/example_local_kubernetes_executor.py
[2025-11-21T11:08:10.834+0300] {processor.py:743} INFO - Processing file /home/pker/airflow_env/lib/python3.7/site-packages/airflow/example_dags/example_local_kubernetes_executor.py for tasks to queue
[2025-11-21T11:08:10.836+0300] {logging_mixin.py:137} INFO - [2025-11-21T11:08:10.836+0300] {dagbag.py:532} INFO - Filling up the DagBag from /home/pker/airflow_env/lib/python3.7/site-packages/airflow/example_dags/example_local_kubernetes_executor.py
[2025-11-21T11:08:10.873+0300] {logging_mixin.py:137} INFO - [2025-11-21T11:08:10.872+0300] {example_local_kubernetes_executor.py:39} WARNING - Could not import DAGs in example_local_kubernetes_executor.py
Traceback (most recent call last):
  File "/home/pker/airflow_env/lib/python3.7/site-packages/airflow/example_dags/example_local_kubernetes_executor.py", line 37, in <module>
    from kubernetes.client import models as k8s
ModuleNotFoundError: No module named 'kubernetes'
[2025-11-21T11:08:10.873+0300] {logging_mixin.py:137} INFO - [2025-11-21T11:08:10.873+0300] {example_local_kubernetes_executor.py:40} WARNING - Install Kubernetes dependencies with: pip install apache-airflow[cncf.kubernetes]
[2025-11-21T11:08:10.873+0300] {processor.py:755} WARNING - No viable dags retrieved from /home/pker/airflow_env/lib/python3.7/site-packages/airflow/example_dags/example_local_kubernetes_executor.py
[2025-11-21T11:08:10.893+0300] {processor.py:175} INFO - Processing /home/pker/airflow_env/lib/python3.7/site-packages/airflow/example_dags/example_local_kubernetes_executor.py took 0.089 seconds
[2025-11-21T11:08:59.035+0300] {processor.py:153} INFO - Started process (PID=31590) to work on /home/pker/airflow_env/lib/python3.7/site-packages/airflow/example_dags/example_local_kubernetes_executor.py
[2025-11-21T11:08:59.057+0300] {processor.py:743} INFO - Processing file /home/pker/airflow_env/lib/python3.7/site-packages/airflow/example_dags/example_local_kubernetes_executor.py for tasks to queue
[2025-11-21T11:08:59.060+0300] {logging_mixin.py:137} INFO - [2025-11-21T11:08:59.059+0300] {dagbag.py:532} INFO - Filling up the DagBag from /home/pker/airflow_env/lib/python3.7/site-packages/airflow/example_dags/example_local_kubernetes_executor.py
[2025-11-21T11:08:59.089+0300] {logging_mixin.py:137} INFO - [2025-11-21T11:08:59.088+0300] {example_local_kubernetes_executor.py:39} WARNING - Could not import DAGs in example_local_kubernetes_executor.py
Traceback (most recent call last):
  File "/home/pker/airflow_env/lib/python3.7/site-packages/airflow/example_dags/example_local_kubernetes_executor.py", line 37, in <module>
    from kubernetes.client import models as k8s
ModuleNotFoundError: No module named 'kubernetes'
[2025-11-21T11:08:59.089+0300] {logging_mixin.py:137} INFO - [2025-11-21T11:08:59.089+0300] {example_local_kubernetes_executor.py:40} WARNING - Install Kubernetes dependencies with: pip install apache-airflow[cncf.kubernetes]
[2025-11-21T11:08:59.089+0300] {processor.py:755} WARNING - No viable dags retrieved from /home/pker/airflow_env/lib/python3.7/site-packages/airflow/example_dags/example_local_kubernetes_executor.py
[2025-11-21T11:08:59.104+0300] {processor.py:175} INFO - Processing /home/pker/airflow_env/lib/python3.7/site-packages/airflow/example_dags/example_local_kubernetes_executor.py took 0.074 seconds
