[2025-11-21T10:43:58.929+0300] {processor.py:153} INFO - Started process (PID=30086) to work on /home/pker/airflow_env/lib/python3.7/site-packages/airflow/example_dags/example_datasets.py
[2025-11-21T10:43:58.930+0300] {processor.py:743} INFO - Processing file /home/pker/airflow_env/lib/python3.7/site-packages/airflow/example_dags/example_datasets.py for tasks to queue
[2025-11-21T10:43:58.932+0300] {logging_mixin.py:137} INFO - [2025-11-21T10:43:58.931+0300] {dagbag.py:532} INFO - Filling up the DagBag from /home/pker/airflow_env/lib/python3.7/site-packages/airflow/example_dags/example_datasets.py
[2025-11-21T10:43:58.986+0300] {processor.py:753} INFO - DAG(s) dict_keys(['dataset_consumes_1_and_2', 'dataset_produces_2', 'dataset_consumes_1_never_scheduled', 'dataset_consumes_unknown_never_scheduled', 'dataset_produces_1', 'dataset_consumes_1']) retrieved from /home/pker/airflow_env/lib/python3.7/site-packages/airflow/example_dags/example_datasets.py
[2025-11-21T10:43:59.179+0300] {logging_mixin.py:137} INFO - [2025-11-21T10:43:59.178+0300] {manager.py:504} INFO - Created Permission View: can delete on DAG:dataset_consumes_1_and_2
[2025-11-21T10:43:59.202+0300] {logging_mixin.py:137} INFO - [2025-11-21T10:43:59.202+0300] {manager.py:504} INFO - Created Permission View: can read on DAG:dataset_consumes_1_and_2
[2025-11-21T10:43:59.221+0300] {logging_mixin.py:137} INFO - [2025-11-21T10:43:59.221+0300] {manager.py:504} INFO - Created Permission View: can edit on DAG:dataset_consumes_1_and_2
[2025-11-21T10:43:59.259+0300] {logging_mixin.py:137} INFO - [2025-11-21T10:43:59.259+0300] {manager.py:504} INFO - Created Permission View: can delete on DAG:dataset_produces_2
[2025-11-21T10:43:59.278+0300] {logging_mixin.py:137} INFO - [2025-11-21T10:43:59.278+0300] {manager.py:504} INFO - Created Permission View: can read on DAG:dataset_produces_2
[2025-11-21T10:43:59.298+0300] {logging_mixin.py:137} INFO - [2025-11-21T10:43:59.298+0300] {manager.py:504} INFO - Created Permission View: can edit on DAG:dataset_produces_2
[2025-11-21T10:43:59.342+0300] {logging_mixin.py:137} INFO - [2025-11-21T10:43:59.342+0300] {manager.py:504} INFO - Created Permission View: can delete on DAG:dataset_consumes_1_never_scheduled
[2025-11-21T10:43:59.362+0300] {logging_mixin.py:137} INFO - [2025-11-21T10:43:59.361+0300] {manager.py:504} INFO - Created Permission View: can read on DAG:dataset_consumes_1_never_scheduled
[2025-11-21T10:43:59.382+0300] {logging_mixin.py:137} INFO - [2025-11-21T10:43:59.381+0300] {manager.py:504} INFO - Created Permission View: can edit on DAG:dataset_consumes_1_never_scheduled
[2025-11-21T10:43:59.424+0300] {logging_mixin.py:137} INFO - [2025-11-21T10:43:59.424+0300] {manager.py:504} INFO - Created Permission View: can delete on DAG:dataset_consumes_unknown_never_scheduled
[2025-11-21T10:43:59.443+0300] {logging_mixin.py:137} INFO - [2025-11-21T10:43:59.442+0300] {manager.py:504} INFO - Created Permission View: can read on DAG:dataset_consumes_unknown_never_scheduled
[2025-11-21T10:43:59.460+0300] {logging_mixin.py:137} INFO - [2025-11-21T10:43:59.459+0300] {manager.py:504} INFO - Created Permission View: can edit on DAG:dataset_consumes_unknown_never_scheduled
[2025-11-21T10:43:59.492+0300] {logging_mixin.py:137} INFO - [2025-11-21T10:43:59.492+0300] {manager.py:504} INFO - Created Permission View: can delete on DAG:dataset_produces_1
[2025-11-21T10:43:59.504+0300] {logging_mixin.py:137} INFO - [2025-11-21T10:43:59.504+0300] {manager.py:504} INFO - Created Permission View: can read on DAG:dataset_produces_1
[2025-11-21T10:43:59.516+0300] {logging_mixin.py:137} INFO - [2025-11-21T10:43:59.516+0300] {manager.py:504} INFO - Created Permission View: can edit on DAG:dataset_produces_1
[2025-11-21T10:43:59.540+0300] {logging_mixin.py:137} INFO - [2025-11-21T10:43:59.540+0300] {manager.py:504} INFO - Created Permission View: can delete on DAG:dataset_consumes_1
[2025-11-21T10:43:59.552+0300] {logging_mixin.py:137} INFO - [2025-11-21T10:43:59.552+0300] {manager.py:504} INFO - Created Permission View: can read on DAG:dataset_consumes_1
[2025-11-21T10:43:59.564+0300] {logging_mixin.py:137} INFO - [2025-11-21T10:43:59.563+0300] {manager.py:504} INFO - Created Permission View: can edit on DAG:dataset_consumes_1
[2025-11-21T10:43:59.564+0300] {logging_mixin.py:137} INFO - [2025-11-21T10:43:59.564+0300] {dag.py:2705} INFO - Sync 6 DAGs
[2025-11-21T10:43:59.586+0300] {logging_mixin.py:137} INFO - [2025-11-21T10:43:59.586+0300] {dag.py:2726} INFO - Creating ORM DAG for dataset_consumes_unknown_never_scheduled
[2025-11-21T10:43:59.587+0300] {logging_mixin.py:137} INFO - [2025-11-21T10:43:59.587+0300] {dag.py:2726} INFO - Creating ORM DAG for dataset_consumes_1
[2025-11-21T10:43:59.587+0300] {logging_mixin.py:137} INFO - [2025-11-21T10:43:59.587+0300] {dag.py:2726} INFO - Creating ORM DAG for dataset_consumes_1_never_scheduled
[2025-11-21T10:43:59.588+0300] {logging_mixin.py:137} INFO - [2025-11-21T10:43:59.587+0300] {dag.py:2726} INFO - Creating ORM DAG for dataset_consumes_1_and_2
[2025-11-21T10:43:59.588+0300] {logging_mixin.py:137} INFO - [2025-11-21T10:43:59.588+0300] {dag.py:2726} INFO - Creating ORM DAG for dataset_produces_1
[2025-11-21T10:43:59.588+0300] {logging_mixin.py:137} INFO - [2025-11-21T10:43:59.588+0300] {dag.py:2726} INFO - Creating ORM DAG for dataset_produces_2
[2025-11-21T10:43:59.602+0300] {logging_mixin.py:137} INFO - [2025-11-21T10:43:59.602+0300] {dag.py:3456} INFO - Setting next_dagrun for dataset_consumes_1 to None, run_after=None
[2025-11-21T10:43:59.603+0300] {logging_mixin.py:137} INFO - [2025-11-21T10:43:59.603+0300] {dag.py:3456} INFO - Setting next_dagrun for dataset_consumes_1_and_2 to None, run_after=None
[2025-11-21T10:43:59.604+0300] {logging_mixin.py:137} INFO - [2025-11-21T10:43:59.604+0300] {dag.py:3456} INFO - Setting next_dagrun for dataset_consumes_1_never_scheduled to None, run_after=None
[2025-11-21T10:43:59.605+0300] {logging_mixin.py:137} INFO - [2025-11-21T10:43:59.604+0300] {dag.py:3456} INFO - Setting next_dagrun for dataset_consumes_unknown_never_scheduled to None, run_after=None
[2025-11-21T10:43:59.608+0300] {logging_mixin.py:137} INFO - [2025-11-21T10:43:59.608+0300] {dag.py:3456} INFO - Setting next_dagrun for dataset_produces_1 to 2025-11-20T00:00:00+00:00, run_after=2025-11-21T00:00:00+00:00
[2025-11-21T10:43:59.609+0300] {logging_mixin.py:137} INFO - [2025-11-21T10:43:59.608+0300] {dag.py:3456} INFO - Setting next_dagrun for dataset_produces_2 to None, run_after=None
[2025-11-21T10:43:59.677+0300] {processor.py:175} INFO - Processing /home/pker/airflow_env/lib/python3.7/site-packages/airflow/example_dags/example_datasets.py took 0.753 seconds
[2025-11-21T10:44:50.309+0300] {processor.py:153} INFO - Started process (PID=30130) to work on /home/pker/airflow_env/lib/python3.7/site-packages/airflow/example_dags/example_datasets.py
[2025-11-21T10:44:50.334+0300] {processor.py:743} INFO - Processing file /home/pker/airflow_env/lib/python3.7/site-packages/airflow/example_dags/example_datasets.py for tasks to queue
[2025-11-21T10:44:50.336+0300] {logging_mixin.py:137} INFO - [2025-11-21T10:44:50.335+0300] {dagbag.py:532} INFO - Filling up the DagBag from /home/pker/airflow_env/lib/python3.7/site-packages/airflow/example_dags/example_datasets.py
[2025-11-21T10:44:50.365+0300] {processor.py:753} INFO - DAG(s) dict_keys(['dataset_produces_1', 'dataset_consumes_unknown_never_scheduled', 'dataset_produces_2', 'dataset_consumes_1_never_scheduled', 'dataset_consumes_1_and_2', 'dataset_consumes_1']) retrieved from /home/pker/airflow_env/lib/python3.7/site-packages/airflow/example_dags/example_datasets.py
[2025-11-21T10:44:50.418+0300] {logging_mixin.py:137} INFO - [2025-11-21T10:44:50.418+0300] {dag.py:2705} INFO - Sync 6 DAGs
[2025-11-21T10:44:50.450+0300] {logging_mixin.py:137} INFO - [2025-11-21T10:44:50.449+0300] {dag.py:3456} INFO - Setting next_dagrun for dataset_consumes_1 to None, run_after=None
[2025-11-21T10:44:50.453+0300] {logging_mixin.py:137} INFO - [2025-11-21T10:44:50.453+0300] {dag.py:3456} INFO - Setting next_dagrun for dataset_consumes_1_and_2 to None, run_after=None
[2025-11-21T10:44:50.454+0300] {logging_mixin.py:137} INFO - [2025-11-21T10:44:50.454+0300] {dag.py:3456} INFO - Setting next_dagrun for dataset_consumes_1_never_scheduled to None, run_after=None
[2025-11-21T10:44:50.455+0300] {logging_mixin.py:137} INFO - [2025-11-21T10:44:50.455+0300] {dag.py:3456} INFO - Setting next_dagrun for dataset_consumes_unknown_never_scheduled to None, run_after=None
[2025-11-21T10:44:50.458+0300] {logging_mixin.py:137} INFO - [2025-11-21T10:44:50.458+0300] {dag.py:3456} INFO - Setting next_dagrun for dataset_produces_1 to 2025-11-20T00:00:00+00:00, run_after=2025-11-21T00:00:00+00:00
[2025-11-21T10:44:50.459+0300] {logging_mixin.py:137} INFO - [2025-11-21T10:44:50.459+0300] {dag.py:3456} INFO - Setting next_dagrun for dataset_produces_2 to None, run_after=None
[2025-11-21T10:44:50.527+0300] {processor.py:175} INFO - Processing /home/pker/airflow_env/lib/python3.7/site-packages/airflow/example_dags/example_datasets.py took 0.224 seconds
[2025-11-21T10:45:40.954+0300] {processor.py:153} INFO - Started process (PID=30196) to work on /home/pker/airflow_env/lib/python3.7/site-packages/airflow/example_dags/example_datasets.py
[2025-11-21T10:45:40.976+0300] {processor.py:743} INFO - Processing file /home/pker/airflow_env/lib/python3.7/site-packages/airflow/example_dags/example_datasets.py for tasks to queue
[2025-11-21T10:45:40.979+0300] {logging_mixin.py:137} INFO - [2025-11-21T10:45:40.979+0300] {dagbag.py:532} INFO - Filling up the DagBag from /home/pker/airflow_env/lib/python3.7/site-packages/airflow/example_dags/example_datasets.py
[2025-11-21T10:45:41.022+0300] {processor.py:753} INFO - DAG(s) dict_keys(['dataset_consumes_1_and_2', 'dataset_consumes_1_never_scheduled', 'dataset_consumes_unknown_never_scheduled', 'dataset_produces_2', 'dataset_produces_1', 'dataset_consumes_1']) retrieved from /home/pker/airflow_env/lib/python3.7/site-packages/airflow/example_dags/example_datasets.py
[2025-11-21T10:45:41.076+0300] {logging_mixin.py:137} INFO - [2025-11-21T10:45:41.076+0300] {dag.py:2705} INFO - Sync 6 DAGs
[2025-11-21T10:45:41.127+0300] {logging_mixin.py:137} INFO - [2025-11-21T10:45:41.127+0300] {dag.py:3456} INFO - Setting next_dagrun for dataset_consumes_1 to None, run_after=None
[2025-11-21T10:45:41.132+0300] {logging_mixin.py:137} INFO - [2025-11-21T10:45:41.131+0300] {dag.py:3456} INFO - Setting next_dagrun for dataset_consumes_1_and_2 to None, run_after=None
[2025-11-21T10:45:41.133+0300] {logging_mixin.py:137} INFO - [2025-11-21T10:45:41.133+0300] {dag.py:3456} INFO - Setting next_dagrun for dataset_consumes_1_never_scheduled to None, run_after=None
[2025-11-21T10:45:41.134+0300] {logging_mixin.py:137} INFO - [2025-11-21T10:45:41.134+0300] {dag.py:3456} INFO - Setting next_dagrun for dataset_consumes_unknown_never_scheduled to None, run_after=None
[2025-11-21T10:45:41.137+0300] {logging_mixin.py:137} INFO - [2025-11-21T10:45:41.137+0300] {dag.py:3456} INFO - Setting next_dagrun for dataset_produces_1 to 2025-11-20T00:00:00+00:00, run_after=2025-11-21T00:00:00+00:00
[2025-11-21T10:45:41.138+0300] {logging_mixin.py:137} INFO - [2025-11-21T10:45:41.138+0300] {dag.py:3456} INFO - Setting next_dagrun for dataset_produces_2 to None, run_after=None
[2025-11-21T10:45:41.216+0300] {processor.py:175} INFO - Processing /home/pker/airflow_env/lib/python3.7/site-packages/airflow/example_dags/example_datasets.py took 0.269 seconds
[2025-11-21T10:46:27.976+0300] {processor.py:153} INFO - Started process (PID=30243) to work on /home/pker/airflow_env/lib/python3.7/site-packages/airflow/example_dags/example_datasets.py
[2025-11-21T10:46:27.979+0300] {processor.py:743} INFO - Processing file /home/pker/airflow_env/lib/python3.7/site-packages/airflow/example_dags/example_datasets.py for tasks to queue
[2025-11-21T10:46:27.982+0300] {logging_mixin.py:137} INFO - [2025-11-21T10:46:27.982+0300] {dagbag.py:532} INFO - Filling up the DagBag from /home/pker/airflow_env/lib/python3.7/site-packages/airflow/example_dags/example_datasets.py
[2025-11-21T10:46:28.014+0300] {processor.py:753} INFO - DAG(s) dict_keys(['dataset_consumes_1', 'dataset_consumes_unknown_never_scheduled', 'dataset_produces_2', 'dataset_consumes_1_and_2', 'dataset_consumes_1_never_scheduled', 'dataset_produces_1']) retrieved from /home/pker/airflow_env/lib/python3.7/site-packages/airflow/example_dags/example_datasets.py
[2025-11-21T10:46:28.054+0300] {logging_mixin.py:137} INFO - [2025-11-21T10:46:28.053+0300] {dag.py:2705} INFO - Sync 6 DAGs
[2025-11-21T10:46:28.082+0300] {logging_mixin.py:137} INFO - [2025-11-21T10:46:28.082+0300] {dag.py:3456} INFO - Setting next_dagrun for dataset_consumes_1 to None, run_after=None
[2025-11-21T10:46:28.087+0300] {logging_mixin.py:137} INFO - [2025-11-21T10:46:28.086+0300] {dag.py:3456} INFO - Setting next_dagrun for dataset_consumes_1_and_2 to None, run_after=None
[2025-11-21T10:46:28.088+0300] {logging_mixin.py:137} INFO - [2025-11-21T10:46:28.087+0300] {dag.py:3456} INFO - Setting next_dagrun for dataset_consumes_1_never_scheduled to None, run_after=None
[2025-11-21T10:46:28.088+0300] {logging_mixin.py:137} INFO - [2025-11-21T10:46:28.088+0300] {dag.py:3456} INFO - Setting next_dagrun for dataset_consumes_unknown_never_scheduled to None, run_after=None
[2025-11-21T10:46:28.092+0300] {logging_mixin.py:137} INFO - [2025-11-21T10:46:28.092+0300] {dag.py:3456} INFO - Setting next_dagrun for dataset_produces_1 to 2025-11-20T00:00:00+00:00, run_after=2025-11-21T00:00:00+00:00
[2025-11-21T10:46:28.093+0300] {logging_mixin.py:137} INFO - [2025-11-21T10:46:28.093+0300] {dag.py:3456} INFO - Setting next_dagrun for dataset_produces_2 to None, run_after=None
[2025-11-21T10:46:28.161+0300] {processor.py:175} INFO - Processing /home/pker/airflow_env/lib/python3.7/site-packages/airflow/example_dags/example_datasets.py took 0.189 seconds
[2025-11-21T10:47:16.308+0300] {processor.py:153} INFO - Started process (PID=30288) to work on /home/pker/airflow_env/lib/python3.7/site-packages/airflow/example_dags/example_datasets.py
[2025-11-21T10:47:16.331+0300] {processor.py:743} INFO - Processing file /home/pker/airflow_env/lib/python3.7/site-packages/airflow/example_dags/example_datasets.py for tasks to queue
[2025-11-21T10:47:16.334+0300] {logging_mixin.py:137} INFO - [2025-11-21T10:47:16.333+0300] {dagbag.py:532} INFO - Filling up the DagBag from /home/pker/airflow_env/lib/python3.7/site-packages/airflow/example_dags/example_datasets.py
[2025-11-21T10:47:16.367+0300] {processor.py:753} INFO - DAG(s) dict_keys(['dataset_consumes_1_never_scheduled', 'dataset_produces_1', 'dataset_consumes_unknown_never_scheduled', 'dataset_produces_2', 'dataset_consumes_1', 'dataset_consumes_1_and_2']) retrieved from /home/pker/airflow_env/lib/python3.7/site-packages/airflow/example_dags/example_datasets.py
[2025-11-21T10:47:16.424+0300] {logging_mixin.py:137} INFO - [2025-11-21T10:47:16.424+0300] {dag.py:2705} INFO - Sync 6 DAGs
[2025-11-21T10:47:16.460+0300] {logging_mixin.py:137} INFO - [2025-11-21T10:47:16.460+0300] {dag.py:3456} INFO - Setting next_dagrun for dataset_consumes_1 to None, run_after=None
[2025-11-21T10:47:16.466+0300] {logging_mixin.py:137} INFO - [2025-11-21T10:47:16.465+0300] {dag.py:3456} INFO - Setting next_dagrun for dataset_consumes_1_and_2 to None, run_after=None
[2025-11-21T10:47:16.468+0300] {logging_mixin.py:137} INFO - [2025-11-21T10:47:16.468+0300] {dag.py:3456} INFO - Setting next_dagrun for dataset_consumes_1_never_scheduled to None, run_after=None
[2025-11-21T10:47:16.470+0300] {logging_mixin.py:137} INFO - [2025-11-21T10:47:16.469+0300] {dag.py:3456} INFO - Setting next_dagrun for dataset_consumes_unknown_never_scheduled to None, run_after=None
[2025-11-21T10:47:16.473+0300] {logging_mixin.py:137} INFO - [2025-11-21T10:47:16.473+0300] {dag.py:3456} INFO - Setting next_dagrun for dataset_produces_1 to 2025-11-20T00:00:00+00:00, run_after=2025-11-21T00:00:00+00:00
[2025-11-21T10:47:16.474+0300] {logging_mixin.py:137} INFO - [2025-11-21T10:47:16.474+0300] {dag.py:3456} INFO - Setting next_dagrun for dataset_produces_2 to None, run_after=None
[2025-11-21T10:47:16.553+0300] {processor.py:175} INFO - Processing /home/pker/airflow_env/lib/python3.7/site-packages/airflow/example_dags/example_datasets.py took 0.251 seconds
[2025-11-21T10:48:02.610+0300] {processor.py:153} INFO - Started process (PID=30332) to work on /home/pker/airflow_env/lib/python3.7/site-packages/airflow/example_dags/example_datasets.py
[2025-11-21T10:48:02.634+0300] {processor.py:743} INFO - Processing file /home/pker/airflow_env/lib/python3.7/site-packages/airflow/example_dags/example_datasets.py for tasks to queue
[2025-11-21T10:48:02.636+0300] {logging_mixin.py:137} INFO - [2025-11-21T10:48:02.636+0300] {dagbag.py:532} INFO - Filling up the DagBag from /home/pker/airflow_env/lib/python3.7/site-packages/airflow/example_dags/example_datasets.py
[2025-11-21T10:48:02.666+0300] {processor.py:753} INFO - DAG(s) dict_keys(['dataset_consumes_1_and_2', 'dataset_consumes_unknown_never_scheduled', 'dataset_produces_1', 'dataset_produces_2', 'dataset_consumes_1_never_scheduled', 'dataset_consumes_1']) retrieved from /home/pker/airflow_env/lib/python3.7/site-packages/airflow/example_dags/example_datasets.py
[2025-11-21T10:48:02.715+0300] {logging_mixin.py:137} INFO - [2025-11-21T10:48:02.715+0300] {dag.py:2705} INFO - Sync 6 DAGs
[2025-11-21T10:48:02.751+0300] {logging_mixin.py:137} INFO - [2025-11-21T10:48:02.751+0300] {dag.py:3456} INFO - Setting next_dagrun for dataset_consumes_1 to None, run_after=None
[2025-11-21T10:48:02.756+0300] {logging_mixin.py:137} INFO - [2025-11-21T10:48:02.756+0300] {dag.py:3456} INFO - Setting next_dagrun for dataset_consumes_1_and_2 to None, run_after=None
[2025-11-21T10:48:02.757+0300] {logging_mixin.py:137} INFO - [2025-11-21T10:48:02.757+0300] {dag.py:3456} INFO - Setting next_dagrun for dataset_consumes_1_never_scheduled to None, run_after=None
[2025-11-21T10:48:02.758+0300] {logging_mixin.py:137} INFO - [2025-11-21T10:48:02.758+0300] {dag.py:3456} INFO - Setting next_dagrun for dataset_consumes_unknown_never_scheduled to None, run_after=None
[2025-11-21T10:48:02.761+0300] {logging_mixin.py:137} INFO - [2025-11-21T10:48:02.761+0300] {dag.py:3456} INFO - Setting next_dagrun for dataset_produces_1 to 2025-11-20T00:00:00+00:00, run_after=2025-11-21T00:00:00+00:00
[2025-11-21T10:48:02.762+0300] {logging_mixin.py:137} INFO - [2025-11-21T10:48:02.762+0300] {dag.py:3456} INFO - Setting next_dagrun for dataset_produces_2 to None, run_after=None
[2025-11-21T10:48:02.800+0300] {processor.py:175} INFO - Processing /home/pker/airflow_env/lib/python3.7/site-packages/airflow/example_dags/example_datasets.py took 0.195 seconds
[2025-11-21T10:48:50.250+0300] {processor.py:153} INFO - Started process (PID=30378) to work on /home/pker/airflow_env/lib/python3.7/site-packages/airflow/example_dags/example_datasets.py
[2025-11-21T10:48:50.272+0300] {processor.py:743} INFO - Processing file /home/pker/airflow_env/lib/python3.7/site-packages/airflow/example_dags/example_datasets.py for tasks to queue
[2025-11-21T10:48:50.274+0300] {logging_mixin.py:137} INFO - [2025-11-21T10:48:50.274+0300] {dagbag.py:532} INFO - Filling up the DagBag from /home/pker/airflow_env/lib/python3.7/site-packages/airflow/example_dags/example_datasets.py
[2025-11-21T10:48:50.306+0300] {processor.py:753} INFO - DAG(s) dict_keys(['dataset_consumes_1', 'dataset_consumes_1_never_scheduled', 'dataset_consumes_unknown_never_scheduled', 'dataset_consumes_1_and_2', 'dataset_produces_1', 'dataset_produces_2']) retrieved from /home/pker/airflow_env/lib/python3.7/site-packages/airflow/example_dags/example_datasets.py
[2025-11-21T10:48:50.366+0300] {logging_mixin.py:137} INFO - [2025-11-21T10:48:50.366+0300] {dag.py:2705} INFO - Sync 6 DAGs
[2025-11-21T10:48:50.407+0300] {logging_mixin.py:137} INFO - [2025-11-21T10:48:50.407+0300] {dag.py:3456} INFO - Setting next_dagrun for dataset_consumes_1 to None, run_after=None
[2025-11-21T10:48:50.411+0300] {logging_mixin.py:137} INFO - [2025-11-21T10:48:50.411+0300] {dag.py:3456} INFO - Setting next_dagrun for dataset_consumes_1_and_2 to None, run_after=None
[2025-11-21T10:48:50.412+0300] {logging_mixin.py:137} INFO - [2025-11-21T10:48:50.412+0300] {dag.py:3456} INFO - Setting next_dagrun for dataset_consumes_1_never_scheduled to None, run_after=None
[2025-11-21T10:48:50.413+0300] {logging_mixin.py:137} INFO - [2025-11-21T10:48:50.413+0300] {dag.py:3456} INFO - Setting next_dagrun for dataset_consumes_unknown_never_scheduled to None, run_after=None
[2025-11-21T10:48:50.416+0300] {logging_mixin.py:137} INFO - [2025-11-21T10:48:50.416+0300] {dag.py:3456} INFO - Setting next_dagrun for dataset_produces_1 to 2025-11-20T00:00:00+00:00, run_after=2025-11-21T00:00:00+00:00
[2025-11-21T10:48:50.417+0300] {logging_mixin.py:137} INFO - [2025-11-21T10:48:50.417+0300] {dag.py:3456} INFO - Setting next_dagrun for dataset_produces_2 to None, run_after=None
[2025-11-21T10:48:50.480+0300] {processor.py:175} INFO - Processing /home/pker/airflow_env/lib/python3.7/site-packages/airflow/example_dags/example_datasets.py took 0.236 seconds
[2025-11-21T10:49:37.713+0300] {processor.py:153} INFO - Started process (PID=30431) to work on /home/pker/airflow_env/lib/python3.7/site-packages/airflow/example_dags/example_datasets.py
[2025-11-21T10:49:37.737+0300] {processor.py:743} INFO - Processing file /home/pker/airflow_env/lib/python3.7/site-packages/airflow/example_dags/example_datasets.py for tasks to queue
[2025-11-21T10:49:37.740+0300] {logging_mixin.py:137} INFO - [2025-11-21T10:49:37.739+0300] {dagbag.py:532} INFO - Filling up the DagBag from /home/pker/airflow_env/lib/python3.7/site-packages/airflow/example_dags/example_datasets.py
[2025-11-21T10:49:37.790+0300] {processor.py:753} INFO - DAG(s) dict_keys(['dataset_produces_2', 'dataset_consumes_1', 'dataset_produces_1', 'dataset_consumes_unknown_never_scheduled', 'dataset_consumes_1_and_2', 'dataset_consumes_1_never_scheduled']) retrieved from /home/pker/airflow_env/lib/python3.7/site-packages/airflow/example_dags/example_datasets.py
[2025-11-21T10:49:37.880+0300] {logging_mixin.py:137} INFO - [2025-11-21T10:49:37.879+0300] {dag.py:2705} INFO - Sync 6 DAGs
[2025-11-21T10:49:37.940+0300] {logging_mixin.py:137} INFO - [2025-11-21T10:49:37.939+0300] {dag.py:3456} INFO - Setting next_dagrun for dataset_consumes_1 to None, run_after=None
[2025-11-21T10:49:37.948+0300] {logging_mixin.py:137} INFO - [2025-11-21T10:49:37.947+0300] {dag.py:3456} INFO - Setting next_dagrun for dataset_consumes_1_and_2 to None, run_after=None
[2025-11-21T10:49:37.949+0300] {logging_mixin.py:137} INFO - [2025-11-21T10:49:37.949+0300] {dag.py:3456} INFO - Setting next_dagrun for dataset_consumes_1_never_scheduled to None, run_after=None
[2025-11-21T10:49:37.951+0300] {logging_mixin.py:137} INFO - [2025-11-21T10:49:37.951+0300] {dag.py:3456} INFO - Setting next_dagrun for dataset_consumes_unknown_never_scheduled to None, run_after=None
[2025-11-21T10:49:37.957+0300] {logging_mixin.py:137} INFO - [2025-11-21T10:49:37.957+0300] {dag.py:3456} INFO - Setting next_dagrun for dataset_produces_1 to 2025-11-20T00:00:00+00:00, run_after=2025-11-21T00:00:00+00:00
[2025-11-21T10:49:37.960+0300] {logging_mixin.py:137} INFO - [2025-11-21T10:49:37.960+0300] {dag.py:3456} INFO - Setting next_dagrun for dataset_produces_2 to None, run_after=None
[2025-11-21T10:49:38.033+0300] {processor.py:175} INFO - Processing /home/pker/airflow_env/lib/python3.7/site-packages/airflow/example_dags/example_datasets.py took 0.329 seconds
[2025-11-21T10:50:26.190+0300] {processor.py:153} INFO - Started process (PID=30477) to work on /home/pker/airflow_env/lib/python3.7/site-packages/airflow/example_dags/example_datasets.py
[2025-11-21T10:50:26.211+0300] {processor.py:743} INFO - Processing file /home/pker/airflow_env/lib/python3.7/site-packages/airflow/example_dags/example_datasets.py for tasks to queue
[2025-11-21T10:50:26.213+0300] {logging_mixin.py:137} INFO - [2025-11-21T10:50:26.212+0300] {dagbag.py:532} INFO - Filling up the DagBag from /home/pker/airflow_env/lib/python3.7/site-packages/airflow/example_dags/example_datasets.py
[2025-11-21T10:50:26.247+0300] {processor.py:753} INFO - DAG(s) dict_keys(['dataset_consumes_1', 'dataset_produces_2', 'dataset_consumes_unknown_never_scheduled', 'dataset_consumes_1_never_scheduled', 'dataset_produces_1', 'dataset_consumes_1_and_2']) retrieved from /home/pker/airflow_env/lib/python3.7/site-packages/airflow/example_dags/example_datasets.py
[2025-11-21T10:50:26.291+0300] {logging_mixin.py:137} INFO - [2025-11-21T10:50:26.290+0300] {dag.py:2705} INFO - Sync 6 DAGs
[2025-11-21T10:50:26.323+0300] {logging_mixin.py:137} INFO - [2025-11-21T10:50:26.323+0300] {dag.py:3456} INFO - Setting next_dagrun for dataset_consumes_1 to None, run_after=None
[2025-11-21T10:50:26.327+0300] {logging_mixin.py:137} INFO - [2025-11-21T10:50:26.327+0300] {dag.py:3456} INFO - Setting next_dagrun for dataset_consumes_1_and_2 to None, run_after=None
[2025-11-21T10:50:26.329+0300] {logging_mixin.py:137} INFO - [2025-11-21T10:50:26.328+0300] {dag.py:3456} INFO - Setting next_dagrun for dataset_consumes_1_never_scheduled to None, run_after=None
[2025-11-21T10:50:26.330+0300] {logging_mixin.py:137} INFO - [2025-11-21T10:50:26.330+0300] {dag.py:3456} INFO - Setting next_dagrun for dataset_consumes_unknown_never_scheduled to None, run_after=None
[2025-11-21T10:50:26.333+0300] {logging_mixin.py:137} INFO - [2025-11-21T10:50:26.333+0300] {dag.py:3456} INFO - Setting next_dagrun for dataset_produces_1 to 2025-11-20T00:00:00+00:00, run_after=2025-11-21T00:00:00+00:00
[2025-11-21T10:50:26.334+0300] {logging_mixin.py:137} INFO - [2025-11-21T10:50:26.334+0300] {dag.py:3456} INFO - Setting next_dagrun for dataset_produces_2 to None, run_after=None
[2025-11-21T10:50:26.412+0300] {processor.py:175} INFO - Processing /home/pker/airflow_env/lib/python3.7/site-packages/airflow/example_dags/example_datasets.py took 0.227 seconds
[2025-11-21T10:51:12.533+0300] {processor.py:153} INFO - Started process (PID=30521) to work on /home/pker/airflow_env/lib/python3.7/site-packages/airflow/example_dags/example_datasets.py
[2025-11-21T10:51:12.556+0300] {processor.py:743} INFO - Processing file /home/pker/airflow_env/lib/python3.7/site-packages/airflow/example_dags/example_datasets.py for tasks to queue
[2025-11-21T10:51:12.559+0300] {logging_mixin.py:137} INFO - [2025-11-21T10:51:12.559+0300] {dagbag.py:532} INFO - Filling up the DagBag from /home/pker/airflow_env/lib/python3.7/site-packages/airflow/example_dags/example_datasets.py
[2025-11-21T10:51:12.599+0300] {processor.py:753} INFO - DAG(s) dict_keys(['dataset_produces_1', 'dataset_consumes_1', 'dataset_produces_2', 'dataset_consumes_1_never_scheduled', 'dataset_consumes_unknown_never_scheduled', 'dataset_consumes_1_and_2']) retrieved from /home/pker/airflow_env/lib/python3.7/site-packages/airflow/example_dags/example_datasets.py
[2025-11-21T10:51:12.667+0300] {logging_mixin.py:137} INFO - [2025-11-21T10:51:12.667+0300] {dag.py:2705} INFO - Sync 6 DAGs
[2025-11-21T10:51:12.702+0300] {logging_mixin.py:137} INFO - [2025-11-21T10:51:12.701+0300] {dag.py:3456} INFO - Setting next_dagrun for dataset_consumes_1 to None, run_after=None
[2025-11-21T10:51:12.706+0300] {logging_mixin.py:137} INFO - [2025-11-21T10:51:12.706+0300] {dag.py:3456} INFO - Setting next_dagrun for dataset_consumes_1_and_2 to None, run_after=None
[2025-11-21T10:51:12.708+0300] {logging_mixin.py:137} INFO - [2025-11-21T10:51:12.707+0300] {dag.py:3456} INFO - Setting next_dagrun for dataset_consumes_1_never_scheduled to None, run_after=None
[2025-11-21T10:51:12.709+0300] {logging_mixin.py:137} INFO - [2025-11-21T10:51:12.709+0300] {dag.py:3456} INFO - Setting next_dagrun for dataset_consumes_unknown_never_scheduled to None, run_after=None
[2025-11-21T10:51:12.712+0300] {logging_mixin.py:137} INFO - [2025-11-21T10:51:12.711+0300] {dag.py:3456} INFO - Setting next_dagrun for dataset_produces_1 to 2025-11-20T00:00:00+00:00, run_after=2025-11-21T00:00:00+00:00
[2025-11-21T10:51:12.713+0300] {logging_mixin.py:137} INFO - [2025-11-21T10:51:12.712+0300] {dag.py:3456} INFO - Setting next_dagrun for dataset_produces_2 to None, run_after=None
[2025-11-21T10:51:12.795+0300] {processor.py:175} INFO - Processing /home/pker/airflow_env/lib/python3.7/site-packages/airflow/example_dags/example_datasets.py took 0.272 seconds
[2025-11-21T10:51:58.837+0300] {processor.py:153} INFO - Started process (PID=30567) to work on /home/pker/airflow_env/lib/python3.7/site-packages/airflow/example_dags/example_datasets.py
[2025-11-21T10:51:58.839+0300] {processor.py:743} INFO - Processing file /home/pker/airflow_env/lib/python3.7/site-packages/airflow/example_dags/example_datasets.py for tasks to queue
[2025-11-21T10:51:58.841+0300] {logging_mixin.py:137} INFO - [2025-11-21T10:51:58.841+0300] {dagbag.py:532} INFO - Filling up the DagBag from /home/pker/airflow_env/lib/python3.7/site-packages/airflow/example_dags/example_datasets.py
[2025-11-21T10:51:58.889+0300] {processor.py:753} INFO - DAG(s) dict_keys(['dataset_consumes_1_never_scheduled', 'dataset_consumes_1', 'dataset_produces_2', 'dataset_produces_1', 'dataset_consumes_unknown_never_scheduled', 'dataset_consumes_1_and_2']) retrieved from /home/pker/airflow_env/lib/python3.7/site-packages/airflow/example_dags/example_datasets.py
[2025-11-21T10:51:58.945+0300] {logging_mixin.py:137} INFO - [2025-11-21T10:51:58.945+0300] {dag.py:2705} INFO - Sync 6 DAGs
[2025-11-21T10:51:59.001+0300] {logging_mixin.py:137} INFO - [2025-11-21T10:51:59.001+0300] {dag.py:3456} INFO - Setting next_dagrun for dataset_consumes_1 to None, run_after=None
[2025-11-21T10:51:59.007+0300] {logging_mixin.py:137} INFO - [2025-11-21T10:51:59.006+0300] {dag.py:3456} INFO - Setting next_dagrun for dataset_consumes_1_and_2 to None, run_after=None
[2025-11-21T10:51:59.009+0300] {logging_mixin.py:137} INFO - [2025-11-21T10:51:59.009+0300] {dag.py:3456} INFO - Setting next_dagrun for dataset_consumes_1_never_scheduled to None, run_after=None
[2025-11-21T10:51:59.010+0300] {logging_mixin.py:137} INFO - [2025-11-21T10:51:59.010+0300] {dag.py:3456} INFO - Setting next_dagrun for dataset_consumes_unknown_never_scheduled to None, run_after=None
[2025-11-21T10:51:59.015+0300] {logging_mixin.py:137} INFO - [2025-11-21T10:51:59.015+0300] {dag.py:3456} INFO - Setting next_dagrun for dataset_produces_1 to 2025-11-20T00:00:00+00:00, run_after=2025-11-21T00:00:00+00:00
[2025-11-21T10:51:59.016+0300] {logging_mixin.py:137} INFO - [2025-11-21T10:51:59.016+0300] {dag.py:3456} INFO - Setting next_dagrun for dataset_produces_2 to None, run_after=None
[2025-11-21T10:51:59.057+0300] {processor.py:175} INFO - Processing /home/pker/airflow_env/lib/python3.7/site-packages/airflow/example_dags/example_datasets.py took 0.231 seconds
[2025-11-21T10:52:43.175+0300] {processor.py:153} INFO - Started process (PID=30610) to work on /home/pker/airflow_env/lib/python3.7/site-packages/airflow/example_dags/example_datasets.py
[2025-11-21T10:52:43.181+0300] {processor.py:743} INFO - Processing file /home/pker/airflow_env/lib/python3.7/site-packages/airflow/example_dags/example_datasets.py for tasks to queue
[2025-11-21T10:52:43.182+0300] {logging_mixin.py:137} INFO - [2025-11-21T10:52:43.182+0300] {dagbag.py:532} INFO - Filling up the DagBag from /home/pker/airflow_env/lib/python3.7/site-packages/airflow/example_dags/example_datasets.py
[2025-11-21T10:52:43.205+0300] {processor.py:753} INFO - DAG(s) dict_keys(['dataset_produces_1', 'dataset_consumes_1_and_2', 'dataset_consumes_unknown_never_scheduled', 'dataset_consumes_1', 'dataset_consumes_1_never_scheduled', 'dataset_produces_2']) retrieved from /home/pker/airflow_env/lib/python3.7/site-packages/airflow/example_dags/example_datasets.py
[2025-11-21T10:52:43.252+0300] {logging_mixin.py:137} INFO - [2025-11-21T10:52:43.252+0300] {dag.py:2705} INFO - Sync 6 DAGs
[2025-11-21T10:52:43.298+0300] {logging_mixin.py:137} INFO - [2025-11-21T10:52:43.298+0300] {dag.py:3456} INFO - Setting next_dagrun for dataset_consumes_1 to None, run_after=None
[2025-11-21T10:52:43.302+0300] {logging_mixin.py:137} INFO - [2025-11-21T10:52:43.301+0300] {dag.py:3456} INFO - Setting next_dagrun for dataset_consumes_1_and_2 to None, run_after=None
[2025-11-21T10:52:43.303+0300] {logging_mixin.py:137} INFO - [2025-11-21T10:52:43.303+0300] {dag.py:3456} INFO - Setting next_dagrun for dataset_consumes_1_never_scheduled to None, run_after=None
[2025-11-21T10:52:43.304+0300] {logging_mixin.py:137} INFO - [2025-11-21T10:52:43.304+0300] {dag.py:3456} INFO - Setting next_dagrun for dataset_consumes_unknown_never_scheduled to None, run_after=None
[2025-11-21T10:52:43.307+0300] {logging_mixin.py:137} INFO - [2025-11-21T10:52:43.307+0300] {dag.py:3456} INFO - Setting next_dagrun for dataset_produces_1 to 2025-11-20T00:00:00+00:00, run_after=2025-11-21T00:00:00+00:00
[2025-11-21T10:52:43.308+0300] {logging_mixin.py:137} INFO - [2025-11-21T10:52:43.308+0300] {dag.py:3456} INFO - Setting next_dagrun for dataset_produces_2 to None, run_after=None
[2025-11-21T10:52:43.381+0300] {processor.py:175} INFO - Processing /home/pker/airflow_env/lib/python3.7/site-packages/airflow/example_dags/example_datasets.py took 0.211 seconds
[2025-11-21T10:53:32.003+0300] {processor.py:153} INFO - Started process (PID=30655) to work on /home/pker/airflow_env/lib/python3.7/site-packages/airflow/example_dags/example_datasets.py
[2025-11-21T10:53:32.025+0300] {processor.py:743} INFO - Processing file /home/pker/airflow_env/lib/python3.7/site-packages/airflow/example_dags/example_datasets.py for tasks to queue
[2025-11-21T10:53:32.028+0300] {logging_mixin.py:137} INFO - [2025-11-21T10:53:32.027+0300] {dagbag.py:532} INFO - Filling up the DagBag from /home/pker/airflow_env/lib/python3.7/site-packages/airflow/example_dags/example_datasets.py
[2025-11-21T10:53:32.061+0300] {processor.py:753} INFO - DAG(s) dict_keys(['dataset_consumes_1_never_scheduled', 'dataset_consumes_unknown_never_scheduled', 'dataset_consumes_1', 'dataset_consumes_1_and_2', 'dataset_produces_1', 'dataset_produces_2']) retrieved from /home/pker/airflow_env/lib/python3.7/site-packages/airflow/example_dags/example_datasets.py
[2025-11-21T10:53:32.113+0300] {logging_mixin.py:137} INFO - [2025-11-21T10:53:32.113+0300] {dag.py:2705} INFO - Sync 6 DAGs
[2025-11-21T10:53:32.150+0300] {logging_mixin.py:137} INFO - [2025-11-21T10:53:32.149+0300] {dag.py:3456} INFO - Setting next_dagrun for dataset_consumes_1 to None, run_after=None
[2025-11-21T10:53:32.153+0300] {logging_mixin.py:137} INFO - [2025-11-21T10:53:32.153+0300] {dag.py:3456} INFO - Setting next_dagrun for dataset_consumes_1_and_2 to None, run_after=None
[2025-11-21T10:53:32.154+0300] {logging_mixin.py:137} INFO - [2025-11-21T10:53:32.154+0300] {dag.py:3456} INFO - Setting next_dagrun for dataset_consumes_1_never_scheduled to None, run_after=None
[2025-11-21T10:53:32.155+0300] {logging_mixin.py:137} INFO - [2025-11-21T10:53:32.155+0300] {dag.py:3456} INFO - Setting next_dagrun for dataset_consumes_unknown_never_scheduled to None, run_after=None
[2025-11-21T10:53:32.158+0300] {logging_mixin.py:137} INFO - [2025-11-21T10:53:32.158+0300] {dag.py:3456} INFO - Setting next_dagrun for dataset_produces_1 to 2025-11-20T00:00:00+00:00, run_after=2025-11-21T00:00:00+00:00
[2025-11-21T10:53:32.159+0300] {logging_mixin.py:137} INFO - [2025-11-21T10:53:32.159+0300] {dag.py:3456} INFO - Setting next_dagrun for dataset_produces_2 to None, run_after=None
[2025-11-21T10:53:32.230+0300] {processor.py:175} INFO - Processing /home/pker/airflow_env/lib/python3.7/site-packages/airflow/example_dags/example_datasets.py took 0.232 seconds
[2025-11-21T10:54:20.099+0300] {processor.py:153} INFO - Started process (PID=30699) to work on /home/pker/airflow_env/lib/python3.7/site-packages/airflow/example_dags/example_datasets.py
[2025-11-21T10:54:20.122+0300] {processor.py:743} INFO - Processing file /home/pker/airflow_env/lib/python3.7/site-packages/airflow/example_dags/example_datasets.py for tasks to queue
[2025-11-21T10:54:20.125+0300] {logging_mixin.py:137} INFO - [2025-11-21T10:54:20.124+0300] {dagbag.py:532} INFO - Filling up the DagBag from /home/pker/airflow_env/lib/python3.7/site-packages/airflow/example_dags/example_datasets.py
[2025-11-21T10:54:20.156+0300] {processor.py:753} INFO - DAG(s) dict_keys(['dataset_consumes_unknown_never_scheduled', 'dataset_produces_1', 'dataset_consumes_1_and_2', 'dataset_produces_2', 'dataset_consumes_1_never_scheduled', 'dataset_consumes_1']) retrieved from /home/pker/airflow_env/lib/python3.7/site-packages/airflow/example_dags/example_datasets.py
[2025-11-21T10:54:20.198+0300] {logging_mixin.py:137} INFO - [2025-11-21T10:54:20.198+0300] {dag.py:2705} INFO - Sync 6 DAGs
[2025-11-21T10:54:20.227+0300] {logging_mixin.py:137} INFO - [2025-11-21T10:54:20.227+0300] {dag.py:3456} INFO - Setting next_dagrun for dataset_consumes_1 to None, run_after=None
[2025-11-21T10:54:20.231+0300] {logging_mixin.py:137} INFO - [2025-11-21T10:54:20.231+0300] {dag.py:3456} INFO - Setting next_dagrun for dataset_consumes_1_and_2 to None, run_after=None
[2025-11-21T10:54:20.232+0300] {logging_mixin.py:137} INFO - [2025-11-21T10:54:20.232+0300] {dag.py:3456} INFO - Setting next_dagrun for dataset_consumes_1_never_scheduled to None, run_after=None
[2025-11-21T10:54:20.233+0300] {logging_mixin.py:137} INFO - [2025-11-21T10:54:20.233+0300] {dag.py:3456} INFO - Setting next_dagrun for dataset_consumes_unknown_never_scheduled to None, run_after=None
[2025-11-21T10:54:20.235+0300] {logging_mixin.py:137} INFO - [2025-11-21T10:54:20.235+0300] {dag.py:3456} INFO - Setting next_dagrun for dataset_produces_1 to 2025-11-20T00:00:00+00:00, run_after=2025-11-21T00:00:00+00:00
[2025-11-21T10:54:20.236+0300] {logging_mixin.py:137} INFO - [2025-11-21T10:54:20.236+0300] {dag.py:3456} INFO - Setting next_dagrun for dataset_produces_2 to None, run_after=None
[2025-11-21T10:54:20.284+0300] {processor.py:175} INFO - Processing /home/pker/airflow_env/lib/python3.7/site-packages/airflow/example_dags/example_datasets.py took 0.190 seconds
[2025-11-21T10:55:07.897+0300] {processor.py:153} INFO - Started process (PID=30748) to work on /home/pker/airflow_env/lib/python3.7/site-packages/airflow/example_dags/example_datasets.py
[2025-11-21T10:55:07.921+0300] {processor.py:743} INFO - Processing file /home/pker/airflow_env/lib/python3.7/site-packages/airflow/example_dags/example_datasets.py for tasks to queue
[2025-11-21T10:55:07.924+0300] {logging_mixin.py:137} INFO - [2025-11-21T10:55:07.923+0300] {dagbag.py:532} INFO - Filling up the DagBag from /home/pker/airflow_env/lib/python3.7/site-packages/airflow/example_dags/example_datasets.py
[2025-11-21T10:55:07.960+0300] {processor.py:753} INFO - DAG(s) dict_keys(['dataset_consumes_1_and_2', 'dataset_produces_1', 'dataset_consumes_unknown_never_scheduled', 'dataset_consumes_1_never_scheduled', 'dataset_consumes_1', 'dataset_produces_2']) retrieved from /home/pker/airflow_env/lib/python3.7/site-packages/airflow/example_dags/example_datasets.py
[2025-11-21T10:55:08.012+0300] {logging_mixin.py:137} INFO - [2025-11-21T10:55:08.011+0300] {dag.py:2705} INFO - Sync 6 DAGs
[2025-11-21T10:55:08.044+0300] {logging_mixin.py:137} INFO - [2025-11-21T10:55:08.043+0300] {dag.py:3456} INFO - Setting next_dagrun for dataset_consumes_1 to None, run_after=None
[2025-11-21T10:55:08.048+0300] {logging_mixin.py:137} INFO - [2025-11-21T10:55:08.047+0300] {dag.py:3456} INFO - Setting next_dagrun for dataset_consumes_1_and_2 to None, run_after=None
[2025-11-21T10:55:08.049+0300] {logging_mixin.py:137} INFO - [2025-11-21T10:55:08.049+0300] {dag.py:3456} INFO - Setting next_dagrun for dataset_consumes_1_never_scheduled to None, run_after=None
[2025-11-21T10:55:08.050+0300] {logging_mixin.py:137} INFO - [2025-11-21T10:55:08.050+0300] {dag.py:3456} INFO - Setting next_dagrun for dataset_consumes_unknown_never_scheduled to None, run_after=None
[2025-11-21T10:55:08.053+0300] {logging_mixin.py:137} INFO - [2025-11-21T10:55:08.053+0300] {dag.py:3456} INFO - Setting next_dagrun for dataset_produces_1 to 2025-11-20T00:00:00+00:00, run_after=2025-11-21T00:00:00+00:00
[2025-11-21T10:55:08.054+0300] {logging_mixin.py:137} INFO - [2025-11-21T10:55:08.054+0300] {dag.py:3456} INFO - Setting next_dagrun for dataset_produces_2 to None, run_after=None
[2025-11-21T10:55:08.131+0300] {processor.py:175} INFO - Processing /home/pker/airflow_env/lib/python3.7/site-packages/airflow/example_dags/example_datasets.py took 0.242 seconds
[2025-11-21T10:55:56.724+0300] {processor.py:153} INFO - Started process (PID=30795) to work on /home/pker/airflow_env/lib/python3.7/site-packages/airflow/example_dags/example_datasets.py
[2025-11-21T10:55:56.727+0300] {processor.py:743} INFO - Processing file /home/pker/airflow_env/lib/python3.7/site-packages/airflow/example_dags/example_datasets.py for tasks to queue
[2025-11-21T10:55:56.729+0300] {logging_mixin.py:137} INFO - [2025-11-21T10:55:56.728+0300] {dagbag.py:532} INFO - Filling up the DagBag from /home/pker/airflow_env/lib/python3.7/site-packages/airflow/example_dags/example_datasets.py
[2025-11-21T10:55:56.766+0300] {processor.py:753} INFO - DAG(s) dict_keys(['dataset_produces_2', 'dataset_consumes_1_never_scheduled', 'dataset_produces_1', 'dataset_consumes_1', 'dataset_consumes_unknown_never_scheduled', 'dataset_consumes_1_and_2']) retrieved from /home/pker/airflow_env/lib/python3.7/site-packages/airflow/example_dags/example_datasets.py
[2025-11-21T10:55:56.835+0300] {logging_mixin.py:137} INFO - [2025-11-21T10:55:56.834+0300] {dag.py:2705} INFO - Sync 6 DAGs
[2025-11-21T10:55:56.873+0300] {logging_mixin.py:137} INFO - [2025-11-21T10:55:56.872+0300] {dag.py:3456} INFO - Setting next_dagrun for dataset_consumes_1 to None, run_after=None
[2025-11-21T10:55:56.877+0300] {logging_mixin.py:137} INFO - [2025-11-21T10:55:56.877+0300] {dag.py:3456} INFO - Setting next_dagrun for dataset_consumes_1_and_2 to None, run_after=None
[2025-11-21T10:55:56.878+0300] {logging_mixin.py:137} INFO - [2025-11-21T10:55:56.878+0300] {dag.py:3456} INFO - Setting next_dagrun for dataset_consumes_1_never_scheduled to None, run_after=None
[2025-11-21T10:55:56.879+0300] {logging_mixin.py:137} INFO - [2025-11-21T10:55:56.879+0300] {dag.py:3456} INFO - Setting next_dagrun for dataset_consumes_unknown_never_scheduled to None, run_after=None
[2025-11-21T10:55:56.883+0300] {logging_mixin.py:137} INFO - [2025-11-21T10:55:56.882+0300] {dag.py:3456} INFO - Setting next_dagrun for dataset_produces_1 to 2025-11-20T00:00:00+00:00, run_after=2025-11-21T00:00:00+00:00
[2025-11-21T10:55:56.884+0300] {logging_mixin.py:137} INFO - [2025-11-21T10:55:56.884+0300] {dag.py:3456} INFO - Setting next_dagrun for dataset_produces_2 to None, run_after=None
[2025-11-21T10:55:56.924+0300] {processor.py:175} INFO - Processing /home/pker/airflow_env/lib/python3.7/site-packages/airflow/example_dags/example_datasets.py took 0.208 seconds
[2025-11-21T10:56:45.162+0300] {processor.py:153} INFO - Started process (PID=30837) to work on /home/pker/airflow_env/lib/python3.7/site-packages/airflow/example_dags/example_datasets.py
[2025-11-21T10:56:45.168+0300] {processor.py:743} INFO - Processing file /home/pker/airflow_env/lib/python3.7/site-packages/airflow/example_dags/example_datasets.py for tasks to queue
[2025-11-21T10:56:45.170+0300] {logging_mixin.py:137} INFO - [2025-11-21T10:56:45.170+0300] {dagbag.py:532} INFO - Filling up the DagBag from /home/pker/airflow_env/lib/python3.7/site-packages/airflow/example_dags/example_datasets.py
[2025-11-21T10:56:45.209+0300] {processor.py:753} INFO - DAG(s) dict_keys(['dataset_consumes_unknown_never_scheduled', 'dataset_consumes_1_and_2', 'dataset_consumes_1_never_scheduled', 'dataset_produces_2', 'dataset_consumes_1', 'dataset_produces_1']) retrieved from /home/pker/airflow_env/lib/python3.7/site-packages/airflow/example_dags/example_datasets.py
[2025-11-21T10:56:45.256+0300] {logging_mixin.py:137} INFO - [2025-11-21T10:56:45.255+0300] {dag.py:2705} INFO - Sync 6 DAGs
[2025-11-21T10:56:45.283+0300] {logging_mixin.py:137} INFO - [2025-11-21T10:56:45.283+0300] {dag.py:3456} INFO - Setting next_dagrun for dataset_consumes_1 to None, run_after=None
[2025-11-21T10:56:45.286+0300] {logging_mixin.py:137} INFO - [2025-11-21T10:56:45.286+0300] {dag.py:3456} INFO - Setting next_dagrun for dataset_consumes_1_and_2 to None, run_after=None
[2025-11-21T10:56:45.287+0300] {logging_mixin.py:137} INFO - [2025-11-21T10:56:45.287+0300] {dag.py:3456} INFO - Setting next_dagrun for dataset_consumes_1_never_scheduled to None, run_after=None
[2025-11-21T10:56:45.289+0300] {logging_mixin.py:137} INFO - [2025-11-21T10:56:45.289+0300] {dag.py:3456} INFO - Setting next_dagrun for dataset_consumes_unknown_never_scheduled to None, run_after=None
[2025-11-21T10:56:45.291+0300] {logging_mixin.py:137} INFO - [2025-11-21T10:56:45.291+0300] {dag.py:3456} INFO - Setting next_dagrun for dataset_produces_1 to 2025-11-20T00:00:00+00:00, run_after=2025-11-21T00:00:00+00:00
[2025-11-21T10:56:45.292+0300] {logging_mixin.py:137} INFO - [2025-11-21T10:56:45.292+0300] {dag.py:3456} INFO - Setting next_dagrun for dataset_produces_2 to None, run_after=None
[2025-11-21T10:56:45.332+0300] {processor.py:175} INFO - Processing /home/pker/airflow_env/lib/python3.7/site-packages/airflow/example_dags/example_datasets.py took 0.181 seconds
[2025-11-21T10:57:32.562+0300] {processor.py:153} INFO - Started process (PID=30881) to work on /home/pker/airflow_env/lib/python3.7/site-packages/airflow/example_dags/example_datasets.py
[2025-11-21T10:57:32.576+0300] {processor.py:743} INFO - Processing file /home/pker/airflow_env/lib/python3.7/site-packages/airflow/example_dags/example_datasets.py for tasks to queue
[2025-11-21T10:57:32.578+0300] {logging_mixin.py:137} INFO - [2025-11-21T10:57:32.578+0300] {dagbag.py:532} INFO - Filling up the DagBag from /home/pker/airflow_env/lib/python3.7/site-packages/airflow/example_dags/example_datasets.py
[2025-11-21T10:57:32.608+0300] {processor.py:753} INFO - DAG(s) dict_keys(['dataset_produces_2', 'dataset_consumes_unknown_never_scheduled', 'dataset_consumes_1', 'dataset_produces_1', 'dataset_consumes_1_and_2', 'dataset_consumes_1_never_scheduled']) retrieved from /home/pker/airflow_env/lib/python3.7/site-packages/airflow/example_dags/example_datasets.py
[2025-11-21T10:57:32.660+0300] {logging_mixin.py:137} INFO - [2025-11-21T10:57:32.660+0300] {dag.py:2705} INFO - Sync 6 DAGs
[2025-11-21T10:57:32.693+0300] {logging_mixin.py:137} INFO - [2025-11-21T10:57:32.693+0300] {dag.py:3456} INFO - Setting next_dagrun for dataset_consumes_1 to None, run_after=None
[2025-11-21T10:57:32.696+0300] {logging_mixin.py:137} INFO - [2025-11-21T10:57:32.696+0300] {dag.py:3456} INFO - Setting next_dagrun for dataset_consumes_1_and_2 to None, run_after=None
[2025-11-21T10:57:32.698+0300] {logging_mixin.py:137} INFO - [2025-11-21T10:57:32.698+0300] {dag.py:3456} INFO - Setting next_dagrun for dataset_consumes_1_never_scheduled to None, run_after=None
[2025-11-21T10:57:32.699+0300] {logging_mixin.py:137} INFO - [2025-11-21T10:57:32.698+0300] {dag.py:3456} INFO - Setting next_dagrun for dataset_consumes_unknown_never_scheduled to None, run_after=None
[2025-11-21T10:57:32.701+0300] {logging_mixin.py:137} INFO - [2025-11-21T10:57:32.701+0300] {dag.py:3456} INFO - Setting next_dagrun for dataset_produces_1 to 2025-11-20T00:00:00+00:00, run_after=2025-11-21T00:00:00+00:00
[2025-11-21T10:57:32.702+0300] {logging_mixin.py:137} INFO - [2025-11-21T10:57:32.702+0300] {dag.py:3456} INFO - Setting next_dagrun for dataset_produces_2 to None, run_after=None
[2025-11-21T10:57:32.758+0300] {processor.py:175} INFO - Processing /home/pker/airflow_env/lib/python3.7/site-packages/airflow/example_dags/example_datasets.py took 0.202 seconds
[2025-11-21T10:58:20.560+0300] {processor.py:153} INFO - Started process (PID=30925) to work on /home/pker/airflow_env/lib/python3.7/site-packages/airflow/example_dags/example_datasets.py
[2025-11-21T10:58:20.581+0300] {processor.py:743} INFO - Processing file /home/pker/airflow_env/lib/python3.7/site-packages/airflow/example_dags/example_datasets.py for tasks to queue
[2025-11-21T10:58:20.584+0300] {logging_mixin.py:137} INFO - [2025-11-21T10:58:20.583+0300] {dagbag.py:532} INFO - Filling up the DagBag from /home/pker/airflow_env/lib/python3.7/site-packages/airflow/example_dags/example_datasets.py
[2025-11-21T10:58:20.629+0300] {processor.py:753} INFO - DAG(s) dict_keys(['dataset_consumes_1_and_2', 'dataset_consumes_1', 'dataset_consumes_1_never_scheduled', 'dataset_produces_2', 'dataset_consumes_unknown_never_scheduled', 'dataset_produces_1']) retrieved from /home/pker/airflow_env/lib/python3.7/site-packages/airflow/example_dags/example_datasets.py
[2025-11-21T10:58:20.710+0300] {logging_mixin.py:137} INFO - [2025-11-21T10:58:20.710+0300] {dag.py:2705} INFO - Sync 6 DAGs
[2025-11-21T10:58:20.750+0300] {logging_mixin.py:137} INFO - [2025-11-21T10:58:20.750+0300] {dag.py:3456} INFO - Setting next_dagrun for dataset_consumes_1 to None, run_after=None
[2025-11-21T10:58:20.757+0300] {logging_mixin.py:137} INFO - [2025-11-21T10:58:20.757+0300] {dag.py:3456} INFO - Setting next_dagrun for dataset_consumes_1_and_2 to None, run_after=None
[2025-11-21T10:58:20.759+0300] {logging_mixin.py:137} INFO - [2025-11-21T10:58:20.759+0300] {dag.py:3456} INFO - Setting next_dagrun for dataset_consumes_1_never_scheduled to None, run_after=None
[2025-11-21T10:58:20.761+0300] {logging_mixin.py:137} INFO - [2025-11-21T10:58:20.760+0300] {dag.py:3456} INFO - Setting next_dagrun for dataset_consumes_unknown_never_scheduled to None, run_after=None
[2025-11-21T10:58:20.763+0300] {logging_mixin.py:137} INFO - [2025-11-21T10:58:20.763+0300] {dag.py:3456} INFO - Setting next_dagrun for dataset_produces_1 to 2025-11-20T00:00:00+00:00, run_after=2025-11-21T00:00:00+00:00
[2025-11-21T10:58:20.765+0300] {logging_mixin.py:137} INFO - [2025-11-21T10:58:20.764+0300] {dag.py:3456} INFO - Setting next_dagrun for dataset_produces_2 to None, run_after=None
[2025-11-21T10:58:20.849+0300] {processor.py:175} INFO - Processing /home/pker/airflow_env/lib/python3.7/site-packages/airflow/example_dags/example_datasets.py took 0.298 seconds
[2025-11-21T10:59:10.050+0300] {processor.py:153} INFO - Started process (PID=30989) to work on /home/pker/airflow_env/lib/python3.7/site-packages/airflow/example_dags/example_datasets.py
[2025-11-21T10:59:10.054+0300] {processor.py:743} INFO - Processing file /home/pker/airflow_env/lib/python3.7/site-packages/airflow/example_dags/example_datasets.py for tasks to queue
[2025-11-21T10:59:10.055+0300] {logging_mixin.py:137} INFO - [2025-11-21T10:59:10.055+0300] {dagbag.py:532} INFO - Filling up the DagBag from /home/pker/airflow_env/lib/python3.7/site-packages/airflow/example_dags/example_datasets.py
[2025-11-21T10:59:10.089+0300] {processor.py:753} INFO - DAG(s) dict_keys(['dataset_consumes_unknown_never_scheduled', 'dataset_produces_1', 'dataset_consumes_1_and_2', 'dataset_consumes_1_never_scheduled', 'dataset_consumes_1', 'dataset_produces_2']) retrieved from /home/pker/airflow_env/lib/python3.7/site-packages/airflow/example_dags/example_datasets.py
[2025-11-21T10:59:10.146+0300] {logging_mixin.py:137} INFO - [2025-11-21T10:59:10.145+0300] {dag.py:2705} INFO - Sync 6 DAGs
[2025-11-21T10:59:10.178+0300] {logging_mixin.py:137} INFO - [2025-11-21T10:59:10.177+0300] {dag.py:3456} INFO - Setting next_dagrun for dataset_consumes_1 to None, run_after=None
[2025-11-21T10:59:10.181+0300] {logging_mixin.py:137} INFO - [2025-11-21T10:59:10.181+0300] {dag.py:3456} INFO - Setting next_dagrun for dataset_consumes_1_and_2 to None, run_after=None
[2025-11-21T10:59:10.183+0300] {logging_mixin.py:137} INFO - [2025-11-21T10:59:10.182+0300] {dag.py:3456} INFO - Setting next_dagrun for dataset_consumes_1_never_scheduled to None, run_after=None
[2025-11-21T10:59:10.183+0300] {logging_mixin.py:137} INFO - [2025-11-21T10:59:10.183+0300] {dag.py:3456} INFO - Setting next_dagrun for dataset_consumes_unknown_never_scheduled to None, run_after=None
[2025-11-21T10:59:10.186+0300] {logging_mixin.py:137} INFO - [2025-11-21T10:59:10.186+0300] {dag.py:3456} INFO - Setting next_dagrun for dataset_produces_1 to 2025-11-20T00:00:00+00:00, run_after=2025-11-21T00:00:00+00:00
[2025-11-21T10:59:10.187+0300] {logging_mixin.py:137} INFO - [2025-11-21T10:59:10.187+0300] {dag.py:3456} INFO - Setting next_dagrun for dataset_produces_2 to None, run_after=None
[2025-11-21T10:59:10.248+0300] {processor.py:175} INFO - Processing /home/pker/airflow_env/lib/python3.7/site-packages/airflow/example_dags/example_datasets.py took 0.204 seconds
[2025-11-21T10:59:58.727+0300] {processor.py:153} INFO - Started process (PID=31034) to work on /home/pker/airflow_env/lib/python3.7/site-packages/airflow/example_dags/example_datasets.py
[2025-11-21T10:59:58.749+0300] {processor.py:743} INFO - Processing file /home/pker/airflow_env/lib/python3.7/site-packages/airflow/example_dags/example_datasets.py for tasks to queue
[2025-11-21T10:59:58.751+0300] {logging_mixin.py:137} INFO - [2025-11-21T10:59:58.751+0300] {dagbag.py:532} INFO - Filling up the DagBag from /home/pker/airflow_env/lib/python3.7/site-packages/airflow/example_dags/example_datasets.py
[2025-11-21T10:59:58.787+0300] {processor.py:753} INFO - DAG(s) dict_keys(['dataset_consumes_unknown_never_scheduled', 'dataset_consumes_1_never_scheduled', 'dataset_produces_2', 'dataset_consumes_1', 'dataset_consumes_1_and_2', 'dataset_produces_1']) retrieved from /home/pker/airflow_env/lib/python3.7/site-packages/airflow/example_dags/example_datasets.py
[2025-11-21T10:59:58.855+0300] {logging_mixin.py:137} INFO - [2025-11-21T10:59:58.854+0300] {dag.py:2705} INFO - Sync 6 DAGs
[2025-11-21T10:59:58.890+0300] {logging_mixin.py:137} INFO - [2025-11-21T10:59:58.890+0300] {dag.py:3456} INFO - Setting next_dagrun for dataset_consumes_1 to None, run_after=None
[2025-11-21T10:59:58.893+0300] {logging_mixin.py:137} INFO - [2025-11-21T10:59:58.893+0300] {dag.py:3456} INFO - Setting next_dagrun for dataset_consumes_1_and_2 to None, run_after=None
[2025-11-21T10:59:58.894+0300] {logging_mixin.py:137} INFO - [2025-11-21T10:59:58.894+0300] {dag.py:3456} INFO - Setting next_dagrun for dataset_consumes_1_never_scheduled to None, run_after=None
[2025-11-21T10:59:58.895+0300] {logging_mixin.py:137} INFO - [2025-11-21T10:59:58.895+0300] {dag.py:3456} INFO - Setting next_dagrun for dataset_consumes_unknown_never_scheduled to None, run_after=None
[2025-11-21T10:59:58.899+0300] {logging_mixin.py:137} INFO - [2025-11-21T10:59:58.899+0300] {dag.py:3456} INFO - Setting next_dagrun for dataset_produces_1 to 2025-11-20T00:00:00+00:00, run_after=2025-11-21T00:00:00+00:00
[2025-11-21T10:59:58.900+0300] {logging_mixin.py:137} INFO - [2025-11-21T10:59:58.900+0300] {dag.py:3456} INFO - Setting next_dagrun for dataset_produces_2 to None, run_after=None
[2025-11-21T10:59:58.972+0300] {processor.py:175} INFO - Processing /home/pker/airflow_env/lib/python3.7/site-packages/airflow/example_dags/example_datasets.py took 0.253 seconds
[2025-11-21T11:00:50.184+0300] {processor.py:153} INFO - Started process (PID=31094) to work on /home/pker/airflow_env/lib/python3.7/site-packages/airflow/example_dags/example_datasets.py
[2025-11-21T11:00:50.207+0300] {processor.py:743} INFO - Processing file /home/pker/airflow_env/lib/python3.7/site-packages/airflow/example_dags/example_datasets.py for tasks to queue
[2025-11-21T11:00:50.209+0300] {logging_mixin.py:137} INFO - [2025-11-21T11:00:50.209+0300] {dagbag.py:532} INFO - Filling up the DagBag from /home/pker/airflow_env/lib/python3.7/site-packages/airflow/example_dags/example_datasets.py
[2025-11-21T11:00:50.255+0300] {processor.py:753} INFO - DAG(s) dict_keys(['dataset_consumes_1_never_scheduled', 'dataset_consumes_1_and_2', 'dataset_consumes_unknown_never_scheduled', 'dataset_produces_2', 'dataset_consumes_1', 'dataset_produces_1']) retrieved from /home/pker/airflow_env/lib/python3.7/site-packages/airflow/example_dags/example_datasets.py
[2025-11-21T11:00:50.326+0300] {logging_mixin.py:137} INFO - [2025-11-21T11:00:50.325+0300] {dag.py:2705} INFO - Sync 6 DAGs
[2025-11-21T11:00:50.365+0300] {logging_mixin.py:137} INFO - [2025-11-21T11:00:50.365+0300] {dag.py:3456} INFO - Setting next_dagrun for dataset_consumes_1 to None, run_after=None
[2025-11-21T11:00:50.371+0300] {logging_mixin.py:137} INFO - [2025-11-21T11:00:50.371+0300] {dag.py:3456} INFO - Setting next_dagrun for dataset_consumes_1_and_2 to None, run_after=None
[2025-11-21T11:00:50.373+0300] {logging_mixin.py:137} INFO - [2025-11-21T11:00:50.373+0300] {dag.py:3456} INFO - Setting next_dagrun for dataset_consumes_1_never_scheduled to None, run_after=None
[2025-11-21T11:00:50.375+0300] {logging_mixin.py:137} INFO - [2025-11-21T11:00:50.374+0300] {dag.py:3456} INFO - Setting next_dagrun for dataset_consumes_unknown_never_scheduled to None, run_after=None
[2025-11-21T11:00:50.379+0300] {logging_mixin.py:137} INFO - [2025-11-21T11:00:50.379+0300] {dag.py:3456} INFO - Setting next_dagrun for dataset_produces_1 to 2025-11-20T00:00:00+00:00, run_after=2025-11-21T00:00:00+00:00
[2025-11-21T11:00:50.381+0300] {logging_mixin.py:137} INFO - [2025-11-21T11:00:50.381+0300] {dag.py:3456} INFO - Setting next_dagrun for dataset_produces_2 to None, run_after=None
[2025-11-21T11:00:50.475+0300] {processor.py:175} INFO - Processing /home/pker/airflow_env/lib/python3.7/site-packages/airflow/example_dags/example_datasets.py took 0.298 seconds
[2025-11-21T11:01:38.834+0300] {processor.py:153} INFO - Started process (PID=31138) to work on /home/pker/airflow_env/lib/python3.7/site-packages/airflow/example_dags/example_datasets.py
[2025-11-21T11:01:38.859+0300] {processor.py:743} INFO - Processing file /home/pker/airflow_env/lib/python3.7/site-packages/airflow/example_dags/example_datasets.py for tasks to queue
[2025-11-21T11:01:38.861+0300] {logging_mixin.py:137} INFO - [2025-11-21T11:01:38.861+0300] {dagbag.py:532} INFO - Filling up the DagBag from /home/pker/airflow_env/lib/python3.7/site-packages/airflow/example_dags/example_datasets.py
[2025-11-21T11:01:38.907+0300] {processor.py:753} INFO - DAG(s) dict_keys(['dataset_consumes_1_and_2', 'dataset_consumes_unknown_never_scheduled', 'dataset_consumes_1_never_scheduled', 'dataset_produces_2', 'dataset_consumes_1', 'dataset_produces_1']) retrieved from /home/pker/airflow_env/lib/python3.7/site-packages/airflow/example_dags/example_datasets.py
[2025-11-21T11:01:38.964+0300] {logging_mixin.py:137} INFO - [2025-11-21T11:01:38.964+0300] {dag.py:2705} INFO - Sync 6 DAGs
[2025-11-21T11:01:38.999+0300] {logging_mixin.py:137} INFO - [2025-11-21T11:01:38.999+0300] {dag.py:3456} INFO - Setting next_dagrun for dataset_consumes_1 to None, run_after=None
[2025-11-21T11:01:39.004+0300] {logging_mixin.py:137} INFO - [2025-11-21T11:01:39.003+0300] {dag.py:3456} INFO - Setting next_dagrun for dataset_consumes_1_and_2 to None, run_after=None
[2025-11-21T11:01:39.005+0300] {logging_mixin.py:137} INFO - [2025-11-21T11:01:39.004+0300] {dag.py:3456} INFO - Setting next_dagrun for dataset_consumes_1_never_scheduled to None, run_after=None
[2025-11-21T11:01:39.006+0300] {logging_mixin.py:137} INFO - [2025-11-21T11:01:39.006+0300] {dag.py:3456} INFO - Setting next_dagrun for dataset_consumes_unknown_never_scheduled to None, run_after=None
[2025-11-21T11:01:39.009+0300] {logging_mixin.py:137} INFO - [2025-11-21T11:01:39.008+0300] {dag.py:3456} INFO - Setting next_dagrun for dataset_produces_1 to 2025-11-20T00:00:00+00:00, run_after=2025-11-21T00:00:00+00:00
[2025-11-21T11:01:39.010+0300] {logging_mixin.py:137} INFO - [2025-11-21T11:01:39.009+0300] {dag.py:3456} INFO - Setting next_dagrun for dataset_produces_2 to None, run_after=None
[2025-11-21T11:01:39.092+0300] {processor.py:175} INFO - Processing /home/pker/airflow_env/lib/python3.7/site-packages/airflow/example_dags/example_datasets.py took 0.268 seconds
[2025-11-21T11:02:27.104+0300] {processor.py:153} INFO - Started process (PID=31182) to work on /home/pker/airflow_env/lib/python3.7/site-packages/airflow/example_dags/example_datasets.py
[2025-11-21T11:02:27.127+0300] {processor.py:743} INFO - Processing file /home/pker/airflow_env/lib/python3.7/site-packages/airflow/example_dags/example_datasets.py for tasks to queue
[2025-11-21T11:02:27.130+0300] {logging_mixin.py:137} INFO - [2025-11-21T11:02:27.129+0300] {dagbag.py:532} INFO - Filling up the DagBag from /home/pker/airflow_env/lib/python3.7/site-packages/airflow/example_dags/example_datasets.py
[2025-11-21T11:02:27.174+0300] {processor.py:753} INFO - DAG(s) dict_keys(['dataset_produces_1', 'dataset_consumes_1_and_2', 'dataset_consumes_1_never_scheduled', 'dataset_consumes_1', 'dataset_consumes_unknown_never_scheduled', 'dataset_produces_2']) retrieved from /home/pker/airflow_env/lib/python3.7/site-packages/airflow/example_dags/example_datasets.py
[2025-11-21T11:02:27.223+0300] {logging_mixin.py:137} INFO - [2025-11-21T11:02:27.223+0300] {dag.py:2705} INFO - Sync 6 DAGs
[2025-11-21T11:02:27.262+0300] {logging_mixin.py:137} INFO - [2025-11-21T11:02:27.261+0300] {dag.py:3456} INFO - Setting next_dagrun for dataset_consumes_1 to None, run_after=None
[2025-11-21T11:02:27.266+0300] {logging_mixin.py:137} INFO - [2025-11-21T11:02:27.266+0300] {dag.py:3456} INFO - Setting next_dagrun for dataset_consumes_1_and_2 to None, run_after=None
[2025-11-21T11:02:27.268+0300] {logging_mixin.py:137} INFO - [2025-11-21T11:02:27.268+0300] {dag.py:3456} INFO - Setting next_dagrun for dataset_consumes_1_never_scheduled to None, run_after=None
[2025-11-21T11:02:27.269+0300] {logging_mixin.py:137} INFO - [2025-11-21T11:02:27.269+0300] {dag.py:3456} INFO - Setting next_dagrun for dataset_consumes_unknown_never_scheduled to None, run_after=None
[2025-11-21T11:02:27.272+0300] {logging_mixin.py:137} INFO - [2025-11-21T11:02:27.272+0300] {dag.py:3456} INFO - Setting next_dagrun for dataset_produces_1 to 2025-11-20T00:00:00+00:00, run_after=2025-11-21T00:00:00+00:00
[2025-11-21T11:02:27.274+0300] {logging_mixin.py:137} INFO - [2025-11-21T11:02:27.274+0300] {dag.py:3456} INFO - Setting next_dagrun for dataset_produces_2 to None, run_after=None
[2025-11-21T11:02:27.361+0300] {processor.py:175} INFO - Processing /home/pker/airflow_env/lib/python3.7/site-packages/airflow/example_dags/example_datasets.py took 0.267 seconds
[2025-11-21T11:03:11.464+0300] {processor.py:153} INFO - Started process (PID=31229) to work on /home/pker/airflow_env/lib/python3.7/site-packages/airflow/example_dags/example_datasets.py
[2025-11-21T11:03:11.488+0300] {processor.py:743} INFO - Processing file /home/pker/airflow_env/lib/python3.7/site-packages/airflow/example_dags/example_datasets.py for tasks to queue
[2025-11-21T11:03:11.489+0300] {logging_mixin.py:137} INFO - [2025-11-21T11:03:11.489+0300] {dagbag.py:532} INFO - Filling up the DagBag from /home/pker/airflow_env/lib/python3.7/site-packages/airflow/example_dags/example_datasets.py
[2025-11-21T11:03:11.529+0300] {processor.py:753} INFO - DAG(s) dict_keys(['dataset_consumes_1_and_2', 'dataset_produces_1', 'dataset_consumes_unknown_never_scheduled', 'dataset_produces_2', 'dataset_consumes_1_never_scheduled', 'dataset_consumes_1']) retrieved from /home/pker/airflow_env/lib/python3.7/site-packages/airflow/example_dags/example_datasets.py
[2025-11-21T11:03:11.589+0300] {logging_mixin.py:137} INFO - [2025-11-21T11:03:11.588+0300] {dag.py:2705} INFO - Sync 6 DAGs
[2025-11-21T11:03:11.627+0300] {logging_mixin.py:137} INFO - [2025-11-21T11:03:11.627+0300] {dag.py:3456} INFO - Setting next_dagrun for dataset_consumes_1 to None, run_after=None
[2025-11-21T11:03:11.633+0300] {logging_mixin.py:137} INFO - [2025-11-21T11:03:11.632+0300] {dag.py:3456} INFO - Setting next_dagrun for dataset_consumes_1_and_2 to None, run_after=None
[2025-11-21T11:03:11.634+0300] {logging_mixin.py:137} INFO - [2025-11-21T11:03:11.634+0300] {dag.py:3456} INFO - Setting next_dagrun for dataset_consumes_1_never_scheduled to None, run_after=None
[2025-11-21T11:03:11.636+0300] {logging_mixin.py:137} INFO - [2025-11-21T11:03:11.636+0300] {dag.py:3456} INFO - Setting next_dagrun for dataset_consumes_unknown_never_scheduled to None, run_after=None
[2025-11-21T11:03:11.640+0300] {logging_mixin.py:137} INFO - [2025-11-21T11:03:11.639+0300] {dag.py:3456} INFO - Setting next_dagrun for dataset_produces_1 to 2025-11-20T00:00:00+00:00, run_after=2025-11-21T00:00:00+00:00
[2025-11-21T11:03:11.641+0300] {logging_mixin.py:137} INFO - [2025-11-21T11:03:11.641+0300] {dag.py:3456} INFO - Setting next_dagrun for dataset_produces_2 to None, run_after=None
[2025-11-21T11:03:11.726+0300] {processor.py:175} INFO - Processing /home/pker/airflow_env/lib/python3.7/site-packages/airflow/example_dags/example_datasets.py took 0.272 seconds
[2025-11-21T11:03:59.789+0300] {processor.py:153} INFO - Started process (PID=31274) to work on /home/pker/airflow_env/lib/python3.7/site-packages/airflow/example_dags/example_datasets.py
[2025-11-21T11:03:59.811+0300] {processor.py:743} INFO - Processing file /home/pker/airflow_env/lib/python3.7/site-packages/airflow/example_dags/example_datasets.py for tasks to queue
[2025-11-21T11:03:59.813+0300] {logging_mixin.py:137} INFO - [2025-11-21T11:03:59.812+0300] {dagbag.py:532} INFO - Filling up the DagBag from /home/pker/airflow_env/lib/python3.7/site-packages/airflow/example_dags/example_datasets.py
[2025-11-21T11:03:59.841+0300] {processor.py:753} INFO - DAG(s) dict_keys(['dataset_consumes_1', 'dataset_produces_2', 'dataset_consumes_unknown_never_scheduled', 'dataset_consumes_1_never_scheduled', 'dataset_consumes_1_and_2', 'dataset_produces_1']) retrieved from /home/pker/airflow_env/lib/python3.7/site-packages/airflow/example_dags/example_datasets.py
[2025-11-21T11:03:59.889+0300] {logging_mixin.py:137} INFO - [2025-11-21T11:03:59.889+0300] {dag.py:2705} INFO - Sync 6 DAGs
[2025-11-21T11:03:59.930+0300] {logging_mixin.py:137} INFO - [2025-11-21T11:03:59.929+0300] {dag.py:3456} INFO - Setting next_dagrun for dataset_consumes_1 to None, run_after=None
[2025-11-21T11:03:59.934+0300] {logging_mixin.py:137} INFO - [2025-11-21T11:03:59.934+0300] {dag.py:3456} INFO - Setting next_dagrun for dataset_consumes_1_and_2 to None, run_after=None
[2025-11-21T11:03:59.935+0300] {logging_mixin.py:137} INFO - [2025-11-21T11:03:59.935+0300] {dag.py:3456} INFO - Setting next_dagrun for dataset_consumes_1_never_scheduled to None, run_after=None
[2025-11-21T11:03:59.936+0300] {logging_mixin.py:137} INFO - [2025-11-21T11:03:59.936+0300] {dag.py:3456} INFO - Setting next_dagrun for dataset_consumes_unknown_never_scheduled to None, run_after=None
[2025-11-21T11:03:59.939+0300] {logging_mixin.py:137} INFO - [2025-11-21T11:03:59.939+0300] {dag.py:3456} INFO - Setting next_dagrun for dataset_produces_1 to 2025-11-20T00:00:00+00:00, run_after=2025-11-21T00:00:00+00:00
[2025-11-21T11:03:59.941+0300] {logging_mixin.py:137} INFO - [2025-11-21T11:03:59.941+0300] {dag.py:3456} INFO - Setting next_dagrun for dataset_produces_2 to None, run_after=None
[2025-11-21T11:03:59.987+0300] {processor.py:175} INFO - Processing /home/pker/airflow_env/lib/python3.7/site-packages/airflow/example_dags/example_datasets.py took 0.203 seconds
[2025-11-21T11:04:48.088+0300] {processor.py:153} INFO - Started process (PID=31319) to work on /home/pker/airflow_env/lib/python3.7/site-packages/airflow/example_dags/example_datasets.py
[2025-11-21T11:04:48.111+0300] {processor.py:743} INFO - Processing file /home/pker/airflow_env/lib/python3.7/site-packages/airflow/example_dags/example_datasets.py for tasks to queue
[2025-11-21T11:04:48.113+0300] {logging_mixin.py:137} INFO - [2025-11-21T11:04:48.112+0300] {dagbag.py:532} INFO - Filling up the DagBag from /home/pker/airflow_env/lib/python3.7/site-packages/airflow/example_dags/example_datasets.py
[2025-11-21T11:04:48.151+0300] {processor.py:753} INFO - DAG(s) dict_keys(['dataset_produces_1', 'dataset_consumes_1_and_2', 'dataset_consumes_1_never_scheduled', 'dataset_consumes_1', 'dataset_produces_2', 'dataset_consumes_unknown_never_scheduled']) retrieved from /home/pker/airflow_env/lib/python3.7/site-packages/airflow/example_dags/example_datasets.py
[2025-11-21T11:04:48.196+0300] {logging_mixin.py:137} INFO - [2025-11-21T11:04:48.196+0300] {dag.py:2705} INFO - Sync 6 DAGs
[2025-11-21T11:04:48.239+0300] {logging_mixin.py:137} INFO - [2025-11-21T11:04:48.239+0300] {dag.py:3456} INFO - Setting next_dagrun for dataset_consumes_1 to None, run_after=None
[2025-11-21T11:04:48.246+0300] {logging_mixin.py:137} INFO - [2025-11-21T11:04:48.245+0300] {dag.py:3456} INFO - Setting next_dagrun for dataset_consumes_1_and_2 to None, run_after=None
[2025-11-21T11:04:48.248+0300] {logging_mixin.py:137} INFO - [2025-11-21T11:04:48.248+0300] {dag.py:3456} INFO - Setting next_dagrun for dataset_consumes_1_never_scheduled to None, run_after=None
[2025-11-21T11:04:48.249+0300] {logging_mixin.py:137} INFO - [2025-11-21T11:04:48.249+0300] {dag.py:3456} INFO - Setting next_dagrun for dataset_consumes_unknown_never_scheduled to None, run_after=None
[2025-11-21T11:04:48.253+0300] {logging_mixin.py:137} INFO - [2025-11-21T11:04:48.253+0300] {dag.py:3456} INFO - Setting next_dagrun for dataset_produces_1 to 2025-11-20T00:00:00+00:00, run_after=2025-11-21T00:00:00+00:00
[2025-11-21T11:04:48.255+0300] {logging_mixin.py:137} INFO - [2025-11-21T11:04:48.255+0300] {dag.py:3456} INFO - Setting next_dagrun for dataset_produces_2 to None, run_after=None
[2025-11-21T11:04:48.339+0300] {processor.py:175} INFO - Processing /home/pker/airflow_env/lib/python3.7/site-packages/airflow/example_dags/example_datasets.py took 0.257 seconds
[2025-11-21T11:05:38.479+0300] {processor.py:153} INFO - Started process (PID=31365) to work on /home/pker/airflow_env/lib/python3.7/site-packages/airflow/example_dags/example_datasets.py
[2025-11-21T11:05:38.502+0300] {processor.py:743} INFO - Processing file /home/pker/airflow_env/lib/python3.7/site-packages/airflow/example_dags/example_datasets.py for tasks to queue
[2025-11-21T11:05:38.505+0300] {logging_mixin.py:137} INFO - [2025-11-21T11:05:38.504+0300] {dagbag.py:532} INFO - Filling up the DagBag from /home/pker/airflow_env/lib/python3.7/site-packages/airflow/example_dags/example_datasets.py
[2025-11-21T11:05:38.537+0300] {processor.py:753} INFO - DAG(s) dict_keys(['dataset_consumes_1', 'dataset_consumes_1_never_scheduled', 'dataset_produces_1', 'dataset_consumes_1_and_2', 'dataset_consumes_unknown_never_scheduled', 'dataset_produces_2']) retrieved from /home/pker/airflow_env/lib/python3.7/site-packages/airflow/example_dags/example_datasets.py
[2025-11-21T11:05:38.591+0300] {logging_mixin.py:137} INFO - [2025-11-21T11:05:38.591+0300] {dag.py:2705} INFO - Sync 6 DAGs
[2025-11-21T11:05:38.622+0300] {logging_mixin.py:137} INFO - [2025-11-21T11:05:38.622+0300] {dag.py:3456} INFO - Setting next_dagrun for dataset_consumes_1 to None, run_after=None
[2025-11-21T11:05:38.626+0300] {logging_mixin.py:137} INFO - [2025-11-21T11:05:38.626+0300] {dag.py:3456} INFO - Setting next_dagrun for dataset_consumes_1_and_2 to None, run_after=None
[2025-11-21T11:05:38.627+0300] {logging_mixin.py:137} INFO - [2025-11-21T11:05:38.627+0300] {dag.py:3456} INFO - Setting next_dagrun for dataset_consumes_1_never_scheduled to None, run_after=None
[2025-11-21T11:05:38.628+0300] {logging_mixin.py:137} INFO - [2025-11-21T11:05:38.628+0300] {dag.py:3456} INFO - Setting next_dagrun for dataset_consumes_unknown_never_scheduled to None, run_after=None
[2025-11-21T11:05:38.631+0300] {logging_mixin.py:137} INFO - [2025-11-21T11:05:38.631+0300] {dag.py:3456} INFO - Setting next_dagrun for dataset_produces_1 to 2025-11-20T00:00:00+00:00, run_after=2025-11-21T00:00:00+00:00
[2025-11-21T11:05:38.632+0300] {logging_mixin.py:137} INFO - [2025-11-21T11:05:38.632+0300] {dag.py:3456} INFO - Setting next_dagrun for dataset_produces_2 to None, run_after=None
[2025-11-21T11:05:38.714+0300] {processor.py:175} INFO - Processing /home/pker/airflow_env/lib/python3.7/site-packages/airflow/example_dags/example_datasets.py took 0.240 seconds
[2025-11-21T11:06:25.433+0300] {processor.py:153} INFO - Started process (PID=31414) to work on /home/pker/airflow_env/lib/python3.7/site-packages/airflow/example_dags/example_datasets.py
[2025-11-21T11:06:25.457+0300] {processor.py:743} INFO - Processing file /home/pker/airflow_env/lib/python3.7/site-packages/airflow/example_dags/example_datasets.py for tasks to queue
[2025-11-21T11:06:25.460+0300] {logging_mixin.py:137} INFO - [2025-11-21T11:06:25.459+0300] {dagbag.py:532} INFO - Filling up the DagBag from /home/pker/airflow_env/lib/python3.7/site-packages/airflow/example_dags/example_datasets.py
[2025-11-21T11:06:25.492+0300] {processor.py:753} INFO - DAG(s) dict_keys(['dataset_produces_1', 'dataset_consumes_1_never_scheduled', 'dataset_produces_2', 'dataset_consumes_1', 'dataset_consumes_1_and_2', 'dataset_consumes_unknown_never_scheduled']) retrieved from /home/pker/airflow_env/lib/python3.7/site-packages/airflow/example_dags/example_datasets.py
[2025-11-21T11:06:25.544+0300] {logging_mixin.py:137} INFO - [2025-11-21T11:06:25.543+0300] {dag.py:2705} INFO - Sync 6 DAGs
[2025-11-21T11:06:25.573+0300] {logging_mixin.py:137} INFO - [2025-11-21T11:06:25.573+0300] {dag.py:3456} INFO - Setting next_dagrun for dataset_consumes_1 to None, run_after=None
[2025-11-21T11:06:25.577+0300] {logging_mixin.py:137} INFO - [2025-11-21T11:06:25.577+0300] {dag.py:3456} INFO - Setting next_dagrun for dataset_consumes_1_and_2 to None, run_after=None
[2025-11-21T11:06:25.578+0300] {logging_mixin.py:137} INFO - [2025-11-21T11:06:25.578+0300] {dag.py:3456} INFO - Setting next_dagrun for dataset_consumes_1_never_scheduled to None, run_after=None
[2025-11-21T11:06:25.580+0300] {logging_mixin.py:137} INFO - [2025-11-21T11:06:25.580+0300] {dag.py:3456} INFO - Setting next_dagrun for dataset_consumes_unknown_never_scheduled to None, run_after=None
[2025-11-21T11:06:25.583+0300] {logging_mixin.py:137} INFO - [2025-11-21T11:06:25.583+0300] {dag.py:3456} INFO - Setting next_dagrun for dataset_produces_1 to 2025-11-20T00:00:00+00:00, run_after=2025-11-21T00:00:00+00:00
[2025-11-21T11:06:25.585+0300] {logging_mixin.py:137} INFO - [2025-11-21T11:06:25.584+0300] {dag.py:3456} INFO - Setting next_dagrun for dataset_produces_2 to None, run_after=None
[2025-11-21T11:06:25.672+0300] {processor.py:175} INFO - Processing /home/pker/airflow_env/lib/python3.7/site-packages/airflow/example_dags/example_datasets.py took 0.247 seconds
[2025-11-21T11:07:13.858+0300] {processor.py:153} INFO - Started process (PID=31466) to work on /home/pker/airflow_env/lib/python3.7/site-packages/airflow/example_dags/example_datasets.py
[2025-11-21T11:07:13.882+0300] {processor.py:743} INFO - Processing file /home/pker/airflow_env/lib/python3.7/site-packages/airflow/example_dags/example_datasets.py for tasks to queue
[2025-11-21T11:07:13.886+0300] {logging_mixin.py:137} INFO - [2025-11-21T11:07:13.885+0300] {dagbag.py:532} INFO - Filling up the DagBag from /home/pker/airflow_env/lib/python3.7/site-packages/airflow/example_dags/example_datasets.py
[2025-11-21T11:07:13.947+0300] {processor.py:753} INFO - DAG(s) dict_keys(['dataset_produces_2', 'dataset_consumes_1', 'dataset_consumes_unknown_never_scheduled', 'dataset_consumes_1_and_2', 'dataset_consumes_1_never_scheduled', 'dataset_produces_1']) retrieved from /home/pker/airflow_env/lib/python3.7/site-packages/airflow/example_dags/example_datasets.py
[2025-11-21T11:07:14.042+0300] {logging_mixin.py:137} INFO - [2025-11-21T11:07:14.041+0300] {dag.py:2705} INFO - Sync 6 DAGs
[2025-11-21T11:07:14.085+0300] {logging_mixin.py:137} INFO - [2025-11-21T11:07:14.084+0300] {dag.py:3456} INFO - Setting next_dagrun for dataset_consumes_1 to None, run_after=None
[2025-11-21T11:07:14.089+0300] {logging_mixin.py:137} INFO - [2025-11-21T11:07:14.088+0300] {dag.py:3456} INFO - Setting next_dagrun for dataset_consumes_1_and_2 to None, run_after=None
[2025-11-21T11:07:14.090+0300] {logging_mixin.py:137} INFO - [2025-11-21T11:07:14.090+0300] {dag.py:3456} INFO - Setting next_dagrun for dataset_consumes_1_never_scheduled to None, run_after=None
[2025-11-21T11:07:14.092+0300] {logging_mixin.py:137} INFO - [2025-11-21T11:07:14.091+0300] {dag.py:3456} INFO - Setting next_dagrun for dataset_consumes_unknown_never_scheduled to None, run_after=None
[2025-11-21T11:07:14.098+0300] {logging_mixin.py:137} INFO - [2025-11-21T11:07:14.098+0300] {dag.py:3456} INFO - Setting next_dagrun for dataset_produces_1 to 2025-11-20T00:00:00+00:00, run_after=2025-11-21T00:00:00+00:00
[2025-11-21T11:07:14.100+0300] {logging_mixin.py:137} INFO - [2025-11-21T11:07:14.100+0300] {dag.py:3456} INFO - Setting next_dagrun for dataset_produces_2 to None, run_after=None
[2025-11-21T11:07:14.181+0300] {processor.py:175} INFO - Processing /home/pker/airflow_env/lib/python3.7/site-packages/airflow/example_dags/example_datasets.py took 0.335 seconds
[2025-11-21T11:08:01.766+0300] {processor.py:153} INFO - Started process (PID=31535) to work on /home/pker/airflow_env/lib/python3.7/site-packages/airflow/example_dags/example_datasets.py
[2025-11-21T11:08:01.789+0300] {processor.py:743} INFO - Processing file /home/pker/airflow_env/lib/python3.7/site-packages/airflow/example_dags/example_datasets.py for tasks to queue
[2025-11-21T11:08:01.791+0300] {logging_mixin.py:137} INFO - [2025-11-21T11:08:01.790+0300] {dagbag.py:532} INFO - Filling up the DagBag from /home/pker/airflow_env/lib/python3.7/site-packages/airflow/example_dags/example_datasets.py
[2025-11-21T11:08:01.821+0300] {processor.py:753} INFO - DAG(s) dict_keys(['dataset_consumes_1', 'dataset_consumes_unknown_never_scheduled', 'dataset_produces_2', 'dataset_consumes_1_never_scheduled', 'dataset_consumes_1_and_2', 'dataset_produces_1']) retrieved from /home/pker/airflow_env/lib/python3.7/site-packages/airflow/example_dags/example_datasets.py
[2025-11-21T11:08:01.873+0300] {logging_mixin.py:137} INFO - [2025-11-21T11:08:01.873+0300] {dag.py:2705} INFO - Sync 6 DAGs
[2025-11-21T11:08:01.901+0300] {logging_mixin.py:137} INFO - [2025-11-21T11:08:01.901+0300] {dag.py:3456} INFO - Setting next_dagrun for dataset_consumes_1 to None, run_after=None
[2025-11-21T11:08:01.904+0300] {logging_mixin.py:137} INFO - [2025-11-21T11:08:01.904+0300] {dag.py:3456} INFO - Setting next_dagrun for dataset_consumes_1_and_2 to None, run_after=None
[2025-11-21T11:08:01.905+0300] {logging_mixin.py:137} INFO - [2025-11-21T11:08:01.905+0300] {dag.py:3456} INFO - Setting next_dagrun for dataset_consumes_1_never_scheduled to None, run_after=None
[2025-11-21T11:08:01.906+0300] {logging_mixin.py:137} INFO - [2025-11-21T11:08:01.906+0300] {dag.py:3456} INFO - Setting next_dagrun for dataset_consumes_unknown_never_scheduled to None, run_after=None
[2025-11-21T11:08:01.909+0300] {logging_mixin.py:137} INFO - [2025-11-21T11:08:01.908+0300] {dag.py:3456} INFO - Setting next_dagrun for dataset_produces_1 to 2025-11-20T00:00:00+00:00, run_after=2025-11-21T00:00:00+00:00
[2025-11-21T11:08:01.910+0300] {logging_mixin.py:137} INFO - [2025-11-21T11:08:01.910+0300] {dag.py:3456} INFO - Setting next_dagrun for dataset_produces_2 to None, run_after=None
[2025-11-21T11:08:01.979+0300] {processor.py:175} INFO - Processing /home/pker/airflow_env/lib/python3.7/site-packages/airflow/example_dags/example_datasets.py took 0.219 seconds
[2025-11-21T11:08:49.676+0300] {processor.py:153} INFO - Started process (PID=31582) to work on /home/pker/airflow_env/lib/python3.7/site-packages/airflow/example_dags/example_datasets.py
[2025-11-21T11:08:49.702+0300] {processor.py:743} INFO - Processing file /home/pker/airflow_env/lib/python3.7/site-packages/airflow/example_dags/example_datasets.py for tasks to queue
[2025-11-21T11:08:49.705+0300] {logging_mixin.py:137} INFO - [2025-11-21T11:08:49.704+0300] {dagbag.py:532} INFO - Filling up the DagBag from /home/pker/airflow_env/lib/python3.7/site-packages/airflow/example_dags/example_datasets.py
[2025-11-21T11:08:49.736+0300] {processor.py:753} INFO - DAG(s) dict_keys(['dataset_consumes_1_and_2', 'dataset_produces_1', 'dataset_consumes_unknown_never_scheduled', 'dataset_consumes_1_never_scheduled', 'dataset_produces_2', 'dataset_consumes_1']) retrieved from /home/pker/airflow_env/lib/python3.7/site-packages/airflow/example_dags/example_datasets.py
[2025-11-21T11:08:49.794+0300] {logging_mixin.py:137} INFO - [2025-11-21T11:08:49.794+0300] {dag.py:2705} INFO - Sync 6 DAGs
[2025-11-21T11:08:49.833+0300] {logging_mixin.py:137} INFO - [2025-11-21T11:08:49.833+0300] {dag.py:3456} INFO - Setting next_dagrun for dataset_consumes_1 to None, run_after=None
[2025-11-21T11:08:49.839+0300] {logging_mixin.py:137} INFO - [2025-11-21T11:08:49.838+0300] {dag.py:3456} INFO - Setting next_dagrun for dataset_consumes_1_and_2 to None, run_after=None
[2025-11-21T11:08:49.840+0300] {logging_mixin.py:137} INFO - [2025-11-21T11:08:49.840+0300] {dag.py:3456} INFO - Setting next_dagrun for dataset_consumes_1_never_scheduled to None, run_after=None
[2025-11-21T11:08:49.842+0300] {logging_mixin.py:137} INFO - [2025-11-21T11:08:49.842+0300] {dag.py:3456} INFO - Setting next_dagrun for dataset_consumes_unknown_never_scheduled to None, run_after=None
[2025-11-21T11:08:49.847+0300] {logging_mixin.py:137} INFO - [2025-11-21T11:08:49.847+0300] {dag.py:3456} INFO - Setting next_dagrun for dataset_produces_1 to 2025-11-20T00:00:00+00:00, run_after=2025-11-21T00:00:00+00:00
[2025-11-21T11:08:49.848+0300] {logging_mixin.py:137} INFO - [2025-11-21T11:08:49.848+0300] {dag.py:3456} INFO - Setting next_dagrun for dataset_produces_2 to None, run_after=None
[2025-11-21T11:08:49.935+0300] {processor.py:175} INFO - Processing /home/pker/airflow_env/lib/python3.7/site-packages/airflow/example_dags/example_datasets.py took 0.264 seconds
