[2025-11-21T10:44:40.047+0300] {processor.py:153} INFO - Started process (PID=30118) to work on /home/pker/airflow_env/lib/python3.7/site-packages/airflow/example_dags/example_dynamic_task_mapping.py
[2025-11-21T10:44:40.048+0300] {processor.py:743} INFO - Processing file /home/pker/airflow_env/lib/python3.7/site-packages/airflow/example_dags/example_dynamic_task_mapping.py for tasks to queue
[2025-11-21T10:44:40.050+0300] {logging_mixin.py:137} INFO - [2025-11-21T10:44:40.049+0300] {dagbag.py:532} INFO - Filling up the DagBag from /home/pker/airflow_env/lib/python3.7/site-packages/airflow/example_dags/example_dynamic_task_mapping.py
[2025-11-21T10:44:40.084+0300] {processor.py:753} INFO - DAG(s) dict_keys(['example_dynamic_task_mapping']) retrieved from /home/pker/airflow_env/lib/python3.7/site-packages/airflow/example_dags/example_dynamic_task_mapping.py
[2025-11-21T10:44:40.247+0300] {logging_mixin.py:137} INFO - [2025-11-21T10:44:40.247+0300] {manager.py:504} INFO - Created Permission View: can delete on DAG:example_dynamic_task_mapping
[2025-11-21T10:44:40.266+0300] {logging_mixin.py:137} INFO - [2025-11-21T10:44:40.266+0300] {manager.py:504} INFO - Created Permission View: can read on DAG:example_dynamic_task_mapping
[2025-11-21T10:44:40.279+0300] {logging_mixin.py:137} INFO - [2025-11-21T10:44:40.279+0300] {manager.py:504} INFO - Created Permission View: can edit on DAG:example_dynamic_task_mapping
[2025-11-21T10:44:40.279+0300] {logging_mixin.py:137} INFO - [2025-11-21T10:44:40.279+0300] {dag.py:2705} INFO - Sync 1 DAGs
[2025-11-21T10:44:40.293+0300] {logging_mixin.py:137} INFO - [2025-11-21T10:44:40.293+0300] {dag.py:2726} INFO - Creating ORM DAG for example_dynamic_task_mapping
[2025-11-21T10:44:40.305+0300] {logging_mixin.py:137} INFO - [2025-11-21T10:44:40.305+0300] {dag.py:3456} INFO - Setting next_dagrun for example_dynamic_task_mapping to 2022-03-04T00:00:00+00:00, run_after=2022-03-05T00:00:00+00:00
[2025-11-21T10:44:40.330+0300] {processor.py:175} INFO - Processing /home/pker/airflow_env/lib/python3.7/site-packages/airflow/example_dags/example_dynamic_task_mapping.py took 0.291 seconds
[2025-11-21T10:45:27.888+0300] {processor.py:153} INFO - Started process (PID=30184) to work on /home/pker/airflow_env/lib/python3.7/site-packages/airflow/example_dags/example_dynamic_task_mapping.py
[2025-11-21T10:45:27.909+0300] {processor.py:743} INFO - Processing file /home/pker/airflow_env/lib/python3.7/site-packages/airflow/example_dags/example_dynamic_task_mapping.py for tasks to queue
[2025-11-21T10:45:27.910+0300] {logging_mixin.py:137} INFO - [2025-11-21T10:45:27.910+0300] {dagbag.py:532} INFO - Filling up the DagBag from /home/pker/airflow_env/lib/python3.7/site-packages/airflow/example_dags/example_dynamic_task_mapping.py
[2025-11-21T10:45:27.948+0300] {processor.py:753} INFO - DAG(s) dict_keys(['example_dynamic_task_mapping']) retrieved from /home/pker/airflow_env/lib/python3.7/site-packages/airflow/example_dags/example_dynamic_task_mapping.py
[2025-11-21T10:45:27.984+0300] {logging_mixin.py:137} INFO - [2025-11-21T10:45:27.983+0300] {dag.py:2705} INFO - Sync 1 DAGs
[2025-11-21T10:45:28.040+0300] {logging_mixin.py:137} INFO - [2025-11-21T10:45:28.040+0300] {dag.py:3456} INFO - Setting next_dagrun for example_dynamic_task_mapping to 2022-03-04T00:00:00+00:00, run_after=2022-03-05T00:00:00+00:00
[2025-11-21T10:45:28.100+0300] {processor.py:175} INFO - Processing /home/pker/airflow_env/lib/python3.7/site-packages/airflow/example_dags/example_dynamic_task_mapping.py took 0.217 seconds
[2025-11-21T10:46:17.850+0300] {processor.py:153} INFO - Started process (PID=30230) to work on /home/pker/airflow_env/lib/python3.7/site-packages/airflow/example_dags/example_dynamic_task_mapping.py
[2025-11-21T10:46:17.873+0300] {processor.py:743} INFO - Processing file /home/pker/airflow_env/lib/python3.7/site-packages/airflow/example_dags/example_dynamic_task_mapping.py for tasks to queue
[2025-11-21T10:46:17.875+0300] {logging_mixin.py:137} INFO - [2025-11-21T10:46:17.875+0300] {dagbag.py:532} INFO - Filling up the DagBag from /home/pker/airflow_env/lib/python3.7/site-packages/airflow/example_dags/example_dynamic_task_mapping.py
[2025-11-21T10:46:17.919+0300] {processor.py:753} INFO - DAG(s) dict_keys(['example_dynamic_task_mapping']) retrieved from /home/pker/airflow_env/lib/python3.7/site-packages/airflow/example_dags/example_dynamic_task_mapping.py
[2025-11-21T10:46:17.946+0300] {logging_mixin.py:137} INFO - [2025-11-21T10:46:17.946+0300] {dag.py:2705} INFO - Sync 1 DAGs
[2025-11-21T10:46:17.995+0300] {logging_mixin.py:137} INFO - [2025-11-21T10:46:17.994+0300] {dag.py:3456} INFO - Setting next_dagrun for example_dynamic_task_mapping to 2022-03-04T00:00:00+00:00, run_after=2022-03-05T00:00:00+00:00
[2025-11-21T10:46:18.028+0300] {processor.py:175} INFO - Processing /home/pker/airflow_env/lib/python3.7/site-packages/airflow/example_dags/example_dynamic_task_mapping.py took 0.183 seconds
[2025-11-21T10:47:04.260+0300] {processor.py:153} INFO - Started process (PID=30278) to work on /home/pker/airflow_env/lib/python3.7/site-packages/airflow/example_dags/example_dynamic_task_mapping.py
[2025-11-21T10:47:04.262+0300] {processor.py:743} INFO - Processing file /home/pker/airflow_env/lib/python3.7/site-packages/airflow/example_dags/example_dynamic_task_mapping.py for tasks to queue
[2025-11-21T10:47:04.265+0300] {logging_mixin.py:137} INFO - [2025-11-21T10:47:04.265+0300] {dagbag.py:532} INFO - Filling up the DagBag from /home/pker/airflow_env/lib/python3.7/site-packages/airflow/example_dags/example_dynamic_task_mapping.py
[2025-11-21T10:47:04.300+0300] {processor.py:753} INFO - DAG(s) dict_keys(['example_dynamic_task_mapping']) retrieved from /home/pker/airflow_env/lib/python3.7/site-packages/airflow/example_dags/example_dynamic_task_mapping.py
[2025-11-21T10:47:04.327+0300] {logging_mixin.py:137} INFO - [2025-11-21T10:47:04.327+0300] {dag.py:2705} INFO - Sync 1 DAGs
[2025-11-21T10:47:04.358+0300] {logging_mixin.py:137} INFO - [2025-11-21T10:47:04.357+0300] {dag.py:3456} INFO - Setting next_dagrun for example_dynamic_task_mapping to 2022-03-04T00:00:00+00:00, run_after=2022-03-05T00:00:00+00:00
[2025-11-21T10:47:04.413+0300] {processor.py:175} INFO - Processing /home/pker/airflow_env/lib/python3.7/site-packages/airflow/example_dags/example_dynamic_task_mapping.py took 0.159 seconds
[2025-11-21T10:47:52.831+0300] {processor.py:153} INFO - Started process (PID=30322) to work on /home/pker/airflow_env/lib/python3.7/site-packages/airflow/example_dags/example_dynamic_task_mapping.py
[2025-11-21T10:47:52.854+0300] {processor.py:743} INFO - Processing file /home/pker/airflow_env/lib/python3.7/site-packages/airflow/example_dags/example_dynamic_task_mapping.py for tasks to queue
[2025-11-21T10:47:52.856+0300] {logging_mixin.py:137} INFO - [2025-11-21T10:47:52.856+0300] {dagbag.py:532} INFO - Filling up the DagBag from /home/pker/airflow_env/lib/python3.7/site-packages/airflow/example_dags/example_dynamic_task_mapping.py
[2025-11-21T10:47:52.901+0300] {processor.py:753} INFO - DAG(s) dict_keys(['example_dynamic_task_mapping']) retrieved from /home/pker/airflow_env/lib/python3.7/site-packages/airflow/example_dags/example_dynamic_task_mapping.py
[2025-11-21T10:47:52.933+0300] {logging_mixin.py:137} INFO - [2025-11-21T10:47:52.933+0300] {dag.py:2705} INFO - Sync 1 DAGs
[2025-11-21T10:47:52.958+0300] {logging_mixin.py:137} INFO - [2025-11-21T10:47:52.958+0300] {dag.py:3456} INFO - Setting next_dagrun for example_dynamic_task_mapping to 2022-03-04T00:00:00+00:00, run_after=2022-03-05T00:00:00+00:00
[2025-11-21T10:47:53.013+0300] {processor.py:175} INFO - Processing /home/pker/airflow_env/lib/python3.7/site-packages/airflow/example_dags/example_dynamic_task_mapping.py took 0.190 seconds
[2025-11-21T10:48:39.968+0300] {processor.py:153} INFO - Started process (PID=30364) to work on /home/pker/airflow_env/lib/python3.7/site-packages/airflow/example_dags/example_dynamic_task_mapping.py
[2025-11-21T10:48:39.989+0300] {processor.py:743} INFO - Processing file /home/pker/airflow_env/lib/python3.7/site-packages/airflow/example_dags/example_dynamic_task_mapping.py for tasks to queue
[2025-11-21T10:48:39.990+0300] {logging_mixin.py:137} INFO - [2025-11-21T10:48:39.990+0300] {dagbag.py:532} INFO - Filling up the DagBag from /home/pker/airflow_env/lib/python3.7/site-packages/airflow/example_dags/example_dynamic_task_mapping.py
[2025-11-21T10:48:40.032+0300] {processor.py:753} INFO - DAG(s) dict_keys(['example_dynamic_task_mapping']) retrieved from /home/pker/airflow_env/lib/python3.7/site-packages/airflow/example_dags/example_dynamic_task_mapping.py
[2025-11-21T10:48:40.055+0300] {logging_mixin.py:137} INFO - [2025-11-21T10:48:40.055+0300] {dag.py:2705} INFO - Sync 1 DAGs
[2025-11-21T10:48:40.080+0300] {logging_mixin.py:137} INFO - [2025-11-21T10:48:40.080+0300] {dag.py:3456} INFO - Setting next_dagrun for example_dynamic_task_mapping to 2022-03-04T00:00:00+00:00, run_after=2022-03-05T00:00:00+00:00
[2025-11-21T10:48:40.107+0300] {processor.py:175} INFO - Processing /home/pker/airflow_env/lib/python3.7/site-packages/airflow/example_dags/example_dynamic_task_mapping.py took 0.145 seconds
[2025-11-21T10:49:27.209+0300] {processor.py:153} INFO - Started process (PID=30421) to work on /home/pker/airflow_env/lib/python3.7/site-packages/airflow/example_dags/example_dynamic_task_mapping.py
[2025-11-21T10:49:27.211+0300] {processor.py:743} INFO - Processing file /home/pker/airflow_env/lib/python3.7/site-packages/airflow/example_dags/example_dynamic_task_mapping.py for tasks to queue
[2025-11-21T10:49:27.217+0300] {logging_mixin.py:137} INFO - [2025-11-21T10:49:27.213+0300] {dagbag.py:532} INFO - Filling up the DagBag from /home/pker/airflow_env/lib/python3.7/site-packages/airflow/example_dags/example_dynamic_task_mapping.py
[2025-11-21T10:49:27.273+0300] {processor.py:753} INFO - DAG(s) dict_keys(['example_dynamic_task_mapping']) retrieved from /home/pker/airflow_env/lib/python3.7/site-packages/airflow/example_dags/example_dynamic_task_mapping.py
[2025-11-21T10:49:27.310+0300] {logging_mixin.py:137} INFO - [2025-11-21T10:49:27.310+0300] {dag.py:2705} INFO - Sync 1 DAGs
[2025-11-21T10:49:27.345+0300] {logging_mixin.py:137} INFO - [2025-11-21T10:49:27.345+0300] {dag.py:3456} INFO - Setting next_dagrun for example_dynamic_task_mapping to 2022-03-04T00:00:00+00:00, run_after=2022-03-05T00:00:00+00:00
[2025-11-21T10:49:27.395+0300] {processor.py:175} INFO - Processing /home/pker/airflow_env/lib/python3.7/site-packages/airflow/example_dags/example_dynamic_task_mapping.py took 0.191 seconds
[2025-11-21T10:50:14.188+0300] {processor.py:153} INFO - Started process (PID=30466) to work on /home/pker/airflow_env/lib/python3.7/site-packages/airflow/example_dags/example_dynamic_task_mapping.py
[2025-11-21T10:50:14.208+0300] {processor.py:743} INFO - Processing file /home/pker/airflow_env/lib/python3.7/site-packages/airflow/example_dags/example_dynamic_task_mapping.py for tasks to queue
[2025-11-21T10:50:14.210+0300] {logging_mixin.py:137} INFO - [2025-11-21T10:50:14.210+0300] {dagbag.py:532} INFO - Filling up the DagBag from /home/pker/airflow_env/lib/python3.7/site-packages/airflow/example_dags/example_dynamic_task_mapping.py
[2025-11-21T10:50:14.258+0300] {processor.py:753} INFO - DAG(s) dict_keys(['example_dynamic_task_mapping']) retrieved from /home/pker/airflow_env/lib/python3.7/site-packages/airflow/example_dags/example_dynamic_task_mapping.py
[2025-11-21T10:50:14.303+0300] {logging_mixin.py:137} INFO - [2025-11-21T10:50:14.303+0300] {dag.py:2705} INFO - Sync 1 DAGs
[2025-11-21T10:50:14.349+0300] {logging_mixin.py:137} INFO - [2025-11-21T10:50:14.348+0300] {dag.py:3456} INFO - Setting next_dagrun for example_dynamic_task_mapping to 2022-03-04T00:00:00+00:00, run_after=2022-03-05T00:00:00+00:00
[2025-11-21T10:50:14.417+0300] {processor.py:175} INFO - Processing /home/pker/airflow_env/lib/python3.7/site-packages/airflow/example_dags/example_dynamic_task_mapping.py took 0.235 seconds
[2025-11-21T10:51:01.973+0300] {processor.py:153} INFO - Started process (PID=30511) to work on /home/pker/airflow_env/lib/python3.7/site-packages/airflow/example_dags/example_dynamic_task_mapping.py
[2025-11-21T10:51:01.976+0300] {processor.py:743} INFO - Processing file /home/pker/airflow_env/lib/python3.7/site-packages/airflow/example_dags/example_dynamic_task_mapping.py for tasks to queue
[2025-11-21T10:51:01.978+0300] {logging_mixin.py:137} INFO - [2025-11-21T10:51:01.978+0300] {dagbag.py:532} INFO - Filling up the DagBag from /home/pker/airflow_env/lib/python3.7/site-packages/airflow/example_dags/example_dynamic_task_mapping.py
[2025-11-21T10:51:02.012+0300] {processor.py:753} INFO - DAG(s) dict_keys(['example_dynamic_task_mapping']) retrieved from /home/pker/airflow_env/lib/python3.7/site-packages/airflow/example_dags/example_dynamic_task_mapping.py
[2025-11-21T10:51:02.040+0300] {logging_mixin.py:137} INFO - [2025-11-21T10:51:02.040+0300] {dag.py:2705} INFO - Sync 1 DAGs
[2025-11-21T10:51:02.070+0300] {logging_mixin.py:137} INFO - [2025-11-21T10:51:02.070+0300] {dag.py:3456} INFO - Setting next_dagrun for example_dynamic_task_mapping to 2022-03-04T00:00:00+00:00, run_after=2022-03-05T00:00:00+00:00
[2025-11-21T10:51:02.097+0300] {processor.py:175} INFO - Processing /home/pker/airflow_env/lib/python3.7/site-packages/airflow/example_dags/example_dynamic_task_mapping.py took 0.129 seconds
[2025-11-21T10:51:47.996+0300] {processor.py:153} INFO - Started process (PID=30555) to work on /home/pker/airflow_env/lib/python3.7/site-packages/airflow/example_dags/example_dynamic_task_mapping.py
[2025-11-21T10:51:48.000+0300] {processor.py:743} INFO - Processing file /home/pker/airflow_env/lib/python3.7/site-packages/airflow/example_dags/example_dynamic_task_mapping.py for tasks to queue
[2025-11-21T10:51:48.002+0300] {logging_mixin.py:137} INFO - [2025-11-21T10:51:48.002+0300] {dagbag.py:532} INFO - Filling up the DagBag from /home/pker/airflow_env/lib/python3.7/site-packages/airflow/example_dags/example_dynamic_task_mapping.py
[2025-11-21T10:51:48.053+0300] {processor.py:753} INFO - DAG(s) dict_keys(['example_dynamic_task_mapping']) retrieved from /home/pker/airflow_env/lib/python3.7/site-packages/airflow/example_dags/example_dynamic_task_mapping.py
[2025-11-21T10:51:48.085+0300] {logging_mixin.py:137} INFO - [2025-11-21T10:51:48.084+0300] {dag.py:2705} INFO - Sync 1 DAGs
[2025-11-21T10:51:48.127+0300] {logging_mixin.py:137} INFO - [2025-11-21T10:51:48.127+0300] {dag.py:3456} INFO - Setting next_dagrun for example_dynamic_task_mapping to 2022-03-04T00:00:00+00:00, run_after=2022-03-05T00:00:00+00:00
[2025-11-21T10:51:48.195+0300] {processor.py:175} INFO - Processing /home/pker/airflow_env/lib/python3.7/site-packages/airflow/example_dags/example_dynamic_task_mapping.py took 0.206 seconds
[2025-11-21T10:52:33.465+0300] {processor.py:153} INFO - Started process (PID=30600) to work on /home/pker/airflow_env/lib/python3.7/site-packages/airflow/example_dags/example_dynamic_task_mapping.py
[2025-11-21T10:52:33.468+0300] {processor.py:743} INFO - Processing file /home/pker/airflow_env/lib/python3.7/site-packages/airflow/example_dags/example_dynamic_task_mapping.py for tasks to queue
[2025-11-21T10:52:33.470+0300] {logging_mixin.py:137} INFO - [2025-11-21T10:52:33.469+0300] {dagbag.py:532} INFO - Filling up the DagBag from /home/pker/airflow_env/lib/python3.7/site-packages/airflow/example_dags/example_dynamic_task_mapping.py
[2025-11-21T10:52:33.507+0300] {processor.py:753} INFO - DAG(s) dict_keys(['example_dynamic_task_mapping']) retrieved from /home/pker/airflow_env/lib/python3.7/site-packages/airflow/example_dags/example_dynamic_task_mapping.py
[2025-11-21T10:52:33.536+0300] {logging_mixin.py:137} INFO - [2025-11-21T10:52:33.536+0300] {dag.py:2705} INFO - Sync 1 DAGs
[2025-11-21T10:52:33.565+0300] {logging_mixin.py:137} INFO - [2025-11-21T10:52:33.565+0300] {dag.py:3456} INFO - Setting next_dagrun for example_dynamic_task_mapping to 2022-03-04T00:00:00+00:00, run_after=2022-03-05T00:00:00+00:00
[2025-11-21T10:52:33.599+0300] {processor.py:175} INFO - Processing /home/pker/airflow_env/lib/python3.7/site-packages/airflow/example_dags/example_dynamic_task_mapping.py took 0.139 seconds
[2025-11-21T10:53:21.535+0300] {processor.py:153} INFO - Started process (PID=30645) to work on /home/pker/airflow_env/lib/python3.7/site-packages/airflow/example_dags/example_dynamic_task_mapping.py
[2025-11-21T10:53:21.538+0300] {processor.py:743} INFO - Processing file /home/pker/airflow_env/lib/python3.7/site-packages/airflow/example_dags/example_dynamic_task_mapping.py for tasks to queue
[2025-11-21T10:53:21.540+0300] {logging_mixin.py:137} INFO - [2025-11-21T10:53:21.539+0300] {dagbag.py:532} INFO - Filling up the DagBag from /home/pker/airflow_env/lib/python3.7/site-packages/airflow/example_dags/example_dynamic_task_mapping.py
[2025-11-21T10:53:21.579+0300] {processor.py:753} INFO - DAG(s) dict_keys(['example_dynamic_task_mapping']) retrieved from /home/pker/airflow_env/lib/python3.7/site-packages/airflow/example_dags/example_dynamic_task_mapping.py
[2025-11-21T10:53:21.603+0300] {logging_mixin.py:137} INFO - [2025-11-21T10:53:21.602+0300] {dag.py:2705} INFO - Sync 1 DAGs
[2025-11-21T10:53:21.632+0300] {logging_mixin.py:137} INFO - [2025-11-21T10:53:21.632+0300] {dag.py:3456} INFO - Setting next_dagrun for example_dynamic_task_mapping to 2022-03-04T00:00:00+00:00, run_after=2022-03-05T00:00:00+00:00
[2025-11-21T10:53:21.664+0300] {processor.py:175} INFO - Processing /home/pker/airflow_env/lib/python3.7/site-packages/airflow/example_dags/example_dynamic_task_mapping.py took 0.134 seconds
[2025-11-21T10:54:09.532+0300] {processor.py:153} INFO - Started process (PID=30689) to work on /home/pker/airflow_env/lib/python3.7/site-packages/airflow/example_dags/example_dynamic_task_mapping.py
[2025-11-21T10:54:09.555+0300] {processor.py:743} INFO - Processing file /home/pker/airflow_env/lib/python3.7/site-packages/airflow/example_dags/example_dynamic_task_mapping.py for tasks to queue
[2025-11-21T10:54:09.557+0300] {logging_mixin.py:137} INFO - [2025-11-21T10:54:09.557+0300] {dagbag.py:532} INFO - Filling up the DagBag from /home/pker/airflow_env/lib/python3.7/site-packages/airflow/example_dags/example_dynamic_task_mapping.py
[2025-11-21T10:54:09.608+0300] {processor.py:753} INFO - DAG(s) dict_keys(['example_dynamic_task_mapping']) retrieved from /home/pker/airflow_env/lib/python3.7/site-packages/airflow/example_dags/example_dynamic_task_mapping.py
[2025-11-21T10:54:09.647+0300] {logging_mixin.py:137} INFO - [2025-11-21T10:54:09.647+0300] {dag.py:2705} INFO - Sync 1 DAGs
[2025-11-21T10:54:09.694+0300] {logging_mixin.py:137} INFO - [2025-11-21T10:54:09.693+0300] {dag.py:3456} INFO - Setting next_dagrun for example_dynamic_task_mapping to 2022-03-04T00:00:00+00:00, run_after=2022-03-05T00:00:00+00:00
[2025-11-21T10:54:09.757+0300] {processor.py:175} INFO - Processing /home/pker/airflow_env/lib/python3.7/site-packages/airflow/example_dags/example_dynamic_task_mapping.py took 0.230 seconds
[2025-11-21T10:54:56.806+0300] {processor.py:153} INFO - Started process (PID=30736) to work on /home/pker/airflow_env/lib/python3.7/site-packages/airflow/example_dags/example_dynamic_task_mapping.py
[2025-11-21T10:54:56.830+0300] {processor.py:743} INFO - Processing file /home/pker/airflow_env/lib/python3.7/site-packages/airflow/example_dags/example_dynamic_task_mapping.py for tasks to queue
[2025-11-21T10:54:56.832+0300] {logging_mixin.py:137} INFO - [2025-11-21T10:54:56.832+0300] {dagbag.py:532} INFO - Filling up the DagBag from /home/pker/airflow_env/lib/python3.7/site-packages/airflow/example_dags/example_dynamic_task_mapping.py
[2025-11-21T10:54:56.876+0300] {processor.py:753} INFO - DAG(s) dict_keys(['example_dynamic_task_mapping']) retrieved from /home/pker/airflow_env/lib/python3.7/site-packages/airflow/example_dags/example_dynamic_task_mapping.py
[2025-11-21T10:54:56.902+0300] {logging_mixin.py:137} INFO - [2025-11-21T10:54:56.902+0300] {dag.py:2705} INFO - Sync 1 DAGs
[2025-11-21T10:54:56.932+0300] {logging_mixin.py:137} INFO - [2025-11-21T10:54:56.932+0300] {dag.py:3456} INFO - Setting next_dagrun for example_dynamic_task_mapping to 2022-03-04T00:00:00+00:00, run_after=2022-03-05T00:00:00+00:00
[2025-11-21T10:54:56.982+0300] {processor.py:175} INFO - Processing /home/pker/airflow_env/lib/python3.7/site-packages/airflow/example_dags/example_dynamic_task_mapping.py took 0.181 seconds
[2025-11-21T10:55:45.103+0300] {processor.py:153} INFO - Started process (PID=30783) to work on /home/pker/airflow_env/lib/python3.7/site-packages/airflow/example_dags/example_dynamic_task_mapping.py
[2025-11-21T10:55:45.127+0300] {processor.py:743} INFO - Processing file /home/pker/airflow_env/lib/python3.7/site-packages/airflow/example_dags/example_dynamic_task_mapping.py for tasks to queue
[2025-11-21T10:55:45.130+0300] {logging_mixin.py:137} INFO - [2025-11-21T10:55:45.130+0300] {dagbag.py:532} INFO - Filling up the DagBag from /home/pker/airflow_env/lib/python3.7/site-packages/airflow/example_dags/example_dynamic_task_mapping.py
[2025-11-21T10:55:45.176+0300] {processor.py:753} INFO - DAG(s) dict_keys(['example_dynamic_task_mapping']) retrieved from /home/pker/airflow_env/lib/python3.7/site-packages/airflow/example_dags/example_dynamic_task_mapping.py
[2025-11-21T10:55:45.207+0300] {logging_mixin.py:137} INFO - [2025-11-21T10:55:45.207+0300] {dag.py:2705} INFO - Sync 1 DAGs
[2025-11-21T10:55:45.246+0300] {logging_mixin.py:137} INFO - [2025-11-21T10:55:45.246+0300] {dag.py:3456} INFO - Setting next_dagrun for example_dynamic_task_mapping to 2022-03-04T00:00:00+00:00, run_after=2022-03-05T00:00:00+00:00
[2025-11-21T10:55:45.310+0300] {processor.py:175} INFO - Processing /home/pker/airflow_env/lib/python3.7/site-packages/airflow/example_dags/example_dynamic_task_mapping.py took 0.215 seconds
[2025-11-21T10:56:33.598+0300] {processor.py:153} INFO - Started process (PID=30827) to work on /home/pker/airflow_env/lib/python3.7/site-packages/airflow/example_dags/example_dynamic_task_mapping.py
[2025-11-21T10:56:33.620+0300] {processor.py:743} INFO - Processing file /home/pker/airflow_env/lib/python3.7/site-packages/airflow/example_dags/example_dynamic_task_mapping.py for tasks to queue
[2025-11-21T10:56:33.622+0300] {logging_mixin.py:137} INFO - [2025-11-21T10:56:33.621+0300] {dagbag.py:532} INFO - Filling up the DagBag from /home/pker/airflow_env/lib/python3.7/site-packages/airflow/example_dags/example_dynamic_task_mapping.py
[2025-11-21T10:56:33.676+0300] {processor.py:753} INFO - DAG(s) dict_keys(['example_dynamic_task_mapping']) retrieved from /home/pker/airflow_env/lib/python3.7/site-packages/airflow/example_dags/example_dynamic_task_mapping.py
[2025-11-21T10:56:33.709+0300] {logging_mixin.py:137} INFO - [2025-11-21T10:56:33.709+0300] {dag.py:2705} INFO - Sync 1 DAGs
[2025-11-21T10:56:33.739+0300] {logging_mixin.py:137} INFO - [2025-11-21T10:56:33.739+0300] {dag.py:3456} INFO - Setting next_dagrun for example_dynamic_task_mapping to 2022-03-04T00:00:00+00:00, run_after=2022-03-05T00:00:00+00:00
[2025-11-21T10:56:33.807+0300] {processor.py:175} INFO - Processing /home/pker/airflow_env/lib/python3.7/site-packages/airflow/example_dags/example_dynamic_task_mapping.py took 0.215 seconds
[2025-11-21T10:57:22.488+0300] {processor.py:153} INFO - Started process (PID=30871) to work on /home/pker/airflow_env/lib/python3.7/site-packages/airflow/example_dags/example_dynamic_task_mapping.py
[2025-11-21T10:57:22.491+0300] {processor.py:743} INFO - Processing file /home/pker/airflow_env/lib/python3.7/site-packages/airflow/example_dags/example_dynamic_task_mapping.py for tasks to queue
[2025-11-21T10:57:22.492+0300] {logging_mixin.py:137} INFO - [2025-11-21T10:57:22.492+0300] {dagbag.py:532} INFO - Filling up the DagBag from /home/pker/airflow_env/lib/python3.7/site-packages/airflow/example_dags/example_dynamic_task_mapping.py
[2025-11-21T10:57:22.538+0300] {processor.py:753} INFO - DAG(s) dict_keys(['example_dynamic_task_mapping']) retrieved from /home/pker/airflow_env/lib/python3.7/site-packages/airflow/example_dags/example_dynamic_task_mapping.py
[2025-11-21T10:57:22.570+0300] {logging_mixin.py:137} INFO - [2025-11-21T10:57:22.569+0300] {dag.py:2705} INFO - Sync 1 DAGs
[2025-11-21T10:57:22.595+0300] {logging_mixin.py:137} INFO - [2025-11-21T10:57:22.595+0300] {dag.py:3456} INFO - Setting next_dagrun for example_dynamic_task_mapping to 2022-03-04T00:00:00+00:00, run_after=2022-03-05T00:00:00+00:00
[2025-11-21T10:57:22.653+0300] {processor.py:175} INFO - Processing /home/pker/airflow_env/lib/python3.7/site-packages/airflow/example_dags/example_dynamic_task_mapping.py took 0.170 seconds
[2025-11-21T10:58:10.644+0300] {processor.py:153} INFO - Started process (PID=30915) to work on /home/pker/airflow_env/lib/python3.7/site-packages/airflow/example_dags/example_dynamic_task_mapping.py
[2025-11-21T10:58:10.647+0300] {processor.py:743} INFO - Processing file /home/pker/airflow_env/lib/python3.7/site-packages/airflow/example_dags/example_dynamic_task_mapping.py for tasks to queue
[2025-11-21T10:58:10.649+0300] {logging_mixin.py:137} INFO - [2025-11-21T10:58:10.648+0300] {dagbag.py:532} INFO - Filling up the DagBag from /home/pker/airflow_env/lib/python3.7/site-packages/airflow/example_dags/example_dynamic_task_mapping.py
[2025-11-21T10:58:10.704+0300] {processor.py:753} INFO - DAG(s) dict_keys(['example_dynamic_task_mapping']) retrieved from /home/pker/airflow_env/lib/python3.7/site-packages/airflow/example_dags/example_dynamic_task_mapping.py
[2025-11-21T10:58:10.732+0300] {logging_mixin.py:137} INFO - [2025-11-21T10:58:10.732+0300] {dag.py:2705} INFO - Sync 1 DAGs
[2025-11-21T10:58:10.762+0300] {logging_mixin.py:137} INFO - [2025-11-21T10:58:10.761+0300] {dag.py:3456} INFO - Setting next_dagrun for example_dynamic_task_mapping to 2022-03-04T00:00:00+00:00, run_after=2022-03-05T00:00:00+00:00
[2025-11-21T10:58:10.812+0300] {processor.py:175} INFO - Processing /home/pker/airflow_env/lib/python3.7/site-packages/airflow/example_dags/example_dynamic_task_mapping.py took 0.176 seconds
[2025-11-21T10:58:59.655+0300] {processor.py:153} INFO - Started process (PID=30976) to work on /home/pker/airflow_env/lib/python3.7/site-packages/airflow/example_dags/example_dynamic_task_mapping.py
[2025-11-21T10:58:59.676+0300] {processor.py:743} INFO - Processing file /home/pker/airflow_env/lib/python3.7/site-packages/airflow/example_dags/example_dynamic_task_mapping.py for tasks to queue
[2025-11-21T10:58:59.678+0300] {logging_mixin.py:137} INFO - [2025-11-21T10:58:59.677+0300] {dagbag.py:532} INFO - Filling up the DagBag from /home/pker/airflow_env/lib/python3.7/site-packages/airflow/example_dags/example_dynamic_task_mapping.py
[2025-11-21T10:58:59.732+0300] {processor.py:753} INFO - DAG(s) dict_keys(['example_dynamic_task_mapping']) retrieved from /home/pker/airflow_env/lib/python3.7/site-packages/airflow/example_dags/example_dynamic_task_mapping.py
[2025-11-21T10:58:59.769+0300] {logging_mixin.py:137} INFO - [2025-11-21T10:58:59.768+0300] {dag.py:2705} INFO - Sync 1 DAGs
[2025-11-21T10:58:59.799+0300] {logging_mixin.py:137} INFO - [2025-11-21T10:58:59.799+0300] {dag.py:3456} INFO - Setting next_dagrun for example_dynamic_task_mapping to 2022-03-04T00:00:00+00:00, run_after=2022-03-05T00:00:00+00:00
[2025-11-21T10:58:59.856+0300] {processor.py:175} INFO - Processing /home/pker/airflow_env/lib/python3.7/site-packages/airflow/example_dags/example_dynamic_task_mapping.py took 0.207 seconds
[2025-11-21T10:59:46.025+0300] {processor.py:153} INFO - Started process (PID=31022) to work on /home/pker/airflow_env/lib/python3.7/site-packages/airflow/example_dags/example_dynamic_task_mapping.py
[2025-11-21T10:59:46.048+0300] {processor.py:743} INFO - Processing file /home/pker/airflow_env/lib/python3.7/site-packages/airflow/example_dags/example_dynamic_task_mapping.py for tasks to queue
[2025-11-21T10:59:46.050+0300] {logging_mixin.py:137} INFO - [2025-11-21T10:59:46.049+0300] {dagbag.py:532} INFO - Filling up the DagBag from /home/pker/airflow_env/lib/python3.7/site-packages/airflow/example_dags/example_dynamic_task_mapping.py
[2025-11-21T10:59:46.116+0300] {processor.py:753} INFO - DAG(s) dict_keys(['example_dynamic_task_mapping']) retrieved from /home/pker/airflow_env/lib/python3.7/site-packages/airflow/example_dags/example_dynamic_task_mapping.py
[2025-11-21T10:59:46.146+0300] {logging_mixin.py:137} INFO - [2025-11-21T10:59:46.145+0300] {dag.py:2705} INFO - Sync 1 DAGs
[2025-11-21T10:59:46.178+0300] {logging_mixin.py:137} INFO - [2025-11-21T10:59:46.178+0300] {dag.py:3456} INFO - Setting next_dagrun for example_dynamic_task_mapping to 2022-03-04T00:00:00+00:00, run_after=2022-03-05T00:00:00+00:00
[2025-11-21T10:59:46.242+0300] {processor.py:175} INFO - Processing /home/pker/airflow_env/lib/python3.7/site-packages/airflow/example_dags/example_dynamic_task_mapping.py took 0.222 seconds
[2025-11-21T11:00:38.554+0300] {processor.py:153} INFO - Started process (PID=31082) to work on /home/pker/airflow_env/lib/python3.7/site-packages/airflow/example_dags/example_dynamic_task_mapping.py
[2025-11-21T11:00:38.576+0300] {processor.py:743} INFO - Processing file /home/pker/airflow_env/lib/python3.7/site-packages/airflow/example_dags/example_dynamic_task_mapping.py for tasks to queue
[2025-11-21T11:00:38.578+0300] {logging_mixin.py:137} INFO - [2025-11-21T11:00:38.577+0300] {dagbag.py:532} INFO - Filling up the DagBag from /home/pker/airflow_env/lib/python3.7/site-packages/airflow/example_dags/example_dynamic_task_mapping.py
[2025-11-21T11:00:38.622+0300] {processor.py:753} INFO - DAG(s) dict_keys(['example_dynamic_task_mapping']) retrieved from /home/pker/airflow_env/lib/python3.7/site-packages/airflow/example_dags/example_dynamic_task_mapping.py
[2025-11-21T11:00:38.651+0300] {logging_mixin.py:137} INFO - [2025-11-21T11:00:38.650+0300] {dag.py:2705} INFO - Sync 1 DAGs
[2025-11-21T11:00:38.681+0300] {logging_mixin.py:137} INFO - [2025-11-21T11:00:38.681+0300] {dag.py:3456} INFO - Setting next_dagrun for example_dynamic_task_mapping to 2022-03-04T00:00:00+00:00, run_after=2022-03-05T00:00:00+00:00
[2025-11-21T11:00:38.713+0300] {processor.py:175} INFO - Processing /home/pker/airflow_env/lib/python3.7/site-packages/airflow/example_dags/example_dynamic_task_mapping.py took 0.167 seconds
[2025-11-21T11:01:28.414+0300] {processor.py:153} INFO - Started process (PID=31126) to work on /home/pker/airflow_env/lib/python3.7/site-packages/airflow/example_dags/example_dynamic_task_mapping.py
[2025-11-21T11:01:28.435+0300] {processor.py:743} INFO - Processing file /home/pker/airflow_env/lib/python3.7/site-packages/airflow/example_dags/example_dynamic_task_mapping.py for tasks to queue
[2025-11-21T11:01:28.437+0300] {logging_mixin.py:137} INFO - [2025-11-21T11:01:28.437+0300] {dagbag.py:532} INFO - Filling up the DagBag from /home/pker/airflow_env/lib/python3.7/site-packages/airflow/example_dags/example_dynamic_task_mapping.py
[2025-11-21T11:01:28.483+0300] {processor.py:753} INFO - DAG(s) dict_keys(['example_dynamic_task_mapping']) retrieved from /home/pker/airflow_env/lib/python3.7/site-packages/airflow/example_dags/example_dynamic_task_mapping.py
[2025-11-21T11:01:28.520+0300] {logging_mixin.py:137} INFO - [2025-11-21T11:01:28.520+0300] {dag.py:2705} INFO - Sync 1 DAGs
[2025-11-21T11:01:28.554+0300] {logging_mixin.py:137} INFO - [2025-11-21T11:01:28.554+0300] {dag.py:3456} INFO - Setting next_dagrun for example_dynamic_task_mapping to 2022-03-04T00:00:00+00:00, run_after=2022-03-05T00:00:00+00:00
[2025-11-21T11:01:28.618+0300] {processor.py:175} INFO - Processing /home/pker/airflow_env/lib/python3.7/site-packages/airflow/example_dags/example_dynamic_task_mapping.py took 0.212 seconds
[2025-11-21T11:02:16.756+0300] {processor.py:153} INFO - Started process (PID=31172) to work on /home/pker/airflow_env/lib/python3.7/site-packages/airflow/example_dags/example_dynamic_task_mapping.py
[2025-11-21T11:02:16.780+0300] {processor.py:743} INFO - Processing file /home/pker/airflow_env/lib/python3.7/site-packages/airflow/example_dags/example_dynamic_task_mapping.py for tasks to queue
[2025-11-21T11:02:16.782+0300] {logging_mixin.py:137} INFO - [2025-11-21T11:02:16.782+0300] {dagbag.py:532} INFO - Filling up the DagBag from /home/pker/airflow_env/lib/python3.7/site-packages/airflow/example_dags/example_dynamic_task_mapping.py
[2025-11-21T11:02:16.827+0300] {processor.py:753} INFO - DAG(s) dict_keys(['example_dynamic_task_mapping']) retrieved from /home/pker/airflow_env/lib/python3.7/site-packages/airflow/example_dags/example_dynamic_task_mapping.py
[2025-11-21T11:02:16.852+0300] {logging_mixin.py:137} INFO - [2025-11-21T11:02:16.852+0300] {dag.py:2705} INFO - Sync 1 DAGs
[2025-11-21T11:02:16.882+0300] {logging_mixin.py:137} INFO - [2025-11-21T11:02:16.881+0300] {dag.py:3456} INFO - Setting next_dagrun for example_dynamic_task_mapping to 2022-03-04T00:00:00+00:00, run_after=2022-03-05T00:00:00+00:00
[2025-11-21T11:02:16.947+0300] {processor.py:175} INFO - Processing /home/pker/airflow_env/lib/python3.7/site-packages/airflow/example_dags/example_dynamic_task_mapping.py took 0.197 seconds
[2025-11-21T11:03:02.776+0300] {processor.py:153} INFO - Started process (PID=31219) to work on /home/pker/airflow_env/lib/python3.7/site-packages/airflow/example_dags/example_dynamic_task_mapping.py
[2025-11-21T11:03:02.798+0300] {processor.py:743} INFO - Processing file /home/pker/airflow_env/lib/python3.7/site-packages/airflow/example_dags/example_dynamic_task_mapping.py for tasks to queue
[2025-11-21T11:03:02.800+0300] {logging_mixin.py:137} INFO - [2025-11-21T11:03:02.800+0300] {dagbag.py:532} INFO - Filling up the DagBag from /home/pker/airflow_env/lib/python3.7/site-packages/airflow/example_dags/example_dynamic_task_mapping.py
[2025-11-21T11:03:02.837+0300] {processor.py:753} INFO - DAG(s) dict_keys(['example_dynamic_task_mapping']) retrieved from /home/pker/airflow_env/lib/python3.7/site-packages/airflow/example_dags/example_dynamic_task_mapping.py
[2025-11-21T11:03:02.866+0300] {logging_mixin.py:137} INFO - [2025-11-21T11:03:02.866+0300] {dag.py:2705} INFO - Sync 1 DAGs
[2025-11-21T11:03:02.894+0300] {logging_mixin.py:137} INFO - [2025-11-21T11:03:02.894+0300] {dag.py:3456} INFO - Setting next_dagrun for example_dynamic_task_mapping to 2022-03-04T00:00:00+00:00, run_after=2022-03-05T00:00:00+00:00
[2025-11-21T11:03:02.949+0300] {processor.py:175} INFO - Processing /home/pker/airflow_env/lib/python3.7/site-packages/airflow/example_dags/example_dynamic_task_mapping.py took 0.178 seconds
[2025-11-21T11:03:48.615+0300] {processor.py:153} INFO - Started process (PID=31264) to work on /home/pker/airflow_env/lib/python3.7/site-packages/airflow/example_dags/example_dynamic_task_mapping.py
[2025-11-21T11:03:48.619+0300] {processor.py:743} INFO - Processing file /home/pker/airflow_env/lib/python3.7/site-packages/airflow/example_dags/example_dynamic_task_mapping.py for tasks to queue
[2025-11-21T11:03:48.620+0300] {logging_mixin.py:137} INFO - [2025-11-21T11:03:48.620+0300] {dagbag.py:532} INFO - Filling up the DagBag from /home/pker/airflow_env/lib/python3.7/site-packages/airflow/example_dags/example_dynamic_task_mapping.py
[2025-11-21T11:03:48.669+0300] {processor.py:753} INFO - DAG(s) dict_keys(['example_dynamic_task_mapping']) retrieved from /home/pker/airflow_env/lib/python3.7/site-packages/airflow/example_dags/example_dynamic_task_mapping.py
[2025-11-21T11:03:48.701+0300] {logging_mixin.py:137} INFO - [2025-11-21T11:03:48.700+0300] {dag.py:2705} INFO - Sync 1 DAGs
[2025-11-21T11:03:48.737+0300] {logging_mixin.py:137} INFO - [2025-11-21T11:03:48.737+0300] {dag.py:3456} INFO - Setting next_dagrun for example_dynamic_task_mapping to 2022-03-04T00:00:00+00:00, run_after=2022-03-05T00:00:00+00:00
[2025-11-21T11:03:48.777+0300] {processor.py:175} INFO - Processing /home/pker/airflow_env/lib/python3.7/site-packages/airflow/example_dags/example_dynamic_task_mapping.py took 0.170 seconds
[2025-11-21T11:04:37.400+0300] {processor.py:153} INFO - Started process (PID=31306) to work on /home/pker/airflow_env/lib/python3.7/site-packages/airflow/example_dags/example_dynamic_task_mapping.py
[2025-11-21T11:04:37.422+0300] {processor.py:743} INFO - Processing file /home/pker/airflow_env/lib/python3.7/site-packages/airflow/example_dags/example_dynamic_task_mapping.py for tasks to queue
[2025-11-21T11:04:37.425+0300] {logging_mixin.py:137} INFO - [2025-11-21T11:04:37.424+0300] {dagbag.py:532} INFO - Filling up the DagBag from /home/pker/airflow_env/lib/python3.7/site-packages/airflow/example_dags/example_dynamic_task_mapping.py
[2025-11-21T11:04:37.481+0300] {processor.py:753} INFO - DAG(s) dict_keys(['example_dynamic_task_mapping']) retrieved from /home/pker/airflow_env/lib/python3.7/site-packages/airflow/example_dags/example_dynamic_task_mapping.py
[2025-11-21T11:04:37.512+0300] {logging_mixin.py:137} INFO - [2025-11-21T11:04:37.512+0300] {dag.py:2705} INFO - Sync 1 DAGs
[2025-11-21T11:04:37.546+0300] {logging_mixin.py:137} INFO - [2025-11-21T11:04:37.545+0300] {dag.py:3456} INFO - Setting next_dagrun for example_dynamic_task_mapping to 2022-03-04T00:00:00+00:00, run_after=2022-03-05T00:00:00+00:00
[2025-11-21T11:04:37.609+0300] {processor.py:175} INFO - Processing /home/pker/airflow_env/lib/python3.7/site-packages/airflow/example_dags/example_dynamic_task_mapping.py took 0.220 seconds
[2025-11-21T11:05:26.295+0300] {processor.py:153} INFO - Started process (PID=31353) to work on /home/pker/airflow_env/lib/python3.7/site-packages/airflow/example_dags/example_dynamic_task_mapping.py
[2025-11-21T11:05:26.318+0300] {processor.py:743} INFO - Processing file /home/pker/airflow_env/lib/python3.7/site-packages/airflow/example_dags/example_dynamic_task_mapping.py for tasks to queue
[2025-11-21T11:05:26.320+0300] {logging_mixin.py:137} INFO - [2025-11-21T11:05:26.319+0300] {dagbag.py:532} INFO - Filling up the DagBag from /home/pker/airflow_env/lib/python3.7/site-packages/airflow/example_dags/example_dynamic_task_mapping.py
[2025-11-21T11:05:26.364+0300] {processor.py:753} INFO - DAG(s) dict_keys(['example_dynamic_task_mapping']) retrieved from /home/pker/airflow_env/lib/python3.7/site-packages/airflow/example_dags/example_dynamic_task_mapping.py
[2025-11-21T11:05:26.395+0300] {logging_mixin.py:137} INFO - [2025-11-21T11:05:26.394+0300] {dag.py:2705} INFO - Sync 1 DAGs
[2025-11-21T11:05:26.423+0300] {logging_mixin.py:137} INFO - [2025-11-21T11:05:26.423+0300] {dag.py:3456} INFO - Setting next_dagrun for example_dynamic_task_mapping to 2022-03-04T00:00:00+00:00, run_after=2022-03-05T00:00:00+00:00
[2025-11-21T11:05:26.455+0300] {processor.py:175} INFO - Processing /home/pker/airflow_env/lib/python3.7/site-packages/airflow/example_dags/example_dynamic_task_mapping.py took 0.168 seconds
[2025-11-21T11:06:15.123+0300] {processor.py:153} INFO - Started process (PID=31404) to work on /home/pker/airflow_env/lib/python3.7/site-packages/airflow/example_dags/example_dynamic_task_mapping.py
[2025-11-21T11:06:15.144+0300] {processor.py:743} INFO - Processing file /home/pker/airflow_env/lib/python3.7/site-packages/airflow/example_dags/example_dynamic_task_mapping.py for tasks to queue
[2025-11-21T11:06:15.146+0300] {logging_mixin.py:137} INFO - [2025-11-21T11:06:15.145+0300] {dagbag.py:532} INFO - Filling up the DagBag from /home/pker/airflow_env/lib/python3.7/site-packages/airflow/example_dags/example_dynamic_task_mapping.py
[2025-11-21T11:06:15.198+0300] {processor.py:753} INFO - DAG(s) dict_keys(['example_dynamic_task_mapping']) retrieved from /home/pker/airflow_env/lib/python3.7/site-packages/airflow/example_dags/example_dynamic_task_mapping.py
[2025-11-21T11:06:15.259+0300] {logging_mixin.py:137} INFO - [2025-11-21T11:06:15.259+0300] {dag.py:2705} INFO - Sync 1 DAGs
[2025-11-21T11:06:15.316+0300] {logging_mixin.py:137} INFO - [2025-11-21T11:06:15.316+0300] {dag.py:3456} INFO - Setting next_dagrun for example_dynamic_task_mapping to 2022-03-04T00:00:00+00:00, run_after=2022-03-05T00:00:00+00:00
[2025-11-21T11:06:15.379+0300] {processor.py:175} INFO - Processing /home/pker/airflow_env/lib/python3.7/site-packages/airflow/example_dags/example_dynamic_task_mapping.py took 0.262 seconds
[2025-11-21T11:07:01.894+0300] {processor.py:153} INFO - Started process (PID=31452) to work on /home/pker/airflow_env/lib/python3.7/site-packages/airflow/example_dags/example_dynamic_task_mapping.py
[2025-11-21T11:07:01.898+0300] {processor.py:743} INFO - Processing file /home/pker/airflow_env/lib/python3.7/site-packages/airflow/example_dags/example_dynamic_task_mapping.py for tasks to queue
[2025-11-21T11:07:01.901+0300] {logging_mixin.py:137} INFO - [2025-11-21T11:07:01.899+0300] {dagbag.py:532} INFO - Filling up the DagBag from /home/pker/airflow_env/lib/python3.7/site-packages/airflow/example_dags/example_dynamic_task_mapping.py
[2025-11-21T11:07:01.954+0300] {processor.py:753} INFO - DAG(s) dict_keys(['example_dynamic_task_mapping']) retrieved from /home/pker/airflow_env/lib/python3.7/site-packages/airflow/example_dags/example_dynamic_task_mapping.py
[2025-11-21T11:07:01.991+0300] {logging_mixin.py:137} INFO - [2025-11-21T11:07:01.991+0300] {dag.py:2705} INFO - Sync 1 DAGs
[2025-11-21T11:07:02.027+0300] {logging_mixin.py:137} INFO - [2025-11-21T11:07:02.027+0300] {dag.py:3456} INFO - Setting next_dagrun for example_dynamic_task_mapping to 2022-03-04T00:00:00+00:00, run_after=2022-03-05T00:00:00+00:00
[2025-11-21T11:07:02.103+0300] {processor.py:175} INFO - Processing /home/pker/airflow_env/lib/python3.7/site-packages/airflow/example_dags/example_dynamic_task_mapping.py took 0.219 seconds
[2025-11-21T11:07:49.684+0300] {processor.py:153} INFO - Started process (PID=31522) to work on /home/pker/airflow_env/lib/python3.7/site-packages/airflow/example_dags/example_dynamic_task_mapping.py
[2025-11-21T11:07:49.707+0300] {processor.py:743} INFO - Processing file /home/pker/airflow_env/lib/python3.7/site-packages/airflow/example_dags/example_dynamic_task_mapping.py for tasks to queue
[2025-11-21T11:07:49.710+0300] {logging_mixin.py:137} INFO - [2025-11-21T11:07:49.710+0300] {dagbag.py:532} INFO - Filling up the DagBag from /home/pker/airflow_env/lib/python3.7/site-packages/airflow/example_dags/example_dynamic_task_mapping.py
[2025-11-21T11:07:49.751+0300] {processor.py:753} INFO - DAG(s) dict_keys(['example_dynamic_task_mapping']) retrieved from /home/pker/airflow_env/lib/python3.7/site-packages/airflow/example_dags/example_dynamic_task_mapping.py
[2025-11-21T11:07:49.787+0300] {logging_mixin.py:137} INFO - [2025-11-21T11:07:49.787+0300] {dag.py:2705} INFO - Sync 1 DAGs
[2025-11-21T11:07:49.830+0300] {logging_mixin.py:137} INFO - [2025-11-21T11:07:49.829+0300] {dag.py:3456} INFO - Setting next_dagrun for example_dynamic_task_mapping to 2022-03-04T00:00:00+00:00, run_after=2022-03-05T00:00:00+00:00
[2025-11-21T11:07:49.870+0300] {processor.py:175} INFO - Processing /home/pker/airflow_env/lib/python3.7/site-packages/airflow/example_dags/example_dynamic_task_mapping.py took 0.192 seconds
[2025-11-21T11:08:37.801+0300] {processor.py:153} INFO - Started process (PID=31569) to work on /home/pker/airflow_env/lib/python3.7/site-packages/airflow/example_dags/example_dynamic_task_mapping.py
[2025-11-21T11:08:37.824+0300] {processor.py:743} INFO - Processing file /home/pker/airflow_env/lib/python3.7/site-packages/airflow/example_dags/example_dynamic_task_mapping.py for tasks to queue
[2025-11-21T11:08:37.826+0300] {logging_mixin.py:137} INFO - [2025-11-21T11:08:37.826+0300] {dagbag.py:532} INFO - Filling up the DagBag from /home/pker/airflow_env/lib/python3.7/site-packages/airflow/example_dags/example_dynamic_task_mapping.py
[2025-11-21T11:08:37.864+0300] {processor.py:753} INFO - DAG(s) dict_keys(['example_dynamic_task_mapping']) retrieved from /home/pker/airflow_env/lib/python3.7/site-packages/airflow/example_dags/example_dynamic_task_mapping.py
[2025-11-21T11:08:37.890+0300] {logging_mixin.py:137} INFO - [2025-11-21T11:08:37.889+0300] {dag.py:2705} INFO - Sync 1 DAGs
[2025-11-21T11:08:37.916+0300] {logging_mixin.py:137} INFO - [2025-11-21T11:08:37.916+0300] {dag.py:3456} INFO - Setting next_dagrun for example_dynamic_task_mapping to 2022-03-04T00:00:00+00:00, run_after=2022-03-05T00:00:00+00:00
[2025-11-21T11:08:37.945+0300] {processor.py:175} INFO - Processing /home/pker/airflow_env/lib/python3.7/site-packages/airflow/example_dags/example_dynamic_task_mapping.py took 0.149 seconds
