[2025-11-21T10:44:35.765+0300] {processor.py:153} INFO - Started process (PID=30115) to work on /home/pker/airflow_env/lib/python3.7/site-packages/airflow/example_dags/tutorial.py
[2025-11-21T10:44:35.767+0300] {processor.py:743} INFO - Processing file /home/pker/airflow_env/lib/python3.7/site-packages/airflow/example_dags/tutorial.py for tasks to queue
[2025-11-21T10:44:35.768+0300] {logging_mixin.py:137} INFO - [2025-11-21T10:44:35.768+0300] {dagbag.py:532} INFO - Filling up the DagBag from /home/pker/airflow_env/lib/python3.7/site-packages/airflow/example_dags/tutorial.py
[2025-11-21T10:44:35.792+0300] {processor.py:753} INFO - DAG(s) dict_keys(['tutorial']) retrieved from /home/pker/airflow_env/lib/python3.7/site-packages/airflow/example_dags/tutorial.py
[2025-11-21T10:44:35.944+0300] {logging_mixin.py:137} INFO - [2025-11-21T10:44:35.944+0300] {manager.py:504} INFO - Created Permission View: can delete on DAG:tutorial
[2025-11-21T10:44:35.959+0300] {logging_mixin.py:137} INFO - [2025-11-21T10:44:35.959+0300] {manager.py:504} INFO - Created Permission View: can read on DAG:tutorial
[2025-11-21T10:44:35.972+0300] {logging_mixin.py:137} INFO - [2025-11-21T10:44:35.972+0300] {manager.py:504} INFO - Created Permission View: can edit on DAG:tutorial
[2025-11-21T10:44:35.972+0300] {logging_mixin.py:137} INFO - [2025-11-21T10:44:35.972+0300] {dag.py:2705} INFO - Sync 1 DAGs
[2025-11-21T10:44:35.988+0300] {logging_mixin.py:137} INFO - [2025-11-21T10:44:35.988+0300] {dag.py:2726} INFO - Creating ORM DAG for tutorial
[2025-11-21T10:44:36.000+0300] {logging_mixin.py:137} INFO - [2025-11-21T10:44:36.000+0300] {dag.py:3456} INFO - Setting next_dagrun for tutorial to 2025-11-20T07:44:36.000052+00:00, run_after=2025-11-21T07:44:36.000052+00:00
[2025-11-21T10:44:36.029+0300] {processor.py:175} INFO - Processing /home/pker/airflow_env/lib/python3.7/site-packages/airflow/example_dags/tutorial.py took 0.268 seconds
[2025-11-21T10:45:24.150+0300] {processor.py:153} INFO - Started process (PID=30181) to work on /home/pker/airflow_env/lib/python3.7/site-packages/airflow/example_dags/tutorial.py
[2025-11-21T10:45:24.173+0300] {processor.py:743} INFO - Processing file /home/pker/airflow_env/lib/python3.7/site-packages/airflow/example_dags/tutorial.py for tasks to queue
[2025-11-21T10:45:24.174+0300] {logging_mixin.py:137} INFO - [2025-11-21T10:45:24.174+0300] {dagbag.py:532} INFO - Filling up the DagBag from /home/pker/airflow_env/lib/python3.7/site-packages/airflow/example_dags/tutorial.py
[2025-11-21T10:45:24.201+0300] {processor.py:753} INFO - DAG(s) dict_keys(['tutorial']) retrieved from /home/pker/airflow_env/lib/python3.7/site-packages/airflow/example_dags/tutorial.py
[2025-11-21T10:45:24.253+0300] {logging_mixin.py:137} INFO - [2025-11-21T10:45:24.251+0300] {dag.py:2705} INFO - Sync 1 DAGs
[2025-11-21T10:45:24.307+0300] {logging_mixin.py:137} INFO - [2025-11-21T10:45:24.307+0300] {dag.py:3456} INFO - Setting next_dagrun for tutorial to 2025-11-20T07:45:24.307170+00:00, run_after=2025-11-21T07:45:24.307170+00:00
[2025-11-21T10:45:24.373+0300] {processor.py:175} INFO - Processing /home/pker/airflow_env/lib/python3.7/site-packages/airflow/example_dags/tutorial.py took 0.226 seconds
[2025-11-21T10:46:14.052+0300] {processor.py:153} INFO - Started process (PID=30227) to work on /home/pker/airflow_env/lib/python3.7/site-packages/airflow/example_dags/tutorial.py
[2025-11-21T10:46:14.076+0300] {processor.py:743} INFO - Processing file /home/pker/airflow_env/lib/python3.7/site-packages/airflow/example_dags/tutorial.py for tasks to queue
[2025-11-21T10:46:14.078+0300] {logging_mixin.py:137} INFO - [2025-11-21T10:46:14.078+0300] {dagbag.py:532} INFO - Filling up the DagBag from /home/pker/airflow_env/lib/python3.7/site-packages/airflow/example_dags/tutorial.py
[2025-11-21T10:46:14.107+0300] {processor.py:753} INFO - DAG(s) dict_keys(['tutorial']) retrieved from /home/pker/airflow_env/lib/python3.7/site-packages/airflow/example_dags/tutorial.py
[2025-11-21T10:46:14.139+0300] {logging_mixin.py:137} INFO - [2025-11-21T10:46:14.138+0300] {dag.py:2705} INFO - Sync 1 DAGs
[2025-11-21T10:46:14.167+0300] {logging_mixin.py:137} INFO - [2025-11-21T10:46:14.167+0300] {dag.py:3456} INFO - Setting next_dagrun for tutorial to 2025-11-20T07:46:14.166814+00:00, run_after=2025-11-21T07:46:14.166814+00:00
[2025-11-21T10:46:14.202+0300] {processor.py:175} INFO - Processing /home/pker/airflow_env/lib/python3.7/site-packages/airflow/example_dags/tutorial.py took 0.156 seconds
[2025-11-21T10:47:01.208+0300] {processor.py:153} INFO - Started process (PID=30275) to work on /home/pker/airflow_env/lib/python3.7/site-packages/airflow/example_dags/tutorial.py
[2025-11-21T10:47:01.217+0300] {processor.py:743} INFO - Processing file /home/pker/airflow_env/lib/python3.7/site-packages/airflow/example_dags/tutorial.py for tasks to queue
[2025-11-21T10:47:01.218+0300] {logging_mixin.py:137} INFO - [2025-11-21T10:47:01.218+0300] {dagbag.py:532} INFO - Filling up the DagBag from /home/pker/airflow_env/lib/python3.7/site-packages/airflow/example_dags/tutorial.py
[2025-11-21T10:47:01.256+0300] {processor.py:753} INFO - DAG(s) dict_keys(['tutorial']) retrieved from /home/pker/airflow_env/lib/python3.7/site-packages/airflow/example_dags/tutorial.py
[2025-11-21T10:47:01.289+0300] {logging_mixin.py:137} INFO - [2025-11-21T10:47:01.289+0300] {dag.py:2705} INFO - Sync 1 DAGs
[2025-11-21T10:47:01.336+0300] {logging_mixin.py:137} INFO - [2025-11-21T10:47:01.335+0300] {dag.py:3456} INFO - Setting next_dagrun for tutorial to 2025-11-20T07:47:01.335190+00:00, run_after=2025-11-21T07:47:01.335190+00:00
[2025-11-21T10:47:01.380+0300] {processor.py:175} INFO - Processing /home/pker/airflow_env/lib/python3.7/site-packages/airflow/example_dags/tutorial.py took 0.181 seconds
[2025-11-21T10:47:48.884+0300] {processor.py:153} INFO - Started process (PID=30319) to work on /home/pker/airflow_env/lib/python3.7/site-packages/airflow/example_dags/tutorial.py
[2025-11-21T10:47:48.907+0300] {processor.py:743} INFO - Processing file /home/pker/airflow_env/lib/python3.7/site-packages/airflow/example_dags/tutorial.py for tasks to queue
[2025-11-21T10:47:48.909+0300] {logging_mixin.py:137} INFO - [2025-11-21T10:47:48.909+0300] {dagbag.py:532} INFO - Filling up the DagBag from /home/pker/airflow_env/lib/python3.7/site-packages/airflow/example_dags/tutorial.py
[2025-11-21T10:47:48.937+0300] {processor.py:753} INFO - DAG(s) dict_keys(['tutorial']) retrieved from /home/pker/airflow_env/lib/python3.7/site-packages/airflow/example_dags/tutorial.py
[2025-11-21T10:47:48.971+0300] {logging_mixin.py:137} INFO - [2025-11-21T10:47:48.970+0300] {dag.py:2705} INFO - Sync 1 DAGs
[2025-11-21T10:47:49.007+0300] {logging_mixin.py:137} INFO - [2025-11-21T10:47:49.007+0300] {dag.py:3456} INFO - Setting next_dagrun for tutorial to 2025-11-20T07:47:49.006713+00:00, run_after=2025-11-21T07:47:49.006713+00:00
[2025-11-21T10:47:49.058+0300] {processor.py:175} INFO - Processing /home/pker/airflow_env/lib/python3.7/site-packages/airflow/example_dags/tutorial.py took 0.182 seconds
[2025-11-21T10:48:36.729+0300] {processor.py:153} INFO - Started process (PID=30361) to work on /home/pker/airflow_env/lib/python3.7/site-packages/airflow/example_dags/tutorial.py
[2025-11-21T10:48:36.751+0300] {processor.py:743} INFO - Processing file /home/pker/airflow_env/lib/python3.7/site-packages/airflow/example_dags/tutorial.py for tasks to queue
[2025-11-21T10:48:36.754+0300] {logging_mixin.py:137} INFO - [2025-11-21T10:48:36.753+0300] {dagbag.py:532} INFO - Filling up the DagBag from /home/pker/airflow_env/lib/python3.7/site-packages/airflow/example_dags/tutorial.py
[2025-11-21T10:48:36.794+0300] {processor.py:753} INFO - DAG(s) dict_keys(['tutorial']) retrieved from /home/pker/airflow_env/lib/python3.7/site-packages/airflow/example_dags/tutorial.py
[2025-11-21T10:48:36.840+0300] {logging_mixin.py:137} INFO - [2025-11-21T10:48:36.840+0300] {dag.py:2705} INFO - Sync 1 DAGs
[2025-11-21T10:48:36.887+0300] {logging_mixin.py:137} INFO - [2025-11-21T10:48:36.887+0300] {dag.py:3456} INFO - Setting next_dagrun for tutorial to 2025-11-20T07:48:36.887017+00:00, run_after=2025-11-21T07:48:36.887017+00:00
[2025-11-21T10:48:36.922+0300] {processor.py:175} INFO - Processing /home/pker/airflow_env/lib/python3.7/site-packages/airflow/example_dags/tutorial.py took 0.198 seconds
[2025-11-21T10:49:23.537+0300] {processor.py:153} INFO - Started process (PID=30418) to work on /home/pker/airflow_env/lib/python3.7/site-packages/airflow/example_dags/tutorial.py
[2025-11-21T10:49:23.558+0300] {processor.py:743} INFO - Processing file /home/pker/airflow_env/lib/python3.7/site-packages/airflow/example_dags/tutorial.py for tasks to queue
[2025-11-21T10:49:23.559+0300] {logging_mixin.py:137} INFO - [2025-11-21T10:49:23.559+0300] {dagbag.py:532} INFO - Filling up the DagBag from /home/pker/airflow_env/lib/python3.7/site-packages/airflow/example_dags/tutorial.py
[2025-11-21T10:49:23.577+0300] {processor.py:753} INFO - DAG(s) dict_keys(['tutorial']) retrieved from /home/pker/airflow_env/lib/python3.7/site-packages/airflow/example_dags/tutorial.py
[2025-11-21T10:49:23.603+0300] {logging_mixin.py:137} INFO - [2025-11-21T10:49:23.602+0300] {dag.py:2705} INFO - Sync 1 DAGs
[2025-11-21T10:49:23.635+0300] {logging_mixin.py:137} INFO - [2025-11-21T10:49:23.634+0300] {dag.py:3456} INFO - Setting next_dagrun for tutorial to 2025-11-20T07:49:23.634512+00:00, run_after=2025-11-21T07:49:23.634512+00:00
[2025-11-21T10:49:23.666+0300] {processor.py:175} INFO - Processing /home/pker/airflow_env/lib/python3.7/site-packages/airflow/example_dags/tutorial.py took 0.133 seconds
[2025-11-21T10:50:10.208+0300] {processor.py:153} INFO - Started process (PID=30463) to work on /home/pker/airflow_env/lib/python3.7/site-packages/airflow/example_dags/tutorial.py
[2025-11-21T10:50:10.231+0300] {processor.py:743} INFO - Processing file /home/pker/airflow_env/lib/python3.7/site-packages/airflow/example_dags/tutorial.py for tasks to queue
[2025-11-21T10:50:10.234+0300] {logging_mixin.py:137} INFO - [2025-11-21T10:50:10.234+0300] {dagbag.py:532} INFO - Filling up the DagBag from /home/pker/airflow_env/lib/python3.7/site-packages/airflow/example_dags/tutorial.py
[2025-11-21T10:50:10.271+0300] {processor.py:753} INFO - DAG(s) dict_keys(['tutorial']) retrieved from /home/pker/airflow_env/lib/python3.7/site-packages/airflow/example_dags/tutorial.py
[2025-11-21T10:50:10.308+0300] {logging_mixin.py:137} INFO - [2025-11-21T10:50:10.308+0300] {dag.py:2705} INFO - Sync 1 DAGs
[2025-11-21T10:50:10.353+0300] {logging_mixin.py:137} INFO - [2025-11-21T10:50:10.353+0300] {dag.py:3456} INFO - Setting next_dagrun for tutorial to 2025-11-20T07:50:10.352686+00:00, run_after=2025-11-21T07:50:10.352686+00:00
[2025-11-21T10:50:10.425+0300] {processor.py:175} INFO - Processing /home/pker/airflow_env/lib/python3.7/site-packages/airflow/example_dags/tutorial.py took 0.225 seconds
[2025-11-21T10:50:58.328+0300] {processor.py:153} INFO - Started process (PID=30508) to work on /home/pker/airflow_env/lib/python3.7/site-packages/airflow/example_dags/tutorial.py
[2025-11-21T10:50:58.333+0300] {processor.py:743} INFO - Processing file /home/pker/airflow_env/lib/python3.7/site-packages/airflow/example_dags/tutorial.py for tasks to queue
[2025-11-21T10:50:58.335+0300] {logging_mixin.py:137} INFO - [2025-11-21T10:50:58.335+0300] {dagbag.py:532} INFO - Filling up the DagBag from /home/pker/airflow_env/lib/python3.7/site-packages/airflow/example_dags/tutorial.py
[2025-11-21T10:50:58.368+0300] {processor.py:753} INFO - DAG(s) dict_keys(['tutorial']) retrieved from /home/pker/airflow_env/lib/python3.7/site-packages/airflow/example_dags/tutorial.py
[2025-11-21T10:50:58.418+0300] {logging_mixin.py:137} INFO - [2025-11-21T10:50:58.418+0300] {dag.py:2705} INFO - Sync 1 DAGs
[2025-11-21T10:50:58.460+0300] {logging_mixin.py:137} INFO - [2025-11-21T10:50:58.459+0300] {dag.py:3456} INFO - Setting next_dagrun for tutorial to 2025-11-20T07:50:58.458965+00:00, run_after=2025-11-21T07:50:58.458965+00:00
[2025-11-21T10:50:58.507+0300] {processor.py:175} INFO - Processing /home/pker/airflow_env/lib/python3.7/site-packages/airflow/example_dags/tutorial.py took 0.185 seconds
[2025-11-21T10:51:43.570+0300] {processor.py:153} INFO - Started process (PID=30550) to work on /home/pker/airflow_env/lib/python3.7/site-packages/airflow/example_dags/tutorial.py
[2025-11-21T10:51:43.594+0300] {processor.py:743} INFO - Processing file /home/pker/airflow_env/lib/python3.7/site-packages/airflow/example_dags/tutorial.py for tasks to queue
[2025-11-21T10:51:43.596+0300] {logging_mixin.py:137} INFO - [2025-11-21T10:51:43.596+0300] {dagbag.py:532} INFO - Filling up the DagBag from /home/pker/airflow_env/lib/python3.7/site-packages/airflow/example_dags/tutorial.py
[2025-11-21T10:51:43.635+0300] {processor.py:753} INFO - DAG(s) dict_keys(['tutorial']) retrieved from /home/pker/airflow_env/lib/python3.7/site-packages/airflow/example_dags/tutorial.py
[2025-11-21T10:51:43.682+0300] {logging_mixin.py:137} INFO - [2025-11-21T10:51:43.681+0300] {dag.py:2705} INFO - Sync 1 DAGs
[2025-11-21T10:51:43.717+0300] {logging_mixin.py:137} INFO - [2025-11-21T10:51:43.717+0300] {dag.py:3456} INFO - Setting next_dagrun for tutorial to 2025-11-20T07:51:43.717127+00:00, run_after=2025-11-21T07:51:43.717127+00:00
[2025-11-21T10:51:43.776+0300] {processor.py:175} INFO - Processing /home/pker/airflow_env/lib/python3.7/site-packages/airflow/example_dags/tutorial.py took 0.214 seconds
[2025-11-21T10:52:30.419+0300] {processor.py:153} INFO - Started process (PID=30597) to work on /home/pker/airflow_env/lib/python3.7/site-packages/airflow/example_dags/tutorial.py
[2025-11-21T10:52:30.440+0300] {processor.py:743} INFO - Processing file /home/pker/airflow_env/lib/python3.7/site-packages/airflow/example_dags/tutorial.py for tasks to queue
[2025-11-21T10:52:30.442+0300] {logging_mixin.py:137} INFO - [2025-11-21T10:52:30.442+0300] {dagbag.py:532} INFO - Filling up the DagBag from /home/pker/airflow_env/lib/python3.7/site-packages/airflow/example_dags/tutorial.py
[2025-11-21T10:52:30.466+0300] {processor.py:753} INFO - DAG(s) dict_keys(['tutorial']) retrieved from /home/pker/airflow_env/lib/python3.7/site-packages/airflow/example_dags/tutorial.py
[2025-11-21T10:52:30.501+0300] {logging_mixin.py:137} INFO - [2025-11-21T10:52:30.500+0300] {dag.py:2705} INFO - Sync 1 DAGs
[2025-11-21T10:52:30.532+0300] {logging_mixin.py:137} INFO - [2025-11-21T10:52:30.532+0300] {dag.py:3456} INFO - Setting next_dagrun for tutorial to 2025-11-20T07:52:30.531861+00:00, run_after=2025-11-21T07:52:30.531861+00:00
[2025-11-21T10:52:30.571+0300] {processor.py:175} INFO - Processing /home/pker/airflow_env/lib/python3.7/site-packages/airflow/example_dags/tutorial.py took 0.159 seconds
[2025-11-21T10:53:17.536+0300] {processor.py:153} INFO - Started process (PID=30642) to work on /home/pker/airflow_env/lib/python3.7/site-packages/airflow/example_dags/tutorial.py
[2025-11-21T10:53:17.560+0300] {processor.py:743} INFO - Processing file /home/pker/airflow_env/lib/python3.7/site-packages/airflow/example_dags/tutorial.py for tasks to queue
[2025-11-21T10:53:17.562+0300] {logging_mixin.py:137} INFO - [2025-11-21T10:53:17.561+0300] {dagbag.py:532} INFO - Filling up the DagBag from /home/pker/airflow_env/lib/python3.7/site-packages/airflow/example_dags/tutorial.py
[2025-11-21T10:53:17.596+0300] {processor.py:753} INFO - DAG(s) dict_keys(['tutorial']) retrieved from /home/pker/airflow_env/lib/python3.7/site-packages/airflow/example_dags/tutorial.py
[2025-11-21T10:53:17.633+0300] {logging_mixin.py:137} INFO - [2025-11-21T10:53:17.633+0300] {dag.py:2705} INFO - Sync 1 DAGs
[2025-11-21T10:53:17.664+0300] {logging_mixin.py:137} INFO - [2025-11-21T10:53:17.664+0300] {dag.py:3456} INFO - Setting next_dagrun for tutorial to 2025-11-20T07:53:17.664335+00:00, run_after=2025-11-21T07:53:17.664335+00:00
[2025-11-21T10:53:17.711+0300] {processor.py:175} INFO - Processing /home/pker/airflow_env/lib/python3.7/site-packages/airflow/example_dags/tutorial.py took 0.181 seconds
[2025-11-21T10:54:06.571+0300] {processor.py:153} INFO - Started process (PID=30686) to work on /home/pker/airflow_env/lib/python3.7/site-packages/airflow/example_dags/tutorial.py
[2025-11-21T10:54:06.593+0300] {processor.py:743} INFO - Processing file /home/pker/airflow_env/lib/python3.7/site-packages/airflow/example_dags/tutorial.py for tasks to queue
[2025-11-21T10:54:06.596+0300] {logging_mixin.py:137} INFO - [2025-11-21T10:54:06.595+0300] {dagbag.py:532} INFO - Filling up the DagBag from /home/pker/airflow_env/lib/python3.7/site-packages/airflow/example_dags/tutorial.py
[2025-11-21T10:54:06.623+0300] {processor.py:753} INFO - DAG(s) dict_keys(['tutorial']) retrieved from /home/pker/airflow_env/lib/python3.7/site-packages/airflow/example_dags/tutorial.py
[2025-11-21T10:54:06.657+0300] {logging_mixin.py:137} INFO - [2025-11-21T10:54:06.657+0300] {dag.py:2705} INFO - Sync 1 DAGs
[2025-11-21T10:54:06.693+0300] {logging_mixin.py:137} INFO - [2025-11-21T10:54:06.693+0300] {dag.py:3456} INFO - Setting next_dagrun for tutorial to 2025-11-20T07:54:06.693130+00:00, run_after=2025-11-21T07:54:06.693130+00:00
[2025-11-21T10:54:06.753+0300] {processor.py:175} INFO - Processing /home/pker/airflow_env/lib/python3.7/site-packages/airflow/example_dags/tutorial.py took 0.188 seconds
[2025-11-21T10:54:53.213+0300] {processor.py:153} INFO - Started process (PID=30733) to work on /home/pker/airflow_env/lib/python3.7/site-packages/airflow/example_dags/tutorial.py
[2025-11-21T10:54:53.237+0300] {processor.py:743} INFO - Processing file /home/pker/airflow_env/lib/python3.7/site-packages/airflow/example_dags/tutorial.py for tasks to queue
[2025-11-21T10:54:53.242+0300] {logging_mixin.py:137} INFO - [2025-11-21T10:54:53.241+0300] {dagbag.py:532} INFO - Filling up the DagBag from /home/pker/airflow_env/lib/python3.7/site-packages/airflow/example_dags/tutorial.py
[2025-11-21T10:54:53.276+0300] {processor.py:753} INFO - DAG(s) dict_keys(['tutorial']) retrieved from /home/pker/airflow_env/lib/python3.7/site-packages/airflow/example_dags/tutorial.py
[2025-11-21T10:54:53.311+0300] {logging_mixin.py:137} INFO - [2025-11-21T10:54:53.311+0300] {dag.py:2705} INFO - Sync 1 DAGs
[2025-11-21T10:54:53.345+0300] {logging_mixin.py:137} INFO - [2025-11-21T10:54:53.345+0300] {dag.py:3456} INFO - Setting next_dagrun for tutorial to 2025-11-20T07:54:53.345073+00:00, run_after=2025-11-21T07:54:53.345073+00:00
[2025-11-21T10:54:53.408+0300] {processor.py:175} INFO - Processing /home/pker/airflow_env/lib/python3.7/site-packages/airflow/example_dags/tutorial.py took 0.204 seconds
[2025-11-21T10:55:41.072+0300] {processor.py:153} INFO - Started process (PID=30780) to work on /home/pker/airflow_env/lib/python3.7/site-packages/airflow/example_dags/tutorial.py
[2025-11-21T10:55:41.095+0300] {processor.py:743} INFO - Processing file /home/pker/airflow_env/lib/python3.7/site-packages/airflow/example_dags/tutorial.py for tasks to queue
[2025-11-21T10:55:41.098+0300] {logging_mixin.py:137} INFO - [2025-11-21T10:55:41.097+0300] {dagbag.py:532} INFO - Filling up the DagBag from /home/pker/airflow_env/lib/python3.7/site-packages/airflow/example_dags/tutorial.py
[2025-11-21T10:55:41.135+0300] {processor.py:753} INFO - DAG(s) dict_keys(['tutorial']) retrieved from /home/pker/airflow_env/lib/python3.7/site-packages/airflow/example_dags/tutorial.py
[2025-11-21T10:55:41.177+0300] {logging_mixin.py:137} INFO - [2025-11-21T10:55:41.177+0300] {dag.py:2705} INFO - Sync 1 DAGs
[2025-11-21T10:55:41.215+0300] {logging_mixin.py:137} INFO - [2025-11-21T10:55:41.215+0300] {dag.py:3456} INFO - Setting next_dagrun for tutorial to 2025-11-20T07:55:41.215194+00:00, run_after=2025-11-21T07:55:41.215194+00:00
[2025-11-21T10:55:41.281+0300] {processor.py:175} INFO - Processing /home/pker/airflow_env/lib/python3.7/site-packages/airflow/example_dags/tutorial.py took 0.216 seconds
[2025-11-21T10:56:29.721+0300] {processor.py:153} INFO - Started process (PID=30824) to work on /home/pker/airflow_env/lib/python3.7/site-packages/airflow/example_dags/tutorial.py
[2025-11-21T10:56:29.724+0300] {processor.py:743} INFO - Processing file /home/pker/airflow_env/lib/python3.7/site-packages/airflow/example_dags/tutorial.py for tasks to queue
[2025-11-21T10:56:29.726+0300] {logging_mixin.py:137} INFO - [2025-11-21T10:56:29.726+0300] {dagbag.py:532} INFO - Filling up the DagBag from /home/pker/airflow_env/lib/python3.7/site-packages/airflow/example_dags/tutorial.py
[2025-11-21T10:56:29.752+0300] {processor.py:753} INFO - DAG(s) dict_keys(['tutorial']) retrieved from /home/pker/airflow_env/lib/python3.7/site-packages/airflow/example_dags/tutorial.py
[2025-11-21T10:56:29.799+0300] {logging_mixin.py:137} INFO - [2025-11-21T10:56:29.798+0300] {dag.py:2705} INFO - Sync 1 DAGs
[2025-11-21T10:56:29.843+0300] {logging_mixin.py:137} INFO - [2025-11-21T10:56:29.843+0300] {dag.py:3456} INFO - Setting next_dagrun for tutorial to 2025-11-20T07:56:29.842649+00:00, run_after=2025-11-21T07:56:29.842649+00:00
[2025-11-21T10:56:29.883+0300] {processor.py:175} INFO - Processing /home/pker/airflow_env/lib/python3.7/site-packages/airflow/example_dags/tutorial.py took 0.167 seconds
[2025-11-21T10:57:19.922+0300] {processor.py:153} INFO - Started process (PID=30868) to work on /home/pker/airflow_env/lib/python3.7/site-packages/airflow/example_dags/tutorial.py
[2025-11-21T10:57:19.934+0300] {processor.py:743} INFO - Processing file /home/pker/airflow_env/lib/python3.7/site-packages/airflow/example_dags/tutorial.py for tasks to queue
[2025-11-21T10:57:19.936+0300] {logging_mixin.py:137} INFO - [2025-11-21T10:57:19.935+0300] {dagbag.py:532} INFO - Filling up the DagBag from /home/pker/airflow_env/lib/python3.7/site-packages/airflow/example_dags/tutorial.py
[2025-11-21T10:57:19.965+0300] {processor.py:753} INFO - DAG(s) dict_keys(['tutorial']) retrieved from /home/pker/airflow_env/lib/python3.7/site-packages/airflow/example_dags/tutorial.py
[2025-11-21T10:57:20.002+0300] {logging_mixin.py:137} INFO - [2025-11-21T10:57:20.002+0300] {dag.py:2705} INFO - Sync 1 DAGs
[2025-11-21T10:57:20.040+0300] {logging_mixin.py:137} INFO - [2025-11-21T10:57:20.040+0300] {dag.py:3456} INFO - Setting next_dagrun for tutorial to 2025-11-20T07:57:20.039714+00:00, run_after=2025-11-21T07:57:20.039714+00:00
[2025-11-21T10:57:20.122+0300] {processor.py:175} INFO - Processing /home/pker/airflow_env/lib/python3.7/site-packages/airflow/example_dags/tutorial.py took 0.206 seconds
[2025-11-21T10:58:06.448+0300] {processor.py:153} INFO - Started process (PID=30912) to work on /home/pker/airflow_env/lib/python3.7/site-packages/airflow/example_dags/tutorial.py
[2025-11-21T10:58:06.471+0300] {processor.py:743} INFO - Processing file /home/pker/airflow_env/lib/python3.7/site-packages/airflow/example_dags/tutorial.py for tasks to queue
[2025-11-21T10:58:06.474+0300] {logging_mixin.py:137} INFO - [2025-11-21T10:58:06.474+0300] {dagbag.py:532} INFO - Filling up the DagBag from /home/pker/airflow_env/lib/python3.7/site-packages/airflow/example_dags/tutorial.py
[2025-11-21T10:58:06.503+0300] {processor.py:753} INFO - DAG(s) dict_keys(['tutorial']) retrieved from /home/pker/airflow_env/lib/python3.7/site-packages/airflow/example_dags/tutorial.py
[2025-11-21T10:58:06.541+0300] {logging_mixin.py:137} INFO - [2025-11-21T10:58:06.541+0300] {dag.py:2705} INFO - Sync 1 DAGs
[2025-11-21T10:58:06.587+0300] {logging_mixin.py:137} INFO - [2025-11-21T10:58:06.586+0300] {dag.py:3456} INFO - Setting next_dagrun for tutorial to 2025-11-20T07:58:06.586338+00:00, run_after=2025-11-21T07:58:06.586338+00:00
[2025-11-21T10:58:06.640+0300] {processor.py:175} INFO - Processing /home/pker/airflow_env/lib/python3.7/site-packages/airflow/example_dags/tutorial.py took 0.204 seconds
[2025-11-21T10:58:57.596+0300] {processor.py:153} INFO - Started process (PID=30973) to work on /home/pker/airflow_env/lib/python3.7/site-packages/airflow/example_dags/tutorial.py
[2025-11-21T10:58:57.618+0300] {processor.py:743} INFO - Processing file /home/pker/airflow_env/lib/python3.7/site-packages/airflow/example_dags/tutorial.py for tasks to queue
[2025-11-21T10:58:57.620+0300] {logging_mixin.py:137} INFO - [2025-11-21T10:58:57.620+0300] {dagbag.py:532} INFO - Filling up the DagBag from /home/pker/airflow_env/lib/python3.7/site-packages/airflow/example_dags/tutorial.py
[2025-11-21T10:58:57.649+0300] {processor.py:753} INFO - DAG(s) dict_keys(['tutorial']) retrieved from /home/pker/airflow_env/lib/python3.7/site-packages/airflow/example_dags/tutorial.py
[2025-11-21T10:58:57.680+0300] {logging_mixin.py:137} INFO - [2025-11-21T10:58:57.680+0300] {dag.py:2705} INFO - Sync 1 DAGs
[2025-11-21T10:58:57.716+0300] {logging_mixin.py:137} INFO - [2025-11-21T10:58:57.715+0300] {dag.py:3456} INFO - Setting next_dagrun for tutorial to 2025-11-20T07:58:57.715406+00:00, run_after=2025-11-21T07:58:57.715406+00:00
[2025-11-21T10:58:57.790+0300] {processor.py:175} INFO - Processing /home/pker/airflow_env/lib/python3.7/site-packages/airflow/example_dags/tutorial.py took 0.201 seconds
[2025-11-21T10:59:42.734+0300] {processor.py:153} INFO - Started process (PID=31019) to work on /home/pker/airflow_env/lib/python3.7/site-packages/airflow/example_dags/tutorial.py
[2025-11-21T10:59:42.758+0300] {processor.py:743} INFO - Processing file /home/pker/airflow_env/lib/python3.7/site-packages/airflow/example_dags/tutorial.py for tasks to queue
[2025-11-21T10:59:42.759+0300] {logging_mixin.py:137} INFO - [2025-11-21T10:59:42.759+0300] {dagbag.py:532} INFO - Filling up the DagBag from /home/pker/airflow_env/lib/python3.7/site-packages/airflow/example_dags/tutorial.py
[2025-11-21T10:59:42.783+0300] {processor.py:753} INFO - DAG(s) dict_keys(['tutorial']) retrieved from /home/pker/airflow_env/lib/python3.7/site-packages/airflow/example_dags/tutorial.py
[2025-11-21T10:59:42.813+0300] {logging_mixin.py:137} INFO - [2025-11-21T10:59:42.812+0300] {dag.py:2705} INFO - Sync 1 DAGs
[2025-11-21T10:59:42.864+0300] {logging_mixin.py:137} INFO - [2025-11-21T10:59:42.864+0300] {dag.py:3456} INFO - Setting next_dagrun for tutorial to 2025-11-20T07:59:42.863510+00:00, run_after=2025-11-21T07:59:42.863510+00:00
[2025-11-21T10:59:42.925+0300] {processor.py:175} INFO - Processing /home/pker/airflow_env/lib/python3.7/site-packages/airflow/example_dags/tutorial.py took 0.199 seconds
[2025-11-21T11:00:34.418+0300] {processor.py:153} INFO - Started process (PID=31079) to work on /home/pker/airflow_env/lib/python3.7/site-packages/airflow/example_dags/tutorial.py
[2025-11-21T11:00:34.440+0300] {processor.py:743} INFO - Processing file /home/pker/airflow_env/lib/python3.7/site-packages/airflow/example_dags/tutorial.py for tasks to queue
[2025-11-21T11:00:34.442+0300] {logging_mixin.py:137} INFO - [2025-11-21T11:00:34.441+0300] {dagbag.py:532} INFO - Filling up the DagBag from /home/pker/airflow_env/lib/python3.7/site-packages/airflow/example_dags/tutorial.py
[2025-11-21T11:00:34.472+0300] {processor.py:753} INFO - DAG(s) dict_keys(['tutorial']) retrieved from /home/pker/airflow_env/lib/python3.7/site-packages/airflow/example_dags/tutorial.py
[2025-11-21T11:00:34.504+0300] {logging_mixin.py:137} INFO - [2025-11-21T11:00:34.504+0300] {dag.py:2705} INFO - Sync 1 DAGs
[2025-11-21T11:00:34.531+0300] {logging_mixin.py:137} INFO - [2025-11-21T11:00:34.531+0300] {dag.py:3456} INFO - Setting next_dagrun for tutorial to 2025-11-20T08:00:34.531260+00:00, run_after=2025-11-21T08:00:34.531260+00:00
[2025-11-21T11:00:34.564+0300] {processor.py:175} INFO - Processing /home/pker/airflow_env/lib/python3.7/site-packages/airflow/example_dags/tutorial.py took 0.153 seconds
[2025-11-21T11:01:24.805+0300] {processor.py:153} INFO - Started process (PID=31123) to work on /home/pker/airflow_env/lib/python3.7/site-packages/airflow/example_dags/tutorial.py
[2025-11-21T11:01:24.829+0300] {processor.py:743} INFO - Processing file /home/pker/airflow_env/lib/python3.7/site-packages/airflow/example_dags/tutorial.py for tasks to queue
[2025-11-21T11:01:24.831+0300] {logging_mixin.py:137} INFO - [2025-11-21T11:01:24.831+0300] {dagbag.py:532} INFO - Filling up the DagBag from /home/pker/airflow_env/lib/python3.7/site-packages/airflow/example_dags/tutorial.py
[2025-11-21T11:01:24.864+0300] {processor.py:753} INFO - DAG(s) dict_keys(['tutorial']) retrieved from /home/pker/airflow_env/lib/python3.7/site-packages/airflow/example_dags/tutorial.py
[2025-11-21T11:01:24.913+0300] {logging_mixin.py:137} INFO - [2025-11-21T11:01:24.912+0300] {dag.py:2705} INFO - Sync 1 DAGs
[2025-11-21T11:01:24.946+0300] {logging_mixin.py:137} INFO - [2025-11-21T11:01:24.945+0300] {dag.py:3456} INFO - Setting next_dagrun for tutorial to 2025-11-20T08:01:24.945277+00:00, run_after=2025-11-21T08:01:24.945277+00:00
[2025-11-21T11:01:25.003+0300] {processor.py:175} INFO - Processing /home/pker/airflow_env/lib/python3.7/site-packages/airflow/example_dags/tutorial.py took 0.204 seconds
[2025-11-21T11:02:12.369+0300] {processor.py:153} INFO - Started process (PID=31169) to work on /home/pker/airflow_env/lib/python3.7/site-packages/airflow/example_dags/tutorial.py
[2025-11-21T11:02:12.392+0300] {processor.py:743} INFO - Processing file /home/pker/airflow_env/lib/python3.7/site-packages/airflow/example_dags/tutorial.py for tasks to queue
[2025-11-21T11:02:12.394+0300] {logging_mixin.py:137} INFO - [2025-11-21T11:02:12.393+0300] {dagbag.py:532} INFO - Filling up the DagBag from /home/pker/airflow_env/lib/python3.7/site-packages/airflow/example_dags/tutorial.py
[2025-11-21T11:02:12.426+0300] {processor.py:753} INFO - DAG(s) dict_keys(['tutorial']) retrieved from /home/pker/airflow_env/lib/python3.7/site-packages/airflow/example_dags/tutorial.py
[2025-11-21T11:02:12.467+0300] {logging_mixin.py:137} INFO - [2025-11-21T11:02:12.467+0300] {dag.py:2705} INFO - Sync 1 DAGs
[2025-11-21T11:02:12.511+0300] {logging_mixin.py:137} INFO - [2025-11-21T11:02:12.511+0300] {dag.py:3456} INFO - Setting next_dagrun for tutorial to 2025-11-20T08:02:12.510782+00:00, run_after=2025-11-21T08:02:12.510782+00:00
[2025-11-21T11:02:12.578+0300] {processor.py:175} INFO - Processing /home/pker/airflow_env/lib/python3.7/site-packages/airflow/example_dags/tutorial.py took 0.216 seconds
[2025-11-21T11:02:58.951+0300] {processor.py:153} INFO - Started process (PID=31216) to work on /home/pker/airflow_env/lib/python3.7/site-packages/airflow/example_dags/tutorial.py
[2025-11-21T11:02:58.973+0300] {processor.py:743} INFO - Processing file /home/pker/airflow_env/lib/python3.7/site-packages/airflow/example_dags/tutorial.py for tasks to queue
[2025-11-21T11:02:58.974+0300] {logging_mixin.py:137} INFO - [2025-11-21T11:02:58.974+0300] {dagbag.py:532} INFO - Filling up the DagBag from /home/pker/airflow_env/lib/python3.7/site-packages/airflow/example_dags/tutorial.py
[2025-11-21T11:02:59.004+0300] {processor.py:753} INFO - DAG(s) dict_keys(['tutorial']) retrieved from /home/pker/airflow_env/lib/python3.7/site-packages/airflow/example_dags/tutorial.py
[2025-11-21T11:02:59.045+0300] {logging_mixin.py:137} INFO - [2025-11-21T11:02:59.045+0300] {dag.py:2705} INFO - Sync 1 DAGs
[2025-11-21T11:02:59.071+0300] {logging_mixin.py:137} INFO - [2025-11-21T11:02:59.071+0300] {dag.py:3456} INFO - Setting next_dagrun for tutorial to 2025-11-20T08:02:59.071244+00:00, run_after=2025-11-21T08:02:59.071244+00:00
[2025-11-21T11:02:59.114+0300] {processor.py:175} INFO - Processing /home/pker/airflow_env/lib/python3.7/site-packages/airflow/example_dags/tutorial.py took 0.171 seconds
[2025-11-21T11:03:45.446+0300] {processor.py:153} INFO - Started process (PID=31261) to work on /home/pker/airflow_env/lib/python3.7/site-packages/airflow/example_dags/tutorial.py
[2025-11-21T11:03:45.469+0300] {processor.py:743} INFO - Processing file /home/pker/airflow_env/lib/python3.7/site-packages/airflow/example_dags/tutorial.py for tasks to queue
[2025-11-21T11:03:45.471+0300] {logging_mixin.py:137} INFO - [2025-11-21T11:03:45.470+0300] {dagbag.py:532} INFO - Filling up the DagBag from /home/pker/airflow_env/lib/python3.7/site-packages/airflow/example_dags/tutorial.py
[2025-11-21T11:03:45.502+0300] {processor.py:753} INFO - DAG(s) dict_keys(['tutorial']) retrieved from /home/pker/airflow_env/lib/python3.7/site-packages/airflow/example_dags/tutorial.py
[2025-11-21T11:03:45.535+0300] {logging_mixin.py:137} INFO - [2025-11-21T11:03:45.535+0300] {dag.py:2705} INFO - Sync 1 DAGs
[2025-11-21T11:03:45.567+0300] {logging_mixin.py:137} INFO - [2025-11-21T11:03:45.567+0300] {dag.py:3456} INFO - Setting next_dagrun for tutorial to 2025-11-20T08:03:45.566780+00:00, run_after=2025-11-21T08:03:45.566780+00:00
[2025-11-21T11:03:45.608+0300] {processor.py:175} INFO - Processing /home/pker/airflow_env/lib/python3.7/site-packages/airflow/example_dags/tutorial.py took 0.169 seconds
[2025-11-21T11:04:33.076+0300] {processor.py:153} INFO - Started process (PID=31303) to work on /home/pker/airflow_env/lib/python3.7/site-packages/airflow/example_dags/tutorial.py
[2025-11-21T11:04:33.101+0300] {processor.py:743} INFO - Processing file /home/pker/airflow_env/lib/python3.7/site-packages/airflow/example_dags/tutorial.py for tasks to queue
[2025-11-21T11:04:33.104+0300] {logging_mixin.py:137} INFO - [2025-11-21T11:04:33.103+0300] {dagbag.py:532} INFO - Filling up the DagBag from /home/pker/airflow_env/lib/python3.7/site-packages/airflow/example_dags/tutorial.py
[2025-11-21T11:04:33.137+0300] {processor.py:753} INFO - DAG(s) dict_keys(['tutorial']) retrieved from /home/pker/airflow_env/lib/python3.7/site-packages/airflow/example_dags/tutorial.py
[2025-11-21T11:04:33.176+0300] {logging_mixin.py:137} INFO - [2025-11-21T11:04:33.176+0300] {dag.py:2705} INFO - Sync 1 DAGs
[2025-11-21T11:04:33.229+0300] {logging_mixin.py:137} INFO - [2025-11-21T11:04:33.228+0300] {dag.py:3456} INFO - Setting next_dagrun for tutorial to 2025-11-20T08:04:33.228383+00:00, run_after=2025-11-21T08:04:33.228383+00:00
[2025-11-21T11:04:33.274+0300] {processor.py:175} INFO - Processing /home/pker/airflow_env/lib/python3.7/site-packages/airflow/example_dags/tutorial.py took 0.208 seconds
[2025-11-21T11:05:23.187+0300] {processor.py:153} INFO - Started process (PID=31350) to work on /home/pker/airflow_env/lib/python3.7/site-packages/airflow/example_dags/tutorial.py
[2025-11-21T11:05:23.210+0300] {processor.py:743} INFO - Processing file /home/pker/airflow_env/lib/python3.7/site-packages/airflow/example_dags/tutorial.py for tasks to queue
[2025-11-21T11:05:23.212+0300] {logging_mixin.py:137} INFO - [2025-11-21T11:05:23.211+0300] {dagbag.py:532} INFO - Filling up the DagBag from /home/pker/airflow_env/lib/python3.7/site-packages/airflow/example_dags/tutorial.py
[2025-11-21T11:05:23.240+0300] {processor.py:753} INFO - DAG(s) dict_keys(['tutorial']) retrieved from /home/pker/airflow_env/lib/python3.7/site-packages/airflow/example_dags/tutorial.py
[2025-11-21T11:05:23.272+0300] {logging_mixin.py:137} INFO - [2025-11-21T11:05:23.272+0300] {dag.py:2705} INFO - Sync 1 DAGs
[2025-11-21T11:05:23.306+0300] {logging_mixin.py:137} INFO - [2025-11-21T11:05:23.305+0300] {dag.py:3456} INFO - Setting next_dagrun for tutorial to 2025-11-20T08:05:23.305479+00:00, run_after=2025-11-21T08:05:23.305479+00:00
[2025-11-21T11:05:23.371+0300] {processor.py:175} INFO - Processing /home/pker/airflow_env/lib/python3.7/site-packages/airflow/example_dags/tutorial.py took 0.192 seconds
[2025-11-21T11:06:10.816+0300] {processor.py:153} INFO - Started process (PID=31401) to work on /home/pker/airflow_env/lib/python3.7/site-packages/airflow/example_dags/tutorial.py
[2025-11-21T11:06:10.839+0300] {processor.py:743} INFO - Processing file /home/pker/airflow_env/lib/python3.7/site-packages/airflow/example_dags/tutorial.py for tasks to queue
[2025-11-21T11:06:10.841+0300] {logging_mixin.py:137} INFO - [2025-11-21T11:06:10.841+0300] {dagbag.py:532} INFO - Filling up the DagBag from /home/pker/airflow_env/lib/python3.7/site-packages/airflow/example_dags/tutorial.py
[2025-11-21T11:06:10.866+0300] {processor.py:753} INFO - DAG(s) dict_keys(['tutorial']) retrieved from /home/pker/airflow_env/lib/python3.7/site-packages/airflow/example_dags/tutorial.py
[2025-11-21T11:06:10.895+0300] {logging_mixin.py:137} INFO - [2025-11-21T11:06:10.895+0300] {dag.py:2705} INFO - Sync 1 DAGs
[2025-11-21T11:06:10.933+0300] {logging_mixin.py:137} INFO - [2025-11-21T11:06:10.933+0300] {dag.py:3456} INFO - Setting next_dagrun for tutorial to 2025-11-20T08:06:10.933077+00:00, run_after=2025-11-21T08:06:10.933077+00:00
[2025-11-21T11:06:10.978+0300] {processor.py:175} INFO - Processing /home/pker/airflow_env/lib/python3.7/site-packages/airflow/example_dags/tutorial.py took 0.167 seconds
[2025-11-21T11:06:57.636+0300] {processor.py:153} INFO - Started process (PID=31449) to work on /home/pker/airflow_env/lib/python3.7/site-packages/airflow/example_dags/tutorial.py
[2025-11-21T11:06:57.659+0300] {processor.py:743} INFO - Processing file /home/pker/airflow_env/lib/python3.7/site-packages/airflow/example_dags/tutorial.py for tasks to queue
[2025-11-21T11:06:57.661+0300] {logging_mixin.py:137} INFO - [2025-11-21T11:06:57.661+0300] {dagbag.py:532} INFO - Filling up the DagBag from /home/pker/airflow_env/lib/python3.7/site-packages/airflow/example_dags/tutorial.py
[2025-11-21T11:06:57.693+0300] {processor.py:753} INFO - DAG(s) dict_keys(['tutorial']) retrieved from /home/pker/airflow_env/lib/python3.7/site-packages/airflow/example_dags/tutorial.py
[2025-11-21T11:06:57.730+0300] {logging_mixin.py:137} INFO - [2025-11-21T11:06:57.729+0300] {dag.py:2705} INFO - Sync 1 DAGs
[2025-11-21T11:06:57.773+0300] {logging_mixin.py:137} INFO - [2025-11-21T11:06:57.773+0300] {dag.py:3456} INFO - Setting next_dagrun for tutorial to 2025-11-20T08:06:57.772761+00:00, run_after=2025-11-21T08:06:57.772761+00:00
[2025-11-21T11:06:57.811+0300] {processor.py:175} INFO - Processing /home/pker/airflow_env/lib/python3.7/site-packages/airflow/example_dags/tutorial.py took 0.182 seconds
[2025-11-21T11:07:47.215+0300] {processor.py:153} INFO - Started process (PID=31519) to work on /home/pker/airflow_env/lib/python3.7/site-packages/airflow/example_dags/tutorial.py
[2025-11-21T11:07:47.236+0300] {processor.py:743} INFO - Processing file /home/pker/airflow_env/lib/python3.7/site-packages/airflow/example_dags/tutorial.py for tasks to queue
[2025-11-21T11:07:47.238+0300] {logging_mixin.py:137} INFO - [2025-11-21T11:07:47.237+0300] {dagbag.py:532} INFO - Filling up the DagBag from /home/pker/airflow_env/lib/python3.7/site-packages/airflow/example_dags/tutorial.py
[2025-11-21T11:07:47.264+0300] {processor.py:753} INFO - DAG(s) dict_keys(['tutorial']) retrieved from /home/pker/airflow_env/lib/python3.7/site-packages/airflow/example_dags/tutorial.py
[2025-11-21T11:07:47.292+0300] {logging_mixin.py:137} INFO - [2025-11-21T11:07:47.292+0300] {dag.py:2705} INFO - Sync 1 DAGs
[2025-11-21T11:07:47.321+0300] {logging_mixin.py:137} INFO - [2025-11-21T11:07:47.321+0300] {dag.py:3456} INFO - Setting next_dagrun for tutorial to 2025-11-20T08:07:47.320749+00:00, run_after=2025-11-21T08:07:47.320749+00:00
[2025-11-21T11:07:47.354+0300] {processor.py:175} INFO - Processing /home/pker/airflow_env/lib/python3.7/site-packages/airflow/example_dags/tutorial.py took 0.144 seconds
[2025-11-21T11:08:33.716+0300] {processor.py:153} INFO - Started process (PID=31566) to work on /home/pker/airflow_env/lib/python3.7/site-packages/airflow/example_dags/tutorial.py
[2025-11-21T11:08:33.738+0300] {processor.py:743} INFO - Processing file /home/pker/airflow_env/lib/python3.7/site-packages/airflow/example_dags/tutorial.py for tasks to queue
[2025-11-21T11:08:33.740+0300] {logging_mixin.py:137} INFO - [2025-11-21T11:08:33.740+0300] {dagbag.py:532} INFO - Filling up the DagBag from /home/pker/airflow_env/lib/python3.7/site-packages/airflow/example_dags/tutorial.py
[2025-11-21T11:08:33.766+0300] {processor.py:753} INFO - DAG(s) dict_keys(['tutorial']) retrieved from /home/pker/airflow_env/lib/python3.7/site-packages/airflow/example_dags/tutorial.py
[2025-11-21T11:08:33.801+0300] {logging_mixin.py:137} INFO - [2025-11-21T11:08:33.801+0300] {dag.py:2705} INFO - Sync 1 DAGs
[2025-11-21T11:08:33.836+0300] {logging_mixin.py:137} INFO - [2025-11-21T11:08:33.835+0300] {dag.py:3456} INFO - Setting next_dagrun for tutorial to 2025-11-20T08:08:33.835572+00:00, run_after=2025-11-21T08:08:33.835572+00:00
[2025-11-21T11:08:33.865+0300] {processor.py:175} INFO - Processing /home/pker/airflow_env/lib/python3.7/site-packages/airflow/example_dags/tutorial.py took 0.156 seconds
