[2025-11-21T10:43:57.400+0300] {processor.py:153} INFO - Started process (PID=30085) to work on /home/pker/airflow_env/lib/python3.7/site-packages/airflow/example_dags/tutorial_dag.py
[2025-11-21T10:43:57.401+0300] {processor.py:743} INFO - Processing file /home/pker/airflow_env/lib/python3.7/site-packages/airflow/example_dags/tutorial_dag.py for tasks to queue
[2025-11-21T10:43:57.402+0300] {logging_mixin.py:137} INFO - [2025-11-21T10:43:57.402+0300] {dagbag.py:532} INFO - Filling up the DagBag from /home/pker/airflow_env/lib/python3.7/site-packages/airflow/example_dags/tutorial_dag.py
[2025-11-21T10:43:57.425+0300] {processor.py:753} INFO - DAG(s) dict_keys(['tutorial_dag']) retrieved from /home/pker/airflow_env/lib/python3.7/site-packages/airflow/example_dags/tutorial_dag.py
[2025-11-21T10:43:57.639+0300] {logging_mixin.py:137} INFO - [2025-11-21T10:43:57.638+0300] {manager.py:504} INFO - Created Permission View: can delete on DAG:tutorial_dag
[2025-11-21T10:43:57.663+0300] {logging_mixin.py:137} INFO - [2025-11-21T10:43:57.662+0300] {manager.py:504} INFO - Created Permission View: can read on DAG:tutorial_dag
[2025-11-21T10:43:57.682+0300] {logging_mixin.py:137} INFO - [2025-11-21T10:43:57.682+0300] {manager.py:504} INFO - Created Permission View: can edit on DAG:tutorial_dag
[2025-11-21T10:43:57.682+0300] {logging_mixin.py:137} INFO - [2025-11-21T10:43:57.682+0300] {dag.py:2705} INFO - Sync 1 DAGs
[2025-11-21T10:43:57.706+0300] {logging_mixin.py:137} INFO - [2025-11-21T10:43:57.706+0300] {dag.py:2726} INFO - Creating ORM DAG for tutorial_dag
[2025-11-21T10:43:57.720+0300] {logging_mixin.py:137} INFO - [2025-11-21T10:43:57.719+0300] {dag.py:3456} INFO - Setting next_dagrun for tutorial_dag to None, run_after=None
[2025-11-21T10:43:57.753+0300] {processor.py:175} INFO - Processing /home/pker/airflow_env/lib/python3.7/site-packages/airflow/example_dags/tutorial_dag.py took 0.358 seconds
[2025-11-21T10:44:49.017+0300] {processor.py:153} INFO - Started process (PID=30129) to work on /home/pker/airflow_env/lib/python3.7/site-packages/airflow/example_dags/tutorial_dag.py
[2025-11-21T10:44:49.039+0300] {processor.py:743} INFO - Processing file /home/pker/airflow_env/lib/python3.7/site-packages/airflow/example_dags/tutorial_dag.py for tasks to queue
[2025-11-21T10:44:49.042+0300] {logging_mixin.py:137} INFO - [2025-11-21T10:44:49.041+0300] {dagbag.py:532} INFO - Filling up the DagBag from /home/pker/airflow_env/lib/python3.7/site-packages/airflow/example_dags/tutorial_dag.py
[2025-11-21T10:44:49.072+0300] {processor.py:753} INFO - DAG(s) dict_keys(['tutorial_dag']) retrieved from /home/pker/airflow_env/lib/python3.7/site-packages/airflow/example_dags/tutorial_dag.py
[2025-11-21T10:44:49.113+0300] {logging_mixin.py:137} INFO - [2025-11-21T10:44:49.112+0300] {dag.py:2705} INFO - Sync 1 DAGs
[2025-11-21T10:44:49.153+0300] {logging_mixin.py:137} INFO - [2025-11-21T10:44:49.152+0300] {dag.py:3456} INFO - Setting next_dagrun for tutorial_dag to None, run_after=None
[2025-11-21T10:44:49.198+0300] {processor.py:175} INFO - Processing /home/pker/airflow_env/lib/python3.7/site-packages/airflow/example_dags/tutorial_dag.py took 0.190 seconds
[2025-11-21T10:45:39.624+0300] {processor.py:153} INFO - Started process (PID=30195) to work on /home/pker/airflow_env/lib/python3.7/site-packages/airflow/example_dags/tutorial_dag.py
[2025-11-21T10:45:39.627+0300] {processor.py:743} INFO - Processing file /home/pker/airflow_env/lib/python3.7/site-packages/airflow/example_dags/tutorial_dag.py for tasks to queue
[2025-11-21T10:45:39.628+0300] {logging_mixin.py:137} INFO - [2025-11-21T10:45:39.628+0300] {dagbag.py:532} INFO - Filling up the DagBag from /home/pker/airflow_env/lib/python3.7/site-packages/airflow/example_dags/tutorial_dag.py
[2025-11-21T10:45:39.660+0300] {processor.py:753} INFO - DAG(s) dict_keys(['tutorial_dag']) retrieved from /home/pker/airflow_env/lib/python3.7/site-packages/airflow/example_dags/tutorial_dag.py
[2025-11-21T10:45:39.696+0300] {logging_mixin.py:137} INFO - [2025-11-21T10:45:39.696+0300] {dag.py:2705} INFO - Sync 1 DAGs
[2025-11-21T10:45:39.742+0300] {logging_mixin.py:137} INFO - [2025-11-21T10:45:39.741+0300] {dag.py:3456} INFO - Setting next_dagrun for tutorial_dag to None, run_after=None
[2025-11-21T10:45:39.812+0300] {processor.py:175} INFO - Processing /home/pker/airflow_env/lib/python3.7/site-packages/airflow/example_dags/tutorial_dag.py took 0.194 seconds
[2025-11-21T10:46:26.649+0300] {processor.py:153} INFO - Started process (PID=30242) to work on /home/pker/airflow_env/lib/python3.7/site-packages/airflow/example_dags/tutorial_dag.py
[2025-11-21T10:46:26.650+0300] {processor.py:743} INFO - Processing file /home/pker/airflow_env/lib/python3.7/site-packages/airflow/example_dags/tutorial_dag.py for tasks to queue
[2025-11-21T10:46:26.651+0300] {logging_mixin.py:137} INFO - [2025-11-21T10:46:26.651+0300] {dagbag.py:532} INFO - Filling up the DagBag from /home/pker/airflow_env/lib/python3.7/site-packages/airflow/example_dags/tutorial_dag.py
[2025-11-21T10:46:26.669+0300] {processor.py:753} INFO - DAG(s) dict_keys(['tutorial_dag']) retrieved from /home/pker/airflow_env/lib/python3.7/site-packages/airflow/example_dags/tutorial_dag.py
[2025-11-21T10:46:26.692+0300] {logging_mixin.py:137} INFO - [2025-11-21T10:46:26.692+0300] {dag.py:2705} INFO - Sync 1 DAGs
[2025-11-21T10:46:26.718+0300] {logging_mixin.py:137} INFO - [2025-11-21T10:46:26.718+0300] {dag.py:3456} INFO - Setting next_dagrun for tutorial_dag to None, run_after=None
[2025-11-21T10:46:26.752+0300] {processor.py:175} INFO - Processing /home/pker/airflow_env/lib/python3.7/site-packages/airflow/example_dags/tutorial_dag.py took 0.108 seconds
[2025-11-21T10:47:14.975+0300] {processor.py:153} INFO - Started process (PID=30287) to work on /home/pker/airflow_env/lib/python3.7/site-packages/airflow/example_dags/tutorial_dag.py
[2025-11-21T10:47:14.979+0300] {processor.py:743} INFO - Processing file /home/pker/airflow_env/lib/python3.7/site-packages/airflow/example_dags/tutorial_dag.py for tasks to queue
[2025-11-21T10:47:14.980+0300] {logging_mixin.py:137} INFO - [2025-11-21T10:47:14.980+0300] {dagbag.py:532} INFO - Filling up the DagBag from /home/pker/airflow_env/lib/python3.7/site-packages/airflow/example_dags/tutorial_dag.py
[2025-11-21T10:47:14.998+0300] {processor.py:753} INFO - DAG(s) dict_keys(['tutorial_dag']) retrieved from /home/pker/airflow_env/lib/python3.7/site-packages/airflow/example_dags/tutorial_dag.py
[2025-11-21T10:47:15.026+0300] {logging_mixin.py:137} INFO - [2025-11-21T10:47:15.025+0300] {dag.py:2705} INFO - Sync 1 DAGs
[2025-11-21T10:47:15.058+0300] {logging_mixin.py:137} INFO - [2025-11-21T10:47:15.057+0300] {dag.py:3456} INFO - Setting next_dagrun for tutorial_dag to None, run_after=None
[2025-11-21T10:47:15.095+0300] {processor.py:175} INFO - Processing /home/pker/airflow_env/lib/python3.7/site-packages/airflow/example_dags/tutorial_dag.py took 0.127 seconds
[2025-11-21T10:48:01.465+0300] {processor.py:153} INFO - Started process (PID=30331) to work on /home/pker/airflow_env/lib/python3.7/site-packages/airflow/example_dags/tutorial_dag.py
[2025-11-21T10:48:01.489+0300] {processor.py:743} INFO - Processing file /home/pker/airflow_env/lib/python3.7/site-packages/airflow/example_dags/tutorial_dag.py for tasks to queue
[2025-11-21T10:48:01.491+0300] {logging_mixin.py:137} INFO - [2025-11-21T10:48:01.491+0300] {dagbag.py:532} INFO - Filling up the DagBag from /home/pker/airflow_env/lib/python3.7/site-packages/airflow/example_dags/tutorial_dag.py
[2025-11-21T10:48:01.515+0300] {processor.py:753} INFO - DAG(s) dict_keys(['tutorial_dag']) retrieved from /home/pker/airflow_env/lib/python3.7/site-packages/airflow/example_dags/tutorial_dag.py
[2025-11-21T10:48:01.547+0300] {logging_mixin.py:137} INFO - [2025-11-21T10:48:01.547+0300] {dag.py:2705} INFO - Sync 1 DAGs
[2025-11-21T10:48:01.580+0300] {logging_mixin.py:137} INFO - [2025-11-21T10:48:01.579+0300] {dag.py:3456} INFO - Setting next_dagrun for tutorial_dag to None, run_after=None
[2025-11-21T10:48:01.614+0300] {processor.py:175} INFO - Processing /home/pker/airflow_env/lib/python3.7/site-packages/airflow/example_dags/tutorial_dag.py took 0.155 seconds
[2025-11-21T10:48:49.894+0300] {processor.py:153} INFO - Started process (PID=30377) to work on /home/pker/airflow_env/lib/python3.7/site-packages/airflow/example_dags/tutorial_dag.py
[2025-11-21T10:48:49.917+0300] {processor.py:743} INFO - Processing file /home/pker/airflow_env/lib/python3.7/site-packages/airflow/example_dags/tutorial_dag.py for tasks to queue
[2025-11-21T10:48:49.919+0300] {logging_mixin.py:137} INFO - [2025-11-21T10:48:49.918+0300] {dagbag.py:532} INFO - Filling up the DagBag from /home/pker/airflow_env/lib/python3.7/site-packages/airflow/example_dags/tutorial_dag.py
[2025-11-21T10:48:49.947+0300] {processor.py:753} INFO - DAG(s) dict_keys(['tutorial_dag']) retrieved from /home/pker/airflow_env/lib/python3.7/site-packages/airflow/example_dags/tutorial_dag.py
[2025-11-21T10:48:49.983+0300] {logging_mixin.py:137} INFO - [2025-11-21T10:48:49.983+0300] {dag.py:2705} INFO - Sync 1 DAGs
[2025-11-21T10:48:50.014+0300] {logging_mixin.py:137} INFO - [2025-11-21T10:48:50.014+0300] {dag.py:3456} INFO - Setting next_dagrun for tutorial_dag to None, run_after=None
[2025-11-21T10:48:50.070+0300] {processor.py:175} INFO - Processing /home/pker/airflow_env/lib/python3.7/site-packages/airflow/example_dags/tutorial_dag.py took 0.182 seconds
[2025-11-21T10:49:36.302+0300] {processor.py:153} INFO - Started process (PID=30430) to work on /home/pker/airflow_env/lib/python3.7/site-packages/airflow/example_dags/tutorial_dag.py
[2025-11-21T10:49:36.324+0300] {processor.py:743} INFO - Processing file /home/pker/airflow_env/lib/python3.7/site-packages/airflow/example_dags/tutorial_dag.py for tasks to queue
[2025-11-21T10:49:36.328+0300] {logging_mixin.py:137} INFO - [2025-11-21T10:49:36.327+0300] {dagbag.py:532} INFO - Filling up the DagBag from /home/pker/airflow_env/lib/python3.7/site-packages/airflow/example_dags/tutorial_dag.py
[2025-11-21T10:49:36.359+0300] {processor.py:753} INFO - DAG(s) dict_keys(['tutorial_dag']) retrieved from /home/pker/airflow_env/lib/python3.7/site-packages/airflow/example_dags/tutorial_dag.py
[2025-11-21T10:49:36.401+0300] {logging_mixin.py:137} INFO - [2025-11-21T10:49:36.400+0300] {dag.py:2705} INFO - Sync 1 DAGs
[2025-11-21T10:49:36.438+0300] {logging_mixin.py:137} INFO - [2025-11-21T10:49:36.438+0300] {dag.py:3456} INFO - Setting next_dagrun for tutorial_dag to None, run_after=None
[2025-11-21T10:49:36.512+0300] {processor.py:175} INFO - Processing /home/pker/airflow_env/lib/python3.7/site-packages/airflow/example_dags/tutorial_dag.py took 0.216 seconds
[2025-11-21T10:50:24.773+0300] {processor.py:153} INFO - Started process (PID=30475) to work on /home/pker/airflow_env/lib/python3.7/site-packages/airflow/example_dags/tutorial_dag.py
[2025-11-21T10:50:24.798+0300] {processor.py:743} INFO - Processing file /home/pker/airflow_env/lib/python3.7/site-packages/airflow/example_dags/tutorial_dag.py for tasks to queue
[2025-11-21T10:50:24.800+0300] {logging_mixin.py:137} INFO - [2025-11-21T10:50:24.799+0300] {dagbag.py:532} INFO - Filling up the DagBag from /home/pker/airflow_env/lib/python3.7/site-packages/airflow/example_dags/tutorial_dag.py
[2025-11-21T10:50:24.831+0300] {processor.py:753} INFO - DAG(s) dict_keys(['tutorial_dag']) retrieved from /home/pker/airflow_env/lib/python3.7/site-packages/airflow/example_dags/tutorial_dag.py
[2025-11-21T10:50:24.877+0300] {logging_mixin.py:137} INFO - [2025-11-21T10:50:24.876+0300] {dag.py:2705} INFO - Sync 1 DAGs
[2025-11-21T10:50:24.919+0300] {logging_mixin.py:137} INFO - [2025-11-21T10:50:24.919+0300] {dag.py:3456} INFO - Setting next_dagrun for tutorial_dag to None, run_after=None
[2025-11-21T10:50:24.969+0300] {processor.py:175} INFO - Processing /home/pker/airflow_env/lib/python3.7/site-packages/airflow/example_dags/tutorial_dag.py took 0.205 seconds
[2025-11-21T10:51:11.202+0300] {processor.py:153} INFO - Started process (PID=30520) to work on /home/pker/airflow_env/lib/python3.7/site-packages/airflow/example_dags/tutorial_dag.py
[2025-11-21T10:51:11.206+0300] {processor.py:743} INFO - Processing file /home/pker/airflow_env/lib/python3.7/site-packages/airflow/example_dags/tutorial_dag.py for tasks to queue
[2025-11-21T10:51:11.207+0300] {logging_mixin.py:137} INFO - [2025-11-21T10:51:11.207+0300] {dagbag.py:532} INFO - Filling up the DagBag from /home/pker/airflow_env/lib/python3.7/site-packages/airflow/example_dags/tutorial_dag.py
[2025-11-21T10:51:11.233+0300] {processor.py:753} INFO - DAG(s) dict_keys(['tutorial_dag']) retrieved from /home/pker/airflow_env/lib/python3.7/site-packages/airflow/example_dags/tutorial_dag.py
[2025-11-21T10:51:11.267+0300] {logging_mixin.py:137} INFO - [2025-11-21T10:51:11.267+0300] {dag.py:2705} INFO - Sync 1 DAGs
[2025-11-21T10:51:11.304+0300] {logging_mixin.py:137} INFO - [2025-11-21T10:51:11.304+0300] {dag.py:3456} INFO - Setting next_dagrun for tutorial_dag to None, run_after=None
[2025-11-21T10:51:11.358+0300] {processor.py:175} INFO - Processing /home/pker/airflow_env/lib/python3.7/site-packages/airflow/example_dags/tutorial_dag.py took 0.162 seconds
[2025-11-21T10:51:57.558+0300] {processor.py:153} INFO - Started process (PID=30564) to work on /home/pker/airflow_env/lib/python3.7/site-packages/airflow/example_dags/tutorial_dag.py
[2025-11-21T10:51:57.581+0300] {processor.py:743} INFO - Processing file /home/pker/airflow_env/lib/python3.7/site-packages/airflow/example_dags/tutorial_dag.py for tasks to queue
[2025-11-21T10:51:57.582+0300] {logging_mixin.py:137} INFO - [2025-11-21T10:51:57.582+0300] {dagbag.py:532} INFO - Filling up the DagBag from /home/pker/airflow_env/lib/python3.7/site-packages/airflow/example_dags/tutorial_dag.py
[2025-11-21T10:51:57.608+0300] {processor.py:753} INFO - DAG(s) dict_keys(['tutorial_dag']) retrieved from /home/pker/airflow_env/lib/python3.7/site-packages/airflow/example_dags/tutorial_dag.py
[2025-11-21T10:51:57.646+0300] {logging_mixin.py:137} INFO - [2025-11-21T10:51:57.646+0300] {dag.py:2705} INFO - Sync 1 DAGs
[2025-11-21T10:51:57.685+0300] {logging_mixin.py:137} INFO - [2025-11-21T10:51:57.685+0300] {dag.py:3456} INFO - Setting next_dagrun for tutorial_dag to None, run_after=None
[2025-11-21T10:51:57.742+0300] {processor.py:175} INFO - Processing /home/pker/airflow_env/lib/python3.7/site-packages/airflow/example_dags/tutorial_dag.py took 0.195 seconds
[2025-11-21T10:52:41.861+0300] {processor.py:153} INFO - Started process (PID=30609) to work on /home/pker/airflow_env/lib/python3.7/site-packages/airflow/example_dags/tutorial_dag.py
[2025-11-21T10:52:41.865+0300] {processor.py:743} INFO - Processing file /home/pker/airflow_env/lib/python3.7/site-packages/airflow/example_dags/tutorial_dag.py for tasks to queue
[2025-11-21T10:52:41.866+0300] {logging_mixin.py:137} INFO - [2025-11-21T10:52:41.866+0300] {dagbag.py:532} INFO - Filling up the DagBag from /home/pker/airflow_env/lib/python3.7/site-packages/airflow/example_dags/tutorial_dag.py
[2025-11-21T10:52:41.886+0300] {processor.py:753} INFO - DAG(s) dict_keys(['tutorial_dag']) retrieved from /home/pker/airflow_env/lib/python3.7/site-packages/airflow/example_dags/tutorial_dag.py
[2025-11-21T10:52:41.915+0300] {logging_mixin.py:137} INFO - [2025-11-21T10:52:41.915+0300] {dag.py:2705} INFO - Sync 1 DAGs
[2025-11-21T10:52:41.951+0300] {logging_mixin.py:137} INFO - [2025-11-21T10:52:41.950+0300] {dag.py:3456} INFO - Setting next_dagrun for tutorial_dag to None, run_after=None
[2025-11-21T10:52:41.982+0300] {processor.py:175} INFO - Processing /home/pker/airflow_env/lib/python3.7/site-packages/airflow/example_dags/tutorial_dag.py took 0.126 seconds
[2025-11-21T10:53:31.003+0300] {processor.py:153} INFO - Started process (PID=30654) to work on /home/pker/airflow_env/lib/python3.7/site-packages/airflow/example_dags/tutorial_dag.py
[2025-11-21T10:53:31.025+0300] {processor.py:743} INFO - Processing file /home/pker/airflow_env/lib/python3.7/site-packages/airflow/example_dags/tutorial_dag.py for tasks to queue
[2025-11-21T10:53:31.029+0300] {logging_mixin.py:137} INFO - [2025-11-21T10:53:31.028+0300] {dagbag.py:532} INFO - Filling up the DagBag from /home/pker/airflow_env/lib/python3.7/site-packages/airflow/example_dags/tutorial_dag.py
[2025-11-21T10:53:31.076+0300] {processor.py:753} INFO - DAG(s) dict_keys(['tutorial_dag']) retrieved from /home/pker/airflow_env/lib/python3.7/site-packages/airflow/example_dags/tutorial_dag.py
[2025-11-21T10:53:31.145+0300] {logging_mixin.py:137} INFO - [2025-11-21T10:53:31.145+0300] {dag.py:2705} INFO - Sync 1 DAGs
[2025-11-21T10:53:31.181+0300] {logging_mixin.py:137} INFO - [2025-11-21T10:53:31.181+0300] {dag.py:3456} INFO - Setting next_dagrun for tutorial_dag to None, run_after=None
[2025-11-21T10:53:31.239+0300] {processor.py:175} INFO - Processing /home/pker/airflow_env/lib/python3.7/site-packages/airflow/example_dags/tutorial_dag.py took 0.244 seconds
[2025-11-21T10:54:18.788+0300] {processor.py:153} INFO - Started process (PID=30698) to work on /home/pker/airflow_env/lib/python3.7/site-packages/airflow/example_dags/tutorial_dag.py
[2025-11-21T10:54:18.812+0300] {processor.py:743} INFO - Processing file /home/pker/airflow_env/lib/python3.7/site-packages/airflow/example_dags/tutorial_dag.py for tasks to queue
[2025-11-21T10:54:18.814+0300] {logging_mixin.py:137} INFO - [2025-11-21T10:54:18.814+0300] {dagbag.py:532} INFO - Filling up the DagBag from /home/pker/airflow_env/lib/python3.7/site-packages/airflow/example_dags/tutorial_dag.py
[2025-11-21T10:54:18.842+0300] {processor.py:753} INFO - DAG(s) dict_keys(['tutorial_dag']) retrieved from /home/pker/airflow_env/lib/python3.7/site-packages/airflow/example_dags/tutorial_dag.py
[2025-11-21T10:54:18.874+0300] {logging_mixin.py:137} INFO - [2025-11-21T10:54:18.874+0300] {dag.py:2705} INFO - Sync 1 DAGs
[2025-11-21T10:54:18.900+0300] {logging_mixin.py:137} INFO - [2025-11-21T10:54:18.900+0300] {dag.py:3456} INFO - Setting next_dagrun for tutorial_dag to None, run_after=None
[2025-11-21T10:54:18.929+0300] {processor.py:175} INFO - Processing /home/pker/airflow_env/lib/python3.7/site-packages/airflow/example_dags/tutorial_dag.py took 0.147 seconds
[2025-11-21T10:55:06.838+0300] {processor.py:153} INFO - Started process (PID=30747) to work on /home/pker/airflow_env/lib/python3.7/site-packages/airflow/example_dags/tutorial_dag.py
[2025-11-21T10:55:06.861+0300] {processor.py:743} INFO - Processing file /home/pker/airflow_env/lib/python3.7/site-packages/airflow/example_dags/tutorial_dag.py for tasks to queue
[2025-11-21T10:55:06.863+0300] {logging_mixin.py:137} INFO - [2025-11-21T10:55:06.862+0300] {dagbag.py:532} INFO - Filling up the DagBag from /home/pker/airflow_env/lib/python3.7/site-packages/airflow/example_dags/tutorial_dag.py
[2025-11-21T10:55:06.889+0300] {processor.py:753} INFO - DAG(s) dict_keys(['tutorial_dag']) retrieved from /home/pker/airflow_env/lib/python3.7/site-packages/airflow/example_dags/tutorial_dag.py
[2025-11-21T10:55:06.936+0300] {logging_mixin.py:137} INFO - [2025-11-21T10:55:06.936+0300] {dag.py:2705} INFO - Sync 1 DAGs
[2025-11-21T10:55:06.976+0300] {logging_mixin.py:137} INFO - [2025-11-21T10:55:06.976+0300] {dag.py:3456} INFO - Setting next_dagrun for tutorial_dag to None, run_after=None
[2025-11-21T10:55:07.049+0300] {processor.py:175} INFO - Processing /home/pker/airflow_env/lib/python3.7/site-packages/airflow/example_dags/tutorial_dag.py took 0.220 seconds
[2025-11-21T10:55:55.330+0300] {processor.py:153} INFO - Started process (PID=30794) to work on /home/pker/airflow_env/lib/python3.7/site-packages/airflow/example_dags/tutorial_dag.py
[2025-11-21T10:55:55.353+0300] {processor.py:743} INFO - Processing file /home/pker/airflow_env/lib/python3.7/site-packages/airflow/example_dags/tutorial_dag.py for tasks to queue
[2025-11-21T10:55:55.355+0300] {logging_mixin.py:137} INFO - [2025-11-21T10:55:55.355+0300] {dagbag.py:532} INFO - Filling up the DagBag from /home/pker/airflow_env/lib/python3.7/site-packages/airflow/example_dags/tutorial_dag.py
[2025-11-21T10:55:55.408+0300] {processor.py:753} INFO - DAG(s) dict_keys(['tutorial_dag']) retrieved from /home/pker/airflow_env/lib/python3.7/site-packages/airflow/example_dags/tutorial_dag.py
[2025-11-21T10:55:55.445+0300] {logging_mixin.py:137} INFO - [2025-11-21T10:55:55.445+0300] {dag.py:2705} INFO - Sync 1 DAGs
[2025-11-21T10:55:55.477+0300] {logging_mixin.py:137} INFO - [2025-11-21T10:55:55.476+0300] {dag.py:3456} INFO - Setting next_dagrun for tutorial_dag to None, run_after=None
[2025-11-21T10:55:55.545+0300] {processor.py:175} INFO - Processing /home/pker/airflow_env/lib/python3.7/site-packages/airflow/example_dags/tutorial_dag.py took 0.224 seconds
[2025-11-21T10:56:43.876+0300] {processor.py:153} INFO - Started process (PID=30836) to work on /home/pker/airflow_env/lib/python3.7/site-packages/airflow/example_dags/tutorial_dag.py
[2025-11-21T10:56:43.899+0300] {processor.py:743} INFO - Processing file /home/pker/airflow_env/lib/python3.7/site-packages/airflow/example_dags/tutorial_dag.py for tasks to queue
[2025-11-21T10:56:43.900+0300] {logging_mixin.py:137} INFO - [2025-11-21T10:56:43.900+0300] {dagbag.py:532} INFO - Filling up the DagBag from /home/pker/airflow_env/lib/python3.7/site-packages/airflow/example_dags/tutorial_dag.py
[2025-11-21T10:56:43.932+0300] {processor.py:753} INFO - DAG(s) dict_keys(['tutorial_dag']) retrieved from /home/pker/airflow_env/lib/python3.7/site-packages/airflow/example_dags/tutorial_dag.py
[2025-11-21T10:56:43.971+0300] {logging_mixin.py:137} INFO - [2025-11-21T10:56:43.971+0300] {dag.py:2705} INFO - Sync 1 DAGs
[2025-11-21T10:56:43.998+0300] {logging_mixin.py:137} INFO - [2025-11-21T10:56:43.998+0300] {dag.py:3456} INFO - Setting next_dagrun for tutorial_dag to None, run_after=None
[2025-11-21T10:56:44.031+0300] {processor.py:175} INFO - Processing /home/pker/airflow_env/lib/python3.7/site-packages/airflow/example_dags/tutorial_dag.py took 0.161 seconds
[2025-11-21T10:57:31.279+0300] {processor.py:153} INFO - Started process (PID=30880) to work on /home/pker/airflow_env/lib/python3.7/site-packages/airflow/example_dags/tutorial_dag.py
[2025-11-21T10:57:31.291+0300] {processor.py:743} INFO - Processing file /home/pker/airflow_env/lib/python3.7/site-packages/airflow/example_dags/tutorial_dag.py for tasks to queue
[2025-11-21T10:57:31.293+0300] {logging_mixin.py:137} INFO - [2025-11-21T10:57:31.293+0300] {dagbag.py:532} INFO - Filling up the DagBag from /home/pker/airflow_env/lib/python3.7/site-packages/airflow/example_dags/tutorial_dag.py
[2025-11-21T10:57:31.317+0300] {processor.py:753} INFO - DAG(s) dict_keys(['tutorial_dag']) retrieved from /home/pker/airflow_env/lib/python3.7/site-packages/airflow/example_dags/tutorial_dag.py
[2025-11-21T10:57:31.349+0300] {logging_mixin.py:137} INFO - [2025-11-21T10:57:31.349+0300] {dag.py:2705} INFO - Sync 1 DAGs
[2025-11-21T10:57:31.382+0300] {logging_mixin.py:137} INFO - [2025-11-21T10:57:31.382+0300] {dag.py:3456} INFO - Setting next_dagrun for tutorial_dag to None, run_after=None
[2025-11-21T10:57:31.428+0300] {processor.py:175} INFO - Processing /home/pker/airflow_env/lib/python3.7/site-packages/airflow/example_dags/tutorial_dag.py took 0.155 seconds
[2025-11-21T10:58:19.236+0300] {processor.py:153} INFO - Started process (PID=30924) to work on /home/pker/airflow_env/lib/python3.7/site-packages/airflow/example_dags/tutorial_dag.py
[2025-11-21T10:58:19.239+0300] {processor.py:743} INFO - Processing file /home/pker/airflow_env/lib/python3.7/site-packages/airflow/example_dags/tutorial_dag.py for tasks to queue
[2025-11-21T10:58:19.241+0300] {logging_mixin.py:137} INFO - [2025-11-21T10:58:19.241+0300] {dagbag.py:532} INFO - Filling up the DagBag from /home/pker/airflow_env/lib/python3.7/site-packages/airflow/example_dags/tutorial_dag.py
[2025-11-21T10:58:19.282+0300] {processor.py:753} INFO - DAG(s) dict_keys(['tutorial_dag']) retrieved from /home/pker/airflow_env/lib/python3.7/site-packages/airflow/example_dags/tutorial_dag.py
[2025-11-21T10:58:19.326+0300] {logging_mixin.py:137} INFO - [2025-11-21T10:58:19.325+0300] {dag.py:2705} INFO - Sync 1 DAGs
[2025-11-21T10:58:19.374+0300] {logging_mixin.py:137} INFO - [2025-11-21T10:58:19.374+0300] {dag.py:3456} INFO - Setting next_dagrun for tutorial_dag to None, run_after=None
[2025-11-21T10:58:19.420+0300] {processor.py:175} INFO - Processing /home/pker/airflow_env/lib/python3.7/site-packages/airflow/example_dags/tutorial_dag.py took 0.191 seconds
[2025-11-21T10:59:09.489+0300] {processor.py:153} INFO - Started process (PID=30988) to work on /home/pker/airflow_env/lib/python3.7/site-packages/airflow/example_dags/tutorial_dag.py
[2025-11-21T10:59:09.491+0300] {processor.py:743} INFO - Processing file /home/pker/airflow_env/lib/python3.7/site-packages/airflow/example_dags/tutorial_dag.py for tasks to queue
[2025-11-21T10:59:09.493+0300] {logging_mixin.py:137} INFO - [2025-11-21T10:59:09.493+0300] {dagbag.py:532} INFO - Filling up the DagBag from /home/pker/airflow_env/lib/python3.7/site-packages/airflow/example_dags/tutorial_dag.py
[2025-11-21T10:59:09.523+0300] {processor.py:753} INFO - DAG(s) dict_keys(['tutorial_dag']) retrieved from /home/pker/airflow_env/lib/python3.7/site-packages/airflow/example_dags/tutorial_dag.py
[2025-11-21T10:59:09.559+0300] {logging_mixin.py:137} INFO - [2025-11-21T10:59:09.559+0300] {dag.py:2705} INFO - Sync 1 DAGs
[2025-11-21T10:59:09.605+0300] {logging_mixin.py:137} INFO - [2025-11-21T10:59:09.605+0300] {dag.py:3456} INFO - Setting next_dagrun for tutorial_dag to None, run_after=None
[2025-11-21T10:59:09.648+0300] {processor.py:175} INFO - Processing /home/pker/airflow_env/lib/python3.7/site-packages/airflow/example_dags/tutorial_dag.py took 0.166 seconds
[2025-11-21T10:59:57.337+0300] {processor.py:153} INFO - Started process (PID=31033) to work on /home/pker/airflow_env/lib/python3.7/site-packages/airflow/example_dags/tutorial_dag.py
[2025-11-21T10:59:57.360+0300] {processor.py:743} INFO - Processing file /home/pker/airflow_env/lib/python3.7/site-packages/airflow/example_dags/tutorial_dag.py for tasks to queue
[2025-11-21T10:59:57.363+0300] {logging_mixin.py:137} INFO - [2025-11-21T10:59:57.363+0300] {dagbag.py:532} INFO - Filling up the DagBag from /home/pker/airflow_env/lib/python3.7/site-packages/airflow/example_dags/tutorial_dag.py
[2025-11-21T10:59:57.387+0300] {processor.py:753} INFO - DAG(s) dict_keys(['tutorial_dag']) retrieved from /home/pker/airflow_env/lib/python3.7/site-packages/airflow/example_dags/tutorial_dag.py
[2025-11-21T10:59:57.429+0300] {logging_mixin.py:137} INFO - [2025-11-21T10:59:57.429+0300] {dag.py:2705} INFO - Sync 1 DAGs
[2025-11-21T10:59:57.477+0300] {logging_mixin.py:137} INFO - [2025-11-21T10:59:57.477+0300] {dag.py:3456} INFO - Setting next_dagrun for tutorial_dag to None, run_after=None
[2025-11-21T10:59:57.546+0300] {processor.py:175} INFO - Processing /home/pker/airflow_env/lib/python3.7/site-packages/airflow/example_dags/tutorial_dag.py took 0.215 seconds
[2025-11-21T11:00:48.862+0300] {processor.py:153} INFO - Started process (PID=31093) to work on /home/pker/airflow_env/lib/python3.7/site-packages/airflow/example_dags/tutorial_dag.py
[2025-11-21T11:00:48.865+0300] {processor.py:743} INFO - Processing file /home/pker/airflow_env/lib/python3.7/site-packages/airflow/example_dags/tutorial_dag.py for tasks to queue
[2025-11-21T11:00:48.867+0300] {logging_mixin.py:137} INFO - [2025-11-21T11:00:48.866+0300] {dagbag.py:532} INFO - Filling up the DagBag from /home/pker/airflow_env/lib/python3.7/site-packages/airflow/example_dags/tutorial_dag.py
[2025-11-21T11:00:48.894+0300] {processor.py:753} INFO - DAG(s) dict_keys(['tutorial_dag']) retrieved from /home/pker/airflow_env/lib/python3.7/site-packages/airflow/example_dags/tutorial_dag.py
[2025-11-21T11:00:48.926+0300] {logging_mixin.py:137} INFO - [2025-11-21T11:00:48.926+0300] {dag.py:2705} INFO - Sync 1 DAGs
[2025-11-21T11:00:48.957+0300] {logging_mixin.py:137} INFO - [2025-11-21T11:00:48.957+0300] {dag.py:3456} INFO - Setting next_dagrun for tutorial_dag to None, run_after=None
[2025-11-21T11:00:48.997+0300] {processor.py:175} INFO - Processing /home/pker/airflow_env/lib/python3.7/site-packages/airflow/example_dags/tutorial_dag.py took 0.146 seconds
[2025-11-21T11:01:37.354+0300] {processor.py:153} INFO - Started process (PID=31135) to work on /home/pker/airflow_env/lib/python3.7/site-packages/airflow/example_dags/tutorial_dag.py
[2025-11-21T11:01:37.379+0300] {processor.py:743} INFO - Processing file /home/pker/airflow_env/lib/python3.7/site-packages/airflow/example_dags/tutorial_dag.py for tasks to queue
[2025-11-21T11:01:37.381+0300] {logging_mixin.py:137} INFO - [2025-11-21T11:01:37.381+0300] {dagbag.py:532} INFO - Filling up the DagBag from /home/pker/airflow_env/lib/python3.7/site-packages/airflow/example_dags/tutorial_dag.py
[2025-11-21T11:01:37.412+0300] {processor.py:753} INFO - DAG(s) dict_keys(['tutorial_dag']) retrieved from /home/pker/airflow_env/lib/python3.7/site-packages/airflow/example_dags/tutorial_dag.py
[2025-11-21T11:01:37.460+0300] {logging_mixin.py:137} INFO - [2025-11-21T11:01:37.459+0300] {dag.py:2705} INFO - Sync 1 DAGs
[2025-11-21T11:01:37.511+0300] {logging_mixin.py:137} INFO - [2025-11-21T11:01:37.511+0300] {dag.py:3456} INFO - Setting next_dagrun for tutorial_dag to None, run_after=None
[2025-11-21T11:01:37.574+0300] {processor.py:175} INFO - Processing /home/pker/airflow_env/lib/python3.7/site-packages/airflow/example_dags/tutorial_dag.py took 0.228 seconds
[2025-11-21T11:02:25.671+0300] {processor.py:153} INFO - Started process (PID=31181) to work on /home/pker/airflow_env/lib/python3.7/site-packages/airflow/example_dags/tutorial_dag.py
[2025-11-21T11:02:25.696+0300] {processor.py:743} INFO - Processing file /home/pker/airflow_env/lib/python3.7/site-packages/airflow/example_dags/tutorial_dag.py for tasks to queue
[2025-11-21T11:02:25.699+0300] {logging_mixin.py:137} INFO - [2025-11-21T11:02:25.698+0300] {dagbag.py:532} INFO - Filling up the DagBag from /home/pker/airflow_env/lib/python3.7/site-packages/airflow/example_dags/tutorial_dag.py
[2025-11-21T11:02:25.738+0300] {processor.py:753} INFO - DAG(s) dict_keys(['tutorial_dag']) retrieved from /home/pker/airflow_env/lib/python3.7/site-packages/airflow/example_dags/tutorial_dag.py
[2025-11-21T11:02:25.793+0300] {logging_mixin.py:137} INFO - [2025-11-21T11:02:25.793+0300] {dag.py:2705} INFO - Sync 1 DAGs
[2025-11-21T11:02:25.845+0300] {logging_mixin.py:137} INFO - [2025-11-21T11:02:25.844+0300] {dag.py:3456} INFO - Setting next_dagrun for tutorial_dag to None, run_after=None
[2025-11-21T11:02:25.922+0300] {processor.py:175} INFO - Processing /home/pker/airflow_env/lib/python3.7/site-packages/airflow/example_dags/tutorial_dag.py took 0.261 seconds
[2025-11-21T11:03:10.177+0300] {processor.py:153} INFO - Started process (PID=31228) to work on /home/pker/airflow_env/lib/python3.7/site-packages/airflow/example_dags/tutorial_dag.py
[2025-11-21T11:03:10.200+0300] {processor.py:743} INFO - Processing file /home/pker/airflow_env/lib/python3.7/site-packages/airflow/example_dags/tutorial_dag.py for tasks to queue
[2025-11-21T11:03:10.206+0300] {logging_mixin.py:137} INFO - [2025-11-21T11:03:10.205+0300] {dagbag.py:532} INFO - Filling up the DagBag from /home/pker/airflow_env/lib/python3.7/site-packages/airflow/example_dags/tutorial_dag.py
[2025-11-21T11:03:10.235+0300] {processor.py:753} INFO - DAG(s) dict_keys(['tutorial_dag']) retrieved from /home/pker/airflow_env/lib/python3.7/site-packages/airflow/example_dags/tutorial_dag.py
[2025-11-21T11:03:10.286+0300] {logging_mixin.py:137} INFO - [2025-11-21T11:03:10.285+0300] {dag.py:2705} INFO - Sync 1 DAGs
[2025-11-21T11:03:10.321+0300] {logging_mixin.py:137} INFO - [2025-11-21T11:03:10.321+0300] {dag.py:3456} INFO - Setting next_dagrun for tutorial_dag to None, run_after=None
[2025-11-21T11:03:10.356+0300] {processor.py:175} INFO - Processing /home/pker/airflow_env/lib/python3.7/site-packages/airflow/example_dags/tutorial_dag.py took 0.187 seconds
[2025-11-21T11:03:58.601+0300] {processor.py:153} INFO - Started process (PID=31273) to work on /home/pker/airflow_env/lib/python3.7/site-packages/airflow/example_dags/tutorial_dag.py
[2025-11-21T11:03:58.623+0300] {processor.py:743} INFO - Processing file /home/pker/airflow_env/lib/python3.7/site-packages/airflow/example_dags/tutorial_dag.py for tasks to queue
[2025-11-21T11:03:58.625+0300] {logging_mixin.py:137} INFO - [2025-11-21T11:03:58.625+0300] {dagbag.py:532} INFO - Filling up the DagBag from /home/pker/airflow_env/lib/python3.7/site-packages/airflow/example_dags/tutorial_dag.py
[2025-11-21T11:03:58.652+0300] {processor.py:753} INFO - DAG(s) dict_keys(['tutorial_dag']) retrieved from /home/pker/airflow_env/lib/python3.7/site-packages/airflow/example_dags/tutorial_dag.py
[2025-11-21T11:03:58.694+0300] {logging_mixin.py:137} INFO - [2025-11-21T11:03:58.694+0300] {dag.py:2705} INFO - Sync 1 DAGs
[2025-11-21T11:03:58.739+0300] {logging_mixin.py:137} INFO - [2025-11-21T11:03:58.738+0300] {dag.py:3456} INFO - Setting next_dagrun for tutorial_dag to None, run_after=None
[2025-11-21T11:03:58.805+0300] {processor.py:175} INFO - Processing /home/pker/airflow_env/lib/python3.7/site-packages/airflow/example_dags/tutorial_dag.py took 0.209 seconds
[2025-11-21T11:04:46.638+0300] {processor.py:153} INFO - Started process (PID=31318) to work on /home/pker/airflow_env/lib/python3.7/site-packages/airflow/example_dags/tutorial_dag.py
[2025-11-21T11:04:46.661+0300] {processor.py:743} INFO - Processing file /home/pker/airflow_env/lib/python3.7/site-packages/airflow/example_dags/tutorial_dag.py for tasks to queue
[2025-11-21T11:04:46.663+0300] {logging_mixin.py:137} INFO - [2025-11-21T11:04:46.663+0300] {dagbag.py:532} INFO - Filling up the DagBag from /home/pker/airflow_env/lib/python3.7/site-packages/airflow/example_dags/tutorial_dag.py
[2025-11-21T11:04:46.691+0300] {processor.py:753} INFO - DAG(s) dict_keys(['tutorial_dag']) retrieved from /home/pker/airflow_env/lib/python3.7/site-packages/airflow/example_dags/tutorial_dag.py
[2025-11-21T11:04:46.734+0300] {logging_mixin.py:137} INFO - [2025-11-21T11:04:46.733+0300] {dag.py:2705} INFO - Sync 1 DAGs
[2025-11-21T11:04:46.771+0300] {logging_mixin.py:137} INFO - [2025-11-21T11:04:46.771+0300] {dag.py:3456} INFO - Setting next_dagrun for tutorial_dag to None, run_after=None
[2025-11-21T11:04:46.831+0300] {processor.py:175} INFO - Processing /home/pker/airflow_env/lib/python3.7/site-packages/airflow/example_dags/tutorial_dag.py took 0.202 seconds
[2025-11-21T11:05:37.148+0300] {processor.py:153} INFO - Started process (PID=31364) to work on /home/pker/airflow_env/lib/python3.7/site-packages/airflow/example_dags/tutorial_dag.py
[2025-11-21T11:05:37.171+0300] {processor.py:743} INFO - Processing file /home/pker/airflow_env/lib/python3.7/site-packages/airflow/example_dags/tutorial_dag.py for tasks to queue
[2025-11-21T11:05:37.174+0300] {logging_mixin.py:137} INFO - [2025-11-21T11:05:37.173+0300] {dagbag.py:532} INFO - Filling up the DagBag from /home/pker/airflow_env/lib/python3.7/site-packages/airflow/example_dags/tutorial_dag.py
[2025-11-21T11:05:37.199+0300] {processor.py:753} INFO - DAG(s) dict_keys(['tutorial_dag']) retrieved from /home/pker/airflow_env/lib/python3.7/site-packages/airflow/example_dags/tutorial_dag.py
[2025-11-21T11:05:37.229+0300] {logging_mixin.py:137} INFO - [2025-11-21T11:05:37.229+0300] {dag.py:2705} INFO - Sync 1 DAGs
[2025-11-21T11:05:37.259+0300] {logging_mixin.py:137} INFO - [2025-11-21T11:05:37.259+0300] {dag.py:3456} INFO - Setting next_dagrun for tutorial_dag to None, run_after=None
[2025-11-21T11:05:37.299+0300] {processor.py:175} INFO - Processing /home/pker/airflow_env/lib/python3.7/site-packages/airflow/example_dags/tutorial_dag.py took 0.160 seconds
[2025-11-21T11:06:24.031+0300] {processor.py:153} INFO - Started process (PID=31413) to work on /home/pker/airflow_env/lib/python3.7/site-packages/airflow/example_dags/tutorial_dag.py
[2025-11-21T11:06:24.054+0300] {processor.py:743} INFO - Processing file /home/pker/airflow_env/lib/python3.7/site-packages/airflow/example_dags/tutorial_dag.py for tasks to queue
[2025-11-21T11:06:24.057+0300] {logging_mixin.py:137} INFO - [2025-11-21T11:06:24.056+0300] {dagbag.py:532} INFO - Filling up the DagBag from /home/pker/airflow_env/lib/python3.7/site-packages/airflow/example_dags/tutorial_dag.py
[2025-11-21T11:06:24.090+0300] {processor.py:753} INFO - DAG(s) dict_keys(['tutorial_dag']) retrieved from /home/pker/airflow_env/lib/python3.7/site-packages/airflow/example_dags/tutorial_dag.py
[2025-11-21T11:06:24.138+0300] {logging_mixin.py:137} INFO - [2025-11-21T11:06:24.137+0300] {dag.py:2705} INFO - Sync 1 DAGs
[2025-11-21T11:06:24.181+0300] {logging_mixin.py:137} INFO - [2025-11-21T11:06:24.181+0300] {dag.py:3456} INFO - Setting next_dagrun for tutorial_dag to None, run_after=None
[2025-11-21T11:06:24.241+0300] {processor.py:175} INFO - Processing /home/pker/airflow_env/lib/python3.7/site-packages/airflow/example_dags/tutorial_dag.py took 0.221 seconds
[2025-11-21T11:07:12.510+0300] {processor.py:153} INFO - Started process (PID=31464) to work on /home/pker/airflow_env/lib/python3.7/site-packages/airflow/example_dags/tutorial_dag.py
[2025-11-21T11:07:12.512+0300] {processor.py:743} INFO - Processing file /home/pker/airflow_env/lib/python3.7/site-packages/airflow/example_dags/tutorial_dag.py for tasks to queue
[2025-11-21T11:07:12.514+0300] {logging_mixin.py:137} INFO - [2025-11-21T11:07:12.513+0300] {dagbag.py:532} INFO - Filling up the DagBag from /home/pker/airflow_env/lib/python3.7/site-packages/airflow/example_dags/tutorial_dag.py
[2025-11-21T11:07:12.535+0300] {processor.py:753} INFO - DAG(s) dict_keys(['tutorial_dag']) retrieved from /home/pker/airflow_env/lib/python3.7/site-packages/airflow/example_dags/tutorial_dag.py
[2025-11-21T11:07:12.570+0300] {logging_mixin.py:137} INFO - [2025-11-21T11:07:12.570+0300] {dag.py:2705} INFO - Sync 1 DAGs
[2025-11-21T11:07:12.604+0300] {logging_mixin.py:137} INFO - [2025-11-21T11:07:12.603+0300] {dag.py:3456} INFO - Setting next_dagrun for tutorial_dag to None, run_after=None
[2025-11-21T11:07:12.653+0300] {processor.py:175} INFO - Processing /home/pker/airflow_env/lib/python3.7/site-packages/airflow/example_dags/tutorial_dag.py took 0.146 seconds
[2025-11-21T11:08:00.355+0300] {processor.py:153} INFO - Started process (PID=31533) to work on /home/pker/airflow_env/lib/python3.7/site-packages/airflow/example_dags/tutorial_dag.py
[2025-11-21T11:08:00.379+0300] {processor.py:743} INFO - Processing file /home/pker/airflow_env/lib/python3.7/site-packages/airflow/example_dags/tutorial_dag.py for tasks to queue
[2025-11-21T11:08:00.381+0300] {logging_mixin.py:137} INFO - [2025-11-21T11:08:00.381+0300] {dagbag.py:532} INFO - Filling up the DagBag from /home/pker/airflow_env/lib/python3.7/site-packages/airflow/example_dags/tutorial_dag.py
[2025-11-21T11:08:00.405+0300] {processor.py:753} INFO - DAG(s) dict_keys(['tutorial_dag']) retrieved from /home/pker/airflow_env/lib/python3.7/site-packages/airflow/example_dags/tutorial_dag.py
[2025-11-21T11:08:00.445+0300] {logging_mixin.py:137} INFO - [2025-11-21T11:08:00.444+0300] {dag.py:2705} INFO - Sync 1 DAGs
[2025-11-21T11:08:00.487+0300] {logging_mixin.py:137} INFO - [2025-11-21T11:08:00.486+0300] {dag.py:3456} INFO - Setting next_dagrun for tutorial_dag to None, run_after=None
[2025-11-21T11:08:00.555+0300] {processor.py:175} INFO - Processing /home/pker/airflow_env/lib/python3.7/site-packages/airflow/example_dags/tutorial_dag.py took 0.206 seconds
[2025-11-21T11:08:48.343+0300] {processor.py:153} INFO - Started process (PID=31581) to work on /home/pker/airflow_env/lib/python3.7/site-packages/airflow/example_dags/tutorial_dag.py
[2025-11-21T11:08:48.365+0300] {processor.py:743} INFO - Processing file /home/pker/airflow_env/lib/python3.7/site-packages/airflow/example_dags/tutorial_dag.py for tasks to queue
[2025-11-21T11:08:48.368+0300] {logging_mixin.py:137} INFO - [2025-11-21T11:08:48.367+0300] {dagbag.py:532} INFO - Filling up the DagBag from /home/pker/airflow_env/lib/python3.7/site-packages/airflow/example_dags/tutorial_dag.py
[2025-11-21T11:08:48.395+0300] {processor.py:753} INFO - DAG(s) dict_keys(['tutorial_dag']) retrieved from /home/pker/airflow_env/lib/python3.7/site-packages/airflow/example_dags/tutorial_dag.py
[2025-11-21T11:08:48.427+0300] {logging_mixin.py:137} INFO - [2025-11-21T11:08:48.427+0300] {dag.py:2705} INFO - Sync 1 DAGs
[2025-11-21T11:08:48.460+0300] {logging_mixin.py:137} INFO - [2025-11-21T11:08:48.460+0300] {dag.py:3456} INFO - Setting next_dagrun for tutorial_dag to None, run_after=None
[2025-11-21T11:08:48.498+0300] {processor.py:175} INFO - Processing /home/pker/airflow_env/lib/python3.7/site-packages/airflow/example_dags/tutorial_dag.py took 0.161 seconds
