[2025-11-21T10:44:33.966+0300] {processor.py:153} INFO - Started process (PID=30113) to work on /home/pker/airflow_env/lib/python3.7/site-packages/airflow/example_dags/tutorial_taskflow_api_virtualenv.py
[2025-11-21T10:44:33.968+0300] {processor.py:743} INFO - Processing file /home/pker/airflow_env/lib/python3.7/site-packages/airflow/example_dags/tutorial_taskflow_api_virtualenv.py for tasks to queue
[2025-11-21T10:44:33.969+0300] {logging_mixin.py:137} INFO - [2025-11-21T10:44:33.969+0300] {dagbag.py:532} INFO - Filling up the DagBag from /home/pker/airflow_env/lib/python3.7/site-packages/airflow/example_dags/tutorial_taskflow_api_virtualenv.py
[2025-11-21T10:44:34.006+0300] {processor.py:753} INFO - DAG(s) dict_keys(['tutorial_taskflow_api_virtualenv']) retrieved from /home/pker/airflow_env/lib/python3.7/site-packages/airflow/example_dags/tutorial_taskflow_api_virtualenv.py
[2025-11-21T10:44:34.179+0300] {logging_mixin.py:137} INFO - [2025-11-21T10:44:34.179+0300] {manager.py:504} INFO - Created Permission View: can delete on DAG:tutorial_taskflow_api_virtualenv
[2025-11-21T10:44:34.193+0300] {logging_mixin.py:137} INFO - [2025-11-21T10:44:34.193+0300] {manager.py:504} INFO - Created Permission View: can read on DAG:tutorial_taskflow_api_virtualenv
[2025-11-21T10:44:34.204+0300] {logging_mixin.py:137} INFO - [2025-11-21T10:44:34.204+0300] {manager.py:504} INFO - Created Permission View: can edit on DAG:tutorial_taskflow_api_virtualenv
[2025-11-21T10:44:34.205+0300] {logging_mixin.py:137} INFO - [2025-11-21T10:44:34.204+0300] {dag.py:2705} INFO - Sync 1 DAGs
[2025-11-21T10:44:34.221+0300] {logging_mixin.py:137} INFO - [2025-11-21T10:44:34.221+0300] {dag.py:2726} INFO - Creating ORM DAG for tutorial_taskflow_api_virtualenv
[2025-11-21T10:44:34.233+0300] {logging_mixin.py:137} INFO - [2025-11-21T10:44:34.233+0300] {dag.py:3456} INFO - Setting next_dagrun for tutorial_taskflow_api_virtualenv to None, run_after=None
[2025-11-21T10:44:34.267+0300] {processor.py:175} INFO - Processing /home/pker/airflow_env/lib/python3.7/site-packages/airflow/example_dags/tutorial_taskflow_api_virtualenv.py took 0.307 seconds
[2025-11-21T10:45:21.577+0300] {processor.py:153} INFO - Started process (PID=30179) to work on /home/pker/airflow_env/lib/python3.7/site-packages/airflow/example_dags/tutorial_taskflow_api_virtualenv.py
[2025-11-21T10:45:21.600+0300] {processor.py:743} INFO - Processing file /home/pker/airflow_env/lib/python3.7/site-packages/airflow/example_dags/tutorial_taskflow_api_virtualenv.py for tasks to queue
[2025-11-21T10:45:21.605+0300] {logging_mixin.py:137} INFO - [2025-11-21T10:45:21.602+0300] {dagbag.py:532} INFO - Filling up the DagBag from /home/pker/airflow_env/lib/python3.7/site-packages/airflow/example_dags/tutorial_taskflow_api_virtualenv.py
[2025-11-21T10:45:21.647+0300] {processor.py:753} INFO - DAG(s) dict_keys(['tutorial_taskflow_api_virtualenv']) retrieved from /home/pker/airflow_env/lib/python3.7/site-packages/airflow/example_dags/tutorial_taskflow_api_virtualenv.py
[2025-11-21T10:45:21.684+0300] {logging_mixin.py:137} INFO - [2025-11-21T10:45:21.684+0300] {dag.py:2705} INFO - Sync 1 DAGs
[2025-11-21T10:45:21.745+0300] {logging_mixin.py:137} INFO - [2025-11-21T10:45:21.744+0300] {dag.py:3456} INFO - Setting next_dagrun for tutorial_taskflow_api_virtualenv to None, run_after=None
[2025-11-21T10:45:21.810+0300] {processor.py:175} INFO - Processing /home/pker/airflow_env/lib/python3.7/site-packages/airflow/example_dags/tutorial_taskflow_api_virtualenv.py took 0.238 seconds
[2025-11-21T10:46:12.503+0300] {processor.py:153} INFO - Started process (PID=30225) to work on /home/pker/airflow_env/lib/python3.7/site-packages/airflow/example_dags/tutorial_taskflow_api_virtualenv.py
[2025-11-21T10:46:12.506+0300] {processor.py:743} INFO - Processing file /home/pker/airflow_env/lib/python3.7/site-packages/airflow/example_dags/tutorial_taskflow_api_virtualenv.py for tasks to queue
[2025-11-21T10:46:12.508+0300] {logging_mixin.py:137} INFO - [2025-11-21T10:46:12.507+0300] {dagbag.py:532} INFO - Filling up the DagBag from /home/pker/airflow_env/lib/python3.7/site-packages/airflow/example_dags/tutorial_taskflow_api_virtualenv.py
[2025-11-21T10:46:12.545+0300] {processor.py:753} INFO - DAG(s) dict_keys(['tutorial_taskflow_api_virtualenv']) retrieved from /home/pker/airflow_env/lib/python3.7/site-packages/airflow/example_dags/tutorial_taskflow_api_virtualenv.py
[2025-11-21T10:46:12.575+0300] {logging_mixin.py:137} INFO - [2025-11-21T10:46:12.575+0300] {dag.py:2705} INFO - Sync 1 DAGs
[2025-11-21T10:46:12.610+0300] {logging_mixin.py:137} INFO - [2025-11-21T10:46:12.610+0300] {dag.py:3456} INFO - Setting next_dagrun for tutorial_taskflow_api_virtualenv to None, run_after=None
[2025-11-21T10:46:12.649+0300] {processor.py:175} INFO - Processing /home/pker/airflow_env/lib/python3.7/site-packages/airflow/example_dags/tutorial_taskflow_api_virtualenv.py took 0.152 seconds
[2025-11-21T10:46:58.932+0300] {processor.py:153} INFO - Started process (PID=30273) to work on /home/pker/airflow_env/lib/python3.7/site-packages/airflow/example_dags/tutorial_taskflow_api_virtualenv.py
[2025-11-21T10:46:58.934+0300] {processor.py:743} INFO - Processing file /home/pker/airflow_env/lib/python3.7/site-packages/airflow/example_dags/tutorial_taskflow_api_virtualenv.py for tasks to queue
[2025-11-21T10:46:58.935+0300] {logging_mixin.py:137} INFO - [2025-11-21T10:46:58.935+0300] {dagbag.py:532} INFO - Filling up the DagBag from /home/pker/airflow_env/lib/python3.7/site-packages/airflow/example_dags/tutorial_taskflow_api_virtualenv.py
[2025-11-21T10:46:58.968+0300] {processor.py:753} INFO - DAG(s) dict_keys(['tutorial_taskflow_api_virtualenv']) retrieved from /home/pker/airflow_env/lib/python3.7/site-packages/airflow/example_dags/tutorial_taskflow_api_virtualenv.py
[2025-11-21T10:46:58.995+0300] {logging_mixin.py:137} INFO - [2025-11-21T10:46:58.995+0300] {dag.py:2705} INFO - Sync 1 DAGs
[2025-11-21T10:46:59.029+0300] {logging_mixin.py:137} INFO - [2025-11-21T10:46:59.029+0300] {dag.py:3456} INFO - Setting next_dagrun for tutorial_taskflow_api_virtualenv to None, run_after=None
[2025-11-21T10:46:59.058+0300] {processor.py:175} INFO - Processing /home/pker/airflow_env/lib/python3.7/site-packages/airflow/example_dags/tutorial_taskflow_api_virtualenv.py took 0.131 seconds
[2025-11-21T10:47:47.436+0300] {processor.py:153} INFO - Started process (PID=30317) to work on /home/pker/airflow_env/lib/python3.7/site-packages/airflow/example_dags/tutorial_taskflow_api_virtualenv.py
[2025-11-21T10:47:47.461+0300] {processor.py:743} INFO - Processing file /home/pker/airflow_env/lib/python3.7/site-packages/airflow/example_dags/tutorial_taskflow_api_virtualenv.py for tasks to queue
[2025-11-21T10:47:47.463+0300] {logging_mixin.py:137} INFO - [2025-11-21T10:47:47.463+0300] {dagbag.py:532} INFO - Filling up the DagBag from /home/pker/airflow_env/lib/python3.7/site-packages/airflow/example_dags/tutorial_taskflow_api_virtualenv.py
[2025-11-21T10:47:47.506+0300] {processor.py:753} INFO - DAG(s) dict_keys(['tutorial_taskflow_api_virtualenv']) retrieved from /home/pker/airflow_env/lib/python3.7/site-packages/airflow/example_dags/tutorial_taskflow_api_virtualenv.py
[2025-11-21T10:47:47.534+0300] {logging_mixin.py:137} INFO - [2025-11-21T10:47:47.534+0300] {dag.py:2705} INFO - Sync 1 DAGs
[2025-11-21T10:47:47.563+0300] {logging_mixin.py:137} INFO - [2025-11-21T10:47:47.562+0300] {dag.py:3456} INFO - Setting next_dagrun for tutorial_taskflow_api_virtualenv to None, run_after=None
[2025-11-21T10:47:47.620+0300] {processor.py:175} INFO - Processing /home/pker/airflow_env/lib/python3.7/site-packages/airflow/example_dags/tutorial_taskflow_api_virtualenv.py took 0.190 seconds
[2025-11-21T10:48:34.127+0300] {processor.py:153} INFO - Started process (PID=30359) to work on /home/pker/airflow_env/lib/python3.7/site-packages/airflow/example_dags/tutorial_taskflow_api_virtualenv.py
[2025-11-21T10:48:34.149+0300] {processor.py:743} INFO - Processing file /home/pker/airflow_env/lib/python3.7/site-packages/airflow/example_dags/tutorial_taskflow_api_virtualenv.py for tasks to queue
[2025-11-21T10:48:34.151+0300] {logging_mixin.py:137} INFO - [2025-11-21T10:48:34.150+0300] {dagbag.py:532} INFO - Filling up the DagBag from /home/pker/airflow_env/lib/python3.7/site-packages/airflow/example_dags/tutorial_taskflow_api_virtualenv.py
[2025-11-21T10:48:34.202+0300] {processor.py:753} INFO - DAG(s) dict_keys(['tutorial_taskflow_api_virtualenv']) retrieved from /home/pker/airflow_env/lib/python3.7/site-packages/airflow/example_dags/tutorial_taskflow_api_virtualenv.py
[2025-11-21T10:48:34.244+0300] {logging_mixin.py:137} INFO - [2025-11-21T10:48:34.244+0300] {dag.py:2705} INFO - Sync 1 DAGs
[2025-11-21T10:48:34.287+0300] {logging_mixin.py:137} INFO - [2025-11-21T10:48:34.287+0300] {dag.py:3456} INFO - Setting next_dagrun for tutorial_taskflow_api_virtualenv to None, run_after=None
[2025-11-21T10:48:34.343+0300] {processor.py:175} INFO - Processing /home/pker/airflow_env/lib/python3.7/site-packages/airflow/example_dags/tutorial_taskflow_api_virtualenv.py took 0.229 seconds
[2025-11-21T10:49:20.998+0300] {processor.py:153} INFO - Started process (PID=30416) to work on /home/pker/airflow_env/lib/python3.7/site-packages/airflow/example_dags/tutorial_taskflow_api_virtualenv.py
[2025-11-21T10:49:21.020+0300] {processor.py:743} INFO - Processing file /home/pker/airflow_env/lib/python3.7/site-packages/airflow/example_dags/tutorial_taskflow_api_virtualenv.py for tasks to queue
[2025-11-21T10:49:21.023+0300] {logging_mixin.py:137} INFO - [2025-11-21T10:49:21.022+0300] {dagbag.py:532} INFO - Filling up the DagBag from /home/pker/airflow_env/lib/python3.7/site-packages/airflow/example_dags/tutorial_taskflow_api_virtualenv.py
[2025-11-21T10:49:21.068+0300] {processor.py:753} INFO - DAG(s) dict_keys(['tutorial_taskflow_api_virtualenv']) retrieved from /home/pker/airflow_env/lib/python3.7/site-packages/airflow/example_dags/tutorial_taskflow_api_virtualenv.py
[2025-11-21T10:49:21.105+0300] {logging_mixin.py:137} INFO - [2025-11-21T10:49:21.104+0300] {dag.py:2705} INFO - Sync 1 DAGs
[2025-11-21T10:49:21.148+0300] {logging_mixin.py:137} INFO - [2025-11-21T10:49:21.148+0300] {dag.py:3456} INFO - Setting next_dagrun for tutorial_taskflow_api_virtualenv to None, run_after=None
[2025-11-21T10:49:21.185+0300] {processor.py:175} INFO - Processing /home/pker/airflow_env/lib/python3.7/site-packages/airflow/example_dags/tutorial_taskflow_api_virtualenv.py took 0.193 seconds
[2025-11-21T10:50:08.258+0300] {processor.py:153} INFO - Started process (PID=30461) to work on /home/pker/airflow_env/lib/python3.7/site-packages/airflow/example_dags/tutorial_taskflow_api_virtualenv.py
[2025-11-21T10:50:08.261+0300] {processor.py:743} INFO - Processing file /home/pker/airflow_env/lib/python3.7/site-packages/airflow/example_dags/tutorial_taskflow_api_virtualenv.py for tasks to queue
[2025-11-21T10:50:08.262+0300] {logging_mixin.py:137} INFO - [2025-11-21T10:50:08.262+0300] {dagbag.py:532} INFO - Filling up the DagBag from /home/pker/airflow_env/lib/python3.7/site-packages/airflow/example_dags/tutorial_taskflow_api_virtualenv.py
[2025-11-21T10:50:08.301+0300] {processor.py:753} INFO - DAG(s) dict_keys(['tutorial_taskflow_api_virtualenv']) retrieved from /home/pker/airflow_env/lib/python3.7/site-packages/airflow/example_dags/tutorial_taskflow_api_virtualenv.py
[2025-11-21T10:50:08.332+0300] {logging_mixin.py:137} INFO - [2025-11-21T10:50:08.332+0300] {dag.py:2705} INFO - Sync 1 DAGs
[2025-11-21T10:50:08.362+0300] {logging_mixin.py:137} INFO - [2025-11-21T10:50:08.362+0300] {dag.py:3456} INFO - Setting next_dagrun for tutorial_taskflow_api_virtualenv to None, run_after=None
[2025-11-21T10:50:08.424+0300] {processor.py:175} INFO - Processing /home/pker/airflow_env/lib/python3.7/site-packages/airflow/example_dags/tutorial_taskflow_api_virtualenv.py took 0.173 seconds
[2025-11-21T10:50:56.690+0300] {processor.py:153} INFO - Started process (PID=30506) to work on /home/pker/airflow_env/lib/python3.7/site-packages/airflow/example_dags/tutorial_taskflow_api_virtualenv.py
[2025-11-21T10:50:56.693+0300] {processor.py:743} INFO - Processing file /home/pker/airflow_env/lib/python3.7/site-packages/airflow/example_dags/tutorial_taskflow_api_virtualenv.py for tasks to queue
[2025-11-21T10:50:56.694+0300] {logging_mixin.py:137} INFO - [2025-11-21T10:50:56.694+0300] {dagbag.py:532} INFO - Filling up the DagBag from /home/pker/airflow_env/lib/python3.7/site-packages/airflow/example_dags/tutorial_taskflow_api_virtualenv.py
[2025-11-21T10:50:56.732+0300] {processor.py:753} INFO - DAG(s) dict_keys(['tutorial_taskflow_api_virtualenv']) retrieved from /home/pker/airflow_env/lib/python3.7/site-packages/airflow/example_dags/tutorial_taskflow_api_virtualenv.py
[2025-11-21T10:50:56.761+0300] {logging_mixin.py:137} INFO - [2025-11-21T10:50:56.761+0300] {dag.py:2705} INFO - Sync 1 DAGs
[2025-11-21T10:50:56.810+0300] {logging_mixin.py:137} INFO - [2025-11-21T10:50:56.809+0300] {dag.py:3456} INFO - Setting next_dagrun for tutorial_taskflow_api_virtualenv to None, run_after=None
[2025-11-21T10:50:56.883+0300] {processor.py:175} INFO - Processing /home/pker/airflow_env/lib/python3.7/site-packages/airflow/example_dags/tutorial_taskflow_api_virtualenv.py took 0.197 seconds
[2025-11-21T10:51:41.371+0300] {processor.py:153} INFO - Started process (PID=30548) to work on /home/pker/airflow_env/lib/python3.7/site-packages/airflow/example_dags/tutorial_taskflow_api_virtualenv.py
[2025-11-21T10:51:41.394+0300] {processor.py:743} INFO - Processing file /home/pker/airflow_env/lib/python3.7/site-packages/airflow/example_dags/tutorial_taskflow_api_virtualenv.py for tasks to queue
[2025-11-21T10:51:41.396+0300] {logging_mixin.py:137} INFO - [2025-11-21T10:51:41.396+0300] {dagbag.py:532} INFO - Filling up the DagBag from /home/pker/airflow_env/lib/python3.7/site-packages/airflow/example_dags/tutorial_taskflow_api_virtualenv.py
[2025-11-21T10:51:41.455+0300] {processor.py:753} INFO - DAG(s) dict_keys(['tutorial_taskflow_api_virtualenv']) retrieved from /home/pker/airflow_env/lib/python3.7/site-packages/airflow/example_dags/tutorial_taskflow_api_virtualenv.py
[2025-11-21T10:51:41.490+0300] {logging_mixin.py:137} INFO - [2025-11-21T10:51:41.490+0300] {dag.py:2705} INFO - Sync 1 DAGs
[2025-11-21T10:51:41.522+0300] {logging_mixin.py:137} INFO - [2025-11-21T10:51:41.522+0300] {dag.py:3456} INFO - Setting next_dagrun for tutorial_taskflow_api_virtualenv to None, run_after=None
[2025-11-21T10:51:41.586+0300] {processor.py:175} INFO - Processing /home/pker/airflow_env/lib/python3.7/site-packages/airflow/example_dags/tutorial_taskflow_api_virtualenv.py took 0.223 seconds
[2025-11-21T10:52:27.977+0300] {processor.py:153} INFO - Started process (PID=30595) to work on /home/pker/airflow_env/lib/python3.7/site-packages/airflow/example_dags/tutorial_taskflow_api_virtualenv.py
[2025-11-21T10:52:27.999+0300] {processor.py:743} INFO - Processing file /home/pker/airflow_env/lib/python3.7/site-packages/airflow/example_dags/tutorial_taskflow_api_virtualenv.py for tasks to queue
[2025-11-21T10:52:28.000+0300] {logging_mixin.py:137} INFO - [2025-11-21T10:52:28.000+0300] {dagbag.py:532} INFO - Filling up the DagBag from /home/pker/airflow_env/lib/python3.7/site-packages/airflow/example_dags/tutorial_taskflow_api_virtualenv.py
[2025-11-21T10:52:28.040+0300] {processor.py:753} INFO - DAG(s) dict_keys(['tutorial_taskflow_api_virtualenv']) retrieved from /home/pker/airflow_env/lib/python3.7/site-packages/airflow/example_dags/tutorial_taskflow_api_virtualenv.py
[2025-11-21T10:52:28.068+0300] {logging_mixin.py:137} INFO - [2025-11-21T10:52:28.068+0300] {dag.py:2705} INFO - Sync 1 DAGs
[2025-11-21T10:52:28.094+0300] {logging_mixin.py:137} INFO - [2025-11-21T10:52:28.094+0300] {dag.py:3456} INFO - Setting next_dagrun for tutorial_taskflow_api_virtualenv to None, run_after=None
[2025-11-21T10:52:28.124+0300] {processor.py:175} INFO - Processing /home/pker/airflow_env/lib/python3.7/site-packages/airflow/example_dags/tutorial_taskflow_api_virtualenv.py took 0.153 seconds
[2025-11-21T10:53:15.157+0300] {processor.py:153} INFO - Started process (PID=30640) to work on /home/pker/airflow_env/lib/python3.7/site-packages/airflow/example_dags/tutorial_taskflow_api_virtualenv.py
[2025-11-21T10:53:15.177+0300] {processor.py:743} INFO - Processing file /home/pker/airflow_env/lib/python3.7/site-packages/airflow/example_dags/tutorial_taskflow_api_virtualenv.py for tasks to queue
[2025-11-21T10:53:15.180+0300] {logging_mixin.py:137} INFO - [2025-11-21T10:53:15.180+0300] {dagbag.py:532} INFO - Filling up the DagBag from /home/pker/airflow_env/lib/python3.7/site-packages/airflow/example_dags/tutorial_taskflow_api_virtualenv.py
[2025-11-21T10:53:15.238+0300] {processor.py:753} INFO - DAG(s) dict_keys(['tutorial_taskflow_api_virtualenv']) retrieved from /home/pker/airflow_env/lib/python3.7/site-packages/airflow/example_dags/tutorial_taskflow_api_virtualenv.py
[2025-11-21T10:53:15.272+0300] {logging_mixin.py:137} INFO - [2025-11-21T10:53:15.271+0300] {dag.py:2705} INFO - Sync 1 DAGs
[2025-11-21T10:53:15.306+0300] {logging_mixin.py:137} INFO - [2025-11-21T10:53:15.306+0300] {dag.py:3456} INFO - Setting next_dagrun for tutorial_taskflow_api_virtualenv to None, run_after=None
[2025-11-21T10:53:15.370+0300] {processor.py:175} INFO - Processing /home/pker/airflow_env/lib/python3.7/site-packages/airflow/example_dags/tutorial_taskflow_api_virtualenv.py took 0.218 seconds
[2025-11-21T10:54:04.264+0300] {processor.py:153} INFO - Started process (PID=30684) to work on /home/pker/airflow_env/lib/python3.7/site-packages/airflow/example_dags/tutorial_taskflow_api_virtualenv.py
[2025-11-21T10:54:04.286+0300] {processor.py:743} INFO - Processing file /home/pker/airflow_env/lib/python3.7/site-packages/airflow/example_dags/tutorial_taskflow_api_virtualenv.py for tasks to queue
[2025-11-21T10:54:04.288+0300] {logging_mixin.py:137} INFO - [2025-11-21T10:54:04.287+0300] {dagbag.py:532} INFO - Filling up the DagBag from /home/pker/airflow_env/lib/python3.7/site-packages/airflow/example_dags/tutorial_taskflow_api_virtualenv.py
[2025-11-21T10:54:04.346+0300] {processor.py:753} INFO - DAG(s) dict_keys(['tutorial_taskflow_api_virtualenv']) retrieved from /home/pker/airflow_env/lib/python3.7/site-packages/airflow/example_dags/tutorial_taskflow_api_virtualenv.py
[2025-11-21T10:54:04.390+0300] {logging_mixin.py:137} INFO - [2025-11-21T10:54:04.390+0300] {dag.py:2705} INFO - Sync 1 DAGs
[2025-11-21T10:54:04.449+0300] {logging_mixin.py:137} INFO - [2025-11-21T10:54:04.448+0300] {dag.py:3456} INFO - Setting next_dagrun for tutorial_taskflow_api_virtualenv to None, run_after=None
[2025-11-21T10:54:04.511+0300] {processor.py:175} INFO - Processing /home/pker/airflow_env/lib/python3.7/site-packages/airflow/example_dags/tutorial_taskflow_api_virtualenv.py took 0.255 seconds
[2025-11-21T10:54:52.102+0300] {processor.py:153} INFO - Started process (PID=30731) to work on /home/pker/airflow_env/lib/python3.7/site-packages/airflow/example_dags/tutorial_taskflow_api_virtualenv.py
[2025-11-21T10:54:52.125+0300] {processor.py:743} INFO - Processing file /home/pker/airflow_env/lib/python3.7/site-packages/airflow/example_dags/tutorial_taskflow_api_virtualenv.py for tasks to queue
[2025-11-21T10:54:52.127+0300] {logging_mixin.py:137} INFO - [2025-11-21T10:54:52.127+0300] {dagbag.py:532} INFO - Filling up the DagBag from /home/pker/airflow_env/lib/python3.7/site-packages/airflow/example_dags/tutorial_taskflow_api_virtualenv.py
[2025-11-21T10:54:52.172+0300] {processor.py:753} INFO - DAG(s) dict_keys(['tutorial_taskflow_api_virtualenv']) retrieved from /home/pker/airflow_env/lib/python3.7/site-packages/airflow/example_dags/tutorial_taskflow_api_virtualenv.py
[2025-11-21T10:54:52.199+0300] {logging_mixin.py:137} INFO - [2025-11-21T10:54:52.199+0300] {dag.py:2705} INFO - Sync 1 DAGs
[2025-11-21T10:54:52.233+0300] {logging_mixin.py:137} INFO - [2025-11-21T10:54:52.233+0300] {dag.py:3456} INFO - Setting next_dagrun for tutorial_taskflow_api_virtualenv to None, run_after=None
[2025-11-21T10:54:52.292+0300] {processor.py:175} INFO - Processing /home/pker/airflow_env/lib/python3.7/site-packages/airflow/example_dags/tutorial_taskflow_api_virtualenv.py took 0.198 seconds
[2025-11-21T10:55:38.732+0300] {processor.py:153} INFO - Started process (PID=30778) to work on /home/pker/airflow_env/lib/python3.7/site-packages/airflow/example_dags/tutorial_taskflow_api_virtualenv.py
[2025-11-21T10:55:38.736+0300] {processor.py:743} INFO - Processing file /home/pker/airflow_env/lib/python3.7/site-packages/airflow/example_dags/tutorial_taskflow_api_virtualenv.py for tasks to queue
[2025-11-21T10:55:38.738+0300] {logging_mixin.py:137} INFO - [2025-11-21T10:55:38.738+0300] {dagbag.py:532} INFO - Filling up the DagBag from /home/pker/airflow_env/lib/python3.7/site-packages/airflow/example_dags/tutorial_taskflow_api_virtualenv.py
[2025-11-21T10:55:38.777+0300] {processor.py:753} INFO - DAG(s) dict_keys(['tutorial_taskflow_api_virtualenv']) retrieved from /home/pker/airflow_env/lib/python3.7/site-packages/airflow/example_dags/tutorial_taskflow_api_virtualenv.py
[2025-11-21T10:55:38.810+0300] {logging_mixin.py:137} INFO - [2025-11-21T10:55:38.809+0300] {dag.py:2705} INFO - Sync 1 DAGs
[2025-11-21T10:55:38.845+0300] {logging_mixin.py:137} INFO - [2025-11-21T10:55:38.845+0300] {dag.py:3456} INFO - Setting next_dagrun for tutorial_taskflow_api_virtualenv to None, run_after=None
[2025-11-21T10:55:38.883+0300] {processor.py:175} INFO - Processing /home/pker/airflow_env/lib/python3.7/site-packages/airflow/example_dags/tutorial_taskflow_api_virtualenv.py took 0.156 seconds
[2025-11-21T10:56:27.185+0300] {processor.py:153} INFO - Started process (PID=30822) to work on /home/pker/airflow_env/lib/python3.7/site-packages/airflow/example_dags/tutorial_taskflow_api_virtualenv.py
[2025-11-21T10:56:27.188+0300] {processor.py:743} INFO - Processing file /home/pker/airflow_env/lib/python3.7/site-packages/airflow/example_dags/tutorial_taskflow_api_virtualenv.py for tasks to queue
[2025-11-21T10:56:27.189+0300] {logging_mixin.py:137} INFO - [2025-11-21T10:56:27.189+0300] {dagbag.py:532} INFO - Filling up the DagBag from /home/pker/airflow_env/lib/python3.7/site-packages/airflow/example_dags/tutorial_taskflow_api_virtualenv.py
[2025-11-21T10:56:27.228+0300] {processor.py:753} INFO - DAG(s) dict_keys(['tutorial_taskflow_api_virtualenv']) retrieved from /home/pker/airflow_env/lib/python3.7/site-packages/airflow/example_dags/tutorial_taskflow_api_virtualenv.py
[2025-11-21T10:56:27.254+0300] {logging_mixin.py:137} INFO - [2025-11-21T10:56:27.254+0300] {dag.py:2705} INFO - Sync 1 DAGs
[2025-11-21T10:56:27.284+0300] {logging_mixin.py:137} INFO - [2025-11-21T10:56:27.283+0300] {dag.py:3456} INFO - Setting next_dagrun for tutorial_taskflow_api_virtualenv to None, run_after=None
[2025-11-21T10:56:27.330+0300] {processor.py:175} INFO - Processing /home/pker/airflow_env/lib/python3.7/site-packages/airflow/example_dags/tutorial_taskflow_api_virtualenv.py took 0.151 seconds
[2025-11-21T10:57:17.748+0300] {processor.py:153} INFO - Started process (PID=30866) to work on /home/pker/airflow_env/lib/python3.7/site-packages/airflow/example_dags/tutorial_taskflow_api_virtualenv.py
[2025-11-21T10:57:17.766+0300] {processor.py:743} INFO - Processing file /home/pker/airflow_env/lib/python3.7/site-packages/airflow/example_dags/tutorial_taskflow_api_virtualenv.py for tasks to queue
[2025-11-21T10:57:17.768+0300] {logging_mixin.py:137} INFO - [2025-11-21T10:57:17.767+0300] {dagbag.py:532} INFO - Filling up the DagBag from /home/pker/airflow_env/lib/python3.7/site-packages/airflow/example_dags/tutorial_taskflow_api_virtualenv.py
[2025-11-21T10:57:17.822+0300] {processor.py:753} INFO - DAG(s) dict_keys(['tutorial_taskflow_api_virtualenv']) retrieved from /home/pker/airflow_env/lib/python3.7/site-packages/airflow/example_dags/tutorial_taskflow_api_virtualenv.py
[2025-11-21T10:57:17.866+0300] {logging_mixin.py:137} INFO - [2025-11-21T10:57:17.866+0300] {dag.py:2705} INFO - Sync 1 DAGs
[2025-11-21T10:57:17.912+0300] {logging_mixin.py:137} INFO - [2025-11-21T10:57:17.912+0300] {dag.py:3456} INFO - Setting next_dagrun for tutorial_taskflow_api_virtualenv to None, run_after=None
[2025-11-21T10:57:17.988+0300] {processor.py:175} INFO - Processing /home/pker/airflow_env/lib/python3.7/site-packages/airflow/example_dags/tutorial_taskflow_api_virtualenv.py took 0.248 seconds
[2025-11-21T10:58:04.576+0300] {processor.py:153} INFO - Started process (PID=30910) to work on /home/pker/airflow_env/lib/python3.7/site-packages/airflow/example_dags/tutorial_taskflow_api_virtualenv.py
[2025-11-21T10:58:04.580+0300] {processor.py:743} INFO - Processing file /home/pker/airflow_env/lib/python3.7/site-packages/airflow/example_dags/tutorial_taskflow_api_virtualenv.py for tasks to queue
[2025-11-21T10:58:04.583+0300] {logging_mixin.py:137} INFO - [2025-11-21T10:58:04.582+0300] {dagbag.py:532} INFO - Filling up the DagBag from /home/pker/airflow_env/lib/python3.7/site-packages/airflow/example_dags/tutorial_taskflow_api_virtualenv.py
[2025-11-21T10:58:04.630+0300] {processor.py:753} INFO - DAG(s) dict_keys(['tutorial_taskflow_api_virtualenv']) retrieved from /home/pker/airflow_env/lib/python3.7/site-packages/airflow/example_dags/tutorial_taskflow_api_virtualenv.py
[2025-11-21T10:58:04.674+0300] {logging_mixin.py:137} INFO - [2025-11-21T10:58:04.674+0300] {dag.py:2705} INFO - Sync 1 DAGs
[2025-11-21T10:58:04.707+0300] {logging_mixin.py:137} INFO - [2025-11-21T10:58:04.706+0300] {dag.py:3456} INFO - Setting next_dagrun for tutorial_taskflow_api_virtualenv to None, run_after=None
[2025-11-21T10:58:04.765+0300] {processor.py:175} INFO - Processing /home/pker/airflow_env/lib/python3.7/site-packages/airflow/example_dags/tutorial_taskflow_api_virtualenv.py took 0.197 seconds
[2025-11-21T10:58:54.914+0300] {processor.py:153} INFO - Started process (PID=30971) to work on /home/pker/airflow_env/lib/python3.7/site-packages/airflow/example_dags/tutorial_taskflow_api_virtualenv.py
[2025-11-21T10:58:54.937+0300] {processor.py:743} INFO - Processing file /home/pker/airflow_env/lib/python3.7/site-packages/airflow/example_dags/tutorial_taskflow_api_virtualenv.py for tasks to queue
[2025-11-21T10:58:54.939+0300] {logging_mixin.py:137} INFO - [2025-11-21T10:58:54.939+0300] {dagbag.py:532} INFO - Filling up the DagBag from /home/pker/airflow_env/lib/python3.7/site-packages/airflow/example_dags/tutorial_taskflow_api_virtualenv.py
[2025-11-21T10:58:54.976+0300] {processor.py:753} INFO - DAG(s) dict_keys(['tutorial_taskflow_api_virtualenv']) retrieved from /home/pker/airflow_env/lib/python3.7/site-packages/airflow/example_dags/tutorial_taskflow_api_virtualenv.py
[2025-11-21T10:58:55.001+0300] {logging_mixin.py:137} INFO - [2025-11-21T10:58:55.001+0300] {dag.py:2705} INFO - Sync 1 DAGs
[2025-11-21T10:58:55.040+0300] {logging_mixin.py:137} INFO - [2025-11-21T10:58:55.040+0300] {dag.py:3456} INFO - Setting next_dagrun for tutorial_taskflow_api_virtualenv to None, run_after=None
[2025-11-21T10:58:55.114+0300] {processor.py:175} INFO - Processing /home/pker/airflow_env/lib/python3.7/site-packages/airflow/example_dags/tutorial_taskflow_api_virtualenv.py took 0.206 seconds
[2025-11-21T10:59:40.080+0300] {processor.py:153} INFO - Started process (PID=31017) to work on /home/pker/airflow_env/lib/python3.7/site-packages/airflow/example_dags/tutorial_taskflow_api_virtualenv.py
[2025-11-21T10:59:40.101+0300] {processor.py:743} INFO - Processing file /home/pker/airflow_env/lib/python3.7/site-packages/airflow/example_dags/tutorial_taskflow_api_virtualenv.py for tasks to queue
[2025-11-21T10:59:40.103+0300] {logging_mixin.py:137} INFO - [2025-11-21T10:59:40.103+0300] {dagbag.py:532} INFO - Filling up the DagBag from /home/pker/airflow_env/lib/python3.7/site-packages/airflow/example_dags/tutorial_taskflow_api_virtualenv.py
[2025-11-21T10:59:40.178+0300] {processor.py:753} INFO - DAG(s) dict_keys(['tutorial_taskflow_api_virtualenv']) retrieved from /home/pker/airflow_env/lib/python3.7/site-packages/airflow/example_dags/tutorial_taskflow_api_virtualenv.py
[2025-11-21T10:59:40.227+0300] {logging_mixin.py:137} INFO - [2025-11-21T10:59:40.227+0300] {dag.py:2705} INFO - Sync 1 DAGs
[2025-11-21T10:59:40.267+0300] {logging_mixin.py:137} INFO - [2025-11-21T10:59:40.266+0300] {dag.py:3456} INFO - Setting next_dagrun for tutorial_taskflow_api_virtualenv to None, run_after=None
[2025-11-21T10:59:40.324+0300] {processor.py:175} INFO - Processing /home/pker/airflow_env/lib/python3.7/site-packages/airflow/example_dags/tutorial_taskflow_api_virtualenv.py took 0.250 seconds
[2025-11-21T11:00:31.951+0300] {processor.py:153} INFO - Started process (PID=31077) to work on /home/pker/airflow_env/lib/python3.7/site-packages/airflow/example_dags/tutorial_taskflow_api_virtualenv.py
[2025-11-21T11:00:31.974+0300] {processor.py:743} INFO - Processing file /home/pker/airflow_env/lib/python3.7/site-packages/airflow/example_dags/tutorial_taskflow_api_virtualenv.py for tasks to queue
[2025-11-21T11:00:31.976+0300] {logging_mixin.py:137} INFO - [2025-11-21T11:00:31.975+0300] {dagbag.py:532} INFO - Filling up the DagBag from /home/pker/airflow_env/lib/python3.7/site-packages/airflow/example_dags/tutorial_taskflow_api_virtualenv.py
[2025-11-21T11:00:32.014+0300] {processor.py:753} INFO - DAG(s) dict_keys(['tutorial_taskflow_api_virtualenv']) retrieved from /home/pker/airflow_env/lib/python3.7/site-packages/airflow/example_dags/tutorial_taskflow_api_virtualenv.py
[2025-11-21T11:00:32.046+0300] {logging_mixin.py:137} INFO - [2025-11-21T11:00:32.045+0300] {dag.py:2705} INFO - Sync 1 DAGs
[2025-11-21T11:00:32.073+0300] {logging_mixin.py:137} INFO - [2025-11-21T11:00:32.072+0300] {dag.py:3456} INFO - Setting next_dagrun for tutorial_taskflow_api_virtualenv to None, run_after=None
[2025-11-21T11:00:32.108+0300] {processor.py:175} INFO - Processing /home/pker/airflow_env/lib/python3.7/site-packages/airflow/example_dags/tutorial_taskflow_api_virtualenv.py took 0.162 seconds
[2025-11-21T11:01:22.235+0300] {processor.py:153} INFO - Started process (PID=31121) to work on /home/pker/airflow_env/lib/python3.7/site-packages/airflow/example_dags/tutorial_taskflow_api_virtualenv.py
[2025-11-21T11:01:22.261+0300] {processor.py:743} INFO - Processing file /home/pker/airflow_env/lib/python3.7/site-packages/airflow/example_dags/tutorial_taskflow_api_virtualenv.py for tasks to queue
[2025-11-21T11:01:22.262+0300] {logging_mixin.py:137} INFO - [2025-11-21T11:01:22.262+0300] {dagbag.py:532} INFO - Filling up the DagBag from /home/pker/airflow_env/lib/python3.7/site-packages/airflow/example_dags/tutorial_taskflow_api_virtualenv.py
[2025-11-21T11:01:22.310+0300] {processor.py:753} INFO - DAG(s) dict_keys(['tutorial_taskflow_api_virtualenv']) retrieved from /home/pker/airflow_env/lib/python3.7/site-packages/airflow/example_dags/tutorial_taskflow_api_virtualenv.py
[2025-11-21T11:01:22.358+0300] {logging_mixin.py:137} INFO - [2025-11-21T11:01:22.358+0300] {dag.py:2705} INFO - Sync 1 DAGs
[2025-11-21T11:01:22.394+0300] {logging_mixin.py:137} INFO - [2025-11-21T11:01:22.393+0300] {dag.py:3456} INFO - Setting next_dagrun for tutorial_taskflow_api_virtualenv to None, run_after=None
[2025-11-21T11:01:22.460+0300] {processor.py:175} INFO - Processing /home/pker/airflow_env/lib/python3.7/site-packages/airflow/example_dags/tutorial_taskflow_api_virtualenv.py took 0.232 seconds
[2025-11-21T11:02:10.504+0300] {processor.py:153} INFO - Started process (PID=31167) to work on /home/pker/airflow_env/lib/python3.7/site-packages/airflow/example_dags/tutorial_taskflow_api_virtualenv.py
[2025-11-21T11:02:10.527+0300] {processor.py:743} INFO - Processing file /home/pker/airflow_env/lib/python3.7/site-packages/airflow/example_dags/tutorial_taskflow_api_virtualenv.py for tasks to queue
[2025-11-21T11:02:10.529+0300] {logging_mixin.py:137} INFO - [2025-11-21T11:02:10.529+0300] {dagbag.py:532} INFO - Filling up the DagBag from /home/pker/airflow_env/lib/python3.7/site-packages/airflow/example_dags/tutorial_taskflow_api_virtualenv.py
[2025-11-21T11:02:10.579+0300] {processor.py:753} INFO - DAG(s) dict_keys(['tutorial_taskflow_api_virtualenv']) retrieved from /home/pker/airflow_env/lib/python3.7/site-packages/airflow/example_dags/tutorial_taskflow_api_virtualenv.py
[2025-11-21T11:02:10.629+0300] {logging_mixin.py:137} INFO - [2025-11-21T11:02:10.628+0300] {dag.py:2705} INFO - Sync 1 DAGs
[2025-11-21T11:02:10.664+0300] {logging_mixin.py:137} INFO - [2025-11-21T11:02:10.664+0300] {dag.py:3456} INFO - Setting next_dagrun for tutorial_taskflow_api_virtualenv to None, run_after=None
[2025-11-21T11:02:10.702+0300] {processor.py:175} INFO - Processing /home/pker/airflow_env/lib/python3.7/site-packages/airflow/example_dags/tutorial_taskflow_api_virtualenv.py took 0.208 seconds
[2025-11-21T11:02:57.251+0300] {processor.py:153} INFO - Started process (PID=31214) to work on /home/pker/airflow_env/lib/python3.7/site-packages/airflow/example_dags/tutorial_taskflow_api_virtualenv.py
[2025-11-21T11:02:57.272+0300] {processor.py:743} INFO - Processing file /home/pker/airflow_env/lib/python3.7/site-packages/airflow/example_dags/tutorial_taskflow_api_virtualenv.py for tasks to queue
[2025-11-21T11:02:57.274+0300] {logging_mixin.py:137} INFO - [2025-11-21T11:02:57.274+0300] {dagbag.py:532} INFO - Filling up the DagBag from /home/pker/airflow_env/lib/python3.7/site-packages/airflow/example_dags/tutorial_taskflow_api_virtualenv.py
[2025-11-21T11:02:57.309+0300] {processor.py:753} INFO - DAG(s) dict_keys(['tutorial_taskflow_api_virtualenv']) retrieved from /home/pker/airflow_env/lib/python3.7/site-packages/airflow/example_dags/tutorial_taskflow_api_virtualenv.py
[2025-11-21T11:02:57.334+0300] {logging_mixin.py:137} INFO - [2025-11-21T11:02:57.334+0300] {dag.py:2705} INFO - Sync 1 DAGs
[2025-11-21T11:02:57.381+0300] {logging_mixin.py:137} INFO - [2025-11-21T11:02:57.381+0300] {dag.py:3456} INFO - Setting next_dagrun for tutorial_taskflow_api_virtualenv to None, run_after=None
[2025-11-21T11:02:57.446+0300] {processor.py:175} INFO - Processing /home/pker/airflow_env/lib/python3.7/site-packages/airflow/example_dags/tutorial_taskflow_api_virtualenv.py took 0.199 seconds
[2025-11-21T11:03:43.495+0300] {processor.py:153} INFO - Started process (PID=31259) to work on /home/pker/airflow_env/lib/python3.7/site-packages/airflow/example_dags/tutorial_taskflow_api_virtualenv.py
[2025-11-21T11:03:43.518+0300] {processor.py:743} INFO - Processing file /home/pker/airflow_env/lib/python3.7/site-packages/airflow/example_dags/tutorial_taskflow_api_virtualenv.py for tasks to queue
[2025-11-21T11:03:43.521+0300] {logging_mixin.py:137} INFO - [2025-11-21T11:03:43.520+0300] {dagbag.py:532} INFO - Filling up the DagBag from /home/pker/airflow_env/lib/python3.7/site-packages/airflow/example_dags/tutorial_taskflow_api_virtualenv.py
[2025-11-21T11:03:43.575+0300] {processor.py:753} INFO - DAG(s) dict_keys(['tutorial_taskflow_api_virtualenv']) retrieved from /home/pker/airflow_env/lib/python3.7/site-packages/airflow/example_dags/tutorial_taskflow_api_virtualenv.py
[2025-11-21T11:03:43.607+0300] {logging_mixin.py:137} INFO - [2025-11-21T11:03:43.607+0300] {dag.py:2705} INFO - Sync 1 DAGs
[2025-11-21T11:03:43.637+0300] {logging_mixin.py:137} INFO - [2025-11-21T11:03:43.637+0300] {dag.py:3456} INFO - Setting next_dagrun for tutorial_taskflow_api_virtualenv to None, run_after=None
[2025-11-21T11:03:43.670+0300] {processor.py:175} INFO - Processing /home/pker/airflow_env/lib/python3.7/site-packages/airflow/example_dags/tutorial_taskflow_api_virtualenv.py took 0.185 seconds
[2025-11-21T11:04:30.428+0300] {processor.py:153} INFO - Started process (PID=31301) to work on /home/pker/airflow_env/lib/python3.7/site-packages/airflow/example_dags/tutorial_taskflow_api_virtualenv.py
[2025-11-21T11:04:30.451+0300] {processor.py:743} INFO - Processing file /home/pker/airflow_env/lib/python3.7/site-packages/airflow/example_dags/tutorial_taskflow_api_virtualenv.py for tasks to queue
[2025-11-21T11:04:30.454+0300] {logging_mixin.py:137} INFO - [2025-11-21T11:04:30.453+0300] {dagbag.py:532} INFO - Filling up the DagBag from /home/pker/airflow_env/lib/python3.7/site-packages/airflow/example_dags/tutorial_taskflow_api_virtualenv.py
[2025-11-21T11:04:30.504+0300] {processor.py:753} INFO - DAG(s) dict_keys(['tutorial_taskflow_api_virtualenv']) retrieved from /home/pker/airflow_env/lib/python3.7/site-packages/airflow/example_dags/tutorial_taskflow_api_virtualenv.py
[2025-11-21T11:04:30.547+0300] {logging_mixin.py:137} INFO - [2025-11-21T11:04:30.547+0300] {dag.py:2705} INFO - Sync 1 DAGs
[2025-11-21T11:04:30.592+0300] {logging_mixin.py:137} INFO - [2025-11-21T11:04:30.592+0300] {dag.py:3456} INFO - Setting next_dagrun for tutorial_taskflow_api_virtualenv to None, run_after=None
[2025-11-21T11:04:30.664+0300] {processor.py:175} INFO - Processing /home/pker/airflow_env/lib/python3.7/site-packages/airflow/example_dags/tutorial_taskflow_api_virtualenv.py took 0.245 seconds
[2025-11-21T11:05:21.164+0300] {processor.py:153} INFO - Started process (PID=31348) to work on /home/pker/airflow_env/lib/python3.7/site-packages/airflow/example_dags/tutorial_taskflow_api_virtualenv.py
[2025-11-21T11:05:21.187+0300] {processor.py:743} INFO - Processing file /home/pker/airflow_env/lib/python3.7/site-packages/airflow/example_dags/tutorial_taskflow_api_virtualenv.py for tasks to queue
[2025-11-21T11:05:21.190+0300] {logging_mixin.py:137} INFO - [2025-11-21T11:05:21.189+0300] {dagbag.py:532} INFO - Filling up the DagBag from /home/pker/airflow_env/lib/python3.7/site-packages/airflow/example_dags/tutorial_taskflow_api_virtualenv.py
[2025-11-21T11:05:21.232+0300] {processor.py:753} INFO - DAG(s) dict_keys(['tutorial_taskflow_api_virtualenv']) retrieved from /home/pker/airflow_env/lib/python3.7/site-packages/airflow/example_dags/tutorial_taskflow_api_virtualenv.py
[2025-11-21T11:05:21.264+0300] {logging_mixin.py:137} INFO - [2025-11-21T11:05:21.264+0300] {dag.py:2705} INFO - Sync 1 DAGs
[2025-11-21T11:05:21.299+0300] {logging_mixin.py:137} INFO - [2025-11-21T11:05:21.298+0300] {dag.py:3456} INFO - Setting next_dagrun for tutorial_taskflow_api_virtualenv to None, run_after=None
[2025-11-21T11:05:21.357+0300] {processor.py:175} INFO - Processing /home/pker/airflow_env/lib/python3.7/site-packages/airflow/example_dags/tutorial_taskflow_api_virtualenv.py took 0.201 seconds
[2025-11-21T11:06:08.220+0300] {processor.py:153} INFO - Started process (PID=31399) to work on /home/pker/airflow_env/lib/python3.7/site-packages/airflow/example_dags/tutorial_taskflow_api_virtualenv.py
[2025-11-21T11:06:08.243+0300] {processor.py:743} INFO - Processing file /home/pker/airflow_env/lib/python3.7/site-packages/airflow/example_dags/tutorial_taskflow_api_virtualenv.py for tasks to queue
[2025-11-21T11:06:08.246+0300] {logging_mixin.py:137} INFO - [2025-11-21T11:06:08.245+0300] {dagbag.py:532} INFO - Filling up the DagBag from /home/pker/airflow_env/lib/python3.7/site-packages/airflow/example_dags/tutorial_taskflow_api_virtualenv.py
[2025-11-21T11:06:08.297+0300] {processor.py:753} INFO - DAG(s) dict_keys(['tutorial_taskflow_api_virtualenv']) retrieved from /home/pker/airflow_env/lib/python3.7/site-packages/airflow/example_dags/tutorial_taskflow_api_virtualenv.py
[2025-11-21T11:06:08.329+0300] {logging_mixin.py:137} INFO - [2025-11-21T11:06:08.328+0300] {dag.py:2705} INFO - Sync 1 DAGs
[2025-11-21T11:06:08.364+0300] {logging_mixin.py:137} INFO - [2025-11-21T11:06:08.364+0300] {dag.py:3456} INFO - Setting next_dagrun for tutorial_taskflow_api_virtualenv to None, run_after=None
[2025-11-21T11:06:08.420+0300] {processor.py:175} INFO - Processing /home/pker/airflow_env/lib/python3.7/site-packages/airflow/example_dags/tutorial_taskflow_api_virtualenv.py took 0.208 seconds
[2025-11-21T11:06:56.551+0300] {processor.py:153} INFO - Started process (PID=31447) to work on /home/pker/airflow_env/lib/python3.7/site-packages/airflow/example_dags/tutorial_taskflow_api_virtualenv.py
[2025-11-21T11:06:56.573+0300] {processor.py:743} INFO - Processing file /home/pker/airflow_env/lib/python3.7/site-packages/airflow/example_dags/tutorial_taskflow_api_virtualenv.py for tasks to queue
[2025-11-21T11:06:56.575+0300] {logging_mixin.py:137} INFO - [2025-11-21T11:06:56.575+0300] {dagbag.py:532} INFO - Filling up the DagBag from /home/pker/airflow_env/lib/python3.7/site-packages/airflow/example_dags/tutorial_taskflow_api_virtualenv.py
[2025-11-21T11:06:56.622+0300] {processor.py:753} INFO - DAG(s) dict_keys(['tutorial_taskflow_api_virtualenv']) retrieved from /home/pker/airflow_env/lib/python3.7/site-packages/airflow/example_dags/tutorial_taskflow_api_virtualenv.py
[2025-11-21T11:06:56.664+0300] {logging_mixin.py:137} INFO - [2025-11-21T11:06:56.664+0300] {dag.py:2705} INFO - Sync 1 DAGs
[2025-11-21T11:06:56.697+0300] {logging_mixin.py:137} INFO - [2025-11-21T11:06:56.697+0300] {dag.py:3456} INFO - Setting next_dagrun for tutorial_taskflow_api_virtualenv to None, run_after=None
[2025-11-21T11:06:56.759+0300] {processor.py:175} INFO - Processing /home/pker/airflow_env/lib/python3.7/site-packages/airflow/example_dags/tutorial_taskflow_api_virtualenv.py took 0.215 seconds
[2025-11-21T11:07:44.696+0300] {processor.py:153} INFO - Started process (PID=31515) to work on /home/pker/airflow_env/lib/python3.7/site-packages/airflow/example_dags/tutorial_taskflow_api_virtualenv.py
[2025-11-21T11:07:44.718+0300] {processor.py:743} INFO - Processing file /home/pker/airflow_env/lib/python3.7/site-packages/airflow/example_dags/tutorial_taskflow_api_virtualenv.py for tasks to queue
[2025-11-21T11:07:44.721+0300] {logging_mixin.py:137} INFO - [2025-11-21T11:07:44.720+0300] {dagbag.py:532} INFO - Filling up the DagBag from /home/pker/airflow_env/lib/python3.7/site-packages/airflow/example_dags/tutorial_taskflow_api_virtualenv.py
[2025-11-21T11:07:44.758+0300] {processor.py:753} INFO - DAG(s) dict_keys(['tutorial_taskflow_api_virtualenv']) retrieved from /home/pker/airflow_env/lib/python3.7/site-packages/airflow/example_dags/tutorial_taskflow_api_virtualenv.py
[2025-11-21T11:07:44.788+0300] {logging_mixin.py:137} INFO - [2025-11-21T11:07:44.788+0300] {dag.py:2705} INFO - Sync 1 DAGs
[2025-11-21T11:07:44.817+0300] {logging_mixin.py:137} INFO - [2025-11-21T11:07:44.817+0300] {dag.py:3456} INFO - Setting next_dagrun for tutorial_taskflow_api_virtualenv to None, run_after=None
[2025-11-21T11:07:44.853+0300] {processor.py:175} INFO - Processing /home/pker/airflow_env/lib/python3.7/site-packages/airflow/example_dags/tutorial_taskflow_api_virtualenv.py took 0.163 seconds
[2025-11-21T11:08:31.995+0300] {processor.py:153} INFO - Started process (PID=31564) to work on /home/pker/airflow_env/lib/python3.7/site-packages/airflow/example_dags/tutorial_taskflow_api_virtualenv.py
[2025-11-21T11:08:32.017+0300] {processor.py:743} INFO - Processing file /home/pker/airflow_env/lib/python3.7/site-packages/airflow/example_dags/tutorial_taskflow_api_virtualenv.py for tasks to queue
[2025-11-21T11:08:32.019+0300] {logging_mixin.py:137} INFO - [2025-11-21T11:08:32.019+0300] {dagbag.py:532} INFO - Filling up the DagBag from /home/pker/airflow_env/lib/python3.7/site-packages/airflow/example_dags/tutorial_taskflow_api_virtualenv.py
[2025-11-21T11:08:32.075+0300] {processor.py:753} INFO - DAG(s) dict_keys(['tutorial_taskflow_api_virtualenv']) retrieved from /home/pker/airflow_env/lib/python3.7/site-packages/airflow/example_dags/tutorial_taskflow_api_virtualenv.py
[2025-11-21T11:08:32.108+0300] {logging_mixin.py:137} INFO - [2025-11-21T11:08:32.108+0300] {dag.py:2705} INFO - Sync 1 DAGs
[2025-11-21T11:08:32.137+0300] {logging_mixin.py:137} INFO - [2025-11-21T11:08:32.137+0300] {dag.py:3456} INFO - Setting next_dagrun for tutorial_taskflow_api_virtualenv to None, run_after=None
[2025-11-21T11:08:32.172+0300] {processor.py:175} INFO - Processing /home/pker/airflow_env/lib/python3.7/site-packages/airflow/example_dags/tutorial_taskflow_api_virtualenv.py took 0.186 seconds
