[2025-11-21T10:44:13.195+0300] {processor.py:153} INFO - Started process (PID=30096) to work on /home/pker/airflow_env/lib/python3.7/site-packages/airflow/example_dags/tutorial_taskflow_api.py
[2025-11-21T10:44:13.196+0300] {processor.py:743} INFO - Processing file /home/pker/airflow_env/lib/python3.7/site-packages/airflow/example_dags/tutorial_taskflow_api.py for tasks to queue
[2025-11-21T10:44:13.197+0300] {logging_mixin.py:137} INFO - [2025-11-21T10:44:13.197+0300] {dagbag.py:532} INFO - Filling up the DagBag from /home/pker/airflow_env/lib/python3.7/site-packages/airflow/example_dags/tutorial_taskflow_api.py
[2025-11-21T10:44:13.235+0300] {processor.py:753} INFO - DAG(s) dict_keys(['tutorial_taskflow_api']) retrieved from /home/pker/airflow_env/lib/python3.7/site-packages/airflow/example_dags/tutorial_taskflow_api.py
[2025-11-21T10:44:13.403+0300] {logging_mixin.py:137} INFO - [2025-11-21T10:44:13.403+0300] {manager.py:504} INFO - Created Permission View: can delete on DAG:tutorial_taskflow_api
[2025-11-21T10:44:13.423+0300] {logging_mixin.py:137} INFO - [2025-11-21T10:44:13.423+0300] {manager.py:504} INFO - Created Permission View: can read on DAG:tutorial_taskflow_api
[2025-11-21T10:44:13.438+0300] {logging_mixin.py:137} INFO - [2025-11-21T10:44:13.438+0300] {manager.py:504} INFO - Created Permission View: can edit on DAG:tutorial_taskflow_api
[2025-11-21T10:44:13.439+0300] {logging_mixin.py:137} INFO - [2025-11-21T10:44:13.439+0300] {dag.py:2705} INFO - Sync 1 DAGs
[2025-11-21T10:44:13.464+0300] {logging_mixin.py:137} INFO - [2025-11-21T10:44:13.464+0300] {dag.py:2726} INFO - Creating ORM DAG for tutorial_taskflow_api
[2025-11-21T10:44:13.480+0300] {logging_mixin.py:137} INFO - [2025-11-21T10:44:13.480+0300] {dag.py:3456} INFO - Setting next_dagrun for tutorial_taskflow_api to None, run_after=None
[2025-11-21T10:44:13.520+0300] {processor.py:175} INFO - Processing /home/pker/airflow_env/lib/python3.7/site-packages/airflow/example_dags/tutorial_taskflow_api.py took 0.333 seconds
[2025-11-21T10:45:02.304+0300] {processor.py:153} INFO - Started process (PID=30140) to work on /home/pker/airflow_env/lib/python3.7/site-packages/airflow/example_dags/tutorial_taskflow_api.py
[2025-11-21T10:45:02.326+0300] {processor.py:743} INFO - Processing file /home/pker/airflow_env/lib/python3.7/site-packages/airflow/example_dags/tutorial_taskflow_api.py for tasks to queue
[2025-11-21T10:45:02.328+0300] {logging_mixin.py:137} INFO - [2025-11-21T10:45:02.328+0300] {dagbag.py:532} INFO - Filling up the DagBag from /home/pker/airflow_env/lib/python3.7/site-packages/airflow/example_dags/tutorial_taskflow_api.py
[2025-11-21T10:45:02.368+0300] {processor.py:753} INFO - DAG(s) dict_keys(['tutorial_taskflow_api']) retrieved from /home/pker/airflow_env/lib/python3.7/site-packages/airflow/example_dags/tutorial_taskflow_api.py
[2025-11-21T10:45:02.397+0300] {logging_mixin.py:137} INFO - [2025-11-21T10:45:02.397+0300] {dag.py:2705} INFO - Sync 1 DAGs
[2025-11-21T10:45:02.443+0300] {logging_mixin.py:137} INFO - [2025-11-21T10:45:02.443+0300] {dag.py:3456} INFO - Setting next_dagrun for tutorial_taskflow_api to None, run_after=None
[2025-11-21T10:45:02.508+0300] {processor.py:175} INFO - Processing /home/pker/airflow_env/lib/python3.7/site-packages/airflow/example_dags/tutorial_taskflow_api.py took 0.212 seconds
[2025-11-21T10:45:51.224+0300] {processor.py:153} INFO - Started process (PID=30208) to work on /home/pker/airflow_env/lib/python3.7/site-packages/airflow/example_dags/tutorial_taskflow_api.py
[2025-11-21T10:45:51.226+0300] {processor.py:743} INFO - Processing file /home/pker/airflow_env/lib/python3.7/site-packages/airflow/example_dags/tutorial_taskflow_api.py for tasks to queue
[2025-11-21T10:45:51.228+0300] {logging_mixin.py:137} INFO - [2025-11-21T10:45:51.227+0300] {dagbag.py:532} INFO - Filling up the DagBag from /home/pker/airflow_env/lib/python3.7/site-packages/airflow/example_dags/tutorial_taskflow_api.py
[2025-11-21T10:45:51.266+0300] {processor.py:753} INFO - DAG(s) dict_keys(['tutorial_taskflow_api']) retrieved from /home/pker/airflow_env/lib/python3.7/site-packages/airflow/example_dags/tutorial_taskflow_api.py
[2025-11-21T10:45:51.294+0300] {logging_mixin.py:137} INFO - [2025-11-21T10:45:51.294+0300] {dag.py:2705} INFO - Sync 1 DAGs
[2025-11-21T10:45:51.320+0300] {logging_mixin.py:137} INFO - [2025-11-21T10:45:51.320+0300] {dag.py:3456} INFO - Setting next_dagrun for tutorial_taskflow_api to None, run_after=None
[2025-11-21T10:45:51.362+0300] {processor.py:175} INFO - Processing /home/pker/airflow_env/lib/python3.7/site-packages/airflow/example_dags/tutorial_taskflow_api.py took 0.144 seconds
[2025-11-21T10:46:39.818+0300] {processor.py:153} INFO - Started process (PID=30254) to work on /home/pker/airflow_env/lib/python3.7/site-packages/airflow/example_dags/tutorial_taskflow_api.py
[2025-11-21T10:46:39.841+0300] {processor.py:743} INFO - Processing file /home/pker/airflow_env/lib/python3.7/site-packages/airflow/example_dags/tutorial_taskflow_api.py for tasks to queue
[2025-11-21T10:46:39.844+0300] {logging_mixin.py:137} INFO - [2025-11-21T10:46:39.843+0300] {dagbag.py:532} INFO - Filling up the DagBag from /home/pker/airflow_env/lib/python3.7/site-packages/airflow/example_dags/tutorial_taskflow_api.py
[2025-11-21T10:46:39.896+0300] {processor.py:753} INFO - DAG(s) dict_keys(['tutorial_taskflow_api']) retrieved from /home/pker/airflow_env/lib/python3.7/site-packages/airflow/example_dags/tutorial_taskflow_api.py
[2025-11-21T10:46:39.933+0300] {logging_mixin.py:137} INFO - [2025-11-21T10:46:39.933+0300] {dag.py:2705} INFO - Sync 1 DAGs
[2025-11-21T10:46:39.968+0300] {logging_mixin.py:137} INFO - [2025-11-21T10:46:39.968+0300] {dag.py:3456} INFO - Setting next_dagrun for tutorial_taskflow_api to None, run_after=None
[2025-11-21T10:46:40.008+0300] {processor.py:175} INFO - Processing /home/pker/airflow_env/lib/python3.7/site-packages/airflow/example_dags/tutorial_taskflow_api.py took 0.196 seconds
[2025-11-21T10:47:26.956+0300] {processor.py:153} INFO - Started process (PID=30298) to work on /home/pker/airflow_env/lib/python3.7/site-packages/airflow/example_dags/tutorial_taskflow_api.py
[2025-11-21T10:47:26.978+0300] {processor.py:743} INFO - Processing file /home/pker/airflow_env/lib/python3.7/site-packages/airflow/example_dags/tutorial_taskflow_api.py for tasks to queue
[2025-11-21T10:47:26.980+0300] {logging_mixin.py:137} INFO - [2025-11-21T10:47:26.980+0300] {dagbag.py:532} INFO - Filling up the DagBag from /home/pker/airflow_env/lib/python3.7/site-packages/airflow/example_dags/tutorial_taskflow_api.py
[2025-11-21T10:47:27.023+0300] {processor.py:753} INFO - DAG(s) dict_keys(['tutorial_taskflow_api']) retrieved from /home/pker/airflow_env/lib/python3.7/site-packages/airflow/example_dags/tutorial_taskflow_api.py
[2025-11-21T10:47:27.053+0300] {logging_mixin.py:137} INFO - [2025-11-21T10:47:27.053+0300] {dag.py:2705} INFO - Sync 1 DAGs
[2025-11-21T10:47:27.091+0300] {logging_mixin.py:137} INFO - [2025-11-21T10:47:27.090+0300] {dag.py:3456} INFO - Setting next_dagrun for tutorial_taskflow_api to None, run_after=None
[2025-11-21T10:47:27.153+0300] {processor.py:175} INFO - Processing /home/pker/airflow_env/lib/python3.7/site-packages/airflow/example_dags/tutorial_taskflow_api.py took 0.205 seconds
[2025-11-21T10:48:15.781+0300] {processor.py:153} INFO - Started process (PID=30342) to work on /home/pker/airflow_env/lib/python3.7/site-packages/airflow/example_dags/tutorial_taskflow_api.py
[2025-11-21T10:48:15.802+0300] {processor.py:743} INFO - Processing file /home/pker/airflow_env/lib/python3.7/site-packages/airflow/example_dags/tutorial_taskflow_api.py for tasks to queue
[2025-11-21T10:48:15.804+0300] {logging_mixin.py:137} INFO - [2025-11-21T10:48:15.804+0300] {dagbag.py:532} INFO - Filling up the DagBag from /home/pker/airflow_env/lib/python3.7/site-packages/airflow/example_dags/tutorial_taskflow_api.py
[2025-11-21T10:48:15.852+0300] {processor.py:753} INFO - DAG(s) dict_keys(['tutorial_taskflow_api']) retrieved from /home/pker/airflow_env/lib/python3.7/site-packages/airflow/example_dags/tutorial_taskflow_api.py
[2025-11-21T10:48:15.893+0300] {logging_mixin.py:137} INFO - [2025-11-21T10:48:15.893+0300] {dag.py:2705} INFO - Sync 1 DAGs
[2025-11-21T10:48:15.932+0300] {logging_mixin.py:137} INFO - [2025-11-21T10:48:15.932+0300] {dag.py:3456} INFO - Setting next_dagrun for tutorial_taskflow_api to None, run_after=None
[2025-11-21T10:48:15.994+0300] {processor.py:175} INFO - Processing /home/pker/airflow_env/lib/python3.7/site-packages/airflow/example_dags/tutorial_taskflow_api.py took 0.220 seconds
[2025-11-21T10:49:00.855+0300] {processor.py:153} INFO - Started process (PID=30389) to work on /home/pker/airflow_env/lib/python3.7/site-packages/airflow/example_dags/tutorial_taskflow_api.py
[2025-11-21T10:49:00.878+0300] {processor.py:743} INFO - Processing file /home/pker/airflow_env/lib/python3.7/site-packages/airflow/example_dags/tutorial_taskflow_api.py for tasks to queue
[2025-11-21T10:49:00.880+0300] {logging_mixin.py:137} INFO - [2025-11-21T10:49:00.880+0300] {dagbag.py:532} INFO - Filling up the DagBag from /home/pker/airflow_env/lib/python3.7/site-packages/airflow/example_dags/tutorial_taskflow_api.py
[2025-11-21T10:49:00.919+0300] {processor.py:753} INFO - DAG(s) dict_keys(['tutorial_taskflow_api']) retrieved from /home/pker/airflow_env/lib/python3.7/site-packages/airflow/example_dags/tutorial_taskflow_api.py
[2025-11-21T10:49:00.944+0300] {logging_mixin.py:137} INFO - [2025-11-21T10:49:00.944+0300] {dag.py:2705} INFO - Sync 1 DAGs
[2025-11-21T10:49:00.972+0300] {logging_mixin.py:137} INFO - [2025-11-21T10:49:00.972+0300] {dag.py:3456} INFO - Setting next_dagrun for tutorial_taskflow_api to None, run_after=None
[2025-11-21T10:49:01.001+0300] {processor.py:175} INFO - Processing /home/pker/airflow_env/lib/python3.7/site-packages/airflow/example_dags/tutorial_taskflow_api.py took 0.152 seconds
[2025-11-21T10:49:50.442+0300] {processor.py:153} INFO - Started process (PID=30444) to work on /home/pker/airflow_env/lib/python3.7/site-packages/airflow/example_dags/tutorial_taskflow_api.py
[2025-11-21T10:49:50.464+0300] {processor.py:743} INFO - Processing file /home/pker/airflow_env/lib/python3.7/site-packages/airflow/example_dags/tutorial_taskflow_api.py for tasks to queue
[2025-11-21T10:49:50.465+0300] {logging_mixin.py:137} INFO - [2025-11-21T10:49:50.465+0300] {dagbag.py:532} INFO - Filling up the DagBag from /home/pker/airflow_env/lib/python3.7/site-packages/airflow/example_dags/tutorial_taskflow_api.py
[2025-11-21T10:49:50.504+0300] {processor.py:753} INFO - DAG(s) dict_keys(['tutorial_taskflow_api']) retrieved from /home/pker/airflow_env/lib/python3.7/site-packages/airflow/example_dags/tutorial_taskflow_api.py
[2025-11-21T10:49:50.528+0300] {logging_mixin.py:137} INFO - [2025-11-21T10:49:50.528+0300] {dag.py:2705} INFO - Sync 1 DAGs
[2025-11-21T10:49:50.554+0300] {logging_mixin.py:137} INFO - [2025-11-21T10:49:50.554+0300] {dag.py:3456} INFO - Setting next_dagrun for tutorial_taskflow_api to None, run_after=None
[2025-11-21T10:49:50.586+0300] {processor.py:175} INFO - Processing /home/pker/airflow_env/lib/python3.7/site-packages/airflow/example_dags/tutorial_taskflow_api.py took 0.150 seconds
[2025-11-21T10:50:37.070+0300] {processor.py:153} INFO - Started process (PID=30487) to work on /home/pker/airflow_env/lib/python3.7/site-packages/airflow/example_dags/tutorial_taskflow_api.py
[2025-11-21T10:50:37.073+0300] {processor.py:743} INFO - Processing file /home/pker/airflow_env/lib/python3.7/site-packages/airflow/example_dags/tutorial_taskflow_api.py for tasks to queue
[2025-11-21T10:50:37.076+0300] {logging_mixin.py:137} INFO - [2025-11-21T10:50:37.075+0300] {dagbag.py:532} INFO - Filling up the DagBag from /home/pker/airflow_env/lib/python3.7/site-packages/airflow/example_dags/tutorial_taskflow_api.py
[2025-11-21T10:50:37.113+0300] {processor.py:753} INFO - DAG(s) dict_keys(['tutorial_taskflow_api']) retrieved from /home/pker/airflow_env/lib/python3.7/site-packages/airflow/example_dags/tutorial_taskflow_api.py
[2025-11-21T10:50:37.145+0300] {logging_mixin.py:137} INFO - [2025-11-21T10:50:37.145+0300] {dag.py:2705} INFO - Sync 1 DAGs
[2025-11-21T10:50:37.188+0300] {logging_mixin.py:137} INFO - [2025-11-21T10:50:37.188+0300] {dag.py:3456} INFO - Setting next_dagrun for tutorial_taskflow_api to None, run_after=None
[2025-11-21T10:50:37.226+0300] {processor.py:175} INFO - Processing /home/pker/airflow_env/lib/python3.7/site-packages/airflow/example_dags/tutorial_taskflow_api.py took 0.161 seconds
[2025-11-21T10:51:23.079+0300] {processor.py:153} INFO - Started process (PID=30531) to work on /home/pker/airflow_env/lib/python3.7/site-packages/airflow/example_dags/tutorial_taskflow_api.py
[2025-11-21T10:51:23.083+0300] {processor.py:743} INFO - Processing file /home/pker/airflow_env/lib/python3.7/site-packages/airflow/example_dags/tutorial_taskflow_api.py for tasks to queue
[2025-11-21T10:51:23.085+0300] {logging_mixin.py:137} INFO - [2025-11-21T10:51:23.085+0300] {dagbag.py:532} INFO - Filling up the DagBag from /home/pker/airflow_env/lib/python3.7/site-packages/airflow/example_dags/tutorial_taskflow_api.py
[2025-11-21T10:51:23.121+0300] {processor.py:753} INFO - DAG(s) dict_keys(['tutorial_taskflow_api']) retrieved from /home/pker/airflow_env/lib/python3.7/site-packages/airflow/example_dags/tutorial_taskflow_api.py
[2025-11-21T10:51:23.147+0300] {logging_mixin.py:137} INFO - [2025-11-21T10:51:23.147+0300] {dag.py:2705} INFO - Sync 1 DAGs
[2025-11-21T10:51:23.186+0300] {logging_mixin.py:137} INFO - [2025-11-21T10:51:23.185+0300] {dag.py:3456} INFO - Setting next_dagrun for tutorial_taskflow_api to None, run_after=None
[2025-11-21T10:51:23.254+0300] {processor.py:175} INFO - Processing /home/pker/airflow_env/lib/python3.7/site-packages/airflow/example_dags/tutorial_taskflow_api.py took 0.181 seconds
[2025-11-21T10:52:09.820+0300] {processor.py:153} INFO - Started process (PID=30578) to work on /home/pker/airflow_env/lib/python3.7/site-packages/airflow/example_dags/tutorial_taskflow_api.py
[2025-11-21T10:52:09.843+0300] {processor.py:743} INFO - Processing file /home/pker/airflow_env/lib/python3.7/site-packages/airflow/example_dags/tutorial_taskflow_api.py for tasks to queue
[2025-11-21T10:52:09.845+0300] {logging_mixin.py:137} INFO - [2025-11-21T10:52:09.845+0300] {dagbag.py:532} INFO - Filling up the DagBag from /home/pker/airflow_env/lib/python3.7/site-packages/airflow/example_dags/tutorial_taskflow_api.py
[2025-11-21T10:52:09.884+0300] {processor.py:753} INFO - DAG(s) dict_keys(['tutorial_taskflow_api']) retrieved from /home/pker/airflow_env/lib/python3.7/site-packages/airflow/example_dags/tutorial_taskflow_api.py
[2025-11-21T10:52:09.914+0300] {logging_mixin.py:137} INFO - [2025-11-21T10:52:09.913+0300] {dag.py:2705} INFO - Sync 1 DAGs
[2025-11-21T10:52:09.955+0300] {logging_mixin.py:137} INFO - [2025-11-21T10:52:09.954+0300] {dag.py:3456} INFO - Setting next_dagrun for tutorial_taskflow_api to None, run_after=None
[2025-11-21T10:52:10.024+0300] {processor.py:175} INFO - Processing /home/pker/airflow_env/lib/python3.7/site-packages/airflow/example_dags/tutorial_taskflow_api.py took 0.210 seconds
[2025-11-21T10:52:55.068+0300] {processor.py:153} INFO - Started process (PID=30623) to work on /home/pker/airflow_env/lib/python3.7/site-packages/airflow/example_dags/tutorial_taskflow_api.py
[2025-11-21T10:52:55.092+0300] {processor.py:743} INFO - Processing file /home/pker/airflow_env/lib/python3.7/site-packages/airflow/example_dags/tutorial_taskflow_api.py for tasks to queue
[2025-11-21T10:52:55.095+0300] {logging_mixin.py:137} INFO - [2025-11-21T10:52:55.095+0300] {dagbag.py:532} INFO - Filling up the DagBag from /home/pker/airflow_env/lib/python3.7/site-packages/airflow/example_dags/tutorial_taskflow_api.py
[2025-11-21T10:52:55.142+0300] {processor.py:753} INFO - DAG(s) dict_keys(['tutorial_taskflow_api']) retrieved from /home/pker/airflow_env/lib/python3.7/site-packages/airflow/example_dags/tutorial_taskflow_api.py
[2025-11-21T10:52:55.203+0300] {logging_mixin.py:137} INFO - [2025-11-21T10:52:55.203+0300] {dag.py:2705} INFO - Sync 1 DAGs
[2025-11-21T10:52:55.249+0300] {logging_mixin.py:137} INFO - [2025-11-21T10:52:55.248+0300] {dag.py:3456} INFO - Setting next_dagrun for tutorial_taskflow_api to None, run_after=None
[2025-11-21T10:52:55.299+0300] {processor.py:175} INFO - Processing /home/pker/airflow_env/lib/python3.7/site-packages/airflow/example_dags/tutorial_taskflow_api.py took 0.240 seconds
[2025-11-21T10:53:44.014+0300] {processor.py:153} INFO - Started process (PID=30665) to work on /home/pker/airflow_env/lib/python3.7/site-packages/airflow/example_dags/tutorial_taskflow_api.py
[2025-11-21T10:53:44.038+0300] {processor.py:743} INFO - Processing file /home/pker/airflow_env/lib/python3.7/site-packages/airflow/example_dags/tutorial_taskflow_api.py for tasks to queue
[2025-11-21T10:53:44.040+0300] {logging_mixin.py:137} INFO - [2025-11-21T10:53:44.040+0300] {dagbag.py:532} INFO - Filling up the DagBag from /home/pker/airflow_env/lib/python3.7/site-packages/airflow/example_dags/tutorial_taskflow_api.py
[2025-11-21T10:53:44.096+0300] {processor.py:753} INFO - DAG(s) dict_keys(['tutorial_taskflow_api']) retrieved from /home/pker/airflow_env/lib/python3.7/site-packages/airflow/example_dags/tutorial_taskflow_api.py
[2025-11-21T10:53:44.133+0300] {logging_mixin.py:137} INFO - [2025-11-21T10:53:44.132+0300] {dag.py:2705} INFO - Sync 1 DAGs
[2025-11-21T10:53:44.161+0300] {logging_mixin.py:137} INFO - [2025-11-21T10:53:44.161+0300] {dag.py:3456} INFO - Setting next_dagrun for tutorial_taskflow_api to None, run_after=None
[2025-11-21T10:53:44.195+0300] {processor.py:175} INFO - Processing /home/pker/airflow_env/lib/python3.7/site-packages/airflow/example_dags/tutorial_taskflow_api.py took 0.188 seconds
[2025-11-21T10:54:31.164+0300] {processor.py:153} INFO - Started process (PID=30709) to work on /home/pker/airflow_env/lib/python3.7/site-packages/airflow/example_dags/tutorial_taskflow_api.py
[2025-11-21T10:54:31.167+0300] {processor.py:743} INFO - Processing file /home/pker/airflow_env/lib/python3.7/site-packages/airflow/example_dags/tutorial_taskflow_api.py for tasks to queue
[2025-11-21T10:54:31.169+0300] {logging_mixin.py:137} INFO - [2025-11-21T10:54:31.169+0300] {dagbag.py:532} INFO - Filling up the DagBag from /home/pker/airflow_env/lib/python3.7/site-packages/airflow/example_dags/tutorial_taskflow_api.py
[2025-11-21T10:54:31.214+0300] {processor.py:753} INFO - DAG(s) dict_keys(['tutorial_taskflow_api']) retrieved from /home/pker/airflow_env/lib/python3.7/site-packages/airflow/example_dags/tutorial_taskflow_api.py
[2025-11-21T10:54:31.245+0300] {logging_mixin.py:137} INFO - [2025-11-21T10:54:31.245+0300] {dag.py:2705} INFO - Sync 1 DAGs
[2025-11-21T10:54:31.276+0300] {logging_mixin.py:137} INFO - [2025-11-21T10:54:31.275+0300] {dag.py:3456} INFO - Setting next_dagrun for tutorial_taskflow_api to None, run_after=None
[2025-11-21T10:54:31.353+0300] {processor.py:175} INFO - Processing /home/pker/airflow_env/lib/python3.7/site-packages/airflow/example_dags/tutorial_taskflow_api.py took 0.195 seconds
[2025-11-21T10:55:19.868+0300] {processor.py:153} INFO - Started process (PID=30759) to work on /home/pker/airflow_env/lib/python3.7/site-packages/airflow/example_dags/tutorial_taskflow_api.py
[2025-11-21T10:55:19.893+0300] {processor.py:743} INFO - Processing file /home/pker/airflow_env/lib/python3.7/site-packages/airflow/example_dags/tutorial_taskflow_api.py for tasks to queue
[2025-11-21T10:55:19.895+0300] {logging_mixin.py:137} INFO - [2025-11-21T10:55:19.895+0300] {dagbag.py:532} INFO - Filling up the DagBag from /home/pker/airflow_env/lib/python3.7/site-packages/airflow/example_dags/tutorial_taskflow_api.py
[2025-11-21T10:55:19.946+0300] {processor.py:753} INFO - DAG(s) dict_keys(['tutorial_taskflow_api']) retrieved from /home/pker/airflow_env/lib/python3.7/site-packages/airflow/example_dags/tutorial_taskflow_api.py
[2025-11-21T10:55:19.978+0300] {logging_mixin.py:137} INFO - [2025-11-21T10:55:19.978+0300] {dag.py:2705} INFO - Sync 1 DAGs
[2025-11-21T10:55:20.011+0300] {logging_mixin.py:137} INFO - [2025-11-21T10:55:20.010+0300] {dag.py:3456} INFO - Setting next_dagrun for tutorial_taskflow_api to None, run_after=None
[2025-11-21T10:55:20.071+0300] {processor.py:175} INFO - Processing /home/pker/airflow_env/lib/python3.7/site-packages/airflow/example_dags/tutorial_taskflow_api.py took 0.212 seconds
[2025-11-21T10:56:07.898+0300] {processor.py:153} INFO - Started process (PID=30805) to work on /home/pker/airflow_env/lib/python3.7/site-packages/airflow/example_dags/tutorial_taskflow_api.py
[2025-11-21T10:56:07.920+0300] {processor.py:743} INFO - Processing file /home/pker/airflow_env/lib/python3.7/site-packages/airflow/example_dags/tutorial_taskflow_api.py for tasks to queue
[2025-11-21T10:56:07.922+0300] {logging_mixin.py:137} INFO - [2025-11-21T10:56:07.922+0300] {dagbag.py:532} INFO - Filling up the DagBag from /home/pker/airflow_env/lib/python3.7/site-packages/airflow/example_dags/tutorial_taskflow_api.py
[2025-11-21T10:56:07.981+0300] {processor.py:753} INFO - DAG(s) dict_keys(['tutorial_taskflow_api']) retrieved from /home/pker/airflow_env/lib/python3.7/site-packages/airflow/example_dags/tutorial_taskflow_api.py
[2025-11-21T10:56:08.017+0300] {logging_mixin.py:137} INFO - [2025-11-21T10:56:08.017+0300] {dag.py:2705} INFO - Sync 1 DAGs
[2025-11-21T10:56:08.055+0300] {logging_mixin.py:137} INFO - [2025-11-21T10:56:08.055+0300] {dag.py:3456} INFO - Setting next_dagrun for tutorial_taskflow_api to None, run_after=None
[2025-11-21T10:56:08.122+0300] {processor.py:175} INFO - Processing /home/pker/airflow_env/lib/python3.7/site-packages/airflow/example_dags/tutorial_taskflow_api.py took 0.231 seconds
[2025-11-21T10:56:54.829+0300] {processor.py:153} INFO - Started process (PID=30849) to work on /home/pker/airflow_env/lib/python3.7/site-packages/airflow/example_dags/tutorial_taskflow_api.py
[2025-11-21T10:56:54.843+0300] {processor.py:743} INFO - Processing file /home/pker/airflow_env/lib/python3.7/site-packages/airflow/example_dags/tutorial_taskflow_api.py for tasks to queue
[2025-11-21T10:56:54.845+0300] {logging_mixin.py:137} INFO - [2025-11-21T10:56:54.845+0300] {dagbag.py:532} INFO - Filling up the DagBag from /home/pker/airflow_env/lib/python3.7/site-packages/airflow/example_dags/tutorial_taskflow_api.py
[2025-11-21T10:56:54.894+0300] {processor.py:753} INFO - DAG(s) dict_keys(['tutorial_taskflow_api']) retrieved from /home/pker/airflow_env/lib/python3.7/site-packages/airflow/example_dags/tutorial_taskflow_api.py
[2025-11-21T10:56:54.928+0300] {logging_mixin.py:137} INFO - [2025-11-21T10:56:54.927+0300] {dag.py:2705} INFO - Sync 1 DAGs
[2025-11-21T10:56:54.972+0300] {logging_mixin.py:137} INFO - [2025-11-21T10:56:54.972+0300] {dag.py:3456} INFO - Setting next_dagrun for tutorial_taskflow_api to None, run_after=None
[2025-11-21T10:56:55.057+0300] {processor.py:175} INFO - Processing /home/pker/airflow_env/lib/python3.7/site-packages/airflow/example_dags/tutorial_taskflow_api.py took 0.238 seconds
[2025-11-21T10:57:45.210+0300] {processor.py:153} INFO - Started process (PID=30891) to work on /home/pker/airflow_env/lib/python3.7/site-packages/airflow/example_dags/tutorial_taskflow_api.py
[2025-11-21T10:57:45.228+0300] {processor.py:743} INFO - Processing file /home/pker/airflow_env/lib/python3.7/site-packages/airflow/example_dags/tutorial_taskflow_api.py for tasks to queue
[2025-11-21T10:57:45.229+0300] {logging_mixin.py:137} INFO - [2025-11-21T10:57:45.229+0300] {dagbag.py:532} INFO - Filling up the DagBag from /home/pker/airflow_env/lib/python3.7/site-packages/airflow/example_dags/tutorial_taskflow_api.py
[2025-11-21T10:57:45.276+0300] {processor.py:753} INFO - DAG(s) dict_keys(['tutorial_taskflow_api']) retrieved from /home/pker/airflow_env/lib/python3.7/site-packages/airflow/example_dags/tutorial_taskflow_api.py
[2025-11-21T10:57:45.317+0300] {logging_mixin.py:137} INFO - [2025-11-21T10:57:45.317+0300] {dag.py:2705} INFO - Sync 1 DAGs
[2025-11-21T10:57:45.348+0300] {logging_mixin.py:137} INFO - [2025-11-21T10:57:45.348+0300] {dag.py:3456} INFO - Setting next_dagrun for tutorial_taskflow_api to None, run_after=None
[2025-11-21T10:57:45.398+0300] {processor.py:175} INFO - Processing /home/pker/airflow_env/lib/python3.7/site-packages/airflow/example_dags/tutorial_taskflow_api.py took 0.198 seconds
[2025-11-21T10:58:31.603+0300] {processor.py:153} INFO - Started process (PID=30941) to work on /home/pker/airflow_env/lib/python3.7/site-packages/airflow/example_dags/tutorial_taskflow_api.py
[2025-11-21T10:58:31.628+0300] {processor.py:743} INFO - Processing file /home/pker/airflow_env/lib/python3.7/site-packages/airflow/example_dags/tutorial_taskflow_api.py for tasks to queue
[2025-11-21T10:58:31.630+0300] {logging_mixin.py:137} INFO - [2025-11-21T10:58:31.630+0300] {dagbag.py:532} INFO - Filling up the DagBag from /home/pker/airflow_env/lib/python3.7/site-packages/airflow/example_dags/tutorial_taskflow_api.py
[2025-11-21T10:58:31.674+0300] {processor.py:753} INFO - DAG(s) dict_keys(['tutorial_taskflow_api']) retrieved from /home/pker/airflow_env/lib/python3.7/site-packages/airflow/example_dags/tutorial_taskflow_api.py
[2025-11-21T10:58:31.708+0300] {logging_mixin.py:137} INFO - [2025-11-21T10:58:31.708+0300] {dag.py:2705} INFO - Sync 1 DAGs
[2025-11-21T10:58:31.744+0300] {logging_mixin.py:137} INFO - [2025-11-21T10:58:31.744+0300] {dag.py:3456} INFO - Setting next_dagrun for tutorial_taskflow_api to None, run_after=None
[2025-11-21T10:58:31.830+0300] {processor.py:175} INFO - Processing /home/pker/airflow_env/lib/python3.7/site-packages/airflow/example_dags/tutorial_taskflow_api.py took 0.239 seconds
[2025-11-21T10:59:20.437+0300] {processor.py:153} INFO - Started process (PID=31000) to work on /home/pker/airflow_env/lib/python3.7/site-packages/airflow/example_dags/tutorial_taskflow_api.py
[2025-11-21T10:59:20.459+0300] {processor.py:743} INFO - Processing file /home/pker/airflow_env/lib/python3.7/site-packages/airflow/example_dags/tutorial_taskflow_api.py for tasks to queue
[2025-11-21T10:59:20.462+0300] {logging_mixin.py:137} INFO - [2025-11-21T10:59:20.462+0300] {dagbag.py:532} INFO - Filling up the DagBag from /home/pker/airflow_env/lib/python3.7/site-packages/airflow/example_dags/tutorial_taskflow_api.py
[2025-11-21T10:59:20.499+0300] {processor.py:753} INFO - DAG(s) dict_keys(['tutorial_taskflow_api']) retrieved from /home/pker/airflow_env/lib/python3.7/site-packages/airflow/example_dags/tutorial_taskflow_api.py
[2025-11-21T10:59:20.525+0300] {logging_mixin.py:137} INFO - [2025-11-21T10:59:20.525+0300] {dag.py:2705} INFO - Sync 1 DAGs
[2025-11-21T10:59:20.556+0300] {logging_mixin.py:137} INFO - [2025-11-21T10:59:20.556+0300] {dag.py:3456} INFO - Setting next_dagrun for tutorial_taskflow_api to None, run_after=None
[2025-11-21T10:59:20.617+0300] {processor.py:175} INFO - Processing /home/pker/airflow_env/lib/python3.7/site-packages/airflow/example_dags/tutorial_taskflow_api.py took 0.185 seconds
[2025-11-21T11:00:10.458+0300] {processor.py:153} INFO - Started process (PID=31047) to work on /home/pker/airflow_env/lib/python3.7/site-packages/airflow/example_dags/tutorial_taskflow_api.py
[2025-11-21T11:00:10.462+0300] {processor.py:743} INFO - Processing file /home/pker/airflow_env/lib/python3.7/site-packages/airflow/example_dags/tutorial_taskflow_api.py for tasks to queue
[2025-11-21T11:00:10.464+0300] {logging_mixin.py:137} INFO - [2025-11-21T11:00:10.463+0300] {dagbag.py:532} INFO - Filling up the DagBag from /home/pker/airflow_env/lib/python3.7/site-packages/airflow/example_dags/tutorial_taskflow_api.py
[2025-11-21T11:00:10.500+0300] {processor.py:753} INFO - DAG(s) dict_keys(['tutorial_taskflow_api']) retrieved from /home/pker/airflow_env/lib/python3.7/site-packages/airflow/example_dags/tutorial_taskflow_api.py
[2025-11-21T11:00:10.531+0300] {logging_mixin.py:137} INFO - [2025-11-21T11:00:10.531+0300] {dag.py:2705} INFO - Sync 1 DAGs
[2025-11-21T11:00:10.560+0300] {logging_mixin.py:137} INFO - [2025-11-21T11:00:10.560+0300] {dag.py:3456} INFO - Setting next_dagrun for tutorial_taskflow_api to None, run_after=None
[2025-11-21T11:00:10.619+0300] {processor.py:175} INFO - Processing /home/pker/airflow_env/lib/python3.7/site-packages/airflow/example_dags/tutorial_taskflow_api.py took 0.167 seconds
[2025-11-21T11:01:02.299+0300] {processor.py:153} INFO - Started process (PID=31104) to work on /home/pker/airflow_env/lib/python3.7/site-packages/airflow/example_dags/tutorial_taskflow_api.py
[2025-11-21T11:01:02.321+0300] {processor.py:743} INFO - Processing file /home/pker/airflow_env/lib/python3.7/site-packages/airflow/example_dags/tutorial_taskflow_api.py for tasks to queue
[2025-11-21T11:01:02.324+0300] {logging_mixin.py:137} INFO - [2025-11-21T11:01:02.323+0300] {dagbag.py:532} INFO - Filling up the DagBag from /home/pker/airflow_env/lib/python3.7/site-packages/airflow/example_dags/tutorial_taskflow_api.py
[2025-11-21T11:01:02.364+0300] {processor.py:753} INFO - DAG(s) dict_keys(['tutorial_taskflow_api']) retrieved from /home/pker/airflow_env/lib/python3.7/site-packages/airflow/example_dags/tutorial_taskflow_api.py
[2025-11-21T11:01:02.397+0300] {logging_mixin.py:137} INFO - [2025-11-21T11:01:02.397+0300] {dag.py:2705} INFO - Sync 1 DAGs
[2025-11-21T11:01:02.442+0300] {logging_mixin.py:137} INFO - [2025-11-21T11:01:02.441+0300] {dag.py:3456} INFO - Setting next_dagrun for tutorial_taskflow_api to None, run_after=None
[2025-11-21T11:01:02.520+0300] {processor.py:175} INFO - Processing /home/pker/airflow_env/lib/python3.7/site-packages/airflow/example_dags/tutorial_taskflow_api.py took 0.227 seconds
[2025-11-21T11:01:51.862+0300] {processor.py:153} INFO - Started process (PID=31150) to work on /home/pker/airflow_env/lib/python3.7/site-packages/airflow/example_dags/tutorial_taskflow_api.py
[2025-11-21T11:01:51.883+0300] {processor.py:743} INFO - Processing file /home/pker/airflow_env/lib/python3.7/site-packages/airflow/example_dags/tutorial_taskflow_api.py for tasks to queue
[2025-11-21T11:01:51.885+0300] {logging_mixin.py:137} INFO - [2025-11-21T11:01:51.884+0300] {dagbag.py:532} INFO - Filling up the DagBag from /home/pker/airflow_env/lib/python3.7/site-packages/airflow/example_dags/tutorial_taskflow_api.py
[2025-11-21T11:01:51.941+0300] {processor.py:753} INFO - DAG(s) dict_keys(['tutorial_taskflow_api']) retrieved from /home/pker/airflow_env/lib/python3.7/site-packages/airflow/example_dags/tutorial_taskflow_api.py
[2025-11-21T11:01:51.992+0300] {logging_mixin.py:137} INFO - [2025-11-21T11:01:51.992+0300] {dag.py:2705} INFO - Sync 1 DAGs
[2025-11-21T11:01:52.041+0300] {logging_mixin.py:137} INFO - [2025-11-21T11:01:52.041+0300] {dag.py:3456} INFO - Setting next_dagrun for tutorial_taskflow_api to None, run_after=None
[2025-11-21T11:01:52.101+0300] {processor.py:175} INFO - Processing /home/pker/airflow_env/lib/python3.7/site-packages/airflow/example_dags/tutorial_taskflow_api.py took 0.246 seconds
[2025-11-21T11:02:36.593+0300] {processor.py:153} INFO - Started process (PID=31194) to work on /home/pker/airflow_env/lib/python3.7/site-packages/airflow/example_dags/tutorial_taskflow_api.py
[2025-11-21T11:02:36.617+0300] {processor.py:743} INFO - Processing file /home/pker/airflow_env/lib/python3.7/site-packages/airflow/example_dags/tutorial_taskflow_api.py for tasks to queue
[2025-11-21T11:02:36.619+0300] {logging_mixin.py:137} INFO - [2025-11-21T11:02:36.619+0300] {dagbag.py:532} INFO - Filling up the DagBag from /home/pker/airflow_env/lib/python3.7/site-packages/airflow/example_dags/tutorial_taskflow_api.py
[2025-11-21T11:02:36.658+0300] {processor.py:753} INFO - DAG(s) dict_keys(['tutorial_taskflow_api']) retrieved from /home/pker/airflow_env/lib/python3.7/site-packages/airflow/example_dags/tutorial_taskflow_api.py
[2025-11-21T11:02:36.693+0300] {logging_mixin.py:137} INFO - [2025-11-21T11:02:36.692+0300] {dag.py:2705} INFO - Sync 1 DAGs
[2025-11-21T11:02:36.730+0300] {logging_mixin.py:137} INFO - [2025-11-21T11:02:36.730+0300] {dag.py:3456} INFO - Setting next_dagrun for tutorial_taskflow_api to None, run_after=None
[2025-11-21T11:02:36.787+0300] {processor.py:175} INFO - Processing /home/pker/airflow_env/lib/python3.7/site-packages/airflow/example_dags/tutorial_taskflow_api.py took 0.200 seconds
[2025-11-21T11:03:24.264+0300] {processor.py:153} INFO - Started process (PID=31239) to work on /home/pker/airflow_env/lib/python3.7/site-packages/airflow/example_dags/tutorial_taskflow_api.py
[2025-11-21T11:03:24.287+0300] {processor.py:743} INFO - Processing file /home/pker/airflow_env/lib/python3.7/site-packages/airflow/example_dags/tutorial_taskflow_api.py for tasks to queue
[2025-11-21T11:03:24.289+0300] {logging_mixin.py:137} INFO - [2025-11-21T11:03:24.289+0300] {dagbag.py:532} INFO - Filling up the DagBag from /home/pker/airflow_env/lib/python3.7/site-packages/airflow/example_dags/tutorial_taskflow_api.py
[2025-11-21T11:03:24.334+0300] {processor.py:753} INFO - DAG(s) dict_keys(['tutorial_taskflow_api']) retrieved from /home/pker/airflow_env/lib/python3.7/site-packages/airflow/example_dags/tutorial_taskflow_api.py
[2025-11-21T11:03:24.362+0300] {logging_mixin.py:137} INFO - [2025-11-21T11:03:24.362+0300] {dag.py:2705} INFO - Sync 1 DAGs
[2025-11-21T11:03:24.401+0300] {logging_mixin.py:137} INFO - [2025-11-21T11:03:24.401+0300] {dag.py:3456} INFO - Setting next_dagrun for tutorial_taskflow_api to None, run_after=None
[2025-11-21T11:03:24.464+0300] {processor.py:175} INFO - Processing /home/pker/airflow_env/lib/python3.7/site-packages/airflow/example_dags/tutorial_taskflow_api.py took 0.209 seconds
[2025-11-21T11:04:10.409+0300] {processor.py:153} INFO - Started process (PID=31284) to work on /home/pker/airflow_env/lib/python3.7/site-packages/airflow/example_dags/tutorial_taskflow_api.py
[2025-11-21T11:04:10.429+0300] {processor.py:743} INFO - Processing file /home/pker/airflow_env/lib/python3.7/site-packages/airflow/example_dags/tutorial_taskflow_api.py for tasks to queue
[2025-11-21T11:04:10.431+0300] {logging_mixin.py:137} INFO - [2025-11-21T11:04:10.430+0300] {dagbag.py:532} INFO - Filling up the DagBag from /home/pker/airflow_env/lib/python3.7/site-packages/airflow/example_dags/tutorial_taskflow_api.py
[2025-11-21T11:04:10.471+0300] {processor.py:753} INFO - DAG(s) dict_keys(['tutorial_taskflow_api']) retrieved from /home/pker/airflow_env/lib/python3.7/site-packages/airflow/example_dags/tutorial_taskflow_api.py
[2025-11-21T11:04:10.502+0300] {logging_mixin.py:137} INFO - [2025-11-21T11:04:10.502+0300] {dag.py:2705} INFO - Sync 1 DAGs
[2025-11-21T11:04:10.532+0300] {logging_mixin.py:137} INFO - [2025-11-21T11:04:10.531+0300] {dag.py:3456} INFO - Setting next_dagrun for tutorial_taskflow_api to None, run_after=None
[2025-11-21T11:04:10.591+0300] {processor.py:175} INFO - Processing /home/pker/airflow_env/lib/python3.7/site-packages/airflow/example_dags/tutorial_taskflow_api.py took 0.186 seconds
[2025-11-21T11:04:59.933+0300] {processor.py:153} INFO - Started process (PID=31329) to work on /home/pker/airflow_env/lib/python3.7/site-packages/airflow/example_dags/tutorial_taskflow_api.py
[2025-11-21T11:04:59.936+0300] {processor.py:743} INFO - Processing file /home/pker/airflow_env/lib/python3.7/site-packages/airflow/example_dags/tutorial_taskflow_api.py for tasks to queue
[2025-11-21T11:04:59.937+0300] {logging_mixin.py:137} INFO - [2025-11-21T11:04:59.937+0300] {dagbag.py:532} INFO - Filling up the DagBag from /home/pker/airflow_env/lib/python3.7/site-packages/airflow/example_dags/tutorial_taskflow_api.py
[2025-11-21T11:04:59.967+0300] {processor.py:753} INFO - DAG(s) dict_keys(['tutorial_taskflow_api']) retrieved from /home/pker/airflow_env/lib/python3.7/site-packages/airflow/example_dags/tutorial_taskflow_api.py
[2025-11-21T11:04:59.998+0300] {logging_mixin.py:137} INFO - [2025-11-21T11:04:59.998+0300] {dag.py:2705} INFO - Sync 1 DAGs
[2025-11-21T11:05:00.036+0300] {logging_mixin.py:137} INFO - [2025-11-21T11:05:00.035+0300] {dag.py:3456} INFO - Setting next_dagrun for tutorial_taskflow_api to None, run_after=None
[2025-11-21T11:05:00.104+0300] {processor.py:175} INFO - Processing /home/pker/airflow_env/lib/python3.7/site-packages/airflow/example_dags/tutorial_taskflow_api.py took 0.175 seconds
[2025-11-21T11:05:48.441+0300] {processor.py:153} INFO - Started process (PID=31382) to work on /home/pker/airflow_env/lib/python3.7/site-packages/airflow/example_dags/tutorial_taskflow_api.py
[2025-11-21T11:05:48.446+0300] {processor.py:743} INFO - Processing file /home/pker/airflow_env/lib/python3.7/site-packages/airflow/example_dags/tutorial_taskflow_api.py for tasks to queue
[2025-11-21T11:05:48.448+0300] {logging_mixin.py:137} INFO - [2025-11-21T11:05:48.447+0300] {dagbag.py:532} INFO - Filling up the DagBag from /home/pker/airflow_env/lib/python3.7/site-packages/airflow/example_dags/tutorial_taskflow_api.py
[2025-11-21T11:05:48.486+0300] {processor.py:753} INFO - DAG(s) dict_keys(['tutorial_taskflow_api']) retrieved from /home/pker/airflow_env/lib/python3.7/site-packages/airflow/example_dags/tutorial_taskflow_api.py
[2025-11-21T11:05:48.514+0300] {logging_mixin.py:137} INFO - [2025-11-21T11:05:48.514+0300] {dag.py:2705} INFO - Sync 1 DAGs
[2025-11-21T11:05:48.541+0300] {logging_mixin.py:137} INFO - [2025-11-21T11:05:48.541+0300] {dag.py:3456} INFO - Setting next_dagrun for tutorial_taskflow_api to None, run_after=None
[2025-11-21T11:05:48.580+0300] {processor.py:175} INFO - Processing /home/pker/airflow_env/lib/python3.7/site-packages/airflow/example_dags/tutorial_taskflow_api.py took 0.145 seconds
[2025-11-21T11:06:37.558+0300] {processor.py:153} INFO - Started process (PID=31428) to work on /home/pker/airflow_env/lib/python3.7/site-packages/airflow/example_dags/tutorial_taskflow_api.py
[2025-11-21T11:06:37.580+0300] {processor.py:743} INFO - Processing file /home/pker/airflow_env/lib/python3.7/site-packages/airflow/example_dags/tutorial_taskflow_api.py for tasks to queue
[2025-11-21T11:06:37.583+0300] {logging_mixin.py:137} INFO - [2025-11-21T11:06:37.582+0300] {dagbag.py:532} INFO - Filling up the DagBag from /home/pker/airflow_env/lib/python3.7/site-packages/airflow/example_dags/tutorial_taskflow_api.py
[2025-11-21T11:06:37.621+0300] {processor.py:753} INFO - DAG(s) dict_keys(['tutorial_taskflow_api']) retrieved from /home/pker/airflow_env/lib/python3.7/site-packages/airflow/example_dags/tutorial_taskflow_api.py
[2025-11-21T11:06:37.657+0300] {logging_mixin.py:137} INFO - [2025-11-21T11:06:37.657+0300] {dag.py:2705} INFO - Sync 1 DAGs
[2025-11-21T11:06:37.692+0300] {logging_mixin.py:137} INFO - [2025-11-21T11:06:37.691+0300] {dag.py:3456} INFO - Setting next_dagrun for tutorial_taskflow_api to None, run_after=None
[2025-11-21T11:06:37.751+0300] {processor.py:175} INFO - Processing /home/pker/airflow_env/lib/python3.7/site-packages/airflow/example_dags/tutorial_taskflow_api.py took 0.197 seconds
[2025-11-21T11:07:24.427+0300] {processor.py:153} INFO - Started process (PID=31476) to work on /home/pker/airflow_env/lib/python3.7/site-packages/airflow/example_dags/tutorial_taskflow_api.py
[2025-11-21T11:07:24.447+0300] {processor.py:743} INFO - Processing file /home/pker/airflow_env/lib/python3.7/site-packages/airflow/example_dags/tutorial_taskflow_api.py for tasks to queue
[2025-11-21T11:07:24.449+0300] {logging_mixin.py:137} INFO - [2025-11-21T11:07:24.449+0300] {dagbag.py:532} INFO - Filling up the DagBag from /home/pker/airflow_env/lib/python3.7/site-packages/airflow/example_dags/tutorial_taskflow_api.py
[2025-11-21T11:07:24.500+0300] {processor.py:753} INFO - DAG(s) dict_keys(['tutorial_taskflow_api']) retrieved from /home/pker/airflow_env/lib/python3.7/site-packages/airflow/example_dags/tutorial_taskflow_api.py
[2025-11-21T11:07:24.536+0300] {logging_mixin.py:137} INFO - [2025-11-21T11:07:24.536+0300] {dag.py:2705} INFO - Sync 1 DAGs
[2025-11-21T11:07:24.575+0300] {logging_mixin.py:137} INFO - [2025-11-21T11:07:24.575+0300] {dag.py:3456} INFO - Setting next_dagrun for tutorial_taskflow_api to None, run_after=None
[2025-11-21T11:07:24.608+0300] {processor.py:175} INFO - Processing /home/pker/airflow_env/lib/python3.7/site-packages/airflow/example_dags/tutorial_taskflow_api.py took 0.190 seconds
[2025-11-21T11:08:13.009+0300] {processor.py:153} INFO - Started process (PID=31545) to work on /home/pker/airflow_env/lib/python3.7/site-packages/airflow/example_dags/tutorial_taskflow_api.py
[2025-11-21T11:08:13.029+0300] {processor.py:743} INFO - Processing file /home/pker/airflow_env/lib/python3.7/site-packages/airflow/example_dags/tutorial_taskflow_api.py for tasks to queue
[2025-11-21T11:08:13.031+0300] {logging_mixin.py:137} INFO - [2025-11-21T11:08:13.030+0300] {dagbag.py:532} INFO - Filling up the DagBag from /home/pker/airflow_env/lib/python3.7/site-packages/airflow/example_dags/tutorial_taskflow_api.py
[2025-11-21T11:08:13.074+0300] {processor.py:753} INFO - DAG(s) dict_keys(['tutorial_taskflow_api']) retrieved from /home/pker/airflow_env/lib/python3.7/site-packages/airflow/example_dags/tutorial_taskflow_api.py
[2025-11-21T11:08:13.105+0300] {logging_mixin.py:137} INFO - [2025-11-21T11:08:13.105+0300] {dag.py:2705} INFO - Sync 1 DAGs
[2025-11-21T11:08:13.137+0300] {logging_mixin.py:137} INFO - [2025-11-21T11:08:13.137+0300] {dag.py:3456} INFO - Setting next_dagrun for tutorial_taskflow_api to None, run_after=None
[2025-11-21T11:08:13.196+0300] {processor.py:175} INFO - Processing /home/pker/airflow_env/lib/python3.7/site-packages/airflow/example_dags/tutorial_taskflow_api.py took 0.195 seconds
[2025-11-21T11:09:00.816+0300] {processor.py:153} INFO - Started process (PID=31592) to work on /home/pker/airflow_env/lib/python3.7/site-packages/airflow/example_dags/tutorial_taskflow_api.py
[2025-11-21T11:09:00.839+0300] {processor.py:743} INFO - Processing file /home/pker/airflow_env/lib/python3.7/site-packages/airflow/example_dags/tutorial_taskflow_api.py for tasks to queue
[2025-11-21T11:09:00.841+0300] {logging_mixin.py:137} INFO - [2025-11-21T11:09:00.840+0300] {dagbag.py:532} INFO - Filling up the DagBag from /home/pker/airflow_env/lib/python3.7/site-packages/airflow/example_dags/tutorial_taskflow_api.py
[2025-11-21T11:09:00.878+0300] {processor.py:753} INFO - DAG(s) dict_keys(['tutorial_taskflow_api']) retrieved from /home/pker/airflow_env/lib/python3.7/site-packages/airflow/example_dags/tutorial_taskflow_api.py
[2025-11-21T11:09:00.912+0300] {logging_mixin.py:137} INFO - [2025-11-21T11:09:00.911+0300] {dag.py:2705} INFO - Sync 1 DAGs
[2025-11-21T11:09:00.944+0300] {logging_mixin.py:137} INFO - [2025-11-21T11:09:00.944+0300] {dag.py:3456} INFO - Setting next_dagrun for tutorial_taskflow_api to None, run_after=None
[2025-11-21T11:09:01.007+0300] {processor.py:175} INFO - Processing /home/pker/airflow_env/lib/python3.7/site-packages/airflow/example_dags/tutorial_taskflow_api.py took 0.197 seconds
