[2025-11-29T09:04:21.802+0300] {taskinstance.py:1090} INFO - Dependencies all met for dep_context=non-requeueable deps ti=<TaskInstance: execute_multiple_tasks.task_2 manual__2025-11-29T06:04:15.905182+00:00 [queued]>
[2025-11-29T09:04:21.812+0300] {taskinstance.py:1090} INFO - Dependencies all met for dep_context=requeueable deps ti=<TaskInstance: execute_multiple_tasks.task_2 manual__2025-11-29T06:04:15.905182+00:00 [queued]>
[2025-11-29T09:04:21.812+0300] {taskinstance.py:1288} INFO - 
--------------------------------------------------------------------------------
[2025-11-29T09:04:21.812+0300] {taskinstance.py:1289} INFO - Starting attempt 1 of 1
[2025-11-29T09:04:21.812+0300] {taskinstance.py:1290} INFO - 
--------------------------------------------------------------------------------
[2025-11-29T09:04:21.835+0300] {taskinstance.py:1309} INFO - Executing <Task(BashOperator): task_2> on 2025-11-29 06:04:15.905182+00:00
[2025-11-29T09:04:21.841+0300] {standard_task_runner.py:55} INFO - Started process 614117 to run task
[2025-11-29T09:04:21.845+0300] {standard_task_runner.py:82} INFO - Running: ['airflow', 'tasks', 'run', 'execute_multiple_tasks', 'task_2', 'manual__2025-11-29T06:04:15.905182+00:00', '--job-id', '147', '--raw', '--subdir', 'DAGS_FOLDER/execute_multiple_tasks.py', '--cfg-path', '/tmp/tmpx5gl664l']
[2025-11-29T09:04:21.846+0300] {standard_task_runner.py:83} INFO - Job 147: Subtask task_2
[2025-11-29T09:04:21.913+0300] {task_command.py:389} INFO - Running <TaskInstance: execute_multiple_tasks.task_2 manual__2025-11-29T06:04:15.905182+00:00 [running]> on host DESKTOP-P0U82UP.
[2025-11-29T09:04:21.980+0300] {taskinstance.py:1518} INFO - Exporting the following env vars:
AIRFLOW_CTX_DAG_OWNER=pker
AIRFLOW_CTX_DAG_ID=execute_multiple_tasks
AIRFLOW_CTX_TASK_ID=task_2
AIRFLOW_CTX_EXECUTION_DATE=2025-11-29T06:04:15.905182+00:00
AIRFLOW_CTX_TRY_NUMBER=1
AIRFLOW_CTX_DAG_RUN_ID=manual__2025-11-29T06:04:15.905182+00:00
[2025-11-29T09:04:21.982+0300] {subprocess.py:63} INFO - Tmp dir root location: 
 /tmp
[2025-11-29T09:04:21.983+0300] {subprocess.py:75} INFO - Running command: ['/usr/bin/bash', '-c', '\n        echo "Executing Task 2" \n        sleep 4\n        echo "Task 2 completed"\n        ']
[2025-11-29T09:04:21.989+0300] {subprocess.py:86} INFO - Output:
[2025-11-29T09:04:21.989+0300] {subprocess.py:93} INFO - Executing Task 2
[2025-11-29T09:04:25.994+0300] {subprocess.py:93} INFO - Task 2 completed
[2025-11-29T09:04:25.995+0300] {subprocess.py:97} INFO - Command exited with return code 0
[2025-11-29T09:04:26.039+0300] {taskinstance.py:1332} INFO - Marking task as SUCCESS. dag_id=execute_multiple_tasks, task_id=task_2, execution_date=20251129T060415, start_date=20251129T060421, end_date=20251129T060426
[2025-11-29T09:04:26.077+0300] {local_task_job.py:212} INFO - Task exited with return code 0
[2025-11-29T09:04:26.105+0300] {taskinstance.py:2596} INFO - 0 downstream tasks scheduled from follow-on schedule check
