[2025-11-29T09:20:33.167+0300] {taskinstance.py:1090} INFO - Dependencies all met for dep_context=non-requeueable deps ti=<TaskInstance: cross_task_communication.increment_by_1 manual__2025-11-29T06:20:30.881362+00:00 [queued]>
[2025-11-29T09:20:33.175+0300] {taskinstance.py:1090} INFO - Dependencies all met for dep_context=requeueable deps ti=<TaskInstance: cross_task_communication.increment_by_1 manual__2025-11-29T06:20:30.881362+00:00 [queued]>
[2025-11-29T09:20:33.175+0300] {taskinstance.py:1288} INFO - 
--------------------------------------------------------------------------------
[2025-11-29T09:20:33.176+0300] {taskinstance.py:1289} INFO - Starting attempt 1 of 1
[2025-11-29T09:20:33.176+0300] {taskinstance.py:1290} INFO - 
--------------------------------------------------------------------------------
[2025-11-29T09:20:33.195+0300] {taskinstance.py:1309} INFO - Executing <Task(PythonOperator): increment_by_1> on 2025-11-29 06:20:30.881362+00:00
[2025-11-29T09:20:33.199+0300] {standard_task_runner.py:55} INFO - Started process 622873 to run task
[2025-11-29T09:20:33.203+0300] {standard_task_runner.py:82} INFO - Running: ['airflow', 'tasks', 'run', 'cross_task_communication', 'increment_by_1', 'manual__2025-11-29T06:20:30.881362+00:00', '--job-id', '164', '--raw', '--subdir', 'DAGS_FOLDER/xcom.py', '--cfg-path', '/tmp/tmpz8v_jej8']
[2025-11-29T09:20:33.203+0300] {standard_task_runner.py:83} INFO - Job 164: Subtask increment_by_1
[2025-11-29T09:20:33.269+0300] {task_command.py:389} INFO - Running <TaskInstance: cross_task_communication.increment_by_1 manual__2025-11-29T06:20:30.881362+00:00 [running]> on host DESKTOP-P0U82UP.
[2025-11-29T09:20:33.336+0300] {taskinstance.py:1518} INFO - Exporting the following env vars:
AIRFLOW_CTX_DAG_OWNER=pker
AIRFLOW_CTX_DAG_ID=cross_task_communication
AIRFLOW_CTX_TASK_ID=increment_by_1
AIRFLOW_CTX_EXECUTION_DATE=2025-11-29T06:20:30.881362+00:00
AIRFLOW_CTX_TRY_NUMBER=1
AIRFLOW_CTX_DAG_RUN_ID=manual__2025-11-29T06:20:30.881362+00:00
[2025-11-29T09:20:33.338+0300] {logging_mixin.py:137} INFO - Value 1!
[2025-11-29T09:20:33.339+0300] {python.py:177} INFO - Done. Returned value was: 2
[2025-11-29T09:20:33.355+0300] {taskinstance.py:1332} INFO - Marking task as SUCCESS. dag_id=cross_task_communication, task_id=increment_by_1, execution_date=20251129T062030, start_date=20251129T062033, end_date=20251129T062033
[2025-11-29T09:20:33.388+0300] {local_task_job.py:212} INFO - Task exited with return code 0
[2025-11-29T09:20:33.414+0300] {taskinstance.py:2596} INFO - 1 downstream tasks scheduled from follow-on schedule check
