[2025-12-24T12:58:21.279+0300] {taskinstance.py:1090} INFO - Dependencies all met for dep_context=non-requeueable deps ti=<TaskInstance: weather_dag.extract_weather_data manual__2025-12-24T09:58:16.570012+00:00 [queued]>
[2025-12-24T12:58:21.296+0300] {taskinstance.py:1090} INFO - Dependencies all met for dep_context=requeueable deps ti=<TaskInstance: weather_dag.extract_weather_data manual__2025-12-24T09:58:16.570012+00:00 [queued]>
[2025-12-24T12:58:21.297+0300] {taskinstance.py:1288} INFO - 
--------------------------------------------------------------------------------
[2025-12-24T12:58:21.297+0300] {taskinstance.py:1289} INFO - Starting attempt 1 of 1
[2025-12-24T12:58:21.297+0300] {taskinstance.py:1290} INFO - 
--------------------------------------------------------------------------------
[2025-12-24T12:58:21.317+0300] {taskinstance.py:1309} INFO - Executing <Task(PythonOperator): extract_weather_data> on 2025-12-24 09:58:16.570012+00:00
[2025-12-24T12:58:21.322+0300] {standard_task_runner.py:55} INFO - Started process 193862 to run task
[2025-12-24T12:58:21.327+0300] {standard_task_runner.py:82} INFO - Running: ['airflow', 'tasks', 'run', 'weather_dag', 'extract_weather_data', 'manual__2025-12-24T09:58:16.570012+00:00', '--job-id', '4', '--raw', '--subdir', 'DAGS_FOLDER/weather_dag.py', '--cfg-path', '/tmp/tmpca48yke0']
[2025-12-24T12:58:21.328+0300] {standard_task_runner.py:83} INFO - Job 4: Subtask extract_weather_data
[2025-12-24T12:58:21.770+0300] {task_command.py:389} INFO - Running <TaskInstance: weather_dag.extract_weather_data manual__2025-12-24T09:58:16.570012+00:00 [running]> on host DESKTOP-P0U82UP.
[2025-12-24T12:58:22.237+0300] {taskinstance.py:1518} INFO - Exporting the following env vars:
AIRFLOW_CTX_DAG_OWNER=pker
AIRFLOW_CTX_DAG_ID=weather_dag
AIRFLOW_CTX_TASK_ID=extract_weather_data
AIRFLOW_CTX_EXECUTION_DATE=2025-12-24T09:58:16.570012+00:00
AIRFLOW_CTX_TRY_NUMBER=1
AIRFLOW_CTX_DAG_RUN_ID=manual__2025-12-24T09:58:16.570012+00:00
[2025-12-24T12:58:23.772+0300] {taskinstance.py:1776} ERROR - Task failed with exception
Traceback (most recent call last):
  File "/home/pker/airflow_env/lib/python3.7/site-packages/airflow/operators/python.py", line 175, in execute
    return_value = self.execute_callable()
  File "/home/pker/airflow_env/lib/python3.7/site-packages/airflow/operators/python.py", line 192, in execute_callable
    return self.python_callable(*self.op_args, **self.op_kwargs)
  File "/home/pker/airflow/dags/weather_etl/main.py", line 26, in fetch_weather_data
    response.raise_for_status()
  File "/home/pker/airflow_env/lib/python3.7/site-packages/requests/models.py", line 1021, in raise_for_status
    raise HTTPError(http_error_msg, response=self)
requests.exceptions.HTTPError: 401 Client Error: Unauthorized for url: http://api.openweathermap.org/data/2.5/weather?q=Nairobi&appid=914630be09466c7a3bb2fba5721f283a%0D%0A&units=metric
[2025-12-24T12:58:23.881+0300] {taskinstance.py:1332} INFO - Marking task as FAILED. dag_id=weather_dag, task_id=extract_weather_data, execution_date=20251224T095816, start_date=20251224T095821, end_date=20251224T095823
[2025-12-24T12:58:23.909+0300] {standard_task_runner.py:105} ERROR - Failed to execute job 4 for task extract_weather_data (401 Client Error: Unauthorized for url: http://api.openweathermap.org/data/2.5/weather?q=Nairobi&appid=914630be09466c7a3bb2fba5721f283a%0D%0A&units=metric; 193862)
[2025-12-24T12:58:23.917+0300] {local_task_job.py:212} INFO - Task exited with return code 1
[2025-12-24T12:58:24.018+0300] {taskinstance.py:2596} INFO - 0 downstream tasks scheduled from follow-on schedule check
