[2025-12-26T07:54:38.001+0300] {taskinstance.py:1090} INFO - Dependencies all met for dep_context=non-requeueable deps ti=<TaskInstance: weather_dag.load_weather_data scheduled__2025-12-25T00:00:00+00:00 [queued]>
[2025-12-26T07:54:38.019+0300] {taskinstance.py:1090} INFO - Dependencies all met for dep_context=requeueable deps ti=<TaskInstance: weather_dag.load_weather_data scheduled__2025-12-25T00:00:00+00:00 [queued]>
[2025-12-26T07:54:38.019+0300] {taskinstance.py:1288} INFO - 
--------------------------------------------------------------------------------
[2025-12-26T07:54:38.020+0300] {taskinstance.py:1289} INFO - Starting attempt 1 of 1
[2025-12-26T07:54:38.020+0300] {taskinstance.py:1290} INFO - 
--------------------------------------------------------------------------------
[2025-12-26T07:54:38.062+0300] {taskinstance.py:1309} INFO - Executing <Task(PythonOperator): load_weather_data> on 2025-12-25 00:00:00+00:00
[2025-12-26T07:54:38.067+0300] {standard_task_runner.py:55} INFO - Started process 416317 to run task
[2025-12-26T07:54:38.072+0300] {standard_task_runner.py:82} INFO - Running: ['airflow', 'tasks', 'run', 'weather_dag', 'load_weather_data', 'scheduled__2025-12-25T00:00:00+00:00', '--job-id', '14', '--raw', '--subdir', 'DAGS_FOLDER/weather_dag.py', '--cfg-path', '/tmp/tmp_y564i0y']
[2025-12-26T07:54:38.073+0300] {standard_task_runner.py:83} INFO - Job 14: Subtask load_weather_data
[2025-12-26T07:54:38.506+0300] {task_command.py:389} INFO - Running <TaskInstance: weather_dag.load_weather_data scheduled__2025-12-25T00:00:00+00:00 [running]> on host DESKTOP-P0U82UP.
[2025-12-26T07:54:38.923+0300] {taskinstance.py:1518} INFO - Exporting the following env vars:
AIRFLOW_CTX_DAG_OWNER=pker
AIRFLOW_CTX_DAG_ID=weather_dag
AIRFLOW_CTX_TASK_ID=load_weather_data
AIRFLOW_CTX_EXECUTION_DATE=2025-12-25T00:00:00+00:00
AIRFLOW_CTX_TRY_NUMBER=1
AIRFLOW_CTX_DAG_RUN_ID=scheduled__2025-12-25T00:00:00+00:00
[2025-12-26T07:54:39.123+0300] {base.py:73} INFO - Using connection ID 'my_postgre_conn' for task execution.
[2025-12-26T07:54:39.208+0300] {sql.py:473} INFO - Done loading. Loaded a total of 1 rows into weather_table
[2025-12-26T07:54:39.208+0300] {logging_mixin.py:137} INFO - Successfully loaded 1 rows into PostgreSQL.
[2025-12-26T07:54:39.209+0300] {python.py:177} INFO - Done. Returned value was: None
[2025-12-26T07:54:39.305+0300] {taskinstance.py:1332} INFO - Marking task as SUCCESS. dag_id=weather_dag, task_id=load_weather_data, execution_date=20251225T000000, start_date=20251226T045438, end_date=20251226T045439
[2025-12-26T07:54:39.347+0300] {local_task_job.py:212} INFO - Task exited with return code 0
[2025-12-26T07:54:39.558+0300] {taskinstance.py:2596} INFO - 0 downstream tasks scheduled from follow-on schedule check
