[2025-11-27T07:48:58.525+0300] {taskinstance.py:1090} INFO - Dependencies all met for dep_context=non-requeueable deps ti=<TaskInstance: execute_multiple_tasks.task_4 scheduled__2025-11-26T00:00:00+00:00 [queued]>
[2025-11-27T07:48:58.539+0300] {taskinstance.py:1090} INFO - Dependencies all met for dep_context=requeueable deps ti=<TaskInstance: execute_multiple_tasks.task_4 scheduled__2025-11-26T00:00:00+00:00 [queued]>
[2025-11-27T07:48:58.539+0300] {taskinstance.py:1288} INFO - 
--------------------------------------------------------------------------------
[2025-11-27T07:48:58.539+0300] {taskinstance.py:1289} INFO - Starting attempt 1 of 1
[2025-11-27T07:48:58.540+0300] {taskinstance.py:1290} INFO - 
--------------------------------------------------------------------------------
[2025-11-27T07:48:58.571+0300] {taskinstance.py:1309} INFO - Executing <Task(BashOperator): task_4> on 2025-11-26 00:00:00+00:00
[2025-11-27T07:48:58.574+0300] {taskinstance.py:1090} INFO - Dependencies all met for dep_context=non-requeueable deps ti=<TaskInstance: execute_multiple_tasks.task_4 scheduled__2025-11-26T00:00:00+00:00 [queued]>
[2025-11-27T07:48:58.575+0300] {standard_task_runner.py:55} INFO - Started process 8388 to run task
[2025-11-27T07:48:58.579+0300] {standard_task_runner.py:82} INFO - Running: ['airflow', 'tasks', 'run', 'execute_multiple_tasks', 'task_4', 'scheduled__2025-11-26T00:00:00+00:00', '--job-id', '69', '--raw', '--subdir', 'DAGS_FOLDER/execute_multiple_tasks.py', '--cfg-path', '/tmp/tmptgh1kdlz']
[2025-11-27T07:48:58.581+0300] {standard_task_runner.py:83} INFO - Job 69: Subtask task_4
[2025-11-27T07:48:58.587+0300] {taskinstance.py:1090} INFO - Dependencies all met for dep_context=requeueable deps ti=<TaskInstance: execute_multiple_tasks.task_4 scheduled__2025-11-26T00:00:00+00:00 [queued]>
[2025-11-27T07:48:58.587+0300] {taskinstance.py:1288} INFO - 
--------------------------------------------------------------------------------
[2025-11-27T07:48:58.588+0300] {taskinstance.py:1289} INFO - Starting attempt 1 of 1
[2025-11-27T07:48:58.589+0300] {taskinstance.py:1290} INFO - 
--------------------------------------------------------------------------------
[2025-11-27T07:48:58.631+0300] {taskinstance.py:1309} INFO - Executing <Task(BashOperator): task_4> on 2025-11-26 00:00:00+00:00
[2025-11-27T07:48:58.636+0300] {standard_task_runner.py:55} INFO - Started process 8391 to run task
[2025-11-27T07:48:58.642+0300] {standard_task_runner.py:82} INFO - Running: ['airflow', 'tasks', 'run', 'execute_multiple_tasks', 'task_4', 'scheduled__2025-11-26T00:00:00+00:00', '--job-id', '70', '--raw', '--subdir', 'DAGS_FOLDER/execute_multiple_tasks.py', '--cfg-path', '/tmp/tmpgy9weccu']
[2025-11-27T07:48:58.644+0300] {standard_task_runner.py:83} INFO - Job 70: Subtask task_4
[2025-11-27T07:48:58.691+0300] {task_command.py:389} INFO - Running <TaskInstance: execute_multiple_tasks.task_4 scheduled__2025-11-26T00:00:00+00:00 [running]> on host DESKTOP-P0U82UP.
[2025-11-27T07:48:58.743+0300] {task_command.py:389} INFO - Running <TaskInstance: execute_multiple_tasks.task_4 scheduled__2025-11-26T00:00:00+00:00 [running]> on host DESKTOP-P0U82UP.
[2025-11-27T07:48:58.795+0300] {taskinstance.py:1518} INFO - Exporting the following env vars:
AIRFLOW_CTX_DAG_OWNER=pker
AIRFLOW_CTX_DAG_ID=execute_multiple_tasks
AIRFLOW_CTX_TASK_ID=task_4
AIRFLOW_CTX_EXECUTION_DATE=2025-11-26T00:00:00+00:00
AIRFLOW_CTX_TRY_NUMBER=1
AIRFLOW_CTX_DAG_RUN_ID=scheduled__2025-11-26T00:00:00+00:00
[2025-11-27T07:48:58.797+0300] {subprocess.py:63} INFO - Tmp dir root location: 
 /tmp
[2025-11-27T07:48:58.799+0300] {subprocess.py:75} INFO - Running command: ['/usr/bin/bash', '-c', '\n        echo "Task 4 completed"\n        ']
[2025-11-27T07:48:58.808+0300] {subprocess.py:86} INFO - Output:
[2025-11-27T07:48:58.810+0300] {subprocess.py:93} INFO - Task 4 completed
[2025-11-27T07:48:58.810+0300] {subprocess.py:97} INFO - Command exited with return code 0
[2025-11-27T07:48:58.843+0300] {taskinstance.py:1332} INFO - Marking task as SUCCESS. dag_id=execute_multiple_tasks, task_id=task_4, execution_date=20251126T000000, start_date=20251127T044858, end_date=20251127T044858
[2025-11-27T07:48:58.862+0300] {taskinstance.py:1518} INFO - Exporting the following env vars:
AIRFLOW_CTX_DAG_OWNER=pker
AIRFLOW_CTX_DAG_ID=execute_multiple_tasks
AIRFLOW_CTX_TASK_ID=task_4
AIRFLOW_CTX_EXECUTION_DATE=2025-11-26T00:00:00+00:00
AIRFLOW_CTX_TRY_NUMBER=1
AIRFLOW_CTX_DAG_RUN_ID=scheduled__2025-11-26T00:00:00+00:00
[2025-11-27T07:48:58.863+0300] {subprocess.py:63} INFO - Tmp dir root location: 
 /tmp
[2025-11-27T07:48:58.864+0300] {subprocess.py:75} INFO - Running command: ['/usr/bin/bash', '-c', '\n        echo "Task 4 completed"\n        ']
[2025-11-27T07:48:58.870+0300] {subprocess.py:86} INFO - Output:
[2025-11-27T07:48:58.871+0300] {subprocess.py:93} INFO - Task 4 completed
[2025-11-27T07:48:58.871+0300] {subprocess.py:97} INFO - Command exited with return code 0
[2025-11-27T07:48:58.872+0300] {local_task_job.py:212} INFO - Task exited with return code 0
[2025-11-27T07:48:58.891+0300] {taskinstance.py:2596} INFO - 0 downstream tasks scheduled from follow-on schedule check
[2025-11-27T07:48:58.896+0300] {taskinstance.py:1332} INFO - Marking task as SUCCESS. dag_id=execute_multiple_tasks, task_id=task_4, execution_date=20251126T000000, start_date=20251127T044858, end_date=20251127T044858
[2025-11-27T07:48:58.935+0300] {local_task_job.py:212} INFO - Task exited with return code 0
[2025-11-27T07:48:58.955+0300] {taskinstance.py:2596} INFO - 0 downstream tasks scheduled from follow-on schedule check
