[2025-12-24T12:48:51.075+0300] {taskinstance.py:1090} INFO - Dependencies all met for dep_context=non-requeueable deps ti=<TaskInstance: weather_dag.extract_weather_data manual__2025-12-24T09:48:45.889742+00:00 [queued]>
[2025-12-24T12:48:51.091+0300] {taskinstance.py:1090} INFO - Dependencies all met for dep_context=requeueable deps ti=<TaskInstance: weather_dag.extract_weather_data manual__2025-12-24T09:48:45.889742+00:00 [queued]>
[2025-12-24T12:48:51.092+0300] {taskinstance.py:1288} INFO - 
--------------------------------------------------------------------------------
[2025-12-24T12:48:51.092+0300] {taskinstance.py:1289} INFO - Starting attempt 1 of 1
[2025-12-24T12:48:51.092+0300] {taskinstance.py:1290} INFO - 
--------------------------------------------------------------------------------
[2025-12-24T12:48:51.112+0300] {taskinstance.py:1309} INFO - Executing <Task(PythonOperator): extract_weather_data> on 2025-12-24 09:48:45.889742+00:00
[2025-12-24T12:48:51.118+0300] {standard_task_runner.py:55} INFO - Started process 189605 to run task
[2025-12-24T12:48:51.123+0300] {standard_task_runner.py:82} INFO - Running: ['airflow', 'tasks', 'run', 'weather_dag', 'extract_weather_data', 'manual__2025-12-24T09:48:45.889742+00:00', '--job-id', '2', '--raw', '--subdir', 'DAGS_FOLDER/weather_dag.py', '--cfg-path', '/tmp/tmpz1o1__hy']
[2025-12-24T12:48:51.124+0300] {standard_task_runner.py:83} INFO - Job 2: Subtask extract_weather_data
[2025-12-24T12:48:51.557+0300] {task_command.py:389} INFO - Running <TaskInstance: weather_dag.extract_weather_data manual__2025-12-24T09:48:45.889742+00:00 [running]> on host DESKTOP-P0U82UP.
[2025-12-24T12:48:51.916+0300] {taskinstance.py:1518} INFO - Exporting the following env vars:
AIRFLOW_CTX_DAG_OWNER=pker
AIRFLOW_CTX_DAG_ID=weather_dag
AIRFLOW_CTX_TASK_ID=extract_weather_data
AIRFLOW_CTX_EXECUTION_DATE=2025-12-24T09:48:45.889742+00:00
AIRFLOW_CTX_TRY_NUMBER=1
AIRFLOW_CTX_DAG_RUN_ID=manual__2025-12-24T09:48:45.889742+00:00
[2025-12-24T12:48:51.995+0300] {main.py:16} ERROR - Failed to retrieve API key from Airflow Variables 'api_key' : 'Variable api_key does not exist'
[2025-12-24T12:48:51.995+0300] {logging_mixin.py:137} INFO - ERROR: Failed to retrieve API key: 'Variable api_key does not exist'
[2025-12-24T12:48:51.996+0300] {taskinstance.py:1776} ERROR - Task failed with exception
Traceback (most recent call last):
  File "/home/pker/airflow_env/lib/python3.7/site-packages/airflow/operators/python.py", line 175, in execute
    return_value = self.execute_callable()
  File "/home/pker/airflow_env/lib/python3.7/site-packages/airflow/operators/python.py", line 192, in execute_callable
    return self.python_callable(*self.op_args, **self.op_kwargs)
  File "/home/pker/airflow/dags/weather_etl/main.py", line 21, in fetch_weather_data
    "appid": api_key_value,
UnboundLocalError: local variable 'api_key_value' referenced before assignment
[2025-12-24T12:48:52.115+0300] {taskinstance.py:1332} INFO - Marking task as FAILED. dag_id=weather_dag, task_id=extract_weather_data, execution_date=20251224T094845, start_date=20251224T094851, end_date=20251224T094852
[2025-12-24T12:48:52.148+0300] {standard_task_runner.py:105} ERROR - Failed to execute job 2 for task extract_weather_data (local variable 'api_key_value' referenced before assignment; 189605)
[2025-12-24T12:48:52.174+0300] {local_task_job.py:212} INFO - Task exited with return code 1
[2025-12-24T12:48:52.320+0300] {taskinstance.py:2596} INFO - 0 downstream tasks scheduled from follow-on schedule check
