[2025-12-01T12:16:49.809+0300] {taskinstance.py:1090} INFO - Dependencies all met for dep_context=non-requeueable deps ti=<TaskInstance: weather_dag.extract_weather_data manual__2025-12-01T09:16:46.000351+00:00 [queued]>
[2025-12-01T12:16:49.815+0300] {taskinstance.py:1090} INFO - Dependencies all met for dep_context=requeueable deps ti=<TaskInstance: weather_dag.extract_weather_data manual__2025-12-01T09:16:46.000351+00:00 [queued]>
[2025-12-01T12:16:49.815+0300] {taskinstance.py:1288} INFO - 
--------------------------------------------------------------------------------
[2025-12-01T12:16:49.815+0300] {taskinstance.py:1289} INFO - Starting attempt 1 of 1
[2025-12-01T12:16:49.815+0300] {taskinstance.py:1290} INFO - 
--------------------------------------------------------------------------------
[2025-12-01T12:16:49.830+0300] {taskinstance.py:1309} INFO - Executing <Task(PythonOperator): extract_weather_data> on 2025-12-01 09:16:46.000351+00:00
[2025-12-01T12:16:49.834+0300] {standard_task_runner.py:55} INFO - Started process 882529 to run task
[2025-12-01T12:16:49.837+0300] {standard_task_runner.py:82} INFO - Running: ['airflow', 'tasks', 'run', 'weather_dag', 'extract_weather_data', 'manual__2025-12-01T09:16:46.000351+00:00', '--job-id', '200', '--raw', '--subdir', 'DAGS_FOLDER/weather_dag.py', '--cfg-path', '/tmp/tmpbgj0mxzh']
[2025-12-01T12:16:49.837+0300] {standard_task_runner.py:83} INFO - Job 200: Subtask extract_weather_data
[2025-12-01T12:16:49.881+0300] {task_command.py:389} INFO - Running <TaskInstance: weather_dag.extract_weather_data manual__2025-12-01T09:16:46.000351+00:00 [running]> on host DESKTOP-P0U82UP.
[2025-12-01T12:16:49.933+0300] {taskinstance.py:1518} INFO - Exporting the following env vars:
AIRFLOW_CTX_DAG_OWNER=pker
AIRFLOW_CTX_DAG_ID=weather_dag
AIRFLOW_CTX_TASK_ID=extract_weather_data
AIRFLOW_CTX_EXECUTION_DATE=2025-12-01T09:16:46.000351+00:00
AIRFLOW_CTX_TRY_NUMBER=1
AIRFLOW_CTX_DAG_RUN_ID=manual__2025-12-01T09:16:46.000351+00:00
[2025-12-01T12:16:50.419+0300] {logging_mixin.py:137} INFO -       city  ...                    sunset
0  Nairobi  ... 2025-12-01 06:16:19+03:00

[1 rows x 12 columns]
[2025-12-01T12:16:50.420+0300] {taskinstance.py:1776} ERROR - Task failed with exception
Traceback (most recent call last):
  File "/home/pker/airflow_env/lib/python3.7/site-packages/airflow/operators/python.py", line 175, in execute
    return_value = self.execute_callable()
  File "/home/pker/airflow_env/lib/python3.7/site-packages/airflow/operators/python.py", line 192, in execute_callable
    return self.python_callable(*self.op_args, **self.op_kwargs)
  File "/home/pker/airflow/dags/weather_etl/main.py", line 59, in fetch_weather_data
    ti.xcom_push(key='weather_data', value=df.to_dict(orient='records'))
NameError: name 'ti' is not defined
[2025-12-01T12:16:50.426+0300] {taskinstance.py:1332} INFO - Marking task as FAILED. dag_id=weather_dag, task_id=extract_weather_data, execution_date=20251201T091646, start_date=20251201T091649, end_date=20251201T091650
[2025-12-01T12:16:50.439+0300] {standard_task_runner.py:105} ERROR - Failed to execute job 200 for task extract_weather_data (name 'ti' is not defined; 882529)
[2025-12-01T12:16:50.473+0300] {local_task_job.py:212} INFO - Task exited with return code 1
[2025-12-01T12:16:50.497+0300] {taskinstance.py:2596} INFO - 0 downstream tasks scheduled from follow-on schedule check
