[2025-11-29T09:10:30.286+0300] {taskinstance.py:1090} INFO - Dependencies all met for dep_context=non-requeueable deps ti=<TaskInstance: pipeline_read_csv.groupby_smoker manual__2025-11-29T06:10:22.546076+00:00 [queued]>
[2025-11-29T09:10:30.296+0300] {taskinstance.py:1090} INFO - Dependencies all met for dep_context=requeueable deps ti=<TaskInstance: pipeline_read_csv.groupby_smoker manual__2025-11-29T06:10:22.546076+00:00 [queued]>
[2025-11-29T09:10:30.296+0300] {taskinstance.py:1288} INFO - 
--------------------------------------------------------------------------------
[2025-11-29T09:10:30.296+0300] {taskinstance.py:1289} INFO - Starting attempt 1 of 1
[2025-11-29T09:10:30.296+0300] {taskinstance.py:1290} INFO - 
--------------------------------------------------------------------------------
[2025-11-29T09:10:30.314+0300] {taskinstance.py:1309} INFO - Executing <Task(PythonOperator): groupby_smoker> on 2025-11-29 06:10:22.546076+00:00
[2025-11-29T09:10:30.318+0300] {standard_task_runner.py:55} INFO - Started process 617504 to run task
[2025-11-29T09:10:30.322+0300] {standard_task_runner.py:82} INFO - Running: ['airflow', 'tasks', 'run', 'pipeline_read_csv', 'groupby_smoker', 'manual__2025-11-29T06:10:22.546076+00:00', '--job-id', '154', '--raw', '--subdir', 'DAGS_FOLDER/pipeline.py', '--cfg-path', '/tmp/tmp4985v2u3']
[2025-11-29T09:10:30.322+0300] {standard_task_runner.py:83} INFO - Job 154: Subtask groupby_smoker
[2025-11-29T09:10:30.421+0300] {task_command.py:389} INFO - Running <TaskInstance: pipeline_read_csv.groupby_smoker manual__2025-11-29T06:10:22.546076+00:00 [running]> on host DESKTOP-P0U82UP.
[2025-11-29T09:10:30.488+0300] {taskinstance.py:1518} INFO - Exporting the following env vars:
AIRFLOW_CTX_DAG_OWNER=pker
AIRFLOW_CTX_DAG_ID=pipeline_read_csv
AIRFLOW_CTX_TASK_ID=groupby_smoker
AIRFLOW_CTX_EXECUTION_DATE=2025-11-29T06:10:22.546076+00:00
AIRFLOW_CTX_TRY_NUMBER=1
AIRFLOW_CTX_DAG_RUN_ID=manual__2025-11-29T06:10:22.546076+00:00
[2025-11-29T09:10:30.532+0300] {python.py:177} INFO - Done. Returned value was: None
[2025-11-29T09:10:30.538+0300] {taskinstance.py:1332} INFO - Marking task as SUCCESS. dag_id=pipeline_read_csv, task_id=groupby_smoker, execution_date=20251129T061022, start_date=20251129T061030, end_date=20251129T061030
[2025-11-29T09:10:30.589+0300] {local_task_job.py:212} INFO - Task exited with return code 0
[2025-11-29T09:10:30.607+0300] {taskinstance.py:2596} INFO - 0 downstream tasks scheduled from follow-on schedule check
