[2025-12-24T13:01:26.572+0300] {taskinstance.py:1090} INFO - Dependencies all met for dep_context=non-requeueable deps ti=<TaskInstance: weather_dag.transform_weather_data manual__2025-12-24T10:01:15.151609+00:00 [queued]>
[2025-12-24T13:01:26.595+0300] {taskinstance.py:1090} INFO - Dependencies all met for dep_context=requeueable deps ti=<TaskInstance: weather_dag.transform_weather_data manual__2025-12-24T10:01:15.151609+00:00 [queued]>
[2025-12-24T13:01:26.595+0300] {taskinstance.py:1288} INFO - 
--------------------------------------------------------------------------------
[2025-12-24T13:01:26.595+0300] {taskinstance.py:1289} INFO - Starting attempt 1 of 1
[2025-12-24T13:01:26.595+0300] {taskinstance.py:1290} INFO - 
--------------------------------------------------------------------------------
[2025-12-24T13:01:26.619+0300] {taskinstance.py:1309} INFO - Executing <Task(PythonOperator): transform_weather_data> on 2025-12-24 10:01:15.151609+00:00
[2025-12-24T13:01:26.624+0300] {standard_task_runner.py:55} INFO - Started process 195791 to run task
[2025-12-24T13:01:26.628+0300] {standard_task_runner.py:82} INFO - Running: ['airflow', 'tasks', 'run', 'weather_dag', 'transform_weather_data', 'manual__2025-12-24T10:01:15.151609+00:00', '--job-id', '6', '--raw', '--subdir', 'DAGS_FOLDER/weather_dag.py', '--cfg-path', '/tmp/tmp2bcjrq2b']
[2025-12-24T13:01:26.629+0300] {standard_task_runner.py:83} INFO - Job 6: Subtask transform_weather_data
[2025-12-24T13:01:27.093+0300] {task_command.py:389} INFO - Running <TaskInstance: weather_dag.transform_weather_data manual__2025-12-24T10:01:15.151609+00:00 [running]> on host DESKTOP-P0U82UP.
[2025-12-24T13:01:27.647+0300] {taskinstance.py:1518} INFO - Exporting the following env vars:
AIRFLOW_CTX_DAG_OWNER=pker
AIRFLOW_CTX_DAG_ID=weather_dag
AIRFLOW_CTX_TASK_ID=transform_weather_data
AIRFLOW_CTX_EXECUTION_DATE=2025-12-24T10:01:15.151609+00:00
AIRFLOW_CTX_TRY_NUMBER=1
AIRFLOW_CTX_DAG_RUN_ID=manual__2025-12-24T10:01:15.151609+00:00
[2025-12-24T13:01:27.650+0300] {python.py:177} INFO - Done. Returned value was: [{'city': 'Nairobi', 'weather_description': 'broken clouds', 'temperature': 22.93, 'feels_like': 22.56, 'min_temperature': 22.93, 'max_temperature': 23.62, 'pressure': 1011, 'humidity': 49, 'wind_speed': 6.69, 'time_recorded': '2025-12-24T13:01:07+03:00', 'sunrise': '2025-12-24T06:26:23+03:00', 'sunset': '2025-12-24T18:38:04+03:00'}]
[2025-12-24T13:01:27.853+0300] {taskinstance.py:1332} INFO - Marking task as SUCCESS. dag_id=weather_dag, task_id=transform_weather_data, execution_date=20251224T100115, start_date=20251224T100126, end_date=20251224T100127
[2025-12-24T13:01:27.900+0300] {local_task_job.py:212} INFO - Task exited with return code 0
[2025-12-24T13:01:28.011+0300] {taskinstance.py:2596} INFO - 1 downstream tasks scheduled from follow-on schedule check
