[2025-11-29T07:58:21.084+0300] {taskinstance.py:1090} INFO - Dependencies all met for dep_context=non-requeueable deps ti=<TaskInstance: cross_task_communication.print_value scheduled__2025-11-28T00:00:00+00:00 [queued]>
[2025-11-29T07:58:21.093+0300] {taskinstance.py:1090} INFO - Dependencies all met for dep_context=requeueable deps ti=<TaskInstance: cross_task_communication.print_value scheduled__2025-11-28T00:00:00+00:00 [queued]>
[2025-11-29T07:58:21.093+0300] {taskinstance.py:1288} INFO - 
--------------------------------------------------------------------------------
[2025-11-29T07:58:21.094+0300] {taskinstance.py:1289} INFO - Starting attempt 1 of 1
[2025-11-29T07:58:21.094+0300] {taskinstance.py:1290} INFO - 
--------------------------------------------------------------------------------
[2025-11-29T07:58:21.114+0300] {taskinstance.py:1309} INFO - Executing <Task(PythonOperator): print_value> on 2025-11-28 00:00:00+00:00
[2025-11-29T07:58:21.118+0300] {standard_task_runner.py:55} INFO - Started process 591598 to run task
[2025-11-29T07:58:21.121+0300] {standard_task_runner.py:82} INFO - Running: ['airflow', 'tasks', 'run', 'cross_task_communication', 'print_value', 'scheduled__2025-11-28T00:00:00+00:00', '--job-id', '144', '--raw', '--subdir', 'DAGS_FOLDER/xcom.py', '--cfg-path', '/tmp/tmpue3njy_w']
[2025-11-29T07:58:21.123+0300] {standard_task_runner.py:83} INFO - Job 144: Subtask print_value
[2025-11-29T07:58:21.189+0300] {task_command.py:389} INFO - Running <TaskInstance: cross_task_communication.print_value scheduled__2025-11-28T00:00:00+00:00 [running]> on host DESKTOP-P0U82UP.
[2025-11-29T07:58:21.268+0300] {taskinstance.py:1518} INFO - Exporting the following env vars:
AIRFLOW_CTX_DAG_OWNER=pker
AIRFLOW_CTX_DAG_ID=cross_task_communication
AIRFLOW_CTX_TASK_ID=print_value
AIRFLOW_CTX_EXECUTION_DATE=2025-11-28T00:00:00+00:00
AIRFLOW_CTX_TRY_NUMBER=1
AIRFLOW_CTX_DAG_RUN_ID=scheduled__2025-11-28T00:00:00+00:00
[2025-11-29T07:58:21.275+0300] {logging_mixin.py:137} INFO - Final Value 191!
[2025-11-29T07:58:21.276+0300] {python.py:177} INFO - Done. Returned value was: None
[2025-11-29T07:58:21.281+0300] {taskinstance.py:1332} INFO - Marking task as SUCCESS. dag_id=cross_task_communication, task_id=print_value, execution_date=20251128T000000, start_date=20251129T045821, end_date=20251129T045821
[2025-11-29T07:58:21.303+0300] {local_task_job.py:212} INFO - Task exited with return code 0
[2025-11-29T07:58:21.324+0300] {taskinstance.py:2596} INFO - 0 downstream tasks scheduled from follow-on schedule check
