[2025-11-21T14:45:24.927+0300] {taskinstance.py:1090} INFO - Dependencies all met for dep_context=non-requeueable deps ti=<TaskInstance: execute_multiple_tasks.task_4 manual__2025-11-21T11:44:55.837789+00:00 [queued]>
[2025-11-21T14:45:24.940+0300] {taskinstance.py:1090} INFO - Dependencies all met for dep_context=requeueable deps ti=<TaskInstance: execute_multiple_tasks.task_4 manual__2025-11-21T11:44:55.837789+00:00 [queued]>
[2025-11-21T14:45:24.941+0300] {taskinstance.py:1288} INFO - 
--------------------------------------------------------------------------------
[2025-11-21T14:45:24.941+0300] {taskinstance.py:1289} INFO - Starting attempt 1 of 1
[2025-11-21T14:45:24.942+0300] {taskinstance.py:1290} INFO - 
--------------------------------------------------------------------------------
[2025-11-21T14:45:24.975+0300] {taskinstance.py:1309} INFO - Executing <Task(BashOperator): task_4> on 2025-11-21 11:44:55.837789+00:00
[2025-11-21T14:45:24.981+0300] {standard_task_runner.py:55} INFO - Started process 52965 to run task
[2025-11-21T14:45:24.991+0300] {standard_task_runner.py:82} INFO - Running: ['airflow', 'tasks', 'run', 'execute_multiple_tasks', 'task_4', 'manual__2025-11-21T11:44:55.837789+00:00', '--job-id', '23', '--raw', '--subdir', 'DAGS_FOLDER/execute_multiple_tasks.py', '--cfg-path', '/tmp/tmpua8jj772']
[2025-11-21T14:45:24.993+0300] {standard_task_runner.py:83} INFO - Job 23: Subtask task_4
[2025-11-21T14:45:25.071+0300] {task_command.py:389} INFO - Running <TaskInstance: execute_multiple_tasks.task_4 manual__2025-11-21T11:44:55.837789+00:00 [running]> on host DESKTOP-P0U82UP.
[2025-11-21T14:45:25.157+0300] {taskinstance.py:1518} INFO - Exporting the following env vars:
AIRFLOW_CTX_DAG_OWNER=pker
AIRFLOW_CTX_DAG_ID=execute_multiple_tasks
AIRFLOW_CTX_TASK_ID=task_4
AIRFLOW_CTX_EXECUTION_DATE=2025-11-21T11:44:55.837789+00:00
AIRFLOW_CTX_TRY_NUMBER=1
AIRFLOW_CTX_DAG_RUN_ID=manual__2025-11-21T11:44:55.837789+00:00
[2025-11-21T14:45:25.159+0300] {subprocess.py:63} INFO - Tmp dir root location: 
 /tmp
[2025-11-21T14:45:25.160+0300] {subprocess.py:75} INFO - Running command: ['/usr/bin/bash', '-c', '\n        echo "Task 4 completed"\n        ']
[2025-11-21T14:45:25.166+0300] {subprocess.py:86} INFO - Output:
[2025-11-21T14:45:25.167+0300] {subprocess.py:93} INFO - Task 4 completed
[2025-11-21T14:45:25.167+0300] {subprocess.py:97} INFO - Command exited with return code 0
[2025-11-21T14:45:25.202+0300] {taskinstance.py:1332} INFO - Marking task as SUCCESS. dag_id=execute_multiple_tasks, task_id=task_4, execution_date=20251121T114455, start_date=20251121T114524, end_date=20251121T114525
[2025-11-21T14:45:25.250+0300] {local_task_job.py:212} INFO - Task exited with return code 0
[2025-11-21T14:45:25.277+0300] {taskinstance.py:2596} INFO - 0 downstream tasks scheduled from follow-on schedule check
