[2025-11-28T15:01:43.723+0300] {taskinstance.py:1090} INFO - Dependencies all met for dep_context=non-requeueable deps ti=<TaskInstance: sql_pipeline.insert_values_2 manual__2025-11-28T12:01:34.246528+00:00 [queued]>
[2025-11-28T15:01:43.735+0300] {taskinstance.py:1090} INFO - Dependencies all met for dep_context=requeueable deps ti=<TaskInstance: sql_pipeline.insert_values_2 manual__2025-11-28T12:01:34.246528+00:00 [queued]>
[2025-11-28T15:01:43.736+0300] {taskinstance.py:1288} INFO - 
--------------------------------------------------------------------------------
[2025-11-28T15:01:43.736+0300] {taskinstance.py:1289} INFO - Starting attempt 1 of 1
[2025-11-28T15:01:43.736+0300] {taskinstance.py:1290} INFO - 
--------------------------------------------------------------------------------
[2025-11-28T15:01:43.762+0300] {taskinstance.py:1309} INFO - Executing <Task(SqliteOperator): insert_values_2> on 2025-11-28 12:01:34.246528+00:00
[2025-11-28T15:01:43.767+0300] {standard_task_runner.py:55} INFO - Started process 497546 to run task
[2025-11-28T15:01:43.771+0300] {standard_task_runner.py:82} INFO - Running: ['airflow', 'tasks', 'run', 'sql_pipeline', 'insert_values_2', 'manual__2025-11-28T12:01:34.246528+00:00', '--job-id', '123', '--raw', '--subdir', 'DAGS_FOLDER/sql_pipeline.py', '--cfg-path', '/tmp/tmpwzzpe_o_']
[2025-11-28T15:01:43.773+0300] {standard_task_runner.py:83} INFO - Job 123: Subtask insert_values_2
[2025-11-28T15:01:43.836+0300] {task_command.py:389} INFO - Running <TaskInstance: sql_pipeline.insert_values_2 manual__2025-11-28T12:01:34.246528+00:00 [running]> on host DESKTOP-P0U82UP.
[2025-11-28T15:01:43.923+0300] {taskinstance.py:1518} INFO - Exporting the following env vars:
AIRFLOW_CTX_DAG_OWNER=pker
AIRFLOW_CTX_DAG_ID=sql_pipeline
AIRFLOW_CTX_TASK_ID=insert_values_2
AIRFLOW_CTX_EXECUTION_DATE=2025-11-28T12:01:34.246528+00:00
AIRFLOW_CTX_TRY_NUMBER=1
AIRFLOW_CTX_DAG_RUN_ID=manual__2025-11-28T12:01:34.246528+00:00
[2025-11-28T15:01:43.924+0300] {sql.py:254} INFO - Executing:         INSERT INTO users (name, age) VALUES
            ('Frank', 40),
            ('Grace', 27),
            ('Heidi', 32),
            ('Ivan', 29),
            ('Judy', 24);
            
[2025-11-28T15:01:43.931+0300] {base.py:73} INFO - Using connection ID 'my_sqlite_conn' for task execution.
[2025-11-28T15:01:44.063+0300] {base.py:73} INFO - Using connection ID 'my_sqlite_conn' for task execution.
[2025-11-28T15:01:44.064+0300] {sql.py:375} INFO - Running statement:         INSERT INTO users (name, age) VALUES
            ('Frank', 40),
            ('Grace', 27),
            ('Heidi', 32),
            ('Ivan', 29),
            ('Judy', 24);
            , parameters: None
[2025-11-28T15:01:44.064+0300] {sql.py:384} INFO - Rows affected: 5
[2025-11-28T15:01:44.076+0300] {taskinstance.py:1332} INFO - Marking task as SUCCESS. dag_id=sql_pipeline, task_id=insert_values_2, execution_date=20251128T120134, start_date=20251128T120143, end_date=20251128T120144
[2025-11-28T15:01:44.125+0300] {local_task_job.py:212} INFO - Task exited with return code 0
[2025-11-28T15:01:44.163+0300] {taskinstance.py:2596} INFO - 1 downstream tasks scheduled from follow-on schedule check
