[2025-11-28T09:58:13.011+0300] {taskinstance.py:1090} INFO - Dependencies all met for dep_context=non-requeueable deps ti=<TaskInstance: cross_task_communication.multiply_by_100 manual__2025-11-28T06:58:06.057745+00:00 [queued]>
[2025-11-28T09:58:13.020+0300] {taskinstance.py:1090} INFO - Dependencies all met for dep_context=requeueable deps ti=<TaskInstance: cross_task_communication.multiply_by_100 manual__2025-11-28T06:58:06.057745+00:00 [queued]>
[2025-11-28T09:58:13.020+0300] {taskinstance.py:1288} INFO - 
--------------------------------------------------------------------------------
[2025-11-28T09:58:13.021+0300] {taskinstance.py:1289} INFO - Starting attempt 1 of 1
[2025-11-28T09:58:13.021+0300] {taskinstance.py:1290} INFO - 
--------------------------------------------------------------------------------
[2025-11-28T09:58:13.044+0300] {taskinstance.py:1309} INFO - Executing <Task(PythonOperator): multiply_by_100> on 2025-11-28 06:58:06.057745+00:00
[2025-11-28T09:58:13.046+0300] {standard_task_runner.py:55} INFO - Started process 283903 to run task
[2025-11-28T09:58:13.050+0300] {standard_task_runner.py:82} INFO - Running: ['airflow', 'tasks', 'run', 'cross_task_communication', 'multiply_by_100', 'manual__2025-11-28T06:58:06.057745+00:00', '--job-id', '90', '--raw', '--subdir', 'DAGS_FOLDER/xcom.py', '--cfg-path', '/tmp/tmpq31jyyo4']
[2025-11-28T09:58:13.051+0300] {standard_task_runner.py:83} INFO - Job 90: Subtask multiply_by_100
[2025-11-28T09:58:13.114+0300] {task_command.py:389} INFO - Running <TaskInstance: cross_task_communication.multiply_by_100 manual__2025-11-28T06:58:06.057745+00:00 [running]> on host DESKTOP-P0U82UP.
[2025-11-28T09:58:13.204+0300] {taskinstance.py:1518} INFO - Exporting the following env vars:
AIRFLOW_CTX_DAG_OWNER=pker
AIRFLOW_CTX_DAG_ID=cross_task_communication
AIRFLOW_CTX_TASK_ID=multiply_by_100
AIRFLOW_CTX_EXECUTION_DATE=2025-11-28T06:58:06.057745+00:00
AIRFLOW_CTX_TRY_NUMBER=1
AIRFLOW_CTX_DAG_RUN_ID=manual__2025-11-28T06:58:06.057745+00:00
[2025-11-28T09:58:13.217+0300] {logging_mixin.py:137} INFO - Value 2!
[2025-11-28T09:58:13.218+0300] {taskinstance.py:1776} ERROR - Task failed with exception
Traceback (most recent call last):
  File "/home/pker/airflow_env/lib/python3.7/site-packages/airflow/operators/python.py", line 175, in execute
    return_value = self.execute_callable()
  File "/home/pker/airflow_env/lib/python3.7/site-packages/airflow/operators/python.py", line 192, in execute_callable
    return self.python_callable(*self.op_args, **self.op_kwargs)
  File "/home/pker/airflow/dags/xcom.py", line 20, in multiply_by_100
    return value_int * 100
NameError: name 'value_int' is not defined
[2025-11-28T09:58:13.225+0300] {taskinstance.py:1332} INFO - Marking task as FAILED. dag_id=cross_task_communication, task_id=multiply_by_100, execution_date=20251128T065806, start_date=20251128T065813, end_date=20251128T065813
[2025-11-28T09:58:13.251+0300] {standard_task_runner.py:105} ERROR - Failed to execute job 90 for task multiply_by_100 (name 'value_int' is not defined; 283903)
[2025-11-28T09:58:13.270+0300] {local_task_job.py:212} INFO - Task exited with return code 1
[2025-11-28T09:58:13.306+0300] {taskinstance.py:2596} INFO - 0 downstream tasks scheduled from follow-on schedule check
