[2025-11-21T11:00:26.303+0300] {taskinstance.py:1090} INFO - Dependencies all met for dep_context=non-requeueable deps ti=<TaskInstance: example_branch_operator.branching manual__2025-11-21T08:00:20.122464+00:00 [queued]>
[2025-11-21T11:00:26.315+0300] {taskinstance.py:1090} INFO - Dependencies all met for dep_context=requeueable deps ti=<TaskInstance: example_branch_operator.branching manual__2025-11-21T08:00:20.122464+00:00 [queued]>
[2025-11-21T11:00:26.315+0300] {taskinstance.py:1288} INFO - 
--------------------------------------------------------------------------------
[2025-11-21T11:00:26.315+0300] {taskinstance.py:1289} INFO - Starting attempt 1 of 1
[2025-11-21T11:00:26.315+0300] {taskinstance.py:1290} INFO - 
--------------------------------------------------------------------------------
[2025-11-21T11:00:26.339+0300] {taskinstance.py:1309} INFO - Executing <Task(BranchPythonOperator): branching> on 2025-11-21 08:00:20.122464+00:00
[2025-11-21T11:00:26.343+0300] {standard_task_runner.py:55} INFO - Started process 31067 to run task
[2025-11-21T11:00:26.351+0300] {standard_task_runner.py:82} INFO - Running: ['airflow', 'tasks', 'run', 'example_branch_operator', 'branching', 'manual__2025-11-21T08:00:20.122464+00:00', '--job-id', '3', '--raw', '--subdir', '/home/pker/airflow_env/lib/python3.7/site-packages/airflow/example_dags/example_branch_operator.py', '--cfg-path', '/tmp/tmpajm3tafc']
[2025-11-21T11:00:26.352+0300] {standard_task_runner.py:83} INFO - Job 3: Subtask branching
[2025-11-21T11:00:26.461+0300] {task_command.py:389} INFO - Running <TaskInstance: example_branch_operator.branching manual__2025-11-21T08:00:20.122464+00:00 [running]> on host DESKTOP-P0U82UP.
[2025-11-21T11:00:26.561+0300] {taskinstance.py:1518} INFO - Exporting the following env vars:
AIRFLOW_CTX_DAG_OWNER=airflow
AIRFLOW_CTX_DAG_ID=example_branch_operator
AIRFLOW_CTX_TASK_ID=branching
AIRFLOW_CTX_EXECUTION_DATE=2025-11-21T08:00:20.122464+00:00
AIRFLOW_CTX_TRY_NUMBER=1
AIRFLOW_CTX_DAG_RUN_ID=manual__2025-11-21T08:00:20.122464+00:00
[2025-11-21T11:00:26.563+0300] {python.py:177} INFO - Done. Returned value was: branch_d
[2025-11-21T11:00:26.564+0300] {python.py:211} INFO - Branch callable return branch_d
[2025-11-21T11:00:26.564+0300] {skipmixin.py:155} INFO - Following branch branch_d
[2025-11-21T11:00:26.565+0300] {skipmixin.py:211} INFO - Skipping tasks ['branch_c', 'branch_a', 'branch_b']
[2025-11-21T11:00:26.624+0300] {taskinstance.py:1332} INFO - Marking task as SUCCESS. dag_id=example_branch_operator, task_id=branching, execution_date=20251121T080020, start_date=20251121T080026, end_date=20251121T080026
[2025-11-21T11:00:26.656+0300] {local_task_job.py:212} INFO - Task exited with return code 0
[2025-11-21T11:00:26.706+0300] {taskinstance.py:2596} INFO - 0 downstream tasks scheduled from follow-on schedule check
