[2025-11-21T14:37:53.245+0300] {taskinstance.py:1090} INFO - Dependencies all met for dep_context=non-requeueable deps ti=<TaskInstance: execute_multiple_tasks.task_4 manual__2025-11-21T11:37:21.550310+00:00 [queued]>
[2025-11-21T14:37:53.255+0300] {taskinstance.py:1090} INFO - Dependencies all met for dep_context=requeueable deps ti=<TaskInstance: execute_multiple_tasks.task_4 manual__2025-11-21T11:37:21.550310+00:00 [queued]>
[2025-11-21T14:37:53.255+0300] {taskinstance.py:1288} INFO - 
--------------------------------------------------------------------------------
[2025-11-21T14:37:53.255+0300] {taskinstance.py:1289} INFO - Starting attempt 1 of 1
[2025-11-21T14:37:53.255+0300] {taskinstance.py:1290} INFO - 
--------------------------------------------------------------------------------
[2025-11-21T14:37:53.280+0300] {taskinstance.py:1309} INFO - Executing <Task(BashOperator): task_4> on 2025-11-21 11:37:21.550310+00:00
[2025-11-21T14:37:53.283+0300] {standard_task_runner.py:55} INFO - Started process 51556 to run task
[2025-11-21T14:37:53.291+0300] {standard_task_runner.py:82} INFO - Running: ['airflow', 'tasks', 'run', 'execute_multiple_tasks', 'task_4', 'manual__2025-11-21T11:37:21.550310+00:00', '--job-id', '19', '--raw', '--subdir', 'DAGS_FOLDER/execute_multiple_tasks.py', '--cfg-path', '/tmp/tmp9n6euol0']
[2025-11-21T14:37:53.293+0300] {standard_task_runner.py:83} INFO - Job 19: Subtask task_4
[2025-11-21T14:37:53.381+0300] {task_command.py:389} INFO - Running <TaskInstance: execute_multiple_tasks.task_4 manual__2025-11-21T11:37:21.550310+00:00 [running]> on host DESKTOP-P0U82UP.
[2025-11-21T14:37:53.509+0300] {taskinstance.py:1518} INFO - Exporting the following env vars:
AIRFLOW_CTX_DAG_OWNER=pker
AIRFLOW_CTX_DAG_ID=execute_multiple_tasks
AIRFLOW_CTX_TASK_ID=task_4
AIRFLOW_CTX_EXECUTION_DATE=2025-11-21T11:37:21.550310+00:00
AIRFLOW_CTX_TRY_NUMBER=1
AIRFLOW_CTX_DAG_RUN_ID=manual__2025-11-21T11:37:21.550310+00:00
[2025-11-21T14:37:53.511+0300] {subprocess.py:63} INFO - Tmp dir root location: 
 /tmp
[2025-11-21T14:37:53.512+0300] {subprocess.py:75} INFO - Running command: ['/usr/bin/bash', '-c', '\n        echo "Task 4 completed"\n        ']
[2025-11-21T14:37:53.523+0300] {subprocess.py:86} INFO - Output:
[2025-11-21T14:37:53.525+0300] {subprocess.py:93} INFO - Task 4 completed
[2025-11-21T14:37:53.526+0300] {subprocess.py:97} INFO - Command exited with return code 0
[2025-11-21T14:37:53.573+0300] {taskinstance.py:1332} INFO - Marking task as SUCCESS. dag_id=execute_multiple_tasks, task_id=task_4, execution_date=20251121T113721, start_date=20251121T113753, end_date=20251121T113753
[2025-11-21T14:37:53.633+0300] {local_task_job.py:212} INFO - Task exited with return code 0
[2025-11-21T14:37:53.664+0300] {taskinstance.py:2596} INFO - 0 downstream tasks scheduled from follow-on schedule check
