[2025-11-27T07:48:35.205+0300] {taskinstance.py:1090} INFO - Dependencies all met for dep_context=non-requeueable deps ti=<TaskInstance: execute_python_operator.greet_hello scheduled__2025-11-26T00:00:00+00:00 [queued]>
[2025-11-27T07:48:35.216+0300] {taskinstance.py:1090} INFO - Dependencies all met for dep_context=requeueable deps ti=<TaskInstance: execute_python_operator.greet_hello scheduled__2025-11-26T00:00:00+00:00 [queued]>
[2025-11-27T07:48:35.216+0300] {taskinstance.py:1288} INFO - 
--------------------------------------------------------------------------------
[2025-11-27T07:48:35.216+0300] {taskinstance.py:1289} INFO - Starting attempt 1 of 1
[2025-11-27T07:48:35.217+0300] {taskinstance.py:1290} INFO - 
--------------------------------------------------------------------------------
[2025-11-27T07:48:35.241+0300] {taskinstance.py:1309} INFO - Executing <Task(PythonOperator): greet_hello> on 2025-11-26 00:00:00+00:00
[2025-11-27T07:48:35.245+0300] {standard_task_runner.py:55} INFO - Started process 8125 to run task
[2025-11-27T07:48:35.251+0300] {standard_task_runner.py:82} INFO - Running: ['airflow', 'tasks', 'run', 'execute_python_operator', 'greet_hello', 'scheduled__2025-11-26T00:00:00+00:00', '--job-id', '65', '--raw', '--subdir', 'DAGS_FOLDER/weather_dag.py', '--cfg-path', '/tmp/tmpe376o_b9']
[2025-11-27T07:48:35.253+0300] {standard_task_runner.py:83} INFO - Job 65: Subtask greet_hello
[2025-11-27T07:48:35.347+0300] {task_command.py:389} INFO - Running <TaskInstance: execute_python_operator.greet_hello scheduled__2025-11-26T00:00:00+00:00 [running]> on host DESKTOP-P0U82UP.
[2025-11-27T07:48:35.477+0300] {taskinstance.py:1518} INFO - Exporting the following env vars:
AIRFLOW_CTX_DAG_OWNER=pker
AIRFLOW_CTX_DAG_ID=execute_python_operator
AIRFLOW_CTX_TASK_ID=greet_hello
AIRFLOW_CTX_EXECUTION_DATE=2025-11-26T00:00:00+00:00
AIRFLOW_CTX_TRY_NUMBER=1
AIRFLOW_CTX_DAG_RUN_ID=scheduled__2025-11-26T00:00:00+00:00
[2025-11-27T07:48:35.479+0300] {logging_mixin.py:137} INFO - Hello, pker!
[2025-11-27T07:48:35.479+0300] {python.py:177} INFO - Done. Returned value was: None
[2025-11-27T07:48:35.488+0300] {taskinstance.py:1332} INFO - Marking task as SUCCESS. dag_id=execute_python_operator, task_id=greet_hello, execution_date=20251126T000000, start_date=20251127T044835, end_date=20251127T044835
[2025-11-27T07:48:35.545+0300] {local_task_job.py:212} INFO - Task exited with return code 0
[2025-11-27T07:48:35.572+0300] {taskinstance.py:2596} INFO - 1 downstream tasks scheduled from follow-on schedule check
