[2025-11-28T09:59:22.644+0300] {taskinstance.py:1090} INFO - Dependencies all met for dep_context=non-requeueable deps ti=<TaskInstance: cross_task_communication.multiply_by_100 manual__2025-11-28T06:59:18.026297+00:00 [queued]>
[2025-11-28T09:59:22.653+0300] {taskinstance.py:1090} INFO - Dependencies all met for dep_context=requeueable deps ti=<TaskInstance: cross_task_communication.multiply_by_100 manual__2025-11-28T06:59:18.026297+00:00 [queued]>
[2025-11-28T09:59:22.653+0300] {taskinstance.py:1288} INFO - 
--------------------------------------------------------------------------------
[2025-11-28T09:59:22.653+0300] {taskinstance.py:1289} INFO - Starting attempt 1 of 1
[2025-11-28T09:59:22.653+0300] {taskinstance.py:1290} INFO - 
--------------------------------------------------------------------------------
[2025-11-28T09:59:22.671+0300] {taskinstance.py:1309} INFO - Executing <Task(PythonOperator): multiply_by_100> on 2025-11-28 06:59:18.026297+00:00
[2025-11-28T09:59:22.674+0300] {standard_task_runner.py:55} INFO - Started process 284500 to run task
[2025-11-28T09:59:22.678+0300] {standard_task_runner.py:82} INFO - Running: ['airflow', 'tasks', 'run', 'cross_task_communication', 'multiply_by_100', 'manual__2025-11-28T06:59:18.026297+00:00', '--job-id', '92', '--raw', '--subdir', 'DAGS_FOLDER/xcom.py', '--cfg-path', '/tmp/tmpcetw9z32']
[2025-11-28T09:59:22.679+0300] {standard_task_runner.py:83} INFO - Job 92: Subtask multiply_by_100
[2025-11-28T09:59:22.746+0300] {task_command.py:389} INFO - Running <TaskInstance: cross_task_communication.multiply_by_100 manual__2025-11-28T06:59:18.026297+00:00 [running]> on host DESKTOP-P0U82UP.
[2025-11-28T09:59:22.827+0300] {taskinstance.py:1518} INFO - Exporting the following env vars:
AIRFLOW_CTX_DAG_OWNER=pker
AIRFLOW_CTX_DAG_ID=cross_task_communication
AIRFLOW_CTX_TASK_ID=multiply_by_100
AIRFLOW_CTX_EXECUTION_DATE=2025-11-28T06:59:18.026297+00:00
AIRFLOW_CTX_TRY_NUMBER=1
AIRFLOW_CTX_DAG_RUN_ID=manual__2025-11-28T06:59:18.026297+00:00
[2025-11-28T09:59:22.835+0300] {taskinstance.py:1776} ERROR - Task failed with exception
Traceback (most recent call last):
  File "/home/pker/airflow_env/lib/python3.7/site-packages/airflow/operators/python.py", line 175, in execute
    return_value = self.execute_callable()
  File "/home/pker/airflow_env/lib/python3.7/site-packages/airflow/operators/python.py", line 192, in execute_callable
    return self.python_callable(*self.op_args, **self.op_kwargs)
  File "/home/pker/airflow/dags/xcom.py", line 19, in multiply_by_100
    print("Value {value}!".format(value=value_int))
NameError: name 'value_int' is not defined
[2025-11-28T09:59:22.840+0300] {taskinstance.py:1332} INFO - Marking task as FAILED. dag_id=cross_task_communication, task_id=multiply_by_100, execution_date=20251128T065918, start_date=20251128T065922, end_date=20251128T065922
[2025-11-28T09:59:22.856+0300] {standard_task_runner.py:105} ERROR - Failed to execute job 92 for task multiply_by_100 (name 'value_int' is not defined; 284500)
[2025-11-28T09:59:22.900+0300] {local_task_job.py:212} INFO - Task exited with return code 1
[2025-11-28T09:59:22.935+0300] {taskinstance.py:2596} INFO - 0 downstream tasks scheduled from follow-on schedule check
