[2025-11-28T16:31:08.396+0300] {taskinstance.py:1090} INFO - Dependencies all met for dep_context=non-requeueable deps ti=<TaskInstance: branching_dag.branching manual__2025-11-28T13:31:01.331253+00:00 [queued]>
[2025-11-28T16:31:08.404+0300] {taskinstance.py:1090} INFO - Dependencies all met for dep_context=requeueable deps ti=<TaskInstance: branching_dag.branching manual__2025-11-28T13:31:01.331253+00:00 [queued]>
[2025-11-28T16:31:08.404+0300] {taskinstance.py:1288} INFO - 
--------------------------------------------------------------------------------
[2025-11-28T16:31:08.405+0300] {taskinstance.py:1289} INFO - Starting attempt 1 of 1
[2025-11-28T16:31:08.405+0300] {taskinstance.py:1290} INFO - 
--------------------------------------------------------------------------------
[2025-11-28T16:31:08.424+0300] {taskinstance.py:1309} INFO - Executing <Task(BranchPythonOperator): branching> on 2025-11-28 13:31:01.331253+00:00
[2025-11-28T16:31:08.428+0300] {standard_task_runner.py:55} INFO - Started process 547521 to run task
[2025-11-28T16:31:08.433+0300] {standard_task_runner.py:82} INFO - Running: ['airflow', 'tasks', 'run', 'branching_dag', 'branching', 'manual__2025-11-28T13:31:01.331253+00:00', '--job-id', '133', '--raw', '--subdir', 'DAGS_FOLDER/branching_dag.py', '--cfg-path', '/tmp/tmpfqb_owxu']
[2025-11-28T16:31:08.434+0300] {standard_task_runner.py:83} INFO - Job 133: Subtask branching
[2025-11-28T16:31:08.506+0300] {task_command.py:389} INFO - Running <TaskInstance: branching_dag.branching manual__2025-11-28T13:31:01.331253+00:00 [running]> on host DESKTOP-P0U82UP.
[2025-11-28T16:31:08.582+0300] {taskinstance.py:1518} INFO - Exporting the following env vars:
AIRFLOW_CTX_DAG_OWNER=pker
AIRFLOW_CTX_DAG_ID=branching_dag
AIRFLOW_CTX_TASK_ID=branching
AIRFLOW_CTX_EXECUTION_DATE=2025-11-28T13:31:01.331253+00:00
AIRFLOW_CTX_TRY_NUMBER=1
AIRFLOW_CTX_DAG_RUN_ID=manual__2025-11-28T13:31:01.331253+00:00
[2025-11-28T16:31:08.592+0300] {python.py:177} INFO - Done. Returned value was: can_drive_to_work
[2025-11-28T16:31:08.592+0300] {python.py:211} INFO - Branch callable return can_drive_to_work
[2025-11-28T16:31:08.593+0300] {skipmixin.py:155} INFO - Following branch can_drive_to_work
[2025-11-28T16:31:08.593+0300] {skipmixin.py:211} INFO - Skipping tasks ['not_eligible_to_drive']
[2025-11-28T16:31:08.638+0300] {taskinstance.py:1332} INFO - Marking task as SUCCESS. dag_id=branching_dag, task_id=branching, execution_date=20251128T133101, start_date=20251128T133108, end_date=20251128T133108
[2025-11-28T16:31:08.660+0300] {local_task_job.py:212} INFO - Task exited with return code 0
[2025-11-28T16:31:08.690+0300] {taskinstance.py:2596} INFO - 1 downstream tasks scheduled from follow-on schedule check
