[2025-11-28T16:27:10.764+0300] {taskinstance.py:1090} INFO - Dependencies all met for dep_context=non-requeueable deps ti=<TaskInstance: branching_dag.has_driving_license scheduled__2025-11-27T00:00:00+00:00 [queued]>
[2025-11-28T16:27:10.774+0300] {taskinstance.py:1090} INFO - Dependencies all met for dep_context=requeueable deps ti=<TaskInstance: branching_dag.has_driving_license scheduled__2025-11-27T00:00:00+00:00 [queued]>
[2025-11-28T16:27:10.775+0300] {taskinstance.py:1288} INFO - 
--------------------------------------------------------------------------------
[2025-11-28T16:27:10.775+0300] {taskinstance.py:1289} INFO - Starting attempt 1 of 1
[2025-11-28T16:27:10.775+0300] {taskinstance.py:1290} INFO - 
--------------------------------------------------------------------------------
[2025-11-28T16:27:10.807+0300] {taskinstance.py:1309} INFO - Executing <Task(PythonOperator): has_driving_license> on 2025-11-27 00:00:00+00:00
[2025-11-28T16:27:10.813+0300] {standard_task_runner.py:55} INFO - Started process 544179 to run task
[2025-11-28T16:27:10.818+0300] {standard_task_runner.py:82} INFO - Running: ['airflow', 'tasks', 'run', 'branching_dag', 'has_driving_license', 'scheduled__2025-11-27T00:00:00+00:00', '--job-id', '127', '--raw', '--subdir', 'DAGS_FOLDER/branching_dag.py', '--cfg-path', '/tmp/tmp804hvpit']
[2025-11-28T16:27:10.821+0300] {standard_task_runner.py:83} INFO - Job 127: Subtask has_driving_license
[2025-11-28T16:27:10.911+0300] {task_command.py:389} INFO - Running <TaskInstance: branching_dag.has_driving_license scheduled__2025-11-27T00:00:00+00:00 [running]> on host DESKTOP-P0U82UP.
[2025-11-28T16:27:11.005+0300] {taskinstance.py:1518} INFO - Exporting the following env vars:
AIRFLOW_CTX_DAG_OWNER=pker
AIRFLOW_CTX_DAG_ID=branching_dag
AIRFLOW_CTX_TASK_ID=has_driving_license
AIRFLOW_CTX_EXECUTION_DATE=2025-11-27T00:00:00+00:00
AIRFLOW_CTX_TRY_NUMBER=1
AIRFLOW_CTX_DAG_RUN_ID=scheduled__2025-11-27T00:00:00+00:00
[2025-11-28T16:27:11.006+0300] {python.py:177} INFO - Done. Returned value was: True
[2025-11-28T16:27:11.031+0300] {taskinstance.py:1332} INFO - Marking task as SUCCESS. dag_id=branching_dag, task_id=has_driving_license, execution_date=20251127T000000, start_date=20251128T132710, end_date=20251128T132711
[2025-11-28T16:27:11.080+0300] {local_task_job.py:212} INFO - Task exited with return code 0
[2025-11-28T16:27:11.141+0300] {taskinstance.py:2596} INFO - 1 downstream tasks scheduled from follow-on schedule check
