[2025-12-23T17:32:36.351+0300] {taskinstance.py:1090} INFO - Dependencies all met for dep_context=non-requeueable deps ti=<TaskInstance: weather_dag.transform_weather_data manual__2025-12-23T14:32:26.198867+00:00 [queued]>
[2025-12-23T17:32:36.358+0300] {taskinstance.py:1090} INFO - Dependencies all met for dep_context=requeueable deps ti=<TaskInstance: weather_dag.transform_weather_data manual__2025-12-23T14:32:26.198867+00:00 [queued]>
[2025-12-23T17:32:36.359+0300] {taskinstance.py:1288} INFO - 
--------------------------------------------------------------------------------
[2025-12-23T17:32:36.359+0300] {taskinstance.py:1289} INFO - Starting attempt 1 of 1
[2025-12-23T17:32:36.359+0300] {taskinstance.py:1290} INFO - 
--------------------------------------------------------------------------------
[2025-12-23T17:32:36.383+0300] {taskinstance.py:1309} INFO - Executing <Task(PythonOperator): transform_weather_data> on 2025-12-23 14:32:26.198867+00:00
[2025-12-23T17:32:36.387+0300] {standard_task_runner.py:55} INFO - Started process 107419 to run task
[2025-12-23T17:32:36.394+0300] {standard_task_runner.py:82} INFO - Running: ['airflow', 'tasks', 'run', 'weather_dag', 'transform_weather_data', 'manual__2025-12-23T14:32:26.198867+00:00', '--job-id', '260', '--raw', '--subdir', 'DAGS_FOLDER/weather_dag.py', '--cfg-path', '/tmp/tmpaf44zuz7']
[2025-12-23T17:32:36.395+0300] {standard_task_runner.py:83} INFO - Job 260: Subtask transform_weather_data
[2025-12-23T17:32:36.550+0300] {task_command.py:389} INFO - Running <TaskInstance: weather_dag.transform_weather_data manual__2025-12-23T14:32:26.198867+00:00 [running]> on host DESKTOP-P0U82UP.
[2025-12-23T17:32:36.633+0300] {taskinstance.py:1518} INFO - Exporting the following env vars:
AIRFLOW_CTX_DAG_OWNER=pker
AIRFLOW_CTX_DAG_ID=weather_dag
AIRFLOW_CTX_TASK_ID=transform_weather_data
AIRFLOW_CTX_EXECUTION_DATE=2025-12-23T14:32:26.198867+00:00
AIRFLOW_CTX_TRY_NUMBER=1
AIRFLOW_CTX_DAG_RUN_ID=manual__2025-12-23T14:32:26.198867+00:00
[2025-12-23T17:32:36.672+0300] {logging_mixin.py:137} INFO -       city weather_description  temperature  feels_like  ...  wind_speed              time_recorded                    sunrise                     sunset
0  Nairobi       broken clouds        23.92       23.62  ...        6.98  2025-12-23T17:27:07+03:00  2025-12-23T06:25:54+03:00  2025-12-23T18:37:35+03:00

[1 rows x 12 columns]
[2025-12-23T17:32:36.703+0300] {python.py:177} INFO - Done. Returned value was: [{'city': 'Nairobi', 'weather_description': 'broken clouds', 'temperature': 23.92, 'feels_like': 23.62, 'min_temperature': 23.92, 'max_temperature': 23.92, 'pressure': 1009, 'humidity': 48, 'wind_speed': 6.98, 'time_recorded': '2025-12-23T17:27:07+03:00', 'sunrise': '2025-12-23T06:25:54+03:00', 'sunset': '2025-12-23T18:37:35+03:00'}]
[2025-12-23T17:32:36.722+0300] {taskinstance.py:1332} INFO - Marking task as SUCCESS. dag_id=weather_dag, task_id=transform_weather_data, execution_date=20251223T143226, start_date=20251223T143236, end_date=20251223T143236
[2025-12-23T17:32:36.779+0300] {local_task_job.py:212} INFO - Task exited with return code 0
[2025-12-23T17:32:36.806+0300] {taskinstance.py:2596} INFO - 1 downstream tasks scheduled from follow-on schedule check
