[2025-11-28T16:31:05.487+0300] {taskinstance.py:1090} INFO - Dependencies all met for dep_context=non-requeueable deps ti=<TaskInstance: branching_dag.has_driving_license manual__2025-11-28T13:31:01.331253+00:00 [queued]>
[2025-11-28T16:31:05.496+0300] {taskinstance.py:1090} INFO - Dependencies all met for dep_context=requeueable deps ti=<TaskInstance: branching_dag.has_driving_license manual__2025-11-28T13:31:01.331253+00:00 [queued]>
[2025-11-28T16:31:05.496+0300] {taskinstance.py:1288} INFO - 
--------------------------------------------------------------------------------
[2025-11-28T16:31:05.496+0300] {taskinstance.py:1289} INFO - Starting attempt 1 of 1
[2025-11-28T16:31:05.496+0300] {taskinstance.py:1290} INFO - 
--------------------------------------------------------------------------------
[2025-11-28T16:31:05.514+0300] {taskinstance.py:1309} INFO - Executing <Task(PythonOperator): has_driving_license> on 2025-11-28 13:31:01.331253+00:00
[2025-11-28T16:31:05.518+0300] {standard_task_runner.py:55} INFO - Started process 547477 to run task
[2025-11-28T16:31:05.523+0300] {standard_task_runner.py:82} INFO - Running: ['airflow', 'tasks', 'run', 'branching_dag', 'has_driving_license', 'manual__2025-11-28T13:31:01.331253+00:00', '--job-id', '132', '--raw', '--subdir', 'DAGS_FOLDER/branching_dag.py', '--cfg-path', '/tmp/tmpuigcrwsd']
[2025-11-28T16:31:05.524+0300] {standard_task_runner.py:83} INFO - Job 132: Subtask has_driving_license
[2025-11-28T16:31:05.585+0300] {task_command.py:389} INFO - Running <TaskInstance: branching_dag.has_driving_license manual__2025-11-28T13:31:01.331253+00:00 [running]> on host DESKTOP-P0U82UP.
[2025-11-28T16:31:05.655+0300] {taskinstance.py:1518} INFO - Exporting the following env vars:
AIRFLOW_CTX_DAG_OWNER=pker
AIRFLOW_CTX_DAG_ID=branching_dag
AIRFLOW_CTX_TASK_ID=has_driving_license
AIRFLOW_CTX_EXECUTION_DATE=2025-11-28T13:31:01.331253+00:00
AIRFLOW_CTX_TRY_NUMBER=1
AIRFLOW_CTX_DAG_RUN_ID=manual__2025-11-28T13:31:01.331253+00:00
[2025-11-28T16:31:05.656+0300] {python.py:177} INFO - Done. Returned value was: True
[2025-11-28T16:31:05.675+0300] {taskinstance.py:1332} INFO - Marking task as SUCCESS. dag_id=branching_dag, task_id=has_driving_license, execution_date=20251128T133101, start_date=20251128T133105, end_date=20251128T133105
[2025-11-28T16:31:05.706+0300] {local_task_job.py:212} INFO - Task exited with return code 0
[2025-11-28T16:31:05.736+0300] {taskinstance.py:2596} INFO - 1 downstream tasks scheduled from follow-on schedule check
