[2025-11-29T09:23:07.955+0300] {taskinstance.py:1090} INFO - Dependencies all met for dep_context=non-requeueable deps ti=<TaskInstance: cross_task_communication.print_value manual__2025-11-29T06:22:56.817704+00:00 [queued]>
[2025-11-29T09:23:07.961+0300] {taskinstance.py:1090} INFO - Dependencies all met for dep_context=requeueable deps ti=<TaskInstance: cross_task_communication.print_value manual__2025-11-29T06:22:56.817704+00:00 [queued]>
[2025-11-29T09:23:07.962+0300] {taskinstance.py:1288} INFO - 
--------------------------------------------------------------------------------
[2025-11-29T09:23:07.962+0300] {taskinstance.py:1289} INFO - Starting attempt 1 of 1
[2025-11-29T09:23:07.962+0300] {taskinstance.py:1290} INFO - 
--------------------------------------------------------------------------------
[2025-11-29T09:23:07.983+0300] {taskinstance.py:1309} INFO - Executing <Task(PythonOperator): print_value> on 2025-11-29 06:22:56.817704+00:00
[2025-11-29T09:23:07.987+0300] {standard_task_runner.py:55} INFO - Started process 624328 to run task
[2025-11-29T09:23:07.990+0300] {standard_task_runner.py:82} INFO - Running: ['airflow', 'tasks', 'run', 'cross_task_communication', 'print_value', 'manual__2025-11-29T06:22:56.817704+00:00', '--job-id', '169', '--raw', '--subdir', 'DAGS_FOLDER/xcom.py', '--cfg-path', '/tmp/tmp10g71j6v']
[2025-11-29T09:23:07.991+0300] {standard_task_runner.py:83} INFO - Job 169: Subtask print_value
[2025-11-29T09:23:08.038+0300] {task_command.py:389} INFO - Running <TaskInstance: cross_task_communication.print_value manual__2025-11-29T06:22:56.817704+00:00 [running]> on host DESKTOP-P0U82UP.
[2025-11-29T09:23:08.098+0300] {taskinstance.py:1518} INFO - Exporting the following env vars:
AIRFLOW_CTX_DAG_OWNER=pker
AIRFLOW_CTX_DAG_ID=cross_task_communication
AIRFLOW_CTX_TASK_ID=print_value
AIRFLOW_CTX_EXECUTION_DATE=2025-11-29T06:22:56.817704+00:00
AIRFLOW_CTX_TRY_NUMBER=1
AIRFLOW_CTX_DAG_RUN_ID=manual__2025-11-29T06:22:56.817704+00:00
[2025-11-29T09:23:08.108+0300] {logging_mixin.py:137} INFO - Final Value 191!
[2025-11-29T09:23:08.109+0300] {python.py:177} INFO - Done. Returned value was: None
[2025-11-29T09:23:08.114+0300] {taskinstance.py:1332} INFO - Marking task as SUCCESS. dag_id=cross_task_communication, task_id=print_value, execution_date=20251129T062256, start_date=20251129T062307, end_date=20251129T062308
[2025-11-29T09:23:08.131+0300] {local_task_job.py:212} INFO - Task exited with return code 0
[2025-11-29T09:23:08.147+0300] {taskinstance.py:2596} INFO - 0 downstream tasks scheduled from follow-on schedule check
