[2025-12-24T12:48:55.509+0300] {taskinstance.py:1090} INFO - Dependencies all met for dep_context=non-requeueable deps ti=<TaskInstance: weather_dag.extract_weather_data scheduled__2025-12-23T00:00:00+00:00 [queued]>
[2025-12-24T12:48:55.534+0300] {taskinstance.py:1090} INFO - Dependencies all met for dep_context=requeueable deps ti=<TaskInstance: weather_dag.extract_weather_data scheduled__2025-12-23T00:00:00+00:00 [queued]>
[2025-12-24T12:48:55.534+0300] {taskinstance.py:1288} INFO - 
--------------------------------------------------------------------------------
[2025-12-24T12:48:55.534+0300] {taskinstance.py:1289} INFO - Starting attempt 1 of 1
[2025-12-24T12:48:55.535+0300] {taskinstance.py:1290} INFO - 
--------------------------------------------------------------------------------
[2025-12-24T12:48:55.562+0300] {taskinstance.py:1309} INFO - Executing <Task(PythonOperator): extract_weather_data> on 2025-12-23 00:00:00+00:00
[2025-12-24T12:48:55.569+0300] {standard_task_runner.py:55} INFO - Started process 189739 to run task
[2025-12-24T12:48:55.573+0300] {standard_task_runner.py:82} INFO - Running: ['airflow', 'tasks', 'run', 'weather_dag', 'extract_weather_data', 'scheduled__2025-12-23T00:00:00+00:00', '--job-id', '3', '--raw', '--subdir', 'DAGS_FOLDER/weather_dag.py', '--cfg-path', '/tmp/tmpgs5j_wq4']
[2025-12-24T12:48:55.575+0300] {standard_task_runner.py:83} INFO - Job 3: Subtask extract_weather_data
[2025-12-24T12:48:56.118+0300] {task_command.py:389} INFO - Running <TaskInstance: weather_dag.extract_weather_data scheduled__2025-12-23T00:00:00+00:00 [running]> on host DESKTOP-P0U82UP.
[2025-12-24T12:48:56.495+0300] {taskinstance.py:1518} INFO - Exporting the following env vars:
AIRFLOW_CTX_DAG_OWNER=pker
AIRFLOW_CTX_DAG_ID=weather_dag
AIRFLOW_CTX_TASK_ID=extract_weather_data
AIRFLOW_CTX_EXECUTION_DATE=2025-12-23T00:00:00+00:00
AIRFLOW_CTX_TRY_NUMBER=1
AIRFLOW_CTX_DAG_RUN_ID=scheduled__2025-12-23T00:00:00+00:00
[2025-12-24T12:48:56.623+0300] {main.py:16} ERROR - Failed to retrieve API key from Airflow Variables 'api_key' : 'Variable api_key does not exist'
[2025-12-24T12:48:56.624+0300] {logging_mixin.py:137} INFO - ERROR: Failed to retrieve API key: 'Variable api_key does not exist'
[2025-12-24T12:48:56.624+0300] {taskinstance.py:1776} ERROR - Task failed with exception
Traceback (most recent call last):
  File "/home/pker/airflow_env/lib/python3.7/site-packages/airflow/operators/python.py", line 175, in execute
    return_value = self.execute_callable()
  File "/home/pker/airflow_env/lib/python3.7/site-packages/airflow/operators/python.py", line 192, in execute_callable
    return self.python_callable(*self.op_args, **self.op_kwargs)
  File "/home/pker/airflow/dags/weather_etl/main.py", line 21, in fetch_weather_data
    "appid": api_key_value,
UnboundLocalError: local variable 'api_key_value' referenced before assignment
[2025-12-24T12:48:56.744+0300] {taskinstance.py:1332} INFO - Marking task as FAILED. dag_id=weather_dag, task_id=extract_weather_data, execution_date=20251223T000000, start_date=20251224T094855, end_date=20251224T094856
[2025-12-24T12:48:56.814+0300] {standard_task_runner.py:105} ERROR - Failed to execute job 3 for task extract_weather_data (local variable 'api_key_value' referenced before assignment; 189739)
[2025-12-24T12:48:56.852+0300] {local_task_job.py:212} INFO - Task exited with return code 1
[2025-12-24T12:48:56.985+0300] {taskinstance.py:2596} INFO - 0 downstream tasks scheduled from follow-on schedule check
