[2025-11-23T15:54:20.306+0300] {taskinstance.py:1090} INFO - Dependencies all met for dep_context=non-requeueable deps ti=<TaskInstance: execute_python_operator.greet_hello manual__2025-11-23T12:54:16.319166+00:00 [queued]>
[2025-11-23T15:54:20.319+0300] {taskinstance.py:1090} INFO - Dependencies all met for dep_context=requeueable deps ti=<TaskInstance: execute_python_operator.greet_hello manual__2025-11-23T12:54:16.319166+00:00 [queued]>
[2025-11-23T15:54:20.319+0300] {taskinstance.py:1288} INFO - 
--------------------------------------------------------------------------------
[2025-11-23T15:54:20.319+0300] {taskinstance.py:1289} INFO - Starting attempt 1 of 1
[2025-11-23T15:54:20.319+0300] {taskinstance.py:1290} INFO - 
--------------------------------------------------------------------------------
[2025-11-23T15:54:20.394+0300] {taskinstance.py:1309} INFO - Executing <Task(PythonOperator): greet_hello> on 2025-11-23 12:54:16.319166+00:00
[2025-11-23T15:54:20.408+0300] {standard_task_runner.py:55} INFO - Started process 354565 to run task
[2025-11-23T15:54:20.457+0300] {standard_task_runner.py:82} INFO - Running: ['airflow', 'tasks', 'run', 'execute_python_operator', 'greet_hello', 'manual__2025-11-23T12:54:16.319166+00:00', '--job-id', '42', '--raw', '--subdir', 'DAGS_FOLDER/weather_dag.py', '--cfg-path', '/tmp/tmpyh1js4al']
[2025-11-23T15:54:20.462+0300] {standard_task_runner.py:83} INFO - Job 42: Subtask greet_hello
[2025-11-23T15:54:20.802+0300] {task_command.py:389} INFO - Running <TaskInstance: execute_python_operator.greet_hello manual__2025-11-23T12:54:16.319166+00:00 [running]> on host DESKTOP-P0U82UP.
[2025-11-23T15:54:20.977+0300] {taskinstance.py:1518} INFO - Exporting the following env vars:
AIRFLOW_CTX_DAG_OWNER=pker
AIRFLOW_CTX_DAG_ID=execute_python_operator
AIRFLOW_CTX_TASK_ID=greet_hello
AIRFLOW_CTX_EXECUTION_DATE=2025-11-23T12:54:16.319166+00:00
AIRFLOW_CTX_TRY_NUMBER=1
AIRFLOW_CTX_DAG_RUN_ID=manual__2025-11-23T12:54:16.319166+00:00
[2025-11-23T15:54:20.982+0300] {logging_mixin.py:137} INFO - Hello, pker!
[2025-11-23T15:54:20.983+0300] {python.py:177} INFO - Done. Returned value was: None
[2025-11-23T15:54:20.993+0300] {taskinstance.py:1332} INFO - Marking task as SUCCESS. dag_id=execute_python_operator, task_id=greet_hello, execution_date=20251123T125416, start_date=20251123T125420, end_date=20251123T125420
[2025-11-23T15:54:21.043+0300] {local_task_job.py:212} INFO - Task exited with return code 0
[2025-11-23T15:54:21.071+0300] {taskinstance.py:2596} INFO - 1 downstream tasks scheduled from follow-on schedule check
