[2025-12-01T11:52:24.305+0300] {taskinstance.py:1090} INFO - Dependencies all met for dep_context=non-requeueable deps ti=<TaskInstance: weather_dag.extract_weather_data scheduled__2025-11-30T00:00:00+00:00 [queued]>
[2025-12-01T11:52:24.313+0300] {taskinstance.py:1090} INFO - Dependencies all met for dep_context=requeueable deps ti=<TaskInstance: weather_dag.extract_weather_data scheduled__2025-11-30T00:00:00+00:00 [queued]>
[2025-12-01T11:52:24.313+0300] {taskinstance.py:1288} INFO - 
--------------------------------------------------------------------------------
[2025-12-01T11:52:24.313+0300] {taskinstance.py:1289} INFO - Starting attempt 1 of 1
[2025-12-01T11:52:24.313+0300] {taskinstance.py:1290} INFO - 
--------------------------------------------------------------------------------
[2025-12-01T11:52:24.335+0300] {taskinstance.py:1309} INFO - Executing <Task(PythonOperator): extract_weather_data> on 2025-11-30 00:00:00+00:00
[2025-12-01T11:52:24.340+0300] {standard_task_runner.py:55} INFO - Started process 865625 to run task
[2025-12-01T11:52:24.343+0300] {standard_task_runner.py:82} INFO - Running: ['airflow', 'tasks', 'run', 'weather_dag', 'extract_weather_data', 'scheduled__2025-11-30T00:00:00+00:00', '--job-id', '199', '--raw', '--subdir', 'DAGS_FOLDER/weather_dag.py', '--cfg-path', '/tmp/tmp6n6om18s']
[2025-12-01T11:52:24.344+0300] {standard_task_runner.py:83} INFO - Job 199: Subtask extract_weather_data
[2025-12-01T11:52:24.409+0300] {task_command.py:389} INFO - Running <TaskInstance: weather_dag.extract_weather_data scheduled__2025-11-30T00:00:00+00:00 [running]> on host DESKTOP-P0U82UP.
[2025-12-01T11:52:24.487+0300] {taskinstance.py:1518} INFO - Exporting the following env vars:
AIRFLOW_CTX_DAG_OWNER=pker
AIRFLOW_CTX_DAG_ID=weather_dag
AIRFLOW_CTX_TASK_ID=extract_weather_data
AIRFLOW_CTX_EXECUTION_DATE=2025-11-30T00:00:00+00:00
AIRFLOW_CTX_TRY_NUMBER=1
AIRFLOW_CTX_DAG_RUN_ID=scheduled__2025-11-30T00:00:00+00:00
[2025-12-01T11:52:25.005+0300] {logging_mixin.py:137} INFO -       city  ...                    sunset
0  Nairobi  ... 2025-12-01 06:16:19+03:00

[1 rows x 12 columns]
[2025-12-01T11:52:25.006+0300] {python.py:177} INFO - Done. Returned value was:       city  ...                    sunset
0  Nairobi  ... 2025-12-01 06:16:19+03:00

[1 rows x 12 columns]
[2025-12-01T11:52:25.023+0300] {xcom.py:635} ERROR - Object of type DataFrame is not JSON serializable. If you are using pickle instead of JSON for XCom, then you need to enable pickle support for XCom in your airflow config or make sure to decorate your object with attr.
[2025-12-01T11:52:25.024+0300] {taskinstance.py:1776} ERROR - Task failed with exception
Traceback (most recent call last):
  File "/home/pker/airflow_env/lib/python3.7/site-packages/airflow/utils/session.py", line 72, in wrapper
    return func(*args, **kwargs)
  File "/home/pker/airflow_env/lib/python3.7/site-packages/airflow/models/taskinstance.py", line 2305, in xcom_push
    session=session,
  File "/home/pker/airflow_env/lib/python3.7/site-packages/airflow/utils/session.py", line 72, in wrapper
    return func(*args, **kwargs)
  File "/home/pker/airflow_env/lib/python3.7/site-packages/airflow/models/xcom.py", line 240, in set
    map_index=map_index,
  File "/home/pker/airflow_env/lib/python3.7/site-packages/airflow/models/xcom.py", line 627, in serialize_value
    return json.dumps(value, cls=XComEncoder).encode("UTF-8")
  File "/home/pker/.pyenv/versions/3.7.16/lib/python3.7/json/__init__.py", line 238, in dumps
    **kw).encode(obj)
  File "/home/pker/airflow_env/lib/python3.7/site-packages/airflow/utils/json.py", line 176, in encode
    return super().encode(o)
  File "/home/pker/.pyenv/versions/3.7.16/lib/python3.7/json/encoder.py", line 199, in encode
    chunks = self.iterencode(o, _one_shot=True)
  File "/home/pker/.pyenv/versions/3.7.16/lib/python3.7/json/encoder.py", line 257, in iterencode
    return _iterencode(o, 0)
  File "/home/pker/airflow_env/lib/python3.7/site-packages/airflow/utils/json.py", line 170, in default
    return super().default(o)
  File "/home/pker/.pyenv/versions/3.7.16/lib/python3.7/json/encoder.py", line 179, in default
    raise TypeError(f'Object of type {o.__class__.__name__} '
TypeError: Object of type DataFrame is not JSON serializable
[2025-12-01T11:52:25.035+0300] {taskinstance.py:1332} INFO - Marking task as FAILED. dag_id=weather_dag, task_id=extract_weather_data, execution_date=20251130T000000, start_date=20251201T085224, end_date=20251201T085225
[2025-12-01T11:52:25.052+0300] {standard_task_runner.py:105} ERROR - Failed to execute job 199 for task extract_weather_data (Object of type DataFrame is not JSON serializable; 865625)
[2025-12-01T11:52:25.096+0300] {local_task_job.py:212} INFO - Task exited with return code 1
[2025-12-01T11:52:25.118+0300] {taskinstance.py:2596} INFO - 0 downstream tasks scheduled from follow-on schedule check
