[2025-12-02T08:04:50.760+0300] {taskinstance.py:1090} INFO - Dependencies all met for dep_context=non-requeueable deps ti=<TaskInstance: example_branch_operator.branching scheduled__2025-12-01T00:00:00+00:00 [queued]>
[2025-12-02T08:04:50.771+0300] {taskinstance.py:1090} INFO - Dependencies all met for dep_context=requeueable deps ti=<TaskInstance: example_branch_operator.branching scheduled__2025-12-01T00:00:00+00:00 [queued]>
[2025-12-02T08:04:50.771+0300] {taskinstance.py:1288} INFO - 
--------------------------------------------------------------------------------
[2025-12-02T08:04:50.771+0300] {taskinstance.py:1289} INFO - Starting attempt 1 of 1
[2025-12-02T08:04:50.772+0300] {taskinstance.py:1290} INFO - 
--------------------------------------------------------------------------------
[2025-12-02T08:04:50.797+0300] {taskinstance.py:1309} INFO - Executing <Task(BranchPythonOperator): branching> on 2025-12-01 00:00:00+00:00
[2025-12-02T08:04:50.802+0300] {standard_task_runner.py:55} INFO - Started process 923527 to run task
[2025-12-02T08:04:50.807+0300] {standard_task_runner.py:82} INFO - Running: ['airflow', 'tasks', 'run', 'example_branch_operator', 'branching', 'scheduled__2025-12-01T00:00:00+00:00', '--job-id', '209', '--raw', '--subdir', '/home/pker/airflow_env/lib/python3.7/site-packages/airflow/example_dags/example_branch_operator.py', '--cfg-path', '/tmp/tmpko_5jwd5']
[2025-12-02T08:04:50.808+0300] {standard_task_runner.py:83} INFO - Job 209: Subtask branching
[2025-12-02T08:04:50.908+0300] {task_command.py:389} INFO - Running <TaskInstance: example_branch_operator.branching scheduled__2025-12-01T00:00:00+00:00 [running]> on host DESKTOP-P0U82UP.
[2025-12-02T08:04:51.036+0300] {taskinstance.py:1518} INFO - Exporting the following env vars:
AIRFLOW_CTX_DAG_OWNER=airflow
AIRFLOW_CTX_DAG_ID=example_branch_operator
AIRFLOW_CTX_TASK_ID=branching
AIRFLOW_CTX_EXECUTION_DATE=2025-12-01T00:00:00+00:00
AIRFLOW_CTX_TRY_NUMBER=1
AIRFLOW_CTX_DAG_RUN_ID=scheduled__2025-12-01T00:00:00+00:00
[2025-12-02T08:04:51.040+0300] {python.py:177} INFO - Done. Returned value was: branch_d
[2025-12-02T08:04:51.040+0300] {python.py:211} INFO - Branch callable return branch_d
[2025-12-02T08:04:51.040+0300] {skipmixin.py:155} INFO - Following branch branch_d
[2025-12-02T08:04:51.041+0300] {skipmixin.py:211} INFO - Skipping tasks ['branch_c', 'branch_a', 'branch_b']
[2025-12-02T08:04:51.108+0300] {taskinstance.py:1332} INFO - Marking task as SUCCESS. dag_id=example_branch_operator, task_id=branching, execution_date=20251201T000000, start_date=20251202T050450, end_date=20251202T050451
[2025-12-02T08:04:51.153+0300] {local_task_job.py:212} INFO - Task exited with return code 0
[2025-12-02T08:04:51.232+0300] {taskinstance.py:2596} INFO - 0 downstream tasks scheduled from follow-on schedule check
