[2025-11-28T14:59:02.764+0300] {taskinstance.py:1090} INFO - Dependencies all met for dep_context=non-requeueable deps ti=<TaskInstance: sql_pipeline.insert_values_2 manual__2025-11-28T11:58:52.247870+00:00 [queued]>
[2025-11-28T14:59:02.780+0300] {taskinstance.py:1090} INFO - Dependencies all met for dep_context=requeueable deps ti=<TaskInstance: sql_pipeline.insert_values_2 manual__2025-11-28T11:58:52.247870+00:00 [queued]>
[2025-11-28T14:59:02.780+0300] {taskinstance.py:1288} INFO - 
--------------------------------------------------------------------------------
[2025-11-28T14:59:02.780+0300] {taskinstance.py:1289} INFO - Starting attempt 1 of 1
[2025-11-28T14:59:02.780+0300] {taskinstance.py:1290} INFO - 
--------------------------------------------------------------------------------
[2025-11-28T14:59:02.811+0300] {taskinstance.py:1309} INFO - Executing <Task(SqliteOperator): insert_values_2> on 2025-11-28 11:58:52.247870+00:00
[2025-11-28T14:59:02.817+0300] {standard_task_runner.py:55} INFO - Started process 494631 to run task
[2025-11-28T14:59:02.824+0300] {standard_task_runner.py:82} INFO - Running: ['airflow', 'tasks', 'run', 'sql_pipeline', 'insert_values_2', 'manual__2025-11-28T11:58:52.247870+00:00', '--job-id', '117', '--raw', '--subdir', 'DAGS_FOLDER/sql_pipeline.py', '--cfg-path', '/tmp/tmpcbx3jgj8']
[2025-11-28T14:59:02.826+0300] {standard_task_runner.py:83} INFO - Job 117: Subtask insert_values_2
[2025-11-28T14:59:02.897+0300] {task_command.py:389} INFO - Running <TaskInstance: sql_pipeline.insert_values_2 manual__2025-11-28T11:58:52.247870+00:00 [running]> on host DESKTOP-P0U82UP.
[2025-11-28T14:59:02.980+0300] {taskinstance.py:1518} INFO - Exporting the following env vars:
AIRFLOW_CTX_DAG_OWNER=pker
AIRFLOW_CTX_DAG_ID=sql_pipeline
AIRFLOW_CTX_TASK_ID=insert_values_2
AIRFLOW_CTX_EXECUTION_DATE=2025-11-28T11:58:52.247870+00:00
AIRFLOW_CTX_TRY_NUMBER=1
AIRFLOW_CTX_DAG_RUN_ID=manual__2025-11-28T11:58:52.247870+00:00
[2025-11-28T14:59:02.981+0300] {sql.py:254} INFO - Executing:         INSERT INTO users (name, age) VALUES
            ('Frank', 40),
            ('Grace', 27),
            ('Heidi', 32),
            ('Ivan', 29),
            ('Judy', 24);
            
[2025-11-28T14:59:02.986+0300] {base.py:73} INFO - Using connection ID 'my_sqlite_conn' for task execution.
[2025-11-28T14:59:03.074+0300] {base.py:73} INFO - Using connection ID 'my_sqlite_conn' for task execution.
[2025-11-28T14:59:03.074+0300] {sql.py:375} INFO - Running statement:         INSERT INTO users (name, age) VALUES
            ('Frank', 40),
            ('Grace', 27),
            ('Heidi', 32),
            ('Ivan', 29),
            ('Judy', 24);
            , parameters: None
[2025-11-28T14:59:03.075+0300] {sql.py:384} INFO - Rows affected: 5
[2025-11-28T14:59:03.087+0300] {taskinstance.py:1332} INFO - Marking task as SUCCESS. dag_id=sql_pipeline, task_id=insert_values_2, execution_date=20251128T115852, start_date=20251128T115902, end_date=20251128T115903
[2025-11-28T14:59:03.139+0300] {local_task_job.py:212} INFO - Task exited with return code 0
[2025-11-28T14:59:03.183+0300] {taskinstance.py:2596} INFO - 1 downstream tasks scheduled from follow-on schedule check
