[2025-12-01T12:31:42.130+0300] {taskinstance.py:1090} INFO - Dependencies all met for dep_context=non-requeueable deps ti=<TaskInstance: weather_dag.extract_weather_data manual__2025-12-01T09:31:39.350521+00:00 [queued]>
[2025-12-01T12:31:42.137+0300] {taskinstance.py:1090} INFO - Dependencies all met for dep_context=requeueable deps ti=<TaskInstance: weather_dag.extract_weather_data manual__2025-12-01T09:31:39.350521+00:00 [queued]>
[2025-12-01T12:31:42.137+0300] {taskinstance.py:1288} INFO - 
--------------------------------------------------------------------------------
[2025-12-01T12:31:42.137+0300] {taskinstance.py:1289} INFO - Starting attempt 1 of 1
[2025-12-01T12:31:42.138+0300] {taskinstance.py:1290} INFO - 
--------------------------------------------------------------------------------
[2025-12-01T12:31:42.159+0300] {taskinstance.py:1309} INFO - Executing <Task(PythonOperator): extract_weather_data> on 2025-12-01 09:31:39.350521+00:00
[2025-12-01T12:31:42.164+0300] {standard_task_runner.py:55} INFO - Started process 892252 to run task
[2025-12-01T12:31:42.167+0300] {standard_task_runner.py:82} INFO - Running: ['airflow', 'tasks', 'run', 'weather_dag', 'extract_weather_data', 'manual__2025-12-01T09:31:39.350521+00:00', '--job-id', '202', '--raw', '--subdir', 'DAGS_FOLDER/weather_dag.py', '--cfg-path', '/tmp/tmpdu8whfj7']
[2025-12-01T12:31:42.167+0300] {standard_task_runner.py:83} INFO - Job 202: Subtask extract_weather_data
[2025-12-01T12:31:42.238+0300] {task_command.py:389} INFO - Running <TaskInstance: weather_dag.extract_weather_data manual__2025-12-01T09:31:39.350521+00:00 [running]> on host DESKTOP-P0U82UP.
[2025-12-01T12:31:42.320+0300] {taskinstance.py:1518} INFO - Exporting the following env vars:
AIRFLOW_CTX_DAG_OWNER=pker
AIRFLOW_CTX_DAG_ID=weather_dag
AIRFLOW_CTX_TASK_ID=extract_weather_data
AIRFLOW_CTX_EXECUTION_DATE=2025-12-01T09:31:39.350521+00:00
AIRFLOW_CTX_TRY_NUMBER=1
AIRFLOW_CTX_DAG_RUN_ID=manual__2025-12-01T09:31:39.350521+00:00
[2025-12-01T12:31:42.963+0300] {logging_mixin.py:137} INFO -       city  ...                     sunset
0  Nairobi  ...  2025-12-01T06:16:19+03:00

[1 rows x 12 columns]
[2025-12-01T12:31:42.965+0300] {python.py:177} INFO - Done. Returned value was: [{'city': 'Nairobi', 'weather_description': 'scattered clouds', 'temperature': 23.62, 'feels_like': 23.24, 'min_temperature': 23.62, 'max_temperature': 23.62, 'pressure': 1013, 'humidity': 46, 'wind_speed': 7.72, 'time_recorded': '2025-12-01T12:24:10+03:00', 'sunrise': '2025-12-01T18:27:35+03:00', 'sunset': '2025-12-01T06:16:19+03:00'}]
[2025-12-01T12:31:43.028+0300] {taskinstance.py:1332} INFO - Marking task as SUCCESS. dag_id=weather_dag, task_id=extract_weather_data, execution_date=20251201T093139, start_date=20251201T093142, end_date=20251201T093143
[2025-12-01T12:31:43.067+0300] {local_task_job.py:212} INFO - Task exited with return code 0
[2025-12-01T12:31:43.091+0300] {taskinstance.py:2596} INFO - 0 downstream tasks scheduled from follow-on schedule check
