[2025-12-23T12:18:06.520+0300] {taskinstance.py:1090} INFO - Dependencies all met for dep_context=non-requeueable deps ti=<TaskInstance: cross_task_communication.substract_9 scheduled__2025-12-02T00:00:00+00:00 [queued]>
[2025-12-23T12:18:06.526+0300] {taskinstance.py:1090} INFO - Dependencies all met for dep_context=requeueable deps ti=<TaskInstance: cross_task_communication.substract_9 scheduled__2025-12-02T00:00:00+00:00 [queued]>
[2025-12-23T12:18:06.526+0300] {taskinstance.py:1288} INFO - 
--------------------------------------------------------------------------------
[2025-12-23T12:18:06.526+0300] {taskinstance.py:1289} INFO - Starting attempt 1 of 1
[2025-12-23T12:18:06.526+0300] {taskinstance.py:1290} INFO - 
--------------------------------------------------------------------------------
[2025-12-23T12:18:06.544+0300] {taskinstance.py:1309} INFO - Executing <Task(PythonOperator): substract_9> on 2025-12-02 00:00:00+00:00
[2025-12-23T12:18:06.547+0300] {standard_task_runner.py:55} INFO - Started process 27499 to run task
[2025-12-23T12:18:06.550+0300] {standard_task_runner.py:82} INFO - Running: ['airflow', 'tasks', 'run', 'cross_task_communication', 'substract_9', 'scheduled__2025-12-02T00:00:00+00:00', '--job-id', '229', '--raw', '--subdir', 'DAGS_FOLDER/xcom.py', '--cfg-path', '/tmp/tmpzuv8xs68']
[2025-12-23T12:18:06.550+0300] {standard_task_runner.py:83} INFO - Job 229: Subtask substract_9
[2025-12-23T12:18:06.614+0300] {task_command.py:389} INFO - Running <TaskInstance: cross_task_communication.substract_9 scheduled__2025-12-02T00:00:00+00:00 [running]> on host DESKTOP-P0U82UP.
[2025-12-23T12:18:06.686+0300] {taskinstance.py:1518} INFO - Exporting the following env vars:
AIRFLOW_CTX_DAG_OWNER=pker
AIRFLOW_CTX_DAG_ID=cross_task_communication
AIRFLOW_CTX_TASK_ID=substract_9
AIRFLOW_CTX_EXECUTION_DATE=2025-12-02T00:00:00+00:00
AIRFLOW_CTX_TRY_NUMBER=1
AIRFLOW_CTX_DAG_RUN_ID=scheduled__2025-12-02T00:00:00+00:00
[2025-12-23T12:18:06.697+0300] {logging_mixin.py:137} INFO - Value 200!
[2025-12-23T12:18:06.698+0300] {python.py:177} INFO - Done. Returned value was: 191
[2025-12-23T12:18:06.717+0300] {taskinstance.py:1332} INFO - Marking task as SUCCESS. dag_id=cross_task_communication, task_id=substract_9, execution_date=20251202T000000, start_date=20251223T091806, end_date=20251223T091806
[2025-12-23T12:18:06.763+0300] {local_task_job.py:212} INFO - Task exited with return code 0
[2025-12-23T12:18:06.780+0300] {taskinstance.py:2596} INFO - 1 downstream tasks scheduled from follow-on schedule check
