[2025-11-29T09:33:14.376+0300] {taskinstance.py:1090} INFO - Dependencies all met for dep_context=non-requeueable deps ti=<TaskInstance: sql_pipeline.insert_values manual__2025-11-29T06:33:10.535351+00:00 [queued]>
[2025-11-29T09:33:14.382+0300] {taskinstance.py:1090} INFO - Dependencies all met for dep_context=requeueable deps ti=<TaskInstance: sql_pipeline.insert_values manual__2025-11-29T06:33:10.535351+00:00 [queued]>
[2025-11-29T09:33:14.383+0300] {taskinstance.py:1288} INFO - 
--------------------------------------------------------------------------------
[2025-11-29T09:33:14.383+0300] {taskinstance.py:1289} INFO - Starting attempt 1 of 1
[2025-11-29T09:33:14.383+0300] {taskinstance.py:1290} INFO - 
--------------------------------------------------------------------------------
[2025-11-29T09:33:14.399+0300] {taskinstance.py:1309} INFO - Executing <Task(SqliteOperator): insert_values> on 2025-11-29 06:33:10.535351+00:00
[2025-11-29T09:33:14.402+0300] {standard_task_runner.py:55} INFO - Started process 629104 to run task
[2025-11-29T09:33:14.405+0300] {standard_task_runner.py:82} INFO - Running: ['airflow', 'tasks', 'run', 'sql_pipeline', 'insert_values', 'manual__2025-11-29T06:33:10.535351+00:00', '--job-id', '171', '--raw', '--subdir', 'DAGS_FOLDER/sql_pipeline.py', '--cfg-path', '/tmp/tmpy66170as']
[2025-11-29T09:33:14.405+0300] {standard_task_runner.py:83} INFO - Job 171: Subtask insert_values
[2025-11-29T09:33:14.458+0300] {task_command.py:389} INFO - Running <TaskInstance: sql_pipeline.insert_values manual__2025-11-29T06:33:10.535351+00:00 [running]> on host DESKTOP-P0U82UP.
[2025-11-29T09:33:14.544+0300] {taskinstance.py:1518} INFO - Exporting the following env vars:
AIRFLOW_CTX_DAG_OWNER=pker
AIRFLOW_CTX_DAG_ID=sql_pipeline
AIRFLOW_CTX_TASK_ID=insert_values
AIRFLOW_CTX_EXECUTION_DATE=2025-11-29T06:33:10.535351+00:00
AIRFLOW_CTX_TRY_NUMBER=1
AIRFLOW_CTX_DAG_RUN_ID=manual__2025-11-29T06:33:10.535351+00:00
[2025-11-29T09:33:14.546+0300] {sql.py:254} INFO - Executing: 
        INSERT INTO users (name, age, is_active) VALUES
            ('Alice', 30, false),
            ('Bob', 25, true),
            ('Charlie', 35, false),
            ('David', 28, false),
            ('Eve', 22, true);
            
[2025-11-29T09:33:14.550+0300] {base.py:73} INFO - Using connection ID 'my_sqlite_conn' for task execution.
[2025-11-29T09:33:14.626+0300] {base.py:73} INFO - Using connection ID 'my_sqlite_conn' for task execution.
[2025-11-29T09:33:14.626+0300] {sql.py:375} INFO - Running statement: 
        INSERT INTO users (name, age, is_active) VALUES
            ('Alice', 30, false),
            ('Bob', 25, true),
            ('Charlie', 35, false),
            ('David', 28, false),
            ('Eve', 22, true);
            , parameters: None
[2025-11-29T09:33:14.626+0300] {sql.py:384} INFO - Rows affected: 5
[2025-11-29T09:33:14.638+0300] {taskinstance.py:1332} INFO - Marking task as SUCCESS. dag_id=sql_pipeline, task_id=insert_values, execution_date=20251129T063310, start_date=20251129T063314, end_date=20251129T063314
[2025-11-29T09:33:14.672+0300] {local_task_job.py:212} INFO - Task exited with return code 0
[2025-11-29T09:33:14.698+0300] {taskinstance.py:2596} INFO - 0 downstream tasks scheduled from follow-on schedule check
