[2025-12-23T12:19:12.869+0300] {taskinstance.py:1090} INFO - Dependencies all met for dep_context=non-requeueable deps ti=<TaskInstance: execute_multiple_tasks.task_3 scheduled__2025-12-22T00:00:00+00:00 [queued]>
[2025-12-23T12:19:12.875+0300] {taskinstance.py:1090} INFO - Dependencies all met for dep_context=requeueable deps ti=<TaskInstance: execute_multiple_tasks.task_3 scheduled__2025-12-22T00:00:00+00:00 [queued]>
[2025-12-23T12:19:12.875+0300] {taskinstance.py:1288} INFO - 
--------------------------------------------------------------------------------
[2025-12-23T12:19:12.875+0300] {taskinstance.py:1289} INFO - Starting attempt 1 of 1
[2025-12-23T12:19:12.876+0300] {taskinstance.py:1290} INFO - 
--------------------------------------------------------------------------------
[2025-12-23T12:19:12.891+0300] {taskinstance.py:1309} INFO - Executing <Task(BashOperator): task_3> on 2025-12-22 00:00:00+00:00
[2025-12-23T12:19:12.893+0300] {standard_task_runner.py:55} INFO - Started process 28481 to run task
[2025-12-23T12:19:12.897+0300] {standard_task_runner.py:82} INFO - Running: ['airflow', 'tasks', 'run', 'execute_multiple_tasks', 'task_3', 'scheduled__2025-12-22T00:00:00+00:00', '--job-id', '240', '--raw', '--subdir', 'DAGS_FOLDER/execute_multiple_tasks.py', '--cfg-path', '/tmp/tmp4av5mg0n']
[2025-12-23T12:19:12.897+0300] {standard_task_runner.py:83} INFO - Job 240: Subtask task_3
[2025-12-23T12:19:12.948+0300] {task_command.py:389} INFO - Running <TaskInstance: execute_multiple_tasks.task_3 scheduled__2025-12-22T00:00:00+00:00 [running]> on host DESKTOP-P0U82UP.
[2025-12-23T12:19:13.013+0300] {taskinstance.py:1518} INFO - Exporting the following env vars:
AIRFLOW_CTX_DAG_OWNER=pker
AIRFLOW_CTX_DAG_ID=execute_multiple_tasks
AIRFLOW_CTX_TASK_ID=task_3
AIRFLOW_CTX_EXECUTION_DATE=2025-12-22T00:00:00+00:00
AIRFLOW_CTX_TRY_NUMBER=1
AIRFLOW_CTX_DAG_RUN_ID=scheduled__2025-12-22T00:00:00+00:00
[2025-12-23T12:19:13.016+0300] {subprocess.py:63} INFO - Tmp dir root location: 
 /tmp
[2025-12-23T12:19:13.016+0300] {subprocess.py:75} INFO - Running command: ['/usr/bin/bash', '-c', '\n        echo "Executing Task 3"\n        sleep 15\n        echo "Task 3 completed"\n        ']
[2025-12-23T12:19:13.022+0300] {subprocess.py:86} INFO - Output:
[2025-12-23T12:19:13.023+0300] {subprocess.py:93} INFO - Executing Task 3
[2025-12-23T12:19:28.025+0300] {subprocess.py:93} INFO - Task 3 completed
[2025-12-23T12:19:28.026+0300] {subprocess.py:97} INFO - Command exited with return code 0
[2025-12-23T12:19:28.071+0300] {taskinstance.py:1332} INFO - Marking task as SUCCESS. dag_id=execute_multiple_tasks, task_id=task_3, execution_date=20251222T000000, start_date=20251223T091912, end_date=20251223T091928
[2025-12-23T12:19:28.103+0300] {local_task_job.py:212} INFO - Task exited with return code 0
[2025-12-23T12:19:28.121+0300] {taskinstance.py:2596} INFO - 1 downstream tasks scheduled from follow-on schedule check
