[2025-11-28T15:01:37.797+0300] {taskinstance.py:1090} INFO - Dependencies all met for dep_context=non-requeueable deps ti=<TaskInstance: sql_pipeline.create_table manual__2025-11-28T12:01:34.246528+00:00 [queued]>
[2025-11-28T15:01:37.810+0300] {taskinstance.py:1090} INFO - Dependencies all met for dep_context=requeueable deps ti=<TaskInstance: sql_pipeline.create_table manual__2025-11-28T12:01:34.246528+00:00 [queued]>
[2025-11-28T15:01:37.810+0300] {taskinstance.py:1288} INFO - 
--------------------------------------------------------------------------------
[2025-11-28T15:01:37.811+0300] {taskinstance.py:1289} INFO - Starting attempt 1 of 1
[2025-11-28T15:01:37.811+0300] {taskinstance.py:1290} INFO - 
--------------------------------------------------------------------------------
[2025-11-28T15:01:37.835+0300] {taskinstance.py:1309} INFO - Executing <Task(SqliteOperator): create_table> on 2025-11-28 12:01:34.246528+00:00
[2025-11-28T15:01:37.840+0300] {standard_task_runner.py:55} INFO - Started process 497383 to run task
[2025-11-28T15:01:37.846+0300] {standard_task_runner.py:82} INFO - Running: ['airflow', 'tasks', 'run', 'sql_pipeline', 'create_table', 'manual__2025-11-28T12:01:34.246528+00:00', '--job-id', '121', '--raw', '--subdir', 'DAGS_FOLDER/sql_pipeline.py', '--cfg-path', '/tmp/tmp5wiyw2k2']
[2025-11-28T15:01:37.848+0300] {standard_task_runner.py:83} INFO - Job 121: Subtask create_table
[2025-11-28T15:01:37.943+0300] {task_command.py:389} INFO - Running <TaskInstance: sql_pipeline.create_table manual__2025-11-28T12:01:34.246528+00:00 [running]> on host DESKTOP-P0U82UP.
[2025-11-28T15:01:38.036+0300] {taskinstance.py:1518} INFO - Exporting the following env vars:
AIRFLOW_CTX_DAG_OWNER=pker
AIRFLOW_CTX_DAG_ID=sql_pipeline
AIRFLOW_CTX_TASK_ID=create_table
AIRFLOW_CTX_EXECUTION_DATE=2025-11-28T12:01:34.246528+00:00
AIRFLOW_CTX_TRY_NUMBER=1
AIRFLOW_CTX_DAG_RUN_ID=manual__2025-11-28T12:01:34.246528+00:00
[2025-11-28T15:01:38.037+0300] {sql.py:254} INFO - Executing: 
        CREATE TABLE IF NOT EXISTS users (
            id INTEGER PRIMARY KEY,
            name VARCHAR(50) NOT NULL,
            age INTEGER NOT NULL,
            city VARCHAR(50),
            is_active BOOLEAN DEFAULT true,
            created_at TIMESTAMP DEFAULT CURRENT_TIMESTAMP
        );
    
[2025-11-28T15:01:38.042+0300] {base.py:73} INFO - Using connection ID 'my_sqlite_conn' for task execution.
[2025-11-28T15:01:38.125+0300] {base.py:73} INFO - Using connection ID 'my_sqlite_conn' for task execution.
[2025-11-28T15:01:38.125+0300] {sql.py:375} INFO - Running statement: 
        CREATE TABLE IF NOT EXISTS users (
            id INTEGER PRIMARY KEY,
            name VARCHAR(50) NOT NULL,
            age INTEGER NOT NULL,
            city VARCHAR(50),
            is_active BOOLEAN DEFAULT true,
            created_at TIMESTAMP DEFAULT CURRENT_TIMESTAMP
        );
    , parameters: None
[2025-11-28T15:01:38.132+0300] {taskinstance.py:1332} INFO - Marking task as SUCCESS. dag_id=sql_pipeline, task_id=create_table, execution_date=20251128T120134, start_date=20251128T120137, end_date=20251128T120138
[2025-11-28T15:01:38.204+0300] {local_task_job.py:212} INFO - Task exited with return code 0
[2025-11-28T15:01:38.247+0300] {taskinstance.py:2596} INFO - 2 downstream tasks scheduled from follow-on schedule check
