[2025-11-28T16:30:09.802+0300] {taskinstance.py:1090} INFO - Dependencies all met for dep_context=non-requeueable deps ti=<TaskInstance: branching_dag.has_driving_license manual__2025-11-28T13:30:06.227074+00:00 [queued]>
[2025-11-28T16:30:09.811+0300] {taskinstance.py:1090} INFO - Dependencies all met for dep_context=requeueable deps ti=<TaskInstance: branching_dag.has_driving_license manual__2025-11-28T13:30:06.227074+00:00 [queued]>
[2025-11-28T16:30:09.811+0300] {taskinstance.py:1288} INFO - 
--------------------------------------------------------------------------------
[2025-11-28T16:30:09.811+0300] {taskinstance.py:1289} INFO - Starting attempt 1 of 1
[2025-11-28T16:30:09.811+0300] {taskinstance.py:1290} INFO - 
--------------------------------------------------------------------------------
[2025-11-28T16:30:09.832+0300] {taskinstance.py:1309} INFO - Executing <Task(PythonOperator): has_driving_license> on 2025-11-28 13:30:06.227074+00:00
[2025-11-28T16:30:09.837+0300] {standard_task_runner.py:55} INFO - Started process 546531 to run task
[2025-11-28T16:30:09.841+0300] {standard_task_runner.py:82} INFO - Running: ['airflow', 'tasks', 'run', 'branching_dag', 'has_driving_license', 'manual__2025-11-28T13:30:06.227074+00:00', '--job-id', '129', '--raw', '--subdir', 'DAGS_FOLDER/branching_dag.py', '--cfg-path', '/tmp/tmpjeb1x3_r']
[2025-11-28T16:30:09.843+0300] {standard_task_runner.py:83} INFO - Job 129: Subtask has_driving_license
[2025-11-28T16:30:09.907+0300] {task_command.py:389} INFO - Running <TaskInstance: branching_dag.has_driving_license manual__2025-11-28T13:30:06.227074+00:00 [running]> on host DESKTOP-P0U82UP.
[2025-11-28T16:30:10.010+0300] {taskinstance.py:1518} INFO - Exporting the following env vars:
AIRFLOW_CTX_DAG_OWNER=pker
AIRFLOW_CTX_DAG_ID=branching_dag
AIRFLOW_CTX_TASK_ID=has_driving_license
AIRFLOW_CTX_EXECUTION_DATE=2025-11-28T13:30:06.227074+00:00
AIRFLOW_CTX_TRY_NUMBER=1
AIRFLOW_CTX_DAG_RUN_ID=manual__2025-11-28T13:30:06.227074+00:00
[2025-11-28T16:30:10.011+0300] {python.py:177} INFO - Done. Returned value was: True
[2025-11-28T16:30:10.035+0300] {taskinstance.py:1332} INFO - Marking task as SUCCESS. dag_id=branching_dag, task_id=has_driving_license, execution_date=20251128T133006, start_date=20251128T133009, end_date=20251128T133010
[2025-11-28T16:30:10.070+0300] {local_task_job.py:212} INFO - Task exited with return code 0
[2025-11-28T16:30:10.123+0300] {taskinstance.py:2596} INFO - 1 downstream tasks scheduled from follow-on schedule check
