[2025-11-28T14:59:07.386+0300] {taskinstance.py:1090} INFO - Dependencies all met for dep_context=non-requeueable deps ti=<TaskInstance: sql_pipeline.update_values manual__2025-11-28T11:58:52.247870+00:00 [queued]>
[2025-11-28T14:59:07.396+0300] {taskinstance.py:1090} INFO - Dependencies all met for dep_context=requeueable deps ti=<TaskInstance: sql_pipeline.update_values manual__2025-11-28T11:58:52.247870+00:00 [queued]>
[2025-11-28T14:59:07.396+0300] {taskinstance.py:1288} INFO - 
--------------------------------------------------------------------------------
[2025-11-28T14:59:07.396+0300] {taskinstance.py:1289} INFO - Starting attempt 1 of 1
[2025-11-28T14:59:07.397+0300] {taskinstance.py:1290} INFO - 
--------------------------------------------------------------------------------
[2025-11-28T14:59:07.415+0300] {taskinstance.py:1309} INFO - Executing <Task(SqliteOperator): update_values> on 2025-11-28 11:58:52.247870+00:00
[2025-11-28T14:59:07.419+0300] {standard_task_runner.py:55} INFO - Started process 494797 to run task
[2025-11-28T14:59:07.423+0300] {standard_task_runner.py:82} INFO - Running: ['airflow', 'tasks', 'run', 'sql_pipeline', 'update_values', 'manual__2025-11-28T11:58:52.247870+00:00', '--job-id', '119', '--raw', '--subdir', 'DAGS_FOLDER/sql_pipeline.py', '--cfg-path', '/tmp/tmpyc_z76__']
[2025-11-28T14:59:07.425+0300] {standard_task_runner.py:83} INFO - Job 119: Subtask update_values
[2025-11-28T14:59:07.501+0300] {task_command.py:389} INFO - Running <TaskInstance: sql_pipeline.update_values manual__2025-11-28T11:58:52.247870+00:00 [running]> on host DESKTOP-P0U82UP.
[2025-11-28T14:59:07.597+0300] {taskinstance.py:1518} INFO - Exporting the following env vars:
AIRFLOW_CTX_DAG_OWNER=pker
AIRFLOW_CTX_DAG_ID=sql_pipeline
AIRFLOW_CTX_TASK_ID=update_values
AIRFLOW_CTX_EXECUTION_DATE=2025-11-28T11:58:52.247870+00:00
AIRFLOW_CTX_TRY_NUMBER=1
AIRFLOW_CTX_DAG_RUN_ID=manual__2025-11-28T11:58:52.247870+00:00
[2025-11-28T14:59:07.597+0300] {sql.py:254} INFO - Executing: 
        UPDATE users SET city = 'New York';
        
[2025-11-28T14:59:07.608+0300] {base.py:73} INFO - Using connection ID 'my_sqlite_conn' for task execution.
[2025-11-28T14:59:07.727+0300] {base.py:73} INFO - Using connection ID 'my_sqlite_conn' for task execution.
[2025-11-28T14:59:07.727+0300] {sql.py:375} INFO - Running statement: 
        UPDATE users SET city = 'New York';
        , parameters: None
[2025-11-28T14:59:07.728+0300] {sql.py:384} INFO - Rows affected: 7
[2025-11-28T14:59:07.763+0300] {taskinstance.py:1332} INFO - Marking task as SUCCESS. dag_id=sql_pipeline, task_id=update_values, execution_date=20251128T115852, start_date=20251128T115907, end_date=20251128T115907
[2025-11-28T14:59:07.823+0300] {local_task_job.py:212} INFO - Task exited with return code 0
[2025-11-28T14:59:07.847+0300] {taskinstance.py:2596} INFO - 1 downstream tasks scheduled from follow-on schedule check
