[2025-11-21T12:28:25.629+0300] {taskinstance.py:1090} INFO - Dependencies all met for dep_context=non-requeueable deps ti=<TaskInstance: hello_world.hello_world_task manual__2025-11-21T09:28:22.893934+00:00 [queued]>
[2025-11-21T12:28:25.643+0300] {taskinstance.py:1090} INFO - Dependencies all met for dep_context=requeueable deps ti=<TaskInstance: hello_world.hello_world_task manual__2025-11-21T09:28:22.893934+00:00 [queued]>
[2025-11-21T12:28:25.643+0300] {taskinstance.py:1288} INFO - 
--------------------------------------------------------------------------------
[2025-11-21T12:28:25.643+0300] {taskinstance.py:1289} INFO - Starting attempt 1 of 1
[2025-11-21T12:28:25.643+0300] {taskinstance.py:1290} INFO - 
--------------------------------------------------------------------------------
[2025-11-21T12:28:25.677+0300] {taskinstance.py:1309} INFO - Executing <Task(BashOperator): hello_world_task> on 2025-11-21 09:28:22.893934+00:00
[2025-11-21T12:28:25.682+0300] {standard_task_runner.py:55} INFO - Started process 34133 to run task
[2025-11-21T12:28:25.691+0300] {standard_task_runner.py:82} INFO - Running: ['airflow', 'tasks', 'run', 'hello_world', 'hello_world_task', 'manual__2025-11-21T09:28:22.893934+00:00', '--job-id', '10', '--raw', '--subdir', 'DAGS_FOLDER/weather_dag.py', '--cfg-path', '/tmp/tmpty97majv']
[2025-11-21T12:28:25.694+0300] {standard_task_runner.py:83} INFO - Job 10: Subtask hello_world_task
[2025-11-21T12:28:25.790+0300] {task_command.py:389} INFO - Running <TaskInstance: hello_world.hello_world_task manual__2025-11-21T09:28:22.893934+00:00 [running]> on host DESKTOP-P0U82UP.
[2025-11-21T12:28:25.872+0300] {taskinstance.py:1518} INFO - Exporting the following env vars:
AIRFLOW_CTX_DAG_OWNER=pker
AIRFLOW_CTX_DAG_ID=hello_world
AIRFLOW_CTX_TASK_ID=hello_world_task
AIRFLOW_CTX_EXECUTION_DATE=2025-11-21T09:28:22.893934+00:00
AIRFLOW_CTX_TRY_NUMBER=1
AIRFLOW_CTX_DAG_RUN_ID=manual__2025-11-21T09:28:22.893934+00:00
[2025-11-21T12:28:25.873+0300] {subprocess.py:63} INFO - Tmp dir root location: 
 /tmp
[2025-11-21T12:28:25.874+0300] {subprocess.py:75} INFO - Running command: ['/usr/bin/bash', '-c', 'echo Hello World once again']
[2025-11-21T12:28:25.882+0300] {subprocess.py:86} INFO - Output:
[2025-11-21T12:28:25.884+0300] {subprocess.py:93} INFO - Hello World once again
[2025-11-21T12:28:25.885+0300] {subprocess.py:97} INFO - Command exited with return code 0
[2025-11-21T12:28:25.912+0300] {taskinstance.py:1332} INFO - Marking task as SUCCESS. dag_id=hello_world, task_id=hello_world_task, execution_date=20251121T092822, start_date=20251121T092825, end_date=20251121T092825
[2025-11-21T12:28:25.954+0300] {local_task_job.py:212} INFO - Task exited with return code 0
[2025-11-21T12:28:24.580+0300] {taskinstance.py:2596} INFO - 0 downstream tasks scheduled from follow-on schedule check
